# lattice-scale --inv-acoustic-scale=12 "ark:gunzip -c exp/tri1/decode/lat.*.gz|" ark:- | lattice-add-penalty --word-ins-penalty=1.0 ark:- ark:- | lattice-best-path --word-symbol-table=exp/tri1/graph/words.txt ark:- ark,t:- | utils/int2sym.pl -f 2- exp/tri1/graph/words.txt | cat > exp/tri1/decode/scoring_kaldi/penalty_1.0/12.txt 
# Started at Thu Oct 29 18:11:58 UTC 2020
#
lattice-best-path --word-symbol-table=exp/tri1/graph/words.txt ark:- ark,t:- 
lattice-add-penalty --word-ins-penalty=1.0 ark:- ark:- 
lattice-scale --inv-acoustic-scale=12 'ark:gunzip -c exp/tri1/decode/lat.*.gz|' ark:- 
LOG (lattice-best-path[5.5.0~1494-e5a5]:main():lattice-best-path.cc:99) For utterance uid41, best cost 73.0023 + 7392.49 = 7465.49 over 1262 frames.
uid41 กบ ไก่ กา กบ ไก่ กา ไก่ กระต่าย ไก่ 
LOG (lattice-best-path[5.5.0~1494-e5a5]:main():lattice-best-path.cc:99) For utterance uid42, best cost 70.823 + 7600.15 = 7670.97 over 1268 frames.
uid42 กบ ไก่ กา กบ ไก่ กา ไก่ กระต่าย กา 
LOG (lattice-best-path[5.5.0~1494-e5a5]:main():lattice-best-path.cc:99) For utterance uid43, best cost 82.4067 + 7657.36 = 7739.77 over 1312 frames.
uid43 กบ ไก่ กา กบ ไก่ กา ไก่ กระต่าย กา ไก่ 
LOG (lattice-best-path[5.5.0~1494-e5a5]:main():lattice-best-path.cc:99) For utterance uid44, best cost 92.2531 + 7580.66 = 7672.91 over 1256 frames.
uid44 กบ ไก่ กา กบ กบ กา ไก่ กบ กระต่าย ไก่ 
LOG (lattice-best-path[5.5.0~1494-e5a5]:main():lattice-best-path.cc:99) For utterance uid45, best cost 103.089 + 8364.2 = 8467.29 over 1308 frames.
uid45 กบ กบ กบ กา ไก่ กา กบ กระต่าย กา ไก่ กระต่าย กา กบ 
LOG (lattice-best-path[5.5.0~1494-e5a5]:main():lattice-best-path.cc:99) For utterance uid46, best cost 86.8921 + 7303.75 = 7390.65 over 1165 frames.
uid46 กบ กา ไก่ ไก่ ไก่ ไก่ กา ไก่ ไก่ กา กระต่าย 
LOG (lattice-best-path[5.5.0~1494-e5a5]:main():lattice-best-path.cc:99) For utterance uid47, best cost 104.335 + 8068.64 = 8172.97 over 1310 frames.
uid47 กา กบ กบ ไก่ กา กบ กา ไก่ กา ไก่ กบ ไก่ กระต่าย ไก่ 
LOG (lattice-best-path[5.5.0~1494-e5a5]:main():lattice-best-path.cc:99) For utterance uid48, best cost 88.0729 + 7604.95 = 7693.02 over 1253 frames.
uid48 กบ กบ ไก่ กา ไก่ กบ ไก่ กา ไก่ ไก่ กา กระต่าย 
LOG (lattice-best-path[5.5.0~1494-e5a5]:main():lattice-best-path.cc:99) For utterance uid49, best cost 92.0212 + 7805.99 = 7898.01 over 1303 frames.
uid49 กบ ไก่ ไก่ กา กบ ไก่ ไก่ กา กระต่าย ไก่ กา กระต่าย 
LOG (lattice-scale[5.5.0~1494-e5a5]:main():lattice-scale.cc:107) Done 16 lattices.
LOG (lattice-best-path[5.5.0~1494-e5a5]:main():lattice-best-path.cc:99) For utterance uid50, best cost 82.1719 + 7357.57 = 7439.74 over 1214 frames.
uid50 กบ กา ไก่ กา กบ กระต่าย กบ กา ไก่ กา กา 
LOG (lattice-best-path[5.5.0~1494-e5a5]:main():lattice-best-path.cc:99) For utterance uid51, best cost 15.4003 + 2649.71 = 2665.11 over 316 frames.
uid51 กบ 
LOG (lattice-best-path[5.5.0~1494-e5a5]:main():lattice-best-path.cc:99) For utterance uid52, best cost 21.3631 + 2145.98 = 2167.35 over 269 frames.
uid52 กบ กบ 
LOG (lattice-best-path[5.5.0~1494-e5a5]:main():lattice-best-path.cc:99) For utterance uid53, best cost 17.8844 + 1457.84 = 1475.72 over 201 frames.
uid53 กบ 
LOG (lattice-best-path[5.5.0~1494-e5a5]:main():lattice-best-path.cc:99) For utterance uid54, best cost 21.9635 + 1579.9 = 1601.86 over 237 frames.
LOG (lattice-add-penalty[5.5.0~1494-e5a5]:main():lattice-add-penalty.cc:62) Done adding word insertion penalty to 16 lattices.
uid54 กา ไก่ กา 
LOG (lattice-best-path[5.5.0~1494-e5a5]:main():lattice-best-path.cc:99) For utterance uid55, best cost 21.3984 + 2053.17 = 2074.57 over 313 frames.
uid55 กบ กา 
LOG (lattice-best-path[5.5.0~1494-e5a5]:main():lattice-best-path.cc:99) For utterance uid56, best cost 23.0492 + 2019.15 = 2042.2 over 297 frames.
uid56 กบ กา กระต่าย 
LOG (lattice-best-path[5.5.0~1494-e5a5]:main():lattice-best-path.cc:124) Overall cost per frame is 6.27539 = 0.0697372 [graph] + 6.20565 [acoustic] over 14284 frames.
LOG (lattice-best-path[5.5.0~1494-e5a5]:main():lattice-best-path.cc:128) Done 16 lattices, failed for 0
# Accounting: time=0 threads=1
# Ended (code 0) at Thu Oct 29 18:11:58 UTC 2020, elapsed time 0 seconds
