# lattice-scale --inv-acoustic-scale=12 "ark:gunzip -c exp/mono/decode/lat.*.gz|" ark:- | lattice-add-penalty --word-ins-penalty=1.0 ark:- ark:- | lattice-best-path --word-symbol-table=exp/mono/graph//words.txt ark:- ark,t:- | utils/int2sym.pl -f 2- exp/mono/graph//words.txt | local/wer_hyp_filter > exp/mono/decode/scoring_kaldi/penalty_1.0/12.txt 
# Started at Sun May  2 17:06:30 UTC 2021
#
lattice-best-path --word-symbol-table=exp/mono/graph//words.txt ark:- ark,t:- 
lattice-scale --inv-acoustic-scale=12 'ark:gunzip -c exp/mono/decode/lat.*.gz|' ark:- 
lattice-add-penalty --word-ins-penalty=1.0 ark:- ark:- 
LOG (lattice-best-path[5.5.0~1494-e5a5]:main():lattice-best-path.cc:99) For utterance M0000000085_0000, best cost 23.0433 + 1109 = 1132.04 over 127 frames.
M0000000085_0000 ก่อน ที่ 
LOG (lattice-best-path[5.5.0~1494-e5a5]:main():lattice-best-path.cc:99) For utterance M0000000085_0001, best cost 53.9868 + 1975.16 = 2029.15 over 233 frames.
M0000000085_0001 ควร ซิงโครนัส อนึ่ง การ 
LOG (lattice-best-path[5.5.0~1494-e5a5]:main():lattice-best-path.cc:99) For utterance M0000000085_0002, best cost 41.3506 + 1856.41 = 1897.76 over 224 frames.
M0000000085_0002 เออออ ไป ใช้งาน การ 
LOG (lattice-best-path[5.5.0~1494-e5a5]:main():lattice-best-path.cc:99) For utterance M0000000085_0003, best cost 54.6262 + 1809.92 = 1864.55 over 212 frames.
M0000000085_0003 ทรง ต่ำ คลินิก ตรึง 
LOG (lattice-best-path[5.5.0~1494-e5a5]:main():lattice-best-path.cc:99) For utterance M0000000085_0004, best cost 38.9156 + 1481.25 = 1520.17 over 179 frames.
M0000000085_0004 ของ ร่างกาย อาจารย์ 
LOG (lattice-best-path[5.5.0~1494-e5a5]:main():lattice-best-path.cc:99) For utterance M0000000085_0005, best cost 48.3261 + 1669.1 = 1717.43 over 198 frames.
M0000000085_0005 เออออ ไป ไซ หู การ 
LOG (lattice-best-path[5.5.0~1494-e5a5]:main():lattice-best-path.cc:99) For utterance M0000000085_0006, best cost 27.4882 + 1186.07 = 1213.56 over 140 frames.
M0000000085_0006 คง หลงลืม 
LOG (lattice-best-path[5.5.0~1494-e5a5]:main():lattice-best-path.cc:99) For utterance M0000000085_0007, best cost 30.019 + 1368.86 = 1398.88 over 165 frames.
M0000000085_0007 บางครั้ง อร่ามเหลือง 
LOG (lattice-best-path[5.5.0~1494-e5a5]:main():lattice-best-path.cc:99) For utterance M0000000085_0008, best cost 51.5759 + 1778.96 = 1830.54 over 218 frames.
M0000000085_0008 นำเอา หนึ่ง นั้น ทั้งสอง 
LOG (lattice-best-path[5.5.0~1494-e5a5]:main():lattice-best-path.cc:99) For utterance M0000000085_0009, best cost 37.8871 + 1415.73 = 1453.61 over 174 frames.
M0000000085_0009 ข้อ นั้น เช่นกัน 
LOG (lattice-best-path[5.5.0~1494-e5a5]:main():lattice-best-path.cc:99) For utterance M0000000085_0010, best cost 30.7728 + 1131.69 = 1162.46 over 135 frames.
M0000000085_0010 ขั้วโลก น้อย 
LOG (lattice-best-path[5.5.0~1494-e5a5]:main():lattice-best-path.cc:99) For utterance M0000000085_0011, best cost 27.7865 + 1243.91 = 1271.7 over 153 frames.
M0000000085_0011 มาก องศา 
LOG (lattice-best-path[5.5.0~1494-e5a5]:main():lattice-best-path.cc:99) For utterance M0000000085_0012, best cost 36.5105 + 1465.86 = 1502.37 over 176 frames.
M0000000085_0012 สาร ตกค้าง เครื่อง 
LOG (lattice-best-path[5.5.0~1494-e5a5]:main():lattice-best-path.cc:99) For utterance M0000000085_0013, best cost 62.7622 + 2203.59 = 2266.35 over 261 frames.
M0000000085_0013 ต้อง สิ่ง ที่ สอง รวมถึง 
LOG (lattice-best-path[5.5.0~1494-e5a5]:main():lattice-best-path.cc:99) For utterance M0000000085_0014, best cost 33.4227 + 1360.98 = 1394.4 over 162 frames.
M0000000085_0014 ของ ตนเอง ที่ 
LOG (lattice-best-path[5.5.0~1494-e5a5]:main():lattice-best-path.cc:99) For utterance M0000000085_0015, best cost 35.7696 + 1277.36 = 1313.13 over 153 frames.
M0000000085_0015 ข้อ นั้น ดำเนินงาน 
LOG (lattice-best-path[5.5.0~1494-e5a5]:main():lattice-best-path.cc:99) For utterance M0000000085_0016, best cost 45.416 + 1560.72 = 1606.14 over 183 frames.
M0000000085_0016 ข้อ นั้น ดิจิตอล หนัก 
LOG (lattice-best-path[5.5.0~1494-e5a5]:main():lattice-best-path.cc:99) For utterance M0000000085_0017, best cost 45.2384 + 1512.86 = 1558.1 over 189 frames.
M0000000085_0017 ข้อ นั้น ได้แก่ นา 
LOG (lattice-best-path[5.5.0~1494-e5a5]:main():lattice-best-path.cc:99) For utterance M0000000085_0018, best cost 40.7919 + 1287.42 = 1328.21 over 150 frames.
M0000000085_0018 ของ ผลิต สมอง 
LOG (lattice-best-path[5.5.0~1494-e5a5]:main():lattice-best-path.cc:99) For utterance M0000000085_0019, best cost 40.5001 + 1625.83 = 1666.33 over 197 frames.
M0000000085_0019 แคระแกร็น โต๊ะงาน ใน 
LOG (lattice-best-path[5.5.0~1494-e5a5]:main():lattice-best-path.cc:99) For utterance M0000000085_0020, best cost 30.2435 + 1313.4 = 1343.64 over 162 frames.
M0000000085_0020 รุ่งอรุณ ใน 
LOG (lattice-best-path[5.5.0~1494-e5a5]:main():lattice-best-path.cc:99) For utterance M0000000085_0021, best cost 23.4742 + 1297.37 = 1320.84 over 165 frames.
M0000000085_0021 ตัดสินใจ 
LOG (lattice-best-path[5.5.0~1494-e5a5]:main():lattice-best-path.cc:99) For utterance M0000000085_0022, best cost 30.1022 + 1189.25 = 1219.35 over 143 frames.
M0000000085_0022 จึง ได้ และ 
LOG (lattice-best-path[5.5.0~1494-e5a5]:main():lattice-best-path.cc:99) For utterance M0000000085_0023, best cost 58.167 + 1757.38 = 1815.55 over 216 frames.
M0000000085_0023 อาหาร อ้วน มั่นคง ภายใน 
LOG (lattice-best-path[5.5.0~1494-e5a5]:main():lattice-best-path.cc:99) For utterance M0000000085_0024, best cost 37.424 + 1103.2 = 1140.62 over 129 frames.
M0000000085_0024 ของ เครื่อง ลง น้อย 
LOG (lattice-best-path[5.5.0~1494-e5a5]:main():lattice-best-path.cc:99) For utterance M0000000085_0025, best cost 21.1172 + 992.513 = 1013.63 over 119 frames.
M0000000085_0025 กฤษณพงศ์ 
LOG (lattice-best-path[5.5.0~1494-e5a5]:main():lattice-best-path.cc:99) For utterance M0000000085_0026, best cost 34.7497 + 1614.75 = 1649.5 over 188 frames.
M0000000085_0026 มี ที่ ไม่ 
LOG (lattice-best-path[5.5.0~1494-e5a5]:main():lattice-best-path.cc:99) For utterance M0000000085_0027, best cost 48.2593 + 1918.02 = 1966.28 over 227 frames.
M0000000085_0027 อักษร หรือ ขโมย จาก 
LOG (lattice-best-path[5.5.0~1494-e5a5]:main():lattice-best-path.cc:99) For utterance M0000000085_0028, best cost 44.2795 + 1575.75 = 1620.03 over 188 frames.
M0000000085_0028 ข้อ นั้น จึง กำลัง 
LOG (lattice-best-path[5.5.0~1494-e5a5]:main():lattice-best-path.cc:99) For utterance M0000000085_0029, best cost 29.0169 + 1236.7 = 1265.71 over 153 frames.
M0000000085_0029 จะ สัตว์เลี้ยง 
LOG (lattice-best-path[5.5.0~1494-e5a5]:main():lattice-best-path.cc:99) For utterance M0000000085_0030, best cost 39.8678 + 1325.92 = 1365.79 over 167 frames.
M0000000085_0030 โผล่ เป็น บางๆ 
LOG (lattice-best-path[5.5.0~1494-e5a5]:main():lattice-best-path.cc:99) For utterance M0000000085_0031, best cost 39.6203 + 1424.89 = 1464.51 over 171 frames.
M0000000085_0031 อาหาร จะ น้อยลง 
LOG (lattice-best-path[5.5.0~1494-e5a5]:main():lattice-best-path.cc:99) For utterance M0000000085_0032, best cost 26.5961 + 1389.39 = 1415.99 over 171 frames.
M0000000085_0032 โต๊ะงาน ใน 
LOG (lattice-best-path[5.5.0~1494-e5a5]:main():lattice-best-path.cc:99) For utterance M0000000085_0033, best cost 22.7317 + 1037.96 = 1060.69 over 126 frames.
M0000000085_0033 ไม่ 
LOG (lattice-best-path[5.5.0~1494-e5a5]:main():lattice-best-path.cc:99) For utterance M0000000085_0034, best cost 28.7093 + 1184.16 = 1212.87 over 150 frames.
M0000000085_0034 โลก ปานกลาง 
LOG (lattice-best-path[5.5.0~1494-e5a5]:main():lattice-best-path.cc:99) For utterance M0000000085_0035, best cost 14.3029 + 1103.65 = 1117.95 over 135 frames.
M0000000085_0035 แล้ว 
LOG (lattice-best-path[5.5.0~1494-e5a5]:main():lattice-best-path.cc:99) For utterance M0000000085_0036, best cost 38.8045 + 1460.71 = 1499.52 over 179 frames.
M0000000085_0036 ของ เปลี่ยนเป็น ลง 
LOG (lattice-best-path[5.5.0~1494-e5a5]:main():lattice-best-path.cc:99) For utterance M0000000085_0037, best cost 27.4307 + 1189.68 = 1217.11 over 147 frames.
M0000000085_0037 เรา ฯลฯ 
LOG (lattice-best-path[5.5.0~1494-e5a5]:main():lattice-best-path.cc:99) For utterance M0000000085_0038, best cost 30.9773 + 1237.26 = 1268.23 over 150 frames.
M0000000085_0038 ปลุกเร้า ลง 
LOG (lattice-best-path[5.5.0~1494-e5a5]:main():lattice-best-path.cc:99) For utterance M0000000085_0039, best cost 28.9036 + 1479.81 = 1508.72 over 177 frames.
M0000000085_0039 ได้ อุปมาน 
LOG (lattice-best-path[5.5.0~1494-e5a5]:main():lattice-best-path.cc:99) For utterance M0000000085_0040, best cost 27.7682 + 1317.77 = 1345.54 over 156 frames.
M0000000085_0040 ดร. ต่อไป 
LOG (lattice-best-path[5.5.0~1494-e5a5]:main():lattice-best-path.cc:99) For utterance M0000000085_0041, best cost 49.4189 + 1735.28 = 1784.7 over 209 frames.
M0000000085_0041 อุดอู้ นั้น ออก เคลื่อนไหว 
LOG (lattice-best-path[5.5.0~1494-e5a5]:main():lattice-best-path.cc:99) For utterance M0000000085_0042, best cost 22.7642 + 1373.58 = 1396.34 over 162 frames.
M0000000085_0042 ระยะ 
LOG (lattice-best-path[5.5.0~1494-e5a5]:main():lattice-best-path.cc:99) For utterance M0000000085_0043, best cost 38.6381 + 1171.91 = 1210.55 over 146 frames.
M0000000085_0043 ชั้น ระหว่าง ไม่ 
LOG (lattice-best-path[5.5.0~1494-e5a5]:main():lattice-best-path.cc:99) For utterance M0000000085_0044, best cost 28.9461 + 1171.19 = 1200.14 over 146 frames.
M0000000085_0044 ติดตั้ง ด้วย 
LOG (lattice-best-path[5.5.0~1494-e5a5]:main():lattice-best-path.cc:99) For utterance M0000000085_0045, best cost 34.8882 + 1578.13 = 1613.02 over 183 frames.
M0000000085_0045 และ บันทึก วิจัย 
LOG (lattice-best-path[5.5.0~1494-e5a5]:main():lattice-best-path.cc:99) For utterance M0000000085_0046, best cost 21.6389 + 1195.97 = 1217.61 over 144 frames.
M0000000085_0046 อธิบาย 
LOG (lattice-best-path[5.5.0~1494-e5a5]:main():lattice-best-path.cc:99) For utterance M0000000085_0047, best cost 35.0245 + 1354.12 = 1389.15 over 159 frames.
M0000000085_0047 แสดง จัด กระดาษ 
LOG (lattice-best-path[5.5.0~1494-e5a5]:main():lattice-best-path.cc:99) For utterance M0000000085_0048, best cost 36.5326 + 1569.08 = 1605.61 over 186 frames.
M0000000085_0048 มี ดร. ฉลามลาย 
LOG (lattice-best-path[5.5.0~1494-e5a5]:main():lattice-best-path.cc:99) For utterance M0000000085_0049, best cost 31.1174 + 1102.83 = 1133.95 over 137 frames.
M0000000085_0049 ไม่ ละเลย 
LOG (lattice-best-path[5.5.0~1494-e5a5]:main():lattice-best-path.cc:99) For utterance M0000000085_0050, best cost 25.534 + 1156.83 = 1182.37 over 143 frames.
M0000000085_0050 ระยะ มาก 
LOG (lattice-best-path[5.5.0~1494-e5a5]:main():lattice-best-path.cc:99) For utterance M0000000085_0051, best cost 34.1946 + 1201.97 = 1236.16 over 144 frames.
M0000000085_0051 ประจำวัน เช้า 
LOG (lattice-best-path[5.5.0~1494-e5a5]:main():lattice-best-path.cc:99) For utterance M0000000085_0052, best cost 35.2365 + 1276.75 = 1311.98 over 149 frames.
M0000000085_0052 เผ็ดร้อน บ่อยครั้ง 
LOG (lattice-best-path[5.5.0~1494-e5a5]:main():lattice-best-path.cc:99) For utterance M0000000085_0053, best cost 43.3836 + 1440.39 = 1483.78 over 173 frames.
M0000000085_0053 วันนี้ น้อย มาก นัก 
LOG (lattice-best-path[5.5.0~1494-e5a5]:main():lattice-best-path.cc:99) For utterance M0000000085_0054, best cost 22.004 + 1071.7 = 1093.71 over 131 frames.
M0000000085_0054 อิเล็กตรอน 
LOG (lattice-best-path[5.5.0~1494-e5a5]:main():lattice-best-path.cc:99) For utterance M0000000085_0055, best cost 29.4597 + 1126.17 = 1155.62 over 141 frames.
M0000000085_0055 ระงับ ว่องไว 
LOG (lattice-best-path[5.5.0~1494-e5a5]:main():lattice-best-path.cc:99) For utterance M0000000085_0056, best cost 60.6225 + 1987.8 = 2048.42 over 237 frames.
M0000000085_0056 จึง เครื่อง ได้ และ คล้ายคลึง อย่างไร 
LOG (lattice-best-path[5.5.0~1494-e5a5]:main():lattice-best-path.cc:99) For utterance M0000000085_0057, best cost 32.9928 + 1099.16 = 1132.15 over 134 frames.
M0000000085_0057 ไม่ ต้อง ลง 
LOG (lattice-best-path[5.5.0~1494-e5a5]:main():lattice-best-path.cc:99) For utterance M0000000085_0058, best cost 29.6381 + 1246.93 = 1276.57 over 156 frames.
M0000000085_0058 หลังจากนั้น ไม่ 
LOG (lattice-best-path[5.5.0~1494-e5a5]:main():lattice-best-path.cc:99) For utterance M0000000085_0059, best cost 38.1799 + 1649.34 = 1687.52 over 192 frames.
M0000000085_0059 ของ รูเจาะ ใกล้ 
LOG (lattice-best-path[5.5.0~1494-e5a5]:main():lattice-best-path.cc:99) For utterance M0000000085_0060, best cost 40.515 + 1580.25 = 1620.77 over 186 frames.
M0000000085_0060 ตำแหน่ง มากมาย 
LOG (lattice-best-path[5.5.0~1494-e5a5]:main():lattice-best-path.cc:99) For utterance M0000000085_0061, best cost 35.9486 + 1355.53 = 1391.48 over 164 frames.
M0000000085_0061 กลไก หรือ ฟาก 
LOG (lattice-best-path[5.5.0~1494-e5a5]:main():lattice-best-path.cc:99) For utterance M0000000085_0062, best cost 31.2836 + 1183.17 = 1214.45 over 144 frames.
M0000000085_0062 มี ร้องเพลง ได้ 
LOG (lattice-best-path[5.5.0~1494-e5a5]:main():lattice-best-path.cc:99) For utterance M0000000085_0063, best cost 46.3645 + 1280.07 = 1326.43 over 155 frames.
M0000000085_0063 เหม็น เหล่านี้ ร้อน ใน 
LOG (lattice-best-path[5.5.0~1494-e5a5]:main():lattice-best-path.cc:99) For utterance M0000000085_0064, best cost 28.1807 + 1328.78 = 1356.96 over 161 frames.
M0000000085_0064 ส่วน ต่างๆ อีก 
LOG (lattice-best-path[5.5.0~1494-e5a5]:main():lattice-best-path.cc:99) For utterance M0000000085_0065, best cost 43.8837 + 1362.75 = 1406.64 over 164 frames.
M0000000085_0065 คติ โชคลาง น้อย 
LOG (lattice-best-path[5.5.0~1494-e5a5]:main():lattice-best-path.cc:99) For utterance M0000000085_0066, best cost 30.8056 + 1231.07 = 1261.88 over 144 frames.
M0000000085_0066 ระยะ ลูกฟัก 
LOG (lattice-best-path[5.5.0~1494-e5a5]:main():lattice-best-path.cc:99) For utterance M0000000085_0067, best cost 34.1008 + 1297.1 = 1331.2 over 161 frames.
M0000000085_0067 ขมิ้น อนึ่ง 
LOG (lattice-best-path[5.5.0~1494-e5a5]:main():lattice-best-path.cc:99) For utterance M0000000085_0068, best cost 41.8821 + 1532.56 = 1574.45 over 185 frames.
M0000000085_0068 ควร จันทัน ต้องการ 
LOG (lattice-best-path[5.5.0~1494-e5a5]:main():lattice-best-path.cc:99) For utterance M0000000085_0069, best cost 27.1505 + 1320.65 = 1347.8 over 164 frames.
M0000000085_0069 มี อย่างไร 
LOG (lattice-best-path[5.5.0~1494-e5a5]:main():lattice-best-path.cc:99) For utterance M0000000085_0070, best cost 36.0444 + 1338.77 = 1374.82 over 162 frames.
M0000000085_0070 ควร ไม่ รังสี 
LOG (lattice-best-path[5.5.0~1494-e5a5]:main():lattice-best-path.cc:99) For utterance M0000000085_0071, best cost 38.1394 + 1434.03 = 1472.17 over 164 frames.
M0000000085_0071 เหล่านี้ มี ผู้วิจัย 
LOG (lattice-best-path[5.5.0~1494-e5a5]:main():lattice-best-path.cc:99) For utterance M0000000085_0072, best cost 59.9146 + 1624.51 = 1684.42 over 191 frames.
M0000000085_0072 คง กิ่งไม้ กิน ด้วย ไม้ 
LOG (lattice-best-path[5.5.0~1494-e5a5]:main():lattice-best-path.cc:99) For utterance M0000000085_0073, best cost 55.2941 + 1849.28 = 1904.57 over 224 frames.
M0000000085_0073 ทำ อาละวาด ร้านอาหาร นา 
LOG (lattice-best-path[5.5.0~1494-e5a5]:main():lattice-best-path.cc:99) For utterance M0000000085_0074, best cost 32.8453 + 1195.89 = 1228.73 over 144 frames.
M0000000085_0074 และ เป็น สมัย 
LOG (lattice-best-path[5.5.0~1494-e5a5]:main():lattice-best-path.cc:99) For utterance M0000000085_0075, best cost 48.3597 + 1747.19 = 1795.55 over 201 frames.
M0000000085_0075 ลักษณะ การ พล็อต อยู่ ใน 
LOG (lattice-best-path[5.5.0~1494-e5a5]:main():lattice-best-path.cc:99) For utterance M0000000085_0076, best cost 62.2474 + 1542.83 = 1605.08 over 188 frames.
M0000000085_0076 ยัง วิจัย เนื้อหา ละ ไม่ 
LOG (lattice-best-path[5.5.0~1494-e5a5]:main():lattice-best-path.cc:99) For utterance M0000000085_0077, best cost 52.8004 + 1929.13 = 1981.93 over 231 frames.
M0000000085_0077 ระวีวรรณ หลังจากนั้น เป็น วัย 
LOG (lattice-best-path[5.5.0~1494-e5a5]:main():lattice-best-path.cc:99) For utterance M0000000085_0078, best cost 58.8187 + 1774.37 = 1833.19 over 206 frames.
M0000000085_0078 รักษา ล้าน ป้องกัน อะไร 
LOG (lattice-best-path[5.5.0~1494-e5a5]:main():lattice-best-path.cc:99) For utterance M0000000085_0079, best cost 40.5553 + 1361.24 = 1401.8 over 176 frames.
M0000000085_0079 ข่าย ใช้ ใหม่ 
LOG (lattice-best-path[5.5.0~1494-e5a5]:main():lattice-best-path.cc:99) For utterance M0000000085_0080, best cost 61.127 + 1816.77 = 1877.9 over 218 frames.
M0000000085_0080 ยัง อาจ รัฐบาล อบรม ง่าย 
LOG (lattice-best-path[5.5.0~1494-e5a5]:main():lattice-best-path.cc:99) For utterance M0000000085_0081, best cost 51.3425 + 2403.11 = 2454.45 over 290 frames.
M0000000085_0081 โต๊ะ เสวยราชย์ อยู่ ใน สมัย 
LOG (lattice-best-path[5.5.0~1494-e5a5]:main():lattice-best-path.cc:99) For utterance M0000000085_0082, best cost 60.6943 + 2026.92 = 2087.62 over 243 frames.
M0000000085_0082 นอกจาก ใน ตลาด ต้อง เสีย หนัก 
LOG (lattice-best-path[5.5.0~1494-e5a5]:main():lattice-best-path.cc:99) For utterance M0000000085_0083, best cost 34.7583 + 1574.98 = 1609.74 over 191 frames.
M0000000085_0083 เกรียงชัย ที่ ไม่ 
LOG (lattice-best-path[5.5.0~1494-e5a5]:main():lattice-best-path.cc:99) For utterance M0000000085_0084, best cost 39.8228 + 1377.25 = 1417.07 over 164 frames.
M0000000085_0084 ซึ่ง กิตติ ระหว่าง 
LOG (lattice-best-path[5.5.0~1494-e5a5]:main():lattice-best-path.cc:99) For utterance M0000000085_0085, best cost 41.1667 + 1616.19 = 1657.36 over 203 frames.
M0000000085_0085 ขนาด และ ได้ อีกด้วย 
LOG (lattice-best-path[5.5.0~1494-e5a5]:main():lattice-best-path.cc:99) For utterance M0000000085_0086, best cost 34.8874 + 1666.99 = 1701.87 over 203 frames.
M0000000085_0086 อนึ่ง ภายใต้ เรา 
LOG (lattice-best-path[5.5.0~1494-e5a5]:main():lattice-best-path.cc:99) For utterance M0000000085_0087, best cost 40.974 + 1396.82 = 1437.8 over 176 frames.
M0000000085_0087 เปลี่ยน นโยบาย ใน 
LOG (lattice-best-path[5.5.0~1494-e5a5]:main():lattice-best-path.cc:99) For utterance M0000000085_0088, best cost 52.7602 + 1530.71 = 1583.47 over 179 frames.
M0000000085_0088 ใช้ หนู โอกาส ที่ ใน 
LOG (lattice-best-path[5.5.0~1494-e5a5]:main():lattice-best-path.cc:99) For utterance M0000000085_0089, best cost 31.7348 + 1406.9 = 1438.64 over 167 frames.
M0000000085_0089 เพราะฉะนั้น อักษร 
LOG (lattice-best-path[5.5.0~1494-e5a5]:main():lattice-best-path.cc:99) For utterance M0000000085_0090, best cost 40.1124 + 1688.24 = 1728.36 over 203 frames.
M0000000085_0090 ทั้งนี้ ก็ และ ฯลฯ 
LOG (lattice-best-path[5.5.0~1494-e5a5]:main():lattice-best-path.cc:99) For utterance M0000000085_0091, best cost 27.4994 + 1409.08 = 1436.58 over 161 frames.
M0000000085_0091 ใส่ ลง 
LOG (lattice-best-path[5.5.0~1494-e5a5]:main():lattice-best-path.cc:99) For utterance M0000000085_0092, best cost 33.9694 + 1211.39 = 1245.36 over 147 frames.
M0000000085_0092 ไซ หู เรา 
LOG (lattice-best-path[5.5.0~1494-e5a5]:main():lattice-best-path.cc:99) For utterance M0000000085_0093, best cost 40.8275 + 1232.42 = 1273.24 over 152 frames.
M0000000085_0093 ออก เป็นไป จ่ายเงิน 
LOG (lattice-best-path[5.5.0~1494-e5a5]:main():lattice-best-path.cc:99) For utterance M0000000085_0094, best cost 36.6457 + 1630.77 = 1667.42 over 198 frames.
M0000000085_0094 ออก รวง จำเป็น 
LOG (lattice-best-path[5.5.0~1494-e5a5]:main():lattice-best-path.cc:99) For utterance M0000000085_0095, best cost 52.3937 + 1639.58 = 1691.98 over 200 frames.
M0000000085_0095 กงล้อ ชัยวัฒน์ เป็น ไม่ 
LOG (lattice-best-path[5.5.0~1494-e5a5]:main():lattice-best-path.cc:99) For utterance M0000000085_0096, best cost 49.6927 + 1705.78 = 1755.47 over 194 frames.
M0000000085_0096 ลง เป็น กิ่งไม้ หนึ่ง 
LOG (lattice-best-path[5.5.0~1494-e5a5]:main():lattice-best-path.cc:99) For utterance M0000000085_0097, best cost 45.8617 + 1418.89 = 1464.75 over 167 frames.
M0000000085_0097 เหมาะสม วิเคราะห์ เล็กน้อย 
LOG (lattice-best-path[5.5.0~1494-e5a5]:main():lattice-best-path.cc:99) For utterance M0000000085_0098, best cost 51.6352 + 1562.04 = 1613.68 over 189 frames.
M0000000085_0098 เหมาะสม ที่ บันได เป็นหลัก 
LOG (lattice-best-path[5.5.0~1494-e5a5]:main():lattice-best-path.cc:99) For utterance M0000000085_0099, best cost 39.8255 + 1192.66 = 1232.49 over 138 frames.
M0000000085_0099 โดย ลง ไป องศา 
LOG (lattice-best-path[5.5.0~1494-e5a5]:main():lattice-best-path.cc:99) For utterance M0000000085_0100, best cost 36.2651 + 1682.45 = 1718.71 over 206 frames.
M0000000085_0100 เรา อย่าง หนัก 
LOG (lattice-best-path[5.5.0~1494-e5a5]:main():lattice-best-path.cc:99) For utterance M0000000085_0101, best cost 71.7076 + 2275.62 = 2347.33 over 266 frames.
M0000000085_0101 อยู่ ใช้ จาก ครั้นแล้ว กระดาษ จะ หนึ่ง 
LOG (lattice-best-path[5.5.0~1494-e5a5]:main():lattice-best-path.cc:99) For utterance M0000000105_0000, best cost 36.2776 + 1265.05 = 1301.33 over 178 frames.
M0000000105_0000 โค ว่า ที่ 
LOG (lattice-best-path[5.5.0~1494-e5a5]:main():lattice-best-path.cc:99) For utterance M0000000105_0001, best cost 66.1239 + 2739.95 = 2806.07 over 366 frames.
M0000000105_0001 โค วาด ที่ ปรมาณู การ 
LOG (lattice-best-path[5.5.0~1494-e5a5]:main():lattice-best-path.cc:99) For utterance M0000000105_0002, best cost 73.7235 + 2461.39 = 2535.11 over 314 frames.
M0000000105_0002 ออก ก้าวร้าว ได้ เคย กล่าว เนื่องจาก 
LOG (lattice-best-path[5.5.0~1494-e5a5]:main():lattice-best-path.cc:99) For utterance M0000000105_0003, best cost 59.2043 + 2053.99 = 2113.2 over 257 frames.
M0000000105_0003 ทรง ตำรวจ หรือ บัตร คลื่น 
LOG (lattice-best-path[5.5.0~1494-e5a5]:main():lattice-best-path.cc:99) For utterance M0000000105_0004, best cost 52.9375 + 2353.66 = 2406.59 over 316 frames.
M0000000105_0004 เขา พับ อยู่ ให้บริการ 
LOG (lattice-best-path[5.5.0~1494-e5a5]:main():lattice-best-path.cc:99) For utterance M0000000105_0005, best cost 57.9851 + 2339.56 = 2397.55 over 309 frames.
M0000000105_0005 ออก ทั่วไป ไซ หู การ 
LOG (lattice-best-path[5.5.0~1494-e5a5]:main():lattice-best-path.cc:99) For utterance M0000000105_0006, best cost 45.5354 + 1677.46 = 1723 over 220 frames.
M0000000105_0006 คอก ขวบ บางๆ 
LOG (lattice-best-path[5.5.0~1494-e5a5]:main():lattice-best-path.cc:99) For utterance M0000000105_0007, best cost 48.1042 + 2024.79 = 2072.9 over 271 frames.
M0000000105_0007 รวมทั้ง รอบ แล้ว หนึ่ง 
LOG (lattice-best-path[5.5.0~1494-e5a5]:main():lattice-best-path.cc:99) For utterance M0000000105_0008, best cost 63.2943 + 2604.88 = 2668.17 over 350 frames.
M0000000105_0008 น้ำ ออก หนึ่ง นั้น ทั้ง สอง 
LOG (lattice-best-path[5.5.0~1494-e5a5]:main():lattice-best-path.cc:99) For utterance M0000000105_0009, best cost 55.6377 + 1916.85 = 1972.49 over 252 frames.
M0000000105_0009 ของ สำคัญ ทั้ง หมื่น 
LOG (lattice-best-path[5.5.0~1494-e5a5]:main():lattice-best-path.cc:99) For utterance M0000000105_0010, best cost 38.223 + 1697.73 = 1735.95 over 235 frames.
M0000000105_0010 ของ บล๊อค นอน 
LOG (lattice-best-path[5.5.0~1494-e5a5]:main():lattice-best-path.cc:99) For utterance M0000000105_0011, best cost 34.2836 + 1345.4 = 1379.68 over 178 frames.
M0000000105_0011 อาหาร ผลลัพธ์ 
LOG (lattice-best-path[5.5.0~1494-e5a5]:main():lattice-best-path.cc:99) For utterance M0000000105_0012, best cost 36.3242 + 1430.81 = 1467.14 over 172 frames.
M0000000105_0012 สำรวจ เครื่องกลึง 
LOG (lattice-best-path[5.5.0~1494-e5a5]:main():lattice-best-path.cc:99) For utterance M0000000105_0013, best cost 110.938 + 5027.62 = 5138.56 over 646 frames.
M0000000105_0013 ไอซี สอง จัดซื้อ ของ แต่ สอง พุ่ง ควร 
LOG (lattice-best-path[5.5.0~1494-e5a5]:main():lattice-best-path.cc:99) For utterance M0000000105_0014, best cost 37.7891 + 1604.06 = 1641.85 over 213 frames.
M0000000105_0014 คอก ออกแบบ 
LOG (lattice-best-path[5.5.0~1494-e5a5]:main():lattice-best-path.cc:99) For utterance M0000000105_0015, best cost 50.3398 + 1865.02 = 1915.36 over 252 frames.
M0000000105_0015 ข้อ นั้น ตรง นาน นัก 
LOG (lattice-best-path[5.5.0~1494-e5a5]:main():lattice-best-path.cc:99) For utterance M0000000105_0016, best cost 57.6135 + 2003.94 = 2061.55 over 252 frames.
M0000000105_0016 ก่อนหลัง ปิด ประจุ หนัก 
LOG (lattice-best-path[5.5.0~1494-e5a5]:main():lattice-best-path.cc:99) For utterance M0000000105_0017, best cost 39.8695 + 1441.02 = 1480.89 over 193 frames.
M0000000105_0017 ของ ร่างกาย แหล่งน้ำ 
LOG (lattice-best-path[5.5.0~1494-e5a5]:main():lattice-best-path.cc:99) For utterance M0000000105_0018, best cost 53.616 + 1866.36 = 1919.97 over 238 frames.
M0000000105_0018 คน ก็ มี เสื่อม น้อย 
LOG (lattice-best-path[5.5.0~1494-e5a5]:main():lattice-best-path.cc:99) For utterance M0000000105_0019, best cost 51.1581 + 1865.91 = 1917.07 over 236 frames.
M0000000105_0019 ผลลัพธ์ ไป ตก น้ำหนัก 
LOG (lattice-best-path[5.5.0~1494-e5a5]:main():lattice-best-path.cc:99) For utterance M0000000105_0020, best cost 33.9987 + 1413.94 = 1447.94 over 190 frames.
M0000000105_0020 รูป ต่อไป ใน 
LOG (lattice-best-path[5.5.0~1494-e5a5]:main():lattice-best-path.cc:99) For utterance M0000000105_0021, best cost 37.2426 + 1039.35 = 1076.59 over 142 frames.
M0000000105_0021 น้ำ กิน จาน 
LOG (lattice-best-path[5.5.0~1494-e5a5]:main():lattice-best-path.cc:99) For utterance M0000000105_0022, best cost 35.6417 + 1331.06 = 1366.7 over 176 frames.
M0000000105_0022 ชื่อ มากมาย 
LOG (lattice-best-path[5.5.0~1494-e5a5]:main():lattice-best-path.cc:99) For utterance M0000000105_0023, best cost 60.516 + 2098.66 = 2159.18 over 273 frames.
M0000000105_0023 อาหาร ขโมย มั่นคง ภายใน 
LOG (lattice-best-path[5.5.0~1494-e5a5]:main():lattice-best-path.cc:99) For utterance M0000000105_0024, best cost 40.9502 + 1569.2 = 1610.15 over 201 frames.
M0000000105_0024 ของ เครื่อง ลง น้อย 
LOG (lattice-best-path[5.5.0~1494-e5a5]:main():lattice-best-path.cc:99) For utterance M0000000105_0025, best cost 18.8868 + 890.22 = 909.107 over 111 frames.
M0000000105_0025 พระองค์ 
LOG (lattice-best-path[5.5.0~1494-e5a5]:main():lattice-best-path.cc:99) For utterance M0000000105_0026, best cost 59.2413 + 2187.36 = 2246.6 over 292 frames.
M0000000105_0026 มี นั้น จึง ชุด ที่ ไม่ 
LOG (lattice-best-path[5.5.0~1494-e5a5]:main():lattice-best-path.cc:99) For utterance M0000000105_0027, best cost 78.0418 + 2858.75 = 2936.79 over 373 frames.
M0000000105_0027 โต ซอส เหตุ ให้ น้อย จาก 
LOG (lattice-best-path[5.5.0~1494-e5a5]:main():lattice-best-path.cc:99) For utterance M0000000105_0028, best cost 60.629 + 2307.44 = 2368.07 over 298 frames.
M0000000105_0028 ข้อ นั้น จึง เพิ่ม บ่อยครั้ง 
LOG (lattice-best-path[5.5.0~1494-e5a5]:main():lattice-best-path.cc:99) For utterance M0000000105_0029, best cost 42.4154 + 1632.76 = 1675.18 over 216 frames.
M0000000105_0029 จัดซื้อ คือ อย่าง 
LOG (lattice-best-path[5.5.0~1494-e5a5]:main():lattice-best-path.cc:99) For utterance M0000000105_0030, best cost 50.8562 + 1606.97 = 1657.83 over 212 frames.
M0000000105_0030 คง อะไร ได้ ต้อง 
LOG (lattice-best-path[5.5.0~1494-e5a5]:main():lattice-best-path.cc:99) For utterance M0000000105_0031, best cost 60.166 + 1880.62 = 1940.79 over 255 frames.
M0000000105_0031 อาหาร จะ มาก ที่ มน 
LOG (lattice-best-path[5.5.0~1494-e5a5]:main():lattice-best-path.cc:99) For utterance M0000000105_0032, best cost 51.5598 + 1974.39 = 2025.95 over 267 frames.
M0000000105_0032 ต้อง นอก อีก มากมาย 
LOG (lattice-best-path[5.5.0~1494-e5a5]:main():lattice-best-path.cc:99) For utterance M0000000105_0033, best cost 39.2293 + 1576.52 = 1615.75 over 215 frames.
M0000000105_0033 เดิน ไป จัดซื้อ 
LOG (lattice-best-path[5.5.0~1494-e5a5]:main():lattice-best-path.cc:99) For utterance M0000000105_0034, best cost 38.3492 + 1424.93 = 1463.28 over 198 frames.
M0000000105_0034 ข้อ นั้น จาน 
LOG (lattice-best-path[5.5.0~1494-e5a5]:main():lattice-best-path.cc:99) For utterance M0000000105_0035, best cost 35.2857 + 1735.3 = 1770.58 over 249 frames.
M0000000105_0035 ไม่ ทัน แล้ว 
LOG (lattice-best-path[5.5.0~1494-e5a5]:main():lattice-best-path.cc:99) For utterance M0000000105_0036, best cost 45.7596 + 1633.48 = 1679.24 over 221 frames.
M0000000105_0036 ขอบ เปลี่ยน เป็น รูป 
LOG (lattice-best-path[5.5.0~1494-e5a5]:main():lattice-best-path.cc:99) For utterance M0000000105_0037, best cost 45.9255 + 1570.81 = 1616.73 over 209 frames.
M0000000105_0037 ไม่ ออก แนว ของ 
LOG (lattice-best-path[5.5.0~1494-e5a5]:main():lattice-best-path.cc:99) For utterance M0000000105_0038, best cost 53.074 + 2236.71 = 2289.79 over 307 frames.
M0000000105_0038 รูป ข้าว อยู่ ์เบอร์ 
LOG (lattice-best-path[5.5.0~1494-e5a5]:main():lattice-best-path.cc:99) For utterance M0000000105_0039, best cost 43.8211 + 1764.06 = 1807.88 over 234 frames.
M0000000105_0039 หลัก ไป ตก หนัก 
LOG (lattice-best-path[5.5.0~1494-e5a5]:main():lattice-best-path.cc:99) For utterance M0000000105_0040, best cost 58.463 + 1853.33 = 1911.79 over 245 frames.
M0000000105_0040 ได้ ไป ตก ส่ง หนัก 
LOG (lattice-best-path[5.5.0~1494-e5a5]:main():lattice-best-path.cc:99) For utterance M0000000105_0041, best cost 94.9198 + 2872.23 = 2967.15 over 385 frames.
M0000000105_0041 ออก ตก ปวด นั้น มา ป้อน บัตร ไม่ 
LOG (lattice-best-path[5.5.0~1494-e5a5]:main():lattice-best-path.cc:99) For utterance M0000000105_0042, best cost 54.9631 + 2115 = 2169.97 over 279 frames.
M0000000105_0042 จาก ได้ ไป ของ แต่ 
LOG (lattice-best-path[5.5.0~1494-e5a5]:main():lattice-best-path.cc:99) For utterance M0000000105_0043, best cost 42.0721 + 1936.69 = 1978.76 over 264 frames.
M0000000105_0043 ชั้น บน ว่องไว 
LOG (lattice-best-path[5.5.0~1494-e5a5]:main():lattice-best-path.cc:99) For utterance M0000000105_0044, best cost 31.1954 + 1449.69 = 1480.88 over 190 frames.
M0000000105_0044 ติดตั้ง ด้วย 
LOG (lattice-best-path[5.5.0~1494-e5a5]:main():lattice-best-path.cc:99) For utterance M0000000105_0045, best cost 41.3657 + 2083.47 = 2124.84 over 280 frames.
M0000000105_0045 เจาะ บัตร เคลื่อนที่ ได้ 
LOG (lattice-best-path[5.5.0~1494-e5a5]:main():lattice-best-path.cc:99) For utterance M0000000105_0046, best cost 30.8645 + 1355.44 = 1386.3 over 187 frames.
M0000000105_0046 ที่ ไป 
LOG (lattice-best-path[5.5.0~1494-e5a5]:main():lattice-best-path.cc:99) For utterance M0000000105_0047, best cost 58.2294 + 1802.74 = 1860.97 over 236 frames.
M0000000105_0047 สัตว์ แกน จาก บัตร ต้อง 
LOG (lattice-best-path[5.5.0~1494-e5a5]:main():lattice-best-path.cc:99) For utterance M0000000105_0048, best cost 57.901 + 2431.95 = 2489.85 over 325 frames.
M0000000105_0048 มี โรค ชั้น ใน ไม่ 
LOG (lattice-best-path[5.5.0~1494-e5a5]:main():lattice-best-path.cc:99) For utterance M0000000105_0049, best cost 45.5477 + 1624.59 = 1670.14 over 220 frames.
M0000000105_0049 ไม่ ขโมย เลย 
LOG (lattice-best-path[5.5.0~1494-e5a5]:main():lattice-best-path.cc:99) For utterance M0000000105_0050, best cost 33.8256 + 1523.27 = 1557.1 over 205 frames.
M0000000105_0050 นอกจาก แยก บัตร 
LOG (lattice-best-path[5.5.0~1494-e5a5]:main():lattice-best-path.cc:99) For utterance M0000000105_0051, best cost 57.6082 + 2163.28 = 2220.89 over 305 frames.
M0000000105_0051 ปลา เชื่อม เหม็น ข่าว 
LOG (lattice-best-path[5.5.0~1494-e5a5]:main():lattice-best-path.cc:99) For utterance M0000000105_0052, best cost 45.5122 + 1669.91 = 1715.43 over 220 frames.
M0000000105_0052 เกิด เกิน ไป เปราะ 
LOG (lattice-best-path[5.5.0~1494-e5a5]:main():lattice-best-path.cc:99) For utterance M0000000105_0053, best cost 68.5922 + 2786.19 = 2854.78 over 376 frames.
M0000000105_0053 วัน นี้ ขโมย มาก หรือ เพราะ 
LOG (lattice-best-path[5.5.0~1494-e5a5]:main():lattice-best-path.cc:99) For utterance M0000000105_0054, best cost 41.9204 + 1401.38 = 1443.3 over 194 frames.
M0000000105_0054 ปิด ไว้ ก่อน 
LOG (lattice-best-path[5.5.0~1494-e5a5]:main():lattice-best-path.cc:99) For utterance M0000000105_0055, best cost 44.9524 + 1515.8 = 1560.76 over 202 frames.
M0000000105_0055 ค้นหา โค ไม่ 
LOG (lattice-best-path[5.5.0~1494-e5a5]:main():lattice-best-path.cc:99) For utterance M0000000105_0056, best cost 88.4188 + 3365.31 = 3453.73 over 450 frames.
M0000000105_0056 ยิ่งขึ้น การ รักษา คลื่น ยก ได้ ไม่ 
LOG (lattice-best-path[5.5.0~1494-e5a5]:main():lattice-best-path.cc:99) For utterance M0000000105_0057, best cost 36.6579 + 1345.87 = 1382.53 over 187 frames.
M0000000105_0057 ไม่ ต้อง คน 
LOG (lattice-best-path[5.5.0~1494-e5a5]:main():lattice-best-path.cc:99) For utterance M0000000105_0058, best cost 44.825 + 1601.54 = 1646.36 over 215 frames.
M0000000105_0058 บาง การ ได้ ใน 
LOG (lattice-best-path[5.5.0~1494-e5a5]:main():lattice-best-path.cc:99) For utterance M0000000105_0059, best cost 60.4211 + 2049.97 = 2110.39 over 273 frames.
M0000000105_0059 รับ ข้อมูล สับ ของ ร้าย 
LOG (lattice-best-path[5.5.0~1494-e5a5]:main():lattice-best-path.cc:99) For utterance M0000000105_0060, best cost 69.0483 + 2510.36 = 2579.41 over 331 frames.
M0000000105_0060 ต้ม ยัง บน เผ็ด มากมาย 
LOG (lattice-best-path[5.5.0~1494-e5a5]:main():lattice-best-path.cc:99) For utterance M0000000105_0061, best cost 40.1358 + 1944.3 = 1984.43 over 256 frames.
M0000000105_0061 กลไก บ้านเมือง กับ 
LOG (lattice-best-path[5.5.0~1494-e5a5]:main():lattice-best-path.cc:99) For utterance M0000000105_0062, best cost 47.915 + 1514.18 = 1562.1 over 209 frames.
M0000000105_0062 มี พร้อม คือ ไม่ 
LOG (lattice-best-path[5.5.0~1494-e5a5]:main():lattice-best-path.cc:99) For utterance M0000000105_0063, best cost 56.1887 + 1991.99 = 2048.18 over 264 frames.
M0000000105_0063 ฤดู มี ขโมย ไม่ 
LOG (lattice-best-path[5.5.0~1494-e5a5]:main():lattice-best-path.cc:99) For utterance M0000000105_0064, best cost 38.1604 + 1684.99 = 1723.15 over 220 frames.
M0000000105_0064 ซ้อน กัน ที่ 
LOG (lattice-best-path[5.5.0~1494-e5a5]:main():lattice-best-path.cc:99) For utterance M0000000105_0065, best cost 43.503 + 2042.73 = 2086.23 over 273 frames.
M0000000105_0065 คง ถูก ลง น้อย 
LOG (lattice-best-path[5.5.0~1494-e5a5]:main():lattice-best-path.cc:99) For utterance M0000000105_0066, best cost 48.4436 + 1556.44 = 1604.89 over 194 frames.
M0000000105_0066 ขัดยอก หมด ครอบ 
LOG (lattice-best-path[5.5.0~1494-e5a5]:main():lattice-best-path.cc:99) For utterance M0000000105_0067, best cost 43.0574 + 1621.31 = 1664.37 over 212 frames.
M0000000105_0067 ขอบ มี อนึ่ง 
LOG (lattice-best-path[5.5.0~1494-e5a5]:main():lattice-best-path.cc:99) For utterance M0000000105_0068, best cost 50.5997 + 2118.29 = 2168.89 over 279 frames.
M0000000105_0068 ของ การ แบ่ง ต้องการ 
LOG (lattice-best-path[5.5.0~1494-e5a5]:main():lattice-best-path.cc:99) For utterance M0000000105_0069, best cost 60.3927 + 2027.12 = 2087.51 over 272 frames.
M0000000105_0069 มี ที่ หลัง มือ ไม่ 
LOG (lattice-best-path[5.5.0~1494-e5a5]:main():lattice-best-path.cc:99) For utterance M0000000105_0070, best cost 44.5402 + 1649.02 = 1693.56 over 219 frames.
M0000000105_0070 คง เป็น ลูกกลอน สี 
LOG (lattice-best-path[5.5.0~1494-e5a5]:main():lattice-best-path.cc:99) For utterance M0000000105_0071, best cost 56.6394 + 2400.14 = 2456.78 over 320 frames.
M0000000105_0071 ปลาหมึก มี ขูด น้อย 
LOG (lattice-best-path[5.5.0~1494-e5a5]:main():lattice-best-path.cc:99) For utterance M0000000105_0072, best cost 71.2075 + 2487.25 = 2558.46 over 332 frames.
M0000000105_0072 ผล ที่ เล่น มากขึ้น ด้วย ไม้ 
LOG (lattice-best-path[5.5.0~1494-e5a5]:main():lattice-best-path.cc:99) For utterance M0000000105_0073, best cost 75.7369 + 2939.49 = 3015.23 over 393 frames.
M0000000105_0073 ทำ อะไร ระหว่าง ทำ อาหาร ปลา 
LOG (lattice-best-path[5.5.0~1494-e5a5]:main():lattice-best-path.cc:99) For utterance M0000000105_0074, best cost 46.9616 + 1897.14 = 1944.1 over 257 frames.
M0000000105_0074 รับ ได้ สรุป ไม่ 
LOG (lattice-best-path[5.5.0~1494-e5a5]:main():lattice-best-path.cc:99) For utterance M0000000105_0075, best cost 67.4237 + 2830.06 = 2897.48 over 378 frames.
M0000000105_0075 จาก สมการ ต้อง อายุ เท่าไร 
LOG (lattice-best-path[5.5.0~1494-e5a5]:main():lattice-best-path.cc:99) For utterance M0000000105_0076, best cost 77.1493 + 2486.96 = 2564.11 over 330 frames.
M0000000105_0076 การ ไม่ เตือน อาหาร ปรับ ไม่ 
LOG (lattice-best-path[5.5.0~1494-e5a5]:main():lattice-best-path.cc:99) For utterance M0000000105_0077, best cost 86.5268 + 3249.81 = 3336.34 over 435 frames.
M0000000105_0077 ไม่ มี ต่างๆ ต้องการ แทน บ่อยๆ ไม่ 
LOG (lattice-best-path[5.5.0~1494-e5a5]:main():lattice-best-path.cc:99) For utterance M0000000105_0078, best cost 68.0833 + 2788.94 = 2857.02 over 373 frames.
M0000000105_0078 จัดซื้อ ร้อน ต้น ข้าว เท่าไร 
LOG (lattice-best-path[5.5.0~1494-e5a5]:main():lattice-best-path.cc:99) For utterance M0000000105_0079, best cost 44.3964 + 2001.6 = 2045.99 over 266 frames.
M0000000105_0079 กลาย เป็น ใช้ ใน 
LOG (lattice-best-path[5.5.0~1494-e5a5]:main():lattice-best-path.cc:99) For utterance M0000000105_0080, best cost 82.3916 + 2998.24 = 3080.63 over 408 frames.
M0000000105_0080 จาก เปิด สาขา บาง ต้อง ทำ ใน 
LOG (lattice-best-path[5.5.0~1494-e5a5]:main():lattice-best-path.cc:99) For utterance M0000000105_0081, best cost 85.3681 + 2917.72 = 3003.09 over 394 frames.
M0000000105_0081 ปรก ช่วย ต่างๆ ยาก บาง ขาย ใน 
LOG (lattice-best-path[5.5.0~1494-e5a5]:main():lattice-best-path.cc:99) For utterance M0000000105_0082, best cost 100.198 + 3168.05 = 3268.25 over 429 frames.
M0000000105_0082 มา จาก ไป เปิด หวาน ตรง สี แยก บัตร 
LOG (lattice-best-path[5.5.0~1494-e5a5]:main():lattice-best-path.cc:99) For utterance M0000000105_0083, best cost 45.1528 + 1970.96 = 2016.11 over 257 frames.
M0000000105_0083 ขัดยอก ขาย ใน 
LOG (lattice-best-path[5.5.0~1494-e5a5]:main():lattice-best-path.cc:99) For utterance M0000000105_0084, best cost 50.1926 + 2064.04 = 2114.23 over 271 frames.
M0000000105_0084 สะกดจิต เป็น ใน บาง 
LOG (lattice-best-path[5.5.0~1494-e5a5]:main():lattice-best-path.cc:99) For utterance M0000000105_0085, best cost 59.6702 + 2520.04 = 2579.71 over 335 frames.
M0000000105_0085 อาหาร ไม่ ได้ ดี ไม่ 
LOG (lattice-best-path[5.5.0~1494-e5a5]:main():lattice-best-path.cc:99) For utterance M0000000105_0086, best cost 59.5241 + 2464.53 = 2524.06 over 334 frames.
M0000000105_0086 ส่วนหนึ่ง ภายใต้ เลือก บอก 
LOG (lattice-best-path[5.5.0~1494-e5a5]:main():lattice-best-path.cc:99) For utterance M0000000105_0087, best cost 58.5525 + 1951.99 = 2010.55 over 259 frames.
M0000000105_0087 เตือน ใน ยก ได้ ไม่ 
LOG (lattice-best-path[5.5.0~1494-e5a5]:main():lattice-best-path.cc:99) For utterance M0000000105_0088, best cost 59.1961 + 2344.01 = 2403.21 over 295 frames.
M0000000105_0088 ใช้ ถูก นอกจาก ที่ ใน 
LOG (lattice-best-path[5.5.0~1494-e5a5]:main():lattice-best-path.cc:99) For utterance M0000000105_0089, best cost 55.7911 + 1910.54 = 1966.33 over 249 frames.
M0000000105_0089 ต้อง ใส่ น้ำตาล ชง 
LOG (lattice-best-path[5.5.0~1494-e5a5]:main():lattice-best-path.cc:99) For utterance M0000000105_0090, best cost 65.7156 + 2486.57 = 2552.29 over 328 frames.
M0000000105_0090 ทำ ลูกกลอน และ ใน เรื่อง ศัพท์ 
LOG (lattice-best-path[5.5.0~1494-e5a5]:main():lattice-best-path.cc:99) For utterance M0000000105_0091, best cost 55.7697 + 2010.09 = 2065.86 over 263 frames.
M0000000105_0091 ใส่ ศูนย์สูตร โลก หรือ เปราะ 
LOG (lattice-best-path[5.5.0~1494-e5a5]:main():lattice-best-path.cc:99) For utterance M0000000105_0092, best cost 43.2462 + 1740.87 = 1784.12 over 230 frames.
M0000000105_0092 ไซ หู หรือ ป้อน 
LOG (lattice-best-path[5.5.0~1494-e5a5]:main():lattice-best-path.cc:99) For utterance M0000000105_0093, best cost 54.8767 + 2159.39 = 2214.27 over 289 frames.
M0000000105_0093 แคระแกร็น ฝ่าย จะ หนึ่ง 
LOG (lattice-best-path[5.5.0~1494-e5a5]:main():lattice-best-path.cc:99) For utterance M0000000105_0094, best cost 68.8907 + 4444.03 = 4512.93 over 615 frames.
M0000000105_0094 เอา ผล กล้วย คอก สาน หรือ 
LOG (lattice-best-path[5.5.0~1494-e5a5]:main():lattice-best-path.cc:99) For utterance M0000000105_0095, best cost 72.5155 + 2719.95 = 2792.46 over 363 frames.
M0000000105_0095 ทำ ด้วย น้อย สะดวก บาง ไม่ 
LOG (lattice-best-path[5.5.0~1494-e5a5]:main():lattice-best-path.cc:99) For utterance M0000000105_0096, best cost 66.5631 + 2511.69 = 2578.25 over 337 frames.
M0000000105_0096 โยธิน โป๊ะ เป็น ขึ้น ใหม่ อื่น 
LOG (lattice-best-path[5.5.0~1494-e5a5]:main():lattice-best-path.cc:99) For utterance M0000000105_0097, best cost 67.2619 + 2224.88 = 2292.14 over 294 frames.
M0000000105_0097 บาป ส่ง ที่ ข้าว ใน น้อย 
LOG (lattice-best-path[5.5.0~1494-e5a5]:main():lattice-best-path.cc:99) For utterance M0000000105_0098, best cost 86.3798 + 2936.23 = 3022.61 over 390 frames.
M0000000105_0098 มา ส่ง ให้ ที่ บาน ได้ บ่อยครั้ง 
LOG (lattice-best-path[5.5.0~1494-e5a5]:main():lattice-best-path.cc:99) For utterance M0000000105_0099, best cost 58.9438 + 2052.37 = 2111.31 over 273 frames.
M0000000105_0099 เดียว ลง ไป ออก ครอบ 
LOG (lattice-best-path[5.5.0~1494-e5a5]:main():lattice-best-path.cc:99) For utterance M0000000105_0100, best cost 70.1256 + 2705.32 = 2775.44 over 361 frames.
M0000000105_0100 เดียว เดิน ไป ออก ที่ นาน นัก 
LOG (lattice-best-path[5.5.0~1494-e5a5]:main():lattice-best-path.cc:99) For utterance M0000000105_0101, best cost 91.2761 + 4156.64 = 4247.91 over 544 frames.
M0000000105_0101 อยู่ สายตา ของ เรา อะไร ออกอากาศ หนึ่ง 
LOG (lattice-best-path[5.5.0~1494-e5a5]:main():lattice-best-path.cc:99) For utterance M0000000107_0000, best cost 22.95 + 1831.3 = 1854.25 over 210 frames.
M0000000107_0000 ที่ 
LOG (lattice-best-path[5.5.0~1494-e5a5]:main():lattice-best-path.cc:99) For utterance M0000000107_0001, best cost 59.7311 + 3605.6 = 3665.34 over 423 frames.
M0000000107_0001 เรา ละเมอ หนึ่ง การ 
LOG (lattice-best-path[5.5.0~1494-e5a5]:main():lattice-best-path.cc:99) For utterance M0000000107_0002, best cost 64.2842 + 2724.49 = 2788.78 over 325 frames.
M0000000107_0002 เออออ เท่าไร แคร่ นั่ง เล่น กัน 
LOG (lattice-best-path[5.5.0~1494-e5a5]:main():lattice-best-path.cc:99) For utterance M0000000107_0003, best cost 37.5545 + 2237.7 = 2275.25 over 276 frames.
M0000000107_0003 ค้น ตาม ทะเล 
LOG (lattice-best-path[5.5.0~1494-e5a5]:main():lattice-best-path.cc:99) For utterance M0000000107_0004, best cost 41.0104 + 2176.58 = 2217.59 over 260 frames.
M0000000107_0004 เขา ทำให้ อาการ 
LOG (lattice-best-path[5.5.0~1494-e5a5]:main():lattice-best-path.cc:99) For utterance M0000000107_0005, best cost 44.9109 + 2029.68 = 2074.6 over 236 frames.
M0000000107_0005 เออออ ไป ใช้ ทาง 
LOG (lattice-best-path[5.5.0~1494-e5a5]:main():lattice-best-path.cc:99) For utterance M0000000107_0006, best cost 28.7362 + 1554.47 = 1583.21 over 177 frames.
M0000000107_0006 ผล หลงลืม 
LOG (lattice-best-path[5.5.0~1494-e5a5]:main():lattice-best-path.cc:99) For utterance M0000000107_0007, best cost 44.9666 + 1748.2 = 1793.17 over 207 frames.
M0000000107_0007 นั้น เช่น เอา เท่านั้น 
LOG (lattice-best-path[5.5.0~1494-e5a5]:main():lattice-best-path.cc:99) For utterance M0000000107_0008, best cost 53.3037 + 2255.98 = 2309.28 over 266 frames.
M0000000107_0008 นำเอา เล่น นอน ทั้งสอง 
LOG (lattice-best-path[5.5.0~1494-e5a5]:main():lattice-best-path.cc:99) For utterance M0000000107_0009, best cost 36.0823 + 2018.72 = 2054.8 over 239 frames.
M0000000107_0009 ของ แคร่ นั่ง เล่น 
LOG (lattice-best-path[5.5.0~1494-e5a5]:main():lattice-best-path.cc:99) For utterance M0000000107_0010, best cost 28.2629 + 1951.47 = 1979.74 over 244 frames.
M0000000107_0010 ของ ร้อน 
LOG (lattice-best-path[5.5.0~1494-e5a5]:main():lattice-best-path.cc:99) For utterance M0000000107_0011, best cost 33.2781 + 1544.06 = 1577.34 over 176 frames.
M0000000107_0011 อาหาร สำหรับ 
LOG (lattice-best-path[5.5.0~1494-e5a5]:main():lattice-best-path.cc:99) For utterance M0000000107_0012, best cost 43.9916 + 1942.11 = 1986.11 over 230 frames.
M0000000107_0012 กำหนด เที่ยว เครื่อง 
LOG (lattice-best-path[5.5.0~1494-e5a5]:main():lattice-best-path.cc:99) For utterance M0000000107_0013, best cost 68.4439 + 3714.42 = 3782.86 over 430 frames.
M0000000107_0013 ต้อง พื้นที่ ถ่องแท้ ของ ค่ำคืน 
LOG (lattice-best-path[5.5.0~1494-e5a5]:main():lattice-best-path.cc:99) For utterance M0000000107_0014, best cost 31.1782 + 1871.17 = 1902.35 over 219 frames.
M0000000107_0014 ขอม โบราณ ที่ 
LOG (lattice-best-path[5.5.0~1494-e5a5]:main():lattice-best-path.cc:99) For utterance M0000000107_0015, best cost 45.9136 + 1922.69 = 1968.6 over 224 frames.
M0000000107_0015 ของ แมงป่อง นำ มา 
LOG (lattice-best-path[5.5.0~1494-e5a5]:main():lattice-best-path.cc:99) For utterance M0000000107_0016, best cost 39.0003 + 2365.67 = 2404.67 over 265 frames.
M0000000107_0016 ของ งามเจตนรมณ์ และ 
LOG (lattice-best-path[5.5.0~1494-e5a5]:main():lattice-best-path.cc:99) For utterance M0000000107_0017, best cost 32.598 + 1835.7 = 1868.29 over 219 frames.
M0000000107_0017 ของ มาตรเวลา 
LOG (lattice-best-path[5.5.0~1494-e5a5]:main():lattice-best-path.cc:99) For utterance M0000000107_0018, best cost 39.3919 + 1670.47 = 1709.86 over 197 frames.
M0000000107_0018 ของ เรา มี เท่านั้น 
LOG (lattice-best-path[5.5.0~1494-e5a5]:main():lattice-best-path.cc:99) For utterance M0000000107_0019, best cost 42.9321 + 2155.34 = 2198.27 over 253 frames.
M0000000107_0019 หลาย เป็นต้นมา มาก 
LOG (lattice-best-path[5.5.0~1494-e5a5]:main():lattice-best-path.cc:99) For utterance M0000000107_0020, best cost 15.3453 + 1588.69 = 1604.04 over 179 frames.
M0000000107_0020 
LOG (lattice-best-path[5.5.0~1494-e5a5]:main():lattice-best-path.cc:99) For utterance M0000000107_0021, best cost 23.6892 + 1508.29 = 1531.98 over 174 frames.
M0000000107_0021 คล้ายคลึง กัน 
LOG (lattice-best-path[5.5.0~1494-e5a5]:main():lattice-best-path.cc:99) For utterance M0000000107_0022, best cost 31.4394 + 2327.32 = 2358.76 over 282 frames.
M0000000107_0022 ขึ้นมา ไม่ ทัน 
LOG (lattice-best-path[5.5.0~1494-e5a5]:main():lattice-best-path.cc:99) For utterance M0000000107_0023, best cost 28.722 + 2508.54 = 2537.26 over 295 frames.
M0000000107_0023 ไขราหน้าจั่ว 
LOG (lattice-best-path[5.5.0~1494-e5a5]:main():lattice-best-path.cc:99) For utterance M0000000107_0024, best cost 38.8352 + 1573 = 1611.83 over 188 frames.
M0000000107_0024 ของ เครื่องบิน รอย 
LOG (lattice-best-path[5.5.0~1494-e5a5]:main():lattice-best-path.cc:99) For utterance M0000000107_0025, best cost 26.091 + 1383.27 = 1409.36 over 159 frames.
M0000000107_0025 เครื่อง ลง 
LOG (lattice-best-path[5.5.0~1494-e5a5]:main():lattice-best-path.cc:99) For utterance M0000000107_0026, best cost 41.6338 + 2002.44 = 2044.07 over 233 frames.
M0000000107_0026 มี กำลังส่ง ที่ ไม่ 
LOG (lattice-best-path[5.5.0~1494-e5a5]:main():lattice-best-path.cc:99) For utterance M0000000107_0027, best cost 49.2499 + 2166.97 = 2216.22 over 259 frames.
M0000000107_0027 รศ. ประเทศไทย นั้น จาก 
LOG (lattice-best-path[5.5.0~1494-e5a5]:main():lattice-best-path.cc:99) For utterance M0000000107_0028, best cost 32.9238 + 2132.92 = 2165.84 over 249 frames.
M0000000107_0028 คอมพิวเตอร์ มั่นคง 
LOG (lattice-best-path[5.5.0~1494-e5a5]:main():lattice-best-path.cc:99) For utterance M0000000107_0029, best cost 27.3297 + 1657.69 = 1685.01 over 202 frames.
M0000000107_0029 การ หาเลี้ยง 
LOG (lattice-best-path[5.5.0~1494-e5a5]:main():lattice-best-path.cc:99) For utterance M0000000107_0030, best cost 31.3135 + 2003.13 = 2034.45 over 236 frames.
M0000000107_0030 คง ฝรั่ง 
LOG (lattice-best-path[5.5.0~1494-e5a5]:main():lattice-best-path.cc:99) For utterance M0000000107_0031, best cost 46.0737 + 1975.21 = 2021.29 over 246 frames.
M0000000107_0031 อาหาร ตาราง ที่ ลง 
LOG (lattice-best-path[5.5.0~1494-e5a5]:main():lattice-best-path.cc:99) For utterance M0000000107_0032, best cost 37.086 + 2468.92 = 2506.01 over 297 frames.
M0000000107_0032 ดร. อีก มากมาย 
LOG (lattice-best-path[5.5.0~1494-e5a5]:main():lattice-best-path.cc:99) For utterance M0000000107_0033, best cost 21.3134 + 1689.31 = 1710.63 over 209 frames.
M0000000107_0033 รายละเอียด 
LOG (lattice-best-path[5.5.0~1494-e5a5]:main():lattice-best-path.cc:99) For utterance M0000000107_0034, best cost 21.5888 + 1351.99 = 1373.58 over 158 frames.
M0000000107_0034 อร่ามเหลือง 
LOG (lattice-best-path[5.5.0~1494-e5a5]:main():lattice-best-path.cc:99) For utterance M0000000107_0035, best cost 25.6534 + 1442.42 = 1468.07 over 181 frames.
M0000000107_0035 ระยะ แล้ว 
LOG (lattice-best-path[5.5.0~1494-e5a5]:main():lattice-best-path.cc:99) For utterance M0000000107_0036, best cost 41.7524 + 1626.93 = 1668.68 over 208 frames.
M0000000107_0036 ของ เปลี่ยนเป็น หนู 
LOG (lattice-best-path[5.5.0~1494-e5a5]:main():lattice-best-path.cc:99) For utterance M0000000107_0037, best cost 29.6392 + 1890.39 = 1920.03 over 230 frames.
M0000000107_0037 แล้ว แนวทาง 
LOG (lattice-best-path[5.5.0~1494-e5a5]:main():lattice-best-path.cc:99) For utterance M0000000107_0038, best cost 27.2164 + 1526.3 = 1553.52 over 174 frames.
M0000000107_0038 รุ่งอรุณ และ 
LOG (lattice-best-path[5.5.0~1494-e5a5]:main():lattice-best-path.cc:99) For utterance M0000000107_0039, best cost 33.7532 + 1935.74 = 1969.5 over 224 frames.
M0000000107_0039 ยา รส สามารถ 
LOG (lattice-best-path[5.5.0~1494-e5a5]:main():lattice-best-path.cc:99) For utterance M0000000107_0040, best cost 33.1211 + 2135.47 = 2168.59 over 257 frames.
M0000000107_0040 ยา รส เท่านั้น 
LOG (lattice-best-path[5.5.0~1494-e5a5]:main():lattice-best-path.cc:99) For utterance M0000000107_0041, best cost 53.045 + 2237.88 = 2290.93 over 263 frames.
M0000000107_0041 เออออ พลเมือง โดย ไม่ 
LOG (lattice-best-path[5.5.0~1494-e5a5]:main():lattice-best-path.cc:99) For utterance M0000000107_0042, best cost 44.2242 + 1668.18 = 1712.4 over 201 frames.
M0000000107_0042 ยาก อย่างไร ถ่องแท้ 
LOG (lattice-best-path[5.5.0~1494-e5a5]:main():lattice-best-path.cc:99) For utterance M0000000107_0043, best cost 22.2915 + 1629.48 = 1651.77 over 189 frames.
M0000000107_0043 ฉลามลาย 
LOG (lattice-best-path[5.5.0~1494-e5a5]:main():lattice-best-path.cc:99) For utterance M0000000107_0044, best cost 23.1771 + 1561.64 = 1584.82 over 181 frames.
M0000000107_0044 ด้วย 
LOG (lattice-best-path[5.5.0~1494-e5a5]:main():lattice-best-path.cc:99) For utterance M0000000107_0045, best cost 34.339 + 2139.01 = 2173.35 over 251 frames.
M0000000107_0045 ระบบ เคลื่อนที่ ได้ 
LOG (lattice-best-path[5.5.0~1494-e5a5]:main():lattice-best-path.cc:99) For utterance M0000000107_0046, best cost 22.9308 + 1618.53 = 1641.46 over 194 frames.
M0000000107_0046 อธิบาย 
LOG (lattice-best-path[5.5.0~1494-e5a5]:main():lattice-best-path.cc:99) For utterance M0000000107_0047, best cost 37.2608 + 1782.14 = 1819.4 over 215 frames.
M0000000107_0047 แสดง การ เป็นหลัก 
LOG (lattice-best-path[5.5.0~1494-e5a5]:main():lattice-best-path.cc:99) For utterance M0000000107_0048, best cost 46.878 + 2027.46 = 2074.34 over 237 frames.
M0000000107_0048 มี กงล้อ ทั้ง ภายใน 
LOG (lattice-best-path[5.5.0~1494-e5a5]:main():lattice-best-path.cc:99) For utterance M0000000107_0049, best cost 29.8456 + 1404.99 = 1434.83 over 178 frames.
M0000000107_0049 เมื่อ ละเลย 
LOG (lattice-best-path[5.5.0~1494-e5a5]:main():lattice-best-path.cc:99) For utterance M0000000107_0050, best cost 39.4636 + 1621.57 = 1661.03 over 195 frames.
M0000000107_0050 ลง เฉลี่ย มาก 
LOG (lattice-best-path[5.5.0~1494-e5a5]:main():lattice-best-path.cc:99) For utterance M0000000107_0051, best cost 33.4035 + 1598.99 = 1632.39 over 198 frames.
M0000000107_0051 ประจำวัน ข่าว 
LOG (lattice-best-path[5.5.0~1494-e5a5]:main():lattice-best-path.cc:99) For utterance M0000000107_0052, best cost 34.5984 + 1795.23 = 1829.82 over 215 frames.
M0000000107_0052 เรือ เกย เพราะ 
LOG (lattice-best-path[5.5.0~1494-e5a5]:main():lattice-best-path.cc:99) For utterance M0000000107_0053, best cost 47.5394 + 1937.75 = 1985.29 over 229 frames.
M0000000107_0053 องค์ เดียว น้อย มาก นัก 
LOG (lattice-best-path[5.5.0~1494-e5a5]:main():lattice-best-path.cc:99) For utterance M0000000107_0054, best cost 22.6852 + 1376.31 = 1398.99 over 161 frames.
M0000000107_0054 อิเล็กตรอน 
LOG (lattice-best-path[5.5.0~1494-e5a5]:main():lattice-best-path.cc:99) For utterance M0000000107_0055, best cost 35.2468 + 1582.97 = 1618.21 over 193 frames.
M0000000107_0055 รหัส ของ ไว้ 
LOG (lattice-best-path[5.5.0~1494-e5a5]:main():lattice-best-path.cc:99) For utterance M0000000107_0056, best cost 67.0485 + 2884.25 = 2951.3 over 343 frames.
M0000000107_0056 กิน ขึ้น ร่างกาย ขึ้น อย่างไร 
LOG (lattice-best-path[5.5.0~1494-e5a5]:main():lattice-best-path.cc:99) For utterance M0000000107_0057, best cost 20.6978 + 1279.58 = 1300.27 over 163 frames.
M0000000107_0057 มั่นคง 
LOG (lattice-best-path[5.5.0~1494-e5a5]:main():lattice-best-path.cc:99) For utterance M0000000107_0058, best cost 30.5294 + 1522.16 = 1552.69 over 179 frames.
M0000000107_0058 หลังจากนั้น ไม่ 
LOG (lattice-best-path[5.5.0~1494-e5a5]:main():lattice-best-path.cc:99) For utterance M0000000107_0059, best cost 15.7801 + 1843.98 = 1859.76 over 220 frames.
M0000000107_0059 
LOG (lattice-best-path[5.5.0~1494-e5a5]:main():lattice-best-path.cc:99) For utterance M0000000107_0060, best cost 31.3632 + 2684.69 = 2716.05 over 320 frames.
M0000000107_0060 และ ไม่ 
LOG (lattice-best-path[5.5.0~1494-e5a5]:main():lattice-best-path.cc:99) For utterance M0000000107_0061, best cost 39.813 + 1854.13 = 1893.94 over 233 frames.
M0000000107_0061 กลไก เป็น วัย ของ 
LOG (lattice-best-path[5.5.0~1494-e5a5]:main():lattice-best-path.cc:99) For utterance M0000000107_0062, best cost 39.0076 + 1548.99 = 1588 over 192 frames.
M0000000107_0062 มี ท่องเที่ยว ไม่ 
LOG (lattice-best-path[5.5.0~1494-e5a5]:main():lattice-best-path.cc:99) For utterance M0000000107_0063, best cost 53.3569 + 1798.84 = 1852.2 over 228 frames.
M0000000107_0063 เร็ว ตัวเมีย รอย ไม่ 
LOG (lattice-best-path[5.5.0~1494-e5a5]:main():lattice-best-path.cc:99) For utterance M0000000107_0064, best cost 25.4501 + 1438.59 = 1464.04 over 176 frames.
M0000000107_0064 คลอไรด์ ซิเทรต 
LOG (lattice-best-path[5.5.0~1494-e5a5]:main():lattice-best-path.cc:99) For utterance M0000000107_0065, best cost 42.4497 + 1880.65 = 1923.1 over 216 frames.
M0000000107_0065 ของ ที่สุด รอย 
LOG (lattice-best-path[5.5.0~1494-e5a5]:main():lattice-best-path.cc:99) For utterance M0000000107_0066, best cost 18.8788 + 1681.87 = 1700.75 over 192 frames.
M0000000107_0066 เพราะ 
LOG (lattice-best-path[5.5.0~1494-e5a5]:main():lattice-best-path.cc:99) For utterance M0000000107_0067, best cost 35.0654 + 1687.37 = 1722.43 over 201 frames.
M0000000107_0067 ของ ลิ้นทะเล 
LOG (lattice-best-path[5.5.0~1494-e5a5]:main():lattice-best-path.cc:99) For utterance M0000000107_0068, best cost 35.444 + 2488.08 = 2523.53 over 298 frames.
M0000000107_0068 แคระแกร็น ต้องการ 
LOG (lattice-best-path[5.5.0~1494-e5a5]:main():lattice-best-path.cc:99) For utterance M0000000107_0069, best cost 30.5926 + 1562.23 = 1592.83 over 185 frames.
M0000000107_0069 วิธี อย่างไร 
LOG (lattice-best-path[5.5.0~1494-e5a5]:main():lattice-best-path.cc:99) For utterance M0000000107_0070, best cost 42.5269 + 1838.72 = 1881.25 over 228 frames.
M0000000107_0070 ของ เล็ก ลง น้อย ขึ้น 
LOG (lattice-best-path[5.5.0~1494-e5a5]:main():lattice-best-path.cc:99) For utterance M0000000107_0071, best cost 34.6294 + 1994.12 = 2028.75 over 229 frames.
M0000000107_0071 รายละเอียด โผล่ 
LOG (lattice-best-path[5.5.0~1494-e5a5]:main():lattice-best-path.cc:99) For utterance M0000000107_0072, best cost 35.6899 + 2265.04 = 2300.73 over 277 frames.
M0000000107_0072 ผลลัพธ์ ที่ ลดลง เรื่อย 
LOG (lattice-best-path[5.5.0~1494-e5a5]:main():lattice-best-path.cc:99) For utterance M0000000107_0073, best cost 53.5994 + 2404.38 = 2457.98 over 284 frames.
M0000000107_0073 ทำให้ ระหว่าง ร้านอาหาร บัตร 
LOG (lattice-best-path[5.5.0~1494-e5a5]:main():lattice-best-path.cc:99) For utterance M0000000107_0074, best cost 33.3495 + 1931.78 = 1965.13 over 228 frames.
M0000000107_0074 อะไร เคลื่อนไหว 
LOG (lattice-best-path[5.5.0~1494-e5a5]:main():lattice-best-path.cc:99) For utterance M0000000107_0075, best cost 58.3432 + 2696.73 = 2755.07 over 320 frames.
M0000000107_0075 ยาฆ่าแมลง โดย อยู่ เท่าไร 
LOG (lattice-best-path[5.5.0~1494-e5a5]:main():lattice-best-path.cc:99) For utterance M0000000107_0076, best cost 42.402 + 2181.06 = 2223.47 over 248 frames.
M0000000107_0076 รายละเอียด อาจจะ ไม่ 
LOG (lattice-best-path[5.5.0~1494-e5a5]:main():lattice-best-path.cc:99) For utterance M0000000107_0077, best cost 65.0827 + 2316.98 = 2382.06 over 279 frames.
M0000000107_0077 เหล่านี้ ดังนั้น จะ แห่ง ใน ใน 
LOG (lattice-best-path[5.5.0~1494-e5a5]:main():lattice-best-path.cc:99) For utterance M0000000107_0078, best cost 48.5297 + 2484.12 = 2532.65 over 292 frames.
M0000000107_0078 ยา เสื้อกระบอก ให้โทษ 
LOG (lattice-best-path[5.5.0~1494-e5a5]:main():lattice-best-path.cc:99) For utterance M0000000107_0079, best cost 27.3001 + 1648.08 = 1675.38 over 193 frames.
M0000000107_0079 รับประทาน ได้ 
LOG (lattice-best-path[5.5.0~1494-e5a5]:main():lattice-best-path.cc:99) For utterance M0000000107_0080, best cost 63.7669 + 2628.65 = 2692.42 over 306 frames.
M0000000107_0080 ยา รหัส บาง เกาะ ทำลาย 
LOG (lattice-best-path[5.5.0~1494-e5a5]:main():lattice-best-path.cc:99) For utterance M0000000107_0081, best cost 57.353 + 2941.03 = 2998.38 over 347 frames.
M0000000107_0081 เพราะ ช่วย สร้าง อย่างไร ภายใน 
LOG (lattice-best-path[5.5.0~1494-e5a5]:main():lattice-best-path.cc:99) For utterance M0000000107_0082, best cost 41.3465 + 2779.23 = 2820.58 over 329 frames.
M0000000107_0082 และ ระหว่าง กด คีย์บอร์ด 
LOG (lattice-best-path[5.5.0~1494-e5a5]:main():lattice-best-path.cc:99) For utterance M0000000107_0083, best cost 43.2045 + 1831.02 = 1874.23 over 208 frames.
M0000000107_0083 เคี่ยว ให้ ที่ ไม่ 
LOG (lattice-best-path[5.5.0~1494-e5a5]:main():lattice-best-path.cc:99) For utterance M0000000107_0084, best cost 40.6499 + 1812.09 = 1852.74 over 212 frames.
M0000000107_0084 ขึ้น เป็น หลักฐาน 
LOG (lattice-best-path[5.5.0~1494-e5a5]:main():lattice-best-path.cc:99) For utterance M0000000107_0085, best cost 49.1362 + 1909.4 = 1958.53 over 238 frames.
M0000000107_0085 ข่าย อะไร ได้ อีกด้วย 
LOG (lattice-best-path[5.5.0~1494-e5a5]:main():lattice-best-path.cc:99) For utterance M0000000107_0086, best cost 44.8553 + 1991.01 = 2035.86 over 229 frames.
M0000000107_0086 อนึ่ง ขัดยอก เอา 
LOG (lattice-best-path[5.5.0~1494-e5a5]:main():lattice-best-path.cc:99) For utterance M0000000107_0087, best cost 43.29 + 1829.63 = 1872.92 over 223 frames.
M0000000107_0087 เรียน นโยบาย ไม่ 
LOG (lattice-best-path[5.5.0~1494-e5a5]:main():lattice-best-path.cc:99) For utterance M0000000107_0088, best cost 51.8791 + 1731.09 = 1782.97 over 206 frames.
M0000000107_0088 ใช้ หนู โอกาส ที่ ไม่ 
LOG (lattice-best-path[5.5.0~1494-e5a5]:main():lattice-best-path.cc:99) For utterance M0000000107_0089, best cost 46.7928 + 1501.38 = 1548.17 over 179 frames.
M0000000107_0089 กลไก น้ำตาล ที่ ของ 
LOG (lattice-best-path[5.5.0~1494-e5a5]:main():lattice-best-path.cc:99) For utterance M0000000107_0090, best cost 45.6452 + 1991.57 = 2037.22 over 241 frames.
M0000000107_0090 ทำ ใน รหัส 
LOG (lattice-best-path[5.5.0~1494-e5a5]:main():lattice-best-path.cc:99) For utterance M0000000107_0091, best cost 32.4441 + 2175.39 = 2207.83 over 258 frames.
M0000000107_0091 ใช้ หลัก 
LOG (lattice-best-path[5.5.0~1494-e5a5]:main():lattice-best-path.cc:99) For utterance M0000000107_0092, best cost 40.219 + 1436.46 = 1476.68 over 165 frames.
M0000000107_0092 ไซ หู ดึง เอา 
LOG (lattice-best-path[5.5.0~1494-e5a5]:main():lattice-best-path.cc:99) For utterance M0000000107_0093, best cost 37.3646 + 1744.05 = 1781.41 over 209 frames.
M0000000107_0093 เขา ทำให้ จำเป็น 
LOG (lattice-best-path[5.5.0~1494-e5a5]:main():lattice-best-path.cc:99) For utterance M0000000107_0094, best cost 49.7695 + 1661.6 = 1711.37 over 200 frames.
M0000000107_0094 กล่อง ด้วย ของ จำเป็น 
LOG (lattice-best-path[5.5.0~1494-e5a5]:main():lattice-best-path.cc:99) For utterance M0000000107_0095, best cost 48.5106 + 2273.72 = 2322.23 over 275 frames.
M0000000107_0095 คำนวณ รวดเร็ว กว่า หนึ่ง ไว้ 
LOG (lattice-best-path[5.5.0~1494-e5a5]:main():lattice-best-path.cc:99) For utterance M0000000107_0096, best cost 54.0272 + 2225.19 = 2279.22 over 264 frames.
M0000000107_0096 รูป ที่ โลหะ หลาย เล่น 
LOG (lattice-best-path[5.5.0~1494-e5a5]:main():lattice-best-path.cc:99) For utterance M0000000107_0097, best cost 42.4289 + 1838.08 = 1880.51 over 214 frames.
M0000000107_0097 กระทบ ที่ ออก รวง 
LOG (lattice-best-path[5.5.0~1494-e5a5]:main():lattice-best-path.cc:99) For utterance M0000000107_0098, best cost 52.9213 + 2631.91 = 2684.83 over 316 frames.
M0000000107_0098 รับส่ง ชิ้น บางๆ ได้รับ 
LOG (lattice-best-path[5.5.0~1494-e5a5]:main():lattice-best-path.cc:99) For utterance M0000000107_0099, best cost 29.5785 + 1674.14 = 1703.71 over 184 frames.
M0000000107_0099 โดย เข้า เครื่อง 
LOG (lattice-best-path[5.5.0~1494-e5a5]:main():lattice-best-path.cc:99) For utterance M0000000107_0100, best cost 42.8179 + 1895.13 = 1937.95 over 219 frames.
M0000000107_0100 เดียว เรา อร่ามเหลือง 
LOG (lattice-best-path[5.5.0~1494-e5a5]:main():lattice-best-path.cc:99) For utterance M0000000107_0101, best cost 71.6333 + 3626.91 = 3698.54 over 424 frames.
M0000000107_0101 เกรียงชัย รหัส แล้ว ไป ละเลย กัน 
LOG (lattice-best-path[5.5.0~1494-e5a5]:main():lattice-best-path.cc:99) For utterance M0000000124_0000, best cost 20.6922 + 1480.18 = 1500.87 over 203 frames.
M0000000124_0000 ที่ 
LOG (lattice-best-path[5.5.0~1494-e5a5]:main():lattice-best-path.cc:99) For utterance M0000000124_0001, best cost 50.2818 + 2277.52 = 2327.8 over 282 frames.
M0000000124_0001 ควร ที่รัก นั้น การ 
LOG (lattice-best-path[5.5.0~1494-e5a5]:main():lattice-best-path.cc:99) For utterance M0000000124_0002, best cost 42.9337 + 2505.92 = 2548.85 over 321 frames.
M0000000124_0002 เช่น กล่าวถึง การ 
LOG (lattice-best-path[5.5.0~1494-e5a5]:main():lattice-best-path.cc:99) For utterance M0000000124_0003, best cost 43.2504 + 2154.23 = 2197.48 over 284 frames.
M0000000124_0003 สำคัญ คลินิก ขึ้น 
LOG (lattice-best-path[5.5.0~1494-e5a5]:main():lattice-best-path.cc:99) For utterance M0000000124_0004, best cost 37.6197 + 2122.13 = 2159.75 over 267 frames.
M0000000124_0004 คลอไรด์ รองศาสตราจารย์ 
LOG (lattice-best-path[5.5.0~1494-e5a5]:main():lattice-best-path.cc:99) For utterance M0000000124_0005, best cost 40.7918 + 2113.68 = 2154.47 over 269 frames.
M0000000124_0005 ไซ หู การ 
LOG (lattice-best-path[5.5.0~1494-e5a5]:main():lattice-best-path.cc:99) For utterance M0000000124_0006, best cost 20.8447 + 1631.86 = 1652.71 over 204 frames.
M0000000124_0006 แคระแกร็น 
LOG (lattice-best-path[5.5.0~1494-e5a5]:main():lattice-best-path.cc:99) For utterance M0000000124_0007, best cost 14.9794 + 1431.43 = 1446.41 over 173 frames.
M0000000124_0007 
LOG (lattice-best-path[5.5.0~1494-e5a5]:main():lattice-best-path.cc:99) For utterance M0000000124_0008, best cost 26.9106 + 1989.88 = 2016.79 over 251 frames.
M0000000124_0008 ทรง 
LOG (lattice-best-path[5.5.0~1494-e5a5]:main():lattice-best-path.cc:99) For utterance M0000000124_0009, best cost 35.4124 + 1608.24 = 1643.65 over 199 frames.
M0000000124_0009 ข้อ นั้น เช่นกัน 
LOG (lattice-best-path[5.5.0~1494-e5a5]:main():lattice-best-path.cc:99) For utterance M0000000124_0010, best cost 30.7593 + 1707.05 = 1737.81 over 227 frames.
M0000000124_0010 ของ มอบหมาย 
LOG (lattice-best-path[5.5.0~1494-e5a5]:main():lattice-best-path.cc:99) For utterance M0000000124_0011, best cost 25.1435 + 1573.19 = 1598.34 over 199 frames.
M0000000124_0011 มา 
LOG (lattice-best-path[5.5.0~1494-e5a5]:main():lattice-best-path.cc:99) For utterance M0000000124_0012, best cost 43.5874 + 2288.31 = 2331.9 over 287 frames.
M0000000124_0012 ศัตรู ทั้ง เครื่อง 
LOG (lattice-best-path[5.5.0~1494-e5a5]:main():lattice-best-path.cc:99) For utterance M0000000124_0013, best cost 59.4065 + 2944.49 = 3003.89 over 371 frames.
M0000000124_0013 ที่ ถ่องแท้ สุขุม เครื่อง 
LOG (lattice-best-path[5.5.0~1494-e5a5]:main():lattice-best-path.cc:99) For utterance M0000000124_0014, best cost 42.4262 + 2295.72 = 2338.14 over 302 frames.
M0000000124_0014 คอก ตัวแปร ที่ 
LOG (lattice-best-path[5.5.0~1494-e5a5]:main():lattice-best-path.cc:99) For utterance M0000000124_0015, best cost 42.3516 + 1994.1 = 2036.45 over 264 frames.
M0000000124_0015 ข้อ นั้น โต๊ะงาน ใน 
LOG (lattice-best-path[5.5.0~1494-e5a5]:main():lattice-best-path.cc:99) For utterance M0000000124_0016, best cost 48.036 + 2207.57 = 2255.6 over 278 frames.
M0000000124_0016 ข้อ นั้น จิระศักดิ์ เรือน 
LOG (lattice-best-path[5.5.0~1494-e5a5]:main():lattice-best-path.cc:99) For utterance M0000000124_0017, best cost 37.8711 + 2220.07 = 2257.94 over 302 frames.
M0000000124_0017 ข้อ นั้น เรื่อง 
LOG (lattice-best-path[5.5.0~1494-e5a5]:main():lattice-best-path.cc:99) For utterance M0000000124_0018, best cost 41.2968 + 2090.5 = 2131.8 over 275 frames.
M0000000124_0018 ครอบครัว ที่ ขโมย 
LOG (lattice-best-path[5.5.0~1494-e5a5]:main():lattice-best-path.cc:99) For utterance M0000000124_0019, best cost 43.6634 + 1653.14 = 1696.8 over 208 frames.
M0000000124_0019 ขยาย เป็นต้นมา หนัก 
LOG (lattice-best-path[5.5.0~1494-e5a5]:main():lattice-best-path.cc:99) For utterance M0000000124_0020, best cost 33.3814 + 1786.95 = 1820.33 over 228 frames.
M0000000124_0020 รู้จัก ใช้ ใน 
LOG (lattice-best-path[5.5.0~1494-e5a5]:main():lattice-best-path.cc:99) For utterance M0000000124_0021, best cost 31.5547 + 1664.27 = 1695.83 over 219 frames.
M0000000124_0021 ใน ที่ ชั้น 
LOG (lattice-best-path[5.5.0~1494-e5a5]:main():lattice-best-path.cc:99) For utterance M0000000124_0022, best cost 31.0428 + 1602.28 = 1633.33 over 207 frames.
M0000000124_0022 ทำ ได้ เมื่อ 
LOG (lattice-best-path[5.5.0~1494-e5a5]:main():lattice-best-path.cc:99) For utterance M0000000124_0023, best cost 58.6788 + 2220.37 = 2279.05 over 284 frames.
M0000000124_0023 อาหาร อะไร มั่นคง ภายใน 
LOG (lattice-best-path[5.5.0~1494-e5a5]:main():lattice-best-path.cc:99) For utterance M0000000124_0024, best cost 39.4048 + 2180.09 = 2219.5 over 287 frames.
M0000000124_0024 ของ เครื่อง ผู้น้อย 
LOG (lattice-best-path[5.5.0~1494-e5a5]:main():lattice-best-path.cc:99) For utterance M0000000124_0025, best cost 21.9727 + 1266.02 = 1287.99 over 169 frames.
M0000000124_0025 นก 
LOG (lattice-best-path[5.5.0~1494-e5a5]:main():lattice-best-path.cc:99) For utterance M0000000124_0026, best cost 36.426 + 2082.42 = 2118.84 over 274 frames.
M0000000124_0026 มี ที่ ไม่ 
LOG (lattice-best-path[5.5.0~1494-e5a5]:main():lattice-best-path.cc:99) For utterance M0000000124_0027, best cost 44.267 + 1783.51 = 1827.78 over 224 frames.
M0000000124_0027 รศ. มัก ค่าใช้จ่าย 
LOG (lattice-best-path[5.5.0~1494-e5a5]:main():lattice-best-path.cc:99) For utterance M0000000124_0028, best cost 39.9152 + 1948.37 = 1988.29 over 251 frames.
M0000000124_0028 ข้อ นั้น จิระศักดิ์ 
LOG (lattice-best-path[5.5.0~1494-e5a5]:main():lattice-best-path.cc:99) For utterance M0000000124_0029, best cost 23.25 + 1720.66 = 1743.91 over 221 frames.
M0000000124_0029 อย่าง 
LOG (lattice-best-path[5.5.0~1494-e5a5]:main():lattice-best-path.cc:99) For utterance M0000000124_0030, best cost 21.0051 + 1805 = 1826 over 236 frames.
M0000000124_0030 ระหว่าง 
LOG (lattice-best-path[5.5.0~1494-e5a5]:main():lattice-best-path.cc:99) For utterance M0000000124_0031, best cost 42.7251 + 1682.72 = 1725.44 over 212 frames.
M0000000124_0031 อาจจะ ไม่ ที่ ลง 
LOG (lattice-best-path[5.5.0~1494-e5a5]:main():lattice-best-path.cc:99) For utterance M0000000124_0032, best cost 41.451 + 2014.99 = 2056.44 over 260 frames.
M0000000124_0032 ต่อ โรค น้ำ ใน 
LOG (lattice-best-path[5.5.0~1494-e5a5]:main():lattice-best-path.cc:99) For utterance M0000000124_0033, best cost 30.9408 + 1473.42 = 1504.36 over 196 frames.
M0000000124_0033 ไม่ เกษตร 
LOG (lattice-best-path[5.5.0~1494-e5a5]:main():lattice-best-path.cc:99) For utterance M0000000124_0034, best cost 31.3154 + 1683.4 = 1714.71 over 230 frames.
M0000000124_0034 ร้อน คำสั่ง 
LOG (lattice-best-path[5.5.0~1494-e5a5]:main():lattice-best-path.cc:99) For utterance M0000000124_0035, best cost 20.8826 + 1734.66 = 1755.54 over 230 frames.
M0000000124_0035 แมลง 
LOG (lattice-best-path[5.5.0~1494-e5a5]:main():lattice-best-path.cc:99) For utterance M0000000124_0036, best cost 43.5963 + 1620.66 = 1664.26 over 212 frames.
M0000000124_0036 คอก เปลี่ยนเป็น อยู่ 
LOG (lattice-best-path[5.5.0~1494-e5a5]:main():lattice-best-path.cc:99) For utterance M0000000124_0037, best cost 27.9519 + 1815.96 = 1843.91 over 239 frames.
M0000000124_0037 ไม่ รักษา 
LOG (lattice-best-path[5.5.0~1494-e5a5]:main():lattice-best-path.cc:99) For utterance M0000000124_0038, best cost 33.0574 + 1657.37 = 1690.43 over 210 frames.
M0000000124_0038 ปลุกเร้า ยัง 
LOG (lattice-best-path[5.5.0~1494-e5a5]:main():lattice-best-path.cc:99) For utterance M0000000124_0039, best cost 22.9442 + 2257.93 = 2280.87 over 287 frames.
M0000000124_0039 และ 
LOG (lattice-best-path[5.5.0~1494-e5a5]:main():lattice-best-path.cc:99) For utterance M0000000124_0040, best cost 42.8679 + 2226.85 = 2269.72 over 279 frames.
M0000000124_0040 อย่างไร ตรวจสอบ มาก 
LOG (lattice-best-path[5.5.0~1494-e5a5]:main():lattice-best-path.cc:99) For utterance M0000000124_0041, best cost 66.9054 + 2640.37 = 2707.27 over 347 frames.
M0000000124_0041 ออก โต ตัวนำ อัตรา เร็ว ใน 
LOG (lattice-best-path[5.5.0~1494-e5a5]:main():lattice-best-path.cc:99) For utterance M0000000124_0042, best cost 40.4032 + 2224.99 = 2265.39 over 279 frames.
M0000000124_0042 ย่าน จาก ไป 
LOG (lattice-best-path[5.5.0~1494-e5a5]:main():lattice-best-path.cc:99) For utterance M0000000124_0043, best cost 38.2395 + 2047.33 = 2085.57 over 275 frames.
M0000000124_0043 ทำมุม ว่า ใน 
LOG (lattice-best-path[5.5.0~1494-e5a5]:main():lattice-best-path.cc:99) For utterance M0000000124_0044, best cost 23.4825 + 1826.55 = 1850.04 over 239 frames.
M0000000124_0044 ด้วย 
LOG (lattice-best-path[5.5.0~1494-e5a5]:main():lattice-best-path.cc:99) For utterance M0000000124_0045, best cost 40.01 + 2218.3 = 2258.31 over 287 frames.
M0000000124_0045 ระบาย เทคนิค ใน 
LOG (lattice-best-path[5.5.0~1494-e5a5]:main():lattice-best-path.cc:99) For utterance M0000000124_0046, best cost 33.2166 + 1517.24 = 1550.45 over 200 frames.
M0000000124_0046 ออก ที่ ไป 
LOG (lattice-best-path[5.5.0~1494-e5a5]:main():lattice-best-path.cc:99) For utterance M0000000124_0047, best cost 28.731 + 2292.68 = 2321.41 over 305 frames.
M0000000124_0047 จานสายอากาศ 
LOG (lattice-best-path[5.5.0~1494-e5a5]:main():lattice-best-path.cc:99) For utterance M0000000124_0048, best cost 33.4725 + 2076.46 = 2109.94 over 272 frames.
M0000000124_0048 มี โครงสร้าง ภายใน 
LOG (lattice-best-path[5.5.0~1494-e5a5]:main():lattice-best-path.cc:99) For utterance M0000000124_0049, best cost 42.5258 + 1797.52 = 1840.05 over 239 frames.
M0000000124_0049 ไม่ รอย เลย 
LOG (lattice-best-path[5.5.0~1494-e5a5]:main():lattice-best-path.cc:99) For utterance M0000000124_0050, best cost 37.9172 + 2172.74 = 2210.65 over 287 frames.
M0000000124_0050 เพราะ ชัดเจน มาก 
LOG (lattice-best-path[5.5.0~1494-e5a5]:main():lattice-best-path.cc:99) For utterance M0000000124_0051, best cost 33.2716 + 1650.9 = 1684.17 over 215 frames.
M0000000124_0051 ประจำวัน ข่าว 
LOG (lattice-best-path[5.5.0~1494-e5a5]:main():lattice-best-path.cc:99) For utterance M0000000124_0052, best cost 33.5969 + 2029.49 = 2063.08 over 269 frames.
M0000000124_0052 คลื่นไส้ สับ 
LOG (lattice-best-path[5.5.0~1494-e5a5]:main():lattice-best-path.cc:99) For utterance M0000000124_0053, best cost 45.8018 + 2179.5 = 2225.3 over 275 frames.
M0000000124_0053 วันนี้ อะไร สับ 
LOG (lattice-best-path[5.5.0~1494-e5a5]:main():lattice-best-path.cc:99) For utterance M0000000124_0054, best cost 32.1824 + 1869.34 = 1901.52 over 242 frames.
M0000000124_0054 ไว้ ก่อน 
LOG (lattice-best-path[5.5.0~1494-e5a5]:main():lattice-best-path.cc:99) For utterance M0000000124_0055, best cost 35.6616 + 2162.16 = 2197.82 over 284 frames.
M0000000124_0055 ปัญหา รอย 
LOG (lattice-best-path[5.5.0~1494-e5a5]:main():lattice-best-path.cc:99) For utterance M0000000124_0056, best cost 77.3111 + 2893.71 = 2971.03 over 362 frames.
M0000000124_0056 ทิ้ง ขึ้น การ รักษา ถึง เดียวกัน ใน 
LOG (lattice-best-path[5.5.0~1494-e5a5]:main():lattice-best-path.cc:99) For utterance M0000000124_0057, best cost 35.1777 + 2139.7 = 2174.88 over 287 frames.
M0000000124_0057 ไม่ ต้อง ของ 
LOG (lattice-best-path[5.5.0~1494-e5a5]:main():lattice-best-path.cc:99) For utterance M0000000124_0058, best cost 29.995 + 2168.9 = 2198.9 over 284 frames.
M0000000124_0058 ลักษณะ ใน 
LOG (lattice-best-path[5.5.0~1494-e5a5]:main():lattice-best-path.cc:99) For utterance M0000000124_0059, best cost 38.6806 + 2340.7 = 2379.38 over 299 frames.
M0000000124_0059 กระดอง สัตว์ ร้าย 
LOG (lattice-best-path[5.5.0~1494-e5a5]:main():lattice-best-path.cc:99) For utterance M0000000124_0060, best cost 49.1148 + 2356.62 = 2405.73 over 291 frames.
M0000000124_0060 ต้องการ กล อัตรา น้อย 
LOG (lattice-best-path[5.5.0~1494-e5a5]:main():lattice-best-path.cc:99) For utterance M0000000124_0061, best cost 35.3945 + 2144.13 = 2179.53 over 281 frames.
M0000000124_0061 กลไก บัญญัติศัพท์ 
LOG (lattice-best-path[5.5.0~1494-e5a5]:main():lattice-best-path.cc:99) For utterance M0000000124_0062, best cost 34.6507 + 1958.69 = 1993.35 over 252 frames.
M0000000124_0062 นี้ ร้องเพลง ได้ 
LOG (lattice-best-path[5.5.0~1494-e5a5]:main():lattice-best-path.cc:99) For utterance M0000000124_0063, best cost 56.3049 + 2242.41 = 2298.71 over 296 frames.
M0000000124_0063 ไม่ รู้ นี้ อะไร ไม่ 
LOG (lattice-best-path[5.5.0~1494-e5a5]:main():lattice-best-path.cc:99) For utterance M0000000124_0064, best cost 34.5609 + 2266.11 = 2300.67 over 267 frames.
M0000000124_0064 ของ รังสี 
LOG (lattice-best-path[5.5.0~1494-e5a5]:main():lattice-best-path.cc:99) For utterance M0000000124_0065, best cost 62.3719 + 2311.71 = 2374.08 over 294 frames.
M0000000124_0065 ขอ จะ ชุบ เริ่ม น้อย 
LOG (lattice-best-path[5.5.0~1494-e5a5]:main():lattice-best-path.cc:99) For utterance M0000000124_0066, best cost 58.1645 + 2003.23 = 2061.39 over 260 frames.
M0000000124_0066 ตัด เทียบ หมด ขับ 
LOG (lattice-best-path[5.5.0~1494-e5a5]:main():lattice-best-path.cc:99) For utterance M0000000124_0067, best cost 39.4132 + 2276.94 = 2316.35 over 285 frames.
M0000000124_0067 ของ มี อนึ่ง 
LOG (lattice-best-path[5.5.0~1494-e5a5]:main():lattice-best-path.cc:99) For utterance M0000000124_0068, best cost 36.3941 + 2468.36 = 2504.76 over 318 frames.
M0000000124_0068 ข้อจำกัด ของ การ 
LOG (lattice-best-path[5.5.0~1494-e5a5]:main():lattice-best-path.cc:99) For utterance M0000000124_0069, best cost 46.08 + 2410.54 = 2456.62 over 302 frames.
M0000000124_0069 มี ที่ ละเมอ ไม่ 
LOG (lattice-best-path[5.5.0~1494-e5a5]:main():lattice-best-path.cc:99) For utterance M0000000124_0070, best cost 37.6518 + 2116.58 = 2154.23 over 278 frames.
M0000000124_0070 ขอม พิบูลศิลป์ 
LOG (lattice-best-path[5.5.0~1494-e5a5]:main():lattice-best-path.cc:99) For utterance M0000000124_0071, best cost 53.4868 + 2118.81 = 2172.29 over 278 frames.
M0000000124_0071 วันนี้ นี้ โค อีกด้วย 
LOG (lattice-best-path[5.5.0~1494-e5a5]:main():lattice-best-path.cc:99) For utterance M0000000124_0072, best cost 54.4229 + 1893.73 = 1948.15 over 236 frames.
M0000000124_0072 ควร ที่ นิกเกิล โดย ไม่ 
LOG (lattice-best-path[5.5.0~1494-e5a5]:main():lattice-best-path.cc:99) For utterance M0000000124_0073, best cost 58.7046 + 3132.3 = 3191 over 398 frames.
M0000000124_0073 ทำลาย ระหว่าง ทำ พัฒนา 
LOG (lattice-best-path[5.5.0~1494-e5a5]:main():lattice-best-path.cc:99) For utterance M0000000124_0074, best cost 35.2377 + 2078.42 = 2113.65 over 273 frames.
M0000000124_0074 รับ ไม่ 
LOG (lattice-best-path[5.5.0~1494-e5a5]:main():lattice-best-path.cc:99) For utterance M0000000124_0075, best cost 62.4812 + 2640.21 = 2702.69 over 330 frames.
M0000000124_0075 จาก สมการ ต้อง อายุ เท่าไร 
LOG (lattice-best-path[5.5.0~1494-e5a5]:main():lattice-best-path.cc:99) For utterance M0000000124_0076, best cost 57.8104 + 2677.79 = 2735.6 over 353 frames.
M0000000124_0076 อย่างไร เกณฑ์ การ รับ ไม่ 
LOG (lattice-best-path[5.5.0~1494-e5a5]:main():lattice-best-path.cc:99) For utterance M0000000124_0077, best cost 66.9741 + 2699.91 = 2766.88 over 344 frames.
M0000000124_0077 ไม่ มี ตลับ จาน แผ่นดิน ไม่ 
LOG (lattice-best-path[5.5.0~1494-e5a5]:main():lattice-best-path.cc:99) For utterance M0000000124_0078, best cost 52.2603 + 2855.63 = 2907.89 over 350 frames.
M0000000124_0078 ยาก ต่อ เข้า เท่าไร 
LOG (lattice-best-path[5.5.0~1494-e5a5]:main():lattice-best-path.cc:99) For utterance M0000000124_0079, best cost 42.7041 + 1916.02 = 1958.72 over 252 frames.
M0000000124_0079 เขา เป็น ใช้ ใหม่ 
LOG (lattice-best-path[5.5.0~1494-e5a5]:main():lattice-best-path.cc:99) For utterance M0000000124_0080, best cost 78.8705 + 2989.7 = 3068.57 over 374 frames.
M0000000124_0080 ยาว เปิด สาขา บาง ต้อง ทำ ใน 
LOG (lattice-best-path[5.5.0~1494-e5a5]:main():lattice-best-path.cc:99) For utterance M0000000124_0081, best cost 55.282 + 3168.6 = 3223.88 over 404 frames.
M0000000124_0081 เพราะ ช่วย สร้าง จะ ได้ ขโมย 
LOG (lattice-best-path[5.5.0~1494-e5a5]:main():lattice-best-path.cc:99) For utterance M0000000124_0082, best cost 76.7183 + 2949.26 = 3025.97 over 368 frames.
M0000000124_0082 และ จะ ไป เกิด การ ตรง ที่ แยก บัตร 
LOG (lattice-best-path[5.5.0~1494-e5a5]:main():lattice-best-path.cc:99) For utterance M0000000124_0083, best cost 49.1668 + 2221.7 = 2270.87 over 275 frames.
M0000000124_0083 กล้วย เกี่ยวข้อง ที่ ไม่ 
LOG (lattice-best-path[5.5.0~1494-e5a5]:main():lattice-best-path.cc:99) For utterance M0000000124_0084, best cost 45.007 + 2465.16 = 2510.17 over 312 frames.
M0000000124_0084 ที่ เป็น ใน บาง 
LOG (lattice-best-path[5.5.0~1494-e5a5]:main():lattice-best-path.cc:99) For utterance M0000000124_0085, best cost 50.318 + 2639.3 = 2689.62 over 344 frames.
M0000000124_0085 ถ้า เรา ได้ ที่ ไม่ 
LOG (lattice-best-path[5.5.0~1494-e5a5]:main():lattice-best-path.cc:99) For utterance M0000000124_0086, best cost 55.4579 + 2112.96 = 2168.42 over 269 frames.
M0000000124_0086 ส่วนหนึ่ง ขยาย แย็ค เปล่าๆ 
LOG (lattice-best-path[5.5.0~1494-e5a5]:main():lattice-best-path.cc:99) For utterance M0000000124_0087, best cost 44.1192 + 2217.45 = 2261.57 over 284 frames.
M0000000124_0087 เปลี่ยน นโยบาย ไม่ 
LOG (lattice-best-path[5.5.0~1494-e5a5]:main():lattice-best-path.cc:99) For utterance M0000000124_0088, best cost 57.2004 + 2558.53 = 2615.73 over 332 frames.
M0000000124_0088 ใช้ หนูจิ๊ด จาก ที่ ใน 
LOG (lattice-best-path[5.5.0~1494-e5a5]:main():lattice-best-path.cc:99) For utterance M0000000124_0089, best cost 61.2373 + 2502.64 = 2563.88 over 329 frames.
M0000000124_0089 ต้อง สร้าง น้ำตาล ที่ ชง 
LOG (lattice-best-path[5.5.0~1494-e5a5]:main():lattice-best-path.cc:99) For utterance M0000000124_0090, best cost 47.6054 + 2551 = 2598.6 over 318 frames.
M0000000124_0090 ข้อมูล กระบืองาน หรือ สับ 
LOG (lattice-best-path[5.5.0~1494-e5a5]:main():lattice-best-path.cc:99) For utterance M0000000124_0091, best cost 43.6165 + 2270.11 = 2313.73 over 291 frames.
M0000000124_0091 ใส่ ลง สู่ รูปร่าง 
LOG (lattice-best-path[5.5.0~1494-e5a5]:main():lattice-best-path.cc:99) For utterance M0000000124_0092, best cost 32.0336 + 1974.71 = 2006.74 over 257 frames.
M0000000124_0092 ใส่ รูปร่าง 
LOG (lattice-best-path[5.5.0~1494-e5a5]:main():lattice-best-path.cc:99) For utterance M0000000124_0093, best cost 59.2858 + 1953.48 = 2012.77 over 251 frames.
M0000000124_0093 ออก เป็น ฝ่าย จาน หนึ่ง 
LOG (lattice-best-path[5.5.0~1494-e5a5]:main():lattice-best-path.cc:99) For utterance M0000000124_0094, best cost 44.217 + 2183.23 = 2227.45 over 279 frames.
M0000000124_0094 เอา ตรวจสอบ จำเป็น 
LOG (lattice-best-path[5.5.0~1494-e5a5]:main():lattice-best-path.cc:99) For utterance M0000000124_0095, best cost 63.5562 + 2508.79 = 2572.35 over 327 frames.
M0000000124_0095 คำนวณ โดย ชัยวัฒน์ ได้ ไม่ 
LOG (lattice-best-path[5.5.0~1494-e5a5]:main():lattice-best-path.cc:99) For utterance M0000000124_0096, best cost 67.8945 + 2221.58 = 2289.47 over 279 frames.
M0000000124_0096 รู้ ชิ้น รวดเร็ว กิ่งไม้ หนึ่ง 
LOG (lattice-best-path[5.5.0~1494-e5a5]:main():lattice-best-path.cc:99) For utterance M0000000124_0097, best cost 59.6487 + 2555.03 = 2614.68 over 330 frames.
M0000000124_0097 บาง ส่วน ที่ ของ ให้ น้อย 
LOG (lattice-best-path[5.5.0~1494-e5a5]:main():lattice-best-path.cc:99) For utterance M0000000124_0098, best cost 76.7294 + 2649.76 = 2726.49 over 338 frames.
M0000000124_0098 มา ส่ง ให้ ที่ บันได มี ขลับ 
LOG (lattice-best-path[5.5.0~1494-e5a5]:main():lattice-best-path.cc:99) For utterance M0000000124_0099, best cost 43.6406 + 2066.82 = 2110.46 over 260 frames.
M0000000124_0099 เดียว รวดเร็ว ครบ 
LOG (lattice-best-path[5.5.0~1494-e5a5]:main():lattice-best-path.cc:99) For utterance M0000000124_0100, best cost 53.1469 + 2524.27 = 2577.42 over 327 frames.
M0000000124_0100 เดียว เป็น ที่รัก หนัก 
LOG (lattice-best-path[5.5.0~1494-e5a5]:main():lattice-best-path.cc:99) For utterance M0000000124_0101, best cost 81.9736 + 3196.91 = 3278.89 over 398 frames.
M0000000124_0101 อยู่ ใช้ ก๊าซ ของเหลว ไอ จะ ได้ ใจ หนึ่ง 
LOG (lattice-best-path[5.5.0~1494-e5a5]:main():lattice-best-path.cc:99) For utterance M0000000131_0000, best cost 31.3485 + 2637.44 = 2668.79 over 338 frames.
M0000000131_0000 กรุ 
LOG (lattice-best-path[5.5.0~1494-e5a5]:main():lattice-best-path.cc:99) For utterance M0000000131_0001, best cost 51.5714 + 4022.79 = 4074.36 over 491 frames.
M0000000131_0001 แท่ง รู กว้าง 
LOG (lattice-best-path[5.5.0~1494-e5a5]:main():lattice-best-path.cc:99) For utterance M0000000131_0002, best cost 56.2433 + 3899.64 = 3955.89 over 464 frames.
M0000000131_0002 โต เพราะ ร้อน 
LOG (lattice-best-path[5.5.0~1494-e5a5]:main():lattice-best-path.cc:99) For utterance M0000000131_0003, best cost 35.5038 + 2826.51 = 2862.02 over 328 frames.
M0000000131_0003 อีกครั้ง 
LOG (lattice-best-path[5.5.0~1494-e5a5]:main():lattice-best-path.cc:99) For utterance M0000000131_0004, best cost 52.862 + 3066.33 = 3119.19 over 384 frames.
M0000000131_0004 ของ เขา กับ หมู่คณะ 
LOG (lattice-best-path[5.5.0~1494-e5a5]:main():lattice-best-path.cc:99) For utterance M0000000131_0005, best cost 56.3939 + 3234.9 = 3291.29 over 396 frames.
M0000000131_0005 ออกรวง ไป ไซ หู 
LOG (lattice-best-path[5.5.0~1494-e5a5]:main():lattice-best-path.cc:99) For utterance M0000000131_0006, best cost 38.141 + 2600.84 = 2638.98 over 332 frames.
M0000000131_0006 คง ขั้วโลกเหนือ 
LOG (lattice-best-path[5.5.0~1494-e5a5]:main():lattice-best-path.cc:99) For utterance M0000000131_0007, best cost 39.3158 + 2230.28 = 2269.59 over 284 frames.
M0000000131_0007 แท่ง ฯลฯ 
LOG (lattice-best-path[5.5.0~1494-e5a5]:main():lattice-best-path.cc:99) For utterance M0000000131_0008, best cost 45.3596 + 2347.89 = 2393.25 over 284 frames.
M0000000131_0008 กัน ประมาณ ทั้งสอง 
LOG (lattice-best-path[5.5.0~1494-e5a5]:main():lattice-best-path.cc:99) For utterance M0000000131_0009, best cost 47.5457 + 2160.34 = 2207.88 over 270 frames.
M0000000131_0009 แท่ง ของแข็ง ผลึก 
LOG (lattice-best-path[5.5.0~1494-e5a5]:main():lattice-best-path.cc:99) For utterance M0000000131_0010, best cost 31.4108 + 2250.88 = 2282.29 over 287 frames.
M0000000131_0010 ของ น้อย 
LOG (lattice-best-path[5.5.0~1494-e5a5]:main():lattice-best-path.cc:99) For utterance M0000000131_0011, best cost 35.8892 + 1726.52 = 1762.41 over 210 frames.
M0000000131_0011 รหัส ของ ครั้ง 
LOG (lattice-best-path[5.5.0~1494-e5a5]:main():lattice-best-path.cc:99) For utterance M0000000131_0012, best cost 43.0383 + 1671.67 = 1714.7 over 200 frames.
M0000000131_0012 อักษร ลง เที่ยว เครื่อง 
LOG (lattice-best-path[5.5.0~1494-e5a5]:main():lattice-best-path.cc:99) For utterance M0000000131_0013, best cost 52.3512 + 2250 = 2302.35 over 250 frames.
M0000000131_0013 เอา ที่รัก หลงลืม 
LOG (lattice-best-path[5.5.0~1494-e5a5]:main():lattice-best-path.cc:99) For utterance M0000000131_0014, best cost 41.0372 + 2003.78 = 2044.82 over 238 frames.
M0000000131_0014 อักษร โอกาส ที่ 
LOG (lattice-best-path[5.5.0~1494-e5a5]:main():lattice-best-path.cc:99) For utterance M0000000131_0015, best cost 40.863 + 1677.79 = 1718.65 over 195 frames.
M0000000131_0015 ข้อ นั้น เรื่อง หลัก 
LOG (lattice-best-path[5.5.0~1494-e5a5]:main():lattice-best-path.cc:99) For utterance M0000000131_0016, best cost 48.8667 + 1715.78 = 1764.65 over 195 frames.
M0000000131_0016 อัน แคระแกร็น ไพเราะ มาก 
LOG (lattice-best-path[5.5.0~1494-e5a5]:main():lattice-best-path.cc:99) For utterance M0000000131_0017, best cost 44.3599 + 1612.19 = 1656.55 over 190 frames.
M0000000131_0017 อัน แคระแกร็น และ 
LOG (lattice-best-path[5.5.0~1494-e5a5]:main():lattice-best-path.cc:99) For utterance M0000000131_0018, best cost 35.5271 + 1655.42 = 1690.95 over 188 frames.
M0000000131_0018 จอมอนิเตอร์ มอง 
LOG (lattice-best-path[5.5.0~1494-e5a5]:main():lattice-best-path.cc:99) For utterance M0000000131_0019, best cost 37.6822 + 1578.03 = 1615.71 over 181 frames.
M0000000131_0019 อักษร และ ต่อมา 
LOG (lattice-best-path[5.5.0~1494-e5a5]:main():lattice-best-path.cc:99) For utterance M0000000131_0020, best cost 28.8238 + 1487.7 = 1516.52 over 166 frames.
M0000000131_0020 โลก 
LOG (lattice-best-path[5.5.0~1494-e5a5]:main():lattice-best-path.cc:99) For utterance M0000000131_0021, best cost 35.6809 + 1496.53 = 1532.21 over 174 frames.
M0000000131_0021 อะไร กี่ จาก 
LOG (lattice-best-path[5.5.0~1494-e5a5]:main():lattice-best-path.cc:99) For utterance M0000000131_0022, best cost 30.5681 + 1630.47 = 1661.03 over 193 frames.
M0000000131_0022 เอาชนะ และ 
LOG (lattice-best-path[5.5.0~1494-e5a5]:main():lattice-best-path.cc:99) For utterance M0000000131_0023, best cost 54.3539 + 2264.04 = 2318.39 over 257 frames.
M0000000131_0023 อะไร มั่นคง สมัย 
LOG (lattice-best-path[5.5.0~1494-e5a5]:main():lattice-best-path.cc:99) For utterance M0000000131_0024, best cost 32.7944 + 1652.36 = 1685.16 over 190 frames.
M0000000131_0024 อักษร กระรอก 
LOG (lattice-best-path[5.5.0~1494-e5a5]:main():lattice-best-path.cc:99) For utterance M0000000131_0025, best cost 18.9924 + 1160.71 = 1179.7 over 132 frames.
M0000000131_0025 ออก 
LOG (lattice-best-path[5.5.0~1494-e5a5]:main():lattice-best-path.cc:99) For utterance M0000000131_0026, best cost 33.5392 + 2063.71 = 2097.25 over 223 frames.
M0000000131_0026 ที่ ไม่ 
LOG (lattice-best-path[5.5.0~1494-e5a5]:main():lattice-best-path.cc:99) For utterance M0000000131_0027, best cost 48.7392 + 2654.04 = 2702.78 over 306 frames.
M0000000131_0027 เพราะ ของ กล่าวคือ ราก 
LOG (lattice-best-path[5.5.0~1494-e5a5]:main():lattice-best-path.cc:99) For utterance M0000000131_0028, best cost 36.3777 + 1660.39 = 1696.77 over 186 frames.
M0000000131_0028 อักษร จิระศักดิ์ 
LOG (lattice-best-path[5.5.0~1494-e5a5]:main():lattice-best-path.cc:99) For utterance M0000000131_0029, best cost 16.1655 + 1306.21 = 1322.38 over 152 frames.
M0000000131_0029 
LOG (lattice-best-path[5.5.0~1494-e5a5]:main():lattice-best-path.cc:99) For utterance M0000000131_0030, best cost 35.3828 + 1895.49 = 1930.87 over 224 frames.
M0000000131_0030 อินพุต ร้อน 
LOG (lattice-best-path[5.5.0~1494-e5a5]:main():lattice-best-path.cc:99) For utterance M0000000131_0031, best cost 31.5801 + 1450.3 = 1481.88 over 165 frames.
M0000000131_0031 อะไร อยู่ 
LOG (lattice-best-path[5.5.0~1494-e5a5]:main():lattice-best-path.cc:99) For utterance M0000000131_0032, best cost 28.9861 + 1605.8 = 1634.78 over 195 frames.
M0000000131_0032 โดย ละเลย 
LOG (lattice-best-path[5.5.0~1494-e5a5]:main():lattice-best-path.cc:99) For utterance M0000000131_0033, best cost 25.772 + 1242.74 = 1268.51 over 145 frames.
M0000000131_0033 อะไร 
LOG (lattice-best-path[5.5.0~1494-e5a5]:main():lattice-best-path.cc:99) For utterance M0000000131_0034, best cost 27.6232 + 1804.92 = 1832.55 over 227 frames.
M0000000131_0034 ร้อน 
LOG (lattice-best-path[5.5.0~1494-e5a5]:main():lattice-best-path.cc:99) For utterance M0000000131_0035, best cost 17.4187 + 1214.44 = 1231.86 over 140 frames.
M0000000131_0035 แล้ว 
LOG (lattice-best-path[5.5.0~1494-e5a5]:main():lattice-best-path.cc:99) For utterance M0000000131_0036, best cost 43.7295 + 1545.57 = 1589.3 over 178 frames.
M0000000131_0036 อัน ของเหลว อยู่ 
LOG (lattice-best-path[5.5.0~1494-e5a5]:main():lattice-best-path.cc:99) For utterance M0000000131_0037, best cost 29.6275 + 1236.46 = 1266.09 over 144 frames.
M0000000131_0037 อนุเคราะห์ ของ 
LOG (lattice-best-path[5.5.0~1494-e5a5]:main():lattice-best-path.cc:99) For utterance M0000000131_0038, best cost 42.4989 + 2396.16 = 2438.66 over 279 frames.
M0000000131_0038 ออก รวง ขั้วโลก 
LOG (lattice-best-path[5.5.0~1494-e5a5]:main():lattice-best-path.cc:99) For utterance M0000000131_0039, best cost 38.9414 + 1702.04 = 1740.98 over 197 frames.
M0000000131_0039 เอะอะ เรา สามารถ 
LOG (lattice-best-path[5.5.0~1494-e5a5]:main():lattice-best-path.cc:99) For utterance M0000000131_0040, best cost 46.5846 + 1682.63 = 1729.21 over 197 frames.
M0000000131_0040 อัน ได้ รวดเร็ว มาก 
LOG (lattice-best-path[5.5.0~1494-e5a5]:main():lattice-best-path.cc:99) For utterance M0000000131_0041, best cost 46.6129 + 1916.52 = 1963.13 over 217 frames.
M0000000131_0041 อัตโนมัติ รอย ไม่ 
LOG (lattice-best-path[5.5.0~1494-e5a5]:main():lattice-best-path.cc:99) For utterance M0000000131_0042, best cost 34.2738 + 1648.23 = 1682.5 over 194 frames.
M0000000131_0042 อวัยวะ ถ่องแท้ 
LOG (lattice-best-path[5.5.0~1494-e5a5]:main():lattice-best-path.cc:99) For utterance M0000000131_0043, best cost 34.7128 + 1684.36 = 1719.07 over 203 frames.
M0000000131_0043 อัตโนมัติ ไม่ 
LOG (lattice-best-path[5.5.0~1494-e5a5]:main():lattice-best-path.cc:99) For utterance M0000000131_0044, best cost 27.8079 + 1343.07 = 1370.88 over 151 frames.
M0000000131_0044 ไป ด้วย 
LOG (lattice-best-path[5.5.0~1494-e5a5]:main():lattice-best-path.cc:99) For utterance M0000000131_0045, best cost 33.9463 + 1594.62 = 1628.57 over 185 frames.
M0000000131_0045 เปราะ กิ่งไม้ 
LOG (lattice-best-path[5.5.0~1494-e5a5]:main():lattice-best-path.cc:99) For utterance M0000000131_0046, best cost 22.6962 + 1202.63 = 1225.33 over 145 frames.
M0000000131_0046 อธิบาย 
LOG (lattice-best-path[5.5.0~1494-e5a5]:main():lattice-best-path.cc:99) For utterance M0000000131_0047, best cost 25.533 + 1574.95 = 1600.48 over 180 frames.
M0000000131_0047 อัตรา 
LOG (lattice-best-path[5.5.0~1494-e5a5]:main():lattice-best-path.cc:99) For utterance M0000000131_0048, best cost 43.4428 + 1895.24 = 1938.69 over 220 frames.
M0000000131_0048 อีก รู้ ฉลามลาย 
LOG (lattice-best-path[5.5.0~1494-e5a5]:main():lattice-best-path.cc:99) For utterance M0000000131_0049, best cost 29.9297 + 1609.86 = 1639.79 over 198 frames.
M0000000131_0049 อัตรา เรื่อย 
LOG (lattice-best-path[5.5.0~1494-e5a5]:main():lattice-best-path.cc:99) For utterance M0000000131_0050, best cost 36.2725 + 1809.57 = 1845.85 over 210 frames.
M0000000131_0050 อุตสาหกรรม เหมาะ 
LOG (lattice-best-path[5.5.0~1494-e5a5]:main():lattice-best-path.cc:99) For utterance M0000000131_0051, best cost 33.8037 + 1562.06 = 1595.87 over 183 frames.
M0000000131_0051 เอาเอง ข่าว 
LOG (lattice-best-path[5.5.0~1494-e5a5]:main():lattice-best-path.cc:99) For utterance M0000000131_0052, best cost 27.5554 + 1399.78 = 1427.34 over 161 frames.
M0000000131_0052 บ่อยครั้ง 
LOG (lattice-best-path[5.5.0~1494-e5a5]:main():lattice-best-path.cc:99) For utterance M0000000131_0053, best cost 35.703 + 1568.56 = 1604.26 over 177 frames.
M0000000131_0053 อินพุต จิระศักดิ์ 
LOG (lattice-best-path[5.5.0~1494-e5a5]:main():lattice-best-path.cc:99) For utterance M0000000131_0054, best cost 27.1031 + 1740.72 = 1767.82 over 205 frames.
M0000000131_0054 อิเล็กตรอน 
LOG (lattice-best-path[5.5.0~1494-e5a5]:main():lattice-best-path.cc:99) For utterance M0000000131_0055, best cost 30.7517 + 1537.91 = 1568.66 over 185 frames.
M0000000131_0055 อัตรา ว่องไว 
LOG (lattice-best-path[5.5.0~1494-e5a5]:main():lattice-best-path.cc:99) For utterance M0000000131_0056, best cost 48.7898 + 2476.34 = 2525.13 over 278 frames.
M0000000131_0056 จิระศักดิ์ ขึ้น อะไร 
LOG (lattice-best-path[5.5.0~1494-e5a5]:main():lattice-best-path.cc:99) For utterance M0000000131_0057, best cost 29.5301 + 989.82 = 1019.35 over 120 frames.
M0000000131_0057 เรา ของ 
LOG (lattice-best-path[5.5.0~1494-e5a5]:main():lattice-best-path.cc:99) For utterance M0000000131_0058, best cost 30.1277 + 1720.09 = 1750.22 over 212 frames.
M0000000131_0058 บันได ไม่ 
LOG (lattice-best-path[5.5.0~1494-e5a5]:main():lattice-best-path.cc:99) For utterance M0000000131_0059, best cost 34.6692 + 2125.77 = 2160.44 over 251 frames.
M0000000131_0059 อุดอู้ 
LOG (lattice-best-path[5.5.0~1494-e5a5]:main():lattice-best-path.cc:99) For utterance M0000000131_0060, best cost 26.9844 + 1750.72 = 1777.7 over 197 frames.
M0000000131_0060 มากมาย 
LOG (lattice-best-path[5.5.0~1494-e5a5]:main():lattice-best-path.cc:99) For utterance M0000000131_0061, best cost 25.7558 + 1318.5 = 1344.26 over 148 frames.
M0000000131_0061 บน 
LOG (lattice-best-path[5.5.0~1494-e5a5]:main():lattice-best-path.cc:99) For utterance M0000000131_0062, best cost 43.258 + 1534.07 = 1577.33 over 177 frames.
M0000000131_0062 อัน วิเคราะห์ เคลื่อนไหว 
LOG (lattice-best-path[5.5.0~1494-e5a5]:main():lattice-best-path.cc:99) For utterance M0000000131_0063, best cost 27.9875 + 1568.04 = 1596.03 over 183 frames.
M0000000131_0063 อะไร 
LOG (lattice-best-path[5.5.0~1494-e5a5]:main():lattice-best-path.cc:99) For utterance M0000000131_0064, best cost 33.9825 + 1546.85 = 1580.83 over 181 frames.
M0000000131_0064 อักษร ผลิต 
LOG (lattice-best-path[5.5.0~1494-e5a5]:main():lattice-best-path.cc:99) For utterance M0000000131_0065, best cost 26.0129 + 1733.63 = 1759.64 over 193 frames.
M0000000131_0065 โกยสุโข 
LOG (lattice-best-path[5.5.0~1494-e5a5]:main():lattice-best-path.cc:99) For utterance M0000000131_0066, best cost 47.7319 + 1765.13 = 1812.86 over 210 frames.
M0000000131_0066 เอา เรียน ปกครอง 
LOG (lattice-best-path[5.5.0~1494-e5a5]:main():lattice-best-path.cc:99) For utterance M0000000131_0067, best cost 18.1758 + 933.791 = 951.966 over 106 frames.
M0000000131_0067 ควินิน 
LOG (lattice-best-path[5.5.0~1494-e5a5]:main():lattice-best-path.cc:99) For utterance M0000000131_0068, best cost 41.6451 + 1546.72 = 1588.36 over 177 frames.
M0000000131_0068 ขอนแก่น แมงป่อง 
LOG (lattice-best-path[5.5.0~1494-e5a5]:main():lattice-best-path.cc:99) For utterance M0000000131_0069, best cost 43.2631 + 1581.03 = 1624.29 over 188 frames.
M0000000131_0069 วิธี หลัง เคลื่อนไหว 
LOG (lattice-best-path[5.5.0~1494-e5a5]:main():lattice-best-path.cc:99) For utterance M0000000131_0070, best cost 22.665 + 1228.87 = 1251.53 over 140 frames.
M0000000131_0070 โดย วิธี 
LOG (lattice-best-path[5.5.0~1494-e5a5]:main():lattice-best-path.cc:99) For utterance M0000000131_0071, best cost 39.6587 + 1649.54 = 1689.2 over 181 frames.
M0000000131_0071 เหล่านี้ ผู้วิจัย 
LOG (lattice-best-path[5.5.0~1494-e5a5]:main():lattice-best-path.cc:99) For utterance M0000000131_0072, best cost 15.5006 + 1682.63 = 1698.13 over 185 frames.
M0000000131_0072 
LOG (lattice-best-path[5.5.0~1494-e5a5]:main():lattice-best-path.cc:99) For utterance M0000000131_0073, best cost 34.7385 + 1735.79 = 1770.53 over 198 frames.
M0000000131_0073 ไพเราะ มาก นัก 
LOG (lattice-best-path[5.5.0~1494-e5a5]:main():lattice-best-path.cc:99) For utterance M0000000131_0074, best cost 36.252 + 1415.17 = 1451.43 over 162 frames.
M0000000131_0074 อะไร สมัย 
LOG (lattice-best-path[5.5.0~1494-e5a5]:main():lattice-best-path.cc:99) For utterance M0000000131_0075, best cost 44.1083 + 2105.12 = 2149.23 over 235 frames.
M0000000131_0075 เอะอะ อวัยวะ 
LOG (lattice-best-path[5.5.0~1494-e5a5]:main():lattice-best-path.cc:99) For utterance M0000000131_0076, best cost 29.881 + 1625.58 = 1655.46 over 177 frames.
M0000000131_0076 ประมาณ 
LOG (lattice-best-path[5.5.0~1494-e5a5]:main():lattice-best-path.cc:99) For utterance M0000000131_0077, best cost 30.8852 + 1850.68 = 1881.56 over 208 frames.
M0000000131_0077 เอะอะ อาละวาด 
LOG (lattice-best-path[5.5.0~1494-e5a5]:main():lattice-best-path.cc:99) For utterance M0000000131_0078, best cost 29.8321 + 1762.76 = 1792.59 over 193 frames.
M0000000131_0078 เอะอะ 
LOG (lattice-best-path[5.5.0~1494-e5a5]:main():lattice-best-path.cc:99) For utterance M0000000131_0079, best cost 33.1202 + 1441.05 = 1474.17 over 166 frames.
M0000000131_0079 อัตรา เอาชนะ 
LOG (lattice-best-path[5.5.0~1494-e5a5]:main():lattice-best-path.cc:99) For utterance M0000000131_0080, best cost 19.6974 + 2343.96 = 2363.66 over 278 frames.
M0000000131_0080 
LOG (lattice-best-path[5.5.0~1494-e5a5]:main():lattice-best-path.cc:99) For utterance M0000000131_0081, best cost 44.9044 + 2379.1 = 2424 over 267 frames.
M0000000131_0081 อย่างใด สมัย 
LOG (lattice-best-path[5.5.0~1494-e5a5]:main():lattice-best-path.cc:99) For utterance M0000000131_0082, best cost 34.8471 + 2270.35 = 2305.19 over 250 frames.
M0000000131_0082 อะไร ที่รัก 
LOG (lattice-best-path[5.5.0~1494-e5a5]:main():lattice-best-path.cc:99) For utterance M0000000131_0083, best cost 14.9176 + 1531.03 = 1545.95 over 168 frames.
M0000000131_0083 
LOG (lattice-best-path[5.5.0~1494-e5a5]:main():lattice-best-path.cc:99) For utterance M0000000131_0084, best cost 18.3606 + 1747.08 = 1765.44 over 200 frames.
M0000000131_0084 
LOG (lattice-best-path[5.5.0~1494-e5a5]:main():lattice-best-path.cc:99) For utterance M0000000131_0085, best cost 41.1188 + 1797.67 = 1838.79 over 203 frames.
M0000000131_0085 เอะอะ อาละวาด กิ่งไม้ 
LOG (lattice-best-path[5.5.0~1494-e5a5]:main():lattice-best-path.cc:99) For utterance M0000000131_0086, best cost 35.7891 + 1535.7 = 1571.49 over 170 frames.
M0000000131_0086 รายละเอียด เรา 
LOG (lattice-best-path[5.5.0~1494-e5a5]:main():lattice-best-path.cc:99) For utterance M0000000131_0087, best cost 42.79 + 1449.54 = 1492.33 over 164 frames.
M0000000131_0087 เปลี่ยน ประโยชน์ ใน 
LOG (lattice-best-path[5.5.0~1494-e5a5]:main():lattice-best-path.cc:99) For utterance M0000000131_0088, best cost 26.2587 + 2010.66 = 2036.92 over 230 frames.
M0000000131_0088 อัตโนมัติ 
LOG (lattice-best-path[5.5.0~1494-e5a5]:main():lattice-best-path.cc:99) For utterance M0000000131_0089, best cost 36.9746 + 1650.73 = 1687.7 over 183 frames.
M0000000131_0089 อุปกรณ์ รังสี ของ 
LOG (lattice-best-path[5.5.0~1494-e5a5]:main():lattice-best-path.cc:99) For utterance M0000000131_0090, best cost 16.612 + 1676.07 = 1692.68 over 191 frames.
M0000000131_0090 
LOG (lattice-best-path[5.5.0~1494-e5a5]:main():lattice-best-path.cc:99) For utterance M0000000131_0091, best cost 13.4476 + 1635.7 = 1649.14 over 176 frames.
M0000000131_0091 
LOG (lattice-best-path[5.5.0~1494-e5a5]:main():lattice-best-path.cc:99) For utterance M0000000131_0092, best cost 34.0744 + 1547.38 = 1581.45 over 184 frames.
M0000000131_0092 ใส่ ลง บอก 
LOG (lattice-best-path[5.5.0~1494-e5a5]:main():lattice-best-path.cc:99) For utterance M0000000131_0093, best cost 27.3728 + 1328.61 = 1355.98 over 152 frames.
M0000000131_0093 ระยะ หนึ่ง 
LOG (lattice-best-path[5.5.0~1494-e5a5]:main():lattice-best-path.cc:99) For utterance M0000000131_0094, best cost 18.406 + 1398.03 = 1416.44 over 155 frames.
M0000000131_0094 
LOG (lattice-best-path[5.5.0~1494-e5a5]:main():lattice-best-path.cc:99) For utterance M0000000131_0095, best cost 19.1872 + 1965.42 = 1984.61 over 231 frames.
M0000000131_0095 
LOG (lattice-best-path[5.5.0~1494-e5a5]:main():lattice-best-path.cc:99) For utterance M0000000131_0096, best cost 17.3886 + 1765.09 = 1782.48 over 198 frames.
M0000000131_0096 
LOG (lattice-best-path[5.5.0~1494-e5a5]:main():lattice-best-path.cc:99) For utterance M0000000131_0097, best cost 38.5124 + 1573.68 = 1612.2 over 179 frames.
M0000000131_0097 มัก เออออ กระรอก 
LOG (lattice-scale[5.5.0~1494-e5a5]:main():lattice-scale.cc:107) Done 510 lattices.
LOG (lattice-best-path[5.5.0~1494-e5a5]:main():lattice-best-path.cc:99) For utterance M0000000131_0098, best cost 21.4444 + 1704.85 = 1726.3 over 190 frames.
M0000000131_0098 เพราะ 
LOG (lattice-best-path[5.5.0~1494-e5a5]:main():lattice-best-path.cc:99) For utterance M0000000131_0099, best cost 43.098 + 1317.82 = 1360.92 over 154 frames.
M0000000131_0099 อัน ปลุกเร้า ไอเอฟ 
LOG (lattice-best-path[5.5.0~1494-e5a5]:main():lattice-best-path.cc:99) For utterance M0000000131_0100, best cost 37.0636 + 1431.13 = 1468.19 over 157 frames.
M0000000131_0100 ดร. ครั้งละ 
LOG (lattice-best-path[5.5.0~1494-e5a5]:main():lattice-best-path.cc:99) For utterance M0000000131_0101, best cost 39.1263 + 2188.09 = 2227.21 over 242 frames.
M0000000131_0101 ครั้นแล้ว อร่ามเหลือง 
LOG (lattice-add-penalty[5.5.0~1494-e5a5]:main():lattice-add-penalty.cc:62) Done adding word insertion penalty to 510 lattices.
LOG (lattice-best-path[5.5.0~1494-e5a5]:main():lattice-best-path.cc:124) Overall cost per frame is 8.24998 = 0.178994 [graph] + 8.07099 [acoustic] over 120161 frames.
LOG (lattice-best-path[5.5.0~1494-e5a5]:main():lattice-best-path.cc:128) Done 510 lattices, failed for 0
# Accounting: time=2 threads=1
# Ended (code 0) at Sun May  2 17:06:32 UTC 2021, elapsed time 2 seconds
