# gmm-latgen-faster --max-active=7000 --beam=13.0 --lattice-beam=6.0 --acoustic-scale=0.083333 --determinize-lattice=false --allow-partial=true --word-symbol-table=exp/tri3b/graph/words.txt exp/tri3b/final.mdl exp/tri3b/graph/HCLG.fst "ark,s,cs:apply-cmvn  --utt2spk=ark:data/test/split4/2/utt2spk scp:data/test/split4/2/cmvn.scp scp:data/test/split4/2/feats.scp ark:- | splice-feats  ark:- ark:- | transform-feats exp/tri3b/final.mat ark:- ark:- | transform-feats --utt2spk=ark:data/test/split4/2/utt2spk ark:exp/tri3b/decode/pre_trans.2 ark:- ark:- |" "ark:|gzip -c > exp/tri3b/decode/lat.tmp.2.gz" 
# Started at Mon May 17 09:52:13 UTC 2021
#
gmm-latgen-faster --max-active=7000 --beam=13.0 --lattice-beam=6.0 --acoustic-scale=0.083333 --determinize-lattice=false --allow-partial=true --word-symbol-table=exp/tri3b/graph/words.txt exp/tri3b/final.mdl exp/tri3b/graph/HCLG.fst 'ark,s,cs:apply-cmvn  --utt2spk=ark:data/test/split4/2/utt2spk scp:data/test/split4/2/cmvn.scp scp:data/test/split4/2/feats.scp ark:- | splice-feats  ark:- ark:- | transform-feats exp/tri3b/final.mat ark:- ark:- | transform-feats --utt2spk=ark:data/test/split4/2/utt2spk ark:exp/tri3b/decode/pre_trans.2 ark:- ark:- |' 'ark:|gzip -c > exp/tri3b/decode/lat.tmp.2.gz' 
transform-feats exp/tri3b/final.mat ark:- ark:- 
apply-cmvn --utt2spk=ark:data/test/split4/2/utt2spk scp:data/test/split4/2/cmvn.scp scp:data/test/split4/2/feats.scp ark:- 
transform-feats --utt2spk=ark:data/test/split4/2/utt2spk ark:exp/tri3b/decode/pre_trans.2 ark:- ark:- 
splice-feats ark:- ark:- 
M0000000107_0000 โกวาจี 
LOG (gmm-latgen-faster[5.5.0~1494-e5a5]:DecodeUtteranceLatticeFaster():decoder-wrappers.cc:375) Log-like per frame for utterance M0000000107_0000 is -4.08436 over 210 frames.
M0000000107_0001 โกวาจี เอา ราดหน้า หนึ่ง จาน 
LOG (gmm-latgen-faster[5.5.0~1494-e5a5]:DecodeUtteranceLatticeFaster():decoder-wrappers.cc:375) Log-like per frame for utterance M0000000107_0001 is -4.07477 over 423 frames.
M0000000107_0002 เอา กะเพรา ไก่ ไข่ดาว หนึ่ง จาน 
LOG (gmm-latgen-faster[5.5.0~1494-e5a5]:DecodeUtteranceLatticeFaster():decoder-wrappers.cc:375) Log-like per frame for utterance M0000000107_0002 is -4.33988 over 325 frames.
M0000000107_0003 ส้มตำ กิน ขึ้น ไหม 
LOG (gmm-latgen-faster[5.5.0~1494-e5a5]:DecodeUtteranceLatticeFaster():decoder-wrappers.cc:375) Log-like per frame for utterance M0000000107_0003 is -3.93746 over 276 frames.
M0000000107_0004 ข้าวผัด หมู ไข่ดาว จาน 
LOG (gmm-latgen-faster[5.5.0~1494-e5a5]:DecodeUtteranceLatticeFaster():decoder-wrappers.cc:375) Log-like per frame for utterance M0000000107_0004 is -4.05482 over 260 frames.
M0000000107_0005 เอา หัว ไก่ ไข่ลวก จัง 
LOG (gmm-latgen-faster[5.5.0~1494-e5a5]:DecodeUtteranceLatticeFaster():decoder-wrappers.cc:375) Log-like per frame for utterance M0000000107_0005 is -4.64532 over 236 frames.
M0000000107_0006 คุก ขวด หนึ่ง 
LOG (gmm-latgen-faster[5.5.0~1494-e5a5]:DecodeUtteranceLatticeFaster():decoder-wrappers.cc:375) Log-like per frame for utterance M0000000107_0006 is -4.56275 over 177 frames.
M0000000107_0007 น้ำแข็ง สาม แก้ว นึง 
LOG (gmm-latgen-faster[5.5.0~1494-e5a5]:DecodeUtteranceLatticeFaster():decoder-wrappers.cc:375) Log-like per frame for utterance M0000000107_0007 is -4.2797 over 207 frames.
M0000000107_0008 น้ำเปล่า หนึ่ง น้ำแข็ง สอง 
LOG (gmm-latgen-faster[5.5.0~1494-e5a5]:DecodeUtteranceLatticeFaster():decoder-wrappers.cc:375) Log-like per frame for utterance M0000000107_0008 is -4.23039 over 266 frames.
M0000000107_0009 ขอ น้ำแข็ง ทั้ง เรียน 
LOG (gmm-latgen-faster[5.5.0~1494-e5a5]:DecodeUtteranceLatticeFaster():decoder-wrappers.cc:375) Log-like per frame for utterance M0000000107_0009 is -4.2759 over 239 frames.
M0000000107_0010 ขอ รอบ หน่อย 
LOG (gmm-latgen-faster[5.5.0~1494-e5a5]:DecodeUtteranceLatticeFaster():decoder-wrappers.cc:375) Log-like per frame for utterance M0000000107_0010 is -3.6132 over 244 frames.
M0000000107_0011 ร้าน ห้า คน ครับ 
LOG (gmm-latgen-faster[5.5.0~1494-e5a5]:DecodeUtteranceLatticeFaster():decoder-wrappers.cc:375) Log-like per frame for utterance M0000000107_0011 is -4.60316 over 176 frames.
M0000000107_0012 สาม ต่อ เที่ยง คืน 
LOG (gmm-latgen-faster[5.5.0~1494-e5a5]:DecodeUtteranceLatticeFaster():decoder-wrappers.cc:375) Log-like per frame for utterance M0000000107_0012 is -4.28235 over 230 frames.
M0000000107_0013 ตอง สิบ ที่ ห้อง แอร์ สอง ทุ่ม ครึ่ง 
LOG (gmm-latgen-faster[5.5.0~1494-e5a5]:DecodeUtteranceLatticeFaster():decoder-wrappers.cc:375) Log-like per frame for utterance M0000000107_0013 is -4.53988 over 430 frames.
M0000000107_0014 ขอ ต่อไป ที่ 
LOG (gmm-latgen-faster[5.5.0~1494-e5a5]:DecodeUtteranceLatticeFaster():decoder-wrappers.cc:375) Log-like per frame for utterance M0000000107_0014 is -4.36052 over 219 frames.
M0000000107_0015 ขอ นั่ง ตรง นาน นัก 
LOG (gmm-latgen-faster[5.5.0~1494-e5a5]:DecodeUtteranceLatticeFaster():decoder-wrappers.cc:375) Log-like per frame for utterance M0000000107_0015 is -4.11557 over 224 frames.
M0000000107_0016 ขอ นั่ง ติด กระทะ จบ นะ 
LOG (gmm-latgen-faster[5.5.0~1494-e5a5]:DecodeUtteranceLatticeFaster():decoder-wrappers.cc:375) Log-like per frame for utterance M0000000107_0016 is -4.90076 over 265 frames.
M0000000107_0017 ขอ ราย แอนด์ นะ 
LOG (gmm-latgen-faster[5.5.0~1494-e5a5]:DecodeUtteranceLatticeFaster():decoder-wrappers.cc:375) Log-like per frame for utterance M0000000107_0017 is -4.1569 over 219 frames.
M0000000107_0018 ขอ กับ ที่ เสื่อม หน่อย 
LOG (gmm-latgen-faster[5.5.0~1494-e5a5]:DecodeUtteranceLatticeFaster():decoder-wrappers.cc:375) Log-like per frame for utterance M0000000107_0018 is -4.27197 over 197 frames.
M0000000107_0019 ย้าย ไป ตก นาน นัก 
LOG (gmm-latgen-faster[5.5.0~1494-e5a5]:DecodeUtteranceLatticeFaster():decoder-wrappers.cc:375) Log-like per frame for utterance M0000000107_0019 is -4.0823 over 253 frames.
M0000000107_0020 ลูกเต๋า เป็น ไหน 
LOG (gmm-latgen-faster[5.5.0~1494-e5a5]:DecodeUtteranceLatticeFaster():decoder-wrappers.cc:375) Log-like per frame for utterance M0000000107_0020 is -4.52438 over 179 frames.
M0000000107_0021 น่า กิน จัง 
LOG (gmm-latgen-faster[5.5.0~1494-e5a5]:DecodeUtteranceLatticeFaster():decoder-wrappers.cc:375) Log-like per frame for utterance M0000000107_0021 is -4.28167 over 174 frames.
M0000000107_0022 กิน ได้ไหม อะ 
LOG (gmm-latgen-faster[5.5.0~1494-e5a5]:DecodeUtteranceLatticeFaster():decoder-wrappers.cc:375) Log-like per frame for utterance M0000000107_0022 is -3.81327 over 282 frames.
M0000000107_0023 อาหาร อร่อย เหมือน คน ขาย ไหม 
LOG (gmm-latgen-faster[5.5.0~1494-e5a5]:DecodeUtteranceLatticeFaster():decoder-wrappers.cc:375) Log-like per frame for utterance M0000000107_0023 is -4.14624 over 295 frames.
M0000000107_0024 ขอ เครื่องปรุง หน่อย 
LOG (gmm-latgen-faster[5.5.0~1494-e5a5]:DecodeUtteranceLatticeFaster():decoder-wrappers.cc:375) Log-like per frame for utterance M0000000107_0024 is -4.30924 over 188 frames.
M0000000107_0025 คริส หมด 
LOG (gmm-latgen-faster[5.5.0~1494-e5a5]:DecodeUtteranceLatticeFaster():decoder-wrappers.cc:375) Log-like per frame for utterance M0000000107_0025 is -4.28071 over 159 frames.
M0000000107_0026 มี นัด กิน ศุกร์ ที่ ไหน 
LOG (gmm-latgen-faster[5.5.0~1494-e5a5]:DecodeUtteranceLatticeFaster():decoder-wrappers.cc:375) Log-like per frame for utterance M0000000107_0026 is -4.24728 over 233 frames.
M0000000107_0027 เอา สอบ ประเทศ ให้ หน่อย จะ 
LOG (gmm-latgen-faster[5.5.0~1494-e5a5]:DecodeUtteranceLatticeFaster():decoder-wrappers.cc:375) Log-like per frame for utterance M0000000107_0027 is -4.25757 over 259 frames.
M0000000107_0028 ขอ น้ำจิ้ม เพิ่ม ใหม่ ครับ 
LOG (gmm-latgen-faster[5.5.0~1494-e5a5]:DecodeUtteranceLatticeFaster():decoder-wrappers.cc:375) Log-like per frame for utterance M0000000107_0028 is -4.22426 over 249 frames.
M0000000107_0029 จะ เสร็จ หรือ ยัง 
LOG (gmm-latgen-faster[5.5.0~1494-e5a5]:DecodeUtteranceLatticeFaster():decoder-wrappers.cc:375) Log-like per frame for utterance M0000000107_0029 is -3.76046 over 202 frames.
M0000000107_0030 พวก อะไร ได้ บ้าง 
LOG (gmm-latgen-faster[5.5.0~1494-e5a5]:DecodeUtteranceLatticeFaster():decoder-wrappers.cc:375) Log-like per frame for utterance M0000000107_0030 is -4.08149 over 236 frames.
M0000000107_0031 อาหาร จะ มา กี่ โมง 
LOG (gmm-latgen-faster[5.5.0~1494-e5a5]:DecodeUtteranceLatticeFaster():decoder-wrappers.cc:375) Log-like per frame for utterance M0000000107_0031 is -3.67998 over 246 frames.
M0000000107_0032 ต้อง รอ อีก นาน ไหม 
LOG (gmm-latgen-faster[5.5.0~1494-e5a5]:DecodeUtteranceLatticeFaster():decoder-wrappers.cc:375) Log-like per frame for utterance M0000000107_0032 is -3.99023 over 297 frames.
M0000000107_0033 เมื่อไหร่ เกษตร 
LOG (gmm-latgen-faster[5.5.0~1494-e5a5]:DecodeUtteranceLatticeFaster():decoder-wrappers.cc:375) Log-like per frame for utterance M0000000107_0033 is -3.82715 over 209 frames.
M0000000107_0034 รอ นาน จัง 
LOG (gmm-latgen-faster[5.5.0~1494-e5a5]:DecodeUtteranceLatticeFaster():decoder-wrappers.cc:375) Log-like per frame for utterance M0000000107_0034 is -4.28799 over 158 frames.
M0000000107_0035 ไม่ กิน แล้ว 
LOG (gmm-latgen-faster[5.5.0~1494-e5a5]:DecodeUtteranceLatticeFaster():decoder-wrappers.cc:375) Log-like per frame for utterance M0000000107_0035 is -3.56361 over 181 frames.
M0000000107_0036 ขอ เปลี่ยน เมนู 
LOG (gmm-latgen-faster[5.5.0~1494-e5a5]:DecodeUtteranceLatticeFaster():decoder-wrappers.cc:375) Log-like per frame for utterance M0000000107_0036 is -3.44588 over 208 frames.
M0000000107_0037 ไม่ เอา แล้ว ทำ ไง 
LOG (gmm-latgen-faster[5.5.0~1494-e5a5]:DecodeUtteranceLatticeFaster():decoder-wrappers.cc:375) Log-like per frame for utterance M0000000107_0037 is -3.93076 over 230 frames.
M0000000107_0038 ดู ข้าว หน้า 
LOG (gmm-latgen-faster[5.5.0~1494-e5a5]:DecodeUtteranceLatticeFaster():decoder-wrappers.cc:375) Log-like per frame for utterance M0000000107_0038 is -4.87281 over 174 frames.
M0000000107_0039 แล้ว ไป ตก สาม นะ 
LOG (gmm-latgen-faster[5.5.0~1494-e5a5]:DecodeUtteranceLatticeFaster():decoder-wrappers.cc:375) Log-like per frame for utterance M0000000107_0039 is -4.41728 over 224 frames.
M0000000107_0040 อย่า ไป โต๊ะ ของ นะ 
LOG (gmm-latgen-faster[5.5.0~1494-e5a5]:DecodeUtteranceLatticeFaster():decoder-wrappers.cc:375) Log-like per frame for utterance M0000000107_0040 is -3.92231 over 257 frames.
M0000000107_0041 เอา โต๊ะ ผลไม้ ต่อ ได้มั้ย 
LOG (gmm-latgen-faster[5.5.0~1494-e5a5]:DecodeUtteranceLatticeFaster():decoder-wrappers.cc:375) Log-like per frame for utterance M0000000107_0041 is -4.23393 over 263 frames.
M0000000107_0042 อยาก ยา ไป เข้า ไป 
LOG (gmm-latgen-faster[5.5.0~1494-e5a5]:DecodeUtteranceLatticeFaster():decoder-wrappers.cc:375) Log-like per frame for utterance M0000000107_0042 is -4.0422 over 201 frames.
M0000000107_0043 ชั้น บน ว่าง ไหม 
LOG (gmm-latgen-faster[5.5.0~1494-e5a5]:DecodeUtteranceLatticeFaster():decoder-wrappers.cc:375) Log-like per frame for utterance M0000000107_0043 is -4.19062 over 189 frames.
M0000000107_0044 เก็บ ตังค์ ด้วย 
LOG (gmm-latgen-faster[5.5.0~1494-e5a5]:DecodeUtteranceLatticeFaster():decoder-wrappers.cc:375) Log-like per frame for utterance M0000000107_0044 is -4.20904 over 181 frames.
M0000000107_0045 รับ บัตร เครดิต ไหม 
LOG (gmm-latgen-faster[5.5.0~1494-e5a5]:DecodeUtteranceLatticeFaster():decoder-wrappers.cc:375) Log-like per frame for utterance M0000000107_0045 is -4.23345 over 251 frames.
M0000000107_0046 เอา สิบ ไป 
LOG (gmm-latgen-faster[5.5.0~1494-e5a5]:DecodeUtteranceLatticeFaster():decoder-wrappers.cc:375) Log-like per frame for utterance M0000000107_0046 is -3.94726 over 194 frames.
M0000000107_0047 แสดง จะ ได้ บ้าง 
LOG (gmm-latgen-faster[5.5.0~1494-e5a5]:DecodeUtteranceLatticeFaster():decoder-wrappers.cc:375) Log-like per frame for utterance M0000000107_0047 is -4.00201 over 215 frames.
M0000000107_0048 มี โปรโมชั่น ไทย ไหม 
LOG (gmm-latgen-faster[5.5.0~1494-e5a5]:DecodeUtteranceLatticeFaster():decoder-wrappers.cc:375) Log-like per frame for utterance M0000000107_0048 is -4.11375 over 237 frames.
M0000000107_0049 ไม่ อร่อย เลย 
LOG (gmm-latgen-faster[5.5.0~1494-e5a5]:DecodeUtteranceLatticeFaster():decoder-wrappers.cc:375) Log-like per frame for utterance M0000000107_0049 is -3.69331 over 178 frames.
M0000000107_0050 รสชาติ เตือน มาก 
LOG (gmm-latgen-faster[5.5.0~1494-e5a5]:DecodeUtteranceLatticeFaster():decoder-wrappers.cc:375) Log-like per frame for utterance M0000000107_0050 is -3.98358 over 195 frames.
M0000000107_0051 ปลาย แขน เหมือน ข่าว 
LOG (gmm-latgen-faster[5.5.0~1494-e5a5]:DecodeUtteranceLatticeFaster():decoder-wrappers.cc:375) Log-like per frame for utterance M0000000107_0051 is -3.86859 over 198 frames.
M0000000107_0052 เจ็ด เดือน ไป ค่า 
LOG (gmm-latgen-faster[5.5.0~1494-e5a5]:DecodeUtteranceLatticeFaster():decoder-wrappers.cc:375) Log-like per frame for utterance M0000000107_0052 is -4.11999 over 215 frames.
M0000000107_0053 วันนี้ อร่อย หน้า ไป ครับ 
LOG (gmm-latgen-faster[5.5.0~1494-e5a5]:DecodeUtteranceLatticeFaster():decoder-wrappers.cc:375) Log-like per frame for utterance M0000000107_0053 is -4.52441 over 229 frames.
M0000000107_0054 ปิด ไฟ ก่อน 
LOG (gmm-latgen-faster[5.5.0~1494-e5a5]:DecodeUtteranceLatticeFaster():decoder-wrappers.cc:375) Log-like per frame for utterance M0000000107_0054 is -4.28949 over 161 frames.
M0000000107_0055 ชั้น ห้า พ้อง ไหม 
LOG (gmm-latgen-faster[5.5.0~1494-e5a5]:DecodeUtteranceLatticeFaster():decoder-wrappers.cc:375) Log-like per frame for utterance M0000000107_0055 is -4.05554 over 193 frames.
M0000000107_0056 กิน ครึ่ง จาน ไก่ ขึ้น เดียว ได้ ไหม 
LOG (gmm-latgen-faster[5.5.0~1494-e5a5]:DecodeUtteranceLatticeFaster():decoder-wrappers.cc:375) Log-like per frame for utterance M0000000107_0056 is -4.20747 over 343 frames.
M0000000107_0057 ไม่ ต้อง ทอง 
LOG (gmm-latgen-faster[5.5.0~1494-e5a5]:DecodeUtteranceLatticeFaster():decoder-wrappers.cc:375) Log-like per frame for utterance M0000000107_0057 is -3.72156 over 163 frames.
M0000000107_0058 อาจารย์ ได้ ไหม 
LOG (gmm-latgen-faster[5.5.0~1494-e5a5]:DecodeUtteranceLatticeFaster():decoder-wrappers.cc:375) Log-like per frame for utterance M0000000107_0058 is -4.03707 over 179 frames.
M0000000107_0059 กะเพรา หมูสับ เท่าไหร่ 
LOG (gmm-latgen-faster[5.5.0~1494-e5a5]:DecodeUtteranceLatticeFaster():decoder-wrappers.cc:375) Log-like per frame for utterance M0000000107_0059 is -4.09164 over 220 frames.
M0000000107_0060 ต้มยำ กุ้ง เผ็ด มาก ไหม 
LOG (gmm-latgen-faster[5.5.0~1494-e5a5]:DecodeUtteranceLatticeFaster():decoder-wrappers.cc:375) Log-like per frame for utterance M0000000107_0060 is -4.07216 over 320 frames.
M0000000107_0061 อุ้ม ไก่ เผ็ด ไหม ครับ 
LOG (gmm-latgen-faster[5.5.0~1494-e5a5]:DecodeUtteranceLatticeFaster():decoder-wrappers.cc:375) Log-like per frame for utterance M0000000107_0061 is -3.71993 over 233 frames.
M0000000107_0062 มี ท้องเสีย มั้ย 
LOG (gmm-latgen-faster[5.5.0~1494-e5a5]:DecodeUtteranceLatticeFaster():decoder-wrappers.cc:375) Log-like per frame for utterance M0000000107_0062 is -3.74986 over 192 frames.
M0000000107_0063 เมนู นี้ อร่อย ไหม 
LOG (gmm-latgen-faster[5.5.0~1494-e5a5]:DecodeUtteranceLatticeFaster():decoder-wrappers.cc:375) Log-like per frame for utterance M0000000107_0063 is -3.67713 over 228 frames.
M0000000107_0064 ซ้อน กัน สี่ 
LOG (gmm-latgen-faster[5.5.0~1494-e5a5]:DecodeUtteranceLatticeFaster():decoder-wrappers.cc:375) Log-like per frame for utterance M0000000107_0064 is -4.13274 over 176 frames.
M0000000107_0065 ขอ ที่ ช่วง เพิ่ม หน่อย 
LOG (gmm-latgen-faster[5.5.0~1494-e5a5]:DecodeUtteranceLatticeFaster():decoder-wrappers.cc:375) Log-like per frame for utterance M0000000107_0065 is -4.54603 over 216 frames.
M0000000107_0066 ก๋วยเตี๋ยว อด ครับ 
LOG (gmm-latgen-faster[5.5.0~1494-e5a5]:DecodeUtteranceLatticeFaster():decoder-wrappers.cc:375) Log-like per frame for utterance M0000000107_0066 is -4.40837 over 192 frames.
M0000000107_0067 ขอ ที่ กัน นึง 
LOG (gmm-latgen-faster[5.5.0~1494-e5a5]:DecodeUtteranceLatticeFaster():decoder-wrappers.cc:375) Log-like per frame for utterance M0000000107_0067 is -4.16133 over 201 frames.
M0000000107_0068 ขอ จันทร์ เป็น สอง จาน 
LOG (gmm-latgen-faster[5.5.0~1494-e5a5]:DecodeUtteranceLatticeFaster():decoder-wrappers.cc:375) Log-like per frame for utterance M0000000107_0068 is -4.40363 over 298 frames.
M0000000107_0069 มี ที่ นั่ง หมื่น ไหม 
LOG (gmm-latgen-faster[5.5.0~1494-e5a5]:DecodeUtteranceLatticeFaster():decoder-wrappers.cc:375) Log-like per frame for utterance M0000000107_0069 is -4.04875 over 185 frames.
M0000000107_0070 ขอ เมนู หน่อย สิ 
LOG (gmm-latgen-faster[5.5.0~1494-e5a5]:DecodeUtteranceLatticeFaster():decoder-wrappers.cc:375) Log-like per frame for utterance M0000000107_0070 is -3.892 over 228 frames.
M0000000107_0071 ร้าน นี้ มี คน วิป ไหม 
LOG (gmm-latgen-faster[5.5.0~1494-e5a5]:DecodeUtteranceLatticeFaster():decoder-wrappers.cc:375) Log-like per frame for utterance M0000000107_0071 is -4.48298 over 229 frames.
M0000000107_0072 พล จีน ไหม กิน วัน ไหน 
LOG (gmm-latgen-faster[5.5.0~1494-e5a5]:DecodeUtteranceLatticeFaster():decoder-wrappers.cc:375) Log-like per frame for utterance M0000000107_0072 is -3.88992 over 277 frames.
M0000000107_0073 ทำให้ ระหว่าง ทำ อาหาร นะ 
LOG (gmm-latgen-faster[5.5.0~1494-e5a5]:DecodeUtteranceLatticeFaster():decoder-wrappers.cc:375) Log-like per frame for utterance M0000000107_0073 is -4.2368 over 284 frames.
M0000000107_0074 รับ เด็ก ไหม 
LOG (gmm-latgen-faster[5.5.0~1494-e5a5]:DecodeUtteranceLatticeFaster():decoder-wrappers.cc:375) Log-like per frame for utterance M0000000107_0074 is -4.16672 over 228 frames.
M0000000107_0075 อยาก สมัคร งาน ต้อง อายุ เท่าไหร่ 
LOG (gmm-latgen-faster[5.5.0~1494-e5a5]:DecodeUtteranceLatticeFaster():decoder-wrappers.cc:375) Log-like per frame for utterance M0000000107_0075 is -4.15511 over 320 frames.
M0000000107_0076 ยัง ไม่ เก็บ หาร กับ ไหม 
LOG (gmm-latgen-faster[5.5.0~1494-e5a5]:DecodeUtteranceLatticeFaster():decoder-wrappers.cc:375) Log-like per frame for utterance M0000000107_0076 is -4.56504 over 248 frames.
M0000000107_0077 ไม่ มี ตั้ง ล่าง จันทร์ แทน ได้ ไหม 
LOG (gmm-latgen-faster[5.5.0~1494-e5a5]:DecodeUtteranceLatticeFaster():decoder-wrappers.cc:375) Log-like per frame for utterance M0000000107_0077 is -4.2521 over 279 frames.
M0000000107_0078 อยาก ซื้อ ร้าน ต่อ ขาย เท่าไหร่ 
LOG (gmm-latgen-faster[5.5.0~1494-e5a5]:DecodeUtteranceLatticeFaster():decoder-wrappers.cc:375) Log-like per frame for utterance M0000000107_0078 is -4.14866 over 292 frames.
M0000000107_0079 ขาย เป็น ใช่ ไหม 
LOG (gmm-latgen-faster[5.5.0~1494-e5a5]:DecodeUtteranceLatticeFaster():decoder-wrappers.cc:375) Log-like per frame for utterance M0000000107_0079 is -4.01944 over 193 frames.
M0000000107_0080 อย่า เปิด สาขา บ้าง ต้อง ทำ อะไร 
LOG (gmm-latgen-faster[5.5.0~1494-e5a5]:DecodeUtteranceLatticeFaster():decoder-wrappers.cc:375) Log-like per frame for utterance M0000000107_0080 is -4.27718 over 306 frames.
M0000000107_0081 ตก สวย จัง อยาก ได้ ขาย ไหม 
LOG (gmm-latgen-faster[5.5.0~1494-e5a5]:DecodeUtteranceLatticeFaster():decoder-wrappers.cc:375) Log-like per frame for utterance M0000000107_0081 is -4.19069 over 347 frames.
M0000000107_0082 หน้า ระเบิด เปิด ร้าน ต้อง สี่ ยัง ปา 
LOG (gmm-latgen-faster[5.5.0~1494-e5a5]:DecodeUtteranceLatticeFaster():decoder-wrappers.cc:375) Log-like per frame for utterance M0000000107_0082 is -4.11483 over 329 frames.
M0000000107_0083 ก๋วยเตี๋ยว ขาย ดี มั้ย 
LOG (gmm-latgen-faster[5.5.0~1494-e5a5]:DecodeUtteranceLatticeFaster():decoder-wrappers.cc:375) Log-like per frame for utterance M0000000107_0083 is -4.56671 over 208 frames.
M0000000107_0084 ซื้อ ไป ที่ เป็น ง่าย บ้าง 
LOG (gmm-latgen-faster[5.5.0~1494-e5a5]:DecodeUtteranceLatticeFaster():decoder-wrappers.cc:375) Log-like per frame for utterance M0000000107_0084 is -4.18655 over 212 frames.
M0000000107_0085 ขาย อาหาร รายได้ ที่ ไหม 
LOG (gmm-latgen-faster[5.5.0~1494-e5a5]:DecodeUtteranceLatticeFaster():decoder-wrappers.cc:375) Log-like per frame for utterance M0000000107_0085 is -3.8861 over 238 frames.
M0000000107_0086 วัน มี ลูกค้า จะ เยอะ เปล่า 
LOG (gmm-latgen-faster[5.5.0~1494-e5a5]:DecodeUtteranceLatticeFaster():decoder-wrappers.cc:375) Log-like per frame for utterance M0000000107_0086 is -4.56636 over 229 frames.
M0000000107_0087 เปลี่ยน หน้า ยก ได้ ไหม 
LOG (gmm-latgen-faster[5.5.0~1494-e5a5]:DecodeUtteranceLatticeFaster():decoder-wrappers.cc:375) Log-like per frame for utterance M0000000107_0087 is -3.89586 over 223 frames.
M0000000107_0088 ใช้ หมู ย้อน จาก ที่ไหน 
LOG (gmm-latgen-faster[5.5.0~1494-e5a5]:DecodeUtteranceLatticeFaster():decoder-wrappers.cc:375) Log-like per frame for utterance M0000000107_0088 is -4.3497 over 206 frames.
M0000000107_0089 ต้อง ใส่ น้ำตาล สี่ ช็อต 
LOG (gmm-latgen-faster[5.5.0~1494-e5a5]:DecodeUtteranceLatticeFaster():decoder-wrappers.cc:375) Log-like per frame for utterance M0000000107_0089 is -4.40107 over 179 frames.
M0000000107_0090 ทำ หมู กรอบ ยัง ใน ร้านค้า 
LOG (gmm-latgen-faster[5.5.0~1494-e5a5]:DecodeUtteranceLatticeFaster():decoder-wrappers.cc:375) Log-like per frame for utterance M0000000107_0090 is -4.09213 over 241 frames.
M0000000107_0091 ใส่ ถุง สู่ รอบ หรือ บาป 
LOG (gmm-latgen-faster[5.5.0~1494-e5a5]:DecodeUtteranceLatticeFaster():decoder-wrappers.cc:375) Log-like per frame for utterance M0000000107_0091 is -4.39949 over 258 frames.
M0000000107_0092 ใส่ หมู หรือ เปล่า 
LOG (gmm-latgen-faster[5.5.0~1494-e5a5]:DecodeUtteranceLatticeFaster():decoder-wrappers.cc:375) Log-like per frame for utterance M0000000107_0092 is -4.2854 over 165 frames.
LOG (apply-cmvn[5.5.0~1494-e5a5]:main():apply-cmvn.cc:162) Applied cepstral mean normalization to 102 utterances, errors on 0
M0000000107_0093 เอา เป็น ฝ่าย จาน นึง 
LOG (gmm-latgen-faster[5.5.0~1494-e5a5]:DecodeUtteranceLatticeFaster():decoder-wrappers.cc:375) Log-like per frame for utterance M0000000107_0093 is -4.09276 over 209 frames.
M0000000107_0094 เอา กล้วย ทอด จาน หนึ่ง 
LOG (gmm-latgen-faster[5.5.0~1494-e5a5]:DecodeUtteranceLatticeFaster():decoder-wrappers.cc:375) Log-like per frame for utterance M0000000107_0094 is -4.11822 over 200 frames.
M0000000107_0095 ทำ บัว ลอย ไข่ หวาน ได้ ไหม 
LOG (gmm-latgen-faster[5.5.0~1494-e5a5]:DecodeUtteranceLatticeFaster():decoder-wrappers.cc:375) Log-like per frame for utterance M0000000107_0095 is -3.91512 over 275 frames.
M0000000107_0096 รูป ที่ เหมาะ กิน ควีน ไร นึง 
LOG (gmm-latgen-faster[5.5.0~1494-e5a5]:DecodeUtteranceLatticeFaster():decoder-wrappers.cc:375) Log-like per frame for utterance M0000000107_0096 is -4.20221 over 264 frames.
M0000000107_0097 มา ส่ง ที่ ของ ให้ หน่อย 
LOG (gmm-latgen-faster[5.5.0~1494-e5a5]:DecodeUtteranceLatticeFaster():decoder-wrappers.cc:375) Log-like per frame for utterance M0000000107_0097 is -4.22249 over 214 frames.
M0000000107_0098 มา ส่ง ที่ บาน ได้ไหม พับ 
LOG (gmm-latgen-faster[5.5.0~1494-e5a5]:DecodeUtteranceLatticeFaster():decoder-wrappers.cc:375) Log-like per frame for utterance M0000000107_0098 is -4.00917 over 316 frames.
LOG (transform-feats[5.5.0~1494-e5a5]:main():transform-feats.cc:158) Overall average [pseudo-]logdet is -28.1793 over 23986 frames.
LOG (transform-feats[5.5.0~1494-e5a5]:main():transform-feats.cc:161) Applied transform to 102 utterances; 0 had errors.
M0000000107_0099 เดียว โมง ไป เอา ครับ 
LOG (gmm-latgen-faster[5.5.0~1494-e5a5]:DecodeUtteranceLatticeFaster():decoder-wrappers.cc:375) Log-like per frame for utterance M0000000107_0099 is -4.71523 over 184 frames.
M0000000107_0100 เดียว เดิน ไป เท่า ที่ ผ่าน มา 
LOG (gmm-latgen-faster[5.5.0~1494-e5a5]:DecodeUtteranceLatticeFaster():decoder-wrappers.cc:375) Log-like per frame for utterance M0000000107_0100 is -4.48877 over 219 frames.
LOG (transform-feats[5.5.0~1494-e5a5]:main():transform-feats.cc:158) Overall average logdet is -1.53856 over 23986 frames.
LOG (transform-feats[5.5.0~1494-e5a5]:main():transform-feats.cc:161) Applied transform to 102 utterances; 0 had errors.
M0000000107_0101 อยู่ ใช้ จะ ขาด แล้ว อะไร ก็ได้ ก๊าซ หนึ่ง 
LOG (gmm-latgen-faster[5.5.0~1494-e5a5]:DecodeUtteranceLatticeFaster():decoder-wrappers.cc:375) Log-like per frame for utterance M0000000107_0101 is -4.41989 over 424 frames.
LOG (gmm-latgen-faster[5.5.0~1494-e5a5]:main():gmm-latgen-faster.cc:176) Time taken 53.3853s: real-time factor assuming 100 frames/sec is 0.222569
LOG (gmm-latgen-faster[5.5.0~1494-e5a5]:main():gmm-latgen-faster.cc:179) Done 102 utterances, failed for 0
LOG (gmm-latgen-faster[5.5.0~1494-e5a5]:main():gmm-latgen-faster.cc:181) Overall log-likelihood per frame is -4.16861 over 23986 frames.
# Accounting: time=54 threads=1
# Ended (code 0) at Mon May 17 09:53:07 UTC 2021, elapsed time 54 seconds
