# gunzip -c exp/tri3b/decode.si/lat.1.gz | lattice-to-post --acoustic-scale=0.083333 ark:- ark:- | weight-silence-post 0.01 1:2:3:4:5 exp/tri3b/final.alimdl ark:- ark:- | gmm-post-to-gpost exp/tri3b/final.alimdl "ark,s,cs:apply-cmvn  --utt2spk=ark:data/test/split4/1/utt2spk scp:data/test/split4/1/cmvn.scp scp:data/test/split4/1/feats.scp ark:- | splice-feats  ark:- ark:- | transform-feats exp/tri3b/final.mat ark:- ark:- |" ark:- ark:- | gmm-est-fmllr-gpost --fmllr-update-type=full --spk2utt=ark:data/test/split4/1/spk2utt exp/tri3b/final.mdl "ark,s,cs:apply-cmvn  --utt2spk=ark:data/test/split4/1/utt2spk scp:data/test/split4/1/cmvn.scp scp:data/test/split4/1/feats.scp ark:- | splice-feats  ark:- ark:- | transform-feats exp/tri3b/final.mat ark:- ark:- |" ark,s,cs:- ark:exp/tri3b/decode/pre_trans.1 
# Started at Mon May 17 09:52:08 UTC 2021
#
weight-silence-post 0.01 1:2:3:4:5 exp/tri3b/final.alimdl ark:- ark:- 
gmm-est-fmllr-gpost --fmllr-update-type=full --spk2utt=ark:data/test/split4/1/spk2utt exp/tri3b/final.mdl 'ark,s,cs:apply-cmvn  --utt2spk=ark:data/test/split4/1/utt2spk scp:data/test/split4/1/cmvn.scp scp:data/test/split4/1/feats.scp ark:- | splice-feats  ark:- ark:- | transform-feats exp/tri3b/final.mat ark:- ark:- |' ark,s,cs:- ark:exp/tri3b/decode/pre_trans.1 
gmm-post-to-gpost exp/tri3b/final.alimdl 'ark,s,cs:apply-cmvn  --utt2spk=ark:data/test/split4/1/utt2spk scp:data/test/split4/1/cmvn.scp scp:data/test/split4/1/feats.scp ark:- | splice-feats  ark:- ark:- | transform-feats exp/tri3b/final.mat ark:- ark:- |' ark:- ark:- 
lattice-to-post --acoustic-scale=0.083333 ark:- ark:- 
apply-cmvn --utt2spk=ark:data/test/split4/1/utt2spk scp:data/test/split4/1/cmvn.scp scp:data/test/split4/1/feats.scp ark:- 
splice-feats ark:- ark:- 
transform-feats exp/tri3b/final.mat ark:- ark:- 
splice-feats ark:- ark:- 
apply-cmvn --utt2spk=ark:data/test/split4/1/utt2spk scp:data/test/split4/1/cmvn.scp scp:data/test/split4/1/feats.scp ark:- 
transform-feats exp/tri3b/final.mat ark:- ark:- 
LOG (gmm-est-fmllr-gpost[5.5.0~1494-e5a5]:ComputeFmllrMatrixDiagGmmFull():fmllr-diag-gmm.cc:262) fMLLR objf improvement is 5.21565 per frame over 13687.5 frames.
LOG (gmm-est-fmllr-gpost[5.5.0~1494-e5a5]:main():gmm-est-fmllr-gpost.cc:141) For speaker M0000000085, auxf-impr from fMLLR is 5.21565, over 13687.5 frames.

LOG (lattice-to-post[5.5.0~1494-e5a5]:main():lattice-to-post.cc:106) Overall average log-like/frame is -3.97298 over 46546 frames.  Average acoustic like/frame is -3.74762
LOG (lattice-to-post[5.5.0~1494-e5a5]:main():lattice-to-post.cc:110) Done 204 lattices.
LOG (weight-silence-post[5.5.0~1494-e5a5]:main():weight-silence-post.cc:95) Done 204 posteriors.
LOG (apply-cmvn[5.5.0~1494-e5a5]:main():apply-cmvn.cc:162) Applied cepstral mean normalization to 204 utterances, errors on 0
LOG (apply-cmvn[5.5.0~1494-e5a5]:main():apply-cmvn.cc:162) Applied cepstral mean normalization to 204 utterances, errors on 0
LOG (transform-feats[5.5.0~1494-e5a5]:main():transform-feats.cc:158) Overall average [pseudo-]logdet is -28.1793 over 46546 frames.
LOG (transform-feats[5.5.0~1494-e5a5]:main():transform-feats.cc:161) Applied transform to 204 utterances; 0 had errors.
LOG (transform-feats[5.5.0~1494-e5a5]:main():transform-feats.cc:158) Overall average [pseudo-]logdet is -28.1793 over 46546 frames.
LOG (transform-feats[5.5.0~1494-e5a5]:main():transform-feats.cc:161) Applied transform to 204 utterances; 0 had errors.
LOG (gmm-post-to-gpost[5.5.0~1494-e5a5]:main():gmm-post-to-gpost.cc:124) Done 204 files, 0 with no posteriors, 0 with other errors.
LOG (gmm-post-to-gpost[5.5.0~1494-e5a5]:main():gmm-post-to-gpost.cc:128) Overall avg like per frame (Gaussian only) = -48.1237 over 35736.2 frames.
LOG (gmm-post-to-gpost[5.5.0~1494-e5a5]:main():gmm-post-to-gpost.cc:131) Done converting post to gpost
LOG (gmm-est-fmllr-gpost[5.5.0~1494-e5a5]:ComputeFmllrMatrixDiagGmmFull():fmllr-diag-gmm.cc:262) fMLLR objf improvement is 6.32989 per frame over 22048.7 frames.
LOG (gmm-est-fmllr-gpost[5.5.0~1494-e5a5]:main():gmm-est-fmllr-gpost.cc:141) For speaker M0000000105, auxf-impr from fMLLR is 6.32989, over 22048.7 frames.

LOG (gmm-est-fmllr-gpost[5.5.0~1494-e5a5]:main():gmm-est-fmllr-gpost.cc:186) Done 204 files, 0 with no gposts, 0 with other errors.
LOG (gmm-est-fmllr-gpost[5.5.0~1494-e5a5]:main():gmm-est-fmllr-gpost.cc:188) Overall fMLLR auxf impr per frame is 5.90312 over 35736.2 frames.
# Accounting: time=5 threads=1
# Ended (code 0) at Mon May 17 09:52:13 UTC 2021, elapsed time 5 seconds
