# lattice-determinize-pruned --acoustic-scale=0.083333 --beam=4.0 "ark:gunzip -c exp/tri3b/decode/lat.tmp.1.gz|" ark:- | lattice-to-post --acoustic-scale=0.083333 ark:- ark:- | weight-silence-post 0.01 1:2:3:4:5 exp/tri3b/final.mdl ark:- ark:- | gmm-est-fmllr --fmllr-update-type=full --spk2utt=ark:data/test/split4/1/spk2utt exp/tri3b/final.mdl "ark,s,cs:apply-cmvn  --utt2spk=ark:data/test/split4/1/utt2spk scp:data/test/split4/1/cmvn.scp scp:data/test/split4/1/feats.scp ark:- | splice-feats  ark:- ark:- | transform-feats exp/tri3b/final.mat ark:- ark:- | transform-feats --utt2spk=ark:data/test/split4/1/utt2spk ark:exp/tri3b/decode/pre_trans.1 ark:- ark:- |" ark,s,cs:- ark:exp/tri3b/decode/trans_tmp.1 && compose-transforms --b-is-affine=true ark:exp/tri3b/decode/trans_tmp.1 ark:exp/tri3b/decode/pre_trans.1 ark:exp/tri3b/decode/trans.1 
# Started at Mon May 17 09:54:08 UTC 2021
#
gmm-est-fmllr --fmllr-update-type=full --spk2utt=ark:data/test/split4/1/spk2utt exp/tri3b/final.mdl 'ark,s,cs:apply-cmvn  --utt2spk=ark:data/test/split4/1/utt2spk scp:data/test/split4/1/cmvn.scp scp:data/test/split4/1/feats.scp ark:- | splice-feats  ark:- ark:- | transform-feats exp/tri3b/final.mat ark:- ark:- | transform-feats --utt2spk=ark:data/test/split4/1/utt2spk ark:exp/tri3b/decode/pre_trans.1 ark:- ark:- |' ark,s,cs:- ark:exp/tri3b/decode/trans_tmp.1 
weight-silence-post 0.01 1:2:3:4:5 exp/tri3b/final.mdl ark:- ark:- 
lattice-determinize-pruned --acoustic-scale=0.083333 --beam=4.0 'ark:gunzip -c exp/tri3b/decode/lat.tmp.1.gz|' ark:- 
lattice-to-post --acoustic-scale=0.083333 ark:- ark:- 
transform-feats --utt2spk=ark:data/test/split4/1/utt2spk ark:exp/tri3b/decode/pre_trans.1 ark:- ark:- 
transform-feats exp/tri3b/final.mat ark:- ark:- 
splice-feats ark:- ark:- 
apply-cmvn --utt2spk=ark:data/test/split4/1/utt2spk scp:data/test/split4/1/cmvn.scp scp:data/test/split4/1/feats.scp ark:- 
LOG (gmm-est-fmllr[5.5.0~1494-e5a5]:ComputeFmllrMatrixDiagGmmFull():fmllr-diag-gmm.cc:262) fMLLR objf improvement is 0.171858 per frame over 13622.8 frames.
LOG (gmm-est-fmllr[5.5.0~1494-e5a5]:main():gmm-est-fmllr.cc:143) For speaker M0000000085, auxf-impr from fMLLR is 0.171858, over 13622.8 frames.
LOG (lattice-determinize-pruned[5.5.0~1494-e5a5]:main():lattice-determinize-pruned.cc:159) Average input-lattice depth (measured at at state level) is 10.8287, output depth is 2.14122, over 46546 frames  (average num-frames = 228.167).
LOG (lattice-determinize-pruned[5.5.0~1494-e5a5]:main():lattice-determinize-pruned.cc:164) Done 204 lattices, determinization finished earlier than specified by the beam (or output was empty) on 0 of these.
LOG (lattice-to-post[5.5.0~1494-e5a5]:main():lattice-to-post.cc:106) Overall average log-like/frame is -3.7217 over 46546 frames.  Average acoustic like/frame is -3.49604
LOG (lattice-to-post[5.5.0~1494-e5a5]:main():lattice-to-post.cc:110) Done 204 lattices.
LOG (weight-silence-post[5.5.0~1494-e5a5]:main():weight-silence-post.cc:95) Done 204 posteriors.
LOG (apply-cmvn[5.5.0~1494-e5a5]:main():apply-cmvn.cc:162) Applied cepstral mean normalization to 204 utterances, errors on 0
LOG (transform-feats[5.5.0~1494-e5a5]:main():transform-feats.cc:158) Overall average [pseudo-]logdet is -28.1793 over 46546 frames.
LOG (transform-feats[5.5.0~1494-e5a5]:main():transform-feats.cc:161) Applied transform to 204 utterances; 0 had errors.
LOG (transform-feats[5.5.0~1494-e5a5]:main():transform-feats.cc:158) Overall average logdet is 0.70365 over 46546 frames.
LOG (transform-feats[5.5.0~1494-e5a5]:main():transform-feats.cc:161) Applied transform to 204 utterances; 0 had errors.
LOG (gmm-est-fmllr[5.5.0~1494-e5a5]:ComputeFmllrMatrixDiagGmmFull():fmllr-diag-gmm.cc:262) fMLLR objf improvement is 0.203182 per frame over 21975.6 frames.
LOG (gmm-est-fmllr[5.5.0~1494-e5a5]:main():gmm-est-fmllr.cc:143) For speaker M0000000105, auxf-impr from fMLLR is 0.203182, over 21975.6 frames.
LOG (gmm-est-fmllr[5.5.0~1494-e5a5]:main():gmm-est-fmllr.cc:188) Done 204 files, 0 with no posts, 0 with other errors.
LOG (gmm-est-fmllr[5.5.0~1494-e5a5]:main():gmm-est-fmllr.cc:190) Overall fMLLR auxf impr per frame is 0.191195 over 35598.4 frames.
compose-transforms --b-is-affine=true ark:exp/tri3b/decode/trans_tmp.1 ark:exp/tri3b/decode/pre_trans.1 ark:exp/tri3b/decode/trans.1 
# Accounting: time=6 threads=1
# Ended (code 0) at Mon May 17 09:54:14 UTC 2021, elapsed time 6 seconds
