# lattice-scale --inv-acoustic-scale=14 "ark:gunzip -c exp/tri1/decode/lat.*.gz|" ark:- | lattice-add-penalty --word-ins-penalty=1.0 ark:- ark:- | lattice-best-path --word-symbol-table=exp/tri1/graph//words.txt ark:- ark,t:- | utils/int2sym.pl -f 2- exp/tri1/graph//words.txt | local/wer_hyp_filter > exp/tri1/decode/scoring_kaldi/penalty_1.0/14.txt 
# Started at Sun May  2 17:11:31 UTC 2021
#
lattice-best-path --word-symbol-table=exp/tri1/graph//words.txt ark:- ark,t:- 
lattice-add-penalty --word-ins-penalty=1.0 ark:- ark:- 
lattice-scale --inv-acoustic-scale=14 'ark:gunzip -c exp/tri1/decode/lat.*.gz|' ark:- 
LOG (lattice-best-path[5.5.0~1494-e5a5]:main():lattice-best-path.cc:99) For utterance M0000000085_0000, best cost 33.8834 + 949.818 = 983.702 over 127 frames.
M0000000085_0000 กงล้อ ที่ อีก 
LOG (lattice-best-path[5.5.0~1494-e5a5]:main():lattice-best-path.cc:99) For utterance M0000000085_0001, best cost 73.31 + 1687.76 = 1761.07 over 233 frames.
M0000000085_0001 แกว่ง ที่ เอา ล้าน อนึ่ง กัน 
LOG (lattice-best-path[5.5.0~1494-e5a5]:main():lattice-best-path.cc:99) For utterance M0000000085_0002, best cost 56.7525 + 1597.83 = 1654.59 over 224 frames.
M0000000085_0002 เอา ออก ไป ใช้ กล่าวถึง การ 
LOG (lattice-best-path[5.5.0~1494-e5a5]:main():lattice-best-path.cc:99) For utterance M0000000085_0003, best cost 30.8608 + 1579.4 = 1610.26 over 212 frames.
M0000000085_0003 ทรง ตาม 
LOG (lattice-best-path[5.5.0~1494-e5a5]:main():lattice-best-path.cc:99) For utterance M0000000085_0004, best cost 48.8263 + 1273.58 = 1322.4 over 179 frames.
M0000000085_0004 เขา ประมง กระดาษ การ 
LOG (lattice-best-path[5.5.0~1494-e5a5]:main():lattice-best-path.cc:99) For utterance M0000000085_0005, best cost 62.568 + 1432.54 = 1495.11 over 198 frames.
M0000000085_0005 ออก กลไก ใส่ มน การ 
LOG (lattice-best-path[5.5.0~1494-e5a5]:main():lattice-best-path.cc:99) For utterance M0000000085_0006, best cost 22.3224 + 1033.26 = 1055.58 over 140 frames.
M0000000085_0006 พวก 
LOG (lattice-best-path[5.5.0~1494-e5a5]:main():lattice-best-path.cc:99) For utterance M0000000085_0007, best cost 55.544 + 1153.32 = 1208.87 over 165 frames.
M0000000085_0007 นำ โค้ง ปาก ยาว หนึ่ง 
LOG (lattice-best-path[5.5.0~1494-e5a5]:main():lattice-best-path.cc:99) For utterance M0000000085_0008, best cost 61.9917 + 1509.88 = 1571.87 over 218 frames.
M0000000085_0008 นำเอา หนึ่ง นั้น โค้ง สอง 
LOG (lattice-best-path[5.5.0~1494-e5a5]:main():lattice-best-path.cc:99) For utterance M0000000085_0009, best cost 29.628 + 1227.02 = 1256.65 over 174 frames.
M0000000085_0009 ข้อ นั้น 
LOG (lattice-best-path[5.5.0~1494-e5a5]:main():lattice-best-path.cc:99) For utterance M0000000085_0010, best cost 39.1422 + 969.634 = 1008.78 over 135 frames.
M0000000085_0010 คง หลอด น้อย 
LOG (lattice-best-path[5.5.0~1494-e5a5]:main():lattice-best-path.cc:99) For utterance M0000000085_0011, best cost 34.8044 + 1058.97 = 1093.77 over 153 frames.
M0000000085_0011 มา ทาง กล 
LOG (lattice-best-path[5.5.0~1494-e5a5]:main():lattice-best-path.cc:99) For utterance M0000000085_0012, best cost 24.4154 + 1276.67 = 1301.09 over 176 frames.
M0000000085_0012 ตาม 
LOG (lattice-best-path[5.5.0~1494-e5a5]:main():lattice-best-path.cc:99) For utterance M0000000085_0013, best cost 58.1342 + 1908.24 = 1966.38 over 261 frames.
M0000000085_0013 ต้อง สิ่ง ที่ ออก ซึ่ง 
LOG (lattice-best-path[5.5.0~1494-e5a5]:main():lattice-best-path.cc:99) For utterance M0000000085_0014, best cost 24.0751 + 1187 = 1211.07 over 162 frames.
M0000000085_0014 ที่ 
LOG (lattice-best-path[5.5.0~1494-e5a5]:main():lattice-best-path.cc:99) For utterance M0000000085_0015, best cost 44.913 + 1096.29 = 1141.21 over 153 frames.
M0000000085_0015 ก่อนหลัง ตรง น้ำหนัก 
LOG (lattice-best-path[5.5.0~1494-e5a5]:main():lattice-best-path.cc:99) For utterance M0000000085_0016, best cost 23.7669 + 1365.61 = 1389.38 over 183 frames.
M0000000085_0016 ขอนแก่น 
LOG (lattice-best-path[5.5.0~1494-e5a5]:main():lattice-best-path.cc:99) For utterance M0000000085_0017, best cost 31.4778 + 1316.69 = 1348.17 over 189 frames.
M0000000085_0017 ข้อ นั้น 
LOG (lattice-best-path[5.5.0~1494-e5a5]:main():lattice-best-path.cc:99) For utterance M0000000085_0018, best cost 49.4239 + 1100.42 = 1149.84 over 150 frames.
M0000000085_0018 ของ กลีบ เริ่ม น้อย 
LOG (lattice-best-path[5.5.0~1494-e5a5]:main():lattice-best-path.cc:99) For utterance M0000000085_0019, best cost 43.6682 + 1395.51 = 1439.18 over 197 frames.
M0000000085_0019 ขยาย เป็นต้น คณะ 
LOG (lattice-best-path[5.5.0~1494-e5a5]:main():lattice-best-path.cc:99) For utterance M0000000085_0020, best cost 37.5934 + 1126.54 = 1164.13 over 162 frames.
M0000000085_0020 รูป อะไร ใน 
LOG (lattice-best-path[5.5.0~1494-e5a5]:main():lattice-best-path.cc:99) For utterance M0000000085_0021, best cost 32.9932 + 1105.41 = 1138.41 over 165 frames.
M0000000085_0021 ตัดสิน จะ 
LOG (lattice-best-path[5.5.0~1494-e5a5]:main():lattice-best-path.cc:99) For utterance M0000000085_0022, best cost 41.428 + 1006.75 = 1048.18 over 143 frames.
M0000000085_0022 จึง ได้ ไม่ อาจ 
LOG (lattice-best-path[5.5.0~1494-e5a5]:main():lattice-best-path.cc:99) For utterance M0000000085_0023, best cost 37.174 + 1533.74 = 1570.91 over 216 frames.
M0000000085_0023 อาหาร ภายใน 
LOG (lattice-best-path[5.5.0~1494-e5a5]:main():lattice-best-path.cc:99) For utterance M0000000085_0024, best cost 45.0523 + 941.996 = 987.049 over 129 frames.
M0000000085_0024 ของ เครื่อง องค์ น้อย 
LOG (lattice-best-path[5.5.0~1494-e5a5]:main():lattice-best-path.cc:99) For utterance M0000000085_0025, best cost 30.9117 + 844.273 = 875.184 over 119 frames.
M0000000085_0025 คิด หมด 
LOG (lattice-best-path[5.5.0~1494-e5a5]:main():lattice-best-path.cc:99) For utterance M0000000085_0026, best cost 48.33 + 1375.79 = 1424.12 over 188 frames.
M0000000085_0026 มี จะ ที่ ใหม่ๆ 
LOG (lattice-best-path[5.5.0~1494-e5a5]:main():lattice-best-path.cc:99) For utterance M0000000085_0027, best cost 37.0571 + 1664.5 = 1701.55 over 227 frames.
M0000000085_0027 เอา ซอส 
LOG (lattice-best-path[5.5.0~1494-e5a5]:main():lattice-best-path.cc:99) For utterance M0000000085_0028, best cost 36.7711 + 1364.17 = 1400.94 over 188 frames.
M0000000085_0028 ข้อ นั้น จึง 
LOG (lattice-best-path[5.5.0~1494-e5a5]:main():lattice-best-path.cc:99) For utterance M0000000085_0029, best cost 37.2368 + 1047.02 = 1084.26 over 153 frames.
M0000000085_0029 จะ เฉลี่ย อย่าง 
LOG (lattice-best-path[5.5.0~1494-e5a5]:main():lattice-best-path.cc:99) For utterance M0000000085_0030, best cost 46.1691 + 1131.23 = 1177.4 over 167 frames.
M0000000085_0030 รวม อะไร ใน บาง 
LOG (lattice-best-path[5.5.0~1494-e5a5]:main():lattice-best-path.cc:99) For utterance M0000000085_0031, best cost 42.0849 + 1220.22 = 1262.31 over 171 frames.
M0000000085_0031 อาหาร จังหวัด ลง 
LOG (lattice-best-path[5.5.0~1494-e5a5]:main():lattice-best-path.cc:99) For utterance M0000000085_0032, best cost 30.4813 + 1206.68 = 1237.16 over 171 frames.
M0000000085_0032 ผล อะไร 
LOG (lattice-best-path[5.5.0~1494-e5a5]:main():lattice-best-path.cc:99) For utterance M0000000085_0033, best cost 25.5196 + 895.026 = 920.546 over 126 frames.
M0000000085_0033 ใหม่ๆ 
LOG (lattice-best-path[5.5.0~1494-e5a5]:main():lattice-best-path.cc:99) For utterance M0000000085_0034, best cost 31.0694 + 1015.3 = 1046.37 over 150 frames.
M0000000085_0034 หลอด ปานกลาง 
LOG (lattice-best-path[5.5.0~1494-e5a5]:main():lattice-best-path.cc:99) For utterance M0000000085_0035, best cost 19.8187 + 957.362 = 977.181 over 135 frames.
M0000000085_0035 แมลง 
LOG (lattice-best-path[5.5.0~1494-e5a5]:main():lattice-best-path.cc:99) For utterance M0000000085_0036, best cost 34.4674 + 1261.89 = 1296.36 over 179 frames.
M0000000085_0036 ของ เปลี่ยน 
LOG (lattice-best-path[5.5.0~1494-e5a5]:main():lattice-best-path.cc:99) For utterance M0000000085_0037, best cost 38.9533 + 1007.29 = 1046.24 over 147 frames.
M0000000085_0037 ไม่ เอา และ 
LOG (lattice-best-path[5.5.0~1494-e5a5]:main():lattice-best-path.cc:99) For utterance M0000000085_0038, best cost 13.1994 + 1087.01 = 1100.21 over 150 frames.
M0000000085_0038 
LOG (lattice-best-path[5.5.0~1494-e5a5]:main():lattice-best-path.cc:99) For utterance M0000000085_0039, best cost 38.6951 + 1267.23 = 1305.93 over 177 frames.
M0000000085_0039 ได้ องศา หนัก 
LOG (lattice-best-path[5.5.0~1494-e5a5]:main():lattice-best-path.cc:99) For utterance M0000000085_0040, best cost 23.005 + 1136.47 = 1159.48 over 156 frames.
M0000000085_0040 ยา 
LOG (lattice-best-path[5.5.0~1494-e5a5]:main():lattice-best-path.cc:99) For utterance M0000000085_0041, best cost 38.5261 + 1502.97 = 1541.5 over 209 frames.
M0000000085_0041 แอดเดรส ตัวนำ 
LOG (lattice-best-path[5.5.0~1494-e5a5]:main():lattice-best-path.cc:99) For utterance M0000000085_0042, best cost 34.2275 + 1173.59 = 1207.81 over 162 frames.
M0000000085_0042 ย่าน ย่าน 
LOG (lattice-best-path[5.5.0~1494-e5a5]:main():lattice-best-path.cc:99) For utterance M0000000085_0043, best cost 38.3522 + 1007.19 = 1045.54 over 146 frames.
M0000000085_0043 ชั้น ระหว่าง ไว้ 
LOG (lattice-best-path[5.5.0~1494-e5a5]:main():lattice-best-path.cc:99) For utterance M0000000085_0044, best cost 33.0353 + 1003.08 = 1036.11 over 146 frames.
M0000000085_0044 จะ ต่างๆ ด้วย 
LOG (lattice-best-path[5.5.0~1494-e5a5]:main():lattice-best-path.cc:99) For utterance M0000000085_0045, best cost 14.0717 + 1388.31 = 1402.38 over 183 frames.
M0000000085_0045 
LOG (lattice-best-path[5.5.0~1494-e5a5]:main():lattice-best-path.cc:99) For utterance M0000000085_0046, best cost 21.9522 + 1036.07 = 1058.02 over 144 frames.
M0000000085_0046 อธิบาย 
LOG (lattice-best-path[5.5.0~1494-e5a5]:main():lattice-best-path.cc:99) For utterance M0000000085_0047, best cost 15.2889 + 1195.56 = 1210.85 over 159 frames.
M0000000085_0047 
LOG (lattice-best-path[5.5.0~1494-e5a5]:main():lattice-best-path.cc:99) For utterance M0000000085_0048, best cost 59.4382 + 1326.71 = 1386.15 over 186 frames.
M0000000085_0048 มี บน หมด อะไร ไม่ 
LOG (lattice-best-path[5.5.0~1494-e5a5]:main():lattice-best-path.cc:99) For utterance M0000000085_0049, best cost 21.9152 + 958.573 = 980.488 over 137 frames.
M0000000085_0049 ไม่ 
LOG (lattice-best-path[5.5.0~1494-e5a5]:main():lattice-best-path.cc:99) For utterance M0000000085_0050, best cost 29.629 + 1001.05 = 1030.68 over 143 frames.
M0000000085_0050 ย่าน มาก 
LOG (lattice-best-path[5.5.0~1494-e5a5]:main():lattice-best-path.cc:99) For utterance M0000000085_0051, best cost 21.3468 + 1050.15 = 1071.5 over 144 frames.
M0000000085_0051 ข่าว 
LOG (lattice-best-path[5.5.0~1494-e5a5]:main():lattice-best-path.cc:99) For utterance M0000000085_0052, best cost 13.6796 + 1123.82 = 1137.5 over 149 frames.
M0000000085_0052 
LOG (lattice-best-path[5.5.0~1494-e5a5]:main():lattice-best-path.cc:99) For utterance M0000000085_0053, best cost 50.4935 + 1233.78 = 1284.27 over 173 frames.
M0000000085_0053 วันนี้ อะไร แมลง 
LOG (lattice-best-path[5.5.0~1494-e5a5]:main():lattice-best-path.cc:99) For utterance M0000000085_0054, best cost 21.8178 + 928.263 = 950.081 over 131 frames.
M0000000085_0054 อิเล็กตรอน 
LOG (lattice-best-path[5.5.0~1494-e5a5]:main():lattice-best-path.cc:99) For utterance M0000000085_0055, best cost 23.4088 + 978.445 = 1001.85 over 141 frames.
M0000000085_0055 ไว้ 
LOG (lattice-best-path[5.5.0~1494-e5a5]:main():lattice-best-path.cc:99) For utterance M0000000085_0056, best cost 60.2103 + 1720.64 = 1780.85 over 237 frames.
M0000000085_0056 จึง เครื่อง ได้ และ คล้ายคลึง อย่างไร 
LOG (lattice-best-path[5.5.0~1494-e5a5]:main():lattice-best-path.cc:99) For utterance M0000000085_0057, best cost 32.8211 + 941.175 = 973.996 over 134 frames.
M0000000085_0057 ไม่ ต้อง กลอน 
LOG (lattice-best-path[5.5.0~1494-e5a5]:main():lattice-best-path.cc:99) For utterance M0000000085_0058, best cost 29.0919 + 1073.07 = 1102.17 over 156 frames.
M0000000085_0058 หลังจากนั้น ไว้ 
LOG (lattice-best-path[5.5.0~1494-e5a5]:main():lattice-best-path.cc:99) For utterance M0000000085_0059, best cost 42.9817 + 1414.72 = 1457.7 over 192 frames.
M0000000085_0059 กับ ข้อมูล สัตว์ ร้าย 
LOG (lattice-best-path[5.5.0~1494-e5a5]:main():lattice-best-path.cc:99) For utterance M0000000085_0060, best cost 27.1933 + 1377.34 = 1404.53 over 186 frames.
M0000000085_0060 มากมาย 
LOG (lattice-best-path[5.5.0~1494-e5a5]:main():lattice-best-path.cc:99) For utterance M0000000085_0061, best cost 13.4178 + 1193.84 = 1207.25 over 164 frames.
M0000000085_0061 
LOG (lattice-best-path[5.5.0~1494-e5a5]:main():lattice-best-path.cc:99) For utterance M0000000085_0062, best cost 40.1604 + 1015.38 = 1055.54 over 144 frames.
M0000000085_0062 มี ของ เรียง ใน 
LOG (lattice-best-path[5.5.0~1494-e5a5]:main():lattice-best-path.cc:99) For utterance M0000000085_0063, best cost 41.6668 + 1103.54 = 1145.2 over 155 frames.
M0000000085_0063 ไม่ เหล่านี้ อะไร 
LOG (lattice-best-path[5.5.0~1494-e5a5]:main():lattice-best-path.cc:99) For utterance M0000000085_0064, best cost 23.5638 + 1148.42 = 1171.99 over 161 frames.
M0000000085_0064 เรียก 
LOG (lattice-best-path[5.5.0~1494-e5a5]:main():lattice-best-path.cc:99) For utterance M0000000085_0065, best cost 25.6501 + 1193.45 = 1219.1 over 164 frames.
M0000000085_0065 ขอ 
LOG (lattice-best-path[5.5.0~1494-e5a5]:main():lattice-best-path.cc:99) For utterance M0000000085_0066, best cost 20.3665 + 1073.11 = 1093.48 over 144 frames.
M0000000085_0066 เป็น 
LOG (lattice-best-path[5.5.0~1494-e5a5]:main():lattice-best-path.cc:99) For utterance M0000000085_0067, best cost 37.4188 + 1119.15 = 1156.57 over 161 frames.
M0000000085_0067 ของ มี อนึ่ง 
LOG (lattice-best-path[5.5.0~1494-e5a5]:main():lattice-best-path.cc:99) For utterance M0000000085_0068, best cost 41.9154 + 1323.31 = 1365.23 over 185 frames.
M0000000085_0068 โครงการ แบ่ง ต้องการ 
LOG (lattice-best-path[5.5.0~1494-e5a5]:main():lattice-best-path.cc:99) For utterance M0000000085_0069, best cost 45.3762 + 1118.92 = 1164.3 over 164 frames.
M0000000085_0069 มี ที่ หลัง เคลื่อนไหว 
LOG (lattice-best-path[5.5.0~1494-e5a5]:main():lattice-best-path.cc:99) For utterance M0000000085_0070, best cost 21.2476 + 1166.21 = 1187.46 over 162 frames.
M0000000085_0070 ควร 
LOG (lattice-best-path[5.5.0~1494-e5a5]:main():lattice-best-path.cc:99) For utterance M0000000085_0071, best cost 46.3903 + 1239.15 = 1285.54 over 164 frames.
M0000000085_0071 เหล่านี้ มี คง วิจัย 
LOG (lattice-best-path[5.5.0~1494-e5a5]:main():lattice-best-path.cc:99) For utterance M0000000085_0072, best cost 66.5271 + 1394.89 = 1461.42 over 191 frames.
M0000000085_0072 คน กิ่งไม้ กิน บ่อยๆ หลาย 
LOG (lattice-best-path[5.5.0~1494-e5a5]:main():lattice-best-path.cc:99) For utterance M0000000085_0073, best cost 56.3479 + 1592.63 = 1648.97 over 224 frames.
M0000000085_0073 เท่าไร ระหว่าง ร้านอาหาร หนัก 
LOG (lattice-best-path[5.5.0~1494-e5a5]:main():lattice-best-path.cc:99) For utterance M0000000085_0074, best cost 22.6625 + 1045.5 = 1068.16 over 144 frames.
M0000000085_0074 หลัก 
LOG (lattice-best-path[5.5.0~1494-e5a5]:main():lattice-best-path.cc:99) For utterance M0000000085_0075, best cost 37.1457 + 1514.14 = 1551.28 over 201 frames.
M0000000085_0075 ยา สำนักงาน 
LOG (lattice-best-path[5.5.0~1494-e5a5]:main():lattice-best-path.cc:99) For utterance M0000000085_0076, best cost 67.3525 + 1329.07 = 1396.42 over 188 frames.
M0000000085_0076 ยัง ไม่ ดิน เนื้อหา หลัก ไม่ 
LOG (lattice-best-path[5.5.0~1494-e5a5]:main():lattice-best-path.cc:99) For utterance M0000000085_0077, best cost 39.8803 + 1666.12 = 1706 over 231 frames.
M0000000085_0077 หลังจากนั้น อะไร 
LOG (lattice-best-path[5.5.0~1494-e5a5]:main():lattice-best-path.cc:99) For utterance M0000000085_0078, best cost 43.426 + 1542.96 = 1586.39 over 206 frames.
M0000000085_0078 ยา เสีย ล้าน 
LOG (lattice-best-path[5.5.0~1494-e5a5]:main():lattice-best-path.cc:99) For utterance M0000000085_0079, best cost 45.4492 + 1163.26 = 1208.71 over 176 frames.
M0000000085_0079 ข่าย เกรียงชัย ไม้ 
LOG (lattice-best-path[5.5.0~1494-e5a5]:main():lattice-best-path.cc:99) For utterance M0000000085_0080, best cost 48.7562 + 1573.7 = 1622.45 over 218 frames.
M0000000085_0080 ยา เครื่องซักผ้า บางๆ 
LOG (lattice-best-path[5.5.0~1494-e5a5]:main():lattice-best-path.cc:99) For utterance M0000000085_0081, best cost 66.6907 + 2067.73 = 2134.42 over 290 frames.
M0000000085_0081 โต๊ะ ส่วน การ ยัง ได้ อะไร 
LOG (lattice-best-path[5.5.0~1494-e5a5]:main():lattice-best-path.cc:99) For utterance M0000000085_0082, best cost 73.0959 + 1730.72 = 1803.82 over 243 frames.
M0000000085_0082 มัก จะ ไป ด้วย หลัก ต้อง เสีย หนัก 
LOG (lattice-best-path[5.5.0~1494-e5a5]:main():lattice-best-path.cc:99) For utterance M0000000085_0083, best cost 47.9376 + 1341.87 = 1389.8 over 191 frames.
M0000000085_0083 หรือ เดียว ใช้ บิน ไล่ 
LOG (lattice-best-path[5.5.0~1494-e5a5]:main():lattice-best-path.cc:99) For utterance M0000000085_0084, best cost 23.8587 + 1200.14 = 1224 over 164 frames.
M0000000085_0084 บาง 
LOG (lattice-best-path[5.5.0~1494-e5a5]:main():lattice-best-path.cc:99) For utterance M0000000085_0085, best cost 54.6369 + 1392.3 = 1446.93 over 203 frames.
M0000000085_0085 เขา อ่าน และ ได้ ที่ ได้ 
LOG (lattice-best-path[5.5.0~1494-e5a5]:main():lattice-best-path.cc:99) For utterance M0000000085_0086, best cost 44.8631 + 1434.24 = 1479.1 over 203 frames.
M0000000085_0086 บันได อายุ เปล่า 
LOG (lattice-best-path[5.5.0~1494-e5a5]:main():lattice-best-path.cc:99) For utterance M0000000085_0087, best cost 49.1827 + 1196.57 = 1245.76 over 176 frames.
M0000000085_0087 เปลี่ยน ใน ยกเลิก ไว้ 
LOG (lattice-best-path[5.5.0~1494-e5a5]:main():lattice-best-path.cc:99) For utterance M0000000085_0088, best cost 37.2429 + 1341.52 = 1378.76 over 179 frames.
M0000000085_0088 จาก ที่ ใน 
LOG (lattice-best-path[5.5.0~1494-e5a5]:main():lattice-best-path.cc:99) For utterance M0000000085_0089, best cost 56.1888 + 1187.26 = 1243.45 over 167 frames.
M0000000085_0089 ต้อง ใช้ น้ำตาล ที่ สอน 
LOG (lattice-best-path[5.5.0~1494-e5a5]:main():lattice-best-path.cc:99) For utterance M0000000085_0090, best cost 17.2918 + 1471.78 = 1489.07 over 203 frames.
M0000000085_0090 
LOG (lattice-best-path[5.5.0~1494-e5a5]:main():lattice-best-path.cc:99) For utterance M0000000085_0091, best cost 12.1916 + 1223.53 = 1235.72 over 161 frames.
M0000000085_0091 
LOG (lattice-best-path[5.5.0~1494-e5a5]:main():lattice-best-path.cc:99) For utterance M0000000085_0092, best cost 39.829 + 1033.83 = 1073.66 over 147 frames.
M0000000085_0092 ใส่ มุง เรา 
LOG (lattice-best-path[5.5.0~1494-e5a5]:main():lattice-best-path.cc:99) For utterance M0000000085_0093, best cost 44.1255 + 1058.94 = 1103.06 over 152 frames.
M0000000085_0093 อะโซคริน รายการ หนึ่ง 
LOG (lattice-best-path[5.5.0~1494-e5a5]:main():lattice-best-path.cc:99) For utterance M0000000085_0094, best cost 23.4432 + 1416.69 = 1440.14 over 198 frames.
M0000000085_0094 ออก 
LOG (lattice-best-path[5.5.0~1494-e5a5]:main():lattice-best-path.cc:99) For utterance M0000000085_0095, best cost 70.7747 + 1392.19 = 1462.96 over 200 frames.
M0000000085_0095 ทั้ง บน หลอดไฟ หวาน ใน ไม่ 
LOG (lattice-best-path[5.5.0~1494-e5a5]:main():lattice-best-path.cc:99) For utterance M0000000085_0096, best cost 15.6741 + 1509.49 = 1525.16 over 194 frames.
M0000000085_0096 
LOG (lattice-best-path[5.5.0~1494-e5a5]:main():lattice-best-path.cc:99) For utterance M0000000085_0097, best cost 32.4117 + 1233.94 = 1266.35 over 167 frames.
M0000000085_0097 มัก น้อย 
LOG (lattice-best-path[5.5.0~1494-e5a5]:main():lattice-best-path.cc:99) For utterance M0000000085_0098, best cost 47.0063 + 1347.72 = 1394.73 over 189 frames.
M0000000085_0098 รับส่ง ที่ บันได 
LOG (lattice-best-path[5.5.0~1494-e5a5]:main():lattice-best-path.cc:99) For utterance M0000000085_0099, best cost 35.9526 + 1027.79 = 1063.74 over 138 frames.
M0000000085_0099 เดียว ลง 
LOG (lattice-best-path[5.5.0~1494-e5a5]:main():lattice-best-path.cc:99) For utterance M0000000085_0100, best cost 53.1622 + 1428.12 = 1481.28 over 206 frames.
M0000000085_0100 เรือ เดิน เรา ล้าน หนัก 
LOG (lattice-best-path[5.5.0~1494-e5a5]:main():lattice-best-path.cc:99) For utterance M0000000085_0101, best cost 66.8537 + 1977.73 = 2044.58 over 266 frames.
M0000000085_0101 อยู่ ใช้ อาคาร และ การ หนึ่ง 
LOG (lattice-best-path[5.5.0~1494-e5a5]:main():lattice-best-path.cc:99) For utterance M0000000105_0000, best cost 13.1839 + 1136.85 = 1150.04 over 178 frames.
M0000000105_0000 
LOG (lattice-best-path[5.5.0~1494-e5a5]:main():lattice-best-path.cc:99) For utterance M0000000105_0001, best cost 66.6442 + 2383.86 = 2450.51 over 366 frames.
M0000000105_0001 ก่อนหลัง นา หนึ่ง จาน 
LOG (lattice-best-path[5.5.0~1494-e5a5]:main():lattice-best-path.cc:99) For utterance M0000000105_0002, best cost 80.9115 + 2124.98 = 2205.89 over 314 frames.
M0000000105_0002 เขา ก็ เรา เกย เคย กล่าว หนึ่ง 
LOG (lattice-best-path[5.5.0~1494-e5a5]:main():lattice-best-path.cc:99) For utterance M0000000105_0003, best cost 67.2199 + 1757.03 = 1824.25 over 257 frames.
M0000000105_0003 ผสม ต่ำ ผลึก บัตร เครื่อง 
LOG (lattice-best-path[5.5.0~1494-e5a5]:main():lattice-best-path.cc:99) For utterance M0000000105_0004, best cost 76.5224 + 2009.98 = 2086.51 over 316 frames.
M0000000105_0004 เรา พัด หนู ให้ เปล่าๆ ตาม 
LOG (lattice-best-path[5.5.0~1494-e5a5]:main():lattice-best-path.cc:99) For utterance M0000000105_0005, best cost 67.3685 + 2016.76 = 2084.13 over 309 frames.
M0000000105_0005 หัว ไป ไซ หู จาน 
LOG (lattice-best-path[5.5.0~1494-e5a5]:main():lattice-best-path.cc:99) For utterance M0000000105_0006, best cost 43.2239 + 1438.59 = 1481.81 over 220 frames.
M0000000105_0006 พวก ควร เดิน 
LOG (lattice-best-path[5.5.0~1494-e5a5]:main():lattice-best-path.cc:99) For utterance M0000000105_0007, best cost 57.3517 + 1739.43 = 1796.78 over 271 frames.
M0000000105_0007 แสง วาง ยาว หนึ่ง 
LOG (lattice-best-path[5.5.0~1494-e5a5]:main():lattice-best-path.cc:99) For utterance M0000000105_0008, best cost 72.6752 + 2220.24 = 2292.91 over 350 frames.
M0000000105_0008 น้ำ เปล่า หนึ่ง สำคัญ สอง 
LOG (lattice-best-path[5.5.0~1494-e5a5]:main():lattice-best-path.cc:99) For utterance M0000000105_0009, best cost 53.7033 + 1640.29 = 1694 over 252 frames.
M0000000105_0009 ของ สำคัญ ทั้ง หนึ่ง 
LOG (lattice-best-path[5.5.0~1494-e5a5]:main():lattice-best-path.cc:99) For utterance M0000000105_0010, best cost 41.9298 + 1452.54 = 1494.47 over 235 frames.
M0000000105_0010 ของ หลอด น้อย 
LOG (lattice-best-path[5.5.0~1494-e5a5]:main():lattice-best-path.cc:99) For utterance M0000000105_0011, best cost 51.6594 + 1146.48 = 1198.14 over 178 frames.
M0000000105_0011 มาก หาก คน รับ 
LOG (lattice-best-path[5.5.0~1494-e5a5]:main():lattice-best-path.cc:99) For utterance M0000000105_0012, best cost 53.676 + 1216.89 = 1270.56 over 172 frames.
M0000000105_0012 สาร โต๊ะ เสียง พรึง 
LOG (lattice-best-path[5.5.0~1494-e5a5]:main():lattice-best-path.cc:99) For utterance M0000000105_0013, best cost 105.112 + 4369.38 = 4474.5 over 646 frames.
M0000000105_0013 ไถ ท้องเฟ้อ ของ แพทย์ สอง ผม ควร 
LOG (lattice-best-path[5.5.0~1494-e5a5]:main():lattice-best-path.cc:99) For utterance M0000000105_0014, best cost 25.7485 + 1402.27 = 1428.02 over 213 frames.
M0000000105_0014 และ 
LOG (lattice-best-path[5.5.0~1494-e5a5]:main():lattice-best-path.cc:99) For utterance M0000000105_0015, best cost 52.3261 + 1612.59 = 1664.92 over 252 frames.
M0000000105_0015 เพราะ นั้น กรง นาน นัก 
LOG (lattice-best-path[5.5.0~1494-e5a5]:main():lattice-best-path.cc:99) For utterance M0000000105_0016, best cost 54.003 + 1727.84 = 1781.85 over 252 frames.
M0000000105_0016 ก่อนหลัง ประจุ หนัก 
LOG (lattice-best-path[5.5.0~1494-e5a5]:main():lattice-best-path.cc:99) For utterance M0000000105_0017, best cost 59.3394 + 1236.05 = 1295.39 over 193 frames.
M0000000105_0017 เพราะ นั่ง ตาย แล หนัก 
LOG (lattice-best-path[5.5.0~1494-e5a5]:main():lattice-best-path.cc:99) For utterance M0000000105_0018, best cost 61.2178 + 1609.96 = 1671.17 over 238 frames.
M0000000105_0018 พบ ก็ หรือ สรุป นอน 
LOG (lattice-best-path[5.5.0~1494-e5a5]:main():lattice-best-path.cc:99) For utterance M0000000105_0019, best cost 55.8888 + 1602.84 = 1658.73 over 236 frames.
M0000000105_0019 พอ ยาเหน็บ ไป ตก นาน นัก 
LOG (lattice-best-path[5.5.0~1494-e5a5]:main():lattice-best-path.cc:99) For utterance M0000000105_0020, best cost 46.7923 + 1212.26 = 1259.06 over 190 frames.
M0000000105_0020 รูป บาป ไป ใน 
LOG (lattice-best-path[5.5.0~1494-e5a5]:main():lattice-best-path.cc:99) For utterance M0000000105_0021, best cost 40.2909 + 890.908 = 931.199 over 142 frames.
M0000000105_0021 นา กิน ดัง 
LOG (lattice-best-path[5.5.0~1494-e5a5]:main():lattice-best-path.cc:99) For utterance M0000000105_0022, best cost 42.6057 + 1142.78 = 1185.39 over 176 frames.
M0000000105_0022 เชิง ได้ ใหม่ๆ 
LOG (lattice-best-path[5.5.0~1494-e5a5]:main():lattice-best-path.cc:99) For utterance M0000000105_0023, best cost 36.2548 + 1840.78 = 1877.04 over 273 frames.
M0000000105_0023 อาหาร ไม่ 
LOG (lattice-best-path[5.5.0~1494-e5a5]:main():lattice-best-path.cc:99) For utterance M0000000105_0024, best cost 46.9231 + 1344.95 = 1391.88 over 201 frames.
M0000000105_0024 ของ เครื่อง ปรุง น้อย 
LOG (lattice-best-path[5.5.0~1494-e5a5]:main():lattice-best-path.cc:99) For utterance M0000000105_0025, best cost 29.9607 + 753.422 = 783.383 over 111 frames.
M0000000105_0025 เรียก หมด 
LOG (lattice-best-path[5.5.0~1494-e5a5]:main():lattice-best-path.cc:99) For utterance M0000000105_0026, best cost 68.1171 + 1866.1 = 1934.22 over 292 frames.
M0000000105_0026 มี น้ำ เตรียม ซุก ที่ ไม่ 
LOG (lattice-best-path[5.5.0~1494-e5a5]:main():lattice-best-path.cc:99) For utterance M0000000105_0027, best cost 79.1084 + 2459.31 = 2538.41 over 373 frames.
M0000000105_0027 เอา ซอส ประเทศ ให้ นอน จาก 
LOG (lattice-best-path[5.5.0~1494-e5a5]:main():lattice-best-path.cc:99) For utterance M0000000105_0028, best cost 74.7849 + 1980.1 = 2054.88 over 298 frames.
M0000000105_0028 เพราะ นำ จึง เพิ่ม น้อย ครอบ 
LOG (lattice-best-path[5.5.0~1494-e5a5]:main():lattice-best-path.cc:99) For utterance M0000000105_0029, best cost 51.058 + 1392.65 = 1443.7 over 216 frames.
M0000000105_0029 จะ ผศ. คือ ยัง 
LOG (lattice-best-path[5.5.0~1494-e5a5]:main():lattice-best-path.cc:99) For utterance M0000000105_0030, best cost 47.9262 + 1381.52 = 1429.45 over 212 frames.
M0000000105_0030 ผล อะไร ได้ บ้าง 
LOG (lattice-best-path[5.5.0~1494-e5a5]:main():lattice-best-path.cc:99) For utterance M0000000105_0031, best cost 60.2062 + 1621.81 = 1682.02 over 255 frames.
M0000000105_0031 อาหาร จะ มาก ที่ มุง 
LOG (lattice-best-path[5.5.0~1494-e5a5]:main():lattice-best-path.cc:99) For utterance M0000000105_0032, best cost 57.9566 + 1691.23 = 1749.19 over 267 frames.
M0000000105_0032 ต้อง อีก ด้าน ไม่ 
LOG (lattice-best-path[5.5.0~1494-e5a5]:main():lattice-best-path.cc:99) For utterance M0000000105_0033, best cost 41.9803 + 1353.22 = 1395.2 over 215 frames.
M0000000105_0033 ไอ จะ เศษ 
LOG (lattice-best-path[5.5.0~1494-e5a5]:main():lattice-best-path.cc:99) For utterance M0000000105_0034, best cost 37.4684 + 1225.13 = 1262.6 over 198 frames.
M0000000105_0034 เพราะ นั้น สร้าง 
LOG (lattice-best-path[5.5.0~1494-e5a5]:main():lattice-best-path.cc:99) For utterance M0000000105_0035, best cost 44.5137 + 1477.47 = 1521.99 over 249 frames.
M0000000105_0035 ใหม่ๆ ทิ้ง แล้ว 
LOG (lattice-best-path[5.5.0~1494-e5a5]:main():lattice-best-path.cc:99) For utterance M0000000105_0036, best cost 40.5644 + 1426.85 = 1467.41 over 221 frames.
M0000000105_0036 ขอบ เตรียม 
LOG (lattice-best-path[5.5.0~1494-e5a5]:main():lattice-best-path.cc:99) For utterance M0000000105_0037, best cost 46.3237 + 1348.88 = 1395.2 over 209 frames.
M0000000105_0037 ใหม่ๆ เอา แล้ว 
LOG (lattice-best-path[5.5.0~1494-e5a5]:main():lattice-best-path.cc:99) For utterance M0000000105_0038, best cost 47.6938 + 1925.06 = 1972.76 over 307 frames.
M0000000105_0038 ปลูก ข้าว อยู่ 
LOG (lattice-best-path[5.5.0~1494-e5a5]:main():lattice-best-path.cc:99) For utterance M0000000105_0039, best cost 45.4615 + 1517.06 = 1562.52 over 234 frames.
M0000000105_0039 หลาย ไป ตก หนัก 
LOG (lattice-best-path[5.5.0~1494-e5a5]:main():lattice-best-path.cc:99) For utterance M0000000105_0040, best cost 45.9736 + 1613.83 = 1659.8 over 245 frames.
M0000000105_0040 ได้ ไป ตก หนัก 
LOG (lattice-best-path[5.5.0~1494-e5a5]:main():lattice-best-path.cc:99) For utterance M0000000105_0041, best cost 73.8818 + 2484.45 = 2558.33 over 385 frames.
M0000000105_0041 เอา โป๊ะ ตัว นั้น มาก 
LOG (lattice-best-path[5.5.0~1494-e5a5]:main():lattice-best-path.cc:99) For utterance M0000000105_0042, best cost 63.3072 + 1824.92 = 1888.22 over 279 frames.
M0000000105_0042 จะ ได้ ไป หรือ ของ แกน 
LOG (lattice-best-path[5.5.0~1494-e5a5]:main():lattice-best-path.cc:99) For utterance M0000000105_0043, best cost 52.2565 + 1660.84 = 1713.1 over 264 frames.
M0000000105_0043 ชั้น บน วาง ไว้ 
LOG (lattice-best-path[5.5.0~1494-e5a5]:main():lattice-best-path.cc:99) For utterance M0000000105_0044, best cost 41.7192 + 1228.11 = 1269.83 over 190 frames.
M0000000105_0044 เก็บ ต่าง ด้วย 
LOG (lattice-best-path[5.5.0~1494-e5a5]:main():lattice-best-path.cc:99) For utterance M0000000105_0045, best cost 64.2445 + 1755.76 = 1820 over 280 frames.
M0000000105_0045 รอบ บัตร หรือ ดิบ ไม่ 
LOG (lattice-best-path[5.5.0~1494-e5a5]:main():lattice-best-path.cc:99) For utterance M0000000105_0046, best cost 31.2175 + 1174.08 = 1205.3 over 187 frames.
M0000000105_0046 ที่ ไป 
LOG (lattice-best-path[5.5.0~1494-e5a5]:main():lattice-best-path.cc:99) For utterance M0000000105_0047, best cost 56.334 + 1553.16 = 1609.49 over 236 frames.
M0000000105_0047 จะ แกน จาน บัตร 
LOG (lattice-best-path[5.5.0~1494-e5a5]:main():lattice-best-path.cc:99) For utterance M0000000105_0048, best cost 71.1743 + 2091.73 = 2162.9 over 325 frames.
M0000000105_0048 รม หมด ผ่าน ไม่ ไม่ 
LOG (lattice-best-path[5.5.0~1494-e5a5]:main():lattice-best-path.cc:99) For utterance M0000000105_0049, best cost 48.1889 + 1397.78 = 1445.97 over 220 frames.
M0000000105_0049 ไม้ เอา น้อย 
LOG (lattice-best-path[5.5.0~1494-e5a5]:main():lattice-best-path.cc:99) For utterance M0000000105_0050, best cost 43.3906 + 1303.43 = 1346.82 over 205 frames.
M0000000105_0050 ตรวจวัด แหล่ง มาก 
LOG (lattice-best-path[5.5.0~1494-e5a5]:main():lattice-best-path.cc:99) For utterance M0000000105_0051, best cost 51.8961 + 1864.2 = 1916.1 over 305 frames.
M0000000105_0051 ว่า เข็ม นั้น เขา 
LOG (lattice-best-path[5.5.0~1494-e5a5]:main():lattice-best-path.cc:99) For utterance M0000000105_0052, best cost 48.7355 + 1431.37 = 1480.1 over 220 frames.
M0000000105_0052 เกิด เกิน ไป ปรับ 
LOG (lattice-best-path[5.5.0~1494-e5a5]:main():lattice-best-path.cc:99) For utterance M0000000105_0053, best cost 81.5836 + 2388.16 = 2469.74 over 376 frames.
M0000000105_0053 วัน มี เอา รอย มาก หรือ เพราะ 
LOG (lattice-best-path[5.5.0~1494-e5a5]:main():lattice-best-path.cc:99) For utterance M0000000105_0054, best cost 41.4646 + 1191.4 = 1232.86 over 194 frames.
M0000000105_0054 ปิด ไว้ ก่อน 
LOG (lattice-best-path[5.5.0~1494-e5a5]:main():lattice-best-path.cc:99) For utterance M0000000105_0055, best cost 42.9163 + 1317.59 = 1360.5 over 202 frames.
M0000000105_0055 ผ่าน หาก ไม่ 
LOG (lattice-best-path[5.5.0~1494-e5a5]:main():lattice-best-path.cc:99) For utterance M0000000105_0056, best cost 98.3551 + 2887.44 = 2985.79 over 450 frames.
M0000000105_0056 ทิ้ง ขึ้น การ รักษา พรึง เดียว ได้ ไม้ 
LOG (lattice-best-path[5.5.0~1494-e5a5]:main():lattice-best-path.cc:99) For utterance M0000000105_0057, best cost 31.9237 + 1166.57 = 1198.49 over 187 frames.
M0000000105_0057 ไม่ ต้อง 
LOG (lattice-best-path[5.5.0~1494-e5a5]:main():lattice-best-path.cc:99) For utterance M0000000105_0058, best cost 51.5196 + 1366.78 = 1418.3 over 215 frames.
M0000000105_0058 บางๆ ตาม ได้ ไม้ 
LOG (lattice-best-path[5.5.0~1494-e5a5]:main():lattice-best-path.cc:99) For utterance M0000000105_0059, best cost 48.5497 + 1772.32 = 1820.87 over 273 frames.
M0000000105_0059 กับ เรา เท่าไร 
LOG (lattice-best-path[5.5.0~1494-e5a5]:main():lattice-best-path.cc:99) For utterance M0000000105_0060, best cost 73.027 + 2143.27 = 2216.29 over 331 frames.
M0000000105_0060 ต้ม ย่าน องค์ เผ็ด มากมาย 
LOG (lattice-best-path[5.5.0~1494-e5a5]:main():lattice-best-path.cc:99) For utterance M0000000105_0061, best cost 47.1005 + 1669.45 = 1716.55 over 256 frames.
M0000000105_0061 ผล ตาย ได้ ไมครอน 
LOG (lattice-best-path[5.5.0~1494-e5a5]:main():lattice-best-path.cc:99) For utterance M0000000105_0062, best cost 50.149 + 1301.12 = 1351.27 over 209 frames.
M0000000105_0062 มี พร้อมๆ พื้น ใน 
LOG (lattice-best-path[5.5.0~1494-e5a5]:main():lattice-best-path.cc:99) For utterance M0000000105_0063, best cost 56.4273 + 1736.19 = 1792.62 over 264 frames.
M0000000105_0063 เอา รอย ไม้ 
LOG (lattice-best-path[5.5.0~1494-e5a5]:main():lattice-best-path.cc:99) For utterance M0000000105_0064, best cost 37.2362 + 1460.12 = 1497.36 over 220 frames.
M0000000105_0064 ตอน เปล่าๆ 
LOG (lattice-best-path[5.5.0~1494-e5a5]:main():lattice-best-path.cc:99) For utterance M0000000105_0065, best cost 48.9198 + 1764.64 = 1813.56 over 273 frames.
M0000000105_0065 ของ ถูก น้อย 
LOG (lattice-best-path[5.5.0~1494-e5a5]:main():lattice-best-path.cc:99) For utterance M0000000105_0066, best cost 46.2012 + 1337.01 = 1383.21 over 194 frames.
M0000000105_0066 ประหยัด หมด รับ 
LOG (lattice-best-path[5.5.0~1494-e5a5]:main():lattice-best-path.cc:99) For utterance M0000000105_0067, best cost 37.6896 + 1397.97 = 1435.66 over 212 frames.
M0000000105_0067 ออก อนึ่ง 
LOG (lattice-best-path[5.5.0~1494-e5a5]:main():lattice-best-path.cc:99) For utterance M0000000105_0068, best cost 66.4578 + 1798.25 = 1864.71 over 279 frames.
M0000000105_0068 ออก จาน แบ่ง สอง การ 
LOG (lattice-best-path[5.5.0~1494-e5a5]:main():lattice-best-path.cc:99) For utterance M0000000105_0069, best cost 64.3086 + 1750.88 = 1815.19 over 272 frames.
M0000000105_0069 มี ที่ ล้าน หมื่น ไม้ 
LOG (lattice-best-path[5.5.0~1494-e5a5]:main():lattice-best-path.cc:99) For utterance M0000000105_0070, best cost 56.6807 + 1415.57 = 1472.25 over 219 frames.
M0000000105_0070 ออก เป็น รู น้อย สี 
LOG (lattice-best-path[5.5.0~1494-e5a5]:main():lattice-best-path.cc:99) For utterance M0000000105_0071, best cost 47.5667 + 2090.46 = 2138.03 over 320 frames.
M0000000105_0071 ขูด ไม้ 
LOG (lattice-best-path[5.5.0~1494-e5a5]:main():lattice-best-path.cc:99) For utterance M0000000105_0072, best cost 83.5619 + 2112.79 = 2196.35 over 332 frames.
M0000000105_0072 ผล ที่ เรียน มาก จึง บ่อยๆ ไม้ 
LOG (lattice-best-path[5.5.0~1494-e5a5]:main():lattice-best-path.cc:99) For utterance M0000000105_0073, best cost 75.2863 + 2521.14 = 2596.43 over 393 frames.
M0000000105_0073 ตาม เพราะ วาง ทำ อาหาร 
LOG (lattice-best-path[5.5.0~1494-e5a5]:main():lattice-best-path.cc:99) For utterance M0000000105_0074, best cost 56.2575 + 1618.2 = 1674.46 over 257 frames.
M0000000105_0074 ปรับ เดิน สำหรับ ไม่ 
LOG (lattice-best-path[5.5.0~1494-e5a5]:main():lattice-best-path.cc:99) For utterance M0000000105_0075, best cost 74.8664 + 2406.87 = 2481.74 over 378 frames.
M0000000105_0075 หลัก สำนักงาน ต้อง อายุ เท่าไร 
LOG (lattice-best-path[5.5.0~1494-e5a5]:main():lattice-best-path.cc:99) For utterance M0000000105_0076, best cost 69.6177 + 2134.21 = 2203.83 over 330 frames.
M0000000105_0076 ยัง ไม่ ทัน ประธาน ปรับ ไม่ 
LOG (lattice-best-path[5.5.0~1494-e5a5]:main():lattice-best-path.cc:99) For utterance M0000000105_0077, best cost 94.8547 + 2775.59 = 2870.45 over 435 frames.
M0000000105_0077 ไม่ มี ที่ ตั้ง หลัง การแพทย์ บัตร ไม้ 
LOG (lattice-best-path[5.5.0~1494-e5a5]:main():lattice-best-path.cc:99) For utterance M0000000105_0078, best cost 75.1062 + 2406.13 = 2481.24 over 373 frames.
M0000000105_0078 หลัก ร้อน ออก ข่าย เท่าไร 
LOG (lattice-best-path[5.5.0~1494-e5a5]:main():lattice-best-path.cc:99) For utterance M0000000105_0079, best cost 52.5611 + 1712.42 = 1764.98 over 266 frames.
M0000000105_0079 กลาย เป็น ฉาย ไม้ 
LOG (lattice-best-path[5.5.0~1494-e5a5]:main():lattice-best-path.cc:99) For utterance M0000000105_0080, best cost 76.6413 + 2579.86 = 2656.5 over 408 frames.
M0000000105_0080 ก๊าซ เปิด บาง ต้อง ทำลาย 
LOG (lattice-best-path[5.5.0~1494-e5a5]:main():lattice-best-path.cc:99) For utterance M0000000105_0081, best cost 104.823 + 2485.68 = 2590.5 over 394 frames.
M0000000105_0081 โต๊ะ สู่ ไว้ ต่าง ยาก หลาย ข่าย ไม่ 
LOG (lattice-best-path[5.5.0~1494-e5a5]:main():lattice-best-path.cc:99) For utterance M0000000105_0082, best cost 103.892 + 2725.92 = 2829.81 over 429 frames.
M0000000105_0082 นาย จะ ไป เปิด หวาน ตรง สี แยก บัตร 
LOG (lattice-best-path[5.5.0~1494-e5a5]:main():lattice-best-path.cc:99) For utterance M0000000105_0083, best cost 36.2143 + 1707.41 = 1743.63 over 257 frames.
M0000000105_0083 ดี ใบ 
LOG (lattice-best-path[5.5.0~1494-e5a5]:main():lattice-best-path.cc:99) For utterance M0000000105_0084, best cost 41.6479 + 1786.61 = 1828.26 over 271 frames.
M0000000105_0084 เดิน ได้ บ้าง 
LOG (lattice-best-path[5.5.0~1494-e5a5]:main():lattice-best-path.cc:99) For utterance M0000000105_0085, best cost 64.7627 + 2158.33 = 2223.09 over 335 frames.
M0000000105_0085 อาหาร ปลาย ได้ ไม่ 
LOG (lattice-best-path[5.5.0~1494-e5a5]:main():lattice-best-path.cc:99) For utterance M0000000105_0086, best cost 65.9339 + 2116.76 = 2182.69 over 334 frames.
M0000000105_0086 หวาน หนึ่ง ข่าย หลาย อย่าง 
LOG (lattice-best-path[5.5.0~1494-e5a5]:main():lattice-best-path.cc:99) For utterance M0000000105_0087, best cost 64.9953 + 1675.56 = 1740.56 over 259 frames.
M0000000105_0087 เรียน นาย ยก ได้ ไม่ 
LOG (lattice-best-path[5.5.0~1494-e5a5]:main():lattice-best-path.cc:99) For utterance M0000000105_0088, best cost 56.054 + 2030.21 = 2086.27 over 295 frames.
M0000000105_0088 ใช้ จาก ที่ หนัก 
LOG (lattice-best-path[5.5.0~1494-e5a5]:main():lattice-best-path.cc:99) For utterance M0000000105_0089, best cost 44.0897 + 1665.43 = 1709.52 over 249 frames.
M0000000105_0089 ต้อง สาย 
LOG (lattice-best-path[5.5.0~1494-e5a5]:main():lattice-best-path.cc:99) For utterance M0000000105_0090, best cost 71.0417 + 2127.79 = 2198.83 over 328 frames.
M0000000105_0090 ทำ ปลูก ยัง ใน สับ 
LOG (lattice-best-path[5.5.0~1494-e5a5]:main():lattice-best-path.cc:99) For utterance M0000000105_0091, best cost 76.4694 + 1693.25 = 1769.72 over 263 frames.
M0000000105_0091 ใส่ พุ่ง ถู ลด หรือ กล่าว 
LOG (lattice-best-path[5.5.0~1494-e5a5]:main():lattice-best-path.cc:99) For utterance M0000000105_0092, best cost 50.464 + 1488.51 = 1538.98 over 230 frames.
M0000000105_0092 ใส่ หนู หรือ เปล่าๆ 
LOG (lattice-best-path[5.5.0~1494-e5a5]:main():lattice-best-path.cc:99) For utterance M0000000105_0093, best cost 63.3262 + 1857.84 = 1921.17 over 289 frames.
M0000000105_0093 ออก ฝน ฝ่าย ตาม หนึ่ง 
LOG (lattice-best-path[5.5.0~1494-e5a5]:main():lattice-best-path.cc:99) For utterance M0000000105_0094, best cost 78.7854 + 3799.32 = 3878.11 over 615 frames.
M0000000105_0094 ไถ ออก กล้วย เพราะ การ ดึง 
LOG (lattice-best-path[5.5.0~1494-e5a5]:main():lattice-best-path.cc:99) For utterance M0000000105_0095, best cost 95.5291 + 2321.09 = 2416.62 over 363 frames.
M0000000105_0095 ทำ ทั่ว น้อย ข่าย หวาน บางๆ ไม้ 
LOG (lattice-best-path[5.5.0~1494-e5a5]:main():lattice-best-path.cc:99) For utterance M0000000105_0096, best cost 91.7624 + 2121.47 = 2213.23 over 337 frames.
M0000000105_0096 ดุ เขียน ลบ เป็น เกวียน ไม้ หนึ่ง 
LOG (lattice-best-path[5.5.0~1494-e5a5]:main():lattice-best-path.cc:99) For utterance M0000000105_0097, best cost 64.5741 + 1892.61 = 1957.19 over 294 frames.
M0000000105_0097 ว่า ส่ง ที่ ออกไป น้อย 
LOG (lattice-best-path[5.5.0~1494-e5a5]:main():lattice-best-path.cc:99) For utterance M0000000105_0098, best cost 100.093 + 2507.94 = 2608.03 over 390 frames.
M0000000105_0098 มาก ส่ง หาย ที่ บาง ด้าน ไม้ รับ 
LOG (lattice-best-path[5.5.0~1494-e5a5]:main():lattice-best-path.cc:99) For utterance M0000000105_0099, best cost 61.2312 + 1743.12 = 1804.35 over 273 frames.
M0000000105_0099 เดียว ลง ไป เอา รับ 
LOG (lattice-best-path[5.5.0~1494-e5a5]:main():lattice-best-path.cc:99) For utterance M0000000105_0100, best cost 84.5581 + 2333.65 = 2418.2 over 361 frames.
M0000000105_0100 เดียว เดิน ไป ออก ที่ ไถ หนัก 
LOG (lattice-best-path[5.5.0~1494-e5a5]:main():lattice-best-path.cc:99) For utterance M0000000105_0101, best cost 113.135 + 3542.45 = 3655.58 over 544 frames.
M0000000105_0101 อยู่ สาย จะ ขาด แล้ว อะไร ก่อน รายการ หนึ่ง 
LOG (lattice-best-path[5.5.0~1494-e5a5]:main():lattice-best-path.cc:99) For utterance M0000000107_0000, best cost 15.6278 + 1583.96 = 1599.59 over 210 frames.
M0000000107_0000 
LOG (lattice-best-path[5.5.0~1494-e5a5]:main():lattice-best-path.cc:99) For utterance M0000000107_0001, best cost 35.9344 + 3121.91 = 3157.84 over 423 frames.
M0000000107_0001 เรา 
LOG (lattice-best-path[5.5.0~1494-e5a5]:main():lattice-best-path.cc:99) For utterance M0000000107_0002, best cost 21.628 + 2379.91 = 2401.54 over 325 frames.
M0000000107_0002 
LOG (lattice-best-path[5.5.0~1494-e5a5]:main():lattice-best-path.cc:99) For utterance M0000000107_0003, best cost 32.5575 + 1921.34 = 1953.89 over 276 frames.
M0000000107_0003 ขึ้น เลือด 
LOG (lattice-best-path[5.5.0~1494-e5a5]:main():lattice-best-path.cc:99) For utterance M0000000107_0004, best cost 19.027 + 1886.9 = 1905.93 over 260 frames.
M0000000107_0004 
LOG (lattice-best-path[5.5.0~1494-e5a5]:main():lattice-best-path.cc:99) For utterance M0000000107_0005, best cost 17.5078 + 1779.17 = 1796.68 over 236 frames.
M0000000107_0005 
LOG (lattice-best-path[5.5.0~1494-e5a5]:main():lattice-best-path.cc:99) For utterance M0000000107_0006, best cost 14.0004 + 1351.48 = 1365.48 over 177 frames.
M0000000107_0006 
LOG (lattice-best-path[5.5.0~1494-e5a5]:main():lattice-best-path.cc:99) For utterance M0000000107_0007, best cost 17.1674 + 1539.75 = 1556.92 over 207 frames.
M0000000107_0007 
LOG (lattice-best-path[5.5.0~1494-e5a5]:main():lattice-best-path.cc:99) For utterance M0000000107_0008, best cost 16.423 + 1975.42 = 1991.85 over 266 frames.
M0000000107_0008 
LOG (lattice-best-path[5.5.0~1494-e5a5]:main():lattice-best-path.cc:99) For utterance M0000000107_0009, best cost 16.1654 + 1748.58 = 1764.75 over 239 frames.
M0000000107_0009 
LOG (lattice-best-path[5.5.0~1494-e5a5]:main():lattice-best-path.cc:99) For utterance M0000000107_0010, best cost 15.594 + 1706.29 = 1721.88 over 244 frames.
M0000000107_0010 
LOG (lattice-best-path[5.5.0~1494-e5a5]:main():lattice-best-path.cc:99) For utterance M0000000107_0011, best cost 15.0429 + 1338.49 = 1353.53 over 176 frames.
M0000000107_0011 
LOG (lattice-best-path[5.5.0~1494-e5a5]:main():lattice-best-path.cc:99) For utterance M0000000107_0012, best cost 16.0271 + 1696.69 = 1712.72 over 230 frames.
M0000000107_0012 
LOG (lattice-best-path[5.5.0~1494-e5a5]:main():lattice-best-path.cc:99) For utterance M0000000107_0013, best cost 29.5641 + 3242.62 = 3272.18 over 430 frames.
M0000000107_0013 
LOG (lattice-best-path[5.5.0~1494-e5a5]:main():lattice-best-path.cc:99) For utterance M0000000107_0014, best cost 25.5172 + 1628.43 = 1653.94 over 219 frames.
M0000000107_0014 ที่ 
LOG (lattice-best-path[5.5.0~1494-e5a5]:main():lattice-best-path.cc:99) For utterance M0000000107_0015, best cost 19.0016 + 1677.94 = 1696.94 over 224 frames.
M0000000107_0015 
LOG (lattice-best-path[5.5.0~1494-e5a5]:main():lattice-best-path.cc:99) For utterance M0000000107_0016, best cost 18.0678 + 2050.79 = 2068.86 over 265 frames.
M0000000107_0016 
LOG (lattice-best-path[5.5.0~1494-e5a5]:main():lattice-best-path.cc:99) For utterance M0000000107_0017, best cost 17.2538 + 1599.79 = 1617.04 over 219 frames.
M0000000107_0017 
LOG (lattice-best-path[5.5.0~1494-e5a5]:main():lattice-best-path.cc:99) For utterance M0000000107_0018, best cost 21.6937 + 1468.89 = 1490.59 over 197 frames.
M0000000107_0018 เพราะ 
LOG (lattice-best-path[5.5.0~1494-e5a5]:main():lattice-best-path.cc:99) For utterance M0000000107_0019, best cost 17.7538 + 1879.78 = 1897.54 over 253 frames.
M0000000107_0019 
LOG (lattice-best-path[5.5.0~1494-e5a5]:main():lattice-best-path.cc:99) For utterance M0000000107_0020, best cost 13.9287 + 1364.3 = 1378.23 over 179 frames.
M0000000107_0020 
LOG (lattice-best-path[5.5.0~1494-e5a5]:main():lattice-best-path.cc:99) For utterance M0000000107_0021, best cost 13.8459 + 1306.72 = 1320.56 over 174 frames.
M0000000107_0021 
LOG (lattice-best-path[5.5.0~1494-e5a5]:main():lattice-best-path.cc:99) For utterance M0000000107_0022, best cost 37.0015 + 1992.75 = 2029.75 over 282 frames.
M0000000107_0022 เตรียม ได้ ระยะ 
LOG (lattice-best-path[5.5.0~1494-e5a5]:main():lattice-best-path.cc:99) For utterance M0000000107_0023, best cost 18.1759 + 2163.98 = 2182.16 over 295 frames.
M0000000107_0023 
LOG (lattice-best-path[5.5.0~1494-e5a5]:main():lattice-best-path.cc:99) For utterance M0000000107_0024, best cost 13.9931 + 1388.69 = 1402.68 over 188 frames.
M0000000107_0024 
LOG (lattice-best-path[5.5.0~1494-e5a5]:main():lattice-best-path.cc:99) For utterance M0000000107_0025, best cost 12.0959 + 1200.05 = 1212.14 over 159 frames.
M0000000107_0025 
LOG (lattice-best-path[5.5.0~1494-e5a5]:main():lattice-best-path.cc:99) For utterance M0000000107_0026, best cost 17.3188 + 1741.44 = 1758.76 over 233 frames.
M0000000107_0026 
LOG (lattice-best-path[5.5.0~1494-e5a5]:main():lattice-best-path.cc:99) For utterance M0000000107_0027, best cost 19.4918 + 1882.98 = 1902.47 over 259 frames.
M0000000107_0027 
LOG (lattice-best-path[5.5.0~1494-e5a5]:main():lattice-best-path.cc:99) For utterance M0000000107_0028, best cost 16.1925 + 1854.91 = 1871.1 over 249 frames.
M0000000107_0028 
LOG (lattice-best-path[5.5.0~1494-e5a5]:main():lattice-best-path.cc:99) For utterance M0000000107_0029, best cost 30.2422 + 1428.79 = 1459.03 over 202 frames.
M0000000107_0029 จะ สัตว์เลี้ยง 
LOG (lattice-best-path[5.5.0~1494-e5a5]:main():lattice-best-path.cc:99) For utterance M0000000107_0030, best cost 14.6011 + 1736.83 = 1751.43 over 236 frames.
M0000000107_0030 
LOG (lattice-best-path[5.5.0~1494-e5a5]:main():lattice-best-path.cc:99) For utterance M0000000107_0031, best cost 19.1339 + 1726.15 = 1745.28 over 246 frames.
M0000000107_0031 
LOG (lattice-best-path[5.5.0~1494-e5a5]:main():lattice-best-path.cc:99) For utterance M0000000107_0032, best cost 32.5274 + 2130.4 = 2162.93 over 297 frames.
M0000000107_0032 ไถ 
LOG (lattice-best-path[5.5.0~1494-e5a5]:main():lattice-best-path.cc:99) For utterance M0000000107_0033, best cost 14.2832 + 1461.52 = 1475.81 over 209 frames.
M0000000107_0033 
LOG (lattice-best-path[5.5.0~1494-e5a5]:main():lattice-best-path.cc:99) For utterance M0000000107_0034, best cost 15.0952 + 1167.55 = 1182.65 over 158 frames.
M0000000107_0034 
LOG (lattice-best-path[5.5.0~1494-e5a5]:main():lattice-best-path.cc:99) For utterance M0000000107_0035, best cost 20.3095 + 1251.29 = 1271.6 over 181 frames.
M0000000107_0035 แมลง 
LOG (lattice-best-path[5.5.0~1494-e5a5]:main():lattice-best-path.cc:99) For utterance M0000000107_0036, best cost 37.607 + 1417.66 = 1455.27 over 208 frames.
M0000000107_0036 เพาะเลี้ยง ใน ลง 
LOG (lattice-best-path[5.5.0~1494-e5a5]:main():lattice-best-path.cc:99) For utterance M0000000107_0037, best cost 48.107 + 1604.44 = 1652.54 over 230 frames.
M0000000107_0037 ไม่ เอา แล้ว ทั้ง 
LOG (lattice-best-path[5.5.0~1494-e5a5]:main():lattice-best-path.cc:99) For utterance M0000000107_0038, best cost 15.3805 + 1329.84 = 1345.22 over 174 frames.
M0000000107_0038 
LOG (lattice-best-path[5.5.0~1494-e5a5]:main():lattice-best-path.cc:99) For utterance M0000000107_0039, best cost 17.4454 + 1679.76 = 1697.21 over 224 frames.
M0000000107_0039 
LOG (lattice-best-path[5.5.0~1494-e5a5]:main():lattice-best-path.cc:99) For utterance M0000000107_0040, best cost 17.7216 + 1850.04 = 1867.76 over 257 frames.
M0000000107_0040 
LOG (lattice-best-path[5.5.0~1494-e5a5]:main():lattice-best-path.cc:99) For utterance M0000000107_0041, best cost 19.4123 + 1963.16 = 1982.57 over 263 frames.
M0000000107_0041 
LOG (lattice-best-path[5.5.0~1494-e5a5]:main():lattice-best-path.cc:99) For utterance M0000000107_0042, best cost 24.114 + 1450.12 = 1474.23 over 201 frames.
M0000000107_0042 ยัง 
LOG (lattice-best-path[5.5.0~1494-e5a5]:main():lattice-best-path.cc:99) For utterance M0000000107_0043, best cost 17.0445 + 1405.54 = 1422.58 over 189 frames.
M0000000107_0043 
LOG (lattice-best-path[5.5.0~1494-e5a5]:main():lattice-best-path.cc:99) For utterance M0000000107_0044, best cost 13.9677 + 1347.08 = 1361.05 over 181 frames.
M0000000107_0044 
LOG (lattice-best-path[5.5.0~1494-e5a5]:main():lattice-best-path.cc:99) For utterance M0000000107_0045, best cost 27.2249 + 1850.95 = 1878.17 over 251 frames.
M0000000107_0045 ไม่ 
LOG (lattice-best-path[5.5.0~1494-e5a5]:main():lattice-best-path.cc:99) For utterance M0000000107_0046, best cost 13.9646 + 1404.52 = 1418.48 over 194 frames.
M0000000107_0046 
LOG (lattice-best-path[5.5.0~1494-e5a5]:main():lattice-best-path.cc:99) For utterance M0000000107_0047, best cost 15.8694 + 1545.55 = 1561.42 over 215 frames.
M0000000107_0047 
LOG (lattice-best-path[5.5.0~1494-e5a5]:main():lattice-best-path.cc:99) For utterance M0000000107_0048, best cost 17.5755 + 1762.41 = 1779.98 over 237 frames.
M0000000107_0048 
LOG (lattice-best-path[5.5.0~1494-e5a5]:main():lattice-best-path.cc:99) For utterance M0000000107_0049, best cost 40.0206 + 1204.1 = 1244.12 over 178 frames.
M0000000107_0049 ไม่ อะไร เรื่อย 
LOG (lattice-best-path[5.5.0~1494-e5a5]:main():lattice-best-path.cc:99) For utterance M0000000107_0050, best cost 16.7572 + 1420.98 = 1437.73 over 195 frames.
M0000000107_0050 
LOG (lattice-best-path[5.5.0~1494-e5a5]:main():lattice-best-path.cc:99) For utterance M0000000107_0051, best cost 15.6325 + 1400.83 = 1416.46 over 198 frames.
M0000000107_0051 
LOG (lattice-best-path[5.5.0~1494-e5a5]:main():lattice-best-path.cc:99) For utterance M0000000107_0052, best cost 15.6278 + 1561.01 = 1576.63 over 215 frames.
M0000000107_0052 
LOG (lattice-best-path[5.5.0~1494-e5a5]:main():lattice-best-path.cc:99) For utterance M0000000107_0053, best cost 17.6178 + 1700.67 = 1718.29 over 229 frames.
M0000000107_0053 
LOG (lattice-best-path[5.5.0~1494-e5a5]:main():lattice-best-path.cc:99) For utterance M0000000107_0054, best cost 22.6034 + 1182.65 = 1205.25 over 161 frames.
M0000000107_0054 ไมครอน 
LOG (lattice-best-path[5.5.0~1494-e5a5]:main():lattice-best-path.cc:99) For utterance M0000000107_0055, best cost 19.1003 + 1384.29 = 1403.39 over 193 frames.
M0000000107_0055 
LOG (lattice-best-path[5.5.0~1494-e5a5]:main():lattice-best-path.cc:99) For utterance M0000000107_0056, best cost 43.5442 + 2506 = 2549.54 over 343 frames.
M0000000107_0056 กลางคืน อะไร 
LOG (lattice-best-path[5.5.0~1494-e5a5]:main():lattice-best-path.cc:99) For utterance M0000000107_0057, best cost 11.7726 + 1114.87 = 1126.64 over 163 frames.
M0000000107_0057 
LOG (lattice-best-path[5.5.0~1494-e5a5]:main():lattice-best-path.cc:99) For utterance M0000000107_0058, best cost 16.6811 + 1317.09 = 1333.77 over 179 frames.
M0000000107_0058 
LOG (lattice-best-path[5.5.0~1494-e5a5]:main():lattice-best-path.cc:99) For utterance M0000000107_0059, best cost 15.8223 + 1583.5 = 1599.33 over 220 frames.
M0000000107_0059 
LOG (lattice-best-path[5.5.0~1494-e5a5]:main():lattice-best-path.cc:99) For utterance M0000000107_0060, best cost 18.5252 + 2330.46 = 2348.98 over 320 frames.
M0000000107_0060 
LOG (lattice-best-path[5.5.0~1494-e5a5]:main():lattice-best-path.cc:99) For utterance M0000000107_0061, best cost 15.9927 + 1620.8 = 1636.79 over 233 frames.
M0000000107_0061 
LOG (lattice-best-path[5.5.0~1494-e5a5]:main():lattice-best-path.cc:99) For utterance M0000000107_0062, best cost 35.4085 + 1348.77 = 1384.18 over 192 frames.
M0000000107_0062 เตรียม ไม่ 
LOG (lattice-best-path[5.5.0~1494-e5a5]:main():lattice-best-path.cc:99) For utterance M0000000107_0063, best cost 37.5534 + 1576.61 = 1614.17 over 228 frames.
M0000000107_0063 เรียน เรียก 
LOG (lattice-best-path[5.5.0~1494-e5a5]:main():lattice-best-path.cc:99) For utterance M0000000107_0064, best cost 26.9332 + 1243.62 = 1270.56 over 176 frames.
M0000000107_0064 โทรพิมพ์ 
LOG (lattice-best-path[5.5.0~1494-e5a5]:main():lattice-best-path.cc:99) For utterance M0000000107_0065, best cost 15.5386 + 1646.26 = 1661.8 over 216 frames.
M0000000107_0065 
LOG (lattice-best-path[5.5.0~1494-e5a5]:main():lattice-best-path.cc:99) For utterance M0000000107_0066, best cost 18.8661 + 1446.94 = 1465.81 over 192 frames.
M0000000107_0066 เพราะ 
LOG (lattice-best-path[5.5.0~1494-e5a5]:main():lattice-best-path.cc:99) For utterance M0000000107_0067, best cost 17.1206 + 1473.12 = 1490.24 over 201 frames.
M0000000107_0067 
LOG (lattice-best-path[5.5.0~1494-e5a5]:main():lattice-best-path.cc:99) For utterance M0000000107_0068, best cost 19.8343 + 2165.76 = 2185.59 over 298 frames.
M0000000107_0068 
LOG (lattice-best-path[5.5.0~1494-e5a5]:main():lattice-best-path.cc:99) For utterance M0000000107_0069, best cost 18.1741 + 1363.81 = 1381.98 over 185 frames.
M0000000107_0069 
LOG (lattice-best-path[5.5.0~1494-e5a5]:main():lattice-best-path.cc:99) For utterance M0000000107_0070, best cost 16.0223 + 1608.42 = 1624.44 over 228 frames.
M0000000107_0070 
LOG (lattice-best-path[5.5.0~1494-e5a5]:main():lattice-best-path.cc:99) For utterance M0000000107_0071, best cost 17.5651 + 1727.6 = 1745.17 over 229 frames.
M0000000107_0071 
LOG (lattice-best-path[5.5.0~1494-e5a5]:main():lattice-best-path.cc:99) For utterance M0000000107_0072, best cost 39.861 + 1950.15 = 1990.01 over 277 frames.
M0000000107_0072 ผล ที่ และ 
LOG (lattice-best-path[5.5.0~1494-e5a5]:main():lattice-best-path.cc:99) For utterance M0000000107_0073, best cost 19.6364 + 2107.03 = 2126.66 over 284 frames.
M0000000107_0073 
LOG (lattice-best-path[5.5.0~1494-e5a5]:main():lattice-best-path.cc:99) For utterance M0000000107_0074, best cost 15.533 + 1674.46 = 1689.99 over 228 frames.
M0000000107_0074 
LOG (lattice-best-path[5.5.0~1494-e5a5]:main():lattice-best-path.cc:99) For utterance M0000000107_0075, best cost 42.2785 + 2329.07 = 2371.35 over 320 frames.
M0000000107_0075 อยู่ เท่าไร 
LOG (lattice-best-path[5.5.0~1494-e5a5]:main():lattice-best-path.cc:99) For utterance M0000000107_0076, best cost 19.9233 + 1891.98 = 1911.9 over 248 frames.
M0000000107_0076 
LOG (lattice-best-path[5.5.0~1494-e5a5]:main():lattice-best-path.cc:99) For utterance M0000000107_0077, best cost 63.1233 + 2003.62 = 2066.74 over 279 frames.
M0000000107_0077 ไม่ มี การ แห่ง ใน ไม่ 
LOG (lattice-best-path[5.5.0~1494-e5a5]:main():lattice-best-path.cc:99) For utterance M0000000107_0078, best cost 34.1903 + 2156.63 = 2190.82 over 292 frames.
M0000000107_0078 เท่าไร 
LOG (lattice-best-path[5.5.0~1494-e5a5]:main():lattice-best-path.cc:99) For utterance M0000000107_0079, best cost 24.2547 + 1415.7 = 1439.95 over 193 frames.
M0000000107_0079 ไว้ 
LOG (lattice-best-path[5.5.0~1494-e5a5]:main():lattice-best-path.cc:99) For utterance M0000000107_0080, best cost 21.5021 + 2302.54 = 2324.04 over 306 frames.
M0000000107_0080 
LOG (lattice-best-path[5.5.0~1494-e5a5]:main():lattice-best-path.cc:99) For utterance M0000000107_0081, best cost 36.9303 + 2552.64 = 2589.57 over 347 frames.
M0000000107_0081 ยัง ได้ 
LOG (lattice-best-path[5.5.0~1494-e5a5]:main():lattice-best-path.cc:99) For utterance M0000000107_0082, best cost 33.3582 + 2406.06 = 2439.42 over 329 frames.
M0000000107_0082 เสีย 
LOG (lattice-best-path[5.5.0~1494-e5a5]:main():lattice-best-path.cc:99) For utterance M0000000107_0083, best cost 14.3489 + 1602.74 = 1617.08 over 208 frames.
M0000000107_0083 
LOG (lattice-best-path[5.5.0~1494-e5a5]:main():lattice-best-path.cc:99) For utterance M0000000107_0084, best cost 15.8702 + 1579.59 = 1595.46 over 212 frames.
M0000000107_0084 
LOG (lattice-best-path[5.5.0~1494-e5a5]:main():lattice-best-path.cc:99) For utterance M0000000107_0085, best cost 50.4711 + 1648.21 = 1698.68 over 238 frames.
M0000000107_0085 ข่าย อะไร ได้ อีกด้วย 
LOG (lattice-best-path[5.5.0~1494-e5a5]:main():lattice-best-path.cc:99) For utterance M0000000107_0086, best cost 22.5531 + 1730.33 = 1752.88 over 229 frames.
M0000000107_0086 ออก 
LOG (lattice-best-path[5.5.0~1494-e5a5]:main():lattice-best-path.cc:99) For utterance M0000000107_0087, best cost 38.5765 + 1579.32 = 1617.9 over 223 frames.
M0000000107_0087 เรียง ใน ลง 
LOG (lattice-best-path[5.5.0~1494-e5a5]:main():lattice-best-path.cc:99) For utterance M0000000107_0088, best cost 49.2196 + 1502.52 = 1551.74 over 206 frames.
M0000000107_0088 ใช้ มี วงจร ที่ ได้ 
LOG (lattice-best-path[5.5.0~1494-e5a5]:main():lattice-best-path.cc:99) For utterance M0000000107_0089, best cost 17.0216 + 1324.35 = 1341.37 over 179 frames.
M0000000107_0089 
LOG (lattice-best-path[5.5.0~1494-e5a5]:main():lattice-best-path.cc:99) For utterance M0000000107_0090, best cost 55.9799 + 1704.88 = 1760.86 over 241 frames.
M0000000107_0090 ทำมุม ออก อย่างไร รหัส 
LOG (lattice-best-path[5.5.0~1494-e5a5]:main():lattice-best-path.cc:99) For utterance M0000000107_0091, best cost 17.8563 + 1883.11 = 1900.96 over 258 frames.
M0000000107_0091 
LOG (lattice-best-path[5.5.0~1494-e5a5]:main():lattice-best-path.cc:99) For utterance M0000000107_0092, best cost 15.2485 + 1258.39 = 1273.64 over 165 frames.
M0000000107_0092 
LOG (lattice-best-path[5.5.0~1494-e5a5]:main():lattice-best-path.cc:99) For utterance M0000000107_0093, best cost 23.515 + 1514.11 = 1537.62 over 209 frames.
M0000000107_0093 เรา 
LOG (lattice-best-path[5.5.0~1494-e5a5]:main():lattice-best-path.cc:99) For utterance M0000000107_0094, best cost 15.4085 + 1464.89 = 1480.3 over 200 frames.
M0000000107_0094 
LOG (lattice-best-path[5.5.0~1494-e5a5]:main():lattice-best-path.cc:99) For utterance M0000000107_0095, best cost 17.7792 + 1999.62 = 2017.4 over 275 frames.
M0000000107_0095 
LOG (lattice-best-path[5.5.0~1494-e5a5]:main():lattice-best-path.cc:99) For utterance M0000000107_0096, best cost 39.3284 + 1923.87 = 1963.2 over 264 frames.
M0000000107_0096 รวมถึง นก 
LOG (lattice-best-path[5.5.0~1494-e5a5]:main():lattice-best-path.cc:99) For utterance M0000000107_0097, best cost 17.0584 + 1610.22 = 1627.28 over 214 frames.
M0000000107_0097 
LOG (lattice-best-path[5.5.0~1494-e5a5]:main():lattice-best-path.cc:99) For utterance M0000000107_0098, best cost 18.4882 + 2300.68 = 2319.17 over 316 frames.
M0000000107_0098 
LOG (lattice-best-path[5.5.0~1494-e5a5]:main():lattice-best-path.cc:99) For utterance M0000000107_0099, best cost 23.6429 + 1445.62 = 1469.26 over 184 frames.
M0000000107_0099 เรือ 
LOG (lattice-best-path[5.5.0~1494-e5a5]:main():lattice-best-path.cc:99) For utterance M0000000107_0100, best cost 31.2618 + 1646.97 = 1678.23 over 219 frames.
M0000000107_0100 เดียว 
LOG (lattice-best-path[5.5.0~1494-e5a5]:main():lattice-best-path.cc:99) For utterance M0000000107_0101, best cost 26.5148 + 3173.76 = 3200.28 over 424 frames.
M0000000107_0101 
LOG (lattice-best-path[5.5.0~1494-e5a5]:main():lattice-best-path.cc:99) For utterance M0000000124_0000, best cost 25.0344 + 1283 = 1308.03 over 203 frames.
M0000000124_0000 ดีบี 
LOG (lattice-best-path[5.5.0~1494-e5a5]:main():lattice-best-path.cc:99) For utterance M0000000124_0001, best cost 48.3909 + 1971.1 = 2019.49 over 282 frames.
M0000000124_0001 ที่รัก นั้น ชั้น 
LOG (lattice-best-path[5.5.0~1494-e5a5]:main():lattice-best-path.cc:99) For utterance M0000000124_0002, best cost 36.0597 + 2157.98 = 2194.04 over 321 frames.
M0000000124_0002 จาน 
LOG (lattice-best-path[5.5.0~1494-e5a5]:main():lattice-best-path.cc:99) For utterance M0000000124_0003, best cost 23.266 + 1869.03 = 1892.29 over 284 frames.
M0000000124_0003 ขึ้น 
LOG (lattice-best-path[5.5.0~1494-e5a5]:main():lattice-best-path.cc:99) For utterance M0000000124_0004, best cost 19.2796 + 1843.55 = 1862.83 over 267 frames.
M0000000124_0004 
LOG (lattice-best-path[5.5.0~1494-e5a5]:main():lattice-best-path.cc:99) For utterance M0000000124_0005, best cost 27.6988 + 1835.04 = 1862.74 over 269 frames.
M0000000124_0005 การ 
LOG (lattice-best-path[5.5.0~1494-e5a5]:main():lattice-best-path.cc:99) For utterance M0000000124_0006, best cost 23.3237 + 1394.49 = 1417.82 over 204 frames.
M0000000124_0006 หนึ่ง 
LOG (lattice-best-path[5.5.0~1494-e5a5]:main():lattice-best-path.cc:99) For utterance M0000000124_0007, best cost 15.4034 + 1231.7 = 1247.1 over 173 frames.
M0000000124_0007 
LOG (lattice-best-path[5.5.0~1494-e5a5]:main():lattice-best-path.cc:99) For utterance M0000000124_0008, best cost 27.913 + 1709.6 = 1737.51 over 251 frames.
M0000000124_0008 สอง 
LOG (lattice-best-path[5.5.0~1494-e5a5]:main():lattice-best-path.cc:99) For utterance M0000000124_0009, best cost 24.0615 + 1394.84 = 1418.9 over 199 frames.
M0000000124_0009 อนึ่ง 
LOG (lattice-best-path[5.5.0~1494-e5a5]:main():lattice-best-path.cc:99) For utterance M0000000124_0010, best cost 24.1349 + 1476.52 = 1500.66 over 227 frames.
M0000000124_0010 ขอ 
LOG (lattice-best-path[5.5.0~1494-e5a5]:main():lattice-best-path.cc:99) For utterance M0000000124_0011, best cost 30.2437 + 1350.19 = 1380.43 over 199 frames.
M0000000124_0011 มาก รอบ 
LOG (lattice-best-path[5.5.0~1494-e5a5]:main():lattice-best-path.cc:99) For utterance M0000000124_0012, best cost 25.0758 + 1997.52 = 2022.59 over 287 frames.
M0000000124_0012 เรือน 
LOG (lattice-best-path[5.5.0~1494-e5a5]:main():lattice-best-path.cc:99) For utterance M0000000124_0013, best cost 42.4926 + 2557.62 = 2600.11 over 371 frames.
M0000000124_0013 ที่ ของ เรือน 
LOG (lattice-best-path[5.5.0~1494-e5a5]:main():lattice-best-path.cc:99) For utterance M0000000124_0014, best cost 30.8286 + 1982.77 = 2013.6 over 302 frames.
M0000000124_0014 แต่ ที่ 
LOG (lattice-best-path[5.5.0~1494-e5a5]:main():lattice-best-path.cc:99) For utterance M0000000124_0015, best cost 32.4378 + 1725.08 = 1757.52 over 264 frames.
M0000000124_0015 แคระแกร็น หนัก 
LOG (lattice-best-path[5.5.0~1494-e5a5]:main():lattice-best-path.cc:99) For utterance M0000000124_0016, best cost 24.826 + 1925.71 = 1950.53 over 278 frames.
M0000000124_0016 เรือน 
LOG (lattice-best-path[5.5.0~1494-e5a5]:main():lattice-best-path.cc:99) For utterance M0000000124_0017, best cost 23.0749 + 1929.67 = 1952.74 over 302 frames.
M0000000124_0017 และ 
LOG (lattice-best-path[5.5.0~1494-e5a5]:main():lattice-best-path.cc:99) For utterance M0000000124_0018, best cost 28.4318 + 1805.55 = 1833.98 over 275 frames.
M0000000124_0018 น้อย 
LOG (lattice-best-path[5.5.0~1494-e5a5]:main():lattice-best-path.cc:99) For utterance M0000000124_0019, best cost 37.8448 + 1432.71 = 1470.55 over 208 frames.
M0000000124_0019 โต๊ะ นานา 
LOG (lattice-best-path[5.5.0~1494-e5a5]:main():lattice-best-path.cc:99) For utterance M0000000124_0020, best cost 36.9254 + 1533.98 = 1570.9 over 228 frames.
M0000000124_0020 รูปร่าง ไป ใน 
LOG (lattice-best-path[5.5.0~1494-e5a5]:main():lattice-best-path.cc:99) For utterance M0000000124_0021, best cost 32.4918 + 1428.68 = 1461.18 over 219 frames.
M0000000124_0021 หน้าที่ จาน 
LOG (lattice-best-path[5.5.0~1494-e5a5]:main():lattice-best-path.cc:99) For utterance M0000000124_0022, best cost 38.4079 + 1375.55 = 1413.96 over 207 frames.
M0000000124_0022 พิมพ์ ได้ แม่เหล็ก 
LOG (lattice-best-path[5.5.0~1494-e5a5]:main():lattice-best-path.cc:99) For utterance M0000000124_0023, best cost 24.6185 + 1938.93 = 1963.55 over 284 frames.
M0000000124_0023 ใน 
LOG (lattice-best-path[5.5.0~1494-e5a5]:main():lattice-best-path.cc:99) For utterance M0000000124_0024, best cost 36.4276 + 1883.32 = 1919.75 over 287 frames.
M0000000124_0024 ของแข็ง ผู้น้อย 
LOG (lattice-best-path[5.5.0~1494-e5a5]:main():lattice-best-path.cc:99) For utterance M0000000124_0025, best cost 25.0913 + 1085.96 = 1111.06 over 169 frames.
M0000000124_0025 หมด 
LOG (lattice-best-path[5.5.0~1494-e5a5]:main():lattice-best-path.cc:99) For utterance M0000000124_0026, best cost 37.6695 + 1790.29 = 1827.96 over 274 frames.
M0000000124_0026 มี ที่ ใน 
LOG (lattice-best-path[5.5.0~1494-e5a5]:main():lattice-best-path.cc:99) For utterance M0000000124_0027, best cost 31.8863 + 1553.96 = 1585.84 over 224 frames.
M0000000124_0027 จาน 
LOG (lattice-best-path[5.5.0~1494-e5a5]:main():lattice-best-path.cc:99) For utterance M0000000124_0028, best cost 24.5571 + 1692.02 = 1716.58 over 251 frames.
M0000000124_0028 ขาด 
LOG (lattice-best-path[5.5.0~1494-e5a5]:main():lattice-best-path.cc:99) For utterance M0000000124_0029, best cost 22.9949 + 1478.37 = 1501.37 over 221 frames.
M0000000124_0029 อย่าง 
LOG (lattice-best-path[5.5.0~1494-e5a5]:main():lattice-best-path.cc:99) For utterance M0000000124_0030, best cost 25.3804 + 1547.87 = 1573.25 over 236 frames.
M0000000124_0030 บาง 
LOG (lattice-best-path[5.5.0~1494-e5a5]:main():lattice-best-path.cc:99) For utterance M0000000124_0031, best cost 51.4752 + 1443.17 = 1494.64 over 212 frames.
M0000000124_0031 อาหาร สมัย ที่ ตรง 
LOG (lattice-best-path[5.5.0~1494-e5a5]:main():lattice-best-path.cc:99) For utterance M0000000124_0032, best cost 31.5655 + 1735.63 = 1767.19 over 260 frames.
M0000000124_0032 น้ำ ใน 
LOG (lattice-best-path[5.5.0~1494-e5a5]:main():lattice-best-path.cc:99) For utterance M0000000124_0033, best cost 40.0797 + 1258.84 = 1298.92 over 196 frames.
M0000000124_0033 เมื่อ ร้าย เกษตร 
LOG (lattice-best-path[5.5.0~1494-e5a5]:main():lattice-best-path.cc:99) For utterance M0000000124_0034, best cost 34.4487 + 1446.9 = 1481.35 over 230 frames.
M0000000124_0034 เพราะ งาน จำ 
LOG (lattice-best-path[5.5.0~1494-e5a5]:main():lattice-best-path.cc:99) For utterance M0000000124_0035, best cost 21.3505 + 1494.91 = 1516.26 over 230 frames.
M0000000124_0035 แมลง 
LOG (lattice-best-path[5.5.0~1494-e5a5]:main():lattice-best-path.cc:99) For utterance M0000000124_0036, best cost 49.26 + 1392.02 = 1441.28 over 212 frames.
M0000000124_0036 ขอบ เปลี่ยน ใน อยู่ 
LOG (lattice-best-path[5.5.0~1494-e5a5]:main():lattice-best-path.cc:99) For utterance M0000000124_0037, best cost 25.8025 + 1558.02 = 1583.82 over 239 frames.
M0000000124_0037 รับ 
LOG (lattice-best-path[5.5.0~1494-e5a5]:main():lattice-best-path.cc:99) For utterance M0000000124_0038, best cost 13.99 + 1449.94 = 1463.93 over 210 frames.
M0000000124_0038 
LOG (lattice-best-path[5.5.0~1494-e5a5]:main():lattice-best-path.cc:99) For utterance M0000000124_0039, best cost 21.4992 + 1940.81 = 1962.31 over 287 frames.
M0000000124_0039 และ 
LOG (lattice-best-path[5.5.0~1494-e5a5]:main():lattice-best-path.cc:99) For utterance M0000000124_0040, best cost 45.6801 + 1916.38 = 1962.06 over 279 frames.
M0000000124_0040 ใหญ่ ไป ตรวจสอบ ได้ 
LOG (lattice-best-path[5.5.0~1494-e5a5]:main():lattice-best-path.cc:99) For utterance M0000000124_0041, best cost 36.5634 + 2294.69 = 2331.25 over 347 frames.
M0000000124_0041 ดร. ใน 
LOG (lattice-best-path[5.5.0~1494-e5a5]:main():lattice-best-path.cc:99) For utterance M0000000124_0042, best cost 16.5228 + 1931.93 = 1948.46 over 279 frames.
M0000000124_0042 
LOG (lattice-best-path[5.5.0~1494-e5a5]:main():lattice-best-path.cc:99) For utterance M0000000124_0043, best cost 49.597 + 1750.24 = 1799.83 over 275 frames.
M0000000124_0043 ชั้น บน วาง ไม่ 
LOG (lattice-best-path[5.5.0~1494-e5a5]:main():lattice-best-path.cc:99) For utterance M0000000124_0044, best cost 30.0441 + 1563.04 = 1593.08 over 239 frames.
M0000000124_0044 ต่างๆ ด้วย 
LOG (lattice-best-path[5.5.0~1494-e5a5]:main():lattice-best-path.cc:99) For utterance M0000000124_0045, best cost 41.1796 + 1902.94 = 1944.12 over 287 frames.
M0000000124_0045 ระบาย เทคนิค ใน 
LOG (lattice-best-path[5.5.0~1494-e5a5]:main():lattice-best-path.cc:99) For utterance M0000000124_0046, best cost 29.4521 + 1304.51 = 1333.96 over 200 frames.
M0000000124_0046 ที่ ไป 
LOG (lattice-best-path[5.5.0~1494-e5a5]:main():lattice-best-path.cc:99) For utterance M0000000124_0047, best cost 22.8813 + 1985.47 = 2008.35 over 305 frames.
M0000000124_0047 เพราะ 
LOG (lattice-best-path[5.5.0~1494-e5a5]:main():lattice-best-path.cc:99) For utterance M0000000124_0048, best cost 47.2002 + 1781.54 = 1828.74 over 272 frames.
M0000000124_0048 มี รส อะไร ไม่ 
LOG (lattice-best-path[5.5.0~1494-e5a5]:main():lattice-best-path.cc:99) For utterance M0000000124_0049, best cost 28.8095 + 1557.18 = 1585.99 over 239 frames.
M0000000124_0049 ไม่ เรื่อย 
LOG (lattice-best-path[5.5.0~1494-e5a5]:main():lattice-best-path.cc:99) For utterance M0000000124_0050, best cost 42.207 + 1857.77 = 1899.98 over 287 frames.
M0000000124_0050 พระธาตุ เตรียม มาก 
LOG (lattice-best-path[5.5.0~1494-e5a5]:main():lattice-best-path.cc:99) For utterance M0000000124_0051, best cost 28.3733 + 1422.92 = 1451.3 over 215 frames.
M0000000124_0051 ข่าว 
LOG (lattice-best-path[5.5.0~1494-e5a5]:main():lattice-best-path.cc:99) For utterance M0000000124_0052, best cost 47.1095 + 1728.96 = 1776.07 over 269 frames.
M0000000124_0052 เผ็ด ขึ้นไป ขับ 
LOG (lattice-best-path[5.5.0~1494-e5a5]:main():lattice-best-path.cc:99) For utterance M0000000124_0053, best cost 43.534 + 1865.18 = 1908.71 over 275 frames.
M0000000124_0053 วันนี้ และ รับ 
LOG (lattice-best-path[5.5.0~1494-e5a5]:main():lattice-best-path.cc:99) For utterance M0000000124_0054, best cost 32.2541 + 1609.25 = 1641.5 over 242 frames.
M0000000124_0054 ไว้ ก่อน 
LOG (lattice-best-path[5.5.0~1494-e5a5]:main():lattice-best-path.cc:99) For utterance M0000000124_0055, best cost 25.4128 + 1875.55 = 1900.96 over 284 frames.
M0000000124_0055 น้อย 
LOG (lattice-best-path[5.5.0~1494-e5a5]:main():lattice-best-path.cc:99) For utterance M0000000124_0056, best cost 50.4363 + 2509.22 = 2559.66 over 362 frames.
M0000000124_0056 ทิ้ง ขึ้น ใหม่ 
LOG (lattice-best-path[5.5.0~1494-e5a5]:main():lattice-best-path.cc:99) For utterance M0000000124_0057, best cost 36.6118 + 1844.54 = 1881.15 over 287 frames.
M0000000124_0057 ไม่ ต้อง ไมครอน 
LOG (lattice-best-path[5.5.0~1494-e5a5]:main():lattice-best-path.cc:99) For utterance M0000000124_0058, best cost 31.3499 + 1869.79 = 1901.14 over 284 frames.
M0000000124_0058 แต่ ไม่ 
LOG (lattice-best-path[5.5.0~1494-e5a5]:main():lattice-best-path.cc:99) For utterance M0000000124_0059, best cost 27.3667 + 2027.52 = 2054.89 over 299 frames.
M0000000124_0059 ไถ 
LOG (lattice-best-path[5.5.0~1494-e5a5]:main():lattice-best-path.cc:99) For utterance M0000000124_0060, best cost 28.075 + 2042.74 = 2070.82 over 291 frames.
M0000000124_0060 มากมาย 
LOG (lattice-best-path[5.5.0~1494-e5a5]:main():lattice-best-path.cc:99) For utterance M0000000124_0061, best cost 27.7696 + 1842.17 = 1869.94 over 281 frames.
M0000000124_0061 รับ 
LOG (lattice-best-path[5.5.0~1494-e5a5]:main():lattice-best-path.cc:99) For utterance M0000000124_0062, best cost 40.2312 + 1678.63 = 1718.86 over 252 frames.
M0000000124_0062 มี ร้องเพลง ไม่ 
LOG (lattice-best-path[5.5.0~1494-e5a5]:main():lattice-best-path.cc:99) For utterance M0000000124_0063, best cost 61.0962 + 1916.92 = 1978.02 over 296 frames.
M0000000124_0063 ไม่ หนู นี้ อะไร ไม่ 
LOG (lattice-best-path[5.5.0~1494-e5a5]:main():lattice-best-path.cc:99) For utterance M0000000124_0064, best cost 37.7145 + 1951.07 = 1988.78 over 267 frames.
M0000000124_0064 ไถ ที่สุด 
LOG (lattice-best-path[5.5.0~1494-e5a5]:main():lattice-best-path.cc:99) For utterance M0000000124_0065, best cost 58.0644 + 1988.83 = 2046.89 over 294 frames.
M0000000124_0065 พอ ที่ ชุบ เริ่ม น้อย 
LOG (lattice-best-path[5.5.0~1494-e5a5]:main():lattice-best-path.cc:99) For utterance M0000000124_0066, best cost 46.4071 + 1727.42 = 1773.83 over 260 frames.
M0000000124_0066 อาเจียน หมด ขลับ 
LOG (lattice-best-path[5.5.0~1494-e5a5]:main():lattice-best-path.cc:99) For utterance M0000000124_0067, best cost 50.6683 + 1960.88 = 2011.54 over 285 frames.
M0000000124_0067 ไถ พอ มี อนึ่ง 
LOG (lattice-best-path[5.5.0~1494-e5a5]:main():lattice-best-path.cc:99) For utterance M0000000124_0068, best cost 28.9822 + 2134.86 = 2163.84 over 318 frames.
M0000000124_0068 ต้องการ 
LOG (lattice-best-path[5.5.0~1494-e5a5]:main():lattice-best-path.cc:99) For utterance M0000000124_0069, best cost 70.5864 + 2039.85 = 2110.44 over 302 frames.
M0000000124_0069 มี ที่ หลัง เมื่อ ไม่ ไถ 
LOG (lattice-best-path[5.5.0~1494-e5a5]:main():lattice-best-path.cc:99) For utterance M0000000124_0070, best cost 48.569 + 1811.85 = 1860.42 over 278 frames.
M0000000124_0070 พอ มี หนู รังสี 
LOG (lattice-best-path[5.5.0~1494-e5a5]:main():lattice-best-path.cc:99) For utterance M0000000124_0071, best cost 54.9702 + 1840.09 = 1895.06 over 278 frames.
M0000000124_0071 การ นี้ มี เขา ใน 
LOG (lattice-best-path[5.5.0~1494-e5a5]:main():lattice-best-path.cc:99) For utterance M0000000124_0072, best cost 60.9044 + 1617.43 = 1678.34 over 236 frames.
M0000000124_0072 ควร ที่ ไม่ ที่ น้อย ไม่ 
LOG (lattice-best-path[5.5.0~1494-e5a5]:main():lattice-best-path.cc:99) For utterance M0000000124_0073, best cost 44.8094 + 2710.23 = 2755.04 over 398 frames.
M0000000124_0073 หา อาหาร นั้น 
LOG (lattice-best-path[5.5.0~1494-e5a5]:main():lattice-best-path.cc:99) For utterance M0000000124_0074, best cost 25.4311 + 1785.09 = 1810.52 over 273 frames.
M0000000124_0074 ไม่ 
LOG (lattice-best-path[5.5.0~1494-e5a5]:main():lattice-best-path.cc:99) For utterance M0000000124_0075, best cost 60.9811 + 2263.67 = 2324.65 over 330 frames.
M0000000124_0075 ยา สมการ อยู่ เท่าไร 
LOG (lattice-best-path[5.5.0~1494-e5a5]:main():lattice-best-path.cc:99) For utterance M0000000124_0076, best cost 57.9654 + 2292.31 = 2350.27 over 353 frames.
M0000000124_0076 ยัง ไม่ เตรียม อาหาร ไม่ 
LOG (lattice-best-path[5.5.0~1494-e5a5]:main():lattice-best-path.cc:99) For utterance M0000000124_0077, best cost 54.9851 + 2327.26 = 2382.25 over 344 frames.
M0000000124_0077 ไม่ มี ต่างๆ ไม่ 
LOG (lattice-best-path[5.5.0~1494-e5a5]:main():lattice-best-path.cc:99) For utterance M0000000124_0078, best cost 45.9049 + 2470.17 = 2516.08 over 350 frames.
M0000000124_0078 ยาก เท่าไร 
LOG (lattice-best-path[5.5.0~1494-e5a5]:main():lattice-best-path.cc:99) For utterance M0000000124_0079, best cost 35.2235 + 1658.68 = 1693.91 over 252 frames.
M0000000124_0079 เกรียงชัย ไม่ 
LOG (lattice-best-path[5.5.0~1494-e5a5]:main():lattice-best-path.cc:99) For utterance M0000000124_0080, best cost 77.9366 + 2567.38 = 2645.32 over 374 frames.
M0000000124_0080 ยา เปิด สาขา บาง ต้อง ทำ ใน 
LOG (lattice-best-path[5.5.0~1494-e5a5]:main():lattice-best-path.cc:99) For utterance M0000000124_0081, best cost 46.4815 + 2735.49 = 2781.97 over 404 frames.
M0000000124_0081 ยัง ได้ ขณะนี้ 
LOG (lattice-best-path[5.5.0~1494-e5a5]:main():lattice-best-path.cc:99) For utterance M0000000124_0082, best cost 79.9569 + 2539.46 = 2619.41 over 368 frames.
M0000000124_0082 หน้าจอ ไป ประการ ตรง สี แยก บัตร 
LOG (lattice-best-path[5.5.0~1494-e5a5]:main():lattice-best-path.cc:99) For utterance M0000000124_0083, best cost 64.4789 + 1902.71 = 1967.19 over 275 frames.
M0000000124_0083 ไถ ด้วย เที่ยว ข่าย ที่ ไม่ 
LOG (lattice-best-path[5.5.0~1494-e5a5]:main():lattice-best-path.cc:99) For utterance M0000000124_0084, best cost 44.8011 + 2116.4 = 2161.2 over 312 frames.
M0000000124_0084 ที่ เป็น ใน บาง 
LOG (lattice-best-path[5.5.0~1494-e5a5]:main():lattice-best-path.cc:99) For utterance M0000000124_0085, best cost 42.0849 + 2281.61 = 2323.7 over 344 frames.
M0000000124_0085 ได้ ที่ ไม่ 
LOG (lattice-best-path[5.5.0~1494-e5a5]:main():lattice-best-path.cc:99) For utterance M0000000124_0086, best cost 67.8467 + 1809.77 = 1877.62 over 269 frames.
M0000000124_0086 หวาน หนึ่ง ขาด ระยะ เปล่า 
LOG (lattice-best-path[5.5.0~1494-e5a5]:main():lattice-best-path.cc:99) For utterance M0000000124_0087, best cost 59.6254 + 1893.83 = 1953.46 over 284 frames.
M0000000124_0087 เตรียม ใน ยก ได้ ไม่ 
LOG (lattice-best-path[5.5.0~1494-e5a5]:main():lattice-best-path.cc:99) For utterance M0000000124_0088, best cost 57.1919 + 2204.72 = 2261.91 over 332 frames.
M0000000124_0088 ใช้ หนูจิ๊ด จาก ที่ ใน 
LOG (lattice-best-path[5.5.0~1494-e5a5]:main():lattice-best-path.cc:99) For utterance M0000000124_0089, best cost 61.1375 + 2157.31 = 2218.45 over 329 frames.
M0000000124_0089 ต้อง สร้าง น้ำตาล ที่ ชง 
LOG (lattice-best-path[5.5.0~1494-e5a5]:main():lattice-best-path.cc:99) For utterance M0000000124_0090, best cost 52.0479 + 2196.51 = 2248.55 over 318 frames.
M0000000124_0090 ทำมุม กระบืองาน หรือ สอบ 
LOG (lattice-best-path[5.5.0~1494-e5a5]:main():lattice-best-path.cc:99) For utterance M0000000124_0091, best cost 55.1126 + 1942.47 = 1997.58 over 291 frames.
M0000000124_0091 สาย ตรง ชุด เรา 
LOG (lattice-best-path[5.5.0~1494-e5a5]:main():lattice-best-path.cc:99) For utterance M0000000124_0092, best cost 49.5441 + 1684.06 = 1733.6 over 257 frames.
M0000000124_0092 ใส่ หนู หรือ กล่าว 
LOG (lattice-best-path[5.5.0~1494-e5a5]:main():lattice-best-path.cc:99) For utterance M0000000124_0093, best cost 26.9343 + 1708.57 = 1735.5 over 251 frames.
M0000000124_0093 หนึ่ง 
LOG (lattice-best-path[5.5.0~1494-e5a5]:main():lattice-best-path.cc:99) For utterance M0000000124_0094, best cost 52.924 + 1871.68 = 1924.6 over 279 frames.
M0000000124_0094 กล้วย ทั้งหมด จาก หนึ่ง 
LOG (lattice-best-path[5.5.0~1494-e5a5]:main():lattice-best-path.cc:99) For utterance M0000000124_0095, best cost 75.0058 + 2145.55 = 2220.56 over 327 frames.
M0000000124_0095 ทำ ทั่ว หลอดไฟ หวาน ได้ ไม่ 
LOG (lattice-best-path[5.5.0~1494-e5a5]:main():lattice-best-path.cc:99) For utterance M0000000124_0096, best cost 49.13 + 1924.39 = 1973.52 over 279 frames.
M0000000124_0096 รูป ชิ้น หมายถึง 
LOG (lattice-best-path[5.5.0~1494-e5a5]:main():lattice-best-path.cc:99) For utterance M0000000124_0097, best cost 37.8678 + 2219.48 = 2257.35 over 330 frames.
M0000000124_0097 ให้ น้อย 
LOG (lattice-best-path[5.5.0~1494-e5a5]:main():lattice-best-path.cc:99) For utterance M0000000124_0098, best cost 76.8477 + 2277.91 = 2354.76 over 338 frames.
M0000000124_0098 มา ส่ง ให้ ที่ บาง ได้ ไมครอน 
LOG (lattice-best-path[5.5.0~1494-e5a5]:main():lattice-best-path.cc:99) For utterance M0000000124_0099, best cost 53.3363 + 1767.21 = 1820.55 over 260 frames.
M0000000124_0099 เดียว ลง ไป ออก รส 
LOG (lattice-best-path[5.5.0~1494-e5a5]:main():lattice-best-path.cc:99) For utterance M0000000124_0100, best cost 59.8994 + 2168.31 = 2228.21 over 327 frames.
M0000000124_0100 เดียว เดิน ที่ ระงับ 
LOG (lattice-best-path[5.5.0~1494-e5a5]:main():lattice-best-path.cc:99) For utterance M0000000124_0101, best cost 95.0613 + 2732.03 = 2827.09 over 398 frames.
M0000000124_0101 อยู่ ใส่ จะ ขาด เหลว อะไร กระจาย หนึ่ง 
LOG (lattice-best-path[5.5.0~1494-e5a5]:main():lattice-best-path.cc:99) For utterance M0000000131_0000, best cost 31.5207 + 2287.01 = 2318.53 over 338 frames.
M0000000131_0000 กงล้อ ที่ 
LOG (lattice-best-path[5.5.0~1494-e5a5]:main():lattice-best-path.cc:99) For utterance M0000000131_0001, best cost 36.474 + 3512.94 = 3549.42 over 491 frames.
M0000000131_0001 ควร 
LOG (lattice-best-path[5.5.0~1494-e5a5]:main():lattice-best-path.cc:99) For utterance M0000000131_0002, best cost 28.5309 + 3395.14 = 3423.67 over 464 frames.
M0000000131_0002 
LOG (lattice-best-path[5.5.0~1494-e5a5]:main():lattice-best-path.cc:99) For utterance M0000000131_0003, best cost 44.8574 + 2439.92 = 2484.78 over 328 frames.
M0000000131_0003 ไถ ไถ 
LOG (lattice-best-path[5.5.0~1494-e5a5]:main():lattice-best-path.cc:99) For utterance M0000000131_0004, best cost 43.5737 + 2664.64 = 2708.22 over 384 frames.
M0000000131_0004 เขา การ 
LOG (lattice-best-path[5.5.0~1494-e5a5]:main():lattice-best-path.cc:99) For utterance M0000000131_0005, best cost 48.2066 + 2819.96 = 2868.17 over 396 frames.
M0000000131_0005 เอา พวก 
LOG (lattice-best-path[5.5.0~1494-e5a5]:main():lattice-best-path.cc:99) For utterance M0000000131_0006, best cost 45.5393 + 2238.52 = 2284.06 over 332 frames.
M0000000131_0006 คง ควร เรือน 
LOG (lattice-best-path[5.5.0~1494-e5a5]:main():lattice-best-path.cc:99) For utterance M0000000131_0007, best cost 30.9273 + 1934.34 = 1965.27 over 284 frames.
M0000000131_0007 การ อ่าน 
LOG (lattice-best-path[5.5.0~1494-e5a5]:main():lattice-best-path.cc:99) For utterance M0000000131_0008, best cost 26.8681 + 2035.22 = 2062.09 over 284 frames.
M0000000131_0008 กรง 
LOG (lattice-best-path[5.5.0~1494-e5a5]:main():lattice-best-path.cc:99) For utterance M0000000131_0009, best cost 14.8615 + 1902.22 = 1917.08 over 270 frames.
M0000000131_0009 
LOG (lattice-best-path[5.5.0~1494-e5a5]:main():lattice-best-path.cc:99) For utterance M0000000131_0010, best cost 16.27 + 1959.54 = 1975.81 over 287 frames.
M0000000131_0010 
LOG (lattice-best-path[5.5.0~1494-e5a5]:main():lattice-best-path.cc:99) For utterance M0000000131_0011, best cost 18.573 + 1511.68 = 1530.25 over 210 frames.
M0000000131_0011 
LOG (lattice-best-path[5.5.0~1494-e5a5]:main():lattice-best-path.cc:99) For utterance M0000000131_0012, best cost 16.8231 + 1474.34 = 1491.16 over 200 frames.
M0000000131_0012 
LOG (lattice-best-path[5.5.0~1494-e5a5]:main():lattice-best-path.cc:99) For utterance M0000000131_0013, best cost 17.6563 + 2000.1 = 2017.75 over 250 frames.
M0000000131_0013 
LOG (lattice-best-path[5.5.0~1494-e5a5]:main():lattice-best-path.cc:99) For utterance M0000000131_0014, best cost 45.5092 + 1733.74 = 1779.25 over 238 frames.
M0000000131_0014 ไถ ไถ ที่ 
LOG (lattice-best-path[5.5.0~1494-e5a5]:main():lattice-best-path.cc:99) For utterance M0000000131_0015, best cost 29.6332 + 1464.05 = 1493.69 over 195 frames.
M0000000131_0015 แคระแกร็น 
LOG (lattice-best-path[5.5.0~1494-e5a5]:main():lattice-best-path.cc:99) For utterance M0000000131_0016, best cost 15.3529 + 1507.01 = 1522.36 over 195 frames.
M0000000131_0016 
LOG (lattice-best-path[5.5.0~1494-e5a5]:main():lattice-best-path.cc:99) For utterance M0000000131_0017, best cost 16.7293 + 1423.78 = 1440.51 over 190 frames.
M0000000131_0017 
LOG (lattice-best-path[5.5.0~1494-e5a5]:main():lattice-best-path.cc:99) For utterance M0000000131_0018, best cost 17.1269 + 1449.13 = 1466.26 over 188 frames.
M0000000131_0018 
LOG (lattice-best-path[5.5.0~1494-e5a5]:main():lattice-best-path.cc:99) For utterance M0000000131_0019, best cost 20.2613 + 1376.49 = 1396.75 over 181 frames.
M0000000131_0019 
LOG (lattice-best-path[5.5.0~1494-e5a5]:main():lattice-best-path.cc:99) For utterance M0000000131_0020, best cost 14.9265 + 1296.5 = 1311.42 over 166 frames.
M0000000131_0020 
LOG (lattice-best-path[5.5.0~1494-e5a5]:main():lattice-best-path.cc:99) For utterance M0000000131_0021, best cost 33.3159 + 1299.26 = 1332.57 over 174 frames.
M0000000131_0021 ไถ ด้าน 
LOG (lattice-best-path[5.5.0~1494-e5a5]:main():lattice-best-path.cc:99) For utterance M0000000131_0022, best cost 13.578 + 1429.56 = 1443.14 over 193 frames.
M0000000131_0022 
LOG (lattice-best-path[5.5.0~1494-e5a5]:main():lattice-best-path.cc:99) For utterance M0000000131_0023, best cost 17.7087 + 1993.73 = 2011.43 over 257 frames.
M0000000131_0023 
LOG (lattice-best-path[5.5.0~1494-e5a5]:main():lattice-best-path.cc:99) For utterance M0000000131_0024, best cost 16.7448 + 1443.25 = 1460 over 190 frames.
M0000000131_0024 
LOG (lattice-best-path[5.5.0~1494-e5a5]:main():lattice-best-path.cc:99) For utterance M0000000131_0025, best cost 13.1124 + 1010.06 = 1023.17 over 132 frames.
M0000000131_0025 
LOG (lattice-best-path[5.5.0~1494-e5a5]:main():lattice-best-path.cc:99) For utterance M0000000131_0026, best cost 15.5479 + 1820.41 = 1835.96 over 223 frames.
M0000000131_0026 
LOG (lattice-best-path[5.5.0~1494-e5a5]:main():lattice-best-path.cc:99) For utterance M0000000131_0027, best cost 18.0707 + 2320.26 = 2338.33 over 306 frames.
M0000000131_0027 
LOG (lattice-best-path[5.5.0~1494-e5a5]:main():lattice-best-path.cc:99) For utterance M0000000131_0028, best cost 15.3151 + 1449.08 = 1464.39 over 186 frames.
M0000000131_0028 
LOG (lattice-best-path[5.5.0~1494-e5a5]:main():lattice-best-path.cc:99) For utterance M0000000131_0029, best cost 13.1567 + 1130.52 = 1143.68 over 152 frames.
M0000000131_0029 
LOG (lattice-best-path[5.5.0~1494-e5a5]:main():lattice-best-path.cc:99) For utterance M0000000131_0030, best cost 39.1683 + 1638.8 = 1677.96 over 224 frames.
M0000000131_0030 ไถ ไถ 
LOG (lattice-best-path[5.5.0~1494-e5a5]:main():lattice-best-path.cc:99) For utterance M0000000131_0031, best cost 14.8444 + 1276.79 = 1291.63 over 165 frames.
M0000000131_0031 
LOG (lattice-best-path[5.5.0~1494-e5a5]:main():lattice-best-path.cc:99) For utterance M0000000131_0032, best cost 15.1029 + 1413.28 = 1428.38 over 195 frames.
M0000000131_0032 
LOG (lattice-best-path[5.5.0~1494-e5a5]:main():lattice-best-path.cc:99) For utterance M0000000131_0033, best cost 11.6884 + 1096.07 = 1107.76 over 145 frames.
M0000000131_0033 
LOG (lattice-best-path[5.5.0~1494-e5a5]:main():lattice-best-path.cc:99) For utterance M0000000131_0034, best cost 17.4551 + 1570.61 = 1588.07 over 227 frames.
M0000000131_0034 
LOG (lattice-best-path[5.5.0~1494-e5a5]:main():lattice-best-path.cc:99) For utterance M0000000131_0035, best cost 26.6449 + 1054.59 = 1081.23 over 140 frames.
M0000000131_0035 ที่ แล้ว 
LOG (lattice-best-path[5.5.0~1494-e5a5]:main():lattice-best-path.cc:99) For utterance M0000000131_0036, best cost 18.1449 + 1357.82 = 1375.97 over 178 frames.
M0000000131_0036 
LOG (lattice-best-path[5.5.0~1494-e5a5]:main():lattice-best-path.cc:99) For utterance M0000000131_0037, best cost 16.208 + 1075.31 = 1091.51 over 144 frames.
M0000000131_0037 
LOG (lattice-best-path[5.5.0~1494-e5a5]:main():lattice-best-path.cc:99) For utterance M0000000131_0038, best cost 38.8351 + 2073.57 = 2112.4 over 279 frames.
M0000000131_0038 ไถ ไถ 
LOG (lattice-best-path[5.5.0~1494-e5a5]:main():lattice-best-path.cc:99) For utterance M0000000131_0039, best cost 16.7731 + 1485.64 = 1502.42 over 197 frames.
M0000000131_0039 
LOG (lattice-best-path[5.5.0~1494-e5a5]:main():lattice-best-path.cc:99) For utterance M0000000131_0040, best cost 16.7224 + 1468.24 = 1484.96 over 197 frames.
M0000000131_0040 
LOG (lattice-best-path[5.5.0~1494-e5a5]:main():lattice-best-path.cc:99) For utterance M0000000131_0041, best cost 18.5334 + 1665.89 = 1684.42 over 217 frames.
M0000000131_0041 
LOG (lattice-best-path[5.5.0~1494-e5a5]:main():lattice-best-path.cc:99) For utterance M0000000131_0042, best cost 15.136 + 1448.18 = 1463.32 over 194 frames.
M0000000131_0042 
LOG (lattice-best-path[5.5.0~1494-e5a5]:main():lattice-best-path.cc:99) For utterance M0000000131_0043, best cost 13.7067 + 1480.53 = 1494.24 over 203 frames.
M0000000131_0043 
LOG (lattice-best-path[5.5.0~1494-e5a5]:main():lattice-best-path.cc:99) For utterance M0000000131_0044, best cost 23.776 + 1163.8 = 1187.58 over 151 frames.
M0000000131_0044 ด้วย 
LOG (lattice-best-path[5.5.0~1494-e5a5]:main():lattice-best-path.cc:99) For utterance M0000000131_0045, best cost 13.612 + 1396.02 = 1409.63 over 185 frames.
M0000000131_0045 
LOG (lattice-best-path[5.5.0~1494-e5a5]:main():lattice-best-path.cc:99) For utterance M0000000131_0046, best cost 14.5848 + 1052.22 = 1066.81 over 145 frames.
M0000000131_0046 
LOG (lattice-best-path[5.5.0~1494-e5a5]:main():lattice-best-path.cc:99) For utterance M0000000131_0047, best cost 18.6496 + 1365.34 = 1383.99 over 180 frames.
M0000000131_0047 
LOG (lattice-best-path[5.5.0~1494-e5a5]:main():lattice-best-path.cc:99) For utterance M0000000131_0048, best cost 15.5554 + 1669.77 = 1685.32 over 220 frames.
M0000000131_0048 
LOG (lattice-best-path[5.5.0~1494-e5a5]:main():lattice-best-path.cc:99) For utterance M0000000131_0049, best cost 16.6006 + 1421.83 = 1438.43 over 198 frames.
M0000000131_0049 
LOG (lattice-best-path[5.5.0~1494-e5a5]:main():lattice-best-path.cc:99) For utterance M0000000131_0050, best cost 16.7622 + 1569.59 = 1586.35 over 210 frames.
M0000000131_0050 
LOG (lattice-best-path[5.5.0~1494-e5a5]:main():lattice-best-path.cc:99) For utterance M0000000131_0051, best cost 15.1275 + 1368.82 = 1383.95 over 183 frames.
M0000000131_0051 
LOG (lattice-best-path[5.5.0~1494-e5a5]:main():lattice-best-path.cc:99) For utterance M0000000131_0052, best cost 16.425 + 1212.59 = 1229.02 over 161 frames.
M0000000131_0052 
LOG (lattice-best-path[5.5.0~1494-e5a5]:main():lattice-best-path.cc:99) For utterance M0000000131_0053, best cost 16.7142 + 1360.38 = 1377.09 over 177 frames.
M0000000131_0053 
LOG (lattice-best-path[5.5.0~1494-e5a5]:main():lattice-best-path.cc:99) For utterance M0000000131_0054, best cost 35.9769 + 1510.13 = 1546.1 over 205 frames.
M0000000131_0054 ไถ ไถ 
LOG (lattice-best-path[5.5.0~1494-e5a5]:main():lattice-best-path.cc:99) For utterance M0000000131_0055, best cost 14.9867 + 1340.89 = 1355.88 over 185 frames.
M0000000131_0055 
LOG (lattice-best-path[5.5.0~1494-e5a5]:main():lattice-best-path.cc:99) For utterance M0000000131_0056, best cost 16.313 + 2170.42 = 2186.73 over 278 frames.
M0000000131_0056 
LOG (lattice-best-path[5.5.0~1494-e5a5]:main():lattice-best-path.cc:99) For utterance M0000000131_0057, best cost 14.3528 + 868.91 = 883.263 over 120 frames.
M0000000131_0057 
LOG (lattice-best-path[5.5.0~1494-e5a5]:main():lattice-best-path.cc:99) For utterance M0000000131_0058, best cost 15.3884 + 1497.3 = 1512.68 over 212 frames.
M0000000131_0058 
LOG (lattice-best-path[5.5.0~1494-e5a5]:main():lattice-best-path.cc:99) For utterance M0000000131_0059, best cost 37.9093 + 1825.3 = 1863.21 over 251 frames.
M0000000131_0059 ไถ ไถ 
LOG (lattice-best-path[5.5.0~1494-e5a5]:main():lattice-best-path.cc:99) For utterance M0000000131_0060, best cost 15.2812 + 1509.36 = 1524.64 over 197 frames.
M0000000131_0060 
LOG (lattice-best-path[5.5.0~1494-e5a5]:main():lattice-best-path.cc:99) For utterance M0000000131_0061, best cost 14.776 + 1139.67 = 1154.45 over 148 frames.
M0000000131_0061 
LOG (lattice-best-path[5.5.0~1494-e5a5]:main():lattice-best-path.cc:99) For utterance M0000000131_0062, best cost 14.9951 + 1353.88 = 1368.87 over 177 frames.
M0000000131_0062 
LOG (lattice-best-path[5.5.0~1494-e5a5]:main():lattice-best-path.cc:99) For utterance M0000000131_0063, best cost 26.8464 + 1357.79 = 1384.63 over 183 frames.
M0000000131_0063 หวาน 
LOG (lattice-scale[5.5.0~1494-e5a5]:main():lattice-scale.cc:107) Done 510 lattices.
LOG (lattice-best-path[5.5.0~1494-e5a5]:main():lattice-best-path.cc:99) For utterance M0000000131_0064, best cost 13.5785 + 1367.65 = 1381.23 over 181 frames.
M0000000131_0064 
LOG (lattice-best-path[5.5.0~1494-e5a5]:main():lattice-best-path.cc:99) For utterance M0000000131_0065, best cost 13.7292 + 1500.88 = 1514.61 over 193 frames.
M0000000131_0065 
LOG (lattice-best-path[5.5.0~1494-e5a5]:main():lattice-best-path.cc:99) For utterance M0000000131_0066, best cost 34.4966 + 1536.26 = 1570.76 over 210 frames.
M0000000131_0066 ไถ ไถ 
LOG (lattice-best-path[5.5.0~1494-e5a5]:main():lattice-best-path.cc:99) For utterance M0000000131_0067, best cost 26.014 + 805.658 = 831.672 over 106 frames.
M0000000131_0067 ของ เอาเอง 
LOG (lattice-best-path[5.5.0~1494-e5a5]:main():lattice-best-path.cc:99) For utterance M0000000131_0068, best cost 17.1363 + 1353.97 = 1371.11 over 177 frames.
M0000000131_0068 
LOG (lattice-best-path[5.5.0~1494-e5a5]:main():lattice-best-path.cc:99) For utterance M0000000131_0069, best cost 15.6192 + 1406.22 = 1421.84 over 188 frames.
M0000000131_0069 
LOG (lattice-best-path[5.5.0~1494-e5a5]:main():lattice-best-path.cc:99) For utterance M0000000131_0070, best cost 12.4765 + 1065.76 = 1078.24 over 140 frames.
M0000000131_0070 
LOG (lattice-best-path[5.5.0~1494-e5a5]:main():lattice-best-path.cc:99) For utterance M0000000131_0071, best cost 16.0065 + 1441.73 = 1457.73 over 181 frames.
M0000000131_0071 
LOG (lattice-best-path[5.5.0~1494-e5a5]:main():lattice-best-path.cc:99) For utterance M0000000131_0072, best cost 15.9701 + 1451.57 = 1467.54 over 185 frames.
M0000000131_0072 
LOG (lattice-best-path[5.5.0~1494-e5a5]:main():lattice-best-path.cc:99) For utterance M0000000131_0073, best cost 18.3393 + 1508.06 = 1526.4 over 198 frames.
M0000000131_0073 
LOG (lattice-best-path[5.5.0~1494-e5a5]:main():lattice-best-path.cc:99) For utterance M0000000131_0074, best cost 13.3638 + 1238.85 = 1252.21 over 162 frames.
M0000000131_0074 
LOG (lattice-best-path[5.5.0~1494-e5a5]:main():lattice-best-path.cc:99) For utterance M0000000131_0075, best cost 15.7859 + 1847.28 = 1863.06 over 235 frames.
M0000000131_0075 
LOG (lattice-best-path[5.5.0~1494-e5a5]:main():lattice-best-path.cc:99) For utterance M0000000131_0076, best cost 16.6166 + 1422.11 = 1438.73 over 177 frames.
M0000000131_0076 
LOG (lattice-best-path[5.5.0~1494-e5a5]:main():lattice-best-path.cc:99) For utterance M0000000131_0077, best cost 18.5544 + 1607.81 = 1626.36 over 208 frames.
M0000000131_0077 
LOG (lattice-best-path[5.5.0~1494-e5a5]:main():lattice-best-path.cc:99) For utterance M0000000131_0078, best cost 18.2909 + 1530.24 = 1548.53 over 193 frames.
M0000000131_0078 
LOG (lattice-best-path[5.5.0~1494-e5a5]:main():lattice-best-path.cc:99) For utterance M0000000131_0079, best cost 18.0024 + 1255.9 = 1273.9 over 166 frames.
M0000000131_0079 
LOG (lattice-best-path[5.5.0~1494-e5a5]:main():lattice-best-path.cc:99) For utterance M0000000131_0080, best cost 19.6505 + 2024.41 = 2044.06 over 278 frames.
M0000000131_0080 
LOG (lattice-best-path[5.5.0~1494-e5a5]:main():lattice-best-path.cc:99) For utterance M0000000131_0081, best cost 20.6735 + 2087.21 = 2107.88 over 267 frames.
M0000000131_0081 
LOG (lattice-add-penalty[5.5.0~1494-e5a5]:main():lattice-add-penalty.cc:62) Done adding word insertion penalty to 510 lattices.
LOG (lattice-best-path[5.5.0~1494-e5a5]:main():lattice-best-path.cc:99) For utterance M0000000131_0082, best cost 19.1581 + 1988.66 = 2007.82 over 250 frames.
M0000000131_0082 
LOG (lattice-best-path[5.5.0~1494-e5a5]:main():lattice-best-path.cc:99) For utterance M0000000131_0083, best cost 13.4179 + 1331.99 = 1345.41 over 168 frames.
M0000000131_0083 
LOG (lattice-best-path[5.5.0~1494-e5a5]:main():lattice-best-path.cc:99) For utterance M0000000131_0084, best cost 16.858 + 1510.12 = 1526.98 over 200 frames.
M0000000131_0084 
LOG (lattice-best-path[5.5.0~1494-e5a5]:main():lattice-best-path.cc:99) For utterance M0000000131_0085, best cost 18.3178 + 1573.96 = 1592.28 over 203 frames.
M0000000131_0085 
LOG (lattice-best-path[5.5.0~1494-e5a5]:main():lattice-best-path.cc:99) For utterance M0000000131_0086, best cost 16.56 + 1333.63 = 1350.19 over 170 frames.
M0000000131_0086 
LOG (lattice-best-path[5.5.0~1494-e5a5]:main():lattice-best-path.cc:99) For utterance M0000000131_0087, best cost 17.9782 + 1279.48 = 1297.46 over 164 frames.
M0000000131_0087 
LOG (lattice-best-path[5.5.0~1494-e5a5]:main():lattice-best-path.cc:99) For utterance M0000000131_0088, best cost 12.6731 + 1746.41 = 1759.09 over 230 frames.
M0000000131_0088 
LOG (lattice-best-path[5.5.0~1494-e5a5]:main():lattice-best-path.cc:99) For utterance M0000000131_0089, best cost 19.8995 + 1435.35 = 1455.25 over 183 frames.
M0000000131_0089 
LOG (lattice-best-path[5.5.0~1494-e5a5]:main():lattice-best-path.cc:99) For utterance M0000000131_0090, best cost 18.3339 + 1431.34 = 1449.67 over 191 frames.
M0000000131_0090 
LOG (lattice-best-path[5.5.0~1494-e5a5]:main():lattice-best-path.cc:99) For utterance M0000000131_0091, best cost 13.5698 + 1404.55 = 1418.12 over 176 frames.
M0000000131_0091 
LOG (lattice-best-path[5.5.0~1494-e5a5]:main():lattice-best-path.cc:99) For utterance M0000000131_0092, best cost 15.1704 + 1358.18 = 1373.35 over 184 frames.
M0000000131_0092 
LOG (lattice-best-path[5.5.0~1494-e5a5]:main():lattice-best-path.cc:99) For utterance M0000000131_0093, best cost 13.8634 + 1157.99 = 1171.86 over 152 frames.
M0000000131_0093 
LOG (lattice-best-path[5.5.0~1494-e5a5]:main():lattice-best-path.cc:99) For utterance M0000000131_0094, best cost 18.3631 + 1209.62 = 1227.99 over 155 frames.
M0000000131_0094 
LOG (lattice-best-path[5.5.0~1494-e5a5]:main():lattice-best-path.cc:99) For utterance M0000000131_0095, best cost 17.6836 + 1680.69 = 1698.38 over 231 frames.
M0000000131_0095 
LOG (lattice-best-path[5.5.0~1494-e5a5]:main():lattice-best-path.cc:99) For utterance M0000000131_0096, best cost 14.4435 + 1529.75 = 1544.19 over 198 frames.
M0000000131_0096 
LOG (lattice-best-path[5.5.0~1494-e5a5]:main():lattice-best-path.cc:99) For utterance M0000000131_0097, best cost 16.5081 + 1366.6 = 1383.1 over 179 frames.
M0000000131_0097 
LOG (lattice-best-path[5.5.0~1494-e5a5]:main():lattice-best-path.cc:99) For utterance M0000000131_0098, best cost 16.9023 + 1461.08 = 1477.98 over 190 frames.
M0000000131_0098 
LOG (lattice-best-path[5.5.0~1494-e5a5]:main():lattice-best-path.cc:99) For utterance M0000000131_0099, best cost 16.3988 + 1157.02 = 1173.42 over 154 frames.
M0000000131_0099 
LOG (lattice-best-path[5.5.0~1494-e5a5]:main():lattice-best-path.cc:99) For utterance M0000000131_0100, best cost 14.8977 + 1259.3 = 1274.2 over 157 frames.
M0000000131_0100 
LOG (lattice-best-path[5.5.0~1494-e5a5]:main():lattice-best-path.cc:99) For utterance M0000000131_0101, best cost 20.4191 + 1922.85 = 1943.27 over 242 frames.
M0000000131_0101 
LOG (lattice-best-path[5.5.0~1494-e5a5]:main():lattice-best-path.cc:124) Overall cost per frame is 7.13238 = 0.153877 [graph] + 6.9785 [acoustic] over 120161 frames.
LOG (lattice-best-path[5.5.0~1494-e5a5]:main():lattice-best-path.cc:128) Done 510 lattices, failed for 0
# Accounting: time=1 threads=1
# Ended (code 0) at Sun May  2 17:11:32 UTC 2021, elapsed time 1 seconds
