# lattice-scale --inv-acoustic-scale=11 "ark:gunzip -c exp/tri1/decode/lat.*.gz|" ark:- | lattice-add-penalty --word-ins-penalty=1.0 ark:- ark:- | lattice-best-path --word-symbol-table=exp/tri1/graph//words.txt ark:- ark,t:- | utils/int2sym.pl -f 2- exp/tri1/graph//words.txt | local/wer_hyp_filter > exp/tri1/decode/scoring_kaldi/penalty_1.0/11.txt 
# Started at Sun May  2 17:11:31 UTC 2021
#
lattice-scale --inv-acoustic-scale=11 'ark:gunzip -c exp/tri1/decode/lat.*.gz|' ark:- 
lattice-add-penalty --word-ins-penalty=1.0 ark:- ark:- 
lattice-best-path --word-symbol-table=exp/tri1/graph//words.txt ark:- ark,t:- 
LOG (lattice-best-path[5.5.0~1494-e5a5]:main():lattice-best-path.cc:99) For utterance M0000000085_0000, best cost 33.8834 + 1208.86 = 1242.74 over 127 frames.
M0000000085_0000 กงล้อ ที่ อีก 
LOG (lattice-best-path[5.5.0~1494-e5a5]:main():lattice-best-path.cc:99) For utterance M0000000085_0001, best cost 73.31 + 2148.06 = 2221.37 over 233 frames.
M0000000085_0001 แกว่ง ที่ เอา ล้าน อนึ่ง กัน 
LOG (lattice-best-path[5.5.0~1494-e5a5]:main():lattice-best-path.cc:99) For utterance M0000000085_0002, best cost 62.4688 + 2027.88 = 2090.35 over 224 frames.
M0000000085_0002 เอา ออก ได้ ไทย กล่าวถึง การ 
LOG (lattice-best-path[5.5.0~1494-e5a5]:main():lattice-best-path.cc:99) For utterance M0000000085_0003, best cost 40.9247 + 1998 = 2038.92 over 212 frames.
M0000000085_0003 ทรง ต่ำ ขึ้น 
LOG (lattice-best-path[5.5.0~1494-e5a5]:main():lattice-best-path.cc:99) For utterance M0000000085_0004, best cost 48.8263 + 1620.92 = 1669.74 over 179 frames.
M0000000085_0004 เขา ประมง กระดาษ การ 
LOG (lattice-best-path[5.5.0~1494-e5a5]:main():lattice-best-path.cc:99) For utterance M0000000085_0005, best cost 62.568 + 1823.23 = 1885.8 over 198 frames.
M0000000085_0005 ออก กลไก ใส่ มน การ 
LOG (lattice-best-path[5.5.0~1494-e5a5]:main():lattice-best-path.cc:99) For utterance M0000000085_0006, best cost 22.3224 + 1315.06 = 1337.38 over 140 frames.
M0000000085_0006 พวก 
LOG (lattice-best-path[5.5.0~1494-e5a5]:main():lattice-best-path.cc:99) For utterance M0000000085_0007, best cost 55.544 + 1467.87 = 1523.41 over 165 frames.
M0000000085_0007 นำ โค้ง ปาก ยาว หนึ่ง 
LOG (lattice-best-path[5.5.0~1494-e5a5]:main():lattice-best-path.cc:99) For utterance M0000000085_0008, best cost 61.9917 + 1921.67 = 1983.66 over 218 frames.
M0000000085_0008 นำเอา หนึ่ง นั้น โค้ง สอง 
LOG (lattice-best-path[5.5.0~1494-e5a5]:main():lattice-best-path.cc:99) For utterance M0000000085_0009, best cost 54.5759 + 1532.03 = 1586.61 over 174 frames.
M0000000085_0009 ข้อ นั้น แสง ทั้ง หนึ่ง 
LOG (lattice-best-path[5.5.0~1494-e5a5]:main():lattice-best-path.cc:99) For utterance M0000000085_0010, best cost 39.1422 + 1234.08 = 1273.22 over 135 frames.
M0000000085_0010 คง หลอด น้อย 
LOG (lattice-best-path[5.5.0~1494-e5a5]:main():lattice-best-path.cc:99) For utterance M0000000085_0011, best cost 34.8044 + 1347.78 = 1382.58 over 153 frames.
M0000000085_0011 มา ทาง กล 
LOG (lattice-best-path[5.5.0~1494-e5a5]:main():lattice-best-path.cc:99) For utterance M0000000085_0012, best cost 52.827 + 1591.37 = 1644.2 over 176 frames.
M0000000085_0012 สาร ต้น เขียน ซึ่ง 
LOG (lattice-best-path[5.5.0~1494-e5a5]:main():lattice-best-path.cc:99) For utterance M0000000085_0013, best cost 73.1104 + 2410.08 = 2483.19 over 261 frames.
M0000000085_0013 ต้อง สิ่ง ที่ แคระแกร็น สอง รวมถึง 
LOG (lattice-best-path[5.5.0~1494-e5a5]:main():lattice-best-path.cc:99) For utterance M0000000085_0014, best cost 33.5411 + 1500.81 = 1534.36 over 162 frames.
M0000000085_0014 ที่ อีก 
LOG (lattice-best-path[5.5.0~1494-e5a5]:main():lattice-best-path.cc:99) For utterance M0000000085_0015, best cost 44.913 + 1395.28 = 1440.2 over 153 frames.
M0000000085_0015 ก่อนหลัง ตรง น้ำหนัก 
LOG (lattice-best-path[5.5.0~1494-e5a5]:main():lattice-best-path.cc:99) For utterance M0000000085_0016, best cost 28.4908 + 1733.09 = 1761.58 over 183 frames.
M0000000085_0016 ข้อ นั้น 
LOG (lattice-best-path[5.5.0~1494-e5a5]:main():lattice-best-path.cc:99) For utterance M0000000085_0017, best cost 31.4778 + 1675.78 = 1707.26 over 189 frames.
M0000000085_0017 ข้อ นั้น 
LOG (lattice-best-path[5.5.0~1494-e5a5]:main():lattice-best-path.cc:99) For utterance M0000000085_0018, best cost 49.4239 + 1400.54 = 1449.96 over 150 frames.
M0000000085_0018 ของ กลีบ เริ่ม น้อย 
LOG (lattice-best-path[5.5.0~1494-e5a5]:main():lattice-best-path.cc:99) For utterance M0000000085_0019, best cost 49.3807 + 1769.74 = 1819.12 over 197 frames.
M0000000085_0019 ขยาย เป็นต้น และ หนัก 
LOG (lattice-best-path[5.5.0~1494-e5a5]:main():lattice-best-path.cc:99) For utterance M0000000085_0020, best cost 37.5934 + 1433.77 = 1471.37 over 162 frames.
M0000000085_0020 รูป อะไร ใน 
LOG (lattice-best-path[5.5.0~1494-e5a5]:main():lattice-best-path.cc:99) For utterance M0000000085_0021, best cost 32.9932 + 1406.89 = 1439.88 over 165 frames.
M0000000085_0021 ตัดสิน จะ 
LOG (lattice-best-path[5.5.0~1494-e5a5]:main():lattice-best-path.cc:99) For utterance M0000000085_0022, best cost 41.428 + 1281.32 = 1322.75 over 143 frames.
M0000000085_0022 จึง ได้ ไม่ อาจ 
LOG (lattice-best-path[5.5.0~1494-e5a5]:main():lattice-best-path.cc:99) For utterance M0000000085_0023, best cost 79.9835 + 1904.19 = 1984.18 over 216 frames.
M0000000085_0023 อาหาร อะไร มน คน ข่าย ไม้ 
LOG (lattice-best-path[5.5.0~1494-e5a5]:main():lattice-best-path.cc:99) For utterance M0000000085_0024, best cost 45.0523 + 1198.9 = 1243.96 over 129 frames.
M0000000085_0024 ของ เครื่อง องค์ น้อย 
LOG (lattice-best-path[5.5.0~1494-e5a5]:main():lattice-best-path.cc:99) For utterance M0000000085_0025, best cost 30.9117 + 1074.53 = 1105.44 over 119 frames.
M0000000085_0025 คิด หมด 
LOG (lattice-best-path[5.5.0~1494-e5a5]:main():lattice-best-path.cc:99) For utterance M0000000085_0026, best cost 48.33 + 1751.01 = 1799.34 over 188 frames.
M0000000085_0026 มี จะ ที่ ใหม่ๆ 
LOG (lattice-best-path[5.5.0~1494-e5a5]:main():lattice-best-path.cc:99) For utterance M0000000085_0027, best cost 37.0571 + 2118.45 = 2155.51 over 227 frames.
M0000000085_0027 เอา ซอส 
LOG (lattice-best-path[5.5.0~1494-e5a5]:main():lattice-best-path.cc:99) For utterance M0000000085_0028, best cost 44.117 + 1728.19 = 1772.31 over 188 frames.
M0000000085_0028 ข้อ นั้น จึง ตำรับ 
LOG (lattice-best-path[5.5.0~1494-e5a5]:main():lattice-best-path.cc:99) For utterance M0000000085_0029, best cost 37.2368 + 1332.58 = 1369.81 over 153 frames.
M0000000085_0029 จะ เฉลี่ย อย่าง 
LOG (lattice-best-path[5.5.0~1494-e5a5]:main():lattice-best-path.cc:99) For utterance M0000000085_0030, best cost 46.1691 + 1439.74 = 1485.91 over 167 frames.
M0000000085_0030 รวม อะไร ใน บาง 
LOG (lattice-best-path[5.5.0~1494-e5a5]:main():lattice-best-path.cc:99) For utterance M0000000085_0031, best cost 42.0849 + 1553.01 = 1595.1 over 171 frames.
M0000000085_0031 อาหาร จังหวัด ลง 
LOG (lattice-best-path[5.5.0~1494-e5a5]:main():lattice-best-path.cc:99) For utterance M0000000085_0032, best cost 38.9294 + 1525.81 = 1564.74 over 171 frames.
M0000000085_0032 กำหนด นั้น ไว้ 
LOG (lattice-best-path[5.5.0~1494-e5a5]:main():lattice-best-path.cc:99) For utterance M0000000085_0033, best cost 25.5196 + 1139.12 = 1164.64 over 126 frames.
M0000000085_0033 ใหม่ๆ 
LOG (lattice-best-path[5.5.0~1494-e5a5]:main():lattice-best-path.cc:99) For utterance M0000000085_0034, best cost 31.0694 + 1292.2 = 1323.27 over 150 frames.
M0000000085_0034 หลอด ปานกลาง 
LOG (lattice-best-path[5.5.0~1494-e5a5]:main():lattice-best-path.cc:99) For utterance M0000000085_0035, best cost 36.119 + 1200.51 = 1236.63 over 135 frames.
M0000000085_0035 ไม่ กิน แล้ว 
LOG (lattice-best-path[5.5.0~1494-e5a5]:main():lattice-best-path.cc:99) For utterance M0000000085_0036, best cost 49.3348 + 1590.32 = 1639.65 over 179 frames.
M0000000085_0036 ของ เปลี่ยน ไม่ น้อง 
LOG (lattice-best-path[5.5.0~1494-e5a5]:main():lattice-best-path.cc:99) For utterance M0000000085_0037, best cost 38.9533 + 1282.01 = 1320.96 over 147 frames.
M0000000085_0037 ไม่ เอา และ 
LOG (lattice-best-path[5.5.0~1494-e5a5]:main():lattice-best-path.cc:99) For utterance M0000000085_0038, best cost 13.1994 + 1383.47 = 1396.67 over 150 frames.
M0000000085_0038 
LOG (lattice-best-path[5.5.0~1494-e5a5]:main():lattice-best-path.cc:99) For utterance M0000000085_0039, best cost 38.6951 + 1612.84 = 1651.53 over 177 frames.
M0000000085_0039 ได้ องศา หนัก 
LOG (lattice-best-path[5.5.0~1494-e5a5]:main():lattice-best-path.cc:99) For utterance M0000000085_0040, best cost 23.005 + 1446.42 = 1469.43 over 156 frames.
M0000000085_0040 ยา 
LOG (lattice-best-path[5.5.0~1494-e5a5]:main():lattice-best-path.cc:99) For utterance M0000000085_0041, best cost 60.1148 + 1888.02 = 1948.13 over 209 frames.
M0000000085_0041 แอดเดรส ตัวหนอน ไมครอน อะไร 
LOG (lattice-best-path[5.5.0~1494-e5a5]:main():lattice-best-path.cc:99) For utterance M0000000085_0042, best cost 42.6483 + 1483.15 = 1525.8 over 162 frames.
M0000000085_0042 ย่าน ย้าย เป็น 
LOG (lattice-best-path[5.5.0~1494-e5a5]:main():lattice-best-path.cc:99) For utterance M0000000085_0043, best cost 48.2295 + 1270.75 = 1318.98 over 146 frames.
M0000000085_0043 ชั้น บน วาง ไม่ 
LOG (lattice-best-path[5.5.0~1494-e5a5]:main():lattice-best-path.cc:99) For utterance M0000000085_0044, best cost 33.0353 + 1276.64 = 1309.68 over 146 frames.
M0000000085_0044 จะ ต่างๆ ด้วย 
LOG (lattice-best-path[5.5.0~1494-e5a5]:main():lattice-best-path.cc:99) For utterance M0000000085_0045, best cost 26.3905 + 1752.23 = 1778.63 over 183 frames.
M0000000085_0045 ใหม่ๆ 
LOG (lattice-best-path[5.5.0~1494-e5a5]:main():lattice-best-path.cc:99) For utterance M0000000085_0046, best cost 21.9522 + 1318.63 = 1340.58 over 144 frames.
M0000000085_0046 อธิบาย 
LOG (lattice-best-path[5.5.0~1494-e5a5]:main():lattice-best-path.cc:99) For utterance M0000000085_0047, best cost 33.0047 + 1499.46 = 1532.46 over 159 frames.
M0000000085_0047 สัตว์เลี้ยง ได้ 
LOG (lattice-best-path[5.5.0~1494-e5a5]:main():lattice-best-path.cc:99) For utterance M0000000085_0048, best cost 62.6382 + 1685.25 = 1747.89 over 186 frames.
M0000000085_0048 มี บน หมด อะไร ใหม่ๆ 
LOG (lattice-best-path[5.5.0~1494-e5a5]:main():lattice-best-path.cc:99) For utterance M0000000085_0049, best cost 24.7271 + 1216.51 = 1241.24 over 137 frames.
M0000000085_0049 ใหม่ๆ 
LOG (lattice-best-path[5.5.0~1494-e5a5]:main():lattice-best-path.cc:99) For utterance M0000000085_0050, best cost 29.629 + 1274.06 = 1303.69 over 143 frames.
M0000000085_0050 ย่าน มาก 
LOG (lattice-best-path[5.5.0~1494-e5a5]:main():lattice-best-path.cc:99) For utterance M0000000085_0051, best cost 48.9369 + 1306.45 = 1355.39 over 144 frames.
M0000000085_0051 ปาก เช่น เหม็น ข่าว 
LOG (lattice-best-path[5.5.0~1494-e5a5]:main():lattice-best-path.cc:99) For utterance M0000000085_0052, best cost 42.5159 + 1399.44 = 1441.96 over 149 frames.
M0000000085_0052 เกิด เดิน ไป เพราะ 
LOG (lattice-best-path[5.5.0~1494-e5a5]:main():lattice-best-path.cc:99) For utterance M0000000085_0053, best cost 56.9443 + 1563.5 = 1620.44 over 173 frames.
M0000000085_0053 วันนี้ อะไร มัก แร่ธาตุ 
LOG (lattice-best-path[5.5.0~1494-e5a5]:main():lattice-best-path.cc:99) For utterance M0000000085_0054, best cost 21.8178 + 1181.43 = 1203.24 over 131 frames.
M0000000085_0054 อิเล็กตรอน 
LOG (lattice-best-path[5.5.0~1494-e5a5]:main():lattice-best-path.cc:99) For utterance M0000000085_0055, best cost 30.9235 + 1236.62 = 1267.54 over 141 frames.
M0000000085_0055 พระองค์ ไว้ 
LOG (lattice-best-path[5.5.0~1494-e5a5]:main():lattice-best-path.cc:99) For utterance M0000000085_0056, best cost 78.6625 + 2169.43 = 2248.09 over 237 frames.
M0000000085_0056 จึง เครื่อง ได้ และ คล้ายคลึง เดียว หรือ ไม่ 
LOG (lattice-best-path[5.5.0~1494-e5a5]:main():lattice-best-path.cc:99) For utterance M0000000085_0057, best cost 32.8211 + 1197.86 = 1230.68 over 134 frames.
M0000000085_0057 ไม่ ต้อง กลอน 
LOG (lattice-best-path[5.5.0~1494-e5a5]:main():lattice-best-path.cc:99) For utterance M0000000085_0058, best cost 29.0919 + 1365.73 = 1394.82 over 156 frames.
M0000000085_0058 หลังจากนั้น ไว้ 
LOG (lattice-best-path[5.5.0~1494-e5a5]:main():lattice-best-path.cc:99) For utterance M0000000085_0059, best cost 42.9817 + 1800.56 = 1843.54 over 192 frames.
M0000000085_0059 กับ ข้อมูล สัตว์ ร้าย 
LOG (lattice-best-path[5.5.0~1494-e5a5]:main():lattice-best-path.cc:99) For utterance M0000000085_0060, best cost 27.1933 + 1752.97 = 1780.17 over 186 frames.
M0000000085_0060 มากมาย 
LOG (lattice-best-path[5.5.0~1494-e5a5]:main():lattice-best-path.cc:99) For utterance M0000000085_0061, best cost 31.8485 + 1498.89 = 1530.74 over 164 frames.
M0000000085_0061 อ้วน ได้ 
LOG (lattice-best-path[5.5.0~1494-e5a5]:main():lattice-best-path.cc:99) For utterance M0000000085_0062, best cost 40.1604 + 1292.3 = 1332.46 over 144 frames.
M0000000085_0062 มี ของ เรียง ใน 
LOG (lattice-best-path[5.5.0~1494-e5a5]:main():lattice-best-path.cc:99) For utterance M0000000085_0063, best cost 41.6668 + 1404.5 = 1446.17 over 155 frames.
M0000000085_0063 ไม่ เหล่านี้ อะไร 
LOG (lattice-best-path[5.5.0~1494-e5a5]:main():lattice-best-path.cc:99) For utterance M0000000085_0064, best cost 23.5638 + 1461.63 = 1485.19 over 161 frames.
M0000000085_0064 เรียก 
LOG (lattice-best-path[5.5.0~1494-e5a5]:main():lattice-best-path.cc:99) For utterance M0000000085_0065, best cost 43.5522 + 1499.09 = 1542.64 over 164 frames.
M0000000085_0065 ข้อดี โชคลาง น้อย 
LOG (lattice-best-path[5.5.0~1494-e5a5]:main():lattice-best-path.cc:99) For utterance M0000000085_0066, best cost 37.3901 + 1348.23 = 1385.62 over 144 frames.
M0000000085_0066 ประหยัด หมด 
LOG (lattice-best-path[5.5.0~1494-e5a5]:main():lattice-best-path.cc:99) For utterance M0000000085_0067, best cost 37.4188 + 1424.37 = 1461.79 over 161 frames.
M0000000085_0067 ของ มี อนึ่ง 
LOG (lattice-best-path[5.5.0~1494-e5a5]:main():lattice-best-path.cc:99) For utterance M0000000085_0068, best cost 54.1186 + 1671.04 = 1725.16 over 185 frames.
M0000000085_0068 ขอ จาน แบ่ง ต้องการ 
LOG (lattice-best-path[5.5.0~1494-e5a5]:main():lattice-best-path.cc:99) For utterance M0000000085_0069, best cost 45.3762 + 1424.08 = 1469.46 over 164 frames.
M0000000085_0069 มี ที่ หลัง เคลื่อนไหว 
LOG (lattice-best-path[5.5.0~1494-e5a5]:main():lattice-best-path.cc:99) For utterance M0000000085_0070, best cost 35.0528 + 1467.65 = 1502.7 over 162 frames.
M0000000085_0070 แคระแกร็น รังสี 
LOG (lattice-best-path[5.5.0~1494-e5a5]:main():lattice-best-path.cc:99) For utterance M0000000085_0071, best cost 51.8261 + 1570.77 = 1622.6 over 164 frames.
M0000000085_0071 เหล่านี้ มี คง วิเคราะห์ 
LOG (lattice-best-path[5.5.0~1494-e5a5]:main():lattice-best-path.cc:99) For utterance M0000000085_0072, best cost 66.5271 + 1775.31 = 1841.84 over 191 frames.
M0000000085_0072 คน กิ่งไม้ กิน บ่อยๆ หลาย 
LOG (lattice-best-path[5.5.0~1494-e5a5]:main():lattice-best-path.cc:99) For utterance M0000000085_0073, best cost 59.1329 + 2023.83 = 2082.96 over 224 frames.
M0000000085_0073 ผ่าน ไป ระหว่าง ร้านอาหาร หนัก 
LOG (lattice-best-path[5.5.0~1494-e5a5]:main():lattice-best-path.cc:99) For utterance M0000000085_0074, best cost 35.1691 + 1316.97 = 1352.14 over 144 frames.
M0000000085_0074 หลัก สมัย 
LOG (lattice-best-path[5.5.0~1494-e5a5]:main():lattice-best-path.cc:99) For utterance M0000000085_0075, best cost 37.1457 + 1927.08 = 1964.23 over 201 frames.
M0000000085_0075 ยา สำนักงาน 
LOG (lattice-best-path[5.5.0~1494-e5a5]:main():lattice-best-path.cc:99) For utterance M0000000085_0076, best cost 67.3525 + 1691.54 = 1758.89 over 188 frames.
M0000000085_0076 ยัง ไม่ ดิน เนื้อหา หลัก ไม่ 
LOG (lattice-best-path[5.5.0~1494-e5a5]:main():lattice-best-path.cc:99) For utterance M0000000085_0077, best cost 39.8803 + 2120.51 = 2160.39 over 231 frames.
M0000000085_0077 หลังจากนั้น อะไร 
LOG (lattice-best-path[5.5.0~1494-e5a5]:main():lattice-best-path.cc:99) For utterance M0000000085_0078, best cost 67.9303 + 1934.92 = 2002.85 over 206 frames.
M0000000085_0078 ยาก เสื้อ ล้าน ออก อะไร 
LOG (lattice-best-path[5.5.0~1494-e5a5]:main():lattice-best-path.cc:99) For utterance M0000000085_0079, best cost 45.4492 + 1480.52 = 1525.97 over 176 frames.
M0000000085_0079 ข่าย เกรียงชัย ไม้ 
LOG (lattice-best-path[5.5.0~1494-e5a5]:main():lattice-best-path.cc:99) For utterance M0000000085_0080, best cost 64.1497 + 1986.52 = 2050.67 over 218 frames.
M0000000085_0080 ยาก ด้วย สาขา บางครั้ง ใน 
LOG (lattice-best-path[5.5.0~1494-e5a5]:main():lattice-best-path.cc:99) For utterance M0000000085_0081, best cost 77.3362 + 2620.58 = 2697.92 over 290 frames.
M0000000085_0081 โต๊ะ ส่วน การ ยัง ได้ คล้าย ไม้ 
LOG (lattice-best-path[5.5.0~1494-e5a5]:main():lattice-best-path.cc:99) For utterance M0000000085_0082, best cost 75.2212 + 2200.3 = 2275.52 over 243 frames.
M0000000085_0082 มัก จะ ไป ด้วย ล้าน ต้อง เสีย หนัก 
LOG (lattice-best-path[5.5.0~1494-e5a5]:main():lattice-best-path.cc:99) For utterance M0000000085_0083, best cost 47.9376 + 1707.83 = 1755.77 over 191 frames.
M0000000085_0083 หรือ เดียว ใช้ บิน ไล่ 
LOG (lattice-best-path[5.5.0~1494-e5a5]:main():lattice-best-path.cc:99) For utterance M0000000085_0084, best cost 31.6149 + 1517.59 = 1549.21 over 164 frames.
M0000000085_0084 ซึ่ง บาง 
LOG (lattice-best-path[5.5.0~1494-e5a5]:main():lattice-best-path.cc:99) For utterance M0000000085_0085, best cost 60.9424 + 1764.32 = 1825.26 over 203 frames.
M0000000085_0085 เขา อ่าน และ ได้ ดี ร้าย 
LOG (lattice-best-path[5.5.0~1494-e5a5]:main():lattice-best-path.cc:99) For utterance M0000000085_0086, best cost 57.2351 + 1811.12 = 1868.36 over 203 frames.
M0000000085_0086 วัน ร้าย อายุ เปล่า 
LOG (lattice-best-path[5.5.0~1494-e5a5]:main():lattice-best-path.cc:99) For utterance M0000000085_0087, best cost 49.1827 + 1522.91 = 1572.1 over 176 frames.
M0000000085_0087 เปลี่ยน ใน ยกเลิก ไว้ 
LOG (lattice-best-path[5.5.0~1494-e5a5]:main():lattice-best-path.cc:99) For utterance M0000000085_0088, best cost 63.7059 + 1678.68 = 1742.39 over 179 frames.
M0000000085_0088 ใช้ หนู หยด จาก ที่ ใน 
LOG (lattice-best-path[5.5.0~1494-e5a5]:main():lattice-best-path.cc:99) For utterance M0000000085_0089, best cost 60.3939 + 1506.02 = 1566.41 over 167 frames.
M0000000085_0089 ต้อง ใส่ น้ำตาล ที่ สอน 
LOG (lattice-best-path[5.5.0~1494-e5a5]:main():lattice-best-path.cc:99) For utterance M0000000085_0090, best cost 17.2918 + 1873.18 = 1890.47 over 203 frames.
M0000000085_0090 
LOG (lattice-best-path[5.5.0~1494-e5a5]:main():lattice-best-path.cc:99) For utterance M0000000085_0091, best cost 12.1916 + 1557.22 = 1569.41 over 161 frames.
M0000000085_0091 
LOG (lattice-best-path[5.5.0~1494-e5a5]:main():lattice-best-path.cc:99) For utterance M0000000085_0092, best cost 39.829 + 1315.78 = 1355.61 over 147 frames.
M0000000085_0092 ใส่ มุง เรา 
LOG (lattice-best-path[5.5.0~1494-e5a5]:main():lattice-best-path.cc:99) For utterance M0000000085_0093, best cost 44.1255 + 1347.74 = 1391.87 over 152 frames.
M0000000085_0093 อะโซคริน รายการ หนึ่ง 
LOG (lattice-best-path[5.5.0~1494-e5a5]:main():lattice-best-path.cc:99) For utterance M0000000085_0094, best cost 45.6701 + 1777.11 = 1822.78 over 198 frames.
M0000000085_0094 เอา รส รัฐ หนึ่ง 
LOG (lattice-best-path[5.5.0~1494-e5a5]:main():lattice-best-path.cc:99) For utterance M0000000085_0095, best cost 70.7747 + 1771.87 = 1842.65 over 200 frames.
M0000000085_0095 ทั้ง บน หลอดไฟ หวาน ใน ไม่ 
LOG (lattice-best-path[5.5.0~1494-e5a5]:main():lattice-best-path.cc:99) For utterance M0000000085_0096, best cost 15.6741 + 1921.17 = 1936.84 over 194 frames.
M0000000085_0096 
LOG (lattice-best-path[5.5.0~1494-e5a5]:main():lattice-best-path.cc:99) For utterance M0000000085_0097, best cost 55.484 + 1542.37 = 1597.85 over 167 frames.
M0000000085_0097 มัก ตรง ที่ ของแข็ง น้อย 
LOG (lattice-best-path[5.5.0~1494-e5a5]:main():lattice-best-path.cc:99) For utterance M0000000085_0098, best cost 56.4445 + 1705.37 = 1761.81 over 189 frames.
M0000000085_0098 รับส่ง ที่ บันได เล็ก 
LOG (lattice-best-path[5.5.0~1494-e5a5]:main():lattice-best-path.cc:99) For utterance M0000000085_0099, best cost 35.9526 + 1308.09 = 1344.05 over 138 frames.
M0000000085_0099 เดียว ลง 
LOG (lattice-best-path[5.5.0~1494-e5a5]:main():lattice-best-path.cc:99) For utterance M0000000085_0100, best cost 53.1622 + 1817.6 = 1870.76 over 206 frames.
M0000000085_0100 เรือ เดิน เรา ล้าน หนัก 
LOG (lattice-best-path[5.5.0~1494-e5a5]:main():lattice-best-path.cc:99) For utterance M0000000085_0101, best cost 82.0895 + 2500.51 = 2582.6 over 266 frames.
M0000000085_0101 อยู่ ใช้ จะ ค่า และ รายการ หนึ่ง 
LOG (lattice-best-path[5.5.0~1494-e5a5]:main():lattice-best-path.cc:99) For utterance M0000000105_0000, best cost 34.0727 + 1420.92 = 1454.99 over 178 frames.
M0000000105_0000 วาด หรือ 
LOG (lattice-best-path[5.5.0~1494-e5a5]:main():lattice-best-path.cc:99) For utterance M0000000105_0001, best cost 82.0194 + 3015.34 = 3097.36 over 366 frames.
M0000000105_0001 วาด ก่อนหลัง นา หนึ่ง จาน 
LOG (lattice-best-path[5.5.0~1494-e5a5]:main():lattice-best-path.cc:99) For utterance M0000000105_0002, best cost 92.2197 + 2691.14 = 2783.36 over 314 frames.
M0000000105_0002 ออก ก็ เรา เกย เคย กล่าว หนึ่ง สาร 
LOG (lattice-best-path[5.5.0~1494-e5a5]:main():lattice-best-path.cc:99) For utterance M0000000105_0003, best cost 67.2199 + 2236.22 = 2303.44 over 257 frames.
M0000000105_0003 ผสม ต่ำ ผลึก บัตร เครื่อง 
LOG (lattice-best-path[5.5.0~1494-e5a5]:main():lattice-best-path.cc:99) For utterance M0000000105_0004, best cost 79.9967 + 2554.47 = 2634.47 over 316 frames.
M0000000105_0004 เรา พัด หนู ใกล้ เปล่าๆ ตาม 
LOG (lattice-best-path[5.5.0~1494-e5a5]:main():lattice-best-path.cc:99) For utterance M0000000105_0005, best cost 73.937 + 2558.54 = 2632.48 over 309 frames.
M0000000105_0005 เอา หัว ไป ไซ หู จาน 
LOG (lattice-best-path[5.5.0~1494-e5a5]:main():lattice-best-path.cc:99) For utterance M0000000105_0006, best cost 43.2239 + 1830.93 = 1874.16 over 220 frames.
M0000000105_0006 พวก ควร เดิน 
LOG (lattice-best-path[5.5.0~1494-e5a5]:main():lattice-best-path.cc:99) For utterance M0000000105_0007, best cost 57.3517 + 2213.82 = 2271.17 over 271 frames.
M0000000105_0007 แสง วาง ยาว หนึ่ง 
LOG (lattice-best-path[5.5.0~1494-e5a5]:main():lattice-best-path.cc:99) For utterance M0000000105_0008, best cost 72.6752 + 2825.75 = 2898.43 over 350 frames.
M0000000105_0008 น้ำ เปล่า หนึ่ง สำคัญ สอง 
LOG (lattice-best-path[5.5.0~1494-e5a5]:main():lattice-best-path.cc:99) For utterance M0000000105_0009, best cost 53.7033 + 2087.65 = 2141.35 over 252 frames.
M0000000105_0009 ของ สำคัญ ทั้ง หนึ่ง 
LOG (lattice-best-path[5.5.0~1494-e5a5]:main():lattice-best-path.cc:99) For utterance M0000000105_0010, best cost 41.9298 + 1848.69 = 1890.62 over 235 frames.
M0000000105_0010 ของ หลอด น้อย 
LOG (lattice-best-path[5.5.0~1494-e5a5]:main():lattice-best-path.cc:99) For utterance M0000000105_0011, best cost 51.6594 + 1459.15 = 1510.81 over 178 frames.
M0000000105_0011 มาก หาก คน รับ 
LOG (lattice-best-path[5.5.0~1494-e5a5]:main():lattice-best-path.cc:99) For utterance M0000000105_0012, best cost 53.676 + 1548.77 = 1602.44 over 172 frames.
M0000000105_0012 สาร โต๊ะ เสียง พรึง 
LOG (lattice-best-path[5.5.0~1494-e5a5]:main():lattice-best-path.cc:99) For utterance M0000000105_0013, best cost 105.112 + 5561.04 = 5666.15 over 646 frames.
M0000000105_0013 ไถ ท้องเฟ้อ ของ แพทย์ สอง ผม ควร 
LOG (lattice-best-path[5.5.0~1494-e5a5]:main():lattice-best-path.cc:99) For utterance M0000000105_0014, best cost 35.2416 + 1773.97 = 1809.21 over 213 frames.
M0000000105_0014 ซอส และ 
LOG (lattice-best-path[5.5.0~1494-e5a5]:main():lattice-best-path.cc:99) For utterance M0000000105_0015, best cost 54.8884 + 2049.33 = 2104.22 over 252 frames.
M0000000105_0015 เพราะ นั่ง กรง นาน นัก 
LOG (lattice-best-path[5.5.0~1494-e5a5]:main():lattice-best-path.cc:99) For utterance M0000000105_0016, best cost 54.003 + 2199.07 = 2253.08 over 252 frames.
M0000000105_0016 ก่อนหลัง ประจุ หนัก 
LOG (lattice-best-path[5.5.0~1494-e5a5]:main():lattice-best-path.cc:99) For utterance M0000000105_0017, best cost 62.0628 + 1569.98 = 1632.04 over 193 frames.
M0000000105_0017 พอ นั่ง ตาย แล หนัก 
LOG (lattice-best-path[5.5.0~1494-e5a5]:main():lattice-best-path.cc:99) For utterance M0000000105_0018, best cost 62.4821 + 2047.53 = 2110.01 over 238 frames.
M0000000105_0018 พบ ก่อน หรือ สรุป นอน 
LOG (lattice-best-path[5.5.0~1494-e5a5]:main():lattice-best-path.cc:99) For utterance M0000000105_0019, best cost 59.8171 + 2035.15 = 2094.97 over 236 frames.
M0000000105_0019 ก่อน หลาย ไป ตก นาน นัก 
LOG (lattice-best-path[5.5.0~1494-e5a5]:main():lattice-best-path.cc:99) For utterance M0000000105_0020, best cost 51.1838 + 1537.81 = 1589 over 190 frames.
M0000000105_0020 รูป บาป ไป นาย 
LOG (lattice-best-path[5.5.0~1494-e5a5]:main():lattice-best-path.cc:99) For utterance M0000000105_0021, best cost 40.2909 + 1133.88 = 1174.17 over 142 frames.
M0000000105_0021 นา กิน ดัง 
LOG (lattice-best-path[5.5.0~1494-e5a5]:main():lattice-best-path.cc:99) For utterance M0000000105_0022, best cost 52.9415 + 1442.54 = 1495.48 over 176 frames.
M0000000105_0022 เชิง ได้ ไม้ หาก 
LOG (lattice-best-path[5.5.0~1494-e5a5]:main():lattice-best-path.cc:99) For utterance M0000000105_0023, best cost 81.2954 + 2296.68 = 2377.97 over 273 frames.
M0000000105_0023 อาหาร อะไร เหมือน คน ข่าย ไม้ 
LOG (lattice-best-path[5.5.0~1494-e5a5]:main():lattice-best-path.cc:99) For utterance M0000000105_0024, best cost 46.9231 + 1711.76 = 1758.68 over 201 frames.
M0000000105_0024 ของ เครื่อง ปรุง น้อย 
LOG (lattice-best-path[5.5.0~1494-e5a5]:main():lattice-best-path.cc:99) For utterance M0000000105_0025, best cost 29.9607 + 958.901 = 988.861 over 111 frames.
M0000000105_0025 เรียก หมด 
LOG (lattice-best-path[5.5.0~1494-e5a5]:main():lattice-best-path.cc:99) For utterance M0000000105_0026, best cost 73.2069 + 2369.06 = 2442.27 over 292 frames.
M0000000105_0026 มี น้ำ เตรียม ซุก ที่ ไม้ 
LOG (lattice-best-path[5.5.0~1494-e5a5]:main():lattice-best-path.cc:99) For utterance M0000000105_0027, best cost 79.1084 + 3130.02 = 3209.13 over 373 frames.
M0000000105_0027 เอา ซอส ประเทศ ให้ นอน จาก 
LOG (lattice-best-path[5.5.0~1494-e5a5]:main():lattice-best-path.cc:99) For utterance M0000000105_0028, best cost 74.7849 + 2520.12 = 2594.91 over 298 frames.
M0000000105_0028 เพราะ นำ จึง เพิ่ม น้อย ครอบ 
LOG (lattice-best-path[5.5.0~1494-e5a5]:main():lattice-best-path.cc:99) For utterance M0000000105_0029, best cost 51.058 + 1772.46 = 1823.52 over 216 frames.
M0000000105_0029 จะ ผศ. คือ ยัง 
LOG (lattice-best-path[5.5.0~1494-e5a5]:main():lattice-best-path.cc:99) For utterance M0000000105_0030, best cost 48.2633 + 1757.93 = 1806.19 over 212 frames.
M0000000105_0030 พวก อะไร ได้ บ้าง 
LOG (lattice-best-path[5.5.0~1494-e5a5]:main():lattice-best-path.cc:99) For utterance M0000000105_0031, best cost 60.2062 + 2064.12 = 2124.33 over 255 frames.
M0000000105_0031 อาหาร จะ มาก ที่ มุง 
LOG (lattice-best-path[5.5.0~1494-e5a5]:main():lattice-best-path.cc:99) For utterance M0000000105_0032, best cost 57.9566 + 2152.48 = 2210.44 over 267 frames.
M0000000105_0032 ต้อง อีก ด้าน ไม่ 
LOG (lattice-best-path[5.5.0~1494-e5a5]:main():lattice-best-path.cc:99) For utterance M0000000105_0033, best cost 43.8987 + 1720.27 = 1764.17 over 215 frames.
M0000000105_0033 ปลาย จะ เศษ 
LOG (lattice-best-path[5.5.0~1494-e5a5]:main():lattice-best-path.cc:99) For utterance M0000000105_0034, best cost 37.4684 + 1559.26 = 1596.73 over 198 frames.
M0000000105_0034 เพราะ นั้น สร้าง 
LOG (lattice-best-path[5.5.0~1494-e5a5]:main():lattice-best-path.cc:99) For utterance M0000000105_0035, best cost 44.5137 + 1880.42 = 1924.93 over 249 frames.
M0000000105_0035 ใหม่ๆ ทิ้ง แล้ว 
LOG (lattice-best-path[5.5.0~1494-e5a5]:main():lattice-best-path.cc:99) For utterance M0000000105_0036, best cost 57.9605 + 1797.32 = 1855.28 over 221 frames.
M0000000105_0036 ขอบ เตรียม เรือน รู้ 
LOG (lattice-best-path[5.5.0~1494-e5a5]:main():lattice-best-path.cc:99) For utterance M0000000105_0037, best cost 54.1322 + 1707.72 = 1761.85 over 209 frames.
M0000000105_0037 ใหม่ๆ เอา แล้ว เพราะ 
LOG (lattice-best-path[5.5.0~1494-e5a5]:main():lattice-best-path.cc:99) For utterance M0000000105_0038, best cost 47.6938 + 2450.08 = 2497.78 over 307 frames.
M0000000105_0038 ปลูก ข้าว อยู่ 
LOG (lattice-best-path[5.5.0~1494-e5a5]:main():lattice-best-path.cc:99) For utterance M0000000105_0039, best cost 45.4615 + 1930.8 = 1976.26 over 234 frames.
M0000000105_0039 หลาย ไป ตก หนัก 
LOG (lattice-best-path[5.5.0~1494-e5a5]:main():lattice-best-path.cc:99) For utterance M0000000105_0040, best cost 45.9736 + 2053.97 = 2099.94 over 245 frames.
M0000000105_0040 ได้ ไป ตก หนัก 
LOG (lattice-best-path[5.5.0~1494-e5a5]:main():lattice-best-path.cc:99) For utterance M0000000105_0041, best cost 94.6854 + 3140.19 = 3234.88 over 385 frames.
M0000000105_0041 เอา โป๊ะ ตัว นั้น มาก ใบ ใบ 
LOG (lattice-best-path[5.5.0~1494-e5a5]:main():lattice-best-path.cc:99) For utterance M0000000105_0042, best cost 63.3072 + 2322.62 = 2385.93 over 279 frames.
M0000000105_0042 จะ ได้ ไป หรือ ของ แกน 
LOG (lattice-best-path[5.5.0~1494-e5a5]:main():lattice-best-path.cc:99) For utterance M0000000105_0043, best cost 52.2565 + 2113.8 = 2166.05 over 264 frames.
M0000000105_0043 ชั้น บน วาง ไว้ 
LOG (lattice-best-path[5.5.0~1494-e5a5]:main():lattice-best-path.cc:99) For utterance M0000000105_0044, best cost 41.7192 + 1563.05 = 1604.77 over 190 frames.
M0000000105_0044 เก็บ ต่าง ด้วย 
LOG (lattice-best-path[5.5.0~1494-e5a5]:main():lattice-best-path.cc:99) For utterance M0000000105_0045, best cost 64.2445 + 2234.6 = 2298.85 over 280 frames.
M0000000105_0045 รอบ บัตร หรือ ดิบ ไม่ 
LOG (lattice-best-path[5.5.0~1494-e5a5]:main():lattice-best-path.cc:99) For utterance M0000000105_0046, best cost 35.4578 + 1489.4 = 1524.85 over 187 frames.
M0000000105_0046 ทึบ ไป 
LOG (lattice-best-path[5.5.0~1494-e5a5]:main():lattice-best-path.cc:99) For utterance M0000000105_0047, best cost 59.2197 + 1973.09 = 2032.31 over 236 frames.
M0000000105_0047 จะ แกน จาน บัตร ออก 
LOG (lattice-best-path[5.5.0~1494-e5a5]:main():lattice-best-path.cc:99) For utterance M0000000105_0048, best cost 88.5909 + 2643 = 2731.59 over 325 frames.
M0000000105_0048 มี ไถ รม หมด ผ่าน ไม่ ไม้ 
LOG (lattice-best-path[5.5.0~1494-e5a5]:main():lattice-best-path.cc:99) For utterance M0000000105_0049, best cost 48.1889 + 1778.99 = 1827.18 over 220 frames.
M0000000105_0049 ไม้ เอา น้อย 
LOG (lattice-best-path[5.5.0~1494-e5a5]:main():lattice-best-path.cc:99) For utterance M0000000105_0050, best cost 43.3906 + 1658.92 = 1702.31 over 205 frames.
M0000000105_0050 ตรวจวัด แหล่ง มาก 
LOG (lattice-best-path[5.5.0~1494-e5a5]:main():lattice-best-path.cc:99) For utterance M0000000105_0051, best cost 51.8961 + 2372.62 = 2424.52 over 305 frames.
M0000000105_0051 ว่า เข็ม นั้น เขา 
LOG (lattice-best-path[5.5.0~1494-e5a5]:main():lattice-best-path.cc:99) For utterance M0000000105_0052, best cost 48.7355 + 1821.74 = 1870.48 over 220 frames.
M0000000105_0052 เกิด เกิน ไป ปรับ 
LOG (lattice-best-path[5.5.0~1494-e5a5]:main():lattice-best-path.cc:99) For utterance M0000000105_0053, best cost 81.5836 + 3039.48 = 3121.06 over 376 frames.
M0000000105_0053 วัน มี เอา รอย มาก หรือ เพราะ 
LOG (lattice-best-path[5.5.0~1494-e5a5]:main():lattice-best-path.cc:99) For utterance M0000000105_0054, best cost 41.4646 + 1516.32 = 1557.79 over 194 frames.
M0000000105_0054 ปิด ไว้ ก่อน 
LOG (lattice-best-path[5.5.0~1494-e5a5]:main():lattice-best-path.cc:99) For utterance M0000000105_0055, best cost 42.9163 + 1676.93 = 1719.85 over 202 frames.
M0000000105_0055 ผ่าน หาก ไม่ 
LOG (lattice-best-path[5.5.0~1494-e5a5]:main():lattice-best-path.cc:99) For utterance M0000000105_0056, best cost 98.3551 + 3674.92 = 3773.27 over 450 frames.
M0000000105_0056 ทิ้ง ขึ้น การ รักษา พรึง เดียว ได้ ไม้ 
LOG (lattice-best-path[5.5.0~1494-e5a5]:main():lattice-best-path.cc:99) For utterance M0000000105_0057, best cost 38.2135 + 1477.14 = 1515.35 over 187 frames.
M0000000105_0057 ไม้ ต้อง 
LOG (lattice-best-path[5.5.0~1494-e5a5]:main():lattice-best-path.cc:99) For utterance M0000000105_0058, best cost 51.5196 + 1739.54 = 1791.06 over 215 frames.
M0000000105_0058 บางๆ ตาม ได้ ไม้ 
LOG (lattice-best-path[5.5.0~1494-e5a5]:main():lattice-best-path.cc:99) For utterance M0000000105_0059, best cost 56.6019 + 2247.53 = 2304.13 over 273 frames.
M0000000105_0059 กับ เรา สับ เท่าไร 
LOG (lattice-best-path[5.5.0~1494-e5a5]:main():lattice-best-path.cc:99) For utterance M0000000105_0060, best cost 73.027 + 2727.79 = 2800.82 over 331 frames.
M0000000105_0060 ต้ม ย่าน องค์ เผ็ด มากมาย 
LOG (lattice-best-path[5.5.0~1494-e5a5]:main():lattice-best-path.cc:99) For utterance M0000000105_0061, best cost 60.2459 + 2110.49 = 2170.74 over 256 frames.
M0000000105_0061 ผล ตาย ได้ มัน ขับ 
LOG (lattice-best-path[5.5.0~1494-e5a5]:main():lattice-best-path.cc:99) For utterance M0000000105_0062, best cost 53.4437 + 1652.4 = 1705.85 over 209 frames.
M0000000105_0062 มี พร้อมๆ พื้น ไอ 
LOG (lattice-best-path[5.5.0~1494-e5a5]:main():lattice-best-path.cc:99) For utterance M0000000105_0063, best cost 65.3045 + 2200.57 = 2265.88 over 264 frames.
M0000000105_0063 มี หรือ ไอ รอย ไม้ 
LOG (lattice-best-path[5.5.0~1494-e5a5]:main():lattice-best-path.cc:99) For utterance M0000000105_0064, best cost 37.2362 + 1858.34 = 1895.57 over 220 frames.
M0000000105_0064 ตอน เปล่าๆ 
LOG (lattice-best-path[5.5.0~1494-e5a5]:main():lattice-best-path.cc:99) For utterance M0000000105_0065, best cost 48.9198 + 2245.9 = 2294.82 over 273 frames.
M0000000105_0065 ของ ถูก น้อย 
LOG (lattice-best-path[5.5.0~1494-e5a5]:main():lattice-best-path.cc:99) For utterance M0000000105_0066, best cost 46.2012 + 1701.65 = 1747.85 over 194 frames.
M0000000105_0066 ประหยัด หมด รับ 
LOG (lattice-best-path[5.5.0~1494-e5a5]:main():lattice-best-path.cc:99) For utterance M0000000105_0067, best cost 51.4545 + 1764.86 = 1816.32 over 212 frames.
M0000000105_0067 ออก มี ไถ อนึ่ง 
LOG (lattice-best-path[5.5.0~1494-e5a5]:main():lattice-best-path.cc:99) For utterance M0000000105_0068, best cost 66.4578 + 2288.68 = 2355.14 over 279 frames.
M0000000105_0068 ออก จาน แบ่ง สอง การ 
LOG (lattice-best-path[5.5.0~1494-e5a5]:main():lattice-best-path.cc:99) For utterance M0000000105_0069, best cost 64.3086 + 2228.39 = 2292.7 over 272 frames.
M0000000105_0069 มี ที่ ล้าน หมื่น ไม้ 
LOG (lattice-best-path[5.5.0~1494-e5a5]:main():lattice-best-path.cc:99) For utterance M0000000105_0070, best cost 56.6807 + 1801.63 = 1858.31 over 219 frames.
M0000000105_0070 ออก เป็น รู น้อย สี 
LOG (lattice-best-path[5.5.0~1494-e5a5]:main():lattice-best-path.cc:99) For utterance M0000000105_0071, best cost 59.2385 + 2646.18 = 2705.42 over 320 frames.
M0000000105_0071 ร้อน ใน ขูด ไม้ 
LOG (lattice-best-path[5.5.0~1494-e5a5]:main():lattice-best-path.cc:99) For utterance M0000000105_0072, best cost 86.4553 + 2685.57 = 2772.02 over 332 frames.
M0000000105_0072 ผล ที่ เล่น มาก จึง บ่อยๆ ไม้ 
LOG (lattice-best-path[5.5.0~1494-e5a5]:main():lattice-best-path.cc:99) For utterance M0000000105_0073, best cost 81.8205 + 3201.17 = 3282.99 over 393 frames.
M0000000105_0073 ตาม เพราะ วาง ทำ อาหาร ปลา 
LOG (lattice-best-path[5.5.0~1494-e5a5]:main():lattice-best-path.cc:99) For utterance M0000000105_0074, best cost 56.2575 + 2059.53 = 2115.78 over 257 frames.
M0000000105_0074 ปรับ เดิน สำหรับ ไม่ 
LOG (lattice-best-path[5.5.0~1494-e5a5]:main():lattice-best-path.cc:99) For utterance M0000000105_0075, best cost 74.8664 + 3063.29 = 3138.16 over 378 frames.
M0000000105_0075 หลัก สำนักงาน ต้อง อายุ เท่าไร 
LOG (lattice-best-path[5.5.0~1494-e5a5]:main():lattice-best-path.cc:99) For utterance M0000000105_0076, best cost 72.4028 + 2712.73 = 2785.13 over 330 frames.
M0000000105_0076 ยัง ไม่ ทัน ประธาน ปรับ ไม้ 
LOG (lattice-best-path[5.5.0~1494-e5a5]:main():lattice-best-path.cc:99) For utterance M0000000105_0077, best cost 100.961 + 3526.35 = 3627.32 over 435 frames.
M0000000105_0077 ไม่ มี อีก ต่าง หลัง การแพทย์ บัตร ไม้ 
LOG (lattice-best-path[5.5.0~1494-e5a5]:main():lattice-best-path.cc:99) For utterance M0000000105_0078, best cost 75.1062 + 3062.35 = 3137.45 over 373 frames.
M0000000105_0078 หลัก ร้อน ออก ข่าย เท่าไร 
LOG (lattice-best-path[5.5.0~1494-e5a5]:main():lattice-best-path.cc:99) For utterance M0000000105_0079, best cost 52.5611 + 2179.44 = 2232 over 266 frames.
M0000000105_0079 กลาย เป็น ฉาย ไม้ 
LOG (lattice-best-path[5.5.0~1494-e5a5]:main():lattice-best-path.cc:99) For utterance M0000000105_0080, best cost 88.4576 + 3268.96 = 3357.42 over 408 frames.
M0000000105_0080 ก๊าซ เปิด ซาก บาง ต้อง ทำลาย 
LOG (lattice-best-path[5.5.0~1494-e5a5]:main():lattice-best-path.cc:99) For utterance M0000000105_0081, best cost 104.823 + 3163.59 = 3268.41 over 394 frames.
M0000000105_0081 โต๊ะ สู่ ไว้ ต่าง ยาก หลาย ข่าย ไม่ 
LOG (lattice-best-path[5.5.0~1494-e5a5]:main():lattice-best-path.cc:99) For utterance M0000000105_0082, best cost 111.72 + 3460.08 = 3571.8 over 429 frames.
M0000000105_0082 นาย จะ ไป เปิด หวาน ตรง สี แยก นั้น 
LOG (lattice-best-path[5.5.0~1494-e5a5]:main():lattice-best-path.cc:99) For utterance M0000000105_0083, best cost 36.2143 + 2173.07 = 2209.29 over 257 frames.
M0000000105_0083 ดี ใบ 
LOG (lattice-best-path[5.5.0~1494-e5a5]:main():lattice-best-path.cc:99) For utterance M0000000105_0084, best cost 41.6479 + 2273.87 = 2315.52 over 271 frames.
M0000000105_0084 เดิน ได้ บ้าง 
LOG (lattice-best-path[5.5.0~1494-e5a5]:main():lattice-best-path.cc:99) For utterance M0000000105_0085, best cost 73.2001 + 2737.71 = 2810.91 over 335 frames.
M0000000105_0085 ฝ่าย อาหาร ปลาย ได้ ไม่ 
LOG (lattice-best-path[5.5.0~1494-e5a5]:main():lattice-best-path.cc:99) For utterance M0000000105_0086, best cost 79.9446 + 2676.9 = 2756.84 over 334 frames.
M0000000105_0086 หวาน หนึ่ง ข่าย ได้ เลือก กล่าว 
LOG (lattice-best-path[5.5.0~1494-e5a5]:main():lattice-best-path.cc:99) For utterance M0000000105_0087, best cost 64.9953 + 2132.53 = 2197.53 over 259 frames.
M0000000105_0087 เรียน นาย ยก ได้ ไม่ 
LOG (lattice-best-path[5.5.0~1494-e5a5]:main():lattice-best-path.cc:99) For utterance M0000000105_0088, best cost 56.054 + 2583.91 = 2639.96 over 295 frames.
M0000000105_0088 ใช้ จาก ที่ หนัก 
LOG (lattice-best-path[5.5.0~1494-e5a5]:main():lattice-best-path.cc:99) For utterance M0000000105_0089, best cost 51.4419 + 2110.47 = 2161.92 over 249 frames.
M0000000105_0089 ต้อง สาย น้ำตาล 
LOG (lattice-best-path[5.5.0~1494-e5a5]:main():lattice-best-path.cc:99) For utterance M0000000105_0090, best cost 73.9858 + 2704.85 = 2778.83 over 328 frames.
M0000000105_0090 ทำ ปลูก ยัง ใน ขับ 
LOG (lattice-best-path[5.5.0~1494-e5a5]:main():lattice-best-path.cc:99) For utterance M0000000105_0091, best cost 76.4694 + 2155.04 = 2231.51 over 263 frames.
M0000000105_0091 ใส่ พุ่ง ถู ลด หรือ กล่าว 
LOG (lattice-best-path[5.5.0~1494-e5a5]:main():lattice-best-path.cc:99) For utterance M0000000105_0092, best cost 50.464 + 1894.47 = 1944.93 over 230 frames.
M0000000105_0092 ใส่ หนู หรือ เปล่าๆ 
LOG (lattice-best-path[5.5.0~1494-e5a5]:main():lattice-best-path.cc:99) For utterance M0000000105_0093, best cost 63.3262 + 2364.53 = 2427.86 over 289 frames.
M0000000105_0093 ออก ฝน ฝ่าย ตาม หนึ่ง 
LOG (lattice-best-path[5.5.0~1494-e5a5]:main():lattice-best-path.cc:99) For utterance M0000000105_0094, best cost 83.9203 + 4829.3 = 4913.22 over 615 frames.
M0000000105_0094 ไถ ออก กล้วย เพราะ จาน หนึ่ง 
LOG (lattice-best-path[5.5.0~1494-e5a5]:main():lattice-best-path.cc:99) For utterance M0000000105_0095, best cost 95.5291 + 2954.12 = 3049.65 over 363 frames.
M0000000105_0095 ทำ ทั่ว น้อย ข่าย หวาน บางๆ ไม้ 
LOG (lattice-best-path[5.5.0~1494-e5a5]:main():lattice-best-path.cc:99) For utterance M0000000105_0096, best cost 91.7624 + 2700.06 = 2791.82 over 337 frames.
M0000000105_0096 ดุ เขียน ลบ เป็น เกวียน ไม้ หนึ่ง 
LOG (lattice-best-path[5.5.0~1494-e5a5]:main():lattice-best-path.cc:99) For utterance M0000000105_0097, best cost 73.5939 + 2398.07 = 2471.66 over 294 frames.
M0000000105_0097 ว่า ส่ง ที่ เขา หาย น้อย 
LOG (lattice-best-path[5.5.0~1494-e5a5]:main():lattice-best-path.cc:99) For utterance M0000000105_0098, best cost 100.093 + 3191.93 = 3292.02 over 390 frames.
M0000000105_0098 มาก ส่ง หาย ที่ บาง ด้าน ไม้ รับ 
LOG (lattice-best-path[5.5.0~1494-e5a5]:main():lattice-best-path.cc:99) For utterance M0000000105_0099, best cost 61.2312 + 2218.51 = 2279.74 over 273 frames.
M0000000105_0099 เดียว ลง ไป เอา รับ 
LOG (lattice-best-path[5.5.0~1494-e5a5]:main():lattice-best-path.cc:99) For utterance M0000000105_0100, best cost 84.5581 + 2970.09 = 3054.65 over 361 frames.
M0000000105_0100 เดียว เดิน ไป ออก ที่ ไถ หนัก 
LOG (lattice-best-path[5.5.0~1494-e5a5]:main():lattice-best-path.cc:99) For utterance M0000000105_0101, best cost 122.739 + 4498.04 = 4620.78 over 544 frames.
M0000000105_0101 อยู่ สาย จะ ขาด แล้ว อะไร ก่อน กลาย ก๊าซ หนึ่ง 
LOG (lattice-best-path[5.5.0~1494-e5a5]:main():lattice-best-path.cc:99) For utterance M0000000107_0000, best cost 15.6278 + 2015.95 = 2031.58 over 210 frames.
M0000000107_0000 
LOG (lattice-best-path[5.5.0~1494-e5a5]:main():lattice-best-path.cc:99) For utterance M0000000107_0001, best cost 51.529 + 3957.5 = 4009.02 over 423 frames.
M0000000107_0001 เรา หลัก การ 
LOG (lattice-best-path[5.5.0~1494-e5a5]:main():lattice-best-path.cc:99) For utterance M0000000107_0002, best cost 21.628 + 3028.98 = 3050.61 over 325 frames.
M0000000107_0002 
LOG (lattice-best-path[5.5.0~1494-e5a5]:main():lattice-best-path.cc:99) For utterance M0000000107_0003, best cost 34.5526 + 2442.99 = 2477.54 over 276 frames.
M0000000107_0003 ขึ้น เลื่อน 
LOG (lattice-best-path[5.5.0~1494-e5a5]:main():lattice-best-path.cc:99) For utterance M0000000107_0004, best cost 19.027 + 2401.51 = 2420.54 over 260 frames.
M0000000107_0004 
LOG (lattice-best-path[5.5.0~1494-e5a5]:main():lattice-best-path.cc:99) For utterance M0000000107_0005, best cost 17.5078 + 2264.4 = 2281.91 over 236 frames.
M0000000107_0005 
LOG (lattice-best-path[5.5.0~1494-e5a5]:main():lattice-best-path.cc:99) For utterance M0000000107_0006, best cost 14.0004 + 1720.06 = 1734.06 over 177 frames.
M0000000107_0006 
LOG (lattice-best-path[5.5.0~1494-e5a5]:main():lattice-best-path.cc:99) For utterance M0000000107_0007, best cost 24.8491 + 1950.59 = 1975.44 over 207 frames.
M0000000107_0007 ฯลฯ 
LOG (lattice-best-path[5.5.0~1494-e5a5]:main():lattice-best-path.cc:99) For utterance M0000000107_0008, best cost 27.8381 + 2502.72 = 2530.55 over 266 frames.
M0000000107_0008 นำ 
LOG (lattice-best-path[5.5.0~1494-e5a5]:main():lattice-best-path.cc:99) For utterance M0000000107_0009, best cost 16.1654 + 2225.47 = 2241.63 over 239 frames.
M0000000107_0009 
LOG (lattice-best-path[5.5.0~1494-e5a5]:main():lattice-best-path.cc:99) For utterance M0000000107_0010, best cost 15.594 + 2171.64 = 2187.23 over 244 frames.
M0000000107_0010 
LOG (lattice-best-path[5.5.0~1494-e5a5]:main():lattice-best-path.cc:99) For utterance M0000000107_0011, best cost 15.0429 + 1703.53 = 1718.57 over 176 frames.
M0000000107_0011 
LOG (lattice-best-path[5.5.0~1494-e5a5]:main():lattice-best-path.cc:99) For utterance M0000000107_0012, best cost 16.0271 + 2159.42 = 2175.45 over 230 frames.
M0000000107_0012 
LOG (lattice-best-path[5.5.0~1494-e5a5]:main():lattice-best-path.cc:99) For utterance M0000000107_0013, best cost 44.6099 + 4109.92 = 4154.53 over 430 frames.
M0000000107_0013 ที่ ของ 
LOG (lattice-best-path[5.5.0~1494-e5a5]:main():lattice-best-path.cc:99) For utterance M0000000107_0014, best cost 28.1912 + 2069.53 = 2097.72 over 219 frames.
M0000000107_0014 ทิ้ง 
LOG (lattice-best-path[5.5.0~1494-e5a5]:main():lattice-best-path.cc:99) For utterance M0000000107_0015, best cost 19.0016 + 2135.56 = 2154.56 over 224 frames.
M0000000107_0015 
LOG (lattice-best-path[5.5.0~1494-e5a5]:main():lattice-best-path.cc:99) For utterance M0000000107_0016, best cost 18.0678 + 2610.1 = 2628.16 over 265 frames.
M0000000107_0016 
LOG (lattice-best-path[5.5.0~1494-e5a5]:main():lattice-best-path.cc:99) For utterance M0000000107_0017, best cost 17.2538 + 2036.09 = 2053.35 over 219 frames.
M0000000107_0017 
LOG (lattice-best-path[5.5.0~1494-e5a5]:main():lattice-best-path.cc:99) For utterance M0000000107_0018, best cost 23.482 + 1867.5 = 1890.98 over 197 frames.
M0000000107_0018 ของ 
LOG (lattice-best-path[5.5.0~1494-e5a5]:main():lattice-best-path.cc:99) For utterance M0000000107_0019, best cost 17.7538 + 2392.45 = 2410.21 over 253 frames.
M0000000107_0019 
LOG (lattice-best-path[5.5.0~1494-e5a5]:main():lattice-best-path.cc:99) For utterance M0000000107_0020, best cost 13.9287 + 1736.38 = 1750.31 over 179 frames.
M0000000107_0020 
LOG (lattice-best-path[5.5.0~1494-e5a5]:main():lattice-best-path.cc:99) For utterance M0000000107_0021, best cost 13.8459 + 1663.09 = 1676.94 over 174 frames.
M0000000107_0021 
LOG (lattice-best-path[5.5.0~1494-e5a5]:main():lattice-best-path.cc:99) For utterance M0000000107_0022, best cost 37.0015 + 2536.23 = 2573.23 over 282 frames.
M0000000107_0022 เตรียม ได้ ระยะ 
LOG (lattice-best-path[5.5.0~1494-e5a5]:main():lattice-best-path.cc:99) For utterance M0000000107_0023, best cost 18.1759 + 2754.16 = 2772.34 over 295 frames.
M0000000107_0023 
LOG (lattice-best-path[5.5.0~1494-e5a5]:main():lattice-best-path.cc:99) For utterance M0000000107_0024, best cost 39.0786 + 1737.02 = 1776.1 over 188 frames.
M0000000107_0024 เครื่องบิน ร้าย 
LOG (lattice-best-path[5.5.0~1494-e5a5]:main():lattice-best-path.cc:99) For utterance M0000000107_0025, best cost 12.0959 + 1527.33 = 1539.43 over 159 frames.
M0000000107_0025 
LOG (lattice-best-path[5.5.0~1494-e5a5]:main():lattice-best-path.cc:99) For utterance M0000000107_0026, best cost 17.3188 + 2216.38 = 2233.7 over 233 frames.
M0000000107_0026 
LOG (lattice-best-path[5.5.0~1494-e5a5]:main():lattice-best-path.cc:99) For utterance M0000000107_0027, best cost 19.4918 + 2396.52 = 2416.02 over 259 frames.
M0000000107_0027 
LOG (lattice-best-path[5.5.0~1494-e5a5]:main():lattice-best-path.cc:99) For utterance M0000000107_0028, best cost 28.3479 + 2346.91 = 2375.26 over 249 frames.
M0000000107_0028 ไถ 
LOG (lattice-best-path[5.5.0~1494-e5a5]:main():lattice-best-path.cc:99) For utterance M0000000107_0029, best cost 30.2422 + 1818.46 = 1848.7 over 202 frames.
M0000000107_0029 จะ สัตว์เลี้ยง 
LOG (lattice-best-path[5.5.0~1494-e5a5]:main():lattice-best-path.cc:99) For utterance M0000000107_0030, best cost 14.6011 + 2210.5 = 2225.11 over 236 frames.
M0000000107_0030 
LOG (lattice-best-path[5.5.0~1494-e5a5]:main():lattice-best-path.cc:99) For utterance M0000000107_0031, best cost 53.164 + 2157.79 = 2210.95 over 246 frames.
M0000000107_0031 อาหาร จังหวัด ดี ลง 
LOG (lattice-best-path[5.5.0~1494-e5a5]:main():lattice-best-path.cc:99) For utterance M0000000107_0032, best cost 32.5274 + 2711.42 = 2743.95 over 297 frames.
M0000000107_0032 ไถ 
LOG (lattice-best-path[5.5.0~1494-e5a5]:main():lattice-best-path.cc:99) For utterance M0000000107_0033, best cost 14.2832 + 1860.12 = 1874.4 over 209 frames.
M0000000107_0033 
LOG (lattice-best-path[5.5.0~1494-e5a5]:main():lattice-best-path.cc:99) For utterance M0000000107_0034, best cost 15.0952 + 1485.98 = 1501.07 over 158 frames.
M0000000107_0034 
LOG (lattice-best-path[5.5.0~1494-e5a5]:main():lattice-best-path.cc:99) For utterance M0000000107_0035, best cost 20.3095 + 1592.55 = 1612.86 over 181 frames.
M0000000107_0035 แมลง 
LOG (lattice-best-path[5.5.0~1494-e5a5]:main():lattice-best-path.cc:99) For utterance M0000000107_0036, best cost 41.0964 + 1800.8 = 1841.9 over 208 frames.
M0000000107_0036 เพาะเลี้ยง ใน นุ่ง 
LOG (lattice-best-path[5.5.0~1494-e5a5]:main():lattice-best-path.cc:99) For utterance M0000000107_0037, best cost 48.107 + 2042.01 = 2090.12 over 230 frames.
M0000000107_0037 ไม่ เอา แล้ว ทั้ง 
LOG (lattice-best-path[5.5.0~1494-e5a5]:main():lattice-best-path.cc:99) For utterance M0000000107_0038, best cost 15.3805 + 1692.52 = 1707.9 over 174 frames.
M0000000107_0038 
LOG (lattice-best-path[5.5.0~1494-e5a5]:main():lattice-best-path.cc:99) For utterance M0000000107_0039, best cost 17.4454 + 2137.88 = 2155.33 over 224 frames.
M0000000107_0039 
LOG (lattice-best-path[5.5.0~1494-e5a5]:main():lattice-best-path.cc:99) For utterance M0000000107_0040, best cost 17.7216 + 2354.6 = 2372.32 over 257 frames.
M0000000107_0040 
LOG (lattice-best-path[5.5.0~1494-e5a5]:main():lattice-best-path.cc:99) For utterance M0000000107_0041, best cost 19.4123 + 2498.57 = 2517.98 over 263 frames.
M0000000107_0041 
LOG (lattice-best-path[5.5.0~1494-e5a5]:main():lattice-best-path.cc:99) For utterance M0000000107_0042, best cost 24.114 + 1845.6 = 1869.72 over 201 frames.
M0000000107_0042 ยัง 
LOG (lattice-best-path[5.5.0~1494-e5a5]:main():lattice-best-path.cc:99) For utterance M0000000107_0043, best cost 17.0445 + 1788.87 = 1805.91 over 189 frames.
M0000000107_0043 
LOG (lattice-best-path[5.5.0~1494-e5a5]:main():lattice-best-path.cc:99) For utterance M0000000107_0044, best cost 13.9677 + 1714.47 = 1728.43 over 181 frames.
M0000000107_0044 
LOG (lattice-best-path[5.5.0~1494-e5a5]:main():lattice-best-path.cc:99) For utterance M0000000107_0045, best cost 27.2249 + 2355.75 = 2382.97 over 251 frames.
M0000000107_0045 ไม่ 
LOG (lattice-best-path[5.5.0~1494-e5a5]:main():lattice-best-path.cc:99) For utterance M0000000107_0046, best cost 20.619 + 1779.43 = 1800.05 over 194 frames.
M0000000107_0046 ได้ 
LOG (lattice-best-path[5.5.0~1494-e5a5]:main():lattice-best-path.cc:99) For utterance M0000000107_0047, best cost 15.8694 + 1967.06 = 1982.93 over 215 frames.
M0000000107_0047 
LOG (lattice-best-path[5.5.0~1494-e5a5]:main():lattice-best-path.cc:99) For utterance M0000000107_0048, best cost 17.5755 + 2243.06 = 2260.64 over 237 frames.
M0000000107_0048 
LOG (lattice-best-path[5.5.0~1494-e5a5]:main():lattice-best-path.cc:99) For utterance M0000000107_0049, best cost 40.0206 + 1532.49 = 1572.51 over 178 frames.
M0000000107_0049 ไม่ อะไร เรื่อย 
LOG (lattice-best-path[5.5.0~1494-e5a5]:main():lattice-best-path.cc:99) For utterance M0000000107_0050, best cost 16.7572 + 1808.52 = 1825.27 over 195 frames.
M0000000107_0050 
LOG (lattice-best-path[5.5.0~1494-e5a5]:main():lattice-best-path.cc:99) For utterance M0000000107_0051, best cost 25.1894 + 1771.25 = 1796.44 over 198 frames.
M0000000107_0051 ข่าว 
LOG (lattice-best-path[5.5.0~1494-e5a5]:main():lattice-best-path.cc:99) For utterance M0000000107_0052, best cost 41.4932 + 1960.08 = 2001.57 over 215 frames.
M0000000107_0052 เกิน ไป เอะอะ 
LOG (lattice-best-path[5.5.0~1494-e5a5]:main():lattice-best-path.cc:99) For utterance M0000000107_0053, best cost 17.6178 + 2164.49 = 2182.11 over 229 frames.
M0000000107_0053 
LOG (lattice-best-path[5.5.0~1494-e5a5]:main():lattice-best-path.cc:99) For utterance M0000000107_0054, best cost 22.6034 + 1505.19 = 1527.79 over 161 frames.
M0000000107_0054 ไมครอน 
LOG (lattice-best-path[5.5.0~1494-e5a5]:main():lattice-best-path.cc:99) For utterance M0000000107_0055, best cost 27.7226 + 1750.97 = 1778.69 over 193 frames.
M0000000107_0055 ไว้ 
LOG (lattice-best-path[5.5.0~1494-e5a5]:main():lattice-best-path.cc:99) For utterance M0000000107_0056, best cost 43.5442 + 3189.45 = 3233 over 343 frames.
M0000000107_0056 กลางคืน อะไร 
LOG (lattice-best-path[5.5.0~1494-e5a5]:main():lattice-best-path.cc:99) For utterance M0000000107_0057, best cost 19.0701 + 1410.51 = 1429.58 over 163 frames.
M0000000107_0057 ไมครอน 
LOG (lattice-best-path[5.5.0~1494-e5a5]:main():lattice-best-path.cc:99) For utterance M0000000107_0058, best cost 16.6811 + 1676.29 = 1692.97 over 179 frames.
M0000000107_0058 
LOG (lattice-best-path[5.5.0~1494-e5a5]:main():lattice-best-path.cc:99) For utterance M0000000107_0059, best cost 15.8223 + 2015.37 = 2031.19 over 220 frames.
M0000000107_0059 
LOG (lattice-best-path[5.5.0~1494-e5a5]:main():lattice-best-path.cc:99) For utterance M0000000107_0060, best cost 18.5252 + 2966.04 = 2984.56 over 320 frames.
M0000000107_0060 
LOG (lattice-best-path[5.5.0~1494-e5a5]:main():lattice-best-path.cc:99) For utterance M0000000107_0061, best cost 15.9927 + 2062.84 = 2078.83 over 233 frames.
M0000000107_0061 
LOG (lattice-best-path[5.5.0~1494-e5a5]:main():lattice-best-path.cc:99) For utterance M0000000107_0062, best cost 35.4085 + 1716.62 = 1752.03 over 192 frames.
M0000000107_0062 เตรียม ไม่ 
LOG (lattice-best-path[5.5.0~1494-e5a5]:main():lattice-best-path.cc:99) For utterance M0000000107_0063, best cost 59.0049 + 1981.26 = 2040.26 over 228 frames.
M0000000107_0063 เรียน รู้ มี ระยะ ไม่ 
LOG (lattice-best-path[5.5.0~1494-e5a5]:main():lattice-best-path.cc:99) For utterance M0000000107_0064, best cost 26.9332 + 1582.8 = 1609.73 over 176 frames.
M0000000107_0064 โทรพิมพ์ 
LOG (lattice-best-path[5.5.0~1494-e5a5]:main():lattice-best-path.cc:99) For utterance M0000000107_0065, best cost 15.5386 + 2095.24 = 2110.77 over 216 frames.
M0000000107_0065 
LOG (lattice-best-path[5.5.0~1494-e5a5]:main():lattice-best-path.cc:99) For utterance M0000000107_0066, best cost 18.8661 + 1841.56 = 1860.43 over 192 frames.
M0000000107_0066 เพราะ 
LOG (lattice-best-path[5.5.0~1494-e5a5]:main():lattice-best-path.cc:99) For utterance M0000000107_0067, best cost 31.8789 + 1856.67 = 1888.55 over 201 frames.
M0000000107_0067 ก่อนหลัง หนึ่ง 
LOG (lattice-best-path[5.5.0~1494-e5a5]:main():lattice-best-path.cc:99) For utterance M0000000107_0068, best cost 19.8343 + 2756.42 = 2776.25 over 298 frames.
M0000000107_0068 
LOG (lattice-best-path[5.5.0~1494-e5a5]:main():lattice-best-path.cc:99) For utterance M0000000107_0069, best cost 18.1741 + 1735.76 = 1753.93 over 185 frames.
M0000000107_0069 
LOG (lattice-best-path[5.5.0~1494-e5a5]:main():lattice-best-path.cc:99) For utterance M0000000107_0070, best cost 37.8065 + 2021.96 = 2059.77 over 228 frames.
M0000000107_0070 เพราะ เกรง น้อย ขึ้น 
LOG (lattice-best-path[5.5.0~1494-e5a5]:main():lattice-best-path.cc:99) For utterance M0000000107_0071, best cost 17.5651 + 2198.77 = 2216.33 over 229 frames.
M0000000107_0071 
LOG (lattice-best-path[5.5.0~1494-e5a5]:main():lattice-best-path.cc:99) For utterance M0000000107_0072, best cost 48.6812 + 2471.82 = 2520.5 over 277 frames.
M0000000107_0072 ผล ที ละ กิน 
LOG (lattice-best-path[5.5.0~1494-e5a5]:main():lattice-best-path.cc:99) For utterance M0000000107_0073, best cost 57.2429 + 2640.35 = 2697.6 over 284 frames.
M0000000107_0073 ให้ ระหว่าง ร้านอาหาร บัตร 
LOG (lattice-best-path[5.5.0~1494-e5a5]:main():lattice-best-path.cc:99) For utterance M0000000107_0074, best cost 15.533 + 2131.12 = 2146.66 over 228 frames.
M0000000107_0074 
LOG (lattice-best-path[5.5.0~1494-e5a5]:main():lattice-best-path.cc:99) For utterance M0000000107_0075, best cost 42.2785 + 2964.28 = 3006.55 over 320 frames.
M0000000107_0075 อยู่ เท่าไร 
LOG (lattice-best-path[5.5.0~1494-e5a5]:main():lattice-best-path.cc:99) For utterance M0000000107_0076, best cost 28.8456 + 2396.9 = 2425.74 over 248 frames.
M0000000107_0076 ยัง 
LOG (lattice-best-path[5.5.0~1494-e5a5]:main():lattice-best-path.cc:99) For utterance M0000000107_0077, best cost 81.2622 + 2530.43 = 2611.69 over 279 frames.
M0000000107_0077 ไม่ มี หลัง นั้น การ แห่ง ใน ไม่ 
LOG (lattice-best-path[5.5.0~1494-e5a5]:main():lattice-best-path.cc:99) For utterance M0000000107_0078, best cost 52.6777 + 2725.18 = 2777.85 over 292 frames.
M0000000107_0078 ยาก ต่อ เท่าไร 
LOG (lattice-best-path[5.5.0~1494-e5a5]:main():lattice-best-path.cc:99) For utterance M0000000107_0079, best cost 24.2547 + 1801.8 = 1826.05 over 193 frames.
M0000000107_0079 ไว้ 
LOG (lattice-best-path[5.5.0~1494-e5a5]:main():lattice-best-path.cc:99) For utterance M0000000107_0080, best cost 30.7359 + 2919.8 = 2950.53 over 306 frames.
M0000000107_0080 ย่าน 
LOG (lattice-best-path[5.5.0~1494-e5a5]:main():lattice-best-path.cc:99) For utterance M0000000107_0081, best cost 36.9303 + 3248.81 = 3285.74 over 347 frames.
M0000000107_0081 ยัง ได้ 
LOG (lattice-best-path[5.5.0~1494-e5a5]:main():lattice-best-path.cc:99) For utterance M0000000107_0082, best cost 33.3582 + 3062.26 = 3095.62 over 329 frames.
M0000000107_0082 เสีย 
LOG (lattice-best-path[5.5.0~1494-e5a5]:main():lattice-best-path.cc:99) For utterance M0000000107_0083, best cost 14.3489 + 2039.84 = 2054.19 over 208 frames.
M0000000107_0083 
LOG (lattice-best-path[5.5.0~1494-e5a5]:main():lattice-best-path.cc:99) For utterance M0000000107_0084, best cost 15.8702 + 2010.38 = 2026.25 over 212 frames.
M0000000107_0084 
LOG (lattice-best-path[5.5.0~1494-e5a5]:main():lattice-best-path.cc:99) For utterance M0000000107_0085, best cost 50.4711 + 2097.72 = 2148.19 over 238 frames.
M0000000107_0085 ข่าย อะไร ได้ อีกด้วย 
LOG (lattice-best-path[5.5.0~1494-e5a5]:main():lattice-best-path.cc:99) For utterance M0000000107_0086, best cost 22.5531 + 2202.24 = 2224.79 over 229 frames.
M0000000107_0086 ออก 
LOG (lattice-best-path[5.5.0~1494-e5a5]:main():lattice-best-path.cc:99) For utterance M0000000107_0087, best cost 44.3336 + 2003.28 = 2047.61 over 223 frames.
M0000000107_0087 เรียน นโยบาย แมลง 
LOG (lattice-best-path[5.5.0~1494-e5a5]:main():lattice-best-path.cc:99) For utterance M0000000107_0088, best cost 54.3402 + 1906.22 = 1960.56 over 206 frames.
M0000000107_0088 ใช้ มี วงจร ที่ หลาย 
LOG (lattice-best-path[5.5.0~1494-e5a5]:main():lattice-best-path.cc:99) For utterance M0000000107_0089, best cost 17.0216 + 1685.53 = 1702.55 over 179 frames.
M0000000107_0089 
LOG (lattice-best-path[5.5.0~1494-e5a5]:main():lattice-best-path.cc:99) For utterance M0000000107_0090, best cost 60.9001 + 2164.11 = 2225.01 over 241 frames.
M0000000107_0090 ทำมุม ออก ยัง ใน รหัส 
LOG (lattice-best-path[5.5.0~1494-e5a5]:main():lattice-best-path.cc:99) For utterance M0000000107_0091, best cost 17.8563 + 2396.68 = 2414.54 over 258 frames.
M0000000107_0091 
LOG (lattice-best-path[5.5.0~1494-e5a5]:main():lattice-best-path.cc:99) For utterance M0000000107_0092, best cost 26.3822 + 1589.28 = 1615.66 over 165 frames.
M0000000107_0092 กล่าว 
LOG (lattice-best-path[5.5.0~1494-e5a5]:main():lattice-best-path.cc:99) For utterance M0000000107_0093, best cost 23.515 + 1927.05 = 1950.56 over 209 frames.
M0000000107_0093 เรา 
LOG (lattice-best-path[5.5.0~1494-e5a5]:main():lattice-best-path.cc:99) For utterance M0000000107_0094, best cost 56.2037 + 1822.72 = 1878.93 over 200 frames.
M0000000107_0094 เรา อ้วน เพราะ การ หนึ่ง 
LOG (lattice-best-path[5.5.0~1494-e5a5]:main():lattice-best-path.cc:99) For utterance M0000000107_0095, best cost 53.2765 + 2506.77 = 2560.05 over 275 frames.
M0000000107_0095 ขั้วโลหะ ชัยวัฒน์ ใน ระยะ 
LOG (lattice-best-path[5.5.0~1494-e5a5]:main():lattice-best-path.cc:99) For utterance M0000000107_0096, best cost 39.3284 + 2448.57 = 2487.9 over 264 frames.
M0000000107_0096 รวมถึง นก 
LOG (lattice-best-path[5.5.0~1494-e5a5]:main():lattice-best-path.cc:99) For utterance M0000000107_0097, best cost 17.0584 + 2049.37 = 2066.43 over 214 frames.
M0000000107_0097 
LOG (lattice-best-path[5.5.0~1494-e5a5]:main():lattice-best-path.cc:99) For utterance M0000000107_0098, best cost 53.8707 + 2887.46 = 2941.33 over 316 frames.
M0000000107_0098 หลัก ส่ง ที่ บัตร 
LOG (lattice-best-path[5.5.0~1494-e5a5]:main():lattice-best-path.cc:99) For utterance M0000000107_0099, best cost 35.6473 + 1826.66 = 1862.31 over 184 frames.
M0000000107_0099 เดียว ลบ 
LOG (lattice-best-path[5.5.0~1494-e5a5]:main():lattice-best-path.cc:99) For utterance M0000000107_0100, best cost 31.2618 + 2096.14 = 2127.4 over 219 frames.
M0000000107_0100 เดียว 
LOG (lattice-best-path[5.5.0~1494-e5a5]:main():lattice-best-path.cc:99) For utterance M0000000107_0101, best cost 49.7599 + 4012.69 = 4062.45 over 424 frames.
M0000000107_0101 อะไร เรา ได้ 
LOG (lattice-best-path[5.5.0~1494-e5a5]:main():lattice-best-path.cc:99) For utterance M0000000124_0000, best cost 32.4427 + 1623.71 = 1656.15 over 203 frames.
M0000000124_0000 ที่ ไถ 
LOG (lattice-best-path[5.5.0~1494-e5a5]:main():lattice-best-path.cc:99) For utterance M0000000124_0001, best cost 48.3909 + 2508.68 = 2557.07 over 282 frames.
M0000000124_0001 ที่รัก นั้น ชั้น 
LOG (lattice-best-path[5.5.0~1494-e5a5]:main():lattice-best-path.cc:99) For utterance M0000000124_0002, best cost 36.0597 + 2746.52 = 2782.58 over 321 frames.
M0000000124_0002 จาน 
LOG (lattice-best-path[5.5.0~1494-e5a5]:main():lattice-best-path.cc:99) For utterance M0000000124_0003, best cost 43.9199 + 2356.02 = 2399.94 over 284 frames.
M0000000124_0003 สวม ตาม ขึ้น 
LOG (lattice-best-path[5.5.0~1494-e5a5]:main():lattice-best-path.cc:99) For utterance M0000000124_0004, best cost 19.2796 + 2346.34 = 2365.62 over 267 frames.
M0000000124_0004 
LOG (lattice-best-path[5.5.0~1494-e5a5]:main():lattice-best-path.cc:99) For utterance M0000000124_0005, best cost 50.6283 + 2312.58 = 2363.21 over 269 frames.
M0000000124_0005 ใส่ หมุน จาน 
LOG (lattice-best-path[5.5.0~1494-e5a5]:main():lattice-best-path.cc:99) For utterance M0000000124_0006, best cost 23.3237 + 1774.81 = 1798.13 over 204 frames.
M0000000124_0006 หนึ่ง 
LOG (lattice-best-path[5.5.0~1494-e5a5]:main():lattice-best-path.cc:99) For utterance M0000000124_0007, best cost 26.2953 + 1556.17 = 1582.47 over 173 frames.
M0000000124_0007 เจริญ 
LOG (lattice-best-path[5.5.0~1494-e5a5]:main():lattice-best-path.cc:99) For utterance M0000000124_0008, best cost 27.913 + 2175.86 = 2203.77 over 251 frames.
M0000000124_0008 สอง 
LOG (lattice-best-path[5.5.0~1494-e5a5]:main():lattice-best-path.cc:99) For utterance M0000000124_0009, best cost 24.0615 + 1775.25 = 1799.31 over 199 frames.
M0000000124_0009 อนึ่ง 
LOG (lattice-best-path[5.5.0~1494-e5a5]:main():lattice-best-path.cc:99) For utterance M0000000124_0010, best cost 33.8366 + 1868.04 = 1901.88 over 227 frames.
M0000000124_0010 ขอ หลอดไฟ 
LOG (lattice-best-path[5.5.0~1494-e5a5]:main():lattice-best-path.cc:99) For utterance M0000000124_0011, best cost 30.2437 + 1718.42 = 1748.67 over 199 frames.
M0000000124_0011 มาก รอบ 
LOG (lattice-best-path[5.5.0~1494-e5a5]:main():lattice-best-path.cc:99) For utterance M0000000124_0012, best cost 50.7637 + 2511.18 = 2561.94 over 287 frames.
M0000000124_0012 สาร ตรุษ ที่ เรือน 
LOG (lattice-best-path[5.5.0~1494-e5a5]:main():lattice-best-path.cc:99) For utterance M0000000124_0013, best cost 69.8874 + 3224.62 = 3294.51 over 371 frames.
M0000000124_0013 ที่ เท่าไร สอง แท่ง เครื่อง 
LOG (lattice-best-path[5.5.0~1494-e5a5]:main():lattice-best-path.cc:99) For utterance M0000000124_0014, best cost 30.8286 + 2523.53 = 2554.36 over 302 frames.
M0000000124_0014 แต่ ที่ 
LOG (lattice-best-path[5.5.0~1494-e5a5]:main():lattice-best-path.cc:99) For utterance M0000000124_0015, best cost 32.4378 + 2195.55 = 2227.99 over 264 frames.
M0000000124_0015 แคระแกร็น หนัก 
LOG (lattice-best-path[5.5.0~1494-e5a5]:main():lattice-best-path.cc:99) For utterance M0000000124_0016, best cost 24.826 + 2450.9 = 2475.72 over 278 frames.
M0000000124_0016 เรือน 
LOG (lattice-best-path[5.5.0~1494-e5a5]:main():lattice-best-path.cc:99) For utterance M0000000124_0017, best cost 41.7674 + 2433.87 = 2475.63 over 302 frames.
M0000000124_0017 ข้อ นั้น งาน 
LOG (lattice-best-path[5.5.0~1494-e5a5]:main():lattice-best-path.cc:99) For utterance M0000000124_0018, best cost 34.967 + 2289.81 = 2324.78 over 275 frames.
M0000000124_0018 เริ่ม น้อย 
LOG (lattice-best-path[5.5.0~1494-e5a5]:main():lattice-best-path.cc:99) For utterance M0000000124_0019, best cost 55.859 + 1801.3 = 1857.16 over 208 frames.
M0000000124_0019 พอ ใหญ่ เป็นต้น อนึ่ง 
LOG (lattice-best-path[5.5.0~1494-e5a5]:main():lattice-best-path.cc:99) For utterance M0000000124_0020, best cost 43.8545 + 1944.96 = 1988.81 over 228 frames.
M0000000124_0020 รูป ปลา ไป ใน 
LOG (lattice-best-path[5.5.0~1494-e5a5]:main():lattice-best-path.cc:99) For utterance M0000000124_0021, best cost 35.8313 + 1814.75 = 1850.58 over 219 frames.
M0000000124_0021 หน้าที่ หรือ จาน 
LOG (lattice-best-path[5.5.0~1494-e5a5]:main():lattice-best-path.cc:99) For utterance M0000000124_0022, best cost 38.4079 + 1750.71 = 1789.11 over 207 frames.
M0000000124_0022 พิมพ์ ได้ แม่เหล็ก 
LOG (lattice-best-path[5.5.0~1494-e5a5]:main():lattice-best-path.cc:99) For utterance M0000000124_0023, best cost 31.7341 + 2459.34 = 2491.07 over 284 frames.
M0000000124_0023 ขาย ใน 
LOG (lattice-best-path[5.5.0~1494-e5a5]:main():lattice-best-path.cc:99) For utterance M0000000124_0024, best cost 39.1849 + 2393.48 = 2432.67 over 287 frames.
M0000000124_0024 ของ เครื่อง ผู้น้อย 
LOG (lattice-best-path[5.5.0~1494-e5a5]:main():lattice-best-path.cc:99) For utterance M0000000124_0025, best cost 30.3068 + 1376.21 = 1406.51 over 169 frames.
M0000000124_0025 เรียก หมด 
LOG (lattice-best-path[5.5.0~1494-e5a5]:main():lattice-best-path.cc:99) For utterance M0000000124_0026, best cost 54.8327 + 2260.79 = 2315.63 over 274 frames.
M0000000124_0026 มี นั้น ที่สุด ที่ ใน 
LOG (lattice-best-path[5.5.0~1494-e5a5]:main():lattice-best-path.cc:99) For utterance M0000000124_0027, best cost 31.8863 + 1977.76 = 2009.65 over 224 frames.
M0000000124_0027 จาน 
LOG (lattice-best-path[5.5.0~1494-e5a5]:main():lattice-best-path.cc:99) For utterance M0000000124_0028, best cost 24.5571 + 2153.48 = 2178.04 over 251 frames.
M0000000124_0028 ขาด 
LOG (lattice-best-path[5.5.0~1494-e5a5]:main():lattice-best-path.cc:99) For utterance M0000000124_0029, best cost 22.9949 + 1881.57 = 1904.56 over 221 frames.
M0000000124_0029 อย่าง 
LOG (lattice-best-path[5.5.0~1494-e5a5]:main():lattice-best-path.cc:99) For utterance M0000000124_0030, best cost 25.3804 + 1970.02 = 1995.4 over 236 frames.
M0000000124_0030 บาง 
LOG (lattice-best-path[5.5.0~1494-e5a5]:main():lattice-best-path.cc:99) For utterance M0000000124_0031, best cost 51.4752 + 1836.76 = 1888.23 over 212 frames.
M0000000124_0031 อาหาร สมัย ที่ ตรง 
LOG (lattice-best-path[5.5.0~1494-e5a5]:main():lattice-best-path.cc:99) For utterance M0000000124_0032, best cost 31.5655 + 2208.98 = 2240.54 over 260 frames.
M0000000124_0032 น้ำ ใน 
LOG (lattice-best-path[5.5.0~1494-e5a5]:main():lattice-best-path.cc:99) For utterance M0000000124_0033, best cost 40.0797 + 1602.16 = 1642.24 over 196 frames.
M0000000124_0033 เมื่อ ร้าย เกษตร 
LOG (lattice-best-path[5.5.0~1494-e5a5]:main():lattice-best-path.cc:99) For utterance M0000000124_0034, best cost 34.4487 + 1841.51 = 1875.96 over 230 frames.
M0000000124_0034 เพราะ งาน จำ 
LOG (lattice-best-path[5.5.0~1494-e5a5]:main():lattice-best-path.cc:99) For utterance M0000000124_0035, best cost 38.248 + 1882.84 = 1921.08 over 230 frames.
M0000000124_0035 ไม่ ที่ แหล่ง 
LOG (lattice-best-path[5.5.0~1494-e5a5]:main():lattice-best-path.cc:99) For utterance M0000000124_0036, best cost 49.26 + 1771.67 = 1820.93 over 212 frames.
M0000000124_0036 ขอบ เปลี่ยน ใน อยู่ 
LOG (lattice-best-path[5.5.0~1494-e5a5]:main():lattice-best-path.cc:99) For utterance M0000000124_0037, best cost 33.5906 + 1973.1 = 2006.69 over 239 frames.
M0000000124_0037 ไม่ รับ 
LOG (lattice-best-path[5.5.0~1494-e5a5]:main():lattice-best-path.cc:99) For utterance M0000000124_0038, best cost 32.9052 + 1821.91 = 1854.82 over 210 frames.
M0000000124_0038 ปลูก แท่ง 
LOG (lattice-best-path[5.5.0~1494-e5a5]:main():lattice-best-path.cc:99) For utterance M0000000124_0039, best cost 21.4992 + 2470.12 = 2491.62 over 287 frames.
M0000000124_0039 และ 
LOG (lattice-best-path[5.5.0~1494-e5a5]:main():lattice-best-path.cc:99) For utterance M0000000124_0040, best cost 56.8535 + 2425.47 = 2482.32 over 279 frames.
M0000000124_0040 ใหญ่ ไป โต สอง หน้า 
LOG (lattice-best-path[5.5.0~1494-e5a5]:main():lattice-best-path.cc:99) For utterance M0000000124_0041, best cost 58.4153 + 2895.37 = 2953.78 over 347 frames.
M0000000124_0041 ตัวนำ ไมครอน เรียง ใน 
LOG (lattice-best-path[5.5.0~1494-e5a5]:main():lattice-best-path.cc:99) For utterance M0000000124_0042, best cost 28.4758 + 2446.07 = 2474.55 over 279 frames.
M0000000124_0042 ไถ 
LOG (lattice-best-path[5.5.0~1494-e5a5]:main():lattice-best-path.cc:99) For utterance M0000000124_0043, best cost 49.597 + 2227.57 = 2277.17 over 275 frames.
M0000000124_0043 ชั้น บน วาง ไม่ 
LOG (lattice-best-path[5.5.0~1494-e5a5]:main():lattice-best-path.cc:99) For utterance M0000000124_0044, best cost 37.5349 + 1980.03 = 2017.57 over 239 frames.
M0000000124_0044 เก็บ ต่างๆ ด้วย 
LOG (lattice-best-path[5.5.0~1494-e5a5]:main():lattice-best-path.cc:99) For utterance M0000000124_0045, best cost 41.1796 + 2421.93 = 2463.11 over 287 frames.
M0000000124_0045 ระบาย เทคนิค ใน 
LOG (lattice-best-path[5.5.0~1494-e5a5]:main():lattice-best-path.cc:99) For utterance M0000000124_0046, best cost 29.4521 + 1660.28 = 1689.73 over 200 frames.
M0000000124_0046 ที่ ไป 
LOG (lattice-best-path[5.5.0~1494-e5a5]:main():lattice-best-path.cc:99) For utterance M0000000124_0047, best cost 43.1003 + 2506.19 = 2549.29 over 305 frames.
M0000000124_0047 สัตว์เลี้ยง จะ รับ 
LOG (lattice-best-path[5.5.0~1494-e5a5]:main():lattice-best-path.cc:99) For utterance M0000000124_0048, best cost 62.7122 + 2250.98 = 2313.69 over 272 frames.
M0000000124_0048 มี รม กระแส ร้าย ไม่ 
LOG (lattice-best-path[5.5.0~1494-e5a5]:main():lattice-best-path.cc:99) For utterance M0000000124_0049, best cost 42.64 + 1966.96 = 2009.6 over 239 frames.
M0000000124_0049 ไม่ อะไร เลย 
LOG (lattice-best-path[5.5.0~1494-e5a5]:main():lattice-best-path.cc:99) For utterance M0000000124_0050, best cost 42.207 + 2364.44 = 2406.65 over 287 frames.
M0000000124_0050 พระธาตุ เตรียม มาก 
LOG (lattice-best-path[5.5.0~1494-e5a5]:main():lattice-best-path.cc:99) For utterance M0000000124_0051, best cost 28.3733 + 1810.99 = 1839.37 over 215 frames.
M0000000124_0051 ข่าว 
LOG (lattice-best-path[5.5.0~1494-e5a5]:main():lattice-best-path.cc:99) For utterance M0000000124_0052, best cost 49.8867 + 2197.2 = 2247.08 over 269 frames.
M0000000124_0052 เผ็ด เกิน ไป ขับ 
LOG (lattice-best-path[5.5.0~1494-e5a5]:main():lattice-best-path.cc:99) For utterance M0000000124_0053, best cost 61.2444 + 2354.34 = 2415.59 over 275 frames.
M0000000124_0053 วันนี้ รส มาก หรือ ขับ 
LOG (lattice-best-path[5.5.0~1494-e5a5]:main():lattice-best-path.cc:99) For utterance M0000000124_0054, best cost 32.2541 + 2048.14 = 2080.39 over 242 frames.
M0000000124_0054 ไว้ ก่อน 
LOG (lattice-best-path[5.5.0~1494-e5a5]:main():lattice-best-path.cc:99) For utterance M0000000124_0055, best cost 51.6821 + 2357.99 = 2409.68 over 284 frames.
M0000000124_0055 ผ่าน หาร พอ น้อย 
LOG (lattice-best-path[5.5.0~1494-e5a5]:main():lattice-best-path.cc:99) For utterance M0000000124_0056, best cost 76.8333 + 3162.97 = 3239.81 over 362 frames.
M0000000124_0056 ทิ้ง ขึ้น การ เดียว ได้ ไม่ 
LOG (lattice-best-path[5.5.0~1494-e5a5]:main():lattice-best-path.cc:99) For utterance M0000000124_0057, best cost 36.6118 + 2347.59 = 2384.21 over 287 frames.
M0000000124_0057 ไม่ ต้อง ไมครอน 
LOG (lattice-best-path[5.5.0~1494-e5a5]:main():lattice-best-path.cc:99) For utterance M0000000124_0058, best cost 31.3499 + 2379.74 = 2411.08 over 284 frames.
M0000000124_0058 แต่ ไม่ 
LOG (lattice-best-path[5.5.0~1494-e5a5]:main():lattice-best-path.cc:99) For utterance M0000000124_0059, best cost 27.3667 + 2580.48 = 2607.85 over 299 frames.
M0000000124_0059 ไถ 
LOG (lattice-best-path[5.5.0~1494-e5a5]:main():lattice-best-path.cc:99) For utterance M0000000124_0060, best cost 28.075 + 2599.86 = 2627.93 over 291 frames.
M0000000124_0060 มากมาย 
LOG (lattice-best-path[5.5.0~1494-e5a5]:main():lattice-best-path.cc:99) For utterance M0000000124_0061, best cost 27.7696 + 2344.58 = 2372.35 over 281 frames.
M0000000124_0061 รับ 
LOG (lattice-best-path[5.5.0~1494-e5a5]:main():lattice-best-path.cc:99) For utterance M0000000124_0062, best cost 40.2312 + 2136.44 = 2176.67 over 252 frames.
M0000000124_0062 มี ร้องเพลง ไม่ 
LOG (lattice-best-path[5.5.0~1494-e5a5]:main():lattice-best-path.cc:99) For utterance M0000000124_0063, best cost 61.0962 + 2439.72 = 2500.81 over 296 frames.
M0000000124_0063 ไม่ หนู นี้ อะไร ไม่ 
LOG (lattice-best-path[5.5.0~1494-e5a5]:main():lattice-best-path.cc:99) For utterance M0000000124_0064, best cost 37.7145 + 2483.18 = 2520.89 over 267 frames.
M0000000124_0064 ไถ ที่สุด 
LOG (lattice-best-path[5.5.0~1494-e5a5]:main():lattice-best-path.cc:99) For utterance M0000000124_0065, best cost 58.0644 + 2531.23 = 2589.3 over 294 frames.
M0000000124_0065 พอ ที่ ชุบ เริ่ม น้อย 
LOG (lattice-best-path[5.5.0~1494-e5a5]:main():lattice-best-path.cc:99) For utterance M0000000124_0066, best cost 46.4071 + 2198.54 = 2244.94 over 260 frames.
M0000000124_0066 อาเจียน หมด ขลับ 
LOG (lattice-best-path[5.5.0~1494-e5a5]:main():lattice-best-path.cc:99) For utterance M0000000124_0067, best cost 50.6683 + 2495.66 = 2546.33 over 285 frames.
M0000000124_0067 ไถ พอ มี อนึ่ง 
LOG (lattice-best-path[5.5.0~1494-e5a5]:main():lattice-best-path.cc:99) For utterance M0000000124_0068, best cost 28.9822 + 2717.1 = 2746.08 over 318 frames.
M0000000124_0068 ต้องการ 
LOG (lattice-best-path[5.5.0~1494-e5a5]:main():lattice-best-path.cc:99) For utterance M0000000124_0069, best cost 70.5864 + 2596.18 = 2666.77 over 302 frames.
M0000000124_0069 มี ที่ หลัง เมื่อ ไม่ ไถ 
LOG (lattice-best-path[5.5.0~1494-e5a5]:main():lattice-best-path.cc:99) For utterance M0000000124_0070, best cost 48.569 + 2306 = 2354.57 over 278 frames.
M0000000124_0070 พอ มี หนู รังสี 
LOG (lattice-best-path[5.5.0~1494-e5a5]:main():lattice-best-path.cc:99) For utterance M0000000124_0071, best cost 54.9702 + 2341.93 = 2396.9 over 278 frames.
M0000000124_0071 การ นี้ มี เขา ใน 
LOG (lattice-best-path[5.5.0~1494-e5a5]:main():lattice-best-path.cc:99) For utterance M0000000124_0072, best cost 60.9044 + 2058.55 = 2119.46 over 236 frames.
M0000000124_0072 ควร ที่ ไม่ ที่ น้อย ไม่ 
LOG (lattice-best-path[5.5.0~1494-e5a5]:main():lattice-best-path.cc:99) For utterance M0000000124_0073, best cost 61.4396 + 3430.68 = 3492.12 over 398 frames.
M0000000124_0073 วาง ทำ อาหาร นั้น 
LOG (lattice-best-path[5.5.0~1494-e5a5]:main():lattice-best-path.cc:99) For utterance M0000000124_0074, best cost 25.4311 + 2271.93 = 2297.36 over 273 frames.
M0000000124_0074 ไม่ 
LOG (lattice-best-path[5.5.0~1494-e5a5]:main():lattice-best-path.cc:99) For utterance M0000000124_0075, best cost 68.7838 + 2873.16 = 2941.94 over 330 frames.
M0000000124_0075 ยา สมการ ตรง อายุ เท่าไร 
LOG (lattice-best-path[5.5.0~1494-e5a5]:main():lattice-best-path.cc:99) For utterance M0000000124_0076, best cost 68.5187 + 2905.44 = 2973.96 over 353 frames.
M0000000124_0076 ยัง ไม่ เตรียม อาหาร รับ ไม่ 
LOG (lattice-best-path[5.5.0~1494-e5a5]:main():lattice-best-path.cc:99) For utterance M0000000124_0077, best cost 68.2447 + 2947.09 = 3015.33 over 344 frames.
M0000000124_0077 ไม่ มี ต่างๆ เห็น ได ไม่ 
LOG (lattice-best-path[5.5.0~1494-e5a5]:main():lattice-best-path.cc:99) For utterance M0000000124_0078, best cost 45.9049 + 3143.86 = 3189.76 over 350 frames.
M0000000124_0078 ยาก เท่าไร 
LOG (lattice-best-path[5.5.0~1494-e5a5]:main():lattice-best-path.cc:99) For utterance M0000000124_0079, best cost 44.799 + 2100.77 = 2145.57 over 252 frames.
M0000000124_0079 ขาดแคลน ฉาย ไม่ 
LOG (lattice-best-path[5.5.0~1494-e5a5]:main():lattice-best-path.cc:99) For utterance M0000000124_0080, best cost 91.3245 + 3251.45 = 3342.77 over 374 frames.
M0000000124_0080 ไถ ยา เปิด สาขา บาง ต้อง ทำ ใน 
LOG (lattice-best-path[5.5.0~1494-e5a5]:main():lattice-best-path.cc:99) For utterance M0000000124_0081, best cost 46.4815 + 3481.53 = 3528.01 over 404 frames.
M0000000124_0081 ยัง ได้ ขณะนี้ 
LOG (lattice-best-path[5.5.0~1494-e5a5]:main():lattice-best-path.cc:99) For utterance M0000000124_0082, best cost 89.8439 + 3220.91 = 3310.76 over 368 frames.
M0000000124_0082 หน้าจอ ไป เพื่อ การ ตรง สี แยก ใน 
LOG (lattice-best-path[5.5.0~1494-e5a5]:main():lattice-best-path.cc:99) For utterance M0000000124_0083, best cost 64.4789 + 2421.63 = 2486.11 over 275 frames.
M0000000124_0083 ไถ ด้วย เที่ยว ข่าย ที่ ไม่ 
LOG (lattice-best-path[5.5.0~1494-e5a5]:main():lattice-best-path.cc:99) For utterance M0000000124_0084, best cost 44.8011 + 2693.6 = 2738.4 over 312 frames.
M0000000124_0084 ที่ เป็น ใน บาง 
LOG (lattice-best-path[5.5.0~1494-e5a5]:main():lattice-best-path.cc:99) For utterance M0000000124_0085, best cost 68.8869 + 2873.05 = 2941.94 over 344 frames.
M0000000124_0085 ข่าย อาหาร ร้าย ได้ ที่ ไม่ 
LOG (lattice-best-path[5.5.0~1494-e5a5]:main():lattice-best-path.cc:99) For utterance M0000000124_0086, best cost 67.8467 + 2303.35 = 2371.2 over 269 frames.
M0000000124_0086 หวาน หนึ่ง ขาด ระยะ เปล่า 
LOG (lattice-best-path[5.5.0~1494-e5a5]:main():lattice-best-path.cc:99) For utterance M0000000124_0087, best cost 59.6254 + 2410.33 = 2469.96 over 284 frames.
M0000000124_0087 เตรียม ใน ยก ได้ ไม่ 
LOG (lattice-best-path[5.5.0~1494-e5a5]:main():lattice-best-path.cc:99) For utterance M0000000124_0088, best cost 66.7445 + 2794.33 = 2861.08 over 332 frames.
M0000000124_0088 ใช้ หนู หยด จาก ที่ ใน 
LOG (lattice-best-path[5.5.0~1494-e5a5]:main():lattice-best-path.cc:99) For utterance M0000000124_0089, best cost 64.2853 + 2742.31 = 2806.6 over 329 frames.
M0000000124_0089 ต้อง สร้าง น้ำตาล ที่ โชคลาง 
LOG (lattice-best-path[5.5.0~1494-e5a5]:main():lattice-best-path.cc:99) For utterance M0000000124_0090, best cost 71.4897 + 2774.23 = 2845.72 over 318 frames.
M0000000124_0090 ทำมุม กรอก เล่น ใน หรือ สอบ 
LOG (lattice-best-path[5.5.0~1494-e5a5]:main():lattice-best-path.cc:99) For utterance M0000000124_0091, best cost 65.6428 + 2461.48 = 2527.12 over 291 frames.
M0000000124_0091 สาย พลุ่ง ชุด หรือ กล่าว 
LOG (lattice-best-path[5.5.0~1494-e5a5]:main():lattice-best-path.cc:99) For utterance M0000000124_0092, best cost 49.5441 + 2143.35 = 2192.89 over 257 frames.
M0000000124_0092 ใส่ หนู หรือ กล่าว 
LOG (lattice-best-path[5.5.0~1494-e5a5]:main():lattice-best-path.cc:99) For utterance M0000000124_0093, best cost 47.724 + 2150.08 = 2197.8 over 251 frames.
M0000000124_0093 คลื่นไส้ จาน หนึ่ง 
LOG (lattice-best-path[5.5.0~1494-e5a5]:main():lattice-best-path.cc:99) For utterance M0000000124_0094, best cost 52.924 + 2382.13 = 2435.06 over 279 frames.
M0000000124_0094 กล้วย ทั้งหมด จาก หนึ่ง 
LOG (lattice-best-path[5.5.0~1494-e5a5]:main():lattice-best-path.cc:99) For utterance M0000000124_0095, best cost 75.0058 + 2730.7 = 2805.71 over 327 frames.
M0000000124_0095 ทำ ทั่ว หลอดไฟ หวาน ได้ ไม่ 
LOG (lattice-best-path[5.5.0~1494-e5a5]:main():lattice-best-path.cc:99) For utterance M0000000124_0096, best cost 60.0181 + 2437.74 = 2497.76 over 279 frames.
M0000000124_0096 รูป ชิ้น ลบ หมายถึง 
LOG (lattice-best-path[5.5.0~1494-e5a5]:main():lattice-best-path.cc:99) For utterance M0000000124_0097, best cost 63.8857 + 2794.26 = 2858.15 over 330 frames.
M0000000124_0097 มาก ตรง ที่ ออก ให้ น้อย 
LOG (lattice-best-path[5.5.0~1494-e5a5]:main():lattice-best-path.cc:99) For utterance M0000000124_0098, best cost 87.6629 + 2887.43 = 2975.09 over 338 frames.
M0000000124_0098 มา ส่ง ให้ ที่ บาง ได้ ไม่ ขลับ 
LOG (lattice-best-path[5.5.0~1494-e5a5]:main():lattice-best-path.cc:99) For utterance M0000000124_0099, best cost 53.3363 + 2249.18 = 2302.51 over 260 frames.
M0000000124_0099 เดียว ลง ไป ออก รส 
LOG (lattice-best-path[5.5.0~1494-e5a5]:main():lattice-best-path.cc:99) For utterance M0000000124_0100, best cost 59.8994 + 2759.67 = 2819.57 over 327 frames.
M0000000124_0100 เดียว เดิน ที่ ระงับ 
LOG (lattice-best-path[5.5.0~1494-e5a5]:main():lattice-best-path.cc:99) For utterance M0000000124_0101, best cost 99.9305 + 3470.99 = 3570.92 over 398 frames.
M0000000124_0101 อยู่ ใส่ จะ ขาด เหลว อะไร กลับกลาย ใจ หนึ่ง 
LOG (lattice-best-path[5.5.0~1494-e5a5]:main():lattice-best-path.cc:99) For utterance M0000000131_0000, best cost 31.5207 + 2910.74 = 2942.26 over 338 frames.
M0000000131_0000 กงล้อ ที่ 
LOG (lattice-best-path[5.5.0~1494-e5a5]:main():lattice-best-path.cc:99) For utterance M0000000131_0001, best cost 36.474 + 4471.02 = 4507.49 over 491 frames.
M0000000131_0001 ควร 
LOG (lattice-best-path[5.5.0~1494-e5a5]:main():lattice-best-path.cc:99) For utterance M0000000131_0002, best cost 28.5309 + 4321.09 = 4349.62 over 464 frames.
M0000000131_0002 
LOG (lattice-best-path[5.5.0~1494-e5a5]:main():lattice-best-path.cc:99) For utterance M0000000131_0003, best cost 44.8574 + 3105.35 = 3150.21 over 328 frames.
M0000000131_0003 ไถ ไถ 
LOG (lattice-best-path[5.5.0~1494-e5a5]:main():lattice-best-path.cc:99) For utterance M0000000131_0004, best cost 43.5737 + 3391.36 = 3434.94 over 384 frames.
M0000000131_0004 เขา การ 
LOG (lattice-best-path[5.5.0~1494-e5a5]:main():lattice-best-path.cc:99) For utterance M0000000131_0005, best cost 48.2066 + 3589.04 = 3637.25 over 396 frames.
M0000000131_0005 เอา พวก 
LOG (lattice-best-path[5.5.0~1494-e5a5]:main():lattice-best-path.cc:99) For utterance M0000000131_0006, best cost 45.5393 + 2849.03 = 2894.57 over 332 frames.
M0000000131_0006 คง ควร เรือน 
LOG (lattice-best-path[5.5.0~1494-e5a5]:main():lattice-best-path.cc:99) For utterance M0000000131_0007, best cost 30.9273 + 2461.89 = 2492.82 over 284 frames.
M0000000131_0007 การ อ่าน 
LOG (lattice-best-path[5.5.0~1494-e5a5]:main():lattice-best-path.cc:99) For utterance M0000000131_0008, best cost 26.8681 + 2590.28 = 2617.15 over 284 frames.
M0000000131_0008 กรง 
LOG (lattice-best-path[5.5.0~1494-e5a5]:main():lattice-best-path.cc:99) For utterance M0000000131_0009, best cost 23.4884 + 2410.13 = 2433.62 over 270 frames.
M0000000131_0009 หรือ 
LOG (lattice-best-path[5.5.0~1494-e5a5]:main():lattice-best-path.cc:99) For utterance M0000000131_0010, best cost 16.27 + 2493.97 = 2510.24 over 287 frames.
M0000000131_0010 
LOG (lattice-best-path[5.5.0~1494-e5a5]:main():lattice-best-path.cc:99) For utterance M0000000131_0011, best cost 29.565 + 1910.56 = 1940.12 over 210 frames.
M0000000131_0011 รหัส 
LOG (lattice-best-path[5.5.0~1494-e5a5]:main():lattice-best-path.cc:99) For utterance M0000000131_0012, best cost 16.8231 + 1876.43 = 1893.26 over 200 frames.
M0000000131_0012 
LOG (lattice-best-path[5.5.0~1494-e5a5]:main():lattice-best-path.cc:99) For utterance M0000000131_0013, best cost 17.6563 + 2545.58 = 2563.23 over 250 frames.
M0000000131_0013 
LOG (lattice-best-path[5.5.0~1494-e5a5]:main():lattice-best-path.cc:99) For utterance M0000000131_0014, best cost 45.5092 + 2206.58 = 2252.09 over 238 frames.
M0000000131_0014 ไถ ไถ ที่ 
LOG (lattice-best-path[5.5.0~1494-e5a5]:main():lattice-best-path.cc:99) For utterance M0000000131_0015, best cost 29.6332 + 1863.34 = 1892.97 over 195 frames.
M0000000131_0015 แคระแกร็น 
LOG (lattice-best-path[5.5.0~1494-e5a5]:main():lattice-best-path.cc:99) For utterance M0000000131_0016, best cost 15.3529 + 1918.01 = 1933.37 over 195 frames.
M0000000131_0016 
LOG (lattice-best-path[5.5.0~1494-e5a5]:main():lattice-best-path.cc:99) For utterance M0000000131_0017, best cost 16.7293 + 1812.09 = 1828.82 over 190 frames.
M0000000131_0017 
LOG (lattice-best-path[5.5.0~1494-e5a5]:main():lattice-best-path.cc:99) For utterance M0000000131_0018, best cost 17.1269 + 1844.35 = 1861.47 over 188 frames.
M0000000131_0018 
LOG (lattice-best-path[5.5.0~1494-e5a5]:main():lattice-best-path.cc:99) For utterance M0000000131_0019, best cost 20.2613 + 1751.89 = 1772.15 over 181 frames.
M0000000131_0019 
LOG (lattice-best-path[5.5.0~1494-e5a5]:main():lattice-best-path.cc:99) For utterance M0000000131_0020, best cost 14.9265 + 1650.09 = 1665.01 over 166 frames.
M0000000131_0020 
LOG (lattice-best-path[5.5.0~1494-e5a5]:main():lattice-best-path.cc:99) For utterance M0000000131_0021, best cost 42.1672 + 1644.59 = 1686.76 over 174 frames.
M0000000131_0021 ไถ มัก ที่จะ 
LOG (lattice-best-path[5.5.0~1494-e5a5]:main():lattice-best-path.cc:99) For utterance M0000000131_0022, best cost 13.578 + 1819.44 = 1833.02 over 193 frames.
M0000000131_0022 
LOG (lattice-best-path[5.5.0~1494-e5a5]:main():lattice-best-path.cc:99) For utterance M0000000131_0023, best cost 38.1564 + 2514.09 = 2552.25 over 257 frames.
M0000000131_0023 ไถ อาหาร 
LOG (lattice-best-path[5.5.0~1494-e5a5]:main():lattice-best-path.cc:99) For utterance M0000000131_0024, best cost 16.7448 + 1836.87 = 1853.61 over 190 frames.
M0000000131_0024 
LOG (lattice-best-path[5.5.0~1494-e5a5]:main():lattice-best-path.cc:99) For utterance M0000000131_0025, best cost 29.7223 + 1264.56 = 1294.28 over 132 frames.
M0000000131_0025 ไถ วิเคราะห์ 
LOG (lattice-best-path[5.5.0~1494-e5a5]:main():lattice-best-path.cc:99) For utterance M0000000131_0026, best cost 15.5479 + 2316.88 = 2332.43 over 223 frames.
M0000000131_0026 
LOG (lattice-best-path[5.5.0~1494-e5a5]:main():lattice-best-path.cc:99) For utterance M0000000131_0027, best cost 26.0635 + 2943.74 = 2969.81 over 306 frames.
M0000000131_0027 ออก 
LOG (lattice-best-path[5.5.0~1494-e5a5]:main():lattice-best-path.cc:99) For utterance M0000000131_0028, best cost 15.3151 + 1844.28 = 1859.59 over 186 frames.
M0000000131_0028 
LOG (lattice-best-path[5.5.0~1494-e5a5]:main():lattice-best-path.cc:99) For utterance M0000000131_0029, best cost 13.1567 + 1438.84 = 1452 over 152 frames.
M0000000131_0029 
LOG (lattice-best-path[5.5.0~1494-e5a5]:main():lattice-best-path.cc:99) For utterance M0000000131_0030, best cost 39.1683 + 2085.74 = 2124.91 over 224 frames.
M0000000131_0030 ไถ ไถ 
LOG (lattice-best-path[5.5.0~1494-e5a5]:main():lattice-best-path.cc:99) For utterance M0000000131_0031, best cost 14.8444 + 1625.01 = 1639.85 over 165 frames.
M0000000131_0031 
LOG (lattice-best-path[5.5.0~1494-e5a5]:main():lattice-best-path.cc:99) For utterance M0000000131_0032, best cost 27.4306 + 1784.79 = 1812.22 over 195 frames.
M0000000131_0032 บ่อยๆ 
LOG (lattice-best-path[5.5.0~1494-e5a5]:main():lattice-best-path.cc:99) For utterance M0000000131_0033, best cost 11.6884 + 1395 = 1406.69 over 145 frames.
M0000000131_0033 
LOG (lattice-best-path[5.5.0~1494-e5a5]:main():lattice-best-path.cc:99) For utterance M0000000131_0034, best cost 17.4551 + 1998.96 = 2016.42 over 227 frames.
M0000000131_0034 
LOG (lattice-best-path[5.5.0~1494-e5a5]:main():lattice-best-path.cc:99) For utterance M0000000131_0035, best cost 30.5177 + 1337.77 = 1368.29 over 140 frames.
M0000000131_0035 วิธี แล้ว 
LOG (lattice-best-path[5.5.0~1494-e5a5]:main():lattice-best-path.cc:99) For utterance M0000000131_0036, best cost 18.1449 + 1728.14 = 1746.28 over 178 frames.
M0000000131_0036 
LOG (lattice-best-path[5.5.0~1494-e5a5]:main():lattice-best-path.cc:99) For utterance M0000000131_0037, best cost 16.208 + 1368.57 = 1384.78 over 144 frames.
M0000000131_0037 
LOG (lattice-best-path[5.5.0~1494-e5a5]:main():lattice-best-path.cc:99) For utterance M0000000131_0038, best cost 38.8351 + 2639.09 = 2677.92 over 279 frames.
M0000000131_0038 ไถ ไถ 
LOG (lattice-best-path[5.5.0~1494-e5a5]:main():lattice-best-path.cc:99) For utterance M0000000131_0039, best cost 26.7547 + 1878.68 = 1905.43 over 197 frames.
M0000000131_0039 ยา 
LOG (lattice-best-path[5.5.0~1494-e5a5]:main():lattice-best-path.cc:99) For utterance M0000000131_0040, best cost 16.7224 + 1868.67 = 1885.39 over 197 frames.
M0000000131_0040 
LOG (lattice-best-path[5.5.0~1494-e5a5]:main():lattice-best-path.cc:99) For utterance M0000000131_0041, best cost 18.5334 + 2120.23 = 2138.76 over 217 frames.
M0000000131_0041 
LOG (lattice-best-path[5.5.0~1494-e5a5]:main():lattice-best-path.cc:99) For utterance M0000000131_0042, best cost 15.136 + 1843.14 = 1858.28 over 194 frames.
M0000000131_0042 
LOG (lattice-best-path[5.5.0~1494-e5a5]:main():lattice-best-path.cc:99) For utterance M0000000131_0043, best cost 13.7067 + 1884.32 = 1898.02 over 203 frames.
M0000000131_0043 
LOG (lattice-best-path[5.5.0~1494-e5a5]:main():lattice-best-path.cc:99) For utterance M0000000131_0044, best cost 23.776 + 1481.2 = 1504.98 over 151 frames.
M0000000131_0044 ด้วย 
LOG (lattice-best-path[5.5.0~1494-e5a5]:main():lattice-best-path.cc:99) For utterance M0000000131_0045, best cost 33.7813 + 1756.56 = 1790.34 over 185 frames.
M0000000131_0045 ไถ เปราะ 
LOG (lattice-best-path[5.5.0~1494-e5a5]:main():lattice-best-path.cc:99) For utterance M0000000131_0046, best cost 31.8001 + 1320.34 = 1352.14 over 145 frames.
M0000000131_0046 ไถ อธิบาย 
LOG (lattice-best-path[5.5.0~1494-e5a5]:main():lattice-best-path.cc:99) For utterance M0000000131_0047, best cost 18.6496 + 1737.7 = 1756.35 over 180 frames.
M0000000131_0047 
LOG (lattice-best-path[5.5.0~1494-e5a5]:main():lattice-best-path.cc:99) For utterance M0000000131_0048, best cost 15.5554 + 2125.16 = 2140.72 over 220 frames.
M0000000131_0048 
LOG (lattice-best-path[5.5.0~1494-e5a5]:main():lattice-best-path.cc:99) For utterance M0000000131_0049, best cost 16.6006 + 1809.6 = 1826.2 over 198 frames.
M0000000131_0049 
LOG (lattice-best-path[5.5.0~1494-e5a5]:main():lattice-best-path.cc:99) For utterance M0000000131_0050, best cost 16.7622 + 1997.66 = 2014.42 over 210 frames.
M0000000131_0050 
LOG (lattice-best-path[5.5.0~1494-e5a5]:main():lattice-best-path.cc:99) For utterance M0000000131_0051, best cost 15.1275 + 1742.14 = 1757.27 over 183 frames.
M0000000131_0051 
LOG (lattice-best-path[5.5.0~1494-e5a5]:main():lattice-best-path.cc:99) For utterance M0000000131_0052, best cost 16.425 + 1543.3 = 1559.72 over 161 frames.
M0000000131_0052 
LOG (lattice-best-path[5.5.0~1494-e5a5]:main():lattice-best-path.cc:99) For utterance M0000000131_0053, best cost 16.7142 + 1731.39 = 1748.1 over 177 frames.
M0000000131_0053 
LOG (lattice-best-path[5.5.0~1494-e5a5]:main():lattice-best-path.cc:99) For utterance M0000000131_0054, best cost 35.9769 + 1921.98 = 1957.96 over 205 frames.
M0000000131_0054 ไถ ไถ 
LOG (lattice-best-path[5.5.0~1494-e5a5]:main():lattice-best-path.cc:99) For utterance M0000000131_0055, best cost 14.9867 + 1706.59 = 1721.57 over 185 frames.
M0000000131_0055 
LOG (lattice-best-path[5.5.0~1494-e5a5]:main():lattice-best-path.cc:99) For utterance M0000000131_0056, best cost 16.313 + 2762.35 = 2778.67 over 278 frames.
M0000000131_0056 
LOG (lattice-best-path[5.5.0~1494-e5a5]:main():lattice-best-path.cc:99) For utterance M0000000131_0057, best cost 14.3528 + 1105.89 = 1120.24 over 120 frames.
M0000000131_0057 
LOG (lattice-best-path[5.5.0~1494-e5a5]:main():lattice-best-path.cc:99) For utterance M0000000131_0058, best cost 15.3884 + 1905.65 = 1921.04 over 212 frames.
M0000000131_0058 
LOG (lattice-best-path[5.5.0~1494-e5a5]:main():lattice-best-path.cc:99) For utterance M0000000131_0059, best cost 37.9093 + 2323.11 = 2361.02 over 251 frames.
M0000000131_0059 ไถ ไถ 
LOG (lattice-best-path[5.5.0~1494-e5a5]:main():lattice-best-path.cc:99) For utterance M0000000131_0060, best cost 15.2812 + 1921 = 1936.28 over 197 frames.
M0000000131_0060 
LOG (lattice-best-path[5.5.0~1494-e5a5]:main():lattice-best-path.cc:99) For utterance M0000000131_0061, best cost 34.4937 + 1428.44 = 1462.94 over 148 frames.
M0000000131_0061 ไถ บน 
LOG (lattice-best-path[5.5.0~1494-e5a5]:main():lattice-best-path.cc:99) For utterance M0000000131_0062, best cost 14.9951 + 1723.12 = 1738.11 over 177 frames.
M0000000131_0062 
LOG (lattice-best-path[5.5.0~1494-e5a5]:main():lattice-best-path.cc:99) For utterance M0000000131_0063, best cost 26.8464 + 1728.09 = 1754.94 over 183 frames.
M0000000131_0063 หวาน 
LOG (lattice-scale[5.5.0~1494-e5a5]:main():lattice-scale.cc:107) Done 510 lattices.
LOG (lattice-best-path[5.5.0~1494-e5a5]:main():lattice-best-path.cc:99) For utterance M0000000131_0064, best cost 13.5785 + 1740.64 = 1754.22 over 181 frames.
M0000000131_0064 
LOG (lattice-best-path[5.5.0~1494-e5a5]:main():lattice-best-path.cc:99) For utterance M0000000131_0065, best cost 13.7292 + 1910.21 = 1923.94 over 193 frames.
M0000000131_0065 
LOG (lattice-best-path[5.5.0~1494-e5a5]:main():lattice-best-path.cc:99) For utterance M0000000131_0066, best cost 34.4966 + 1955.24 = 1989.74 over 210 frames.
M0000000131_0066 ไถ ไถ 
LOG (lattice-best-path[5.5.0~1494-e5a5]:main():lattice-best-path.cc:99) For utterance M0000000131_0067, best cost 26.014 + 1025.38 = 1051.4 over 106 frames.
M0000000131_0067 ของ เอาเอง 
LOG (lattice-best-path[5.5.0~1494-e5a5]:main():lattice-best-path.cc:99) For utterance M0000000131_0068, best cost 17.1363 + 1723.24 = 1740.38 over 177 frames.
M0000000131_0068 
LOG (lattice-best-path[5.5.0~1494-e5a5]:main():lattice-best-path.cc:99) For utterance M0000000131_0069, best cost 44.8821 + 1757.52 = 1802.4 over 188 frames.
M0000000131_0069 บิน ที่ หลัง 
LOG (lattice-best-path[5.5.0~1494-e5a5]:main():lattice-best-path.cc:99) For utterance M0000000131_0070, best cost 12.4765 + 1356.43 = 1368.9 over 140 frames.
M0000000131_0070 
LOG (lattice-best-path[5.5.0~1494-e5a5]:main():lattice-best-path.cc:99) For utterance M0000000131_0071, best cost 16.0065 + 1834.92 = 1850.93 over 181 frames.
M0000000131_0071 
LOG (lattice-best-path[5.5.0~1494-e5a5]:main():lattice-best-path.cc:99) For utterance M0000000131_0072, best cost 15.9701 + 1847.45 = 1863.42 over 185 frames.
M0000000131_0072 
LOG (lattice-best-path[5.5.0~1494-e5a5]:main():lattice-best-path.cc:99) For utterance M0000000131_0073, best cost 18.3393 + 1919.35 = 1937.69 over 198 frames.
M0000000131_0073 
LOG (lattice-best-path[5.5.0~1494-e5a5]:main():lattice-best-path.cc:99) For utterance M0000000131_0074, best cost 13.3638 + 1576.72 = 1590.08 over 162 frames.
M0000000131_0074 
LOG (lattice-best-path[5.5.0~1494-e5a5]:main():lattice-best-path.cc:99) For utterance M0000000131_0075, best cost 15.7859 + 2351.08 = 2366.87 over 235 frames.
M0000000131_0075 
LOG (lattice-best-path[5.5.0~1494-e5a5]:main():lattice-best-path.cc:99) For utterance M0000000131_0076, best cost 16.6166 + 1809.96 = 1826.58 over 177 frames.
M0000000131_0076 
LOG (lattice-best-path[5.5.0~1494-e5a5]:main():lattice-best-path.cc:99) For utterance M0000000131_0077, best cost 18.5544 + 2046.3 = 2064.86 over 208 frames.
M0000000131_0077 
LOG (lattice-best-path[5.5.0~1494-e5a5]:main():lattice-best-path.cc:99) For utterance M0000000131_0078, best cost 18.2909 + 1947.58 = 1965.87 over 193 frames.
M0000000131_0078 
LOG (lattice-best-path[5.5.0~1494-e5a5]:main():lattice-best-path.cc:99) For utterance M0000000131_0079, best cost 18.0024 + 1598.42 = 1616.42 over 166 frames.
M0000000131_0079 
LOG (lattice-best-path[5.5.0~1494-e5a5]:main():lattice-best-path.cc:99) For utterance M0000000131_0080, best cost 19.6505 + 2576.52 = 2596.17 over 278 frames.
M0000000131_0080 
LOG (lattice-best-path[5.5.0~1494-e5a5]:main():lattice-best-path.cc:99) For utterance M0000000131_0081, best cost 20.6735 + 2656.45 = 2677.12 over 267 frames.
M0000000131_0081 
LOG (lattice-add-penalty[5.5.0~1494-e5a5]:main():lattice-add-penalty.cc:62) Done adding word insertion penalty to 510 lattices.
LOG (lattice-best-path[5.5.0~1494-e5a5]:main():lattice-best-path.cc:99) For utterance M0000000131_0082, best cost 42.08 + 2505.51 = 2547.59 over 250 frames.
M0000000131_0082 เรือ รังสีเอ็กซ์ หนัก 
LOG (lattice-best-path[5.5.0~1494-e5a5]:main():lattice-best-path.cc:99) For utterance M0000000131_0083, best cost 13.4179 + 1695.27 = 1708.68 over 168 frames.
M0000000131_0083 
LOG (lattice-best-path[5.5.0~1494-e5a5]:main():lattice-best-path.cc:99) For utterance M0000000131_0084, best cost 16.858 + 1921.98 = 1938.83 over 200 frames.
M0000000131_0084 
LOG (lattice-best-path[5.5.0~1494-e5a5]:main():lattice-best-path.cc:99) For utterance M0000000131_0085, best cost 18.3178 + 2003.23 = 2021.54 over 203 frames.
M0000000131_0085 
LOG (lattice-best-path[5.5.0~1494-e5a5]:main():lattice-best-path.cc:99) For utterance M0000000131_0086, best cost 16.56 + 1697.35 = 1713.91 over 170 frames.
M0000000131_0086 
LOG (lattice-best-path[5.5.0~1494-e5a5]:main():lattice-best-path.cc:99) For utterance M0000000131_0087, best cost 42.4607 + 1599.88 = 1642.34 over 164 frames.
M0000000131_0087 เปลี่ยน อายุ 
LOG (lattice-best-path[5.5.0~1494-e5a5]:main():lattice-best-path.cc:99) For utterance M0000000131_0088, best cost 12.6731 + 2222.71 = 2235.38 over 230 frames.
M0000000131_0088 
LOG (lattice-best-path[5.5.0~1494-e5a5]:main():lattice-best-path.cc:99) For utterance M0000000131_0089, best cost 19.8995 + 1826.8 = 1846.7 over 183 frames.
M0000000131_0089 
LOG (lattice-best-path[5.5.0~1494-e5a5]:main():lattice-best-path.cc:99) For utterance M0000000131_0090, best cost 18.3339 + 1821.7 = 1840.04 over 191 frames.
M0000000131_0090 
LOG (lattice-best-path[5.5.0~1494-e5a5]:main():lattice-best-path.cc:99) For utterance M0000000131_0091, best cost 13.5698 + 1787.61 = 1801.18 over 176 frames.
M0000000131_0091 
LOG (lattice-best-path[5.5.0~1494-e5a5]:main():lattice-best-path.cc:99) For utterance M0000000131_0092, best cost 30.6309 + 1712.06 = 1742.69 over 184 frames.
M0000000131_0092 ต่างๆ เรา 
LOG (lattice-best-path[5.5.0~1494-e5a5]:main():lattice-best-path.cc:99) For utterance M0000000131_0093, best cost 13.8634 + 1473.81 = 1487.67 over 152 frames.
M0000000131_0093 
LOG (lattice-best-path[5.5.0~1494-e5a5]:main():lattice-best-path.cc:99) For utterance M0000000131_0094, best cost 18.3631 + 1539.52 = 1557.88 over 155 frames.
M0000000131_0094 
LOG (lattice-best-path[5.5.0~1494-e5a5]:main():lattice-best-path.cc:99) For utterance M0000000131_0095, best cost 17.6836 + 2139.06 = 2156.75 over 231 frames.
M0000000131_0095 
LOG (lattice-best-path[5.5.0~1494-e5a5]:main():lattice-best-path.cc:99) For utterance M0000000131_0096, best cost 14.4435 + 1946.95 = 1961.4 over 198 frames.
M0000000131_0096 
LOG (lattice-best-path[5.5.0~1494-e5a5]:main():lattice-best-path.cc:99) For utterance M0000000131_0097, best cost 16.5081 + 1739.3 = 1755.81 over 179 frames.
M0000000131_0097 
LOG (lattice-best-path[5.5.0~1494-e5a5]:main():lattice-best-path.cc:99) For utterance M0000000131_0098, best cost 16.9023 + 1859.56 = 1876.46 over 190 frames.
M0000000131_0098 
LOG (lattice-best-path[5.5.0~1494-e5a5]:main():lattice-best-path.cc:99) For utterance M0000000131_0099, best cost 16.3988 + 1472.57 = 1488.97 over 154 frames.
M0000000131_0099 
LOG (lattice-best-path[5.5.0~1494-e5a5]:main():lattice-best-path.cc:99) For utterance M0000000131_0100, best cost 14.8977 + 1602.75 = 1617.65 over 157 frames.
M0000000131_0100 
LOG (lattice-best-path[5.5.0~1494-e5a5]:main():lattice-best-path.cc:99) For utterance M0000000131_0101, best cost 31.049 + 2436.08 = 2467.13 over 242 frames.
M0000000131_0101 รัฐ หนึ่ง 
LOG (lattice-best-path[5.5.0~1494-e5a5]:main():lattice-best-path.cc:124) Overall cost per frame is 9.03296 = 0.17425 [graph] + 8.85871 [acoustic] over 120161 frames.
LOG (lattice-best-path[5.5.0~1494-e5a5]:main():lattice-best-path.cc:128) Done 510 lattices, failed for 0
# Accounting: time=0 threads=1
# Ended (code 0) at Sun May  2 17:11:31 UTC 2021, elapsed time 0 seconds
