# build-tree --verbose=1 --max-leaves=2000 --cluster-thresh=-1 exp/tri1/treeacc data/lang/phones/roots.int exp/tri1/questions.qst data/lang/topo exp/tri1/tree 
# Started at Mon Oct 12 02:53:23 UTC 2020
#
build-tree --verbose=1 --max-leaves=2000 --cluster-thresh=-1 exp/tri1/treeacc data/lang/phones/roots.int exp/tri1/questions.qst data/lang/topo exp/tri1/tree 
LOG (build-tree[5.5.0~1494-e5a5]:main():build-tree.cc:104) Number of separate statistics is 323
LOG (build-tree[5.5.0~1494-e5a5]:BuildTree():build-tree.cc:161) BuildTree: before building trees, map has 37 leaves.
LOG (build-tree[5.5.0~1494-e5a5]:SplitDecisionTree():build-tree-utils.cc:577) DoDecisionTreeSplit: split 16 times, #leaves now 53
LOG (build-tree[5.5.0~1494-e5a5]:BuildTree():build-tree.cc:187) Setting clustering threshold to smallest split 329.697
VLOG[1] (build-tree[5.5.0~1494-e5a5]:BuildTree():build-tree.cc:196) After decision tree split, num-leaves = 53, like-impr = 3.49084 per frame over 3439 frames.
VLOG[1] (build-tree[5.5.0~1494-e5a5]:BuildTree():build-tree.cc:200) Including just phones that were split, improvement is 3.49084 per frame over 3439 frames.
LOG (build-tree[5.5.0~1494-e5a5]:BuildTree():build-tree.cc:215) BuildTree: removed 2 leaves.
VLOG[1] (build-tree[5.5.0~1494-e5a5]:ClusterEventMapToNClustersRestrictedByMap():build-tree-utils.cc:914) Number of non-empty clusters in map = 37
VLOG[1] (build-tree[5.5.0~1494-e5a5]:ClusterEventMapToNClustersRestrictedByMap():build-tree-utils.cc:915) Number of non-empty clusters = 51
LOG (build-tree[5.5.0~1494-e5a5]:BuildTree():build-tree.cc:231) BuildTree: Rounded num leaves to multiple of 8 by removing 3 leaves.
VLOG[1] (build-tree[5.5.0~1494-e5a5]:BuildTree():build-tree.cc:256) Objf change due to clustering -0.44964 per frame.
VLOG[1] (build-tree[5.5.0~1494-e5a5]:BuildTree():build-tree.cc:259) Normalizing over only split phones, this is: -0.44964 per frame.
VLOG[1] (build-tree[5.5.0~1494-e5a5]:BuildTree():build-tree.cc:262) Num-leaves is now 48
VLOG[1] (build-tree[5.5.0~1494-e5a5]:main():build-tree.cc:143) For pdf-id 1, low count 39
VLOG[1] (build-tree[5.5.0~1494-e5a5]:main():build-tree.cc:143) For pdf-id 3, low count 21
VLOG[1] (build-tree[5.5.0~1494-e5a5]:main():build-tree.cc:143) For pdf-id 4, low count 15
VLOG[1] (build-tree[5.5.0~1494-e5a5]:main():build-tree.cc:143) For pdf-id 5, low count 34
VLOG[1] (build-tree[5.5.0~1494-e5a5]:main():build-tree.cc:143) For pdf-id 6, low count 24
VLOG[1] (build-tree[5.5.0~1494-e5a5]:main():build-tree.cc:143) For pdf-id 8, low count 87
VLOG[1] (build-tree[5.5.0~1494-e5a5]:main():build-tree.cc:143) For pdf-id 9, low count 23
VLOG[1] (build-tree[5.5.0~1494-e5a5]:main():build-tree.cc:143) For pdf-id 10, low count 47
VLOG[1] (build-tree[5.5.0~1494-e5a5]:main():build-tree.cc:143) For pdf-id 11, low count 21
VLOG[1] (build-tree[5.5.0~1494-e5a5]:main():build-tree.cc:143) For pdf-id 13, low count 20
VLOG[1] (build-tree[5.5.0~1494-e5a5]:main():build-tree.cc:143) For pdf-id 14, low count 23
VLOG[1] (build-tree[5.5.0~1494-e5a5]:main():build-tree.cc:143) For pdf-id 15, low count 82
VLOG[1] (build-tree[5.5.0~1494-e5a5]:main():build-tree.cc:143) For pdf-id 16, low count 46
VLOG[1] (build-tree[5.5.0~1494-e5a5]:main():build-tree.cc:143) For pdf-id 17, low count 21
VLOG[1] (build-tree[5.5.0~1494-e5a5]:main():build-tree.cc:143) For pdf-id 18, low count 18
VLOG[1] (build-tree[5.5.0~1494-e5a5]:main():build-tree.cc:143) For pdf-id 19, low count 21
VLOG[1] (build-tree[5.5.0~1494-e5a5]:main():build-tree.cc:143) For pdf-id 21, low count 55
VLOG[1] (build-tree[5.5.0~1494-e5a5]:main():build-tree.cc:143) For pdf-id 22, low count 23
VLOG[1] (build-tree[5.5.0~1494-e5a5]:main():build-tree.cc:143) For pdf-id 23, low count 47
VLOG[1] (build-tree[5.5.0~1494-e5a5]:main():build-tree.cc:143) For pdf-id 24, low count 42
VLOG[1] (build-tree[5.5.0~1494-e5a5]:main():build-tree.cc:143) For pdf-id 25, low count 34
VLOG[1] (build-tree[5.5.0~1494-e5a5]:main():build-tree.cc:143) For pdf-id 26, low count 33
VLOG[1] (build-tree[5.5.0~1494-e5a5]:main():build-tree.cc:143) For pdf-id 27, low count 67
VLOG[1] (build-tree[5.5.0~1494-e5a5]:main():build-tree.cc:143) For pdf-id 28, low count 18
VLOG[1] (build-tree[5.5.0~1494-e5a5]:main():build-tree.cc:143) For pdf-id 29, low count 36
VLOG[1] (build-tree[5.5.0~1494-e5a5]:main():build-tree.cc:143) For pdf-id 30, low count 64
VLOG[1] (build-tree[5.5.0~1494-e5a5]:main():build-tree.cc:143) For pdf-id 32, low count 36
VLOG[1] (build-tree[5.5.0~1494-e5a5]:main():build-tree.cc:143) For pdf-id 33, low count 49
VLOG[1] (build-tree[5.5.0~1494-e5a5]:main():build-tree.cc:143) For pdf-id 34, low count 14
VLOG[1] (build-tree[5.5.0~1494-e5a5]:main():build-tree.cc:143) For pdf-id 35, low count 43
VLOG[1] (build-tree[5.5.0~1494-e5a5]:main():build-tree.cc:143) For pdf-id 36, low count 23
VLOG[1] (build-tree[5.5.0~1494-e5a5]:main():build-tree.cc:143) For pdf-id 39, low count 23
VLOG[1] (build-tree[5.5.0~1494-e5a5]:main():build-tree.cc:143) For pdf-id 41, low count 55
VLOG[1] (build-tree[5.5.0~1494-e5a5]:main():build-tree.cc:143) For pdf-id 43, low count 78
VLOG[1] (build-tree[5.5.0~1494-e5a5]:main():build-tree.cc:143) For pdf-id 44, low count 48
VLOG[1] (build-tree[5.5.0~1494-e5a5]:main():build-tree.cc:143) For pdf-id 45, low count 54
VLOG[1] (build-tree[5.5.0~1494-e5a5]:main():build-tree.cc:143) For pdf-id 46, low count 76
VLOG[1] (build-tree[5.5.0~1494-e5a5]:main():build-tree.cc:143) For pdf-id 47, low count 69
WARNING (build-tree[5.5.0~1494-e5a5]:main():build-tree.cc:185) Saw no stats for following phones: 2 3 4 5 7 9 11 12 13 15 16 17 18 19 21 23 24 25 27 28 29 31 32 33 35 37 38 40 41 43 44 45 47 48 49 50 51 53 54 55 57 58 59 61 62 65 66 69 71 72 73 75 76 77 79 80 81 83 85 86 89 91 92 93 95 96 97 98 99 101 102 105 107 109 110 112 113 114 116 117 118 119 121 122 125 126 128 129 131 132 133 135 136 137 138 139 141 143 144 145 146 147 149 
LOG (build-tree[5.5.0~1494-e5a5]:main():build-tree.cc:189) Wrote tree
# Accounting: time=0 threads=1
# Ended (code 0) at Mon Oct 12 02:53:23 UTC 2020, elapsed time 0 seconds
