# gmm-init-model --write-occs=exp/tri1/1.occs exp/tri1/tree exp/tri1/treeacc data/lang/topo exp/tri1/1.mdl 
# Started at Mon Oct 12 02:53:23 UTC 2020
#
gmm-init-model --write-occs=exp/tri1/1.occs exp/tri1/tree exp/tri1/treeacc data/lang/topo exp/tri1/1.mdl 
LOG (gmm-init-model[5.5.0~1494-e5a5]:main():gmm-init-model.cc:271) Number of separate statistics is 323
WARNING (gmm-init-model[5.5.0~1494-e5a5]:InitAmGmm():gmm-init-model.cc:83) Very small count for state 1: 39; corresponding phone list: 6 7 8 9 
WARNING (gmm-init-model[5.5.0~1494-e5a5]:InitAmGmm():gmm-init-model.cc:83) Very small count for state 3: 21; corresponding phone list: 14 15 16 17 
WARNING (gmm-init-model[5.5.0~1494-e5a5]:InitAmGmm():gmm-init-model.cc:83) Very small count for state 4: 15; corresponding phone list: 18 19 20 21 
WARNING (gmm-init-model[5.5.0~1494-e5a5]:InitAmGmm():gmm-init-model.cc:83) Very small count for state 5: 34; corresponding phone list: 22 23 24 25 
WARNING (gmm-init-model[5.5.0~1494-e5a5]:InitAmGmm():gmm-init-model.cc:83) Very small count for state 6: 24; corresponding phone list: 26 27 28 29 
WARNING (gmm-init-model[5.5.0~1494-e5a5]:InitAmGmm():gmm-init-model.cc:83) Very small count for state 8: 87; corresponding phone list: 34 35 36 37 
WARNING (gmm-init-model[5.5.0~1494-e5a5]:InitAmGmm():gmm-init-model.cc:83) Very small count for state 9: 23; corresponding phone list: 38 39 40 41 
WARNING (gmm-init-model[5.5.0~1494-e5a5]:InitAmGmm():gmm-init-model.cc:83) Very small count for state 10: 47; corresponding phone list: 42 43 44 45 
WARNING (gmm-init-model[5.5.0~1494-e5a5]:InitAmGmm():gmm-init-model.cc:83) Very small count for state 11: 21; corresponding phone list: 46 47 48 49 
WARNING (gmm-init-model[5.5.0~1494-e5a5]:InitAmGmm():gmm-init-model.cc:83) Very small count for state 13: 20; corresponding phone list: 54 55 56 57 
WARNING (gmm-init-model[5.5.0~1494-e5a5]:InitAmGmm():gmm-init-model.cc:83) Very small count for state 14: 23; corresponding phone list: 58 59 60 61 
WARNING (gmm-init-model[5.5.0~1494-e5a5]:InitAmGmm():gmm-init-model.cc:83) Very small count for state 15: 82; corresponding phone list: 62 63 64 65 
WARNING (gmm-init-model[5.5.0~1494-e5a5]:InitAmGmm():gmm-init-model.cc:83) Very small count for state 16: 46; corresponding phone list: 66 67 68 69 
WARNING (gmm-init-model[5.5.0~1494-e5a5]:InitAmGmm():gmm-init-model.cc:83) Very small count for state 17: 21; corresponding phone list: 70 71 72 73 
WARNING (gmm-init-model[5.5.0~1494-e5a5]:InitAmGmm():gmm-init-model.cc:83) Very small count for state 18: 18; corresponding phone list: 74 75 76 77 
WARNING (gmm-init-model[5.5.0~1494-e5a5]:InitAmGmm():gmm-init-model.cc:83) Very small count for state 19: 21; corresponding phone list: 78 79 80 81 
WARNING (gmm-init-model[5.5.0~1494-e5a5]:InitAmGmm():gmm-init-model.cc:83) Very small count for state 21: 55; corresponding phone list: 86 87 88 89 
WARNING (gmm-init-model[5.5.0~1494-e5a5]:InitAmGmm():gmm-init-model.cc:83) Very small count for state 22: 23; corresponding phone list: 90 91 92 93 
WARNING (gmm-init-model[5.5.0~1494-e5a5]:InitAmGmm():gmm-init-model.cc:83) Very small count for state 23: 47; corresponding phone list: 94 95 96 97 
WARNING (gmm-init-model[5.5.0~1494-e5a5]:InitAmGmm():gmm-init-model.cc:83) Very small count for state 24: 42; corresponding phone list: 98 99 100 101 
WARNING (gmm-init-model[5.5.0~1494-e5a5]:InitAmGmm():gmm-init-model.cc:83) Very small count for state 25: 34; corresponding phone list: 102 103 104 105 
WARNING (gmm-init-model[5.5.0~1494-e5a5]:InitAmGmm():gmm-init-model.cc:83) Very small count for state 26: 33; corresponding phone list: 106 107 108 109 
WARNING (gmm-init-model[5.5.0~1494-e5a5]:InitAmGmm():gmm-init-model.cc:83) Very small count for state 27: 67; corresponding phone list: 110 111 112 113 
WARNING (gmm-init-model[5.5.0~1494-e5a5]:InitAmGmm():gmm-init-model.cc:83) Very small count for state 28: 18; corresponding phone list: 114 115 116 117 
WARNING (gmm-init-model[5.5.0~1494-e5a5]:InitAmGmm():gmm-init-model.cc:83) Very small count for state 29: 36; corresponding phone list: 118 119 120 121 
WARNING (gmm-init-model[5.5.0~1494-e5a5]:InitAmGmm():gmm-init-model.cc:83) Very small count for state 30: 64; corresponding phone list: 122 123 124 125 
WARNING (gmm-init-model[5.5.0~1494-e5a5]:InitAmGmm():gmm-init-model.cc:83) Very small count for state 32: 36; corresponding phone list: 130 131 132 133 
WARNING (gmm-init-model[5.5.0~1494-e5a5]:InitAmGmm():gmm-init-model.cc:83) Very small count for state 33: 49; corresponding phone list: 134 135 136 137 
WARNING (gmm-init-model[5.5.0~1494-e5a5]:InitAmGmm():gmm-init-model.cc:83) Very small count for state 34: 14; corresponding phone list: 138 139 140 141 
WARNING (gmm-init-model[5.5.0~1494-e5a5]:InitAmGmm():gmm-init-model.cc:83) Very small count for state 35: 43; corresponding phone list: 142 143 144 145 
WARNING (gmm-init-model[5.5.0~1494-e5a5]:InitAmGmm():gmm-init-model.cc:83) Very small count for state 36: 23; corresponding phone list: 146 147 148 149 
WARNING (gmm-init-model[5.5.0~1494-e5a5]:InitAmGmm():gmm-init-model.cc:83) Very small count for state 39: 23; corresponding phone list: 34 35 36 37 
WARNING (gmm-init-model[5.5.0~1494-e5a5]:InitAmGmm():gmm-init-model.cc:83) Very small count for state 41: 55; corresponding phone list: 138 139 140 141 
WARNING (gmm-init-model[5.5.0~1494-e5a5]:InitAmGmm():gmm-init-model.cc:83) Very small count for state 43: 78; corresponding phone list: 122 123 124 125 
WARNING (gmm-init-model[5.5.0~1494-e5a5]:InitAmGmm():gmm-init-model.cc:83) Very small count for state 44: 48; corresponding phone list: 6 7 8 9 
WARNING (gmm-init-model[5.5.0~1494-e5a5]:InitAmGmm():gmm-init-model.cc:83) Very small count for state 45: 54; corresponding phone list: 138 139 140 141 
WARNING (gmm-init-model[5.5.0~1494-e5a5]:InitAmGmm():gmm-init-model.cc:83) Very small count for state 46: 76; corresponding phone list: 66 67 68 69 
WARNING (gmm-init-model[5.5.0~1494-e5a5]:InitAmGmm():gmm-init-model.cc:83) Very small count for state 47: 69; corresponding phone list: 86 87 88 89 
LOG (gmm-init-model[5.5.0~1494-e5a5]:main():gmm-init-model.cc:306) Wrote model.
# Accounting: time=0 threads=1
# Ended (code 0) at Mon Oct 12 02:53:23 UTC 2020, elapsed time 0 seconds
