# align-equal-compiled "ark:gunzip -c exp/mono/fsts.4.gz|" "ark,s,cs:apply-cmvn  --utt2spk=ark:data/train.1k/split4/4/utt2spk scp:data/train.1k/split4/4/cmvn.scp scp:data/train.1k/split4/4/feats.scp ark:- | add-deltas  ark:- ark:- |" ark,t:- | gmm-acc-stats-ali --binary=true exp/mono/0.mdl "ark,s,cs:apply-cmvn  --utt2spk=ark:data/train.1k/split4/4/utt2spk scp:data/train.1k/split4/4/cmvn.scp scp:data/train.1k/split4/4/feats.scp ark:- | add-deltas  ark:- ark:- |" ark:- exp/mono/0.4.acc 
# Started at Mon May 17 08:32:41 UTC 2021
#
gmm-acc-stats-ali --binary=true exp/mono/0.mdl 'ark,s,cs:apply-cmvn  --utt2spk=ark:data/train.1k/split4/4/utt2spk scp:data/train.1k/split4/4/cmvn.scp scp:data/train.1k/split4/4/feats.scp ark:- | add-deltas  ark:- ark:- |' ark:- exp/mono/0.4.acc 
align-equal-compiled 'ark:gunzip -c exp/mono/fsts.4.gz|' 'ark,s,cs:apply-cmvn  --utt2spk=ark:data/train.1k/split4/4/utt2spk scp:data/train.1k/split4/4/cmvn.scp scp:data/train.1k/split4/4/feats.scp ark:- | add-deltas  ark:- ark:- |' ark,t:- 
apply-cmvn --utt2spk=ark:data/train.1k/split4/4/utt2spk scp:data/train.1k/split4/4/cmvn.scp scp:data/train.1k/split4/4/feats.scp ark:- 
add-deltas ark:- ark:- 
apply-cmvn --utt2spk=ark:data/train.1k/split4/4/utt2spk scp:data/train.1k/split4/4/cmvn.scp scp:data/train.1k/split4/4/feats.scp ark:- 
add-deltas ark:- ark:- 
LOG (gmm-acc-stats-ali[5.5.0~1494-e5a5]:main():gmm-acc-stats-ali.cc:105) Processed 50 utterances; for utterance M0000000125_0070 avg. like is -89.0253 over 255 frames.
LOG (gmm-acc-stats-ali[5.5.0~1494-e5a5]:main():gmm-acc-stats-ali.cc:105) Processed 100 utterances; for utterance M0000000134_0043 avg. like is -85.1393 over 255 frames.
LOG (gmm-acc-stats-ali[5.5.0~1494-e5a5]:main():gmm-acc-stats-ali.cc:105) Processed 150 utterances; for utterance UCF005_Pa005_014 avg. like is -97.6701 over 378 frames.
LOG (gmm-acc-stats-ali[5.5.0~1494-e5a5]:main():gmm-acc-stats-ali.cc:105) Processed 200 utterances; for utterance UOF004_Pa004_012 avg. like is -92.4014 over 310 frames.
LOG (apply-cmvn[5.5.0~1494-e5a5]:main():apply-cmvn.cc:162) Applied cepstral mean normalization to 249 utterances, errors on 0
LOG (align-equal-compiled[5.5.0~1494-e5a5]:main():align-equal-compiled.cc:107) Success: done 249 utterances.
LOG (apply-cmvn[5.5.0~1494-e5a5]:main():apply-cmvn.cc:162) Applied cepstral mean normalization to 249 utterances, errors on 0
LOG (gmm-acc-stats-ali[5.5.0~1494-e5a5]:main():gmm-acc-stats-ali.cc:112) Done 249 files, 0 with errors.
LOG (gmm-acc-stats-ali[5.5.0~1494-e5a5]:main():gmm-acc-stats-ali.cc:115) Overall avg like per frame (Gaussian only) = -92.1933 over 106172 frames.
LOG (gmm-acc-stats-ali[5.5.0~1494-e5a5]:main():gmm-acc-stats-ali.cc:123) Written accs.
# Accounting: time=0 threads=1
# Ended (code 0) at Mon May 17 08:32:41 UTC 2021, elapsed time 0 seconds
