# gmm-align-compiled --transition-scale=1.0 --acoustic-scale=0.1 --self-loop-scale=0.1 --beam=10 --retry-beam=40 --careful=false "gmm-boost-silence --boost=1.25 1 exp/mono/16.mdl - |" "ark:gunzip -c exp/mono/fsts.4.gz|" "ark,s,cs:apply-cmvn  --utt2spk=ark:data/train.1k/split4/4/utt2spk scp:data/train.1k/split4/4/cmvn.scp scp:data/train.1k/split4/4/feats.scp ark:- | add-deltas  ark:- ark:- |" "ark,t:|gzip -c >exp/mono/ali.4.gz" 
# Started at Mon May 17 08:33:47 UTC 2021
#
gmm-align-compiled --transition-scale=1.0 --acoustic-scale=0.1 --self-loop-scale=0.1 --beam=10 --retry-beam=40 --careful=false 'gmm-boost-silence --boost=1.25 1 exp/mono/16.mdl - |' 'ark:gunzip -c exp/mono/fsts.4.gz|' 'ark,s,cs:apply-cmvn  --utt2spk=ark:data/train.1k/split4/4/utt2spk scp:data/train.1k/split4/4/cmvn.scp scp:data/train.1k/split4/4/feats.scp ark:- | add-deltas  ark:- ark:- |' 'ark,t:|gzip -c >exp/mono/ali.4.gz' 
gmm-boost-silence --boost=1.25 1 exp/mono/16.mdl - 
WARNING (gmm-boost-silence[5.5.0~1494-e5a5]:main():gmm-boost-silence.cc:82) The pdfs for the silence phones may be shared by other phones (note: this probably does not matter.)
LOG (gmm-boost-silence[5.5.0~1494-e5a5]:main():gmm-boost-silence.cc:93) Boosted weights for 5 pdfs, by factor of 1.25
LOG (gmm-boost-silence[5.5.0~1494-e5a5]:main():gmm-boost-silence.cc:103) Wrote model to -
add-deltas ark:- ark:- 
apply-cmvn --utt2spk=ark:data/train.1k/split4/4/utt2spk scp:data/train.1k/split4/4/cmvn.scp scp:data/train.1k/split4/4/feats.scp ark:- 
LOG (gmm-align-compiled[5.5.0~1494-e5a5]:main():gmm-align-compiled.cc:127) M0000000111_0011
LOG (gmm-align-compiled[5.5.0~1494-e5a5]:main():gmm-align-compiled.cc:127) M0000000111_0027
LOG (gmm-align-compiled[5.5.0~1494-e5a5]:main():gmm-align-compiled.cc:127) M0000000111_0042
LOG (gmm-align-compiled[5.5.0~1494-e5a5]:main():gmm-align-compiled.cc:127) M0000000111_0058
LOG (gmm-align-compiled[5.5.0~1494-e5a5]:main():gmm-align-compiled.cc:127) M0000000111_0073
LOG (gmm-align-compiled[5.5.0~1494-e5a5]:main():gmm-align-compiled.cc:127) M0000000111_0089
LOG (gmm-align-compiled[5.5.0~1494-e5a5]:main():gmm-align-compiled.cc:127) M0000000114_0002
LOG (gmm-align-compiled[5.5.0~1494-e5a5]:main():gmm-align-compiled.cc:127) M0000000114_0017
LOG (gmm-align-compiled[5.5.0~1494-e5a5]:main():gmm-align-compiled.cc:127) M0000000114_0032
LOG (gmm-align-compiled[5.5.0~1494-e5a5]:main():gmm-align-compiled.cc:127) M0000000114_0048
LOG (gmm-align-compiled[5.5.0~1494-e5a5]:main():gmm-align-compiled.cc:127) M0000000114_0063
LOG (gmm-align-compiled[5.5.0~1494-e5a5]:main():gmm-align-compiled.cc:127) M0000000114_0079
LOG (gmm-align-compiled[5.5.0~1494-e5a5]:main():gmm-align-compiled.cc:127) M0000000114_0094
LOG (gmm-align-compiled[5.5.0~1494-e5a5]:main():gmm-align-compiled.cc:127) M0000000116_0009
LOG (gmm-align-compiled[5.5.0~1494-e5a5]:main():gmm-align-compiled.cc:127) M0000000116_0024
WARNING (gmm-align-compiled[5.5.0~1494-e5a5]:AlignUtteranceWrapper():decoder-wrappers.cc:618) Retrying utterance M0000000116_0024 with beam 40
LOG (gmm-align-compiled[5.5.0~1494-e5a5]:main():gmm-align-compiled.cc:127) M0000000116_0039
LOG (gmm-align-compiled[5.5.0~1494-e5a5]:main():gmm-align-compiled.cc:127) M0000000116_0054
LOG (gmm-align-compiled[5.5.0~1494-e5a5]:main():gmm-align-compiled.cc:127) M0000000116_0070
LOG (gmm-align-compiled[5.5.0~1494-e5a5]:main():gmm-align-compiled.cc:127) M0000000116_0085
LOG (gmm-align-compiled[5.5.0~1494-e5a5]:main():gmm-align-compiled.cc:127) M0000000116_0101
LOG (gmm-align-compiled[5.5.0~1494-e5a5]:main():gmm-align-compiled.cc:127) M0000000117_0014
LOG (gmm-align-compiled[5.5.0~1494-e5a5]:main():gmm-align-compiled.cc:127) M0000000117_0030
LOG (gmm-align-compiled[5.5.0~1494-e5a5]:main():gmm-align-compiled.cc:127) M0000000117_0046
LOG (gmm-align-compiled[5.5.0~1494-e5a5]:main():gmm-align-compiled.cc:127) M0000000117_0061
LOG (gmm-align-compiled[5.5.0~1494-e5a5]:main():gmm-align-compiled.cc:127) M0000000117_0076
LOG (gmm-align-compiled[5.5.0~1494-e5a5]:main():gmm-align-compiled.cc:127) M0000000117_0092
LOG (gmm-align-compiled[5.5.0~1494-e5a5]:main():gmm-align-compiled.cc:127) M0000000121_0005
LOG (gmm-align-compiled[5.5.0~1494-e5a5]:main():gmm-align-compiled.cc:127) M0000000121_0023
LOG (gmm-align-compiled[5.5.0~1494-e5a5]:main():gmm-align-compiled.cc:127) M0000000121_0038
LOG (gmm-align-compiled[5.5.0~1494-e5a5]:main():gmm-align-compiled.cc:127) M0000000121_0054
LOG (gmm-align-compiled[5.5.0~1494-e5a5]:main():gmm-align-compiled.cc:127) M0000000121_0084
LOG (gmm-align-compiled[5.5.0~1494-e5a5]:main():gmm-align-compiled.cc:127) M0000000121_0099
LOG (gmm-align-compiled[5.5.0~1494-e5a5]:main():gmm-align-compiled.cc:127) M0000000122_0013
LOG (gmm-align-compiled[5.5.0~1494-e5a5]:main():gmm-align-compiled.cc:127) M0000000122_0028
LOG (gmm-align-compiled[5.5.0~1494-e5a5]:main():gmm-align-compiled.cc:127) M0000000122_0045
LOG (gmm-align-compiled[5.5.0~1494-e5a5]:main():gmm-align-compiled.cc:127) M0000000122_0060
LOG (gmm-align-compiled[5.5.0~1494-e5a5]:main():gmm-align-compiled.cc:127) M0000000122_0076
LOG (gmm-align-compiled[5.5.0~1494-e5a5]:main():gmm-align-compiled.cc:127) M0000000122_0091
LOG (gmm-align-compiled[5.5.0~1494-e5a5]:main():gmm-align-compiled.cc:127) M0000000123_0002
LOG (gmm-align-compiled[5.5.0~1494-e5a5]:main():gmm-align-compiled.cc:127) M0000000123_0017
LOG (gmm-align-compiled[5.5.0~1494-e5a5]:main():gmm-align-compiled.cc:127) M0000000123_0034
LOG (gmm-align-compiled[5.5.0~1494-e5a5]:main():gmm-align-compiled.cc:127) M0000000123_0049
LOG (gmm-align-compiled[5.5.0~1494-e5a5]:main():gmm-align-compiled.cc:127) M0000000123_0065
LOG (gmm-align-compiled[5.5.0~1494-e5a5]:main():gmm-align-compiled.cc:127) M0000000123_0080
LOG (gmm-align-compiled[5.5.0~1494-e5a5]:main():gmm-align-compiled.cc:127) M0000000123_0096
LOG (gmm-align-compiled[5.5.0~1494-e5a5]:main():gmm-align-compiled.cc:127) M0000000125_0009
LOG (gmm-align-compiled[5.5.0~1494-e5a5]:main():gmm-align-compiled.cc:127) M0000000125_0024
LOG (gmm-align-compiled[5.5.0~1494-e5a5]:main():gmm-align-compiled.cc:127) M0000000125_0039
LOG (gmm-align-compiled[5.5.0~1494-e5a5]:main():gmm-align-compiled.cc:127) M0000000125_0055
LOG (gmm-align-compiled[5.5.0~1494-e5a5]:main():gmm-align-compiled.cc:127) M0000000125_0070
LOG (gmm-align-compiled[5.5.0~1494-e5a5]:main():gmm-align-compiled.cc:127) M0000000125_0086
LOG (gmm-align-compiled[5.5.0~1494-e5a5]:main():gmm-align-compiled.cc:127) M0000000125_0101
LOG (gmm-align-compiled[5.5.0~1494-e5a5]:main():gmm-align-compiled.cc:127) M0000000126_0015
LOG (gmm-align-compiled[5.5.0~1494-e5a5]:main():gmm-align-compiled.cc:127) M0000000126_0030
LOG (gmm-align-compiled[5.5.0~1494-e5a5]:main():gmm-align-compiled.cc:127) M0000000126_0046
LOG (gmm-align-compiled[5.5.0~1494-e5a5]:main():gmm-align-compiled.cc:127) M0000000126_0061
LOG (gmm-align-compiled[5.5.0~1494-e5a5]:main():gmm-align-compiled.cc:127) M0000000126_0077
LOG (gmm-align-compiled[5.5.0~1494-e5a5]:main():gmm-align-compiled.cc:127) M0000000126_0092
LOG (gmm-align-compiled[5.5.0~1494-e5a5]:main():gmm-align-compiled.cc:127) M0000000127_0004
LOG (gmm-align-compiled[5.5.0~1494-e5a5]:main():gmm-align-compiled.cc:127) M0000000127_0019
LOG (gmm-align-compiled[5.5.0~1494-e5a5]:main():gmm-align-compiled.cc:127) M0000000127_0035
LOG (gmm-align-compiled[5.5.0~1494-e5a5]:main():gmm-align-compiled.cc:127) M0000000127_0065
LOG (gmm-align-compiled[5.5.0~1494-e5a5]:main():gmm-align-compiled.cc:127) M0000000127_0080
LOG (gmm-align-compiled[5.5.0~1494-e5a5]:main():gmm-align-compiled.cc:127) M0000000127_0096
LOG (gmm-align-compiled[5.5.0~1494-e5a5]:main():gmm-align-compiled.cc:127) M0000000128_0010
LOG (gmm-align-compiled[5.5.0~1494-e5a5]:main():gmm-align-compiled.cc:127) M0000000128_0026
LOG (gmm-align-compiled[5.5.0~1494-e5a5]:main():gmm-align-compiled.cc:127) M0000000128_0041
LOG (gmm-align-compiled[5.5.0~1494-e5a5]:main():gmm-align-compiled.cc:127) M0000000128_0057
LOG (gmm-align-compiled[5.5.0~1494-e5a5]:main():gmm-align-compiled.cc:127) M0000000128_0072
LOG (gmm-align-compiled[5.5.0~1494-e5a5]:main():gmm-align-compiled.cc:127) M0000000128_0087
LOG (gmm-align-compiled[5.5.0~1494-e5a5]:main():gmm-align-compiled.cc:127) M0000000129_0000
LOG (gmm-align-compiled[5.5.0~1494-e5a5]:main():gmm-align-compiled.cc:127) M0000000129_0016
LOG (gmm-align-compiled[5.5.0~1494-e5a5]:main():gmm-align-compiled.cc:127) M0000000129_0031
LOG (gmm-align-compiled[5.5.0~1494-e5a5]:main():gmm-align-compiled.cc:127) M0000000129_0048
LOG (gmm-align-compiled[5.5.0~1494-e5a5]:main():gmm-align-compiled.cc:127) M0000000129_0063
LOG (gmm-align-compiled[5.5.0~1494-e5a5]:main():gmm-align-compiled.cc:127) M0000000129_0079
LOG (gmm-align-compiled[5.5.0~1494-e5a5]:main():gmm-align-compiled.cc:127) M0000000129_0094
LOG (gmm-align-compiled[5.5.0~1494-e5a5]:main():gmm-align-compiled.cc:127) M0000000130_0007
LOG (gmm-align-compiled[5.5.0~1494-e5a5]:main():gmm-align-compiled.cc:127) M0000000130_0022
LOG (gmm-align-compiled[5.5.0~1494-e5a5]:main():gmm-align-compiled.cc:127) M0000000130_0039
LOG (gmm-align-compiled[5.5.0~1494-e5a5]:main():gmm-align-compiled.cc:127) M0000000130_0054
LOG (gmm-align-compiled[5.5.0~1494-e5a5]:main():gmm-align-compiled.cc:127) M0000000130_0070
LOG (gmm-align-compiled[5.5.0~1494-e5a5]:main():gmm-align-compiled.cc:127) M0000000130_0086
LOG (gmm-align-compiled[5.5.0~1494-e5a5]:main():gmm-align-compiled.cc:127) M0000000132_0000
LOG (gmm-align-compiled[5.5.0~1494-e5a5]:main():gmm-align-compiled.cc:127) M0000000132_0015
LOG (gmm-align-compiled[5.5.0~1494-e5a5]:main():gmm-align-compiled.cc:127) M0000000132_0031
LOG (gmm-align-compiled[5.5.0~1494-e5a5]:main():gmm-align-compiled.cc:127) M0000000132_0046
LOG (gmm-align-compiled[5.5.0~1494-e5a5]:main():gmm-align-compiled.cc:127) M0000000132_0062
LOG (gmm-align-compiled[5.5.0~1494-e5a5]:main():gmm-align-compiled.cc:127) M0000000132_0077
LOG (gmm-align-compiled[5.5.0~1494-e5a5]:main():gmm-align-compiled.cc:127) M0000000132_0093
LOG (gmm-align-compiled[5.5.0~1494-e5a5]:main():gmm-align-compiled.cc:127) M0000000133_0006
LOG (gmm-align-compiled[5.5.0~1494-e5a5]:main():gmm-align-compiled.cc:127) M0000000133_0022
LOG (gmm-align-compiled[5.5.0~1494-e5a5]:main():gmm-align-compiled.cc:127) M0000000133_0037
LOG (gmm-align-compiled[5.5.0~1494-e5a5]:main():gmm-align-compiled.cc:127) M0000000133_0052
LOG (gmm-align-compiled[5.5.0~1494-e5a5]:main():gmm-align-compiled.cc:127) M0000000133_0067
LOG (gmm-align-compiled[5.5.0~1494-e5a5]:main():gmm-align-compiled.cc:127) M0000000133_0083
LOG (gmm-align-compiled[5.5.0~1494-e5a5]:main():gmm-align-compiled.cc:127) M0000000133_0098
LOG (gmm-align-compiled[5.5.0~1494-e5a5]:main():gmm-align-compiled.cc:127) M0000000134_0012
LOG (gmm-align-compiled[5.5.0~1494-e5a5]:main():gmm-align-compiled.cc:127) M0000000134_0027
LOG (gmm-align-compiled[5.5.0~1494-e5a5]:main():gmm-align-compiled.cc:127) M0000000134_0043
LOG (gmm-align-compiled[5.5.0~1494-e5a5]:main():gmm-align-compiled.cc:127) M0000000134_0058
LOG (gmm-align-compiled[5.5.0~1494-e5a5]:main():gmm-align-compiled.cc:127) M0000000134_0073
LOG (gmm-align-compiled[5.5.0~1494-e5a5]:main():gmm-align-compiled.cc:127) M0000000134_0088
LOG (gmm-align-compiled[5.5.0~1494-e5a5]:main():gmm-align-compiled.cc:127) M0000000135_0002
LOG (gmm-align-compiled[5.5.0~1494-e5a5]:main():gmm-align-compiled.cc:127) M0000000135_0017
LOG (gmm-align-compiled[5.5.0~1494-e5a5]:main():gmm-align-compiled.cc:127) M0000000135_0033
LOG (gmm-align-compiled[5.5.0~1494-e5a5]:main():gmm-align-compiled.cc:127) M0000000135_0048
LOG (gmm-align-compiled[5.5.0~1494-e5a5]:main():gmm-align-compiled.cc:127) M0000000135_0064
LOG (gmm-align-compiled[5.5.0~1494-e5a5]:main():gmm-align-compiled.cc:127) M0000000135_0079
LOG (gmm-align-compiled[5.5.0~1494-e5a5]:main():gmm-align-compiled.cc:127) M0000000135_0094
LOG (gmm-align-compiled[5.5.0~1494-e5a5]:main():gmm-align-compiled.cc:127) M0000000136_0007
LOG (gmm-align-compiled[5.5.0~1494-e5a5]:main():gmm-align-compiled.cc:127) M0000000136_0023
LOG (gmm-align-compiled[5.5.0~1494-e5a5]:main():gmm-align-compiled.cc:127) M0000000136_0039
LOG (gmm-align-compiled[5.5.0~1494-e5a5]:main():gmm-align-compiled.cc:127) M0000000136_0055
LOG (gmm-align-compiled[5.5.0~1494-e5a5]:main():gmm-align-compiled.cc:127) M0000000136_0070
LOG (gmm-align-compiled[5.5.0~1494-e5a5]:main():gmm-align-compiled.cc:127) M0000000136_0086
LOG (gmm-align-compiled[5.5.0~1494-e5a5]:main():gmm-align-compiled.cc:127) M0000000136_0101
LOG (gmm-align-compiled[5.5.0~1494-e5a5]:main():gmm-align-compiled.cc:127) M0000000137_0015
LOG (gmm-align-compiled[5.5.0~1494-e5a5]:main():gmm-align-compiled.cc:127) M0000000137_0030
LOG (gmm-align-compiled[5.5.0~1494-e5a5]:main():gmm-align-compiled.cc:127) M0000000137_0046
LOG (gmm-align-compiled[5.5.0~1494-e5a5]:main():gmm-align-compiled.cc:127) M0000000137_0061
LOG (gmm-align-compiled[5.5.0~1494-e5a5]:main():gmm-align-compiled.cc:127) M0000000137_0077
LOG (gmm-align-compiled[5.5.0~1494-e5a5]:main():gmm-align-compiled.cc:127) M0000000137_0092
LOG (gmm-align-compiled[5.5.0~1494-e5a5]:main():gmm-align-compiled.cc:127) M0000000138_0007
LOG (gmm-align-compiled[5.5.0~1494-e5a5]:main():gmm-align-compiled.cc:127) M0000000138_0039
WARNING (gmm-align-compiled[5.5.0~1494-e5a5]:AlignUtteranceWrapper():decoder-wrappers.cc:618) Retrying utterance M0000000138_0039 with beam 40
LOG (gmm-align-compiled[5.5.0~1494-e5a5]:main():gmm-align-compiled.cc:127) M0000000138_0054
LOG (gmm-align-compiled[5.5.0~1494-e5a5]:main():gmm-align-compiled.cc:127) M0000000138_0070
LOG (gmm-align-compiled[5.5.0~1494-e5a5]:main():gmm-align-compiled.cc:127) M0000000138_0085
LOG (gmm-align-compiled[5.5.0~1494-e5a5]:main():gmm-align-compiled.cc:127) M0000000138_0101
LOG (gmm-align-compiled[5.5.0~1494-e5a5]:main():gmm-align-compiled.cc:127) M0000000139_0014
LOG (gmm-align-compiled[5.5.0~1494-e5a5]:main():gmm-align-compiled.cc:127) M0000000139_0030
LOG (gmm-align-compiled[5.5.0~1494-e5a5]:main():gmm-align-compiled.cc:127) M0000000139_0045
LOG (gmm-align-compiled[5.5.0~1494-e5a5]:main():gmm-align-compiled.cc:127) M0000000139_0060
LOG (gmm-align-compiled[5.5.0~1494-e5a5]:main():gmm-align-compiled.cc:127) M0000000139_0075
LOG (gmm-align-compiled[5.5.0~1494-e5a5]:main():gmm-align-compiled.cc:127) M0000000139_0091
LOG (gmm-align-compiled[5.5.0~1494-e5a5]:main():gmm-align-compiled.cc:127) M0000000141_0004
LOG (gmm-align-compiled[5.5.0~1494-e5a5]:main():gmm-align-compiled.cc:127) M0000000141_0020
LOG (gmm-align-compiled[5.5.0~1494-e5a5]:main():gmm-align-compiled.cc:127) M0000000141_0035
LOG (gmm-align-compiled[5.5.0~1494-e5a5]:main():gmm-align-compiled.cc:127) M0000000141_0051
LOG (gmm-align-compiled[5.5.0~1494-e5a5]:main():gmm-align-compiled.cc:127) M0000000141_0067
LOG (gmm-align-compiled[5.5.0~1494-e5a5]:main():gmm-align-compiled.cc:127) M0000000141_0082
LOG (gmm-align-compiled[5.5.0~1494-e5a5]:main():gmm-align-compiled.cc:127) M0000000141_0097
LOG (gmm-align-compiled[5.5.0~1494-e5a5]:main():gmm-align-compiled.cc:127) UCF001_Pa001_012
LOG (gmm-align-compiled[5.5.0~1494-e5a5]:main():gmm-align-compiled.cc:127) UCF001_Pa001_027
LOG (gmm-align-compiled[5.5.0~1494-e5a5]:main():gmm-align-compiled.cc:127) UCF002_Pa002_008
LOG (gmm-align-compiled[5.5.0~1494-e5a5]:main():gmm-align-compiled.cc:127) UCF002_Pa002_023
LOG (gmm-align-compiled[5.5.0~1494-e5a5]:main():gmm-align-compiled.cc:127) UCF004_Pa004_004
LOG (gmm-align-compiled[5.5.0~1494-e5a5]:main():gmm-align-compiled.cc:127) UCF004_Pa004_019
LOG (gmm-align-compiled[5.5.0~1494-e5a5]:main():gmm-align-compiled.cc:127) UCF004_Pa004_034
LOG (gmm-align-compiled[5.5.0~1494-e5a5]:main():gmm-align-compiled.cc:127) UCF005_Pa005_014
LOG (gmm-align-compiled[5.5.0~1494-e5a5]:main():gmm-align-compiled.cc:127) UCF005_Pa005_030
LOG (gmm-align-compiled[5.5.0~1494-e5a5]:main():gmm-align-compiled.cc:127) UCF007_Pa007_010
LOG (gmm-align-compiled[5.5.0~1494-e5a5]:main():gmm-align-compiled.cc:127) UCF007_Pa007_026
LOG (gmm-align-compiled[5.5.0~1494-e5a5]:main():gmm-align-compiled.cc:127) UCF008_Pa008_006
LOG (gmm-align-compiled[5.5.0~1494-e5a5]:main():gmm-align-compiled.cc:127) UCF008_Pa008_022
LOG (gmm-align-compiled[5.5.0~1494-e5a5]:main():gmm-align-compiled.cc:127) UCF009_Pa009_017
LOG (gmm-align-compiled[5.5.0~1494-e5a5]:main():gmm-align-compiled.cc:127) UCF009_Pa009_032
LOG (gmm-align-compiled[5.5.0~1494-e5a5]:main():gmm-align-compiled.cc:127) UCF011_Pa011_013
LOG (gmm-align-compiled[5.5.0~1494-e5a5]:main():gmm-align-compiled.cc:127) UCF011_Pa011_028
LOG (gmm-align-compiled[5.5.0~1494-e5a5]:main():gmm-align-compiled.cc:127) UCF014_Pa014_009
LOG (gmm-align-compiled[5.5.0~1494-e5a5]:main():gmm-align-compiled.cc:127) UCF014_Pa014_024
LOG (gmm-align-compiled[5.5.0~1494-e5a5]:main():gmm-align-compiled.cc:127) UCF017_Pa017_005
LOG (gmm-align-compiled[5.5.0~1494-e5a5]:main():gmm-align-compiled.cc:127) UCF017_Pa017_020
LOG (gmm-align-compiled[5.5.0~1494-e5a5]:main():gmm-align-compiled.cc:127) UCF017_Pa017_035
LOG (gmm-align-compiled[5.5.0~1494-e5a5]:main():gmm-align-compiled.cc:127) UCF020_Pa020_015
LOG (gmm-align-compiled[5.5.0~1494-e5a5]:main():gmm-align-compiled.cc:127) UCF020_Pa020_031
LOG (gmm-align-compiled[5.5.0~1494-e5a5]:main():gmm-align-compiled.cc:127) UCF024_Pa024_011
LOG (gmm-align-compiled[5.5.0~1494-e5a5]:main():gmm-align-compiled.cc:127) UCF024_Pa024_027
LOG (gmm-align-compiled[5.5.0~1494-e5a5]:main():gmm-align-compiled.cc:127) UCM025_Pa025_007
LOG (gmm-align-compiled[5.5.0~1494-e5a5]:main():gmm-align-compiled.cc:127) UCM025_Pa025_023
LOG (gmm-align-compiled[5.5.0~1494-e5a5]:main():gmm-align-compiled.cc:127) UCM027_Pa027_003
LOG (gmm-align-compiled[5.5.0~1494-e5a5]:main():gmm-align-compiled.cc:127) UCM027_Pa027_018
LOG (gmm-align-compiled[5.5.0~1494-e5a5]:main():gmm-align-compiled.cc:127) UCM027_Pa027_033
LOG (gmm-align-compiled[5.5.0~1494-e5a5]:main():gmm-align-compiled.cc:127) UCM030_Pa030_014
LOG (gmm-align-compiled[5.5.0~1494-e5a5]:main():gmm-align-compiled.cc:127) UCM030_Pa030_029
LOG (gmm-align-compiled[5.5.0~1494-e5a5]:main():gmm-align-compiled.cc:127) UCM032_Pa032_010
LOG (gmm-align-compiled[5.5.0~1494-e5a5]:main():gmm-align-compiled.cc:127) UCM032_Pa032_025
LOG (gmm-align-compiled[5.5.0~1494-e5a5]:main():gmm-align-compiled.cc:127) UCM034_Pa034_006
LOG (gmm-align-compiled[5.5.0~1494-e5a5]:main():gmm-align-compiled.cc:127) UCM034_Pa034_021
LOG (gmm-align-compiled[5.5.0~1494-e5a5]:main():gmm-align-compiled.cc:127) UCM036_Pa036_002
LOG (gmm-align-compiled[5.5.0~1494-e5a5]:main():gmm-align-compiled.cc:127) UCM036_Pa036_017
LOG (gmm-align-compiled[5.5.0~1494-e5a5]:main():gmm-align-compiled.cc:127) UCM036_Pa036_033
LOG (gmm-align-compiled[5.5.0~1494-e5a5]:main():gmm-align-compiled.cc:127) UCM037_Pa037_013
LOG (gmm-align-compiled[5.5.0~1494-e5a5]:main():gmm-align-compiled.cc:127) UCM037_Pa037_029
LOG (gmm-align-compiled[5.5.0~1494-e5a5]:main():gmm-align-compiled.cc:127) UCM040_Pa040_009
LOG (gmm-align-compiled[5.5.0~1494-e5a5]:main():gmm-align-compiled.cc:127) UCM040_Pa040_025
LOG (gmm-align-compiled[5.5.0~1494-e5a5]:main():gmm-align-compiled.cc:127) UCM043_Pa043_020
LOG (gmm-align-compiled[5.5.0~1494-e5a5]:main():gmm-align-compiled.cc:127) UCM044_Pa044_001
LOG (gmm-align-compiled[5.5.0~1494-e5a5]:main():gmm-align-compiled.cc:127) UCM044_Pa044_017
LOG (gmm-align-compiled[5.5.0~1494-e5a5]:main():gmm-align-compiled.cc:127) UCM044_Pa044_032
LOG (gmm-align-compiled[5.5.0~1494-e5a5]:main():gmm-align-compiled.cc:127) UCM046_Pa046_014
LOG (gmm-align-compiled[5.5.0~1494-e5a5]:main():gmm-align-compiled.cc:127) UCM046_Pa046_029
LOG (gmm-align-compiled[5.5.0~1494-e5a5]:main():gmm-align-compiled.cc:127) UCM047_Pa047_010
LOG (gmm-align-compiled[5.5.0~1494-e5a5]:main():gmm-align-compiled.cc:127) UCM047_Pa047_025
LOG (gmm-align-compiled[5.5.0~1494-e5a5]:main():gmm-align-compiled.cc:127) UOF001_Pa001_005
LOG (gmm-align-compiled[5.5.0~1494-e5a5]:main():gmm-align-compiled.cc:127) UOF001_Pa001_020
LOG (gmm-align-compiled[5.5.0~1494-e5a5]:main():gmm-align-compiled.cc:127) UOF002_Pa002_001
LOG (gmm-align-compiled[5.5.0~1494-e5a5]:main():gmm-align-compiled.cc:127) UOF002_Pa002_016
LOG (gmm-align-compiled[5.5.0~1494-e5a5]:main():gmm-align-compiled.cc:127) UOF002_Pa002_032
LOG (gmm-align-compiled[5.5.0~1494-e5a5]:main():gmm-align-compiled.cc:127) UOF004_Pa004_012
LOG (gmm-align-compiled[5.5.0~1494-e5a5]:main():gmm-align-compiled.cc:127) UOF004_Pa004_028
LOG (gmm-align-compiled[5.5.0~1494-e5a5]:main():gmm-align-compiled.cc:127) UOF005_Pa005_008
LOG (gmm-align-compiled[5.5.0~1494-e5a5]:main():gmm-align-compiled.cc:127) UOF005_Pa005_023
LOG (gmm-align-compiled[5.5.0~1494-e5a5]:main():gmm-align-compiled.cc:127) UOF007_Pa007_003
LOG (gmm-align-compiled[5.5.0~1494-e5a5]:main():gmm-align-compiled.cc:127) UOF007_Pa007_019
LOG (gmm-align-compiled[5.5.0~1494-e5a5]:main():gmm-align-compiled.cc:127) UOF007_Pa007_034
LOG (gmm-align-compiled[5.5.0~1494-e5a5]:main():gmm-align-compiled.cc:127) UOF008_Pa008_015
LOG (gmm-align-compiled[5.5.0~1494-e5a5]:main():gmm-align-compiled.cc:127) UOF008_Pa008_030
LOG (gmm-align-compiled[5.5.0~1494-e5a5]:main():gmm-align-compiled.cc:127) UOF009_Pa009_011
LOG (gmm-align-compiled[5.5.0~1494-e5a5]:main():gmm-align-compiled.cc:127) UOF009_Pa009_026
LOG (gmm-align-compiled[5.5.0~1494-e5a5]:main():gmm-align-compiled.cc:127) UOF011_Pa011_007
LOG (gmm-align-compiled[5.5.0~1494-e5a5]:main():gmm-align-compiled.cc:127) UOF011_Pa011_022
LOG (gmm-align-compiled[5.5.0~1494-e5a5]:main():gmm-align-compiled.cc:127) UOF014_Pa014_003
LOG (gmm-align-compiled[5.5.0~1494-e5a5]:main():gmm-align-compiled.cc:127) UOF014_Pa014_018
LOG (gmm-align-compiled[5.5.0~1494-e5a5]:main():gmm-align-compiled.cc:127) UOF014_Pa014_034
LOG (gmm-align-compiled[5.5.0~1494-e5a5]:main():gmm-align-compiled.cc:127) UOF017_Pa017_014
LOG (gmm-align-compiled[5.5.0~1494-e5a5]:main():gmm-align-compiled.cc:127) UOF017_Pa017_030
LOG (gmm-align-compiled[5.5.0~1494-e5a5]:main():gmm-align-compiled.cc:127) UOF020_Pa020_010
LOG (gmm-align-compiled[5.5.0~1494-e5a5]:main():gmm-align-compiled.cc:127) UOF020_Pa020_025
LOG (gmm-align-compiled[5.5.0~1494-e5a5]:main():gmm-align-compiled.cc:127) UOF024_Pa024_005
LOG (gmm-align-compiled[5.5.0~1494-e5a5]:main():gmm-align-compiled.cc:127) UOF024_Pa024_021
LOG (gmm-align-compiled[5.5.0~1494-e5a5]:main():gmm-align-compiled.cc:127) UOM025_Pa025_001
LOG (gmm-align-compiled[5.5.0~1494-e5a5]:main():gmm-align-compiled.cc:127) UOM025_Pa025_017
LOG (gmm-align-compiled[5.5.0~1494-e5a5]:main():gmm-align-compiled.cc:127) UOM025_Pa025_032
LOG (gmm-align-compiled[5.5.0~1494-e5a5]:main():gmm-align-compiled.cc:127) UOM027_Pa027_013
LOG (gmm-align-compiled[5.5.0~1494-e5a5]:main():gmm-align-compiled.cc:127) UOM027_Pa027_028
LOG (gmm-align-compiled[5.5.0~1494-e5a5]:main():gmm-align-compiled.cc:127) UOM030_Pa030_008
LOG (gmm-align-compiled[5.5.0~1494-e5a5]:main():gmm-align-compiled.cc:127) UOM030_Pa030_023
LOG (gmm-align-compiled[5.5.0~1494-e5a5]:main():gmm-align-compiled.cc:127) UOM032_Pa032_004
LOG (gmm-align-compiled[5.5.0~1494-e5a5]:main():gmm-align-compiled.cc:127) UOM032_Pa032_019
LOG (gmm-align-compiled[5.5.0~1494-e5a5]:main():gmm-align-compiled.cc:127) UOM032_Pa032_035
LOG (gmm-align-compiled[5.5.0~1494-e5a5]:main():gmm-align-compiled.cc:127) UOM034_Pa034_015
LOG (gmm-align-compiled[5.5.0~1494-e5a5]:main():gmm-align-compiled.cc:127) UOM034_Pa034_031
LOG (gmm-align-compiled[5.5.0~1494-e5a5]:main():gmm-align-compiled.cc:127) UOM036_Pa036_011
LOG (gmm-align-compiled[5.5.0~1494-e5a5]:main():gmm-align-compiled.cc:127) UOM036_Pa036_026
LOG (gmm-align-compiled[5.5.0~1494-e5a5]:main():gmm-align-compiled.cc:127) UOM037_Pa037_006
LOG (gmm-align-compiled[5.5.0~1494-e5a5]:main():gmm-align-compiled.cc:127) UOM037_Pa037_022
LOG (gmm-align-compiled[5.5.0~1494-e5a5]:main():gmm-align-compiled.cc:127) UOM040_Pa040_002
LOG (gmm-align-compiled[5.5.0~1494-e5a5]:main():gmm-align-compiled.cc:127) UOM040_Pa040_018
LOG (gmm-align-compiled[5.5.0~1494-e5a5]:main():gmm-align-compiled.cc:127) UOM040_Pa040_033
LOG (gmm-align-compiled[5.5.0~1494-e5a5]:main():gmm-align-compiled.cc:127) UOM043_Pa043_014
LOG (gmm-align-compiled[5.5.0~1494-e5a5]:main():gmm-align-compiled.cc:127) UOM043_Pa043_029
LOG (gmm-align-compiled[5.5.0~1494-e5a5]:main():gmm-align-compiled.cc:127) UOM044_Pa044_011
LOG (gmm-align-compiled[5.5.0~1494-e5a5]:main():gmm-align-compiled.cc:127) UOM044_Pa044_026
LOG (gmm-align-compiled[5.5.0~1494-e5a5]:main():gmm-align-compiled.cc:127) UOM046_Pa046_008
LOG (gmm-align-compiled[5.5.0~1494-e5a5]:main():gmm-align-compiled.cc:127) UOM046_Pa046_023
LOG (apply-cmvn[5.5.0~1494-e5a5]:main():apply-cmvn.cc:162) Applied cepstral mean normalization to 249 utterances, errors on 0
LOG (gmm-align-compiled[5.5.0~1494-e5a5]:main():gmm-align-compiled.cc:127) UOM047_Pa047_004
LOG (gmm-align-compiled[5.5.0~1494-e5a5]:main():gmm-align-compiled.cc:127) UOM047_Pa047_019
LOG (gmm-align-compiled[5.5.0~1494-e5a5]:main():gmm-align-compiled.cc:127) UOM047_Pa047_035
LOG (gmm-align-compiled[5.5.0~1494-e5a5]:main():gmm-align-compiled.cc:135) Overall log-likelihood per frame is -80.7768 over 106172 frames.
LOG (gmm-align-compiled[5.5.0~1494-e5a5]:main():gmm-align-compiled.cc:137) Retried 2 out of 249 utterances.
LOG (gmm-align-compiled[5.5.0~1494-e5a5]:main():gmm-align-compiled.cc:139) Done 249, errors on 0
# Accounting: time=2 threads=1
# Ended (code 0) at Mon May 17 08:33:49 UTC 2021, elapsed time 2 seconds
