# align-equal-compiled "ark:gunzip -c exp/mono/fsts.2.gz|" "ark,s,cs:apply-cmvn  --utt2spk=ark:data/train.1k/split4/2/utt2spk scp:data/train.1k/split4/2/cmvn.scp scp:data/train.1k/split4/2/feats.scp ark:- | add-deltas  ark:- ark:- |" ark,t:- | gmm-acc-stats-ali --binary=true exp/mono/0.mdl "ark,s,cs:apply-cmvn  --utt2spk=ark:data/train.1k/split4/2/utt2spk scp:data/train.1k/split4/2/cmvn.scp scp:data/train.1k/split4/2/feats.scp ark:- | add-deltas  ark:- ark:- |" ark:- exp/mono/0.2.acc 
# Started at Mon May 17 08:32:40 UTC 2021
#
align-equal-compiled 'ark:gunzip -c exp/mono/fsts.2.gz|' 'ark,s,cs:apply-cmvn  --utt2spk=ark:data/train.1k/split4/2/utt2spk scp:data/train.1k/split4/2/cmvn.scp scp:data/train.1k/split4/2/feats.scp ark:- | add-deltas  ark:- ark:- |' ark,t:- 
gmm-acc-stats-ali --binary=true exp/mono/0.mdl 'ark,s,cs:apply-cmvn  --utt2spk=ark:data/train.1k/split4/2/utt2spk scp:data/train.1k/split4/2/cmvn.scp scp:data/train.1k/split4/2/feats.scp ark:- | add-deltas  ark:- ark:- |' ark:- exp/mono/0.2.acc 
add-deltas ark:- ark:- 
apply-cmvn --utt2spk=ark:data/train.1k/split4/2/utt2spk scp:data/train.1k/split4/2/cmvn.scp scp:data/train.1k/split4/2/feats.scp ark:- 
apply-cmvn --utt2spk=ark:data/train.1k/split4/2/utt2spk scp:data/train.1k/split4/2/cmvn.scp scp:data/train.1k/split4/2/feats.scp ark:- 
add-deltas ark:- ark:- 
LOG (gmm-acc-stats-ali[5.5.0~1494-e5a5]:main():gmm-acc-stats-ali.cc:105) Processed 50 utterances; for utterance M0000000028_0072 avg. like is -88.2183 over 206 frames.
LOG (gmm-acc-stats-ali[5.5.0~1494-e5a5]:main():gmm-acc-stats-ali.cc:105) Processed 100 utterances; for utterance M0000000036_0022 avg. like is -90.9372 over 306 frames.
LOG (gmm-acc-stats-ali[5.5.0~1494-e5a5]:main():gmm-acc-stats-ali.cc:105) Processed 150 utterances; for utterance M0000000043_0050 avg. like is -102.01 over 163 frames.
LOG (apply-cmvn[5.5.0~1494-e5a5]:main():apply-cmvn.cc:162) Applied cepstral mean normalization to 250 utterances, errors on 0
LOG (align-equal-compiled[5.5.0~1494-e5a5]:main():align-equal-compiled.cc:107) Success: done 250 utterances.
LOG (gmm-acc-stats-ali[5.5.0~1494-e5a5]:main():gmm-acc-stats-ali.cc:105) Processed 200 utterances; for utterance M0000000051_0015 avg. like is -89.4756 over 270 frames.
LOG (apply-cmvn[5.5.0~1494-e5a5]:main():apply-cmvn.cc:162) Applied cepstral mean normalization to 250 utterances, errors on 0
LOG (gmm-acc-stats-ali[5.5.0~1494-e5a5]:main():gmm-acc-stats-ali.cc:105) Processed 250 utterances; for utterance M0000000058_0087 avg. like is -88.833 over 123 frames.
LOG (gmm-acc-stats-ali[5.5.0~1494-e5a5]:main():gmm-acc-stats-ali.cc:112) Done 250 files, 0 with errors.
LOG (gmm-acc-stats-ali[5.5.0~1494-e5a5]:main():gmm-acc-stats-ali.cc:115) Overall avg like per frame (Gaussian only) = -98.0055 over 70887 frames.
LOG (gmm-acc-stats-ali[5.5.0~1494-e5a5]:main():gmm-acc-stats-ali.cc:123) Written accs.
# Accounting: time=1 threads=1
# Ended (code 0) at Mon May 17 08:32:41 UTC 2021, elapsed time 1 seconds
