# gmm-align-compiled --transition-scale=1.0 --acoustic-scale=0.1 --self-loop-scale=0.1 --beam=10 --retry-beam=40 --careful=false "gmm-boost-silence --boost=1.25 1 exp/mono/4.mdl - |" "ark:gunzip -c exp/mono/fsts.1.gz|" "ark,s,cs:apply-cmvn  --utt2spk=ark:data/train.1k/split4/1/utt2spk scp:data/train.1k/split4/1/cmvn.scp scp:data/train.1k/split4/1/feats.scp ark:- | add-deltas  ark:- ark:- |" "ark,t:|gzip -c >exp/mono/ali.1.gz" 
# Started at Mon May 17 08:33:04 UTC 2021
#
gmm-align-compiled --transition-scale=1.0 --acoustic-scale=0.1 --self-loop-scale=0.1 --beam=10 --retry-beam=40 --careful=false 'gmm-boost-silence --boost=1.25 1 exp/mono/4.mdl - |' 'ark:gunzip -c exp/mono/fsts.1.gz|' 'ark,s,cs:apply-cmvn  --utt2spk=ark:data/train.1k/split4/1/utt2spk scp:data/train.1k/split4/1/cmvn.scp scp:data/train.1k/split4/1/feats.scp ark:- | add-deltas  ark:- ark:- |' 'ark,t:|gzip -c >exp/mono/ali.1.gz' 
gmm-boost-silence --boost=1.25 1 exp/mono/4.mdl - 
WARNING (gmm-boost-silence[5.5.0~1494-e5a5]:main():gmm-boost-silence.cc:82) The pdfs for the silence phones may be shared by other phones (note: this probably does not matter.)
LOG (gmm-boost-silence[5.5.0~1494-e5a5]:main():gmm-boost-silence.cc:93) Boosted weights for 5 pdfs, by factor of 1.25
LOG (gmm-boost-silence[5.5.0~1494-e5a5]:main():gmm-boost-silence.cc:103) Wrote model to -
add-deltas ark:- ark:- 
apply-cmvn --utt2spk=ark:data/train.1k/split4/1/utt2spk scp:data/train.1k/split4/1/cmvn.scp scp:data/train.1k/split4/1/feats.scp ark:- 
LOG (gmm-align-compiled[5.5.0~1494-e5a5]:main():gmm-align-compiled.cc:127) CCF001_Pa001_030
LOG (gmm-align-compiled[5.5.0~1494-e5a5]:main():gmm-align-compiled.cc:127) CCF002_Pa002_010
LOG (gmm-align-compiled[5.5.0~1494-e5a5]:main():gmm-align-compiled.cc:127) CCF002_Pa002_026
LOG (gmm-align-compiled[5.5.0~1494-e5a5]:main():gmm-align-compiled.cc:127) CCF004_Pa004_006
LOG (gmm-align-compiled[5.5.0~1494-e5a5]:main():gmm-align-compiled.cc:127) CCF004_Pa004_022
LOG (gmm-align-compiled[5.5.0~1494-e5a5]:main():gmm-align-compiled.cc:127) CCF005_Pa005_002
LOG (gmm-align-compiled[5.5.0~1494-e5a5]:main():gmm-align-compiled.cc:127) CCF005_Pa005_018
LOG (gmm-align-compiled[5.5.0~1494-e5a5]:main():gmm-align-compiled.cc:127) CCF005_Pa005_033
LOG (gmm-align-compiled[5.5.0~1494-e5a5]:main():gmm-align-compiled.cc:127) CCF007_Pa007_013
LOG (gmm-align-compiled[5.5.0~1494-e5a5]:main():gmm-align-compiled.cc:127) CCF007_Pa007_028
LOG (gmm-align-compiled[5.5.0~1494-e5a5]:main():gmm-align-compiled.cc:127) CCF008_Pa008_009
LOG (gmm-align-compiled[5.5.0~1494-e5a5]:main():gmm-align-compiled.cc:127) CCF008_Pa008_024
LOG (gmm-align-compiled[5.5.0~1494-e5a5]:main():gmm-align-compiled.cc:127) CCF009_Pa009_005
LOG (gmm-align-compiled[5.5.0~1494-e5a5]:main():gmm-align-compiled.cc:127) CCF009_Pa009_020
LOG (gmm-align-compiled[5.5.0~1494-e5a5]:main():gmm-align-compiled.cc:127) CCF011_Pa011_001
LOG (gmm-align-compiled[5.5.0~1494-e5a5]:main():gmm-align-compiled.cc:127) CCF011_Pa011_016
LOG (gmm-align-compiled[5.5.0~1494-e5a5]:main():gmm-align-compiled.cc:127) CCF011_Pa011_031
LOG (gmm-align-compiled[5.5.0~1494-e5a5]:main():gmm-align-compiled.cc:127) CCF014_Pa014_011
LOG (gmm-align-compiled[5.5.0~1494-e5a5]:main():gmm-align-compiled.cc:127) CCF014_Pa014_027
LOG (gmm-align-compiled[5.5.0~1494-e5a5]:main():gmm-align-compiled.cc:127) CCF017_Pa017_007
LOG (gmm-align-compiled[5.5.0~1494-e5a5]:main():gmm-align-compiled.cc:127) CCF017_Pa017_023
LOG (gmm-align-compiled[5.5.0~1494-e5a5]:main():gmm-align-compiled.cc:127) CCF020_Pa020_003
LOG (gmm-align-compiled[5.5.0~1494-e5a5]:main():gmm-align-compiled.cc:127) CCF020_Pa020_019
LOG (gmm-align-compiled[5.5.0~1494-e5a5]:main():gmm-align-compiled.cc:127) CCF020_Pa020_034
LOG (gmm-align-compiled[5.5.0~1494-e5a5]:main():gmm-align-compiled.cc:127) CCF024_Pa024_014
LOG (gmm-align-compiled[5.5.0~1494-e5a5]:main():gmm-align-compiled.cc:127) CCF024_Pa024_029
LOG (gmm-align-compiled[5.5.0~1494-e5a5]:main():gmm-align-compiled.cc:127) CCM025_Pa025_010
LOG (gmm-align-compiled[5.5.0~1494-e5a5]:main():gmm-align-compiled.cc:127) CCM025_Pa025_025
LOG (gmm-align-compiled[5.5.0~1494-e5a5]:main():gmm-align-compiled.cc:127) CCM027_Pa027_006
LOG (gmm-align-compiled[5.5.0~1494-e5a5]:main():gmm-align-compiled.cc:127) CCM027_Pa027_021
LOG (gmm-align-compiled[5.5.0~1494-e5a5]:main():gmm-align-compiled.cc:127) CCM030_Pa030_002
LOG (gmm-align-compiled[5.5.0~1494-e5a5]:main():gmm-align-compiled.cc:127) CCM030_Pa030_032
LOG (gmm-align-compiled[5.5.0~1494-e5a5]:main():gmm-align-compiled.cc:127) CCM032_Pa032_012
LOG (gmm-align-compiled[5.5.0~1494-e5a5]:main():gmm-align-compiled.cc:127) CCM032_Pa032_028
LOG (gmm-align-compiled[5.5.0~1494-e5a5]:main():gmm-align-compiled.cc:127) CCM034_Pa034_008
LOG (gmm-align-compiled[5.5.0~1494-e5a5]:main():gmm-align-compiled.cc:127) CCM034_Pa034_024
LOG (gmm-align-compiled[5.5.0~1494-e5a5]:main():gmm-align-compiled.cc:127) CCM036_Pa036_004
LOG (gmm-align-compiled[5.5.0~1494-e5a5]:main():gmm-align-compiled.cc:127) CCM036_Pa036_020
LOG (gmm-align-compiled[5.5.0~1494-e5a5]:main():gmm-align-compiled.cc:127) CCM036_Pa036_035
LOG (gmm-align-compiled[5.5.0~1494-e5a5]:main():gmm-align-compiled.cc:127) CCM037_Pa037_015
LOG (gmm-align-compiled[5.5.0~1494-e5a5]:main():gmm-align-compiled.cc:127) CCM037_Pa037_030
LOG (gmm-align-compiled[5.5.0~1494-e5a5]:main():gmm-align-compiled.cc:127) CCM040_Pa040_011
LOG (gmm-align-compiled[5.5.0~1494-e5a5]:main():gmm-align-compiled.cc:127) CCM040_Pa040_026
LOG (gmm-align-compiled[5.5.0~1494-e5a5]:main():gmm-align-compiled.cc:127) CCM043_Pa043_007
LOG (gmm-align-compiled[5.5.0~1494-e5a5]:main():gmm-align-compiled.cc:127) CCM043_Pa043_022
LOG (gmm-align-compiled[5.5.0~1494-e5a5]:main():gmm-align-compiled.cc:127) CCM044_Pa044_004
LOG (gmm-align-compiled[5.5.0~1494-e5a5]:main():gmm-align-compiled.cc:127) CCM044_Pa044_019
LOG (gmm-align-compiled[5.5.0~1494-e5a5]:main():gmm-align-compiled.cc:127) CCM044_Pa044_034
LOG (gmm-align-compiled[5.5.0~1494-e5a5]:main():gmm-align-compiled.cc:127) CCM046_Pa046_015
LOG (gmm-align-compiled[5.5.0~1494-e5a5]:main():gmm-align-compiled.cc:127) CCM046_Pa046_031
LOG (gmm-align-compiled[5.5.0~1494-e5a5]:main():gmm-align-compiled.cc:127) CCM047_Pa047_011
LOG (gmm-align-compiled[5.5.0~1494-e5a5]:main():gmm-align-compiled.cc:127) CCM047_Pa047_027
LOG (gmm-align-compiled[5.5.0~1494-e5a5]:main():gmm-align-compiled.cc:127) COF001_Pa001_007
LOG (gmm-align-compiled[5.5.0~1494-e5a5]:main():gmm-align-compiled.cc:127) COF001_Pa001_023
LOG (gmm-align-compiled[5.5.0~1494-e5a5]:main():gmm-align-compiled.cc:127) COF002_Pa002_003
LOG (gmm-align-compiled[5.5.0~1494-e5a5]:main():gmm-align-compiled.cc:127) COF002_Pa002_019
LOG (gmm-align-compiled[5.5.0~1494-e5a5]:main():gmm-align-compiled.cc:127) COF002_Pa002_034
LOG (gmm-align-compiled[5.5.0~1494-e5a5]:main():gmm-align-compiled.cc:127) COF004_Pa004_015
LOG (gmm-align-compiled[5.5.0~1494-e5a5]:main():gmm-align-compiled.cc:127) COF004_Pa004_030
LOG (gmm-align-compiled[5.5.0~1494-e5a5]:main():gmm-align-compiled.cc:127) COF005_Pa005_011
LOG (gmm-align-compiled[5.5.0~1494-e5a5]:main():gmm-align-compiled.cc:127) COF005_Pa005_026
LOG (gmm-align-compiled[5.5.0~1494-e5a5]:main():gmm-align-compiled.cc:127) COF007_Pa007_007
LOG (gmm-align-compiled[5.5.0~1494-e5a5]:main():gmm-align-compiled.cc:127) COF008_Pa008_002
LOG (gmm-align-compiled[5.5.0~1494-e5a5]:main():gmm-align-compiled.cc:127) COF008_Pa008_017
LOG (gmm-align-compiled[5.5.0~1494-e5a5]:main():gmm-align-compiled.cc:127) COF008_Pa008_033
LOG (gmm-align-compiled[5.5.0~1494-e5a5]:main():gmm-align-compiled.cc:127) COF009_Pa009_013
LOG (gmm-align-compiled[5.5.0~1494-e5a5]:main():gmm-align-compiled.cc:127) COF009_Pa009_029
LOG (gmm-align-compiled[5.5.0~1494-e5a5]:main():gmm-align-compiled.cc:127) COF011_Pa011_009
LOG (gmm-align-compiled[5.5.0~1494-e5a5]:main():gmm-align-compiled.cc:127) COF011_Pa011_025
LOG (gmm-align-compiled[5.5.0~1494-e5a5]:main():gmm-align-compiled.cc:127) COF014_Pa014_005
LOG (gmm-align-compiled[5.5.0~1494-e5a5]:main():gmm-align-compiled.cc:127) COF014_Pa014_020
LOG (gmm-align-compiled[5.5.0~1494-e5a5]:main():gmm-align-compiled.cc:127) COF014_Pa014_035
LOG (gmm-align-compiled[5.5.0~1494-e5a5]:main():gmm-align-compiled.cc:127) COF017_Pa017_016
LOG (gmm-align-compiled[5.5.0~1494-e5a5]:main():gmm-align-compiled.cc:127) COF017_Pa017_031
LOG (gmm-align-compiled[5.5.0~1494-e5a5]:main():gmm-align-compiled.cc:127) COF020_Pa020_012
LOG (gmm-align-compiled[5.5.0~1494-e5a5]:main():gmm-align-compiled.cc:127) COF020_Pa020_027
LOG (gmm-align-compiled[5.5.0~1494-e5a5]:main():gmm-align-compiled.cc:127) COF024_Pa024_008
LOG (gmm-align-compiled[5.5.0~1494-e5a5]:main():gmm-align-compiled.cc:127) COF024_Pa024_023
LOG (gmm-align-compiled[5.5.0~1494-e5a5]:main():gmm-align-compiled.cc:127) COM025_Pa025_003
LOG (gmm-align-compiled[5.5.0~1494-e5a5]:main():gmm-align-compiled.cc:127) COM025_Pa025_018
LOG (gmm-align-compiled[5.5.0~1494-e5a5]:main():gmm-align-compiled.cc:127) COM025_Pa025_034
LOG (gmm-align-compiled[5.5.0~1494-e5a5]:main():gmm-align-compiled.cc:127) COM027_Pa027_014
LOG (gmm-align-compiled[5.5.0~1494-e5a5]:main():gmm-align-compiled.cc:127) COM027_Pa027_030
LOG (gmm-align-compiled[5.5.0~1494-e5a5]:main():gmm-align-compiled.cc:127) COM030_Pa030_010
LOG (gmm-align-compiled[5.5.0~1494-e5a5]:main():gmm-align-compiled.cc:127) COM030_Pa030_026
LOG (gmm-align-compiled[5.5.0~1494-e5a5]:main():gmm-align-compiled.cc:127) COM032_Pa032_006
LOG (gmm-align-compiled[5.5.0~1494-e5a5]:main():gmm-align-compiled.cc:127) COM032_Pa032_022
LOG (gmm-align-compiled[5.5.0~1494-e5a5]:main():gmm-align-compiled.cc:127) COM034_Pa034_002
LOG (gmm-align-compiled[5.5.0~1494-e5a5]:main():gmm-align-compiled.cc:127) COM034_Pa034_018
LOG (gmm-align-compiled[5.5.0~1494-e5a5]:main():gmm-align-compiled.cc:127) COM034_Pa034_033
LOG (gmm-align-compiled[5.5.0~1494-e5a5]:main():gmm-align-compiled.cc:127) COM036_Pa036_014
LOG (gmm-align-compiled[5.5.0~1494-e5a5]:main():gmm-align-compiled.cc:127) COM036_Pa036_029
LOG (gmm-align-compiled[5.5.0~1494-e5a5]:main():gmm-align-compiled.cc:127) COM037_Pa037_010
LOG (gmm-align-compiled[5.5.0~1494-e5a5]:main():gmm-align-compiled.cc:127) COM037_Pa037_025
LOG (gmm-align-compiled[5.5.0~1494-e5a5]:main():gmm-align-compiled.cc:127) COM040_Pa040_005
LOG (gmm-align-compiled[5.5.0~1494-e5a5]:main():gmm-align-compiled.cc:127) COM040_Pa040_020
LOG (gmm-align-compiled[5.5.0~1494-e5a5]:main():gmm-align-compiled.cc:127) COM043_Pa043_001
LOG (gmm-align-compiled[5.5.0~1494-e5a5]:main():gmm-align-compiled.cc:127) COM043_Pa043_016
LOG (gmm-align-compiled[5.5.0~1494-e5a5]:main():gmm-align-compiled.cc:127) COM043_Pa043_032
LOG (gmm-align-compiled[5.5.0~1494-e5a5]:main():gmm-align-compiled.cc:127) COM044_Pa044_013
LOG (gmm-align-compiled[5.5.0~1494-e5a5]:main():gmm-align-compiled.cc:127) COM044_Pa044_029
WARNING (gmm-align-compiled[5.5.0~1494-e5a5]:AlignUtteranceWrapper():decoder-wrappers.cc:618) Retrying utterance COM044_Pa044_029 with beam 40
LOG (gmm-align-compiled[5.5.0~1494-e5a5]:main():gmm-align-compiled.cc:127) COM046_Pa046_010
LOG (gmm-align-compiled[5.5.0~1494-e5a5]:main():gmm-align-compiled.cc:127) COM046_Pa046_025
LOG (gmm-align-compiled[5.5.0~1494-e5a5]:main():gmm-align-compiled.cc:127) COM047_Pa047_005
LOG (gmm-align-compiled[5.5.0~1494-e5a5]:main():gmm-align-compiled.cc:127) COM047_Pa047_021
LOG (gmm-align-compiled[5.5.0~1494-e5a5]:main():gmm-align-compiled.cc:127) F0000000006_0000
LOG (gmm-align-compiled[5.5.0~1494-e5a5]:main():gmm-align-compiled.cc:127) F0000000006_0016
LOG (gmm-align-compiled[5.5.0~1494-e5a5]:main():gmm-align-compiled.cc:127) F0000000006_0031
LOG (gmm-align-compiled[5.5.0~1494-e5a5]:main():gmm-align-compiled.cc:127) F0000000006_0047
LOG (gmm-align-compiled[5.5.0~1494-e5a5]:main():gmm-align-compiled.cc:127) F0000000006_0062
LOG (gmm-align-compiled[5.5.0~1494-e5a5]:main():gmm-align-compiled.cc:127) F0000000006_0077
LOG (gmm-align-compiled[5.5.0~1494-e5a5]:main():gmm-align-compiled.cc:127) F0000000006_0092
LOG (gmm-align-compiled[5.5.0~1494-e5a5]:main():gmm-align-compiled.cc:127) F0000000007_0006
LOG (gmm-align-compiled[5.5.0~1494-e5a5]:main():gmm-align-compiled.cc:127) F0000000007_0021
LOG (gmm-align-compiled[5.5.0~1494-e5a5]:main():gmm-align-compiled.cc:127) F0000000007_0037
LOG (gmm-align-compiled[5.5.0~1494-e5a5]:main():gmm-align-compiled.cc:127) F0000000007_0052
LOG (gmm-align-compiled[5.5.0~1494-e5a5]:main():gmm-align-compiled.cc:127) F0000000007_0068
LOG (gmm-align-compiled[5.5.0~1494-e5a5]:main():gmm-align-compiled.cc:127) F0000000007_0083
WARNING (gmm-align-compiled[5.5.0~1494-e5a5]:AlignUtteranceWrapper():decoder-wrappers.cc:618) Retrying utterance F0000000007_0083 with beam 40
LOG (gmm-align-compiled[5.5.0~1494-e5a5]:main():gmm-align-compiled.cc:127) F0000000007_0099
LOG (gmm-align-compiled[5.5.0~1494-e5a5]:main():gmm-align-compiled.cc:127) F0000000008_0011
LOG (gmm-align-compiled[5.5.0~1494-e5a5]:main():gmm-align-compiled.cc:127) F0000000008_0027
LOG (gmm-align-compiled[5.5.0~1494-e5a5]:main():gmm-align-compiled.cc:127) F0000000008_0042
LOG (gmm-align-compiled[5.5.0~1494-e5a5]:main():gmm-align-compiled.cc:127) F0000000008_0059
LOG (gmm-align-compiled[5.5.0~1494-e5a5]:main():gmm-align-compiled.cc:127) F0000000008_0074
LOG (gmm-align-compiled[5.5.0~1494-e5a5]:main():gmm-align-compiled.cc:127) F0000000008_0090
LOG (gmm-align-compiled[5.5.0~1494-e5a5]:main():gmm-align-compiled.cc:127) F0000000009_0017
LOG (gmm-align-compiled[5.5.0~1494-e5a5]:main():gmm-align-compiled.cc:127) F0000000009_0032
LOG (gmm-align-compiled[5.5.0~1494-e5a5]:main():gmm-align-compiled.cc:127) F0000000009_0048
LOG (gmm-align-compiled[5.5.0~1494-e5a5]:main():gmm-align-compiled.cc:127) F0000000009_0063
LOG (gmm-align-compiled[5.5.0~1494-e5a5]:main():gmm-align-compiled.cc:127) F0000000009_0079
LOG (gmm-align-compiled[5.5.0~1494-e5a5]:main():gmm-align-compiled.cc:127) F0000000009_0094
LOG (gmm-align-compiled[5.5.0~1494-e5a5]:main():gmm-align-compiled.cc:127) F0000000010_0008
LOG (gmm-align-compiled[5.5.0~1494-e5a5]:main():gmm-align-compiled.cc:127) F0000000010_0023
LOG (gmm-align-compiled[5.5.0~1494-e5a5]:main():gmm-align-compiled.cc:127) F0000000010_0038
LOG (gmm-align-compiled[5.5.0~1494-e5a5]:main():gmm-align-compiled.cc:127) F0000000010_0053
LOG (gmm-align-compiled[5.5.0~1494-e5a5]:main():gmm-align-compiled.cc:127) F0000000010_0069
LOG (gmm-align-compiled[5.5.0~1494-e5a5]:main():gmm-align-compiled.cc:127) F0000000010_0084
LOG (gmm-align-compiled[5.5.0~1494-e5a5]:main():gmm-align-compiled.cc:127) F0000000010_0100
LOG (gmm-align-compiled[5.5.0~1494-e5a5]:main():gmm-align-compiled.cc:127) F0000000011_0013
LOG (gmm-align-compiled[5.5.0~1494-e5a5]:main():gmm-align-compiled.cc:127) F0000000011_0029
LOG (gmm-align-compiled[5.5.0~1494-e5a5]:main():gmm-align-compiled.cc:127) F0000000011_0044
LOG (gmm-align-compiled[5.5.0~1494-e5a5]:main():gmm-align-compiled.cc:127) F0000000011_0059
WARNING (gmm-align-compiled[5.5.0~1494-e5a5]:AlignUtteranceWrapper():decoder-wrappers.cc:618) Retrying utterance F0000000011_0059 with beam 40
LOG (gmm-align-compiled[5.5.0~1494-e5a5]:main():gmm-align-compiled.cc:127) F0000000011_0074
LOG (gmm-align-compiled[5.5.0~1494-e5a5]:main():gmm-align-compiled.cc:127) F0000000011_0090
LOG (gmm-align-compiled[5.5.0~1494-e5a5]:main():gmm-align-compiled.cc:127) F0000000012_0003
LOG (gmm-align-compiled[5.5.0~1494-e5a5]:main():gmm-align-compiled.cc:127) F0000000012_0019
LOG (gmm-align-compiled[5.5.0~1494-e5a5]:main():gmm-align-compiled.cc:127) F0000000012_0034
LOG (gmm-align-compiled[5.5.0~1494-e5a5]:main():gmm-align-compiled.cc:127) F0000000012_0050
WARNING (gmm-align-compiled[5.5.0~1494-e5a5]:AlignUtteranceWrapper():decoder-wrappers.cc:618) Retrying utterance F0000000012_0050 with beam 40
LOG (gmm-align-compiled[5.5.0~1494-e5a5]:main():gmm-align-compiled.cc:127) F0000000012_0065
WARNING (gmm-align-compiled[5.5.0~1494-e5a5]:AlignUtteranceWrapper():decoder-wrappers.cc:618) Retrying utterance F0000000012_0065 with beam 40
LOG (gmm-align-compiled[5.5.0~1494-e5a5]:main():gmm-align-compiled.cc:127) F0000000012_0080
LOG (gmm-align-compiled[5.5.0~1494-e5a5]:main():gmm-align-compiled.cc:127) F0000000012_0095
LOG (gmm-align-compiled[5.5.0~1494-e5a5]:main():gmm-align-compiled.cc:127) F0000000013_0009
LOG (gmm-align-compiled[5.5.0~1494-e5a5]:main():gmm-align-compiled.cc:127) F0000000013_0024
LOG (gmm-align-compiled[5.5.0~1494-e5a5]:main():gmm-align-compiled.cc:127) F0000000013_0040
LOG (gmm-align-compiled[5.5.0~1494-e5a5]:main():gmm-align-compiled.cc:127) F0000000013_0055
LOG (gmm-align-compiled[5.5.0~1494-e5a5]:main():gmm-align-compiled.cc:127) F0000000013_0071
LOG (gmm-align-compiled[5.5.0~1494-e5a5]:main():gmm-align-compiled.cc:127) F0000000013_0101
LOG (gmm-align-compiled[5.5.0~1494-e5a5]:main():gmm-align-compiled.cc:127) F0000000014_0014
LOG (gmm-align-compiled[5.5.0~1494-e5a5]:main():gmm-align-compiled.cc:127) F0000000014_0030
LOG (gmm-align-compiled[5.5.0~1494-e5a5]:main():gmm-align-compiled.cc:127) F0000000014_0045
LOG (gmm-align-compiled[5.5.0~1494-e5a5]:main():gmm-align-compiled.cc:127) F0000000014_0061
LOG (gmm-align-compiled[5.5.0~1494-e5a5]:main():gmm-align-compiled.cc:127) F0000000014_0076
LOG (gmm-align-compiled[5.5.0~1494-e5a5]:main():gmm-align-compiled.cc:127) F0000000014_0092
LOG (gmm-align-compiled[5.5.0~1494-e5a5]:main():gmm-align-compiled.cc:127) F0000000015_0005
LOG (gmm-align-compiled[5.5.0~1494-e5a5]:main():gmm-align-compiled.cc:127) F0000000015_0020
LOG (gmm-align-compiled[5.5.0~1494-e5a5]:main():gmm-align-compiled.cc:127) F0000000015_0035
LOG (gmm-align-compiled[5.5.0~1494-e5a5]:main():gmm-align-compiled.cc:127) F0000000015_0051
LOG (gmm-align-compiled[5.5.0~1494-e5a5]:main():gmm-align-compiled.cc:127) F0000000015_0066
LOG (gmm-align-compiled[5.5.0~1494-e5a5]:main():gmm-align-compiled.cc:127) F0000000015_0082
LOG (gmm-align-compiled[5.5.0~1494-e5a5]:main():gmm-align-compiled.cc:127) F0000000015_0097
LOG (gmm-align-compiled[5.5.0~1494-e5a5]:main():gmm-align-compiled.cc:127) F0000000016_0011
LOG (gmm-align-compiled[5.5.0~1494-e5a5]:main():gmm-align-compiled.cc:127) F0000000016_0026
LOG (gmm-align-compiled[5.5.0~1494-e5a5]:main():gmm-align-compiled.cc:127) F0000000016_0041
LOG (gmm-align-compiled[5.5.0~1494-e5a5]:main():gmm-align-compiled.cc:127) F0000000016_0056
LOG (gmm-align-compiled[5.5.0~1494-e5a5]:main():gmm-align-compiled.cc:127) F0000000016_0072
LOG (gmm-align-compiled[5.5.0~1494-e5a5]:main():gmm-align-compiled.cc:127) F0000000016_0087
LOG (gmm-align-compiled[5.5.0~1494-e5a5]:main():gmm-align-compiled.cc:127) F0000000077_0001
LOG (gmm-align-compiled[5.5.0~1494-e5a5]:main():gmm-align-compiled.cc:127) F0000000077_0016
LOG (gmm-align-compiled[5.5.0~1494-e5a5]:main():gmm-align-compiled.cc:127) F0000000077_0032
LOG (gmm-align-compiled[5.5.0~1494-e5a5]:main():gmm-align-compiled.cc:127) F0000000077_0047
LOG (gmm-align-compiled[5.5.0~1494-e5a5]:main():gmm-align-compiled.cc:127) F0000000077_0063
LOG (gmm-align-compiled[5.5.0~1494-e5a5]:main():gmm-align-compiled.cc:127) F0000000077_0078
LOG (gmm-align-compiled[5.5.0~1494-e5a5]:main():gmm-align-compiled.cc:127) F0000000077_0094
LOG (gmm-align-compiled[5.5.0~1494-e5a5]:main():gmm-align-compiled.cc:127) F0000000080_0007
LOG (gmm-align-compiled[5.5.0~1494-e5a5]:main():gmm-align-compiled.cc:127) F0000000080_0023
LOG (gmm-align-compiled[5.5.0~1494-e5a5]:main():gmm-align-compiled.cc:127) F0000000080_0038
LOG (gmm-align-compiled[5.5.0~1494-e5a5]:main():gmm-align-compiled.cc:127) F0000000080_0054
LOG (gmm-align-compiled[5.5.0~1494-e5a5]:main():gmm-align-compiled.cc:127) F0000000080_0084
LOG (gmm-align-compiled[5.5.0~1494-e5a5]:main():gmm-align-compiled.cc:127) F0000000080_0099
LOG (gmm-align-compiled[5.5.0~1494-e5a5]:main():gmm-align-compiled.cc:127) F0000000082_0013
LOG (gmm-align-compiled[5.5.0~1494-e5a5]:main():gmm-align-compiled.cc:127) F0000000082_0028
LOG (gmm-align-compiled[5.5.0~1494-e5a5]:main():gmm-align-compiled.cc:127) F0000000082_0044
LOG (gmm-align-compiled[5.5.0~1494-e5a5]:main():gmm-align-compiled.cc:127) F0000000082_0059
LOG (gmm-align-compiled[5.5.0~1494-e5a5]:main():gmm-align-compiled.cc:127) F0000000082_0075
LOG (gmm-align-compiled[5.5.0~1494-e5a5]:main():gmm-align-compiled.cc:127) F0000000082_0090
LOG (gmm-align-compiled[5.5.0~1494-e5a5]:main():gmm-align-compiled.cc:127) F0000000088_0003
LOG (gmm-align-compiled[5.5.0~1494-e5a5]:main():gmm-align-compiled.cc:127) F0000000088_0018
LOG (gmm-align-compiled[5.5.0~1494-e5a5]:main():gmm-align-compiled.cc:127) F0000000088_0034
LOG (gmm-align-compiled[5.5.0~1494-e5a5]:main():gmm-align-compiled.cc:127) F0000000088_0049
LOG (gmm-align-compiled[5.5.0~1494-e5a5]:main():gmm-align-compiled.cc:127) F0000000088_0065
LOG (gmm-align-compiled[5.5.0~1494-e5a5]:main():gmm-align-compiled.cc:127) F0000000088_0080
LOG (gmm-align-compiled[5.5.0~1494-e5a5]:main():gmm-align-compiled.cc:127) F0000000088_0096
LOG (gmm-align-compiled[5.5.0~1494-e5a5]:main():gmm-align-compiled.cc:127) F0000000089_0009
LOG (gmm-align-compiled[5.5.0~1494-e5a5]:main():gmm-align-compiled.cc:127) F0000000089_0024
LOG (gmm-align-compiled[5.5.0~1494-e5a5]:main():gmm-align-compiled.cc:127) F0000000089_0039
LOG (gmm-align-compiled[5.5.0~1494-e5a5]:main():gmm-align-compiled.cc:127) F0000000089_0055
LOG (gmm-align-compiled[5.5.0~1494-e5a5]:main():gmm-align-compiled.cc:127) F0000000089_0070
LOG (gmm-align-compiled[5.5.0~1494-e5a5]:main():gmm-align-compiled.cc:127) F0000000089_0086
LOG (gmm-align-compiled[5.5.0~1494-e5a5]:main():gmm-align-compiled.cc:127) F0000000089_0101
WARNING (gmm-align-compiled[5.5.0~1494-e5a5]:AlignUtteranceWrapper():decoder-wrappers.cc:618) Retrying utterance F0000000089_0101 with beam 40
LOG (gmm-align-compiled[5.5.0~1494-e5a5]:main():gmm-align-compiled.cc:127) F0000000100_0015
LOG (gmm-align-compiled[5.5.0~1494-e5a5]:main():gmm-align-compiled.cc:127) F0000000100_0030
LOG (gmm-align-compiled[5.5.0~1494-e5a5]:main():gmm-align-compiled.cc:127) F0000000100_0046
LOG (gmm-align-compiled[5.5.0~1494-e5a5]:main():gmm-align-compiled.cc:127) F0000000100_0061
LOG (gmm-align-compiled[5.5.0~1494-e5a5]:main():gmm-align-compiled.cc:127) F0000000100_0077
LOG (gmm-align-compiled[5.5.0~1494-e5a5]:main():gmm-align-compiled.cc:127) F0000000100_0092
LOG (gmm-align-compiled[5.5.0~1494-e5a5]:main():gmm-align-compiled.cc:127) F0000000108_0007
LOG (gmm-align-compiled[5.5.0~1494-e5a5]:main():gmm-align-compiled.cc:127) F0000000108_0022
LOG (gmm-align-compiled[5.5.0~1494-e5a5]:main():gmm-align-compiled.cc:127) F0000000108_0038
LOG (gmm-align-compiled[5.5.0~1494-e5a5]:main():gmm-align-compiled.cc:127) F0000000108_0053
LOG (gmm-align-compiled[5.5.0~1494-e5a5]:main():gmm-align-compiled.cc:127) F0000000108_0068
LOG (gmm-align-compiled[5.5.0~1494-e5a5]:main():gmm-align-compiled.cc:127) F0000000108_0083
LOG (gmm-align-compiled[5.5.0~1494-e5a5]:main():gmm-align-compiled.cc:127) F0000000108_0099
LOG (gmm-align-compiled[5.5.0~1494-e5a5]:main():gmm-align-compiled.cc:127) F0000000120_0012
LOG (gmm-align-compiled[5.5.0~1494-e5a5]:main():gmm-align-compiled.cc:127) F0000000120_0028
LOG (gmm-align-compiled[5.5.0~1494-e5a5]:main():gmm-align-compiled.cc:127) F0000000120_0043
LOG (gmm-align-compiled[5.5.0~1494-e5a5]:main():gmm-align-compiled.cc:127) F0000000120_0059
LOG (gmm-align-compiled[5.5.0~1494-e5a5]:main():gmm-align-compiled.cc:127) F0000000120_0074
LOG (gmm-align-compiled[5.5.0~1494-e5a5]:main():gmm-align-compiled.cc:127) F0000000120_0089
LOG (gmm-align-compiled[5.5.0~1494-e5a5]:main():gmm-align-compiled.cc:127) M0000000017_0002
LOG (gmm-align-compiled[5.5.0~1494-e5a5]:main():gmm-align-compiled.cc:127) M0000000017_0018
LOG (gmm-align-compiled[5.5.0~1494-e5a5]:main():gmm-align-compiled.cc:127) M0000000017_0033
LOG (gmm-align-compiled[5.5.0~1494-e5a5]:main():gmm-align-compiled.cc:127) M0000000017_0049
LOG (gmm-align-compiled[5.5.0~1494-e5a5]:main():gmm-align-compiled.cc:127) M0000000017_0064
LOG (gmm-align-compiled[5.5.0~1494-e5a5]:main():gmm-align-compiled.cc:127) M0000000017_0080
LOG (gmm-align-compiled[5.5.0~1494-e5a5]:main():gmm-align-compiled.cc:127) M0000000017_0095
LOG (gmm-align-compiled[5.5.0~1494-e5a5]:main():gmm-align-compiled.cc:127) M0000000018_0009
LOG (gmm-align-compiled[5.5.0~1494-e5a5]:main():gmm-align-compiled.cc:127) M0000000018_0024
LOG (gmm-align-compiled[5.5.0~1494-e5a5]:main():gmm-align-compiled.cc:127) M0000000018_0040
WARNING (gmm-align-compiled[5.5.0~1494-e5a5]:AlignUtteranceWrapper():decoder-wrappers.cc:618) Retrying utterance M0000000018_0040 with beam 40
LOG (gmm-align-compiled[5.5.0~1494-e5a5]:main():gmm-align-compiled.cc:127) M0000000018_0055
LOG (gmm-align-compiled[5.5.0~1494-e5a5]:main():gmm-align-compiled.cc:127) M0000000018_0071
WARNING (gmm-align-compiled[5.5.0~1494-e5a5]:AlignUtteranceWrapper():decoder-wrappers.cc:618) Retrying utterance M0000000018_0071 with beam 40
LOG (gmm-align-compiled[5.5.0~1494-e5a5]:main():gmm-align-compiled.cc:127) M0000000018_0086
WARNING (gmm-align-compiled[5.5.0~1494-e5a5]:AlignUtteranceWrapper():decoder-wrappers.cc:618) Retrying utterance M0000000018_0086 with beam 40
LOG (gmm-align-compiled[5.5.0~1494-e5a5]:main():gmm-align-compiled.cc:127) M0000000019_0000
LOG (gmm-align-compiled[5.5.0~1494-e5a5]:main():gmm-align-compiled.cc:127) M0000000019_0015
LOG (gmm-align-compiled[5.5.0~1494-e5a5]:main():gmm-align-compiled.cc:127) M0000000019_0031
LOG (gmm-align-compiled[5.5.0~1494-e5a5]:main():gmm-align-compiled.cc:127) M0000000019_0046
LOG (gmm-align-compiled[5.5.0~1494-e5a5]:main():gmm-align-compiled.cc:127) M0000000019_0062
LOG (gmm-align-compiled[5.5.0~1494-e5a5]:main():gmm-align-compiled.cc:127) M0000000019_0077
LOG (gmm-align-compiled[5.5.0~1494-e5a5]:main():gmm-align-compiled.cc:127) M0000000019_0093
LOG (apply-cmvn[5.5.0~1494-e5a5]:main():apply-cmvn.cc:162) Applied cepstral mean normalization to 254 utterances, errors on 0
LOG (gmm-align-compiled[5.5.0~1494-e5a5]:main():gmm-align-compiled.cc:127) M0000000020_0006
LOG (gmm-align-compiled[5.5.0~1494-e5a5]:main():gmm-align-compiled.cc:127) M0000000020_0022
LOG (gmm-align-compiled[5.5.0~1494-e5a5]:main():gmm-align-compiled.cc:127) M0000000020_0052
LOG (gmm-align-compiled[5.5.0~1494-e5a5]:main():gmm-align-compiled.cc:127) M0000000020_0067
LOG (gmm-align-compiled[5.5.0~1494-e5a5]:main():gmm-align-compiled.cc:127) M0000000020_0083
LOG (gmm-align-compiled[5.5.0~1494-e5a5]:main():gmm-align-compiled.cc:127) M0000000020_0098
LOG (gmm-align-compiled[5.5.0~1494-e5a5]:main():gmm-align-compiled.cc:135) Overall log-likelihood per frame is -85.4337 over 113979 frames.
LOG (gmm-align-compiled[5.5.0~1494-e5a5]:main():gmm-align-compiled.cc:137) Retried 9 out of 254 utterances.
LOG (gmm-align-compiled[5.5.0~1494-e5a5]:main():gmm-align-compiled.cc:139) Done 254, errors on 0
# Accounting: time=2 threads=1
# Ended (code 0) at Mon May 17 08:33:06 UTC 2021, elapsed time 2 seconds
