# lattice-scale --inv-acoustic-scale=14 "ark:gunzip -c exp/tri1/decode/lat.*.gz|" ark:- | lattice-add-penalty --word-ins-penalty=0.0 ark:- ark:- | lattice-best-path --word-symbol-table=exp/tri1/graph/words.txt ark:- ark,t:- | utils/int2sym.pl -f 2- exp/tri1/graph/words.txt | cat > exp/tri1/decode/scoring_kaldi/penalty_0.0/14.txt 
# Started at Thu Oct 29 18:11:57 UTC 2020
#
lattice-scale --inv-acoustic-scale=14 'ark:gunzip -c exp/tri1/decode/lat.*.gz|' ark:- 
lattice-best-path --word-symbol-table=exp/tri1/graph/words.txt ark:- ark,t:- 
lattice-add-penalty --word-ins-penalty=0.0 ark:- ark:- 
LOG (lattice-best-path[5.5.0~1494-e5a5]:main():lattice-best-path.cc:99) For utterance uid41, best cost 64.0023 + 6336.42 = 6400.42 over 1262 frames.
uid41 กบ ไก่ กา กบ ไก่ กา ไก่ กระต่าย ไก่ 
LOG (lattice-best-path[5.5.0~1494-e5a5]:main():lattice-best-path.cc:99) For utterance uid42, best cost 61.823 + 6514.42 = 6576.24 over 1268 frames.
uid42 กบ ไก่ กา กบ ไก่ กา ไก่ กระต่าย กา 
LOG (lattice-best-path[5.5.0~1494-e5a5]:main():lattice-best-path.cc:99) For utterance uid43, best cost 72.4067 + 6563.45 = 6635.86 over 1312 frames.
uid43 กบ ไก่ กา กบ ไก่ กา ไก่ กระต่าย กา ไก่ 
LOG (lattice-best-path[5.5.0~1494-e5a5]:main():lattice-best-path.cc:99) For utterance uid44, best cost 82.2531 + 6497.71 = 6579.96 over 1256 frames.
uid44 กบ ไก่ กา กบ กบ กา ไก่ กบ กระต่าย ไก่ 
LOG (lattice-best-path[5.5.0~1494-e5a5]:main():lattice-best-path.cc:99) For utterance uid45, best cost 90.0885 + 7169.31 = 7259.4 over 1308 frames.
uid45 กบ กบ กบ กา ไก่ กา กบ กระต่าย กา ไก่ กระต่าย กา กบ 
LOG (lattice-best-path[5.5.0~1494-e5a5]:main():lattice-best-path.cc:99) For utterance uid46, best cost 76.4883 + 6259.22 = 6335.71 over 1165 frames.
uid46 กบ กา ไก่ กา ไก่ ไก่ ไก่ กา ไก่ ไก่ กา กระต่าย 
LOG (lattice-best-path[5.5.0~1494-e5a5]:main():lattice-best-path.cc:99) For utterance uid47, best cost 90.3351 + 6915.97 = 7006.31 over 1310 frames.
uid47 กา กบ กบ ไก่ กา กบ กา ไก่ กา ไก่ กบ ไก่ กระต่าย ไก่ 
LOG (lattice-best-path[5.5.0~1494-e5a5]:main():lattice-best-path.cc:99) For utterance uid48, best cost 76.0729 + 6518.53 = 6594.6 over 1253 frames.
uid48 กบ กบ ไก่ กา ไก่ กบ ไก่ กา ไก่ ไก่ กา กระต่าย 
LOG (lattice-best-path[5.5.0~1494-e5a5]:main():lattice-best-path.cc:99) For utterance uid49, best cost 80.0212 + 6690.85 = 6770.87 over 1303 frames.
uid49 กบ ไก่ ไก่ กา กบ ไก่ ไก่ กา กระต่าย ไก่ กา กระต่าย 
LOG (lattice-scale[5.5.0~1494-e5a5]:main():lattice-scale.cc:107) Done 16 lattices.
LOG (lattice-best-path[5.5.0~1494-e5a5]:main():lattice-best-path.cc:99) For utterance uid50, best cost 69.7455 + 6307.88 = 6377.62 over 1214 frames.
uid50 กบ กา ไก่ กา กบ กระต่าย กบ กา ไก่ ไก่ กา 
LOG (lattice-best-path[5.5.0~1494-e5a5]:main():lattice-best-path.cc:99) For utterance uid51, best cost 14.4003 + 2271.18 = 2285.58 over 316 frames.
uid51 กบ 
LOG (lattice-best-path[5.5.0~1494-e5a5]:main():lattice-best-path.cc:99) For utterance uid52, best cost 19.3631 + 1839.42 = 1858.78 over 269 frames.
uid52 กบ กบ 
LOG (lattice-best-path[5.5.0~1494-e5a5]:main():lattice-best-path.cc:99) For utterance uid53, best cost 16.8844 + 1249.58 = 1266.46 over 201 frames.
uid53 กบ 
LOG (lattice-best-path[5.5.0~1494-e5a5]:main():lattice-best-path.cc:99) For utterance uid54, best cost 18.9635 + 1354.2 = 1373.16 over 237 frames.
uid54 กา ไก่ กา 
LOG (lattice-best-path[5.5.0~1494-e5a5]:main():lattice-best-path.cc:99) For utterance uid55, best cost 19.3984 + 1759.86 = 1779.26 over 313 frames.
uid55 กบ กา 
LOG (lattice-best-path[5.5.0~1494-e5a5]:main():lattice-best-path.cc:99) For utterance uid56, best cost 20.0492 + 1730.7 = 1750.75 over 297 frames.
uid56 กบ กา กระต่าย 
LOG (lattice-add-penalty[5.5.0~1494-e5a5]:main():lattice-add-penalty.cc:62) Done adding word insertion penalty to 16 lattices.
LOG (lattice-best-path[5.5.0~1494-e5a5]:main():lattice-best-path.cc:124) Overall cost per frame is 5.38021 = 0.061068 [graph] + 5.31915 [acoustic] over 14284 frames.
LOG (lattice-best-path[5.5.0~1494-e5a5]:main():lattice-best-path.cc:128) Done 16 lattices, failed for 0
# Accounting: time=0 threads=1
# Ended (code 0) at Thu Oct 29 18:11:57 UTC 2020, elapsed time 0 seconds
