# gmm-acc-stats-ali exp/mono/15.mdl "ark,s,cs:apply-cmvn  --utt2spk=ark:data/train/split1/1/utt2spk scp:data/train/split1/1/cmvn.scp scp:data/train/split1/1/feats.scp ark:- | add-deltas  ark:- ark:- |" "ark:gunzip -c exp/mono/ali.1.gz|" exp/mono/15.1.acc 
# Started at Sun May  2 16:19:33 UTC 2021
#
gmm-acc-stats-ali exp/mono/15.mdl 'ark,s,cs:apply-cmvn  --utt2spk=ark:data/train/split1/1/utt2spk scp:data/train/split1/1/cmvn.scp scp:data/train/split1/1/feats.scp ark:- | add-deltas  ark:- ark:- |' 'ark:gunzip -c exp/mono/ali.1.gz|' exp/mono/15.1.acc 
add-deltas ark:- ark:- 
apply-cmvn --utt2spk=ark:data/train/split1/1/utt2spk scp:data/train/split1/1/cmvn.scp scp:data/train/split1/1/feats.scp ark:- 
LOG (gmm-acc-stats-ali[5.5.0~1494-e5a5]:main():gmm-acc-stats-ali.cc:105) Processed 50 utterances; for utterance CCF002_Pa002_015 avg. like is -91.447 over 772 frames.
LOG (gmm-acc-stats-ali[5.5.0~1494-e5a5]:main():gmm-acc-stats-ali.cc:105) Processed 100 utterances; for utterance CCF004_Pa004_030 avg. like is -93.7162 over 309 frames.
LOG (gmm-acc-stats-ali[5.5.0~1494-e5a5]:main():gmm-acc-stats-ali.cc:105) Processed 150 utterances; for utterance CCF007_Pa007_010 avg. like is -86.9108 over 427 frames.
LOG (gmm-acc-stats-ali[5.5.0~1494-e5a5]:main():gmm-acc-stats-ali.cc:105) Processed 200 utterances; for utterance CCF008_Pa008_025 avg. like is -94.0596 over 1929 frames.
WARNING (gmm-acc-stats-ali[5.5.0~1494-e5a5]:main():gmm-acc-stats-ali.cc:79) No alignment for utterance CCF009_Pa009_018
LOG (gmm-acc-stats-ali[5.5.0~1494-e5a5]:main():gmm-acc-stats-ali.cc:105) Processed 250 utterances; for utterance CCF011_Pa011_006 avg. like is -92.8568 over 206 frames.
LOG (gmm-acc-stats-ali[5.5.0~1494-e5a5]:main():gmm-acc-stats-ali.cc:105) Processed 300 utterances; for utterance CCF014_Pa014_021 avg. like is -93.7759 over 779 frames.
LOG (gmm-acc-stats-ali[5.5.0~1494-e5a5]:main():gmm-acc-stats-ali.cc:105) Processed 350 utterances; for utterance CCF020_Pa020_001 avg. like is -90.7346 over 1092 frames.
LOG (gmm-acc-stats-ali[5.5.0~1494-e5a5]:main():gmm-acc-stats-ali.cc:105) Processed 400 utterances; for utterance CCF024_Pa024_016 avg. like is -94.7131 over 339 frames.
LOG (gmm-acc-stats-ali[5.5.0~1494-e5a5]:main():gmm-acc-stats-ali.cc:105) Processed 450 utterances; for utterance CCM025_Pa025_031 avg. like is -94.3397 over 448 frames.
LOG (gmm-acc-stats-ali[5.5.0~1494-e5a5]:main():gmm-acc-stats-ali.cc:105) Processed 500 utterances; for utterance CCM030_Pa030_011 avg. like is -93.8672 over 848 frames.
LOG (gmm-acc-stats-ali[5.5.0~1494-e5a5]:main():gmm-acc-stats-ali.cc:105) Processed 550 utterances; for utterance CCM032_Pa032_026 avg. like is -93.1116 over 341 frames.
LOG (gmm-acc-stats-ali[5.5.0~1494-e5a5]:main():gmm-acc-stats-ali.cc:105) Processed 600 utterances; for utterance CCM036_Pa036_006 avg. like is -90.8971 over 552 frames.
LOG (gmm-acc-stats-ali[5.5.0~1494-e5a5]:main():gmm-acc-stats-ali.cc:105) Processed 650 utterances; for utterance CCM037_Pa037_021 avg. like is -93.3842 over 1621 frames.
LOG (gmm-acc-stats-ali[5.5.0~1494-e5a5]:main():gmm-acc-stats-ali.cc:105) Processed 700 utterances; for utterance CCM043_Pa043_001 avg. like is -99.5788 over 406 frames.
WARNING (gmm-acc-stats-ali[5.5.0~1494-e5a5]:main():gmm-acc-stats-ali.cc:79) No alignment for utterance CCM043_Pa043_031
LOG (gmm-acc-stats-ali[5.5.0~1494-e5a5]:main():gmm-acc-stats-ali.cc:105) Processed 750 utterances; for utterance CCM044_Pa044_017 avg. like is -97.7185 over 232 frames.
LOG (gmm-acc-stats-ali[5.5.0~1494-e5a5]:main():gmm-acc-stats-ali.cc:105) Processed 800 utterances; for utterance CCM046_Pa046_032 avg. like is -92.9593 over 496 frames.
LOG (gmm-acc-stats-ali[5.5.0~1494-e5a5]:main():gmm-acc-stats-ali.cc:105) Processed 850 utterances; for utterance COF001_Pa001_012 avg. like is -90.8704 over 338 frames.
LOG (gmm-acc-stats-ali[5.5.0~1494-e5a5]:main():gmm-acc-stats-ali.cc:105) Processed 900 utterances; for utterance COF002_Pa002_027 avg. like is -97.4446 over 565 frames.
LOG (gmm-acc-stats-ali[5.5.0~1494-e5a5]:main():gmm-acc-stats-ali.cc:105) Processed 950 utterances; for utterance COF005_Pa005_007 avg. like is -96.3558 over 370 frames.
LOG (gmm-acc-stats-ali[5.5.0~1494-e5a5]:main():gmm-acc-stats-ali.cc:105) Processed 1000 utterances; for utterance COF007_Pa007_022 avg. like is -88.8114 over 570 frames.
LOG (gmm-acc-stats-ali[5.5.0~1494-e5a5]:main():gmm-acc-stats-ali.cc:105) Processed 1050 utterances; for utterance COF009_Pa009_002 avg. like is -98.6218 over 539 frames.
WARNING (gmm-acc-stats-ali[5.5.0~1494-e5a5]:main():gmm-acc-stats-ali.cc:79) No alignment for utterance COF009_Pa009_018
LOG (gmm-acc-stats-ali[5.5.0~1494-e5a5]:main():gmm-acc-stats-ali.cc:105) Processed 1100 utterances; for utterance COF011_Pa011_018 avg. like is -90.9884 over 1620 frames.
LOG (gmm-acc-stats-ali[5.5.0~1494-e5a5]:main():gmm-acc-stats-ali.cc:105) Processed 1150 utterances; for utterance COF014_Pa014_033 avg. like is -93.1086 over 454 frames.
LOG (gmm-acc-stats-ali[5.5.0~1494-e5a5]:main():gmm-acc-stats-ali.cc:105) Processed 1200 utterances; for utterance COF020_Pa020_013 avg. like is -86.4783 over 333 frames.
LOG (gmm-acc-stats-ali[5.5.0~1494-e5a5]:main():gmm-acc-stats-ali.cc:105) Processed 1250 utterances; for utterance COF024_Pa024_028 avg. like is -94.3497 over 442 frames.
LOG (gmm-acc-stats-ali[5.5.0~1494-e5a5]:main():gmm-acc-stats-ali.cc:105) Processed 1300 utterances; for utterance COM027_Pa027_008 avg. like is -93.6842 over 478 frames.
LOG (gmm-acc-stats-ali[5.5.0~1494-e5a5]:main():gmm-acc-stats-ali.cc:105) Processed 1350 utterances; for utterance COM030_Pa030_023 avg. like is -90.1058 over 449 frames.
LOG (gmm-acc-stats-ali[5.5.0~1494-e5a5]:main():gmm-acc-stats-ali.cc:105) Processed 1400 utterances; for utterance COM034_Pa034_003 avg. like is -101.756 over 428 frames.
LOG (gmm-acc-stats-ali[5.5.0~1494-e5a5]:main():gmm-acc-stats-ali.cc:105) Processed 1450 utterances; for utterance COM036_Pa036_018 avg. like is -86.8464 over 1288 frames.
LOG (gmm-acc-stats-ali[5.5.0~1494-e5a5]:main():gmm-acc-stats-ali.cc:105) Processed 1500 utterances; for utterance COM037_Pa037_033 avg. like is -94.1909 over 495 frames.
LOG (gmm-acc-stats-ali[5.5.0~1494-e5a5]:main():gmm-acc-stats-ali.cc:105) Processed 1550 utterances; for utterance COM043_Pa043_013 avg. like is -97.8588 over 445 frames.
WARNING (gmm-acc-stats-ali[5.5.0~1494-e5a5]:main():gmm-acc-stats-ali.cc:79) No alignment for utterance COM043_Pa043_031
LOG (gmm-acc-stats-ali[5.5.0~1494-e5a5]:main():gmm-acc-stats-ali.cc:105) Processed 1600 utterances; for utterance COM044_Pa044_029 avg. like is -95.0283 over 551 frames.
LOG (gmm-acc-stats-ali[5.5.0~1494-e5a5]:main():gmm-acc-stats-ali.cc:105) Processed 1650 utterances; for utterance COM047_Pa047_009 avg. like is -96.1381 over 470 frames.
LOG (gmm-acc-stats-ali[5.5.0~1494-e5a5]:main():gmm-acc-stats-ali.cc:105) Processed 1700 utterances; for utterance UCF001_Pa001_024 avg. like is -93.3858 over 422 frames.
LOG (gmm-acc-stats-ali[5.5.0~1494-e5a5]:main():gmm-acc-stats-ali.cc:105) Processed 1750 utterances; for utterance UCF004_Pa004_004 avg. like is -97.6301 over 461 frames.
LOG (gmm-acc-stats-ali[5.5.0~1494-e5a5]:main():gmm-acc-stats-ali.cc:105) Processed 1800 utterances; for utterance UCF005_Pa005_019 avg. like is -97.8056 over 919 frames.
LOG (gmm-acc-stats-ali[5.5.0~1494-e5a5]:main():gmm-acc-stats-ali.cc:105) Processed 1850 utterances; for utterance UCF007_Pa007_034 avg. like is -93.3013 over 690 frames.
LOG (gmm-acc-stats-ali[5.5.0~1494-e5a5]:main():gmm-acc-stats-ali.cc:105) Processed 1900 utterances; for utterance UCF009_Pa009_014 avg. like is -90.3203 over 622 frames.
WARNING (gmm-acc-stats-ali[5.5.0~1494-e5a5]:main():gmm-acc-stats-ali.cc:79) No alignment for utterance UCF009_Pa009_018
LOG (gmm-acc-stats-ali[5.5.0~1494-e5a5]:main():gmm-acc-stats-ali.cc:105) Processed 1950 utterances; for utterance UCF011_Pa011_030 avg. like is -93.5199 over 1417 frames.
LOG (gmm-acc-stats-ali[5.5.0~1494-e5a5]:main():gmm-acc-stats-ali.cc:105) Processed 2000 utterances; for utterance UCF017_Pa017_010 avg. like is -97.4664 over 306 frames.
LOG (gmm-acc-stats-ali[5.5.0~1494-e5a5]:main():gmm-acc-stats-ali.cc:105) Processed 2050 utterances; for utterance UCF020_Pa020_025 avg. like is -91.4489 over 303 frames.
LOG (gmm-acc-stats-ali[5.5.0~1494-e5a5]:main():gmm-acc-stats-ali.cc:105) Processed 2100 utterances; for utterance UCM025_Pa025_005 avg. like is -96.4007 over 310 frames.
LOG (gmm-acc-stats-ali[5.5.0~1494-e5a5]:main():gmm-acc-stats-ali.cc:105) Processed 2150 utterances; for utterance UCM027_Pa027_020 avg. like is -91.5865 over 698 frames.
LOG (gmm-acc-stats-ali[5.5.0~1494-e5a5]:main():gmm-acc-stats-ali.cc:105) Processed 2200 utterances; for utterance UCM030_Pa030_035 avg. like is -96.8126 over 1421 frames.
LOG (gmm-acc-stats-ali[5.5.0~1494-e5a5]:main():gmm-acc-stats-ali.cc:105) Processed 2250 utterances; for utterance UCM034_Pa034_015 avg. like is -96.5627 over 383 frames.
LOG (gmm-acc-stats-ali[5.5.0~1494-e5a5]:main():gmm-acc-stats-ali.cc:105) Processed 2300 utterances; for utterance UCM036_Pa036_030 avg. like is -92.6119 over 398 frames.
LOG (gmm-acc-stats-ali[5.5.0~1494-e5a5]:main():gmm-acc-stats-ali.cc:105) Processed 2350 utterances; for utterance UCM040_Pa040_010 avg. like is -95.0271 over 273 frames.
LOG (gmm-acc-stats-ali[5.5.0~1494-e5a5]:main():gmm-acc-stats-ali.cc:105) Processed 2400 utterances; for utterance UCM043_Pa043_025 avg. like is -100.321 over 252 frames.
WARNING (gmm-acc-stats-ali[5.5.0~1494-e5a5]:main():gmm-acc-stats-ali.cc:79) No alignment for utterance UCM043_Pa043_031
LOG (gmm-acc-stats-ali[5.5.0~1494-e5a5]:main():gmm-acc-stats-ali.cc:105) Processed 2450 utterances; for utterance UCM046_Pa046_006 avg. like is -98.0496 over 786 frames.
LOG (gmm-acc-stats-ali[5.5.0~1494-e5a5]:main():gmm-acc-stats-ali.cc:105) Processed 2500 utterances; for utterance UCM047_Pa047_021 avg. like is -93.6585 over 347 frames.
LOG (gmm-acc-stats-ali[5.5.0~1494-e5a5]:main():gmm-acc-stats-ali.cc:105) Processed 2550 utterances; for utterance UOF002_Pa002_001 avg. like is -89.9821 over 234 frames.
LOG (gmm-acc-stats-ali[5.5.0~1494-e5a5]:main():gmm-acc-stats-ali.cc:105) Processed 2600 utterances; for utterance UOF004_Pa004_016 avg. like is -93.6421 over 847 frames.
LOG (gmm-acc-stats-ali[5.5.0~1494-e5a5]:main():gmm-acc-stats-ali.cc:105) Processed 2650 utterances; for utterance UOF005_Pa005_031 avg. like is -97.1918 over 437 frames.
LOG (gmm-acc-stats-ali[5.5.0~1494-e5a5]:main():gmm-acc-stats-ali.cc:105) Processed 2700 utterances; for utterance UOF008_Pa008_011 avg. like is -93.3369 over 408 frames.
WARNING (gmm-acc-stats-ali[5.5.0~1494-e5a5]:main():gmm-acc-stats-ali.cc:79) No alignment for utterance UOF009_Pa009_018
LOG (gmm-acc-stats-ali[5.5.0~1494-e5a5]:main():gmm-acc-stats-ali.cc:105) Processed 2750 utterances; for utterance UOF009_Pa009_027 avg. like is -95.8945 over 431 frames.
LOG (gmm-acc-stats-ali[5.5.0~1494-e5a5]:main():gmm-acc-stats-ali.cc:105) Processed 2800 utterances; for utterance UOF014_Pa014_007 avg. like is -91.3094 over 624 frames.
LOG (gmm-acc-stats-ali[5.5.0~1494-e5a5]:main():gmm-acc-stats-ali.cc:105) Processed 2850 utterances; for utterance UOF017_Pa017_022 avg. like is -93.0091 over 636 frames.
LOG (gmm-acc-stats-ali[5.5.0~1494-e5a5]:main():gmm-acc-stats-ali.cc:105) Processed 2900 utterances; for utterance UOF024_Pa024_002 avg. like is -94.0201 over 675 frames.
LOG (gmm-acc-stats-ali[5.5.0~1494-e5a5]:main():gmm-acc-stats-ali.cc:105) Processed 2950 utterances; for utterance UOM025_Pa025_017 avg. like is -94.9258 over 287 frames.
LOG (gmm-acc-stats-ali[5.5.0~1494-e5a5]:main():gmm-acc-stats-ali.cc:105) Processed 3000 utterances; for utterance UOM027_Pa027_032 avg. like is -92.8317 over 2072 frames.
LOG (gmm-acc-stats-ali[5.5.0~1494-e5a5]:main():gmm-acc-stats-ali.cc:105) Processed 3050 utterances; for utterance UOM032_Pa032_012 avg. like is -96.6421 over 416 frames.
LOG (gmm-acc-stats-ali[5.5.0~1494-e5a5]:main():gmm-acc-stats-ali.cc:105) Processed 3100 utterances; for utterance UOM034_Pa034_027 avg. like is -93.7249 over 433 frames.
LOG (gmm-acc-stats-ali[5.5.0~1494-e5a5]:main():gmm-acc-stats-ali.cc:105) Processed 3150 utterances; for utterance UOM037_Pa037_007 avg. like is -91.8549 over 1212 frames.
LOG (gmm-acc-stats-ali[5.5.0~1494-e5a5]:main():gmm-acc-stats-ali.cc:105) Processed 3200 utterances; for utterance UOM040_Pa040_022 avg. like is -95.9816 over 372 frames.
WARNING (gmm-acc-stats-ali[5.5.0~1494-e5a5]:main():gmm-acc-stats-ali.cc:79) No alignment for utterance UOM043_Pa043_031
LOG (gmm-acc-stats-ali[5.5.0~1494-e5a5]:main():gmm-acc-stats-ali.cc:105) Processed 3250 utterances; for utterance UOM044_Pa044_003 avg. like is -91.182 over 584 frames.
LOG (gmm-acc-stats-ali[5.5.0~1494-e5a5]:main():gmm-acc-stats-ali.cc:105) Processed 3300 utterances; for utterance UOM046_Pa046_018 avg. like is -93.485 over 1186 frames.
LOG (apply-cmvn[5.5.0~1494-e5a5]:main():apply-cmvn.cc:162) Applied cepstral mean normalization to 3360 utterances, errors on 0
LOG (gmm-acc-stats-ali[5.5.0~1494-e5a5]:main():gmm-acc-stats-ali.cc:105) Processed 3350 utterances; for utterance UOM047_Pa047_033 avg. like is -91.8594 over 497 frames.
LOG (gmm-acc-stats-ali[5.5.0~1494-e5a5]:main():gmm-acc-stats-ali.cc:112) Done 3352 files, 8 with errors.
LOG (gmm-acc-stats-ali[5.5.0~1494-e5a5]:main():gmm-acc-stats-ali.cc:115) Overall avg like per frame (Gaussian only) = -94.1048 over 2120470 frames.
LOG (gmm-acc-stats-ali[5.5.0~1494-e5a5]:main():gmm-acc-stats-ali.cc:123) Written accs.
# Accounting: time=4 threads=1
# Ended (code 0) at Sun May  2 16:19:37 UTC 2021, elapsed time 4 seconds
