# gmm-est --write-occs=exp/mono/27.occs --mix-up=865 --power=0.25 exp/mono/26.mdl "gmm-sum-accs - exp/mono/26.*.acc|" exp/mono/27.mdl 
# Started at Sun May  2 16:22:41 UTC 2021
#
gmm-est --write-occs=exp/mono/27.occs --mix-up=865 --power=0.25 exp/mono/26.mdl 'gmm-sum-accs - exp/mono/26.*.acc|' exp/mono/27.mdl 
gmm-sum-accs - exp/mono/26.1.acc 
LOG (gmm-sum-accs[5.5.0~1494-e5a5]:main():gmm-sum-accs.cc:63) Summed 1 stats, total count 2.12047e+06, avg like/frame -93.1985
LOG (gmm-sum-accs[5.5.0~1494-e5a5]:main():gmm-sum-accs.cc:66) Total count of stats is 2.12047e+06
LOG (gmm-sum-accs[5.5.0~1494-e5a5]:main():gmm-sum-accs.cc:67) Written stats to -
LOG (gmm-est[5.5.0~1494-e5a5]:MleUpdate():transition-model.cc:528) TransitionModel::Update, objf change is 7.56309e-05 per frame over 2.12047e+06 frames. 
LOG (gmm-est[5.5.0~1494-e5a5]:MleUpdate():transition-model.cc:531) 24 probabilities floored, 437 out of 865 transition-states skipped due to insuffient data (it is normal to have some skipped.)
LOG (gmm-est[5.5.0~1494-e5a5]:main():gmm-est.cc:102) Transition model update: Overall 7.56309e-05 log-like improvement per frame over 2.12047e+06 frames.
WARNING (gmm-est[5.5.0~1494-e5a5]:MleDiagGmmUpdate():mle-diag-gmm.cc:365) Gaussian has too little data but not removing it because it is the last Gaussian: i = 0, occ = 4, weight = 1
LOG (gmm-est[5.5.0~1494-e5a5]:MleAmDiagGmmUpdate():mle-am-diag-gmm.cc:225) 0 variance elements floored in 0 Gaussians, out of 839
LOG (gmm-est[5.5.0~1494-e5a5]:MleAmDiagGmmUpdate():mle-am-diag-gmm.cc:229) Removed 0 Gaussians due to counts < --min-gaussian-occupancy=10 and --remove-low-count-gaussians=true
LOG (gmm-est[5.5.0~1494-e5a5]:main():gmm-est.cc:113) GMM update: Overall 0.0373778 objective function improvement per frame over 2.12047e+06 frames
LOG (gmm-est[5.5.0~1494-e5a5]:main():gmm-est.cc:116) GMM update: Overall avg like per frame = -93.1985 over 2.12047e+06 frames.
LOG (gmm-est[5.5.0~1494-e5a5]:SplitByCount():am-diag-gmm.cc:116) Split 215 states with target = 865, power = 0.25, perturb_factor = 0.01 and min_count = 20, split #Gauss from 839 to 865
LOG (gmm-est[5.5.0~1494-e5a5]:main():gmm-est.cc:146) Written model to exp/mono/27.mdl
# Accounting: time=0 threads=1
# Ended (code 0) at Sun May  2 16:22:41 UTC 2021, elapsed time 0 seconds
