# gunzip -c exp/tri1/decode/depth_stats_tmp.*.gz | steps/diagnostic/analyze_lattice_depth_stats.py exp/tri1/graph 
# Started at Mon May 17 08:50:18 UTC 2021
#
The total amount of data analyzed assuming 100 frames per second is 0.3 hours
Overall, lattice depth (10,50,90-percentile)=(1,4,23) and mean=9.2
Nonsilence phones as a group account for 64.9% of frames, with lattice depth (10,50,90-percentile)=(1,5,26) and mean=10.2
Phone SIL accounts for 35.1% of frames, with lattice depth (10,50,90-percentile)=(1,4,19) and mean=7.4
Phone aa_I accounts for 5.2% of frames, with lattice depth (10,50,90-percentile)=(1,4,24) and mean=9.0
Phone a_I accounts for 5.2% of frames, with lattice depth (10,50,90-percentile)=(1,5,26) and mean=10.9
Phone @@_I accounts for 2.3% of frames, with lattice depth (10,50,90-percentile)=(1,2,24) and mean=8.5
Phone j^4_E accounts for 2.3% of frames, with lattice depth (10,50,90-percentile)=(1,5,18) and mean=7.3
Phone j^0_E accounts for 2.2% of frames, with lattice depth (10,50,90-percentile)=(2,4,19) and mean=8.8
Phone n^0_E accounts for 2.0% of frames, with lattice depth (10,50,90-percentile)=(1,6,28) and mean=11.6
Phone kh_B accounts for 1.9% of frames, with lattice depth (10,50,90-percentile)=(1,2,24) and mean=8.4
Phone m_B accounts for 1.8% of frames, with lattice depth (10,50,90-percentile)=(1,4,20) and mean=8.3
Phone ii_I accounts for 1.7% of frames, with lattice depth (10,50,90-percentile)=(1,3,19) and mean=7.5
Phone ng^1_E accounts for 1.6% of frames, with lattice depth (10,50,90-percentile)=(1,3,14) and mean=6.4
Phone ng^2_E accounts for 1.6% of frames, with lattice depth (10,50,90-percentile)=(1,3,20) and mean=8.6
Phone j^1_E accounts for 1.4% of frames, with lattice depth (10,50,90-percentile)=(1,3,16) and mean=6.5
Phone n_B accounts for 1.3% of frames, with lattice depth (10,50,90-percentile)=(1,6,30) and mean=11.2
Phone ng^0_E accounts for 1.2% of frames, with lattice depth (10,50,90-percentile)=(1,4,22) and mean=8.6
Phone s_B accounts for 1.2% of frames, with lattice depth (10,50,90-percentile)=(2,8,34) and mean=13.7
Phone j^2_E accounts for 1.1% of frames, with lattice depth (10,50,90-percentile)=(1,4,18) and mean=7.0
Phone z^0_E accounts for 0.9% of frames, with lattice depth (10,50,90-percentile)=(1,5,29) and mean=11.4
Phone z^3_E accounts for 0.9% of frames, with lattice depth (10,50,90-percentile)=(1,7,29) and mean=11.2
Phone c_B accounts for 0.8% of frames, with lattice depth (10,50,90-percentile)=(2,6,25) and mean=11.0
Phone r_B accounts for 0.8% of frames, with lattice depth (10,50,90-percentile)=(1,8,36) and mean=15.1
Phone z^4_E accounts for 0.8% of frames, with lattice depth (10,50,90-percentile)=(1,3,21) and mean=8.2
Phone th_B accounts for 0.8% of frames, with lattice depth (10,50,90-percentile)=(2,7,29) and mean=13.7
Phone uu_I accounts for 0.8% of frames, with lattice depth (10,50,90-percentile)=(1,3,18) and mean=6.6
Phone z_B accounts for 0.8% of frames, with lattice depth (10,50,90-percentile)=(1,4,32) and mean=10.9
Phone w^0_E accounts for 0.8% of frames, with lattice depth (10,50,90-percentile)=(1,3,30) and mean=8.8
Phone t^1_E accounts for 0.7% of frames, with lattice depth (10,50,90-percentile)=(1,6,31) and mean=12.3
Phone xx_I accounts for 0.7% of frames, with lattice depth (10,50,90-percentile)=(1,10,31) and mean=13.5
Phone v_I accounts for 0.7% of frames, with lattice depth (10,50,90-percentile)=(1,5,20) and mean=8.5
Phone j_B accounts for 0.7% of frames, with lattice depth (10,50,90-percentile)=(2,5,23) and mean=9.0
Phone z^1_E accounts for 0.7% of frames, with lattice depth (10,50,90-percentile)=(2,6,41) and mean=16.6
Phone @_I accounts for 0.6% of frames, with lattice depth (10,50,90-percentile)=(1,3,14) and mean=6.0
Phone z^2_E accounts for 0.6% of frames, with lattice depth (10,50,90-percentile)=(1,8,28) and mean=13.2
Phone o_I accounts for 0.6% of frames, with lattice depth (10,50,90-percentile)=(2,6,25) and mean=9.7
Phone qq_I accounts for 0.6% of frames, with lattice depth (10,50,90-percentile)=(1,5,21) and mean=9.6
Phone t_B accounts for 0.6% of frames, with lattice depth (10,50,90-percentile)=(1,9,44) and mean=17.9
Phone k_B accounts for 0.5% of frames, with lattice depth (10,50,90-percentile)=(1,4,25) and mean=9.1
Phone khr_B accounts for 0.5% of frames, with lattice depth (10,50,90-percentile)=(1,7,32) and mean=12.9
# Accounting: time=0 threads=1
# Ended (code 0) at Mon May 17 08:50:18 UTC 2021, elapsed time 0 seconds
