# gmm-latgen-faster --max-active=7000 --beam=13.0 --lattice-beam=6.0 --acoustic-scale=0.083333 --allow-partial=true --word-symbol-table=exp/tri1/graph/words.txt exp/tri1/final.mdl exp/tri1/graph/HCLG.fst "ark,s,cs:apply-cmvn  --utt2spk=ark:data/test/split4/1/utt2spk scp:data/test/split4/1/cmvn.scp scp:data/test/split4/1/feats.scp ark:- | add-deltas  ark:- ark:- |" "ark:|gzip -c > exp/tri1/decode/lat.1.gz" 
# Started at Mon May 17 08:48:39 UTC 2021
#
gmm-latgen-faster --max-active=7000 --beam=13.0 --lattice-beam=6.0 --acoustic-scale=0.083333 --allow-partial=true --word-symbol-table=exp/tri1/graph/words.txt exp/tri1/final.mdl exp/tri1/graph/HCLG.fst 'ark,s,cs:apply-cmvn  --utt2spk=ark:data/test/split4/1/utt2spk scp:data/test/split4/1/cmvn.scp scp:data/test/split4/1/feats.scp ark:- | add-deltas  ark:- ark:- |' 'ark:|gzip -c > exp/tri1/decode/lat.1.gz' 
add-deltas ark:- ark:- 
apply-cmvn --utt2spk=ark:data/test/split4/1/utt2spk scp:data/test/split4/1/cmvn.scp scp:data/test/split4/1/feats.scp ark:- 
M0000000085_0000 โกวาจี 
LOG (gmm-latgen-faster[5.5.0~1494-e5a5]:DecodeUtteranceLatticeFaster():decoder-wrappers.cc:375) Log-like per frame for utterance M0000000085_0000 is -6.85175 over 127 frames.
M0000000085_0001 โกวาจี เอา ราดหน้า หนึ่ง จาน 
LOG (gmm-latgen-faster[5.5.0~1494-e5a5]:DecodeUtteranceLatticeFaster():decoder-wrappers.cc:375) Log-like per frame for utterance M0000000085_0001 is -7.10261 over 233 frames.
M0000000085_0002 เอา แต้ม เข้าใจ ไข่ดาว หนึ่ง จาน 
LOG (gmm-latgen-faster[5.5.0~1494-e5a5]:DecodeUtteranceLatticeFaster():decoder-wrappers.cc:375) Log-like per frame for utterance M0000000085_0002 is -7.0593 over 224 frames.
M0000000085_0003 ส้มตำ สิบ โมง ครึ่ง 
LOG (gmm-latgen-faster[5.5.0~1494-e5a5]:DecodeUtteranceLatticeFaster():decoder-wrappers.cc:375) Log-like per frame for utterance M0000000085_0003 is -7.45706 over 212 frames.
M0000000085_0004 ข้าวผัด โมง ไข่ดาว จัง 
LOG (gmm-latgen-faster[5.5.0~1494-e5a5]:DecodeUtteranceLatticeFaster():decoder-wrappers.cc:375) Log-like per frame for utterance M0000000085_0004 is -7.31573 over 179 frames.
M0000000085_0005 เอา คู่ ไก่ ใส่ หมู กัน 
LOG (gmm-latgen-faster[5.5.0~1494-e5a5]:DecodeUtteranceLatticeFaster():decoder-wrappers.cc:375) Log-like per frame for utterance M0000000085_0005 is -7.29049 over 198 frames.
M0000000085_0006 ขอ ขวด หนึ่ง 
LOG (gmm-latgen-faster[5.5.0~1494-e5a5]:DecodeUtteranceLatticeFaster():decoder-wrappers.cc:375) Log-like per frame for utterance M0000000085_0006 is -7.20231 over 140 frames.
M0000000085_0007 น้ำแข็ง สาม แก้ว หนึ่ง 
LOG (gmm-latgen-faster[5.5.0~1494-e5a5]:DecodeUtteranceLatticeFaster():decoder-wrappers.cc:375) Log-like per frame for utterance M0000000085_0007 is -6.97903 over 165 frames.
M0000000085_0008 น้ำเปล่า หนึ่ง น้ำแข็ง สอง 
LOG (gmm-latgen-faster[5.5.0~1494-e5a5]:DecodeUtteranceLatticeFaster():decoder-wrappers.cc:375) Log-like per frame for utterance M0000000085_0008 is -6.92777 over 218 frames.
M0000000085_0009 ขอ น้ำแข็ง ทั้ง เดือน 
LOG (gmm-latgen-faster[5.5.0~1494-e5a5]:DecodeUtteranceLatticeFaster():decoder-wrappers.cc:375) Log-like per frame for utterance M0000000085_0009 is -6.95107 over 174 frames.
M0000000085_0010 ขอ รอบ หน่อย 
LOG (gmm-latgen-faster[5.5.0~1494-e5a5]:DecodeUtteranceLatticeFaster():decoder-wrappers.cc:375) Log-like per frame for utterance M0000000085_0010 is -7.11055 over 135 frames.
M0000000085_0011 ม้า ห้า คน ข่าว 
LOG (gmm-latgen-faster[5.5.0~1494-e5a5]:DecodeUtteranceLatticeFaster():decoder-wrappers.cc:375) Log-like per frame for utterance M0000000085_0011 is -6.88415 over 153 frames.
M0000000085_0012 สาม โต๊ะ เที่ยง ครึ่ง 
LOG (gmm-latgen-faster[5.5.0~1494-e5a5]:DecodeUtteranceLatticeFaster():decoder-wrappers.cc:375) Log-like per frame for utterance M0000000085_0012 is -7.2578 over 176 frames.
M0000000085_0013 จอง สิบ ที่นั่ง แอร์ สอง ทุ่ม ครึ่ง 
LOG (gmm-latgen-faster[5.5.0~1494-e5a5]:DecodeUtteranceLatticeFaster():decoder-wrappers.cc:375) Log-like per frame for utterance M0000000085_0013 is -7.31964 over 261 frames.
M0000000085_0014 ขอ ปลุก แปด ที 
LOG (gmm-latgen-faster[5.5.0~1494-e5a5]:DecodeUtteranceLatticeFaster():decoder-wrappers.cc:375) Log-like per frame for utterance M0000000085_0014 is -7.17775 over 162 frames.
M0000000085_0015 ขอ นั่ง ตรง นาน นะ 
LOG (gmm-latgen-faster[5.5.0~1494-e5a5]:DecodeUtteranceLatticeFaster():decoder-wrappers.cc:375) Log-like per frame for utterance M0000000085_0015 is -7.04686 over 153 frames.
M0000000085_0016 ขอ นั่ง ติด กระทะ 
LOG (gmm-latgen-faster[5.5.0~1494-e5a5]:DecodeUtteranceLatticeFaster():decoder-wrappers.cc:375) Log-like per frame for utterance M0000000085_0016 is -7.32608 over 183 frames.
M0000000085_0017 ขอ นั่ง ส่าย แอร์ นะ 
LOG (gmm-latgen-faster[5.5.0~1494-e5a5]:DecodeUtteranceLatticeFaster():decoder-wrappers.cc:375) Log-like per frame for utterance M0000000085_0017 is -6.91603 over 189 frames.
M0000000085_0018 ขอ เก่า ที่สุด หน่อย 
LOG (gmm-latgen-faster[5.5.0~1494-e5a5]:DecodeUtteranceLatticeFaster():decoder-wrappers.cc:375) Log-like per frame for utterance M0000000085_0018 is -7.53755 over 150 frames.
M0000000085_0019 ขอ ย้าย เด็ด โรนัน นะ 
LOG (gmm-latgen-faster[5.5.0~1494-e5a5]:DecodeUtteranceLatticeFaster():decoder-wrappers.cc:375) Log-like per frame for utterance M0000000085_0019 is -6.96007 over 197 frames.
M0000000085_0020 ลุก อัพ เว ไหน 
LOG (gmm-latgen-faster[5.5.0~1494-e5a5]:DecodeUtteranceLatticeFaster():decoder-wrappers.cc:375) Log-like per frame for utterance M0000000085_0020 is -6.83119 over 162 frames.
M0000000085_0021 มา กิน จัง 
LOG (gmm-latgen-faster[5.5.0~1494-e5a5]:DecodeUtteranceLatticeFaster():decoder-wrappers.cc:375) Log-like per frame for utterance M0000000085_0021 is -6.64275 over 165 frames.
M0000000085_0022 ชิ้น ได้ไหม อะ 
LOG (gmm-latgen-faster[5.5.0~1494-e5a5]:DecodeUtteranceLatticeFaster():decoder-wrappers.cc:375) Log-like per frame for utterance M0000000085_0022 is -7.09267 over 143 frames.
M0000000085_0023 อาหาร อะไร เหมือน คน ขาย มั้ย 
LOG (gmm-latgen-faster[5.5.0~1494-e5a5]:DecodeUtteranceLatticeFaster():decoder-wrappers.cc:375) Log-like per frame for utterance M0000000085_0023 is -6.94826 over 216 frames.
M0000000085_0024 ขอ เครื่องปรุง หน่อย 
LOG (gmm-latgen-faster[5.5.0~1494-e5a5]:DecodeUtteranceLatticeFaster():decoder-wrappers.cc:375) Log-like per frame for utterance M0000000085_0024 is -7.34742 over 129 frames.
M0000000085_0025 ปิด หมด 
LOG (gmm-latgen-faster[5.5.0~1494-e5a5]:DecodeUtteranceLatticeFaster():decoder-wrappers.cc:375) Log-like per frame for utterance M0000000085_0025 is -7.05051 over 119 frames.
M0000000085_0026 มี น้ำจิ้ม สุกี้ ไหม 
LOG (gmm-latgen-faster[5.5.0~1494-e5a5]:DecodeUtteranceLatticeFaster():decoder-wrappers.cc:375) Log-like per frame for utterance M0000000085_0026 is -7.23495 over 188 frames.
M0000000085_0027 เอา ซอส วัชพืช ให้ หน่อย จะ 
LOG (gmm-latgen-faster[5.5.0~1494-e5a5]:DecodeUtteranceLatticeFaster():decoder-wrappers.cc:375) Log-like per frame for utterance M0000000085_0027 is -7.38836 over 227 frames.
M0000000085_0028 ขอ น้ำจิ้ม เพิ่ม ไหน รับ 
LOG (gmm-latgen-faster[5.5.0~1494-e5a5]:DecodeUtteranceLatticeFaster():decoder-wrappers.cc:375) Log-like per frame for utterance M0000000085_0028 is -7.24293 over 188 frames.
M0000000085_0029 จะ เสร็จ หรือ ยัง 
LOG (gmm-latgen-faster[5.5.0~1494-e5a5]:DecodeUtteranceLatticeFaster():decoder-wrappers.cc:375) Log-like per frame for utterance M0000000085_0029 is -6.76315 over 153 frames.
M0000000085_0030 พรุ่ง อะไร ได้ บ้าง 
LOG (gmm-latgen-faster[5.5.0~1494-e5a5]:DecodeUtteranceLatticeFaster():decoder-wrappers.cc:375) Log-like per frame for utterance M0000000085_0030 is -6.64772 over 167 frames.
M0000000085_0031 อาหาร จะ มา กี่ โมง 
LOG (gmm-latgen-faster[5.5.0~1494-e5a5]:DecodeUtteranceLatticeFaster():decoder-wrappers.cc:375) Log-like per frame for utterance M0000000085_0031 is -7.05979 over 171 frames.
M0000000085_0032 ต่อ อีก นาน ไหม 
LOG (gmm-latgen-faster[5.5.0~1494-e5a5]:DecodeUtteranceLatticeFaster():decoder-wrappers.cc:375) Log-like per frame for utterance M0000000085_0032 is -6.89844 over 171 frames.
M0000000085_0033 เมื่อไหร่ แจ็คเก็ต 
LOG (gmm-latgen-faster[5.5.0~1494-e5a5]:DecodeUtteranceLatticeFaster():decoder-wrappers.cc:375) Log-like per frame for utterance M0000000085_0033 is -7.13818 over 126 frames.
M0000000085_0034 รอ นาน จัง 
LOG (gmm-latgen-faster[5.5.0~1494-e5a5]:DecodeUtteranceLatticeFaster():decoder-wrappers.cc:375) Log-like per frame for utterance M0000000085_0034 is -6.63644 over 150 frames.
M0000000085_0035 ไม่ ตี แล้ว 
LOG (gmm-latgen-faster[5.5.0~1494-e5a5]:DecodeUtteranceLatticeFaster():decoder-wrappers.cc:375) Log-like per frame for utterance M0000000085_0035 is -6.72327 over 135 frames.
M0000000085_0036 ขอ เปลี่ยน เมนู 
LOG (gmm-latgen-faster[5.5.0~1494-e5a5]:DecodeUtteranceLatticeFaster():decoder-wrappers.cc:375) Log-like per frame for utterance M0000000085_0036 is -7.00185 over 179 frames.
M0000000085_0037 ไม่ เอา แรก บ้าง 
LOG (gmm-latgen-faster[5.5.0~1494-e5a5]:DecodeUtteranceLatticeFaster():decoder-wrappers.cc:375) Log-like per frame for utterance M0000000085_0037 is -6.9284 over 147 frames.
M0000000085_0038 ลง ข้าง หลัง ขวา 
LOG (gmm-latgen-faster[5.5.0~1494-e5a5]:DecodeUtteranceLatticeFaster():decoder-wrappers.cc:375) Log-like per frame for utterance M0000000085_0038 is -7.21979 over 150 frames.
M0000000085_0039 อยาก ติดต่อ สาม นะ 
LOG (gmm-latgen-faster[5.5.0~1494-e5a5]:DecodeUtteranceLatticeFaster():decoder-wrappers.cc:375) Log-like per frame for utterance M0000000085_0039 is -7.23593 over 177 frames.
M0000000085_0040 อย่า เป็น ตู้ สอง นะ 
LOG (gmm-latgen-faster[5.5.0~1494-e5a5]:DecodeUtteranceLatticeFaster():decoder-wrappers.cc:375) Log-like per frame for utterance M0000000085_0040 is -7.13699 over 156 frames.
M0000000085_0041 เอา แต้ม ตัวนำ นอน ต่อ ได้มั้ย 
LOG (gmm-latgen-faster[5.5.0~1494-e5a5]:DecodeUtteranceLatticeFaster():decoder-wrappers.cc:375) Log-like per frame for utterance M0000000085_0041 is -7.07033 over 209 frames.
M0000000085_0042 อยาก ยา เป็น ช่อง แอร์ 
LOG (gmm-latgen-faster[5.5.0~1494-e5a5]:DecodeUtteranceLatticeFaster():decoder-wrappers.cc:375) Log-like per frame for utterance M0000000085_0042 is -7.28414 over 162 frames.
M0000000085_0043 ชั้น บน ว่าง มั้ย 
LOG (gmm-latgen-faster[5.5.0~1494-e5a5]:DecodeUtteranceLatticeFaster():decoder-wrappers.cc:375) Log-like per frame for utterance M0000000085_0043 is -6.76018 over 146 frames.
M0000000085_0044 เจ็ด ตังค์ ด้วย 
LOG (gmm-latgen-faster[5.5.0~1494-e5a5]:DecodeUtteranceLatticeFaster():decoder-wrappers.cc:375) Log-like per frame for utterance M0000000085_0044 is -6.80296 over 146 frames.
M0000000085_0045 รับ บัตร เครดิต มั้ย 
LOG (gmm-latgen-faster[5.5.0~1494-e5a5]:DecodeUtteranceLatticeFaster():decoder-wrappers.cc:375) Log-like per frame for utterance M0000000085_0045 is -7.42686 over 183 frames.
M0000000085_0046 เอา ที่ ไป 
LOG (gmm-latgen-faster[5.5.0~1494-e5a5]:DecodeUtteranceLatticeFaster():decoder-wrappers.cc:375) Log-like per frame for utterance M0000000085_0046 is -7.12473 over 144 frames.
M0000000085_0047 แสดง จ่าย เด็ด บ้าง 
LOG (gmm-latgen-faster[5.5.0~1494-e5a5]:DecodeUtteranceLatticeFaster():decoder-wrappers.cc:375) Log-like per frame for utterance M0000000085_0047 is -7.27079 over 159 frames.
M0000000085_0048 มี โปรโมชั่น อะไร มั้ย 
LOG (gmm-latgen-faster[5.5.0~1494-e5a5]:DecodeUtteranceLatticeFaster():decoder-wrappers.cc:375) Log-like per frame for utterance M0000000085_0048 is -7.05939 over 186 frames.
M0000000085_0049 ไม่ อะไร เลย 
LOG (gmm-latgen-faster[5.5.0~1494-e5a5]:DecodeUtteranceLatticeFaster():decoder-wrappers.cc:375) Log-like per frame for utterance M0000000085_0049 is -6.92862 over 137 frames.
M0000000085_0050 รสชาติ แลนด์มาร์ค 
LOG (gmm-latgen-faster[5.5.0~1494-e5a5]:DecodeUtteranceLatticeFaster():decoder-wrappers.cc:375) Log-like per frame for utterance M0000000085_0050 is -6.8707 over 143 frames.
M0000000085_0051 ไป ที่ ไม่ มี เช้า 
LOG (gmm-latgen-faster[5.5.0~1494-e5a5]:DecodeUtteranceLatticeFaster():decoder-wrappers.cc:375) Log-like per frame for utterance M0000000085_0051 is -7.23659 over 144 frames.
M0000000085_0052 เจ็ด เดือน ได้รับ 
LOG (gmm-latgen-faster[5.5.0~1494-e5a5]:DecodeUtteranceLatticeFaster():decoder-wrappers.cc:375) Log-like per frame for utterance M0000000085_0052 is -7.61888 over 149 frames.
M0000000085_0053 วันนี้ อร่อย นัด แรก บ้าง 
LOG (gmm-latgen-faster[5.5.0~1494-e5a5]:DecodeUtteranceLatticeFaster():decoder-wrappers.cc:375) Log-like per frame for utterance M0000000085_0053 is -7.13562 over 173 frames.
M0000000085_0054 ปิด ไม่ ก่อน 
LOG (gmm-latgen-faster[5.5.0~1494-e5a5]:DecodeUtteranceLatticeFaster():decoder-wrappers.cc:375) Log-like per frame for utterance M0000000085_0054 is -7.07137 over 131 frames.
M0000000085_0055 ชั้น ห้า คน มั้ย 
LOG (gmm-latgen-faster[5.5.0~1494-e5a5]:DecodeUtteranceLatticeFaster():decoder-wrappers.cc:375) Log-like per frame for utterance M0000000085_0055 is -6.7836 over 141 frames.
M0000000085_0056 กิน ครึ่ง การ รักษา ครึ่ง เดียว ได้ มั้ย 
LOG (gmm-latgen-faster[5.5.0~1494-e5a5]:DecodeUtteranceLatticeFaster():decoder-wrappers.cc:375) Log-like per frame for utterance M0000000085_0056 is -7.25418 over 237 frames.
M0000000085_0057 ไม่ ต้อง ป้อน โมง 
LOG (gmm-latgen-faster[5.5.0~1494-e5a5]:DecodeUtteranceLatticeFaster():decoder-wrappers.cc:375) Log-like per frame for utterance M0000000085_0057 is -7.0139 over 134 frames.
M0000000085_0058 ล้าง การ ได้ มั้ย 
LOG (gmm-latgen-faster[5.5.0~1494-e5a5]:DecodeUtteranceLatticeFaster():decoder-wrappers.cc:375) Log-like per frame for utterance M0000000085_0058 is -6.79519 over 156 frames.
M0000000085_0059 กับข้าว หมูสับ เท่าไหร่ 
LOG (gmm-latgen-faster[5.5.0~1494-e5a5]:DecodeUtteranceLatticeFaster():decoder-wrappers.cc:375) Log-like per frame for utterance M0000000085_0059 is -7.39183 over 192 frames.
M0000000085_0060 ต้มยำ กุ้ง เผ็ด มาก มั้ย 
LOG (gmm-latgen-faster[5.5.0~1494-e5a5]:DecodeUtteranceLatticeFaster():decoder-wrappers.cc:375) Log-like per frame for utterance M0000000085_0060 is -7.35376 over 186 frames.
M0000000085_0061 พล จ่าย ได้ ไม่ ทัน 
LOG (gmm-latgen-faster[5.5.0~1494-e5a5]:DecodeUtteranceLatticeFaster():decoder-wrappers.cc:375) Log-like per frame for utterance M0000000085_0061 is -7.11547 over 164 frames.
M0000000085_0062 มี ความ ดี มั้ย 
LOG (gmm-latgen-faster[5.5.0~1494-e5a5]:DecodeUtteranceLatticeFaster():decoder-wrappers.cc:375) Log-like per frame for utterance M0000000085_0062 is -6.95299 over 144 frames.
M0000000085_0063 เมนู นี้ อร่อย ไหม 
LOG (gmm-latgen-faster[5.5.0~1494-e5a5]:DecodeUtteranceLatticeFaster():decoder-wrappers.cc:375) Log-like per frame for utterance M0000000085_0063 is -6.99476 over 155 frames.
M0000000085_0064 ส่วน ทาง เอซ 
LOG (gmm-latgen-faster[5.5.0~1494-e5a5]:DecodeUtteranceLatticeFaster():decoder-wrappers.cc:375) Log-like per frame for utterance M0000000085_0064 is -6.98389 over 161 frames.
M0000000085_0065 ขอ อีก ชั่วโมง หน่อย 
LOG (gmm-latgen-faster[5.5.0~1494-e5a5]:DecodeUtteranceLatticeFaster():decoder-wrappers.cc:375) Log-like per frame for utterance M0000000085_0065 is -7.26983 over 164 frames.
M0000000085_0066 กระเทียม หมด ครับ 
LOG (gmm-latgen-faster[5.5.0~1494-e5a5]:DecodeUtteranceLatticeFaster():decoder-wrappers.cc:375) Log-like per frame for utterance M0000000085_0066 is -7.4927 over 144 frames.
M0000000085_0067 ขอ มี ปั้น หนึ่ง 
LOG (gmm-latgen-faster[5.5.0~1494-e5a5]:DecodeUtteranceLatticeFaster():decoder-wrappers.cc:375) Log-like per frame for utterance M0000000085_0067 is -6.88811 over 161 frames.
M0000000085_0068 ขอ จันทร์ แบ่ง สอง จาน 
LOG (gmm-latgen-faster[5.5.0~1494-e5a5]:DecodeUtteranceLatticeFaster():decoder-wrappers.cc:375) Log-like per frame for utterance M0000000085_0068 is -7.11001 over 185 frames.
M0000000085_0069 มี ที่นั่ง ว่าง ไหม 
LOG (gmm-latgen-faster[5.5.0~1494-e5a5]:DecodeUtteranceLatticeFaster():decoder-wrappers.cc:375) Log-like per frame for utterance M0000000085_0069 is -6.65939 over 164 frames.
M0000000085_0070 ขอ เมนู หน่อย สิ 
LOG (gmm-latgen-faster[5.5.0~1494-e5a5]:DecodeUtteranceLatticeFaster():decoder-wrappers.cc:375) Log-like per frame for utterance M0000000085_0070 is -6.89513 over 162 frames.
M0000000085_0071 ตอนนี้ มี คน วิป ไหม 
LOG (gmm-latgen-faster[5.5.0~1494-e5a5]:DecodeUtteranceLatticeFaster():decoder-wrappers.cc:375) Log-like per frame for utterance M0000000085_0071 is -7.52179 over 164 frames.
M0000000085_0072 คน ที่ ไม่ กิน บ่อย ไหม 
LOG (gmm-latgen-faster[5.5.0~1494-e5a5]:DecodeUtteranceLatticeFaster():decoder-wrappers.cc:375) Log-like per frame for utterance M0000000085_0072 is -7.16101 over 191 frames.
M0000000085_0073 เข้า ไป ระหว่าง ทำ อาหาร นะ 
LOG (gmm-latgen-faster[5.5.0~1494-e5a5]:DecodeUtteranceLatticeFaster():decoder-wrappers.cc:375) Log-like per frame for utterance M0000000085_0073 is -7.06599 over 224 frames.
M0000000085_0074 ลั่น เด็ก สับ มั้ย 
LOG (gmm-latgen-faster[5.5.0~1494-e5a5]:DecodeUtteranceLatticeFaster():decoder-wrappers.cc:375) Log-like per frame for utterance M0000000085_0074 is -7.24352 over 144 frames.
M0000000085_0075 อย่า สมัคร งาน ต่อไป หยุด เท่าไหร่ 
LOG (gmm-latgen-faster[5.5.0~1494-e5a5]:DecodeUtteranceLatticeFaster():decoder-wrappers.cc:375) Log-like per frame for utterance M0000000085_0075 is -7.64827 over 201 frames.
M0000000085_0076 ยัง ไม่ กิน อาหาร รับ มั้ย 
LOG (gmm-latgen-faster[5.5.0~1494-e5a5]:DecodeUtteranceLatticeFaster():decoder-wrappers.cc:375) Log-like per frame for utterance M0000000085_0076 is -7.12302 over 188 frames.
M0000000085_0077 ไม่ มี ต่างๆ หลังจากนั้น ได้ มั้ย 
LOG (gmm-latgen-faster[5.5.0~1494-e5a5]:DecodeUtteranceLatticeFaster():decoder-wrappers.cc:375) Log-like per frame for utterance M0000000085_0077 is -7.18181 over 231 frames.
M0000000085_0078 อยาก ซื้อ ร้าน ต่อ ขาย เท่าไหร่ 
LOG (gmm-latgen-faster[5.5.0~1494-e5a5]:DecodeUtteranceLatticeFaster():decoder-wrappers.cc:375) Log-like per frame for utterance M0000000085_0078 is -7.44853 over 206 frames.
M0000000085_0079 ขาย ไต ใช้ มั้ย 
LOG (gmm-latgen-faster[5.5.0~1494-e5a5]:DecodeUtteranceLatticeFaster():decoder-wrappers.cc:375) Log-like per frame for utterance M0000000085_0079 is -6.53867 over 176 frames.
M0000000085_0080 อย่า เปิด ราคา บ้าง ต้อง ทำนาย 
LOG (gmm-latgen-faster[5.5.0~1494-e5a5]:DecodeUtteranceLatticeFaster():decoder-wrappers.cc:375) Log-like per frame for utterance M0000000085_0080 is -7.25606 over 218 frames.
M0000000085_0081 โต๊ะ สวย จัง ยัง ได้ ขาย ไม้ 
LOG (gmm-latgen-faster[5.5.0~1494-e5a5]:DecodeUtteranceLatticeFaster():decoder-wrappers.cc:375) Log-like per frame for utterance M0000000085_0081 is -7.11416 over 290 frames.
M0000000085_0082 มัก จะ ไป เปิด ลา กรุงศรี แยก นะ 
LOG (gmm-latgen-faster[5.5.0~1494-e5a5]:DecodeUtteranceLatticeFaster():decoder-wrappers.cc:375) Log-like per frame for utterance M0000000085_0082 is -7.26354 over 243 frames.
M0000000085_0083 ก๋วยเตี๋ยว ขาย ดี มั้ย 
LOG (gmm-latgen-faster[5.5.0~1494-e5a5]:DecodeUtteranceLatticeFaster():decoder-wrappers.cc:375) Log-like per frame for utterance M0000000085_0083 is -6.92789 over 191 frames.
M0000000085_0084 สิบเอ็ด ที่ เป็น ใช้ บ้าง 
LOG (gmm-latgen-faster[5.5.0~1494-e5a5]:DecodeUtteranceLatticeFaster():decoder-wrappers.cc:375) Log-like per frame for utterance M0000000085_0084 is -7.23236 over 164 frames.
M0000000085_0085 ขาย อาหาร รายได้ ดี มั้ย 
LOG (gmm-latgen-faster[5.5.0~1494-e5a5]:DecodeUtteranceLatticeFaster():decoder-wrappers.cc:375) Log-like per frame for utterance M0000000085_0085 is -6.75313 over 203 frames.
M0000000085_0086 วัน หนึ่ง ขาย ได้ อยู่ เปล่า 
LOG (gmm-latgen-faster[5.5.0~1494-e5a5]:DecodeUtteranceLatticeFaster():decoder-wrappers.cc:375) Log-like per frame for utterance M0000000085_0086 is -6.98844 over 203 frames.
M0000000085_0087 เปลี่ยน ใน ลง ได้ มั้ย 
LOG (gmm-latgen-faster[5.5.0~1494-e5a5]:DecodeUtteranceLatticeFaster():decoder-wrappers.cc:375) Log-like per frame for utterance M0000000085_0087 is -6.63273 over 176 frames.
M0000000085_0088 ใช้ หมู ย้อน จาก ที่ไหน 
LOG (gmm-latgen-faster[5.5.0~1494-e5a5]:DecodeUtteranceLatticeFaster():decoder-wrappers.cc:375) Log-like per frame for utterance M0000000085_0088 is -7.27758 over 179 frames.
M0000000085_0089 ต้อง ใส่ น้ำตาล กี่ ซ้อน 
LOG (gmm-latgen-faster[5.5.0~1494-e5a5]:DecodeUtteranceLatticeFaster():decoder-wrappers.cc:375) Log-like per frame for utterance M0000000085_0089 is -7.25138 over 167 frames.
M0000000085_0090 ทำ หมู ทอด ยัง ไม่ หลับ อะ 
LOG (gmm-latgen-faster[5.5.0~1494-e5a5]:DecodeUtteranceLatticeFaster():decoder-wrappers.cc:375) Log-like per frame for utterance M0000000085_0090 is -7.07096 over 203 frames.
M0000000085_0091 ใส่ ถุง ชั่ว แล็บ รึ ป่าว 
LOG (gmm-latgen-faster[5.5.0~1494-e5a5]:DecodeUtteranceLatticeFaster():decoder-wrappers.cc:375) Log-like per frame for utterance M0000000085_0091 is -7.56562 over 161 frames.
M0000000085_0092 ใส่ หมู รึ ป่าว 
LOG (gmm-latgen-faster[5.5.0~1494-e5a5]:DecodeUtteranceLatticeFaster():decoder-wrappers.cc:375) Log-like per frame for utterance M0000000085_0092 is -6.93228 over 147 frames.
M0000000085_0093 ตั้ง เป็น รายการ หนึ่ง 
LOG (gmm-latgen-faster[5.5.0~1494-e5a5]:DecodeUtteranceLatticeFaster():decoder-wrappers.cc:375) Log-like per frame for utterance M0000000085_0093 is -6.92455 over 152 frames.
M0000000085_0094 เอา ด้วย ทอด จาน นึง 
LOG (gmm-latgen-faster[5.5.0~1494-e5a5]:DecodeUtteranceLatticeFaster():decoder-wrappers.cc:375) Log-like per frame for utterance M0000000085_0094 is -7.03434 over 198 frames.
M0000000085_0095 ทำ บัว ลอย ใช้ หวาน ได้ มั้ย 
LOG (gmm-latgen-faster[5.5.0~1494-e5a5]:DecodeUtteranceLatticeFaster():decoder-wrappers.cc:375) Log-like per frame for utterance M0000000085_0095 is -6.94533 over 200 frames.
M0000000085_0096 ลุก ศิลปิน บิน ไล่ หนึ่ง 
LOG (gmm-latgen-faster[5.5.0~1494-e5a5]:DecodeUtteranceLatticeFaster():decoder-wrappers.cc:375) Log-like per frame for utterance M0000000085_0096 is -7.71149 over 194 frames.
M0000000085_0097 มา ส่ง ที่ หอ ให้ หน่อย 
LOG (gmm-latgen-faster[5.5.0~1494-e5a5]:DecodeUtteranceLatticeFaster():decoder-wrappers.cc:375) Log-like per frame for utterance M0000000085_0097 is -7.28299 over 167 frames.
M0000000085_0098 มา ส่ง ที่ บันได เนอะ 
LOG (gmm-latgen-faster[5.5.0~1494-e5a5]:DecodeUtteranceLatticeFaster():decoder-wrappers.cc:375) Log-like per frame for utterance M0000000085_0098 is -7.16482 over 189 frames.
M0000000085_0099 เลื่อน ลง ไป ออก ละ 
LOG (gmm-latgen-faster[5.5.0~1494-e5a5]:DecodeUtteranceLatticeFaster():decoder-wrappers.cc:375) Log-like per frame for utterance M0000000085_0099 is -7.48125 over 138 frames.
M0000000085_0100 อย่า เดิน ไป เอา ที่ ละ นะ 
LOG (gmm-latgen-faster[5.5.0~1494-e5a5]:DecodeUtteranceLatticeFaster():decoder-wrappers.cc:375) Log-like per frame for utterance M0000000085_0100 is -7.01415 over 206 frames.
M0000000085_0101 อยู่ ใกล้ จะ ผ่าน แล้ว อะไร ก็ได้ จาน นึง 
LOG (gmm-latgen-faster[5.5.0~1494-e5a5]:DecodeUtteranceLatticeFaster():decoder-wrappers.cc:375) Log-like per frame for utterance M0000000085_0101 is -7.38675 over 266 frames.
M0000000105_0000 โกวาจี 
LOG (gmm-latgen-faster[5.5.0~1494-e5a5]:DecodeUtteranceLatticeFaster():decoder-wrappers.cc:375) Log-like per frame for utterance M0000000105_0000 is -5.59291 over 178 frames.
M0000000105_0001 โกวาจี ขอ ราดหน้า หนึ่ง จาน 
LOG (gmm-latgen-faster[5.5.0~1494-e5a5]:DecodeUtteranceLatticeFaster():decoder-wrappers.cc:375) Log-like per frame for utterance M0000000105_0001 is -6.1924 over 366 frames.
M0000000105_0002 เอา เกาะ เท่า ไป ไข่ดาว หนึ่ง จาน 
LOG (gmm-latgen-faster[5.5.0~1494-e5a5]:DecodeUtteranceLatticeFaster():decoder-wrappers.cc:375) Log-like per frame for utterance M0000000105_0002 is -6.712 over 314 frames.
M0000000105_0003 ต้ม สัมประสิทธิ์ แบบ หนึ่ง 
LOG (gmm-latgen-faster[5.5.0~1494-e5a5]:DecodeUtteranceLatticeFaster():decoder-wrappers.cc:375) Log-like per frame for utterance M0000000105_0003 is -7.06402 over 257 frames.
M0000000105_0004 ข้าวผัด หมู ไข่ ดาว จันทร์ 
LOG (gmm-latgen-faster[5.5.0~1494-e5a5]:DecodeUtteranceLatticeFaster():decoder-wrappers.cc:375) Log-like per frame for utterance M0000000105_0004 is -6.23186 over 316 frames.
M0000000105_0005 เอา คั่ว ไป ไซ หู จันทร์ 
LOG (gmm-latgen-faster[5.5.0~1494-e5a5]:DecodeUtteranceLatticeFaster():decoder-wrappers.cc:375) Log-like per frame for utterance M0000000105_0005 is -6.39999 over 309 frames.
M0000000105_0006 ขอ ขวด หนึ่ง 
LOG (gmm-latgen-faster[5.5.0~1494-e5a5]:DecodeUtteranceLatticeFaster():decoder-wrappers.cc:375) Log-like per frame for utterance M0000000105_0006 is -6.338 over 220 frames.
M0000000105_0007 น้ำแข็ง ป่าว แก้ว หนึ่ง 
LOG (gmm-latgen-faster[5.5.0~1494-e5a5]:DecodeUtteranceLatticeFaster():decoder-wrappers.cc:375) Log-like per frame for utterance M0000000105_0007 is -6.29192 over 271 frames.
M0000000105_0008 น้ำ ปาล์ม หนึ่ง น้ำแข็ง สอง 
LOG (gmm-latgen-faster[5.5.0~1494-e5a5]:DecodeUtteranceLatticeFaster():decoder-wrappers.cc:375) Log-like per frame for utterance M0000000105_0008 is -6.30528 over 350 frames.
M0000000105_0009 ขอ น้ำแข็ง สาม หนึ่ง 
LOG (gmm-latgen-faster[5.5.0~1494-e5a5]:DecodeUtteranceLatticeFaster():decoder-wrappers.cc:375) Log-like per frame for utterance M0000000105_0009 is -6.42682 over 252 frames.
M0000000105_0010 ขอ หลอด หน่อย 
LOG (gmm-latgen-faster[5.5.0~1494-e5a5]:DecodeUtteranceLatticeFaster():decoder-wrappers.cc:375) Log-like per frame for utterance M0000000105_0010 is -5.91925 over 235 frames.
M0000000105_0011 มา ห้า คน ครับ 
LOG (gmm-latgen-faster[5.5.0~1494-e5a5]:DecodeUtteranceLatticeFaster():decoder-wrappers.cc:375) Log-like per frame for utterance M0000000105_0011 is -6.30594 over 178 frames.
M0000000105_0012 สาม โต๊ะ เที่ยง ครึ่ง 
LOG (gmm-latgen-faster[5.5.0~1494-e5a5]:DecodeUtteranceLatticeFaster():decoder-wrappers.cc:375) Log-like per frame for utterance M0000000105_0012 is -7.14746 over 172 frames.
M0000000105_0013 จอง สิบ จี ห้อง แปด สอง ทุ่ม ควัน 
LOG (gmm-latgen-faster[5.5.0~1494-e5a5]:DecodeUtteranceLatticeFaster():decoder-wrappers.cc:375) Log-like per frame for utterance M0000000105_0013 is -5.98509 over 646 frames.
M0000000105_0014 ขอ โต๊ะ แปด ที่ 
LOG (gmm-latgen-faster[5.5.0~1494-e5a5]:DecodeUtteranceLatticeFaster():decoder-wrappers.cc:375) Log-like per frame for utterance M0000000105_0014 is -6.40095 over 213 frames.
M0000000105_0015 ขอ นั่ง ตรง นาน นะ 
LOG (gmm-latgen-faster[5.5.0~1494-e5a5]:DecodeUtteranceLatticeFaster():decoder-wrappers.cc:375) Log-like per frame for utterance M0000000105_0015 is -6.13902 over 252 frames.
M0000000105_0016 ขอ นั่ง ติด ประจุ นะ 
LOG (gmm-latgen-faster[5.5.0~1494-e5a5]:DecodeUtteranceLatticeFaster():decoder-wrappers.cc:375) Log-like per frame for utterance M0000000105_0016 is -6.86496 over 252 frames.
M0000000105_0017 ขอ นั่ง ตาย แล้ว นะ 
LOG (gmm-latgen-faster[5.5.0~1494-e5a5]:DecodeUtteranceLatticeFaster():decoder-wrappers.cc:375) Log-like per frame for utterance M0000000105_0017 is -6.2477 over 193 frames.
M0000000105_0018 ขอ ก็ ที่ สวม นอน 
LOG (gmm-latgen-faster[5.5.0~1494-e5a5]:DecodeUtteranceLatticeFaster():decoder-wrappers.cc:375) Log-like per frame for utterance M0000000105_0018 is -6.74157 over 238 frames.
M0000000105_0019 ขอ ย้าย ไป โต๊ะ นาน นะ 
LOG (gmm-latgen-faster[5.5.0~1494-e5a5]:DecodeUtteranceLatticeFaster():decoder-wrappers.cc:375) Log-like per frame for utterance M0000000105_0019 is -6.64942 over 236 frames.
M0000000105_0020 รูป บาป ไป ไหน 
LOG (gmm-latgen-faster[5.5.0~1494-e5a5]:DecodeUtteranceLatticeFaster():decoder-wrappers.cc:375) Log-like per frame for utterance M0000000105_0020 is -6.24356 over 190 frames.
M0000000105_0021 น่า กิน จัง 
LOG (gmm-latgen-faster[5.5.0~1494-e5a5]:DecodeUtteranceLatticeFaster():decoder-wrappers.cc:375) Log-like per frame for utterance M0000000105_0021 is -6.09187 over 142 frames.
M0000000105_0022 พิม ได้ ไหม อะ 
LOG (gmm-latgen-faster[5.5.0~1494-e5a5]:DecodeUtteranceLatticeFaster():decoder-wrappers.cc:375) Log-like per frame for utterance M0000000105_0022 is -6.28903 over 176 frames.
M0000000105_0023 อาหาร อร่อย เหมือน คน ขาย ไหม 
LOG (gmm-latgen-faster[5.5.0~1494-e5a5]:DecodeUtteranceLatticeFaster():decoder-wrappers.cc:375) Log-like per frame for utterance M0000000105_0023 is -6.48491 over 273 frames.
M0000000105_0024 ขอ เครื่องปรุง หน่อย 
LOG (gmm-latgen-faster[5.5.0~1494-e5a5]:DecodeUtteranceLatticeFaster():decoder-wrappers.cc:375) Log-like per frame for utterance M0000000105_0024 is -6.5625 over 201 frames.
M0000000105_0025 เพชร หมด 
LOG (gmm-latgen-faster[5.5.0~1494-e5a5]:DecodeUtteranceLatticeFaster():decoder-wrappers.cc:375) Log-like per frame for utterance M0000000105_0025 is -6.71791 over 111 frames.
M0000000105_0026 มี น้ำจิ้ม สุกี้ ไหม 
LOG (gmm-latgen-faster[5.5.0~1494-e5a5]:DecodeUtteranceLatticeFaster():decoder-wrappers.cc:375) Log-like per frame for utterance M0000000105_0026 is -6.24045 over 292 frames.
M0000000105_0027 เอา ซอส ประเทศ ให้ หน่อย จัง 
LOG (gmm-latgen-faster[5.5.0~1494-e5a5]:DecodeUtteranceLatticeFaster():decoder-wrappers.cc:375) Log-like per frame for utterance M0000000105_0027 is -6.48207 over 373 frames.
M0000000105_0028 ขอ น้ำจิ้ม เพิ่ม หน่อย ครับ 
LOG (gmm-latgen-faster[5.5.0~1494-e5a5]:DecodeUtteranceLatticeFaster():decoder-wrappers.cc:375) Log-like per frame for utterance M0000000105_0028 is -6.48652 over 298 frames.
M0000000105_0029 จะ เสร็จ หรือ ยัง 
LOG (gmm-latgen-faster[5.5.0~1494-e5a5]:DecodeUtteranceLatticeFaster():decoder-wrappers.cc:375) Log-like per frame for utterance M0000000105_0029 is -6.29983 over 216 frames.
M0000000105_0030 คู่ อะไร ได้ บ้าง 
LOG (gmm-latgen-faster[5.5.0~1494-e5a5]:DecodeUtteranceLatticeFaster():decoder-wrappers.cc:375) Log-like per frame for utterance M0000000105_0030 is -6.38888 over 212 frames.
M0000000105_0031 อาหาร จะ มา กี่ โมง 
LOG (gmm-latgen-faster[5.5.0~1494-e5a5]:DecodeUtteranceLatticeFaster():decoder-wrappers.cc:375) Log-like per frame for utterance M0000000105_0031 is -6.01901 over 255 frames.
M0000000105_0032 ต้อง วอล อีก นาน ไหม 
LOG (gmm-latgen-faster[5.5.0~1494-e5a5]:DecodeUtteranceLatticeFaster():decoder-wrappers.cc:375) Log-like per frame for utterance M0000000105_0032 is -6.13303 over 267 frames.
M0000000105_0033 เมื่อ ไร จะ เสร็็จ 
LOG (gmm-latgen-faster[5.5.0~1494-e5a5]:DecodeUtteranceLatticeFaster():decoder-wrappers.cc:375) Log-like per frame for utterance M0000000105_0033 is -6.12052 over 215 frames.
M0000000105_0034 ปอนด์ นาน จันทร์ 
LOG (gmm-latgen-faster[5.5.0~1494-e5a5]:DecodeUtteranceLatticeFaster():decoder-wrappers.cc:375) Log-like per frame for utterance M0000000105_0034 is -5.94043 over 198 frames.
M0000000105_0035 ไม่ กิน แล้ว 
LOG (gmm-latgen-faster[5.5.0~1494-e5a5]:DecodeUtteranceLatticeFaster():decoder-wrappers.cc:375) Log-like per frame for utterance M0000000105_0035 is -5.71287 over 249 frames.
M0000000105_0036 ขอ เปลี่ยน เมนู 
LOG (gmm-latgen-faster[5.5.0~1494-e5a5]:DecodeUtteranceLatticeFaster():decoder-wrappers.cc:375) Log-like per frame for utterance M0000000105_0036 is -6.15756 over 221 frames.
M0000000105_0037 ไม่ เอา แล้ว ครับ 
LOG (gmm-latgen-faster[5.5.0~1494-e5a5]:DecodeUtteranceLatticeFaster():decoder-wrappers.cc:375) Log-like per frame for utterance M0000000105_0037 is -6.40176 over 209 frames.
M0000000105_0038 ดู ค่า อยู่ เหรอ 
LOG (gmm-latgen-faster[5.5.0~1494-e5a5]:DecodeUtteranceLatticeFaster():decoder-wrappers.cc:375) Log-like per frame for utterance M0000000105_0038 is -6.06292 over 307 frames.
M0000000105_0039 อย่า ไป ตก สาม นะ 
LOG (gmm-latgen-faster[5.5.0~1494-e5a5]:DecodeUtteranceLatticeFaster():decoder-wrappers.cc:375) Log-like per frame for utterance M0000000105_0039 is -6.22833 over 234 frames.
M0000000105_0040 จ่าย ไป ตก สอง นะ 
LOG (gmm-latgen-faster[5.5.0~1494-e5a5]:DecodeUtteranceLatticeFaster():decoder-wrappers.cc:375) Log-like per frame for utterance M0000000105_0040 is -6.32294 over 245 frames.
M0000000105_0041 เอา โต๊ะ ตัว นั้น มา ออก ได้ ไหม 
LOG (gmm-latgen-faster[5.5.0~1494-e5a5]:DecodeUtteranceLatticeFaster():decoder-wrappers.cc:375) Log-like per frame for utterance M0000000105_0041 is -6.32735 over 385 frames.
M0000000105_0042 อยาก ได้ ไป ห้อง แอร์ 
LOG (gmm-latgen-faster[5.5.0~1494-e5a5]:DecodeUtteranceLatticeFaster():decoder-wrappers.cc:375) Log-like per frame for utterance M0000000105_0042 is -6.31906 over 279 frames.
M0000000105_0043 ฉัน บน หวาน ไหม 
LOG (gmm-latgen-faster[5.5.0~1494-e5a5]:DecodeUtteranceLatticeFaster():decoder-wrappers.cc:375) Log-like per frame for utterance M0000000105_0043 is -6.43137 over 264 frames.
M0000000105_0044 เจ็ด ตังค์ ด้วย 
LOG (gmm-latgen-faster[5.5.0~1494-e5a5]:DecodeUtteranceLatticeFaster():decoder-wrappers.cc:375) Log-like per frame for utterance M0000000105_0044 is -6.40429 over 190 frames.
M0000000105_0045 รับ บัตร เครดิต ไหม 
LOG (gmm-latgen-faster[5.5.0~1494-e5a5]:DecodeUtteranceLatticeFaster():decoder-wrappers.cc:375) Log-like per frame for utterance M0000000105_0045 is -6.02729 over 280 frames.
M0000000105_0046 เอา ที่ ไป 
LOG (gmm-latgen-faster[5.5.0~1494-e5a5]:DecodeUtteranceLatticeFaster():decoder-wrappers.cc:375) Log-like per frame for utterance M0000000105_0046 is -5.97899 over 187 frames.
M0000000105_0047 จะ เป็น จ่าย บ้าน ปะ 
LOG (gmm-latgen-faster[5.5.0~1494-e5a5]:DecodeUtteranceLatticeFaster():decoder-wrappers.cc:375) Log-like per frame for utterance M0000000105_0047 is -6.44893 over 236 frames.
M0000000105_0048 มี โปรโมชัน ไร ไหม 
LOG (gmm-latgen-faster[5.5.0~1494-e5a5]:DecodeUtteranceLatticeFaster():decoder-wrappers.cc:375) Log-like per frame for utterance M0000000105_0048 is -6.06955 over 325 frames.
M0000000105_0049 ไม่ อะไร เลย 
LOG (gmm-latgen-faster[5.5.0~1494-e5a5]:DecodeUtteranceLatticeFaster():decoder-wrappers.cc:375) Log-like per frame for utterance M0000000105_0049 is -6.2174 over 220 frames.
M0000000105_0050 รสชาติ แก่ มาก 
LOG (gmm-latgen-faster[5.5.0~1494-e5a5]:DecodeUtteranceLatticeFaster():decoder-wrappers.cc:375) Log-like per frame for utterance M0000000105_0050 is -6.19662 over 205 frames.
M0000000105_0051 ตรา เค็ม เหม็น เช้า 
LOG (gmm-latgen-faster[5.5.0~1494-e5a5]:DecodeUtteranceLatticeFaster():decoder-wrappers.cc:375) Log-like per frame for utterance M0000000105_0051 is -5.91769 over 305 frames.
M0000000105_0052 เพชร เกิน ไป รับ 
LOG (gmm-latgen-faster[5.5.0~1494-e5a5]:DecodeUtteranceLatticeFaster():decoder-wrappers.cc:375) Log-like per frame for utterance M0000000105_0052 is -6.37485 over 220 frames.
M0000000105_0053 วาน มี อะไร บ้าง มั้ย บาป 
LOG (gmm-latgen-faster[5.5.0~1494-e5a5]:DecodeUtteranceLatticeFaster():decoder-wrappers.cc:375) Log-like per frame for utterance M0000000105_0053 is -6.21379 over 376 frames.
M0000000105_0054 ปิด ไฟ ก่อน 
LOG (gmm-latgen-faster[5.5.0~1494-e5a5]:DecodeUtteranceLatticeFaster():decoder-wrappers.cc:375) Log-like per frame for utterance M0000000105_0054 is -6.01945 over 194 frames.
M0000000105_0055 พร ห้า ขอ ไหม 
LOG (gmm-latgen-faster[5.5.0~1494-e5a5]:DecodeUtteranceLatticeFaster():decoder-wrappers.cc:375) Log-like per frame for utterance M0000000105_0055 is -6.33222 over 202 frames.
M0000000105_0056 กิน คลื่น จันทร์ ราคา ครึ่ง เดียว ได้ ไหม 
LOG (gmm-latgen-faster[5.5.0~1494-e5a5]:DecodeUtteranceLatticeFaster():decoder-wrappers.cc:375) Log-like per frame for utterance M0000000105_0056 is -6.34255 over 450 frames.
M0000000105_0057 ใหม่ ต้อง ถอน 
LOG (gmm-latgen-faster[5.5.0~1494-e5a5]:DecodeUtteranceLatticeFaster():decoder-wrappers.cc:375) Log-like per frame for utterance M0000000105_0057 is -6.06043 over 187 frames.
M0000000105_0058 บาง จันทร์ ได้ ไหม 
LOG (gmm-latgen-faster[5.5.0~1494-e5a5]:DecodeUtteranceLatticeFaster():decoder-wrappers.cc:375) Log-like per frame for utterance M0000000105_0058 is -6.13729 over 215 frames.
M0000000105_0059 กับข้าว หมูสับ เท่าไร 
LOG (gmm-latgen-faster[5.5.0~1494-e5a5]:DecodeUtteranceLatticeFaster():decoder-wrappers.cc:375) Log-like per frame for utterance M0000000105_0059 is -6.19503 over 273 frames.
M0000000105_0060 ต้มยำ กุ้ง เผ็ด มาก ไหม 
LOG (gmm-latgen-faster[5.5.0~1494-e5a5]:DecodeUtteranceLatticeFaster():decoder-wrappers.cc:375) Log-like per frame for utterance M0000000105_0060 is -6.38003 over 331 frames.
M0000000105_0061 พล จ่าย ได้ ไหม ครับ 
LOG (gmm-latgen-faster[5.5.0~1494-e5a5]:DecodeUtteranceLatticeFaster():decoder-wrappers.cc:375) Log-like per frame for utterance M0000000105_0061 is -6.35172 over 256 frames.
M0000000105_0062 มี พร้อม พื้น ไหม 
LOG (gmm-latgen-faster[5.5.0~1494-e5a5]:DecodeUtteranceLatticeFaster():decoder-wrappers.cc:375) Log-like per frame for utterance M0000000105_0062 is -6.12693 over 209 frames.
M0000000105_0063 เมนู นี้ อร่อย ไหม 
LOG (gmm-latgen-faster[5.5.0~1494-e5a5]:DecodeUtteranceLatticeFaster():decoder-wrappers.cc:375) Log-like per frame for utterance M0000000105_0063 is -6.32117 over 264 frames.
M0000000105_0064 ปอนด์ ตาราง ที่ ไซส์ 
LOG (gmm-latgen-faster[5.5.0~1494-e5a5]:DecodeUtteranceLatticeFaster():decoder-wrappers.cc:375) Log-like per frame for utterance M0000000105_0064 is -6.69487 over 220 frames.
M0000000105_0065 ขอ ที่ ถูก เพิ่ม หน่อย 
LOG (gmm-latgen-faster[5.5.0~1494-e5a5]:DecodeUtteranceLatticeFaster():decoder-wrappers.cc:375) Log-like per frame for utterance M0000000105_0065 is -6.25935 over 273 frames.
M0000000105_0066 พระเกี้ยว หมด ครับ 
LOG (gmm-latgen-faster[5.5.0~1494-e5a5]:DecodeUtteranceLatticeFaster():decoder-wrappers.cc:375) Log-like per frame for utterance M0000000105_0066 is -6.88103 over 194 frames.
M0000000105_0067 ขอ เมตร ต่อ หนึ่ง 
LOG (gmm-latgen-faster[5.5.0~1494-e5a5]:DecodeUtteranceLatticeFaster():decoder-wrappers.cc:375) Log-like per frame for utterance M0000000105_0067 is -6.52394 over 212 frames.
M0000000105_0068 ขอ จันทร์ แบ่ง สอง จันทร์ 
LOG (gmm-latgen-faster[5.5.0~1494-e5a5]:DecodeUtteranceLatticeFaster():decoder-wrappers.cc:375) Log-like per frame for utterance M0000000105_0068 is -6.4123 over 279 frames.
M0000000105_0069 มี ที่ ล้าง มือ ไหม 
LOG (gmm-latgen-faster[5.5.0~1494-e5a5]:DecodeUtteranceLatticeFaster():decoder-wrappers.cc:375) Log-like per frame for utterance M0000000105_0069 is -6.309 over 272 frames.
M0000000105_0070 ขอ เมนู หน่อย สิ 
LOG (gmm-latgen-faster[5.5.0~1494-e5a5]:DecodeUtteranceLatticeFaster():decoder-wrappers.cc:375) Log-like per frame for utterance M0000000105_0070 is -6.19143 over 219 frames.
M0000000105_0071 ร้าน นี้ มี โค วิป มั้ย 
LOG (gmm-latgen-faster[5.5.0~1494-e5a5]:DecodeUtteranceLatticeFaster():decoder-wrappers.cc:375) Log-like per frame for utterance M0000000105_0071 is -6.31205 over 320 frames.
M0000000105_0072 คน จีน มา กิน บ่อย ไหม 
LOG (gmm-latgen-faster[5.5.0~1494-e5a5]:DecodeUtteranceLatticeFaster():decoder-wrappers.cc:375) Log-like per frame for utterance M0000000105_0072 is -6.20205 over 332 frames.
M0000000105_0073 ข้าม ไป ระหว่าง ทำ อาหาร นะ 
LOG (gmm-latgen-faster[5.5.0~1494-e5a5]:DecodeUtteranceLatticeFaster():decoder-wrappers.cc:375) Log-like per frame for utterance M0000000105_0073 is -6.31673 over 393 frames.
M0000000105_0074 รับ เด็ก ส่วนลด ไหม 
LOG (gmm-latgen-faster[5.5.0~1494-e5a5]:DecodeUtteranceLatticeFaster():decoder-wrappers.cc:375) Log-like per frame for utterance M0000000105_0074 is -6.14435 over 257 frames.
M0000000105_0075 รับ สมัคร งาน ต้อง อายุ เท่าไร 
LOG (gmm-latgen-faster[5.5.0~1494-e5a5]:DecodeUtteranceLatticeFaster():decoder-wrappers.cc:375) Log-like per frame for utterance M0000000105_0075 is -6.27927 over 378 frames.
M0000000105_0076 ยัง ไม่ เตือน อาหาร รับ ไหม 
LOG (gmm-latgen-faster[5.5.0~1494-e5a5]:DecodeUtteranceLatticeFaster():decoder-wrappers.cc:375) Log-like per frame for utterance M0000000105_0076 is -6.36787 over 330 frames.
M0000000105_0077 ไม่ มี ตั้ง หลัง จันทร์ แทน ได้ ไหม 
LOG (gmm-latgen-faster[5.5.0~1494-e5a5]:DecodeUtteranceLatticeFaster():decoder-wrappers.cc:375) Log-like per frame for utterance M0000000105_0077 is -6.21888 over 435 frames.
M0000000105_0078 อยาก ซื้อ ร้าน ขอ ขาย เท่าไร 
LOG (gmm-latgen-faster[5.5.0~1494-e5a5]:DecodeUtteranceLatticeFaster():decoder-wrappers.cc:375) Log-like per frame for utterance M0000000105_0078 is -6.24336 over 373 frames.
M0000000105_0079 ขาย คืน ฉาย ไหม 
LOG (gmm-latgen-faster[5.5.0~1494-e5a5]:DecodeUtteranceLatticeFaster():decoder-wrappers.cc:375) Log-like per frame for utterance M0000000105_0079 is -6.23458 over 266 frames.
M0000000105_0080 อยาก เปิด สาขา บ้าง ต้อง ทำ อะไร 
LOG (gmm-latgen-faster[5.5.0~1494-e5a5]:DecodeUtteranceLatticeFaster():decoder-wrappers.cc:375) Log-like per frame for utterance M0000000105_0080 is -6.10678 over 408 frames.
M0000000105_0081 ปรก สวย จัง อยาก ได้ ขาย ไหม 
LOG (gmm-latgen-faster[5.5.0~1494-e5a5]:DecodeUtteranceLatticeFaster():decoder-wrappers.cc:375) Log-like per frame for utterance M0000000105_0081 is -6.24938 over 394 frames.
M0000000105_0082 หน้า จะ ไป เปิด ร้าน ตรง สี่ แยก นะ 
LOG (gmm-latgen-faster[5.5.0~1494-e5a5]:DecodeUtteranceLatticeFaster():decoder-wrappers.cc:375) Log-like per frame for utterance M0000000105_0082 is -6.2514 over 429 frames.
M0000000105_0083 ก๋วยเตี๋ยว ขาย ดี มั้ย 
LOG (gmm-latgen-faster[5.5.0~1494-e5a5]:DecodeUtteranceLatticeFaster():decoder-wrappers.cc:375) Log-like per frame for utterance M0000000105_0083 is -6.42423 over 257 frames.
M0000000105_0084 70 เป็น ไร บ้าง 
LOG (gmm-latgen-faster[5.5.0~1494-e5a5]:DecodeUtteranceLatticeFaster():decoder-wrappers.cc:375) Log-like per frame for utterance M0000000105_0084 is -6.38253 over 271 frames.
M0000000105_0085 ขาย อาหาร รายได้ ดี มั้ย 
LOG (gmm-latgen-faster[5.5.0~1494-e5a5]:DecodeUtteranceLatticeFaster():decoder-wrappers.cc:375) Log-like per frame for utterance M0000000105_0085 is -6.22832 over 335 frames.
M0000000105_0086 วัน นึง ขาย เกย หรือ เปล่า 
LOG (gmm-latgen-faster[5.5.0~1494-e5a5]:DecodeUtteranceLatticeFaster():decoder-wrappers.cc:375) Log-like per frame for utterance M0000000105_0086 is -6.13873 over 334 frames.
M0000000105_0087 เปลี่ยน หน้า ยก ได้ มั้ย 
LOG (gmm-latgen-faster[5.5.0~1494-e5a5]:DecodeUtteranceLatticeFaster():decoder-wrappers.cc:375) Log-like per frame for utterance M0000000105_0087 is -6.34842 over 259 frames.
M0000000105_0088 ใช้ หมู ย่อ จาก ที่ไหน 
LOG (gmm-latgen-faster[5.5.0~1494-e5a5]:DecodeUtteranceLatticeFaster():decoder-wrappers.cc:375) Log-like per frame for utterance M0000000105_0088 is -6.88788 over 295 frames.
M0000000105_0089 ต้อง ใส่ น้ำตาล กี่ ช้อนชา 
LOG (gmm-latgen-faster[5.5.0~1494-e5a5]:DecodeUtteranceLatticeFaster():decoder-wrappers.cc:375) Log-like per frame for utterance M0000000105_0089 is -6.60867 over 249 frames.
M0000000105_0090 ทำ หมู กรอบ ย่าน ใน รองรับ ครับ 
LOG (gmm-latgen-faster[5.5.0~1494-e5a5]:DecodeUtteranceLatticeFaster():decoder-wrappers.cc:375) Log-like per frame for utterance M0000000105_0090 is -6.40362 over 328 frames.
M0000000105_0091 ไซ ของ ชุด ลด หรือ เปล่า 
LOG (gmm-latgen-faster[5.5.0~1494-e5a5]:DecodeUtteranceLatticeFaster():decoder-wrappers.cc:375) Log-like per frame for utterance M0000000105_0091 is -6.38085 over 263 frames.
M0000000105_0092 ไซ หมู หรือ เปล่า 
LOG (gmm-latgen-faster[5.5.0~1494-e5a5]:DecodeUtteranceLatticeFaster():decoder-wrappers.cc:375) Log-like per frame for utterance M0000000105_0092 is -6.28618 over 230 frames.
M0000000105_0093 เอา แฟน ฝ่าย จาน นึง 
LOG (gmm-latgen-faster[5.5.0~1494-e5a5]:DecodeUtteranceLatticeFaster():decoder-wrappers.cc:375) Log-like per frame for utterance M0000000105_0093 is -6.09108 over 289 frames.
M0000000105_0094 เอา ด้วย ทอด จันทร์ นึง 
LOG (gmm-latgen-faster[5.5.0~1494-e5a5]:DecodeUtteranceLatticeFaster():decoder-wrappers.cc:375) Log-like per frame for utterance M0000000105_0094 is -5.78985 over 615 frames.
M0000000105_0095 ทำ บัว ลอย ขาย หวาน ได้ ไหม 
LOG (gmm-latgen-faster[5.5.0~1494-e5a5]:DecodeUtteranceLatticeFaster():decoder-wrappers.cc:375) Log-like per frame for utterance M0000000105_0095 is -6.15703 over 363 frames.
M0000000105_0096 ลุก ชิ้น นก เป็น ควีน ไม้ นึง 
LOG (gmm-latgen-faster[5.5.0~1494-e5a5]:DecodeUtteranceLatticeFaster():decoder-wrappers.cc:375) Log-like per frame for utterance M0000000105_0096 is -6.28434 over 337 frames.
M0000000105_0097 มา ส่ง ที่ ขอ ให้ หน่อย 
LOG (gmm-latgen-faster[5.5.0~1494-e5a5]:DecodeUtteranceLatticeFaster():decoder-wrappers.cc:375) Log-like per frame for utterance M0000000105_0097 is -6.50132 over 294 frames.
LOG (apply-cmvn[5.5.0~1494-e5a5]:main():apply-cmvn.cc:162) Applied cepstral mean normalization to 204 utterances, errors on 0
M0000000105_0098 มา ส่ง ให้ ที่ บ้าน บ้าน ไหม ครับ 
LOG (gmm-latgen-faster[5.5.0~1494-e5a5]:DecodeUtteranceLatticeFaster():decoder-wrappers.cc:375) Log-like per frame for utterance M0000000105_0098 is -6.37793 over 390 frames.
M0000000105_0099 เดียว ลง ไป เอา ครับ 
LOG (gmm-latgen-faster[5.5.0~1494-e5a5]:DecodeUtteranceLatticeFaster():decoder-wrappers.cc:375) Log-like per frame for utterance M0000000105_0099 is -6.29286 over 273 frames.
M0000000105_0100 เกี่ยว เดิน ไป ออก ที่ ผ่าน มา 
LOG (gmm-latgen-faster[5.5.0~1494-e5a5]:DecodeUtteranceLatticeFaster():decoder-wrappers.cc:375) Log-like per frame for utterance M0000000105_0100 is -6.32597 over 361 frames.
M0000000105_0101 อยู่ ไซ จะ ขาด แล้ว อะไร ก็ ได้ จันทร์ นึง 
LOG (gmm-latgen-faster[5.5.0~1494-e5a5]:DecodeUtteranceLatticeFaster():decoder-wrappers.cc:375) Log-like per frame for utterance M0000000105_0101 is -6.38467 over 544 frames.
LOG (gmm-latgen-faster[5.5.0~1494-e5a5]:main():gmm-latgen-faster.cc:176) Time taken 60.043s: real-time factor assuming 100 frames/sec is 0.128997
LOG (gmm-latgen-faster[5.5.0~1494-e5a5]:main():gmm-latgen-faster.cc:179) Done 204 utterances, failed for 0
LOG (gmm-latgen-faster[5.5.0~1494-e5a5]:main():gmm-latgen-faster.cc:181) Overall log-likelihood per frame is -6.60687 over 46546 frames.
# Accounting: time=60 threads=1
# Ended (code 0) at Mon May 17 08:49:39 UTC 2021, elapsed time 60 seconds
