# gmm-latgen-faster --max-active=7000 --beam=13.0 --lattice-beam=6.0 --acoustic-scale=0.083333 --allow-partial=true --word-symbol-table=exp/tri1/graph/words.txt exp/tri1/final.mdl exp/tri1/graph/HCLG.fst "ark,s,cs:apply-cmvn  --utt2spk=ark:data/test/split4/2/utt2spk scp:data/test/split4/2/cmvn.scp scp:data/test/split4/2/feats.scp ark:- | add-deltas  ark:- ark:- |" "ark:|gzip -c > exp/tri1/decode/lat.2.gz" 
# Started at Mon May 17 08:48:39 UTC 2021
#
gmm-latgen-faster --max-active=7000 --beam=13.0 --lattice-beam=6.0 --acoustic-scale=0.083333 --allow-partial=true --word-symbol-table=exp/tri1/graph/words.txt exp/tri1/final.mdl exp/tri1/graph/HCLG.fst 'ark,s,cs:apply-cmvn  --utt2spk=ark:data/test/split4/2/utt2spk scp:data/test/split4/2/cmvn.scp scp:data/test/split4/2/feats.scp ark:- | add-deltas  ark:- ark:- |' 'ark:|gzip -c > exp/tri1/decode/lat.2.gz' 
apply-cmvn --utt2spk=ark:data/test/split4/2/utt2spk scp:data/test/split4/2/cmvn.scp scp:data/test/split4/2/feats.scp ark:- 
add-deltas ark:- ark:- 
M0000000107_0000 โกวาจี 
LOG (gmm-latgen-faster[5.5.0~1494-e5a5]:DecodeUtteranceLatticeFaster():decoder-wrappers.cc:375) Log-like per frame for utterance M0000000107_0000 is -7.13985 over 210 frames.
M0000000107_0001 โกวาจี เอ้าลาส หน้า หนึ่ง จาน 
LOG (gmm-latgen-faster[5.5.0~1494-e5a5]:DecodeUtteranceLatticeFaster():decoder-wrappers.cc:375) Log-like per frame for utterance M0000000107_0001 is -7.12453 over 423 frames.
M0000000107_0002 เพราะ ความ เข้าใจ ไข่ดาว หนึ่ง จาน 
LOG (gmm-latgen-faster[5.5.0~1494-e5a5]:DecodeUtteranceLatticeFaster():decoder-wrappers.cc:375) Log-like per frame for utterance M0000000107_0002 is -7.29736 over 325 frames.
M0000000107_0003 ช่อง ค่ำคืน ขึ้น หนึ่ง 
LOG (gmm-latgen-faster[5.5.0~1494-e5a5]:DecodeUtteranceLatticeFaster():decoder-wrappers.cc:375) Log-like per frame for utterance M0000000107_0003 is -6.92707 over 276 frames.
M0000000107_0004 ข้าวผัด หมู ไข่ดาว จาน 
LOG (gmm-latgen-faster[5.5.0~1494-e5a5]:DecodeUtteranceLatticeFaster():decoder-wrappers.cc:375) Log-like per frame for utterance M0000000107_0004 is -7.18286 over 260 frames.
M0000000107_0005 เอา ขวด ได้ ใหม่ อีกครั้ง 
LOG (gmm-latgen-faster[5.5.0~1494-e5a5]:DecodeUtteranceLatticeFaster():decoder-wrappers.cc:375) Log-like per frame for utterance M0000000107_0005 is -7.58993 over 236 frames.
M0000000107_0006 ขอ ขวด หนึ่ง 
LOG (gmm-latgen-faster[5.5.0~1494-e5a5]:DecodeUtteranceLatticeFaster():decoder-wrappers.cc:375) Log-like per frame for utterance M0000000107_0006 is -7.49515 over 177 frames.
M0000000107_0007 ร้าน ฉัน กับ แก้ว หนึ่ง 
LOG (gmm-latgen-faster[5.5.0~1494-e5a5]:DecodeUtteranceLatticeFaster():decoder-wrappers.cc:375) Log-like per frame for utterance M0000000107_0007 is -7.4149 over 207 frames.
M0000000107_0008 น้ำเปล่า หนึ่ง น้ำแข็ง สอง 
LOG (gmm-latgen-faster[5.5.0~1494-e5a5]:DecodeUtteranceLatticeFaster():decoder-wrappers.cc:375) Log-like per frame for utterance M0000000107_0008 is -7.46292 over 266 frames.
M0000000107_0009 ขอ น้ำแข็ง ทาง หนึ่ง 
LOG (gmm-latgen-faster[5.5.0~1494-e5a5]:DecodeUtteranceLatticeFaster():decoder-wrappers.cc:375) Log-like per frame for utterance M0000000107_0009 is -7.48974 over 239 frames.
M0000000107_0010 ขอ รอบ หน่อย 
LOG (gmm-latgen-faster[5.5.0~1494-e5a5]:DecodeUtteranceLatticeFaster():decoder-wrappers.cc:375) Log-like per frame for utterance M0000000107_0010 is -6.70412 over 244 frames.
M0000000107_0011 ลา ห้า สำหรับ 
LOG (gmm-latgen-faster[5.5.0~1494-e5a5]:DecodeUtteranceLatticeFaster():decoder-wrappers.cc:375) Log-like per frame for utterance M0000000107_0011 is -7.74611 over 176 frames.
M0000000107_0012 ขั้น ต่อ เที่ยง คืน 
LOG (gmm-latgen-faster[5.5.0~1494-e5a5]:DecodeUtteranceLatticeFaster():decoder-wrappers.cc:375) Log-like per frame for utterance M0000000107_0012 is -7.37342 over 230 frames.
M0000000107_0013 ตอน สิบ ที่ ห้อง แอร์ สอง ทุ่ม ครึ่ง 
LOG (gmm-latgen-faster[5.5.0~1494-e5a5]:DecodeUtteranceLatticeFaster():decoder-wrappers.cc:375) Log-like per frame for utterance M0000000107_0013 is -7.49517 over 430 frames.
M0000000107_0014 ขอ รอบ แต่ ที่ 
LOG (gmm-latgen-faster[5.5.0~1494-e5a5]:DecodeUtteranceLatticeFaster():decoder-wrappers.cc:375) Log-like per frame for utterance M0000000107_0014 is -7.42923 over 219 frames.
M0000000107_0015 ขอ นั่ง ตรง กลาง นะ 
LOG (gmm-latgen-faster[5.5.0~1494-e5a5]:DecodeUtteranceLatticeFaster():decoder-wrappers.cc:375) Log-like per frame for utterance M0000000107_0015 is -7.32559 over 224 frames.
M0000000107_0016 ขอ นั่ง ติด กระทะ นะ 
LOG (gmm-latgen-faster[5.5.0~1494-e5a5]:DecodeUtteranceLatticeFaster():decoder-wrappers.cc:375) Log-like per frame for utterance M0000000107_0016 is -7.88127 over 265 frames.
M0000000107_0017 ขอ ราย ไม้ ละ 
LOG (gmm-latgen-faster[5.5.0~1494-e5a5]:DecodeUtteranceLatticeFaster():decoder-wrappers.cc:375) Log-like per frame for utterance M0000000107_0017 is -7.20878 over 219 frames.
M0000000107_0018 ขอ เก้า ที่ สาม หน่อย 
LOG (gmm-latgen-faster[5.5.0~1494-e5a5]:DecodeUtteranceLatticeFaster():decoder-wrappers.cc:375) Log-like per frame for utterance M0000000107_0018 is -7.38744 over 197 frames.
M0000000107_0019 ย้าย เป็น ตัวกลาง นะ 
LOG (gmm-latgen-faster[5.5.0~1494-e5a5]:DecodeUtteranceLatticeFaster():decoder-wrappers.cc:375) Log-like per frame for utterance M0000000107_0019 is -7.26201 over 253 frames.
M0000000107_0020 ลูกเต๋า ไป ไหน 
LOG (gmm-latgen-faster[5.5.0~1494-e5a5]:DecodeUtteranceLatticeFaster():decoder-wrappers.cc:375) Log-like per frame for utterance M0000000107_0020 is -7.60806 over 179 frames.
M0000000107_0021 แจ้ง เตือน จัง 
LOG (gmm-latgen-faster[5.5.0~1494-e5a5]:DecodeUtteranceLatticeFaster():decoder-wrappers.cc:375) Log-like per frame for utterance M0000000107_0021 is -7.44245 over 174 frames.
M0000000107_0022 คิง ได้ไหม อะ 
LOG (gmm-latgen-faster[5.5.0~1494-e5a5]:DecodeUtteranceLatticeFaster():decoder-wrappers.cc:375) Log-like per frame for utterance M0000000107_0022 is -6.92018 over 282 frames.
M0000000107_0023 อาหาร อร่อย หนัง ค้นหา ไหม 
LOG (gmm-latgen-faster[5.5.0~1494-e5a5]:DecodeUtteranceLatticeFaster():decoder-wrappers.cc:375) Log-like per frame for utterance M0000000107_0023 is -7.23703 over 295 frames.
M0000000107_0024 ขอ เครื่องปรุง ไหม 
LOG (gmm-latgen-faster[5.5.0~1494-e5a5]:DecodeUtteranceLatticeFaster():decoder-wrappers.cc:375) Log-like per frame for utterance M0000000107_0024 is -7.34921 over 188 frames.
M0000000107_0025 คริส หมด 
LOG (gmm-latgen-faster[5.5.0~1494-e5a5]:DecodeUtteranceLatticeFaster():decoder-wrappers.cc:375) Log-like per frame for utterance M0000000107_0025 is -7.448 over 159 frames.
M0000000107_0026 มี นัด กิน ศุกร์ ที่ ไหน 
LOG (gmm-latgen-faster[5.5.0~1494-e5a5]:DecodeUtteranceLatticeFaster():decoder-wrappers.cc:375) Log-like per frame for utterance M0000000107_0026 is -7.37532 over 233 frames.
M0000000107_0027 เอา ซอฟท์แวร์ เปลี่ยน ชื่อ ให้ หน่อย ได้ 
LOG (gmm-latgen-faster[5.5.0~1494-e5a5]:DecodeUtteranceLatticeFaster():decoder-wrappers.cc:375) Log-like per frame for utterance M0000000107_0027 is -7.31408 over 259 frames.
M0000000107_0028 ขอ น้ำจิ้ม เพิ่ม ใหม่ บ้าง 
LOG (gmm-latgen-faster[5.5.0~1494-e5a5]:DecodeUtteranceLatticeFaster():decoder-wrappers.cc:375) Log-like per frame for utterance M0000000107_0028 is -7.29343 over 249 frames.
M0000000107_0029 จะ เสร็จ หรือ ยัง 
LOG (gmm-latgen-faster[5.5.0~1494-e5a5]:DecodeUtteranceLatticeFaster():decoder-wrappers.cc:375) Log-like per frame for utterance M0000000107_0029 is -7.0231 over 202 frames.
M0000000107_0030 พรุ่ง อะไร ได้ บ้าง 
LOG (gmm-latgen-faster[5.5.0~1494-e5a5]:DecodeUtteranceLatticeFaster():decoder-wrappers.cc:375) Log-like per frame for utterance M0000000107_0030 is -7.2326 over 236 frames.
M0000000107_0031 อาหาร ประมาณ กี่ โมง 
LOG (gmm-latgen-faster[5.5.0~1494-e5a5]:DecodeUtteranceLatticeFaster():decoder-wrappers.cc:375) Log-like per frame for utterance M0000000107_0031 is -6.77129 over 246 frames.
M0000000107_0032 ต้อง รอ อีก นาน ไหม 
LOG (gmm-latgen-faster[5.5.0~1494-e5a5]:DecodeUtteranceLatticeFaster():decoder-wrappers.cc:375) Log-like per frame for utterance M0000000107_0032 is -7.03135 over 297 frames.
M0000000107_0033 เมื่อ ไหร่ เอช เจ็ด 
LOG (gmm-latgen-faster[5.5.0~1494-e5a5]:DecodeUtteranceLatticeFaster():decoder-wrappers.cc:375) Log-like per frame for utterance M0000000107_0033 is -6.7869 over 209 frames.
M0000000107_0034 ฆ่า มัน จัง 
LOG (gmm-latgen-faster[5.5.0~1494-e5a5]:DecodeUtteranceLatticeFaster():decoder-wrappers.cc:375) Log-like per frame for utterance M0000000107_0034 is -7.34411 over 158 frames.
M0000000107_0035 ไม่ ที่ แล้ว 
LOG (gmm-latgen-faster[5.5.0~1494-e5a5]:DecodeUtteranceLatticeFaster():decoder-wrappers.cc:375) Log-like per frame for utterance M0000000107_0035 is -6.63991 over 181 frames.
M0000000107_0036 ขอ เปลี่ยน เมนู 
LOG (gmm-latgen-faster[5.5.0~1494-e5a5]:DecodeUtteranceLatticeFaster():decoder-wrappers.cc:375) Log-like per frame for utterance M0000000107_0036 is -6.56613 over 208 frames.
M0000000107_0037 ไม่ เอา แล้ว ทำ ไง 
LOG (gmm-latgen-faster[5.5.0~1494-e5a5]:DecodeUtteranceLatticeFaster():decoder-wrappers.cc:375) Log-like per frame for utterance M0000000107_0037 is -6.90946 over 230 frames.
M0000000107_0038 ปลุก ข้าว อยู่ นะ 
LOG (gmm-latgen-faster[5.5.0~1494-e5a5]:DecodeUtteranceLatticeFaster():decoder-wrappers.cc:375) Log-like per frame for utterance M0000000107_0038 is -7.67524 over 174 frames.
M0000000107_0039 ยา ไป ตก สาม นะ 
LOG (gmm-latgen-faster[5.5.0~1494-e5a5]:DecodeUtteranceLatticeFaster():decoder-wrappers.cc:375) Log-like per frame for utterance M0000000107_0039 is -7.49872 over 224 frames.
M0000000107_0040 อยาก ติดต่อ ธุระ 
LOG (gmm-latgen-faster[5.5.0~1494-e5a5]:DecodeUtteranceLatticeFaster():decoder-wrappers.cc:375) Log-like per frame for utterance M0000000107_0040 is -7.08607 over 257 frames.
M0000000107_0041 เอา ต่อ ตัวนำ มาก บ่อย ไหม 
LOG (gmm-latgen-faster[5.5.0~1494-e5a5]:DecodeUtteranceLatticeFaster():decoder-wrappers.cc:375) Log-like per frame for utterance M0000000107_0041 is -7.38605 over 263 frames.
M0000000107_0042 อยาก ยา ไป เท่าไร 
LOG (gmm-latgen-faster[5.5.0~1494-e5a5]:DecodeUtteranceLatticeFaster():decoder-wrappers.cc:375) Log-like per frame for utterance M0000000107_0042 is -7.16779 over 201 frames.
M0000000107_0043 ชั้น บน ว่าง ไหม 
LOG (gmm-latgen-faster[5.5.0~1494-e5a5]:DecodeUtteranceLatticeFaster():decoder-wrappers.cc:375) Log-like per frame for utterance M0000000107_0043 is -7.32128 over 189 frames.
M0000000107_0044 เซ็ต ตังค์ ด้วย 
LOG (gmm-latgen-faster[5.5.0~1494-e5a5]:DecodeUtteranceLatticeFaster():decoder-wrappers.cc:375) Log-like per frame for utterance M0000000107_0044 is -7.34216 over 181 frames.
M0000000107_0045 รับ บัตร เครดิต มั้ย 
LOG (gmm-latgen-faster[5.5.0~1494-e5a5]:DecodeUtteranceLatticeFaster():decoder-wrappers.cc:375) Log-like per frame for utterance M0000000107_0045 is -7.38932 over 251 frames.
M0000000107_0046 เอา ที่ ไป 
LOG (gmm-latgen-faster[5.5.0~1494-e5a5]:DecodeUtteranceLatticeFaster():decoder-wrappers.cc:375) Log-like per frame for utterance M0000000107_0046 is -7.09654 over 194 frames.
M0000000107_0047 แสดง จะ ได้ บ้าง 
LOG (gmm-latgen-faster[5.5.0~1494-e5a5]:DecodeUtteranceLatticeFaster():decoder-wrappers.cc:375) Log-like per frame for utterance M0000000107_0047 is -7.13848 over 215 frames.
M0000000107_0048 มี โปรโมชั่น ไป ไหน 
LOG (gmm-latgen-faster[5.5.0~1494-e5a5]:DecodeUtteranceLatticeFaster():decoder-wrappers.cc:375) Log-like per frame for utterance M0000000107_0048 is -7.23139 over 237 frames.
M0000000107_0049 ไม่ อร่อย เลย 
LOG (gmm-latgen-faster[5.5.0~1494-e5a5]:DecodeUtteranceLatticeFaster():decoder-wrappers.cc:375) Log-like per frame for utterance M0000000107_0049 is -6.70727 over 178 frames.
M0000000107_0050 ลด กับ เยอะ มาก 
LOG (gmm-latgen-faster[5.5.0~1494-e5a5]:DecodeUtteranceLatticeFaster():decoder-wrappers.cc:375) Log-like per frame for utterance M0000000107_0050 is -7.10079 over 195 frames.
M0000000107_0051 ปลาย แขน หนึ่ง ขาว 
LOG (gmm-latgen-faster[5.5.0~1494-e5a5]:DecodeUtteranceLatticeFaster():decoder-wrappers.cc:375) Log-like per frame for utterance M0000000107_0051 is -6.90979 over 198 frames.
M0000000107_0052 เปิด เกิน ไป ห้า 
LOG (gmm-latgen-faster[5.5.0~1494-e5a5]:DecodeUtteranceLatticeFaster():decoder-wrappers.cc:375) Log-like per frame for utterance M0000000107_0052 is -7.08496 over 215 frames.
M0000000107_0053 ตอน นี้ เท่าไหร่ แล้ว ไฟ ครับ 
LOG (gmm-latgen-faster[5.5.0~1494-e5a5]:DecodeUtteranceLatticeFaster():decoder-wrappers.cc:375) Log-like per frame for utterance M0000000107_0053 is -7.56443 over 229 frames.
M0000000107_0054 เอ็ดแว็ก ก่อน 
LOG (gmm-latgen-faster[5.5.0~1494-e5a5]:DecodeUtteranceLatticeFaster():decoder-wrappers.cc:375) Log-like per frame for utterance M0000000107_0054 is -7.31587 over 161 frames.
M0000000107_0055 ชั้น ห้า คน มั้ย 
LOG (gmm-latgen-faster[5.5.0~1494-e5a5]:DecodeUtteranceLatticeFaster():decoder-wrappers.cc:375) Log-like per frame for utterance M0000000107_0055 is -7.04624 over 193 frames.
M0000000107_0056 กิน ครึ่ง จาน จะ ขึ้นอยู่ ได้ ไหม 
LOG (gmm-latgen-faster[5.5.0~1494-e5a5]:DecodeUtteranceLatticeFaster():decoder-wrappers.cc:375) Log-like per frame for utterance M0000000107_0056 is -7.21704 over 343 frames.
M0000000107_0057 ไม่ เจ้าของ 
LOG (gmm-latgen-faster[5.5.0~1494-e5a5]:DecodeUtteranceLatticeFaster():decoder-wrappers.cc:375) Log-like per frame for utterance M0000000107_0057 is -6.77908 over 163 frames.
M0000000107_0058 วัน จันทร์ เนย ไหม 
LOG (gmm-latgen-faster[5.5.0~1494-e5a5]:DecodeUtteranceLatticeFaster():decoder-wrappers.cc:375) Log-like per frame for utterance M0000000107_0058 is -7.19917 over 179 frames.
M0000000107_0059 กับข้าว หมูสับ เท่าไหร่ 
LOG (gmm-latgen-faster[5.5.0~1494-e5a5]:DecodeUtteranceLatticeFaster():decoder-wrappers.cc:375) Log-like per frame for utterance M0000000107_0059 is -7.06694 over 220 frames.
M0000000107_0060 ต้มยำ ที่ หนึ่ง เพชร นัด มั้ย 
LOG (gmm-latgen-faster[5.5.0~1494-e5a5]:DecodeUtteranceLatticeFaster():decoder-wrappers.cc:375) Log-like per frame for utterance M0000000107_0060 is -7.09046 over 320 frames.
M0000000107_0061 อุ้ม ไก่ เผ็ด ไหม ข่าว 
LOG (gmm-latgen-faster[5.5.0~1494-e5a5]:DecodeUtteranceLatticeFaster():decoder-wrappers.cc:375) Log-like per frame for utterance M0000000107_0061 is -6.80477 over 233 frames.
M0000000107_0062 มี ความ เรียน มั้ย 
LOG (gmm-latgen-faster[5.5.0~1494-e5a5]:DecodeUtteranceLatticeFaster():decoder-wrappers.cc:375) Log-like per frame for utterance M0000000107_0062 is -6.8533 over 192 frames.
M0000000107_0063 เมนู นี้ อร่อย ไหม 
LOG (gmm-latgen-faster[5.5.0~1494-e5a5]:DecodeUtteranceLatticeFaster():decoder-wrappers.cc:375) Log-like per frame for utterance M0000000107_0063 is -6.6683 over 228 frames.
M0000000107_0064 เชอร์รี่ ใกล้เคียง 
LOG (gmm-latgen-faster[5.5.0~1494-e5a5]:DecodeUtteranceLatticeFaster():decoder-wrappers.cc:375) Log-like per frame for utterance M0000000107_0064 is -7.02341 over 176 frames.
M0000000107_0065 ขอ อีก ชั่วโมง ครึ่ง หน่อย 
LOG (gmm-latgen-faster[5.5.0~1494-e5a5]:DecodeUtteranceLatticeFaster():decoder-wrappers.cc:375) Log-like per frame for utterance M0000000107_0065 is -7.61187 over 216 frames.
M0000000107_0066 ก๋วยเตี๋ยว รอบ รอบ 
LOG (gmm-latgen-faster[5.5.0~1494-e5a5]:DecodeUtteranceLatticeFaster():decoder-wrappers.cc:375) Log-like per frame for utterance M0000000107_0066 is -7.45525 over 192 frames.
M0000000107_0067 แคลอรี่ น้ำ หนึ่ง 
LOG (gmm-latgen-faster[5.5.0~1494-e5a5]:DecodeUtteranceLatticeFaster():decoder-wrappers.cc:375) Log-like per frame for utterance M0000000107_0067 is -7.15504 over 201 frames.
M0000000107_0068 ขอ ได้ เป็น สอง จาน 
LOG (gmm-latgen-faster[5.5.0~1494-e5a5]:DecodeUtteranceLatticeFaster():decoder-wrappers.cc:375) Log-like per frame for utterance M0000000107_0068 is -7.41187 over 298 frames.
M0000000107_0069 มี ที่ นั่ง ตรง ไหน 
LOG (gmm-latgen-faster[5.5.0~1494-e5a5]:DecodeUtteranceLatticeFaster():decoder-wrappers.cc:375) Log-like per frame for utterance M0000000107_0069 is -7.16504 over 185 frames.
M0000000107_0070 ขอ ให้ ดู หน่อย สิ 
LOG (gmm-latgen-faster[5.5.0~1494-e5a5]:DecodeUtteranceLatticeFaster():decoder-wrappers.cc:375) Log-like per frame for utterance M0000000107_0070 is -6.82786 over 228 frames.
M0000000107_0071 ตอนนี้ มี คน ไหม 
LOG (gmm-latgen-faster[5.5.0~1494-e5a5]:DecodeUtteranceLatticeFaster():decoder-wrappers.cc:375) Log-like per frame for utterance M0000000107_0071 is -7.43404 over 229 frames.
M0000000107_0072 พล กิน น่า กิน บ้าง มั้ย 
LOG (gmm-latgen-faster[5.5.0~1494-e5a5]:DecodeUtteranceLatticeFaster():decoder-wrappers.cc:375) Log-like per frame for utterance M0000000107_0072 is -6.86231 over 277 frames.
M0000000107_0073 ตั้ง แคร่ ระหว่าง ทำ อาหาร นะ 
LOG (gmm-latgen-faster[5.5.0~1494-e5a5]:DecodeUtteranceLatticeFaster():decoder-wrappers.cc:375) Log-like per frame for utterance M0000000107_0073 is -7.28909 over 284 frames.
M0000000107_0074 อัพ เลือด เค้ก ไหม 
LOG (gmm-latgen-faster[5.5.0~1494-e5a5]:DecodeUtteranceLatticeFaster():decoder-wrappers.cc:375) Log-like per frame for utterance M0000000107_0074 is -7.23982 over 228 frames.
M0000000107_0075 อย่า สมัคร งาน ต้อง อายุ เท่าไหร่ 
LOG (gmm-latgen-faster[5.5.0~1494-e5a5]:DecodeUtteranceLatticeFaster():decoder-wrappers.cc:375) Log-like per frame for utterance M0000000107_0075 is -7.20698 over 320 frames.
M0000000107_0076 ยัง ไม่ เก็บ อาหาร ไทย ไหม 
LOG (gmm-latgen-faster[5.5.0~1494-e5a5]:DecodeUtteranceLatticeFaster():decoder-wrappers.cc:375) Log-like per frame for utterance M0000000107_0076 is -7.57502 over 248 frames.
M0000000107_0077 ไม่ มี การ รายการ แห่ง ได้ ไหม 
LOG (gmm-latgen-faster[5.5.0~1494-e5a5]:DecodeUtteranceLatticeFaster():decoder-wrappers.cc:375) Log-like per frame for utterance M0000000107_0077 is -7.24621 over 279 frames.
M0000000107_0078 อย่า ซื้อ ร้าน ต่อ ขาย เท่าไหร่ 
LOG (gmm-latgen-faster[5.5.0~1494-e5a5]:DecodeUtteranceLatticeFaster():decoder-wrappers.cc:375) Log-like per frame for utterance M0000000107_0078 is -7.3108 over 292 frames.
M0000000107_0079 ขาย เส้น ทาง ไหน 
LOG (gmm-latgen-faster[5.5.0~1494-e5a5]:DecodeUtteranceLatticeFaster():decoder-wrappers.cc:375) Log-like per frame for utterance M0000000107_0079 is -7.32041 over 193 frames.
M0000000107_0080 อยาก เปิด สาขา บาง ต้อง ทาง ไหน 
LOG (gmm-latgen-faster[5.5.0~1494-e5a5]:DecodeUtteranceLatticeFaster():decoder-wrappers.cc:375) Log-like per frame for utterance M0000000107_0080 is -7.4192 over 306 frames.
M0000000107_0081 เอา สวย จัง อยาก ได้ ขาย ไหม 
LOG (gmm-latgen-faster[5.5.0~1494-e5a5]:DecodeUtteranceLatticeFaster():decoder-wrappers.cc:375) Log-like per frame for utterance M0000000107_0081 is -7.30105 over 347 frames.
M0000000107_0082 มัก จะ ไป เปิด ร้าน รังสีเอ็กซ์ นะ 
LOG (gmm-latgen-faster[5.5.0~1494-e5a5]:DecodeUtteranceLatticeFaster():decoder-wrappers.cc:375) Log-like per frame for utterance M0000000107_0082 is -7.25656 over 329 frames.
M0000000107_0083 ก๋วยเตี๋ยว ขาย ดี มั้ย 
LOG (gmm-latgen-faster[5.5.0~1494-e5a5]:DecodeUtteranceLatticeFaster():decoder-wrappers.cc:375) Log-like per frame for utterance M0000000107_0083 is -7.73904 over 208 frames.
M0000000107_0084 ซึ่ง เป็น ที่ เป็น ง่าย บ้าง 
LOG (gmm-latgen-faster[5.5.0~1494-e5a5]:DecodeUtteranceLatticeFaster():decoder-wrappers.cc:375) Log-like per frame for utterance M0000000107_0084 is -7.32848 over 212 frames.
M0000000107_0085 ขาย อาหาร รายได้ จีน ไหม 
LOG (gmm-latgen-faster[5.5.0~1494-e5a5]:DecodeUtteranceLatticeFaster():decoder-wrappers.cc:375) Log-like per frame for utterance M0000000107_0085 is -6.8803 over 238 frames.
M0000000107_0086 วัน อังคาร ไป เยอะ ป่าว 
LOG (gmm-latgen-faster[5.5.0~1494-e5a5]:DecodeUtteranceLatticeFaster():decoder-wrappers.cc:375) Log-like per frame for utterance M0000000107_0086 is -7.50674 over 229 frames.
M0000000107_0087 เปลี่ยน นโยบาย ไหม 
LOG (gmm-latgen-faster[5.5.0~1494-e5a5]:DecodeUtteranceLatticeFaster():decoder-wrappers.cc:375) Log-like per frame for utterance M0000000107_0087 is -6.88912 over 223 frames.
M0000000107_0088 ใช้ หมู ย้อน จาก ที่ไหน 
LOG (gmm-latgen-faster[5.5.0~1494-e5a5]:DecodeUtteranceLatticeFaster():decoder-wrappers.cc:375) Log-like per frame for utterance M0000000107_0088 is -7.39283 over 206 frames.
M0000000107_0089 ต้อง ใส่ น้ำปลา สินค้า 
LOG (gmm-latgen-faster[5.5.0~1494-e5a5]:DecodeUtteranceLatticeFaster():decoder-wrappers.cc:375) Log-like per frame for utterance M0000000107_0089 is -7.56617 over 179 frames.
M0000000107_0090 ทำ หมู ทอด ยัง ใน ร้านค้า 
LOG (gmm-latgen-faster[5.5.0~1494-e5a5]:DecodeUtteranceLatticeFaster():decoder-wrappers.cc:375) Log-like per frame for utterance M0000000107_0090 is -7.13253 over 241 frames.
M0000000107_0091 ใส่ ถุง เข้า โรง อื่น ปะ 
LOG (gmm-latgen-faster[5.5.0~1494-e5a5]:DecodeUtteranceLatticeFaster():decoder-wrappers.cc:375) Log-like per frame for utterance M0000000107_0091 is -7.45766 over 258 frames.
M0000000107_0092 ใส่ หมู รึ ป่าว 
LOG (gmm-latgen-faster[5.5.0~1494-e5a5]:DecodeUtteranceLatticeFaster():decoder-wrappers.cc:375) Log-like per frame for utterance M0000000107_0092 is -7.55504 over 165 frames.
M0000000107_0093 เอา เป็น รายการ หนึ่ง 
LOG (gmm-latgen-faster[5.5.0~1494-e5a5]:DecodeUtteranceLatticeFaster():decoder-wrappers.cc:375) Log-like per frame for utterance M0000000107_0093 is -7.14891 over 209 frames.
M0000000107_0094 เอา กล้วย ทอด จาน หนึ่ง 
LOG (gmm-latgen-faster[5.5.0~1494-e5a5]:DecodeUtteranceLatticeFaster():decoder-wrappers.cc:375) Log-like per frame for utterance M0000000107_0094 is -7.22619 over 200 frames.
M0000000107_0095 ทั้งหมด ร้อย ชัยวัฒน์ ไม่ ไหม 
LOG (gmm-latgen-faster[5.5.0~1494-e5a5]:DecodeUtteranceLatticeFaster():decoder-wrappers.cc:375) Log-like per frame for utterance M0000000107_0095 is -7.07143 over 275 frames.
LOG (apply-cmvn[5.5.0~1494-e5a5]:main():apply-cmvn.cc:162) Applied cepstral mean normalization to 102 utterances, errors on 0
M0000000107_0096 รูป ที่ นั่ง พรีวิเลจ ไป หนึ่ง 
LOG (gmm-latgen-faster[5.5.0~1494-e5a5]:DecodeUtteranceLatticeFaster():decoder-wrappers.cc:375) Log-like per frame for utterance M0000000107_0096 is -7.22223 over 264 frames.
M0000000107_0097 ล่าสุด ที่ ขอ ให้ หน่อย 
LOG (gmm-latgen-faster[5.5.0~1494-e5a5]:DecodeUtteranceLatticeFaster():decoder-wrappers.cc:375) Log-like per frame for utterance M0000000107_0097 is -7.4421 over 214 frames.
M0000000107_0098 ล่าสุด ที่นั่ง ได้ ไหม ครับ 
LOG (gmm-latgen-faster[5.5.0~1494-e5a5]:DecodeUtteranceLatticeFaster():decoder-wrappers.cc:375) Log-like per frame for utterance M0000000107_0098 is -7.1284 over 316 frames.
M0000000107_0099 เลื่อน ลง ไป เอา ครับ 
LOG (gmm-latgen-faster[5.5.0~1494-e5a5]:DecodeUtteranceLatticeFaster():decoder-wrappers.cc:375) Log-like per frame for utterance M0000000107_0099 is -7.81794 over 184 frames.
M0000000107_0100 ยกเลิก เป็น เท่า ที่ ผ่าน มา 
LOG (gmm-latgen-faster[5.5.0~1494-e5a5]:DecodeUtteranceLatticeFaster():decoder-wrappers.cc:375) Log-like per frame for utterance M0000000107_0100 is -7.5258 over 219 frames.
M0000000107_0101 คลื่นไส้ ตะขาบ แล้ว อะไร ก็ได้ จาน หนึ่ง 
LOG (gmm-latgen-faster[5.5.0~1494-e5a5]:DecodeUtteranceLatticeFaster():decoder-wrappers.cc:375) Log-like per frame for utterance M0000000107_0101 is -7.43679 over 424 frames.
LOG (gmm-latgen-faster[5.5.0~1494-e5a5]:main():gmm-latgen-faster.cc:176) Time taken 55.9561s: real-time factor assuming 100 frames/sec is 0.233287
LOG (gmm-latgen-faster[5.5.0~1494-e5a5]:main():gmm-latgen-faster.cc:179) Done 102 utterances, failed for 0
LOG (gmm-latgen-faster[5.5.0~1494-e5a5]:main():gmm-latgen-faster.cc:181) Overall log-likelihood per frame is -7.24033 over 23986 frames.
# Accounting: time=56 threads=1
# Ended (code 0) at Mon May 17 08:49:35 UTC 2021, elapsed time 56 seconds
