# gmm-latgen-faster --max-active=7000 --beam=13.0 --lattice-beam=6.0 --acoustic-scale=0.083333 --allow-partial=true --word-symbol-table=exp/tri1/graph/words.txt exp/tri1/final.mdl exp/tri1/graph/HCLG.fst "ark,s,cs:apply-cmvn  --utt2spk=ark:data/test/split4/3/utt2spk scp:data/test/split4/3/cmvn.scp scp:data/test/split4/3/feats.scp ark:- | add-deltas  ark:- ark:- |" "ark:|gzip -c > exp/tri1/decode/lat.3.gz" 
# Started at Mon May 17 08:49:35 UTC 2021
#
gmm-latgen-faster --max-active=7000 --beam=13.0 --lattice-beam=6.0 --acoustic-scale=0.083333 --allow-partial=true --word-symbol-table=exp/tri1/graph/words.txt exp/tri1/final.mdl exp/tri1/graph/HCLG.fst 'ark,s,cs:apply-cmvn  --utt2spk=ark:data/test/split4/3/utt2spk scp:data/test/split4/3/cmvn.scp scp:data/test/split4/3/feats.scp ark:- | add-deltas  ark:- ark:- |' 'ark:|gzip -c > exp/tri1/decode/lat.3.gz' 
add-deltas ark:- ark:- 
apply-cmvn --utt2spk=ark:data/test/split4/3/utt2spk scp:data/test/split4/3/cmvn.scp scp:data/test/split4/3/feats.scp ark:- 
M0000000124_0000 โกวาจี 
LOG (gmm-latgen-faster[5.5.0~1494-e5a5]:DecodeUtteranceLatticeFaster():decoder-wrappers.cc:375) Log-like per frame for utterance M0000000124_0000 is -5.69452 over 203 frames.
M0000000124_0001 โกวาจี เอา ราดหน้า หนึ่ง จาน 
LOG (gmm-latgen-faster[5.5.0~1494-e5a5]:DecodeUtteranceLatticeFaster():decoder-wrappers.cc:375) Log-like per frame for utterance M0000000124_0001 is -6.65464 over 282 frames.
M0000000124_0002 เอา กระจาย ไข่ดาว หนึ่ง จาน 
LOG (gmm-latgen-faster[5.5.0~1494-e5a5]:DecodeUtteranceLatticeFaster():decoder-wrappers.cc:375) Log-like per frame for utterance M0000000124_0002 is -6.44062 over 321 frames.
M0000000124_0003 สอน ทำ ปิด ไม่ คืน 
LOG (gmm-latgen-faster[5.5.0~1494-e5a5]:DecodeUtteranceLatticeFaster():decoder-wrappers.cc:375) Log-like per frame for utterance M0000000124_0003 is -6.50682 over 284 frames.
M0000000124_0004 ข้าวผัด หมู ไข่ ดาว จันทร์ 
LOG (gmm-latgen-faster[5.5.0~1494-e5a5]:DecodeUtteranceLatticeFaster():decoder-wrappers.cc:375) Log-like per frame for utterance M0000000124_0004 is -6.69337 over 267 frames.
M0000000124_0005 เอา คู่ ไก่ ใส่ หมู จันทร์ 
LOG (gmm-latgen-faster[5.5.0~1494-e5a5]:DecodeUtteranceLatticeFaster():decoder-wrappers.cc:375) Log-like per frame for utterance M0000000124_0005 is -6.64676 over 269 frames.
M0000000124_0006 ขอ ขวด หนึ่ง 
LOG (gmm-latgen-faster[5.5.0~1494-e5a5]:DecodeUtteranceLatticeFaster():decoder-wrappers.cc:375) Log-like per frame for utterance M0000000124_0006 is -6.61538 over 204 frames.
M0000000124_0007 นั่ง แพง ท่อแก้ว หนึ่ง 
LOG (gmm-latgen-faster[5.5.0~1494-e5a5]:DecodeUtteranceLatticeFaster():decoder-wrappers.cc:375) Log-like per frame for utterance M0000000124_0007 is -7.076 over 173 frames.
M0000000124_0008 น้ำเปล่า หนึ่ง น้ำแข็ง สอง 
LOG (gmm-latgen-faster[5.5.0~1494-e5a5]:DecodeUtteranceLatticeFaster():decoder-wrappers.cc:375) Log-like per frame for utterance M0000000124_0008 is -6.6206 over 251 frames.
M0000000124_0009 ขอ น้ำแข็ง ชั้น หนึ่ง 
LOG (gmm-latgen-faster[5.5.0~1494-e5a5]:DecodeUtteranceLatticeFaster():decoder-wrappers.cc:375) Log-like per frame for utterance M0000000124_0009 is -6.91811 over 199 frames.
M0000000124_0010 ขอ รอบ หน่อย 
LOG (gmm-latgen-faster[5.5.0~1494-e5a5]:DecodeUtteranceLatticeFaster():decoder-wrappers.cc:375) Log-like per frame for utterance M0000000124_0010 is -6.14318 over 227 frames.
M0000000124_0011 มา ห้า แสน ครับ 
LOG (gmm-latgen-faster[5.5.0~1494-e5a5]:DecodeUtteranceLatticeFaster():decoder-wrappers.cc:375) Log-like per frame for utterance M0000000124_0011 is -6.56648 over 199 frames.
M0000000124_0012 สาม โปรด เที่ยง คืน 
LOG (gmm-latgen-faster[5.5.0~1494-e5a5]:DecodeUtteranceLatticeFaster():decoder-wrappers.cc:375) Log-like per frame for utterance M0000000124_0012 is -6.66513 over 287 frames.
M0000000124_0013 จอง สิบ ที่ ห้อง แอร์ สอง ทุ่ม ครึ่ง 
LOG (gmm-latgen-faster[5.5.0~1494-e5a5]:DecodeUtteranceLatticeFaster():decoder-wrappers.cc:375) Log-like per frame for utterance M0000000124_0013 is -6.65804 over 371 frames.
M0000000124_0014 ขอ ตัวแปร ที 
LOG (gmm-latgen-faster[5.5.0~1494-e5a5]:DecodeUtteranceLatticeFaster():decoder-wrappers.cc:375) Log-like per frame for utterance M0000000124_0014 is -6.28125 over 302 frames.
M0000000124_0015 ขอ นั่ง ตรง นาน นัก 
LOG (gmm-latgen-faster[5.5.0~1494-e5a5]:DecodeUtteranceLatticeFaster():decoder-wrappers.cc:375) Log-like per frame for utterance M0000000124_0015 is -6.25279 over 264 frames.
M0000000124_0016 ขอ นั่ง ติด กัน ซอฟต์แวร์ 
LOG (gmm-latgen-faster[5.5.0~1494-e5a5]:DecodeUtteranceLatticeFaster():decoder-wrappers.cc:375) Log-like per frame for utterance M0000000124_0016 is -6.69251 over 278 frames.
M0000000124_0017 ขอ นั่ง ส่าย แอร์ 
LOG (gmm-latgen-faster[5.5.0~1494-e5a5]:DecodeUtteranceLatticeFaster():decoder-wrappers.cc:375) Log-like per frame for utterance M0000000124_0017 is -6.07898 over 302 frames.
M0000000124_0018 ขอ แคลอรี่ เสื่อม หน่อย 
LOG (gmm-latgen-faster[5.5.0~1494-e5a5]:DecodeUtteranceLatticeFaster():decoder-wrappers.cc:375) Log-like per frame for utterance M0000000124_0018 is -6.26994 over 275 frames.
M0000000124_0019 ขอ ย้าย โต๊ะ นาน นัก 
LOG (gmm-latgen-faster[5.5.0~1494-e5a5]:DecodeUtteranceLatticeFaster():decoder-wrappers.cc:375) Log-like per frame for utterance M0000000124_0019 is -6.71216 over 208 frames.
M0000000124_0020 รูป ถัด ไป ไหน 
LOG (gmm-latgen-faster[5.5.0~1494-e5a5]:DecodeUtteranceLatticeFaster():decoder-wrappers.cc:375) Log-like per frame for utterance M0000000124_0020 is -6.5561 over 228 frames.
M0000000124_0021 น่า กิน จัง 
LOG (gmm-latgen-faster[5.5.0~1494-e5a5]:DecodeUtteranceLatticeFaster():decoder-wrappers.cc:375) Log-like per frame for utterance M0000000124_0021 is -6.30235 over 219 frames.
M0000000124_0022 พิม ได้ ใน งาน 
LOG (gmm-latgen-faster[5.5.0~1494-e5a5]:DecodeUtteranceLatticeFaster():decoder-wrappers.cc:375) Log-like per frame for utterance M0000000124_0022 is -6.49512 over 207 frames.
M0000000124_0023 อาหาร อะไร น่า สน ขาย ไหม 
LOG (gmm-latgen-faster[5.5.0~1494-e5a5]:DecodeUtteranceLatticeFaster():decoder-wrappers.cc:375) Log-like per frame for utterance M0000000124_0023 is -6.6066 over 284 frames.
M0000000124_0024 ขอ เครื่องปรุง หน่อย 
LOG (gmm-latgen-faster[5.5.0~1494-e5a5]:DecodeUtteranceLatticeFaster():decoder-wrappers.cc:375) Log-like per frame for utterance M0000000124_0024 is -6.32949 over 287 frames.
M0000000124_0025 เพชร หมด 
LOG (gmm-latgen-faster[5.5.0~1494-e5a5]:DecodeUtteranceLatticeFaster():decoder-wrappers.cc:375) Log-like per frame for utterance M0000000124_0025 is -6.38583 over 169 frames.
M0000000124_0026 มี เงิน ที่สุด จี ไหม 
LOG (gmm-latgen-faster[5.5.0~1494-e5a5]:DecodeUtteranceLatticeFaster():decoder-wrappers.cc:375) Log-like per frame for utterance M0000000124_0026 is -6.24839 over 274 frames.
M0000000124_0027 ค่า สมัคร สเต็ก ใน จุฬา 
LOG (gmm-latgen-faster[5.5.0~1494-e5a5]:DecodeUtteranceLatticeFaster():decoder-wrappers.cc:375) Log-like per frame for utterance M0000000124_0027 is -6.81601 over 224 frames.
M0000000124_0028 ขอ น้ำจิ้ม เพิ่ม สินค้า 
LOG (gmm-latgen-faster[5.5.0~1494-e5a5]:DecodeUtteranceLatticeFaster():decoder-wrappers.cc:375) Log-like per frame for utterance M0000000124_0028 is -6.55461 over 251 frames.
M0000000124_0029 70 รึ ยัง 
LOG (gmm-latgen-faster[5.5.0~1494-e5a5]:DecodeUtteranceLatticeFaster():decoder-wrappers.cc:375) Log-like per frame for utterance M0000000124_0029 is -6.49869 over 221 frames.
M0000000124_0030 ทวง อะไร ได้ บ้าง 
LOG (gmm-latgen-faster[5.5.0~1494-e5a5]:DecodeUtteranceLatticeFaster():decoder-wrappers.cc:375) Log-like per frame for utterance M0000000124_0030 is -6.27559 over 236 frames.
M0000000124_0031 อาหาร จะ มา กี่ โมง 
LOG (gmm-latgen-faster[5.5.0~1494-e5a5]:DecodeUtteranceLatticeFaster():decoder-wrappers.cc:375) Log-like per frame for utterance M0000000124_0031 is -6.641 over 212 frames.
M0000000124_0032 ตอง รอ อีก นาน ไหม 
LOG (gmm-latgen-faster[5.5.0~1494-e5a5]:DecodeUtteranceLatticeFaster():decoder-wrappers.cc:375) Log-like per frame for utterance M0000000124_0032 is -6.52086 over 260 frames.
M0000000124_0033 เมื่อไหร่ 70 
LOG (gmm-latgen-faster[5.5.0~1494-e5a5]:DecodeUtteranceLatticeFaster():decoder-wrappers.cc:375) Log-like per frame for utterance M0000000124_0033 is -6.28264 over 196 frames.
M0000000124_0034 รอ นาน จัง 
LOG (gmm-latgen-faster[5.5.0~1494-e5a5]:DecodeUtteranceLatticeFaster():decoder-wrappers.cc:375) Log-like per frame for utterance M0000000124_0034 is -5.98204 over 230 frames.
M0000000124_0035 ไม่ กี่ แล้ว 
LOG (gmm-latgen-faster[5.5.0~1494-e5a5]:DecodeUtteranceLatticeFaster():decoder-wrappers.cc:375) Log-like per frame for utterance M0000000124_0035 is -6.15229 over 230 frames.
M0000000124_0036 ขอ เปลี่ยน เมนู 
LOG (gmm-latgen-faster[5.5.0~1494-e5a5]:DecodeUtteranceLatticeFaster():decoder-wrappers.cc:375) Log-like per frame for utterance M0000000124_0036 is -6.26771 over 212 frames.
M0000000124_0037 ไม่ เอา หน้า ครับ 
LOG (gmm-latgen-faster[5.5.0~1494-e5a5]:DecodeUtteranceLatticeFaster():decoder-wrappers.cc:375) Log-like per frame for utterance M0000000124_0037 is -6.22808 over 239 frames.
M0000000124_0038 ลง ข้าง เหรอ 
LOG (gmm-latgen-faster[5.5.0~1494-e5a5]:DecodeUtteranceLatticeFaster():decoder-wrappers.cc:375) Log-like per frame for utterance M0000000124_0038 is -6.65707 over 210 frames.
M0000000124_0039 ได้ ประตู สัปดาห์ 
LOG (gmm-latgen-faster[5.5.0~1494-e5a5]:DecodeUtteranceLatticeFaster():decoder-wrappers.cc:375) Log-like per frame for utterance M0000000124_0039 is -6.49977 over 287 frames.
M0000000124_0040 ย้าย ไป ตู้ สอง นะ 
LOG (gmm-latgen-faster[5.5.0~1494-e5a5]:DecodeUtteranceLatticeFaster():decoder-wrappers.cc:375) Log-like per frame for utterance M0000000124_0040 is -6.66963 over 279 frames.
M0000000124_0041 เอา โต๊ะ ตัวนำ นอน ต่อ ได้ไหม 
LOG (gmm-latgen-faster[5.5.0~1494-e5a5]:DecodeUtteranceLatticeFaster():decoder-wrappers.cc:375) Log-like per frame for utterance M0000000124_0041 is -6.25818 over 347 frames.
M0000000124_0042 อยาก เจ็ด ไป ห้อง ไหน 
LOG (gmm-latgen-faster[5.5.0~1494-e5a5]:DecodeUtteranceLatticeFaster():decoder-wrappers.cc:375) Log-like per frame for utterance M0000000124_0042 is -6.61108 over 279 frames.
M0000000124_0043 ชั้น บน ว่าง มั้ย 
LOG (gmm-latgen-faster[5.5.0~1494-e5a5]:DecodeUtteranceLatticeFaster():decoder-wrappers.cc:375) Log-like per frame for utterance M0000000124_0043 is -6.16341 over 275 frames.
M0000000124_0044 เจ็ด ตังค์ ด้วย 
LOG (gmm-latgen-faster[5.5.0~1494-e5a5]:DecodeUtteranceLatticeFaster():decoder-wrappers.cc:375) Log-like per frame for utterance M0000000124_0044 is -6.20722 over 239 frames.
M0000000124_0045 รับ บัตร เครดิต ไหม 
LOG (gmm-latgen-faster[5.5.0~1494-e5a5]:DecodeUtteranceLatticeFaster():decoder-wrappers.cc:375) Log-like per frame for utterance M0000000124_0045 is -6.34483 over 287 frames.
M0000000124_0046 อาทิตย์ แต่ 
LOG (gmm-latgen-faster[5.5.0~1494-e5a5]:DecodeUtteranceLatticeFaster():decoder-wrappers.cc:375) Log-like per frame for utterance M0000000124_0046 is -6.33904 over 200 frames.
M0000000124_0047 แสดง จ่าย เด็ด บ้าง 
LOG (gmm-latgen-faster[5.5.0~1494-e5a5]:DecodeUtteranceLatticeFaster():decoder-wrappers.cc:375) Log-like per frame for utterance M0000000124_0047 is -6.17946 over 305 frames.
M0000000124_0048 มี โปรโมชั่น ไทย ไหม 
LOG (gmm-latgen-faster[5.5.0~1494-e5a5]:DecodeUtteranceLatticeFaster():decoder-wrappers.cc:375) Log-like per frame for utterance M0000000124_0048 is -6.18897 over 272 frames.
M0000000124_0049 ไม่ อร่อย เลย 
LOG (gmm-latgen-faster[5.5.0~1494-e5a5]:DecodeUtteranceLatticeFaster():decoder-wrappers.cc:375) Log-like per frame for utterance M0000000124_0049 is -6.18548 over 239 frames.
M0000000124_0050 กระทะ แก้ มา 
LOG (gmm-latgen-faster[5.5.0~1494-e5a5]:DecodeUtteranceLatticeFaster():decoder-wrappers.cc:375) Log-like per frame for utterance M0000000124_0050 is -6.25158 over 287 frames.
M0000000124_0051 อาเจียน เป็น ข้าว 
LOG (gmm-latgen-faster[5.5.0~1494-e5a5]:DecodeUtteranceLatticeFaster():decoder-wrappers.cc:375) Log-like per frame for utterance M0000000124_0051 is -6.37953 over 215 frames.
M0000000124_0052 เพชร เกิน ไป ครับ 
LOG (gmm-latgen-faster[5.5.0~1494-e5a5]:DecodeUtteranceLatticeFaster():decoder-wrappers.cc:375) Log-like per frame for utterance M0000000124_0052 is -6.32827 over 269 frames.
M0000000124_0053 วันนี้ อะไร มา วิเคราะห์ 
LOG (gmm-latgen-faster[5.5.0~1494-e5a5]:DecodeUtteranceLatticeFaster():decoder-wrappers.cc:375) Log-like per frame for utterance M0000000124_0053 is -6.64894 over 275 frames.
M0000000124_0054 ปิด ไว้ ก่อน 
LOG (gmm-latgen-faster[5.5.0~1494-e5a5]:DecodeUtteranceLatticeFaster():decoder-wrappers.cc:375) Log-like per frame for utterance M0000000124_0054 is -6.41894 over 242 frames.
M0000000124_0055 ชั้น ห้า พอ มั้ย 
LOG (gmm-latgen-faster[5.5.0~1494-e5a5]:DecodeUtteranceLatticeFaster():decoder-wrappers.cc:375) Log-like per frame for utterance M0000000124_0055 is -6.35466 over 284 frames.
M0000000124_0056 ทิ้ง ครึ่ง จันทร์ ราคา ครึ่ง เดียว ได้ มั้ย 
LOG (gmm-latgen-faster[5.5.0~1494-e5a5]:DecodeUtteranceLatticeFaster():decoder-wrappers.cc:375) Log-like per frame for utterance M0000000124_0056 is -6.77377 over 362 frames.
M0000000124_0057 ไม่ ต้อง ก่อน 
LOG (gmm-latgen-faster[5.5.0~1494-e5a5]:DecodeUtteranceLatticeFaster():decoder-wrappers.cc:375) Log-like per frame for utterance M0000000124_0057 is -6.09806 over 287 frames.
M0000000124_0058 ล้าง จาน ได้ ไหม 
LOG (gmm-latgen-faster[5.5.0~1494-e5a5]:DecodeUtteranceLatticeFaster():decoder-wrappers.cc:375) Log-like per frame for utterance M0000000124_0058 is -6.24929 over 284 frames.
M0000000124_0059 กระทะ หมูสับ เท่าไหร่ 
LOG (gmm-latgen-faster[5.5.0~1494-e5a5]:DecodeUtteranceLatticeFaster():decoder-wrappers.cc:375) Log-like per frame for utterance M0000000124_0059 is -6.56655 over 299 frames.
M0000000124_0060 ต้มยำ กุ้ง เพชร มา ไหม 
LOG (gmm-latgen-faster[5.5.0~1494-e5a5]:DecodeUtteranceLatticeFaster():decoder-wrappers.cc:375) Log-like per frame for utterance M0000000124_0060 is -6.72912 over 291 frames.
M0000000124_0061 ตอน จะ ได้ ใน ครับ 
LOG (gmm-latgen-faster[5.5.0~1494-e5a5]:DecodeUtteranceLatticeFaster():decoder-wrappers.cc:375) Log-like per frame for utterance M0000000124_0061 is -6.42819 over 281 frames.
M0000000124_0062 นี้ โรง อื่น ไหม 
LOG (gmm-latgen-faster[5.5.0~1494-e5a5]:DecodeUtteranceLatticeFaster():decoder-wrappers.cc:375) Log-like per frame for utterance M0000000124_0062 is -6.43849 over 252 frames.
M0000000124_0063 เมนู นี้ อะไร มั้ย 
LOG (gmm-latgen-faster[5.5.0~1494-e5a5]:DecodeUtteranceLatticeFaster():decoder-wrappers.cc:375) Log-like per frame for utterance M0000000124_0063 is -6.14207 over 296 frames.
M0000000124_0064 ร้อน จัง ชีส 
LOG (gmm-latgen-faster[5.5.0~1494-e5a5]:DecodeUtteranceLatticeFaster():decoder-wrappers.cc:375) Log-like per frame for utterance M0000000124_0064 is -6.55585 over 267 frames.
M0000000124_0065 ขอ เจ็ด รูป เริ่ม หน่อย 
LOG (gmm-latgen-faster[5.5.0~1494-e5a5]:DecodeUtteranceLatticeFaster():decoder-wrappers.cc:375) Log-like per frame for utterance M0000000124_0065 is -6.64703 over 294 frames.
M0000000124_0066 กระเทียม หมด ครับ 
LOG (gmm-latgen-faster[5.5.0~1494-e5a5]:DecodeUtteranceLatticeFaster():decoder-wrappers.cc:375) Log-like per frame for utterance M0000000124_0066 is -6.44363 over 260 frames.
M0000000124_0067 ขอ มี จาน หนึ่ง 
LOG (gmm-latgen-faster[5.5.0~1494-e5a5]:DecodeUtteranceLatticeFaster():decoder-wrappers.cc:375) Log-like per frame for utterance M0000000124_0067 is -6.32806 over 285 frames.
M0000000124_0068 ขอ จันทร์ เป็น สอง จาน 
LOG (gmm-latgen-faster[5.5.0~1494-e5a5]:DecodeUtteranceLatticeFaster():decoder-wrappers.cc:375) Log-like per frame for utterance M0000000124_0068 is -6.37635 over 318 frames.
M0000000124_0069 มี ที่ นั่ง เมื่อ ไหม 
LOG (gmm-latgen-faster[5.5.0~1494-e5a5]:DecodeUtteranceLatticeFaster():decoder-wrappers.cc:375) Log-like per frame for utterance M0000000124_0069 is -6.23621 over 302 frames.
M0000000124_0070 ขอ เมนู หน่อย สิ 
LOG (gmm-latgen-faster[5.5.0~1494-e5a5]:DecodeUtteranceLatticeFaster():decoder-wrappers.cc:375) Log-like per frame for utterance M0000000124_0070 is -6.17885 over 278 frames.
M0000000124_0071 ร้าน นี้ มี ขม อีก ไหม 
LOG (gmm-latgen-faster[5.5.0~1494-e5a5]:DecodeUtteranceLatticeFaster():decoder-wrappers.cc:375) Log-like per frame for utterance M0000000124_0071 is -6.35362 over 278 frames.
M0000000124_0072 คน จี มา กิน บ่อย ไหม 
LOG (gmm-latgen-faster[5.5.0~1494-e5a5]:DecodeUtteranceLatticeFaster():decoder-wrappers.cc:375) Log-like per frame for utterance M0000000124_0072 is -6.71049 over 236 frames.
M0000000124_0073 ห้า ร้อย ระหว่าง ทำ อาหาร นะ 
LOG (gmm-latgen-faster[5.5.0~1494-e5a5]:DecodeUtteranceLatticeFaster():decoder-wrappers.cc:375) Log-like per frame for utterance M0000000124_0073 is -6.62918 over 398 frames.
M0000000124_0074 รับ เดอะ แฟลช ไหม 
LOG (gmm-latgen-faster[5.5.0~1494-e5a5]:DecodeUtteranceLatticeFaster():decoder-wrappers.cc:375) Log-like per frame for utterance M0000000124_0074 is -6.31701 over 273 frames.
M0000000124_0075 อย่า สมัคร งาน ต้อง อายุ เท่าไหร่ 
LOG (gmm-latgen-faster[5.5.0~1494-e5a5]:DecodeUtteranceLatticeFaster():decoder-wrappers.cc:375) Log-like per frame for utterance M0000000124_0075 is -6.76209 over 330 frames.
M0000000124_0076 ยัง ไม่ กิน อาหาร ไทย ไหม 
LOG (gmm-latgen-faster[5.5.0~1494-e5a5]:DecodeUtteranceLatticeFaster():decoder-wrappers.cc:375) Log-like per frame for utterance M0000000124_0076 is -6.38424 over 353 frames.
M0000000124_0077 ไม่ มี ตั้ง หลัง สาม แทน ได้ มั้ย 
LOG (gmm-latgen-faster[5.5.0~1494-e5a5]:DecodeUtteranceLatticeFaster():decoder-wrappers.cc:375) Log-like per frame for utterance M0000000124_0077 is -6.5892 over 344 frames.
M0000000124_0078 อย่า ซื้อ ร้าน ต่อ ขาย เท่าไหร่ 
LOG (gmm-latgen-faster[5.5.0~1494-e5a5]:DecodeUtteranceLatticeFaster():decoder-wrappers.cc:375) Log-like per frame for utterance M0000000124_0078 is -6.61831 over 350 frames.
M0000000124_0079 ขาย เป็น ใช่ ไหม 
LOG (gmm-latgen-faster[5.5.0~1494-e5a5]:DecodeUtteranceLatticeFaster():decoder-wrappers.cc:375) Log-like per frame for utterance M0000000124_0079 is -6.31786 over 252 frames.
M0000000124_0080 อยาก เปิด สาขา บ้าง ต้อง ทำ ไหน 
LOG (gmm-latgen-faster[5.5.0~1494-e5a5]:DecodeUtteranceLatticeFaster():decoder-wrappers.cc:375) Log-like per frame for utterance M0000000124_0080 is -6.56561 over 374 frames.
M0000000124_0081 โต๊ะ สวย จัง อยาก ได้ ไทย ไหม 
LOG (gmm-latgen-faster[5.5.0~1494-e5a5]:DecodeUtteranceLatticeFaster():decoder-wrappers.cc:375) Log-like per frame for utterance M0000000124_0081 is -6.57454 over 404 frames.
M0000000124_0082 หน้า จะ ไป แตะ การ กรุงศรี แยก นะ 
LOG (gmm-latgen-faster[5.5.0~1494-e5a5]:DecodeUtteranceLatticeFaster():decoder-wrappers.cc:375) Log-like per frame for utterance M0000000124_0082 is -6.76987 over 368 frames.
M0000000124_0083 ก๋วยเตี๋ยว ขาย ดี มั้ย 
LOG (gmm-latgen-faster[5.5.0~1494-e5a5]:DecodeUtteranceLatticeFaster():decoder-wrappers.cc:375) Log-like per frame for utterance M0000000124_0083 is -6.35194 over 275 frames.
M0000000124_0084 อีก สิบ นาที เป็น งาน บ้าง 
LOG (gmm-latgen-faster[5.5.0~1494-e5a5]:DecodeUtteranceLatticeFaster():decoder-wrappers.cc:375) Log-like per frame for utterance M0000000124_0084 is -6.63426 over 312 frames.
M0000000124_0085 ขาย อาหาร รายได้ ดี มั้ย 
LOG (gmm-latgen-faster[5.5.0~1494-e5a5]:DecodeUtteranceLatticeFaster():decoder-wrappers.cc:375) Log-like per frame for utterance M0000000124_0085 is -6.33441 over 344 frames.
M0000000124_0086 วัน หนึ่ง ขาย ได้ อยู่ เปล่า 
LOG (gmm-latgen-faster[5.5.0~1494-e5a5]:DecodeUtteranceLatticeFaster():decoder-wrappers.cc:375) Log-like per frame for utterance M0000000124_0086 is -6.59598 over 269 frames.
M0000000124_0087 เปลี่ยน หน้า ยก ได้ ไหม 
LOG (gmm-latgen-faster[5.5.0~1494-e5a5]:DecodeUtteranceLatticeFaster():decoder-wrappers.cc:375) Log-like per frame for utterance M0000000124_0087 is -6.42609 over 284 frames.
M0000000124_0088 ใช้ หมู ย่อ จาก ที่ไหน 
LOG (gmm-latgen-faster[5.5.0~1494-e5a5]:DecodeUtteranceLatticeFaster():decoder-wrappers.cc:375) Log-like per frame for utterance M0000000124_0088 is -6.39627 over 332 frames.
M0000000124_0089 ตอง ใส่ น้ำตาล จี สอ 
LOG (gmm-latgen-faster[5.5.0~1494-e5a5]:DecodeUtteranceLatticeFaster():decoder-wrappers.cc:375) Log-like per frame for utterance M0000000124_0089 is -6.40822 over 329 frames.
M0000000124_0090 ทำ หมู กรอบ มี ใน ร้านค้า 
LOG (gmm-latgen-faster[5.5.0~1494-e5a5]:DecodeUtteranceLatticeFaster():decoder-wrappers.cc:375) Log-like per frame for utterance M0000000124_0090 is -6.72721 over 318 frames.
M0000000124_0091 ใส่ ถุง สู่ รึ ป่าว 
LOG (gmm-latgen-faster[5.5.0~1494-e5a5]:DecodeUtteranceLatticeFaster():decoder-wrappers.cc:375) Log-like per frame for utterance M0000000124_0091 is -6.62974 over 291 frames.
M0000000124_0092 ใส่ หมู หรือ เปล่า 
LOG (gmm-latgen-faster[5.5.0~1494-e5a5]:DecodeUtteranceLatticeFaster():decoder-wrappers.cc:375) Log-like per frame for utterance M0000000124_0092 is -6.35184 over 257 frames.
M0000000124_0093 เอา เป็น ไฟ จาน นึง 
LOG (gmm-latgen-faster[5.5.0~1494-e5a5]:DecodeUtteranceLatticeFaster():decoder-wrappers.cc:375) Log-like per frame for utterance M0000000124_0093 is -6.56505 over 251 frames.
M0000000124_0094 เอา ก๋วยเตี๋ยว จาน หนึ่ง 
LOG (gmm-latgen-faster[5.5.0~1494-e5a5]:DecodeUtteranceLatticeFaster():decoder-wrappers.cc:375) Log-like per frame for utterance M0000000124_0094 is -6.57075 over 279 frames.
M0000000124_0095 ทำ บัว ลอย ไข่ หวาน ได้ มั้ย 
LOG (gmm-latgen-faster[5.5.0~1494-e5a5]:DecodeUtteranceLatticeFaster():decoder-wrappers.cc:375) Log-like per frame for utterance M0000000124_0095 is -6.34336 over 327 frames.
LOG (apply-cmvn[5.5.0~1494-e5a5]:main():apply-cmvn.cc:162) Applied cepstral mean normalization to 102 utterances, errors on 0
M0000000124_0096 พรุ่ง ชิ้น ลูกปืน จีน ไหม หนึ่ง 
LOG (gmm-latgen-faster[5.5.0~1494-e5a5]:DecodeUtteranceLatticeFaster():decoder-wrappers.cc:375) Log-like per frame for utterance M0000000124_0096 is -6.77004 over 279 frames.
M0000000124_0097 มา ส่ง ที่ หอ ให้ หน่อย 
LOG (gmm-latgen-faster[5.5.0~1494-e5a5]:DecodeUtteranceLatticeFaster():decoder-wrappers.cc:375) Log-like per frame for utterance M0000000124_0097 is -6.47766 over 330 frames.
M0000000124_0098 มา ส่ง ให้ ที่ บ้าน ได้ไหม ครับ 
LOG (gmm-latgen-faster[5.5.0~1494-e5a5]:DecodeUtteranceLatticeFaster():decoder-wrappers.cc:375) Log-like per frame for utterance M0000000124_0098 is -6.71767 over 338 frames.
M0000000124_0099 เดียว ลง ไป รอบ รอบ 
LOG (gmm-latgen-faster[5.5.0~1494-e5a5]:DecodeUtteranceLatticeFaster():decoder-wrappers.cc:375) Log-like per frame for utterance M0000000124_0099 is -6.72338 over 260 frames.
M0000000124_0100 เดียว เดือน เรา ที่รัก นะ 
LOG (gmm-latgen-faster[5.5.0~1494-e5a5]:DecodeUtteranceLatticeFaster():decoder-wrappers.cc:375) Log-like per frame for utterance M0000000124_0100 is -6.48857 over 327 frames.
M0000000124_0101 อยู่ ใช่ จะ ขาด แนว อะไร ก็ได้ จาน หนึ่ง 
LOG (gmm-latgen-faster[5.5.0~1494-e5a5]:DecodeUtteranceLatticeFaster():decoder-wrappers.cc:375) Log-like per frame for utterance M0000000124_0101 is -6.81151 over 398 frames.
LOG (gmm-latgen-faster[5.5.0~1494-e5a5]:main():gmm-latgen-faster.cc:176) Time taken 37.3922s: real-time factor assuming 100 frames/sec is 0.132352
LOG (gmm-latgen-faster[5.5.0~1494-e5a5]:main():gmm-latgen-faster.cc:179) Done 102 utterances, failed for 0
LOG (gmm-latgen-faster[5.5.0~1494-e5a5]:main():gmm-latgen-faster.cc:181) Overall log-likelihood per frame is -6.46762 over 28252 frames.
# Accounting: time=37 threads=1
# Ended (code 0) at Mon May 17 08:50:12 UTC 2021, elapsed time 37 seconds
