# lattice-scale --inv-acoustic-scale=17 "ark:gunzip -c exp/mono/decode/lat.*.gz|" ark:- | lattice-add-penalty --word-ins-penalty=0.5 ark:- ark:- | lattice-best-path --word-symbol-table=exp/mono/graph/words.txt ark:- ark,t:- | utils/int2sym.pl -f 2- exp/mono/graph/words.txt | cat > exp/mono/decode/scoring_kaldi/penalty_0.5/17.txt 
# Started at Mon Oct 12 02:53:21 UTC 2020
#
lattice-best-path --word-symbol-table=exp/mono/graph/words.txt ark:- ark,t:- 
lattice-scale --inv-acoustic-scale=17 'ark:gunzip -c exp/mono/decode/lat.*.gz|' ark:- 
LOG (lattice-scale[5.5.0~1494-e5a5]:main():lattice-scale.cc:107) Done 10 lattices.
lattice-add-penalty --word-ins-penalty=0.5 ark:- ark:- 
LOG (lattice-best-path[5.5.0~1494-e5a5]:main():lattice-best-path.cc:99) For utterance uid11, best cost 29.8574 + 1509.75 = 1539.61 over 342 frames.
uid11 มี ประชุม วันนี้ 
LOG (lattice-best-path[5.5.0~1494-e5a5]:main():lattice-best-path.cc:99) For utterance uid12, best cost 47.6204 + 1624.3 = 1671.92 over 357 frames.
uid12 นั่ง ทำงาน มี นัด ดี 
LOG (lattice-best-path[5.5.0~1494-e5a5]:main():lattice-best-path.cc:99) For utterance uid13, best cost 36.6072 + 1756.26 = 1792.87 over 387 frames.
uid13 ขั้น ตอน ถัด ไป 
LOG (lattice-best-path[5.5.0~1494-e5a5]:main():lattice-best-path.cc:99) For utterance uid14, best cost 35.8932 + 1445.13 = 1481.02 over 316 frames.
uid14 พรุ่งนี้ หยุด งาน 
LOG (lattice-add-penalty[5.5.0~1494-e5a5]:main():lattice-add-penalty.cc:62) Done adding word insertion penalty to 10 lattices.
LOG (lattice-best-path[5.5.0~1494-e5a5]:main():lattice-best-path.cc:99) For utterance uid15, best cost 44.5505 + 1636.51 = 1681.06 over 372 frames.
uid15 อาหาร ไทย ร้าน ดี 
LOG (lattice-best-path[5.5.0~1494-e5a5]:main():lattice-best-path.cc:99) For utterance uid16, best cost 48.8103 + 1509.78 = 1558.59 over 345 frames.
uid16 เรา มี นัด กี่ โมง 
LOG (lattice-best-path[5.5.0~1494-e5a5]:main():lattice-best-path.cc:99) For utterance uid17, best cost 41.45 + 1436.58 = 1478.03 over 320 frames.
uid17 ถาม ตาราง นัด 
LOG (lattice-best-path[5.5.0~1494-e5a5]:main():lattice-best-path.cc:99) For utterance uid18, best cost 43.6671 + 1771.72 = 1815.39 over 380 frames.
uid18 ร้าน อร่อย ใน จุฬา 
LOG (lattice-best-path[5.5.0~1494-e5a5]:main():lattice-best-path.cc:99) For utterance uid19, best cost 52.8881 + 1776.94 = 1829.82 over 335 frames.
uid19 ร้าน ร้าน ร้าน ไทย ดี 
LOG (lattice-best-path[5.5.0~1494-e5a5]:main():lattice-best-path.cc:99) For utterance uid20, best cost 18.1299 + 2641.39 = 2659.52 over 573 frames.
uid20 วันนี้ 
LOG (lattice-best-path[5.5.0~1494-e5a5]:main():lattice-best-path.cc:124) Overall cost per frame is 4.69757 = 0.107184 [graph] + 4.59038 [acoustic] over 3727 frames.
LOG (lattice-best-path[5.5.0~1494-e5a5]:main():lattice-best-path.cc:128) Done 10 lattices, failed for 0
# Accounting: time=0 threads=1
# Ended (code 0) at Mon Oct 12 02:53:21 UTC 2020, elapsed time 0 seconds
