# lattice-scale --inv-acoustic-scale=11 "ark:gunzip -c exp/tri1/decode/lat.*.gz|" ark:- | lattice-add-penalty --word-ins-penalty=1.0 ark:- ark:- | lattice-best-path --word-symbol-table=exp/tri1/graph/words.txt ark:- ark,t:- | utils/int2sym.pl -f 2- exp/tri1/graph/words.txt | cat > exp/tri1/decode/scoring_kaldi/penalty_1.0/11.txt 
# Started at Mon Nov 23 13:21:26 UTC 2020
#
lattice-scale --inv-acoustic-scale=11 'ark:gunzip -c exp/tri1/decode/lat.*.gz|' ark:- 
lattice-add-penalty --word-ins-penalty=1.0 ark:- ark:- 
lattice-best-path --word-symbol-table=exp/tri1/graph/words.txt ark:- ark,t:- 
LOG (lattice-best-path[5.5.0~1494-e5a5]:main():lattice-best-path.cc:99) For utterance uid41, best cost 84.659 + 8163.11 = 8247.77 over 1262 frames.
uid41 กบ ไก่ กา กบ ไก่ กา ไก่ กระต่าย กบ ไก่ 
LOG (lattice-best-path[5.5.0~1494-e5a5]:main():lattice-best-path.cc:99) For utterance uid42, best cost 86.209 + 8410.73 = 8496.94 over 1268 frames.
uid42 กบ ไก่ กา กบ ไก่ กา ไก่ กระต่าย กบ กา 
LOG (lattice-best-path[5.5.0~1494-e5a5]:main():lattice-best-path.cc:99) For utterance uid43, best cost 87.2071 + 8502.63 = 8589.83 over 1312 frames.
uid43 กบ ไก่ กา กบ ไก่ กา ไก่ กระต่าย กา ไก่ 
LOG (lattice-best-path[5.5.0~1494-e5a5]:main():lattice-best-path.cc:99) For utterance uid44, best cost 92.8318 + 8326.48 = 8419.31 over 1256 frames.
uid44 กบ ไก่ กา กบ ไก่ กา ไก่ กบ กระต่าย ไก่ 
LOG (lattice-best-path[5.5.0~1494-e5a5]:main():lattice-best-path.cc:99) For utterance uid45, best cost 91.0464 + 9141.43 = 9232.48 over 1308 frames.
uid45 กบ ไก่ กระต่าย กบ กบ กระต่าย กา 
LOG (lattice-best-path[5.5.0~1494-e5a5]:main():lattice-best-path.cc:99) For utterance uid46, best cost 92.4562 + 8032.42 = 8124.87 over 1165 frames.
uid46 กบ ไก่ กา กบ ไก่ กา ไก่ กบ กา กระต่าย 
LOG (lattice-best-path[5.5.0~1494-e5a5]:main():lattice-best-path.cc:99) For utterance uid47, best cost 86.4929 + 8860.72 = 8947.22 over 1310 frames.
uid47 กบ ไก่ กา กบ ไก่ กา ไก่ กบ ไก่ กระต่าย 
LOG (lattice-best-path[5.5.0~1494-e5a5]:main():lattice-best-path.cc:99) For utterance uid48, best cost 89.7019 + 8349.76 = 8439.46 over 1253 frames.
uid48 กบ ไก่ กา กบ ไก่ กา ไก่ ไก่ กา กระต่าย 
LOG (lattice-scale[5.5.0~1494-e5a5]:main():lattice-scale.cc:107) Done 16 lattices.
LOG (lattice-best-path[5.5.0~1494-e5a5]:main():lattice-best-path.cc:99) For utterance uid49, best cost 87.867 + 8599.73 = 8687.59 over 1303 frames.
uid49 กบ ไก่ กา กบ ไก่ กา กระต่าย กบ กา กระต่าย 
LOG (lattice-best-path[5.5.0~1494-e5a5]:main():lattice-best-path.cc:99) For utterance uid50, best cost 87.7751 + 8073.91 = 8161.69 over 1214 frames.
uid50 กบ ไก่ กา กบ กระต่าย กบ กา ไก่ กบ กา 
LOG (lattice-add-penalty[5.5.0~1494-e5a5]:main():lattice-add-penalty.cc:62) Done adding word insertion penalty to 16 lattices.
LOG (lattice-best-path[5.5.0~1494-e5a5]:main():lattice-best-path.cc:99) For utterance uid51, best cost 37.1067 + 2859.13 = 2896.23 over 316 frames.
uid51 กา กา 
LOG (lattice-best-path[5.5.0~1494-e5a5]:main():lattice-best-path.cc:99) For utterance uid52, best cost 34.8849 + 2307.26 = 2342.15 over 269 frames.
uid52 กบ กบ กบ 
LOG (lattice-best-path[5.5.0~1494-e5a5]:main():lattice-best-path.cc:99) For utterance uid53, best cost 17.9682 + 1535.16 = 1553.13 over 201 frames.
uid53 ไก่ กบ 
LOG (lattice-best-path[5.5.0~1494-e5a5]:main():lattice-best-path.cc:99) For utterance uid54, best cost 13.6052 + 1704.21 = 1717.81 over 237 frames.
uid54 ไก่ 
LOG (lattice-best-path[5.5.0~1494-e5a5]:main():lattice-best-path.cc:99) For utterance uid55, best cost 13.9537 + 2219.43 = 2233.38 over 313 frames.
uid55 กา 
LOG (lattice-best-path[5.5.0~1494-e5a5]:main():lattice-best-path.cc:99) For utterance uid56, best cost 15.9843 + 2181.58 = 2197.57 over 297 frames.
uid56 กระต่าย 
LOG (lattice-best-path[5.5.0~1494-e5a5]:main():lattice-best-path.cc:124) Overall cost per frame is 6.88095 = 0.071391 [graph] + 6.80956 [acoustic] over 14284 frames.
LOG (lattice-best-path[5.5.0~1494-e5a5]:main():lattice-best-path.cc:128) Done 16 lattices, failed for 0
# Accounting: time=0 threads=1
# Ended (code 0) at Mon Nov 23 13:21:26 UTC 2020, elapsed time 0 seconds
