# gmm-acc-stats-ali exp/tri2a/31.mdl "ark,s,cs:apply-cmvn  --utt2spk=ark:data/train/split4/3/utt2spk scp:data/train/split4/3/cmvn.scp scp:data/train/split4/3/feats.scp ark:- | add-deltas  ark:- ark:- |" "ark,s,cs:gunzip -c exp/tri2a/ali.3.gz|" exp/tri2a/31.3.acc 
# Started at Mon May 17 09:01:32 UTC 2021
#
gmm-acc-stats-ali exp/tri2a/31.mdl 'ark,s,cs:apply-cmvn  --utt2spk=ark:data/train/split4/3/utt2spk scp:data/train/split4/3/cmvn.scp scp:data/train/split4/3/feats.scp ark:- | add-deltas  ark:- ark:- |' 'ark,s,cs:gunzip -c exp/tri2a/ali.3.gz|' exp/tri2a/31.3.acc 
add-deltas ark:- ark:- 
apply-cmvn --utt2spk=ark:data/train/split4/3/utt2spk scp:data/train/split4/3/cmvn.scp scp:data/train/split4/3/feats.scp ark:- 
LOG (gmm-acc-stats-ali[5.5.0~1494-e5a5]:main():gmm-acc-stats-ali.cc:105) Processed 50 utterances; for utterance M0000000059_0049 avg. like is -71.303 over 420 frames.
LOG (gmm-acc-stats-ali[5.5.0~1494-e5a5]:main():gmm-acc-stats-ali.cc:105) Processed 100 utterances; for utterance M0000000059_0099 avg. like is -67.4914 over 401 frames.
LOG (gmm-acc-stats-ali[5.5.0~1494-e5a5]:main():gmm-acc-stats-ali.cc:105) Processed 150 utterances; for utterance M0000000060_0047 avg. like is -72.708 over 240 frames.
LOG (gmm-acc-stats-ali[5.5.0~1494-e5a5]:main():gmm-acc-stats-ali.cc:105) Processed 200 utterances; for utterance M0000000060_0097 avg. like is -74.0544 over 199 frames.
LOG (gmm-acc-stats-ali[5.5.0~1494-e5a5]:main():gmm-acc-stats-ali.cc:105) Processed 250 utterances; for utterance M0000000061_0046 avg. like is -79.029 over 220 frames.
LOG (gmm-acc-stats-ali[5.5.0~1494-e5a5]:main():gmm-acc-stats-ali.cc:105) Processed 300 utterances; for utterance M0000000061_0098 avg. like is -74.0756 over 129 frames.
LOG (gmm-acc-stats-ali[5.5.0~1494-e5a5]:main():gmm-acc-stats-ali.cc:105) Processed 350 utterances; for utterance M0000000062_0046 avg. like is -77.4355 over 185 frames.
LOG (gmm-acc-stats-ali[5.5.0~1494-e5a5]:main():gmm-acc-stats-ali.cc:105) Processed 400 utterances; for utterance M0000000062_0096 avg. like is -77.2916 over 269 frames.
LOG (gmm-acc-stats-ali[5.5.0~1494-e5a5]:main():gmm-acc-stats-ali.cc:105) Processed 450 utterances; for utterance M0000000063_0044 avg. like is -76.7151 over 211 frames.
LOG (gmm-acc-stats-ali[5.5.0~1494-e5a5]:main():gmm-acc-stats-ali.cc:105) Processed 500 utterances; for utterance M0000000063_0094 avg. like is -75.2661 over 174 frames.
LOG (gmm-acc-stats-ali[5.5.0~1494-e5a5]:main():gmm-acc-stats-ali.cc:105) Processed 550 utterances; for utterance M0000000064_0042 avg. like is -76.554 over 339 frames.
LOG (gmm-acc-stats-ali[5.5.0~1494-e5a5]:main():gmm-acc-stats-ali.cc:105) Processed 600 utterances; for utterance M0000000064_0092 avg. like is -81.8409 over 503 frames.
LOG (gmm-acc-stats-ali[5.5.0~1494-e5a5]:main():gmm-acc-stats-ali.cc:105) Processed 650 utterances; for utterance M0000000065_0040 avg. like is -73.9077 over 139 frames.
LOG (gmm-acc-stats-ali[5.5.0~1494-e5a5]:main():gmm-acc-stats-ali.cc:105) Processed 700 utterances; for utterance M0000000065_0090 avg. like is -79.2016 over 103 frames.
LOG (gmm-acc-stats-ali[5.5.0~1494-e5a5]:main():gmm-acc-stats-ali.cc:105) Processed 750 utterances; for utterance M0000000066_0038 avg. like is -91.5606 over 138 frames.
LOG (gmm-acc-stats-ali[5.5.0~1494-e5a5]:main():gmm-acc-stats-ali.cc:105) Processed 800 utterances; for utterance M0000000066_0088 avg. like is -86.707 over 199 frames.
LOG (gmm-acc-stats-ali[5.5.0~1494-e5a5]:main():gmm-acc-stats-ali.cc:105) Processed 850 utterances; for utterance M0000000067_0036 avg. like is -83.5091 over 297 frames.
LOG (gmm-acc-stats-ali[5.5.0~1494-e5a5]:main():gmm-acc-stats-ali.cc:105) Processed 900 utterances; for utterance M0000000067_0086 avg. like is -81.5979 over 345 frames.
LOG (gmm-acc-stats-ali[5.5.0~1494-e5a5]:main():gmm-acc-stats-ali.cc:105) Processed 950 utterances; for utterance M0000000068_0034 avg. like is -73.283 over 177 frames.
LOG (gmm-acc-stats-ali[5.5.0~1494-e5a5]:main():gmm-acc-stats-ali.cc:105) Processed 1000 utterances; for utterance M0000000068_0084 avg. like is -67.2575 over 151 frames.
LOG (gmm-acc-stats-ali[5.5.0~1494-e5a5]:main():gmm-acc-stats-ali.cc:105) Processed 1050 utterances; for utterance M0000000069_0032 avg. like is -68.41 over 256 frames.
LOG (gmm-acc-stats-ali[5.5.0~1494-e5a5]:main():gmm-acc-stats-ali.cc:105) Processed 1100 utterances; for utterance M0000000069_0082 avg. like is -71.902 over 242 frames.
LOG (gmm-acc-stats-ali[5.5.0~1494-e5a5]:main():gmm-acc-stats-ali.cc:105) Processed 1150 utterances; for utterance M0000000070_0030 avg. like is -76.3083 over 278 frames.
LOG (gmm-acc-stats-ali[5.5.0~1494-e5a5]:main():gmm-acc-stats-ali.cc:105) Processed 1200 utterances; for utterance M0000000070_0080 avg. like is -67.1648 over 360 frames.
LOG (gmm-acc-stats-ali[5.5.0~1494-e5a5]:main():gmm-acc-stats-ali.cc:105) Processed 1250 utterances; for utterance M0000000071_0024 avg. like is -72.9235 over 281 frames.
LOG (gmm-acc-stats-ali[5.5.0~1494-e5a5]:main():gmm-acc-stats-ali.cc:105) Processed 1300 utterances; for utterance M0000000071_0074 avg. like is -73.5706 over 339 frames.
LOG (gmm-acc-stats-ali[5.5.0~1494-e5a5]:main():gmm-acc-stats-ali.cc:105) Processed 1350 utterances; for utterance M0000000072_0018 avg. like is -76.5482 over 166 frames.
LOG (gmm-acc-stats-ali[5.5.0~1494-e5a5]:main():gmm-acc-stats-ali.cc:105) Processed 1400 utterances; for utterance M0000000072_0068 avg. like is -77.1632 over 221 frames.
LOG (gmm-acc-stats-ali[5.5.0~1494-e5a5]:main():gmm-acc-stats-ali.cc:105) Processed 1450 utterances; for utterance M0000000073_0016 avg. like is -68.8538 over 450 frames.
LOG (gmm-acc-stats-ali[5.5.0~1494-e5a5]:main():gmm-acc-stats-ali.cc:105) Processed 1500 utterances; for utterance M0000000073_0066 avg. like is -67.1037 over 435 frames.
LOG (gmm-acc-stats-ali[5.5.0~1494-e5a5]:main():gmm-acc-stats-ali.cc:105) Processed 1550 utterances; for utterance M0000000074_0010 avg. like is -68.329 over 341 frames.
LOG (gmm-acc-stats-ali[5.5.0~1494-e5a5]:main():gmm-acc-stats-ali.cc:105) Processed 1600 utterances; for utterance M0000000074_0060 avg. like is -73.296 over 366 frames.
LOG (gmm-acc-stats-ali[5.5.0~1494-e5a5]:main():gmm-acc-stats-ali.cc:105) Processed 1650 utterances; for utterance M0000000075_0004 avg. like is -67.6841 over 258 frames.
WARNING (gmm-acc-stats-ali[5.5.0~1494-e5a5]:main():gmm-acc-stats-ali.cc:79) No alignment for utterance M0000000075_0009
WARNING (gmm-acc-stats-ali[5.5.0~1494-e5a5]:main():gmm-acc-stats-ali.cc:79) No alignment for utterance M0000000075_0044
LOG (gmm-acc-stats-ali[5.5.0~1494-e5a5]:main():gmm-acc-stats-ali.cc:105) Processed 1700 utterances; for utterance M0000000075_0056 avg. like is -67.553 over 219 frames.
WARNING (gmm-acc-stats-ali[5.5.0~1494-e5a5]:main():gmm-acc-stats-ali.cc:79) No alignment for utterance M0000000075_0065
LOG (gmm-acc-stats-ali[5.5.0~1494-e5a5]:main():gmm-acc-stats-ali.cc:105) Processed 1750 utterances; for utterance M0000000076_0005 avg. like is -70.4851 over 357 frames.
LOG (gmm-acc-stats-ali[5.5.0~1494-e5a5]:main():gmm-acc-stats-ali.cc:105) Processed 1800 utterances; for utterance M0000000076_0056 avg. like is -77.3838 over 353 frames.
LOG (gmm-acc-stats-ali[5.5.0~1494-e5a5]:main():gmm-acc-stats-ali.cc:105) Processed 1850 utterances; for utterance M0000000078_0004 avg. like is -97.3871 over 222 frames.
LOG (gmm-acc-stats-ali[5.5.0~1494-e5a5]:main():gmm-acc-stats-ali.cc:105) Processed 1900 utterances; for utterance M0000000078_0054 avg. like is -100.281 over 241 frames.
LOG (gmm-acc-stats-ali[5.5.0~1494-e5a5]:main():gmm-acc-stats-ali.cc:105) Processed 1950 utterances; for utterance M0000000079_0002 avg. like is -69.0901 over 111 frames.
LOG (gmm-acc-stats-ali[5.5.0~1494-e5a5]:main():gmm-acc-stats-ali.cc:105) Processed 2000 utterances; for utterance M0000000079_0052 avg. like is -73.0686 over 227 frames.
LOG (gmm-acc-stats-ali[5.5.0~1494-e5a5]:main():gmm-acc-stats-ali.cc:105) Processed 2050 utterances; for utterance M0000000083_0000 avg. like is -82.5237 over 107 frames.
LOG (gmm-acc-stats-ali[5.5.0~1494-e5a5]:main():gmm-acc-stats-ali.cc:105) Processed 2100 utterances; for utterance M0000000083_0050 avg. like is -80.7166 over 257 frames.
LOG (gmm-acc-stats-ali[5.5.0~1494-e5a5]:main():gmm-acc-stats-ali.cc:105) Processed 2150 utterances; for utterance M0000000083_0100 avg. like is -78.2949 over 284 frames.
LOG (gmm-acc-stats-ali[5.5.0~1494-e5a5]:main():gmm-acc-stats-ali.cc:105) Processed 2200 utterances; for utterance M0000000084_0046 avg. like is -68.1472 over 283 frames.
LOG (gmm-acc-stats-ali[5.5.0~1494-e5a5]:main():gmm-acc-stats-ali.cc:105) Processed 2250 utterances; for utterance M0000000084_0098 avg. like is -67.2168 over 143 frames.
LOG (gmm-acc-stats-ali[5.5.0~1494-e5a5]:main():gmm-acc-stats-ali.cc:105) Processed 2300 utterances; for utterance M0000000086_0046 avg. like is -74.4648 over 281 frames.
LOG (gmm-acc-stats-ali[5.5.0~1494-e5a5]:main():gmm-acc-stats-ali.cc:105) Processed 2350 utterances; for utterance M0000000086_0096 avg. like is -73.3712 over 311 frames.
LOG (gmm-acc-stats-ali[5.5.0~1494-e5a5]:main():gmm-acc-stats-ali.cc:105) Processed 2400 utterances; for utterance M0000000087_0044 avg. like is -74.3719 over 311 frames.
LOG (gmm-acc-stats-ali[5.5.0~1494-e5a5]:main():gmm-acc-stats-ali.cc:105) Processed 2450 utterances; for utterance M0000000087_0094 avg. like is -70.9963 over 198 frames.
WARNING (gmm-acc-stats-ali[5.5.0~1494-e5a5]:main():gmm-acc-stats-ali.cc:79) No alignment for utterance M0000000091_0001
LOG (gmm-acc-stats-ali[5.5.0~1494-e5a5]:main():gmm-acc-stats-ali.cc:105) Processed 2500 utterances; for utterance M0000000091_0045 avg. like is -85.4403 over 221 frames.
LOG (gmm-acc-stats-ali[5.5.0~1494-e5a5]:main():gmm-acc-stats-ali.cc:105) Processed 2550 utterances; for utterance M0000000091_0095 avg. like is -79.7534 over 222 frames.
LOG (gmm-acc-stats-ali[5.5.0~1494-e5a5]:main():gmm-acc-stats-ali.cc:105) Processed 2600 utterances; for utterance M0000000092_0043 avg. like is -77.7296 over 362 frames.
LOG (gmm-acc-stats-ali[5.5.0~1494-e5a5]:main():gmm-acc-stats-ali.cc:105) Processed 2650 utterances; for utterance M0000000092_0093 avg. like is -78.5864 over 323 frames.
LOG (gmm-acc-stats-ali[5.5.0~1494-e5a5]:main():gmm-acc-stats-ali.cc:105) Processed 2700 utterances; for utterance M0000000093_0041 avg. like is -83.0773 over 237 frames.
LOG (gmm-acc-stats-ali[5.5.0~1494-e5a5]:main():gmm-acc-stats-ali.cc:105) Processed 2750 utterances; for utterance M0000000093_0091 avg. like is -88.1684 over 281 frames.
LOG (gmm-acc-stats-ali[5.5.0~1494-e5a5]:main():gmm-acc-stats-ali.cc:105) Processed 2800 utterances; for utterance M0000000094_0037 avg. like is -81.332 over 212 frames.
LOG (gmm-acc-stats-ali[5.5.0~1494-e5a5]:main():gmm-acc-stats-ali.cc:105) Processed 2850 utterances; for utterance M0000000094_0087 avg. like is -74.059 over 251 frames.
LOG (gmm-acc-stats-ali[5.5.0~1494-e5a5]:main():gmm-acc-stats-ali.cc:105) Processed 2900 utterances; for utterance M0000000095_0035 avg. like is -80.5029 over 392 frames.
LOG (gmm-acc-stats-ali[5.5.0~1494-e5a5]:main():gmm-acc-stats-ali.cc:105) Processed 2950 utterances; for utterance M0000000095_0085 avg. like is -73.5999 over 228 frames.
LOG (gmm-acc-stats-ali[5.5.0~1494-e5a5]:main():gmm-acc-stats-ali.cc:105) Processed 3000 utterances; for utterance M0000000096_0034 avg. like is -80.1273 over 574 frames.
LOG (gmm-acc-stats-ali[5.5.0~1494-e5a5]:main():gmm-acc-stats-ali.cc:105) Processed 3050 utterances; for utterance M0000000096_0084 avg. like is -88.4918 over 269 frames.
LOG (gmm-acc-stats-ali[5.5.0~1494-e5a5]:main():gmm-acc-stats-ali.cc:105) Processed 3100 utterances; for utterance M0000000097_0034 avg. like is -89.2969 over 239 frames.
LOG (gmm-acc-stats-ali[5.5.0~1494-e5a5]:main():gmm-acc-stats-ali.cc:105) Processed 3150 utterances; for utterance M0000000097_0084 avg. like is -82.8225 over 164 frames.
LOG (gmm-acc-stats-ali[5.5.0~1494-e5a5]:main():gmm-acc-stats-ali.cc:105) Processed 3200 utterances; for utterance M0000000098_0032 avg. like is -82.9141 over 221 frames.
LOG (gmm-acc-stats-ali[5.5.0~1494-e5a5]:main():gmm-acc-stats-ali.cc:105) Processed 3250 utterances; for utterance M0000000098_0083 avg. like is -85.7983 over 164 frames.
LOG (gmm-acc-stats-ali[5.5.0~1494-e5a5]:main():gmm-acc-stats-ali.cc:105) Processed 3300 utterances; for utterance M0000000099_0031 avg. like is -86.1533 over 214 frames.
LOG (gmm-acc-stats-ali[5.5.0~1494-e5a5]:main():gmm-acc-stats-ali.cc:105) Processed 3350 utterances; for utterance M0000000099_0081 avg. like is -77.8823 over 315 frames.
LOG (gmm-acc-stats-ali[5.5.0~1494-e5a5]:main():gmm-acc-stats-ali.cc:105) Processed 3400 utterances; for utterance M0000000101_0029 avg. like is -68.8803 over 132 frames.
LOG (gmm-acc-stats-ali[5.5.0~1494-e5a5]:main():gmm-acc-stats-ali.cc:105) Processed 3450 utterances; for utterance M0000000101_0079 avg. like is -78.2061 over 314 frames.
LOG (gmm-acc-stats-ali[5.5.0~1494-e5a5]:main():gmm-acc-stats-ali.cc:105) Processed 3500 utterances; for utterance M0000000102_0027 avg. like is -72.4819 over 177 frames.
LOG (gmm-acc-stats-ali[5.5.0~1494-e5a5]:main():gmm-acc-stats-ali.cc:105) Processed 3550 utterances; for utterance M0000000102_0077 avg. like is -74.1557 over 129 frames.
LOG (gmm-acc-stats-ali[5.5.0~1494-e5a5]:main():gmm-acc-stats-ali.cc:105) Processed 3600 utterances; for utterance M0000000103_0026 avg. like is -79.2911 over 235 frames.
LOG (gmm-acc-stats-ali[5.5.0~1494-e5a5]:main():gmm-acc-stats-ali.cc:105) Processed 3650 utterances; for utterance M0000000103_0076 avg. like is -81.3391 over 235 frames.
LOG (gmm-acc-stats-ali[5.5.0~1494-e5a5]:main():gmm-acc-stats-ali.cc:105) Processed 3700 utterances; for utterance M0000000106_0024 avg. like is -87.2802 over 140 frames.
LOG (gmm-acc-stats-ali[5.5.0~1494-e5a5]:main():gmm-acc-stats-ali.cc:105) Processed 3750 utterances; for utterance M0000000106_0074 avg. like is -87.8276 over 183 frames.
LOG (gmm-acc-stats-ali[5.5.0~1494-e5a5]:main():gmm-acc-stats-ali.cc:105) Processed 3800 utterances; for utterance M0000000110_0020 avg. like is -72.3366 over 188 frames.
LOG (gmm-acc-stats-ali[5.5.0~1494-e5a5]:main():gmm-acc-stats-ali.cc:105) Processed 3850 utterances; for utterance M0000000110_0070 avg. like is -75.6613 over 384 frames.
LOG (apply-cmvn[5.5.0~1494-e5a5]:main():apply-cmvn.cc:162) Applied cepstral mean normalization to 3885 utterances, errors on 0
LOG (gmm-acc-stats-ali[5.5.0~1494-e5a5]:main():gmm-acc-stats-ali.cc:112) Done 3881 files, 4 with errors.
LOG (gmm-acc-stats-ali[5.5.0~1494-e5a5]:main():gmm-acc-stats-ali.cc:115) Overall avg like per frame (Gaussian only) = -76.4956 over 1037425 frames.
LOG (gmm-acc-stats-ali[5.5.0~1494-e5a5]:main():gmm-acc-stats-ali.cc:123) Written accs.
# Accounting: time=4 threads=1
# Ended (code 0) at Mon May 17 09:01:36 UTC 2021, elapsed time 4 seconds
