# gmm-acc-stats-ali exp/tri2a/6.mdl "ark,s,cs:apply-cmvn  --utt2spk=ark:data/train/split4/3/utt2spk scp:data/train/split4/3/cmvn.scp scp:data/train/split4/3/feats.scp ark:- | add-deltas  ark:- ark:- |" "ark,s,cs:gunzip -c exp/tri2a/ali.3.gz|" exp/tri2a/6.3.acc 
# Started at Mon May 17 08:53:21 UTC 2021
#
gmm-acc-stats-ali exp/tri2a/6.mdl 'ark,s,cs:apply-cmvn  --utt2spk=ark:data/train/split4/3/utt2spk scp:data/train/split4/3/cmvn.scp scp:data/train/split4/3/feats.scp ark:- | add-deltas  ark:- ark:- |' 'ark,s,cs:gunzip -c exp/tri2a/ali.3.gz|' exp/tri2a/6.3.acc 
apply-cmvn --utt2spk=ark:data/train/split4/3/utt2spk scp:data/train/split4/3/cmvn.scp scp:data/train/split4/3/feats.scp ark:- 
add-deltas ark:- ark:- 
LOG (gmm-acc-stats-ali[5.5.0~1494-e5a5]:main():gmm-acc-stats-ali.cc:105) Processed 50 utterances; for utterance M0000000059_0049 avg. like is -74.4426 over 420 frames.
LOG (gmm-acc-stats-ali[5.5.0~1494-e5a5]:main():gmm-acc-stats-ali.cc:105) Processed 100 utterances; for utterance M0000000059_0099 avg. like is -71.6758 over 401 frames.
LOG (gmm-acc-stats-ali[5.5.0~1494-e5a5]:main():gmm-acc-stats-ali.cc:105) Processed 150 utterances; for utterance M0000000060_0047 avg. like is -75.5841 over 240 frames.
LOG (gmm-acc-stats-ali[5.5.0~1494-e5a5]:main():gmm-acc-stats-ali.cc:105) Processed 200 utterances; for utterance M0000000060_0097 avg. like is -76.3514 over 199 frames.
LOG (gmm-acc-stats-ali[5.5.0~1494-e5a5]:main():gmm-acc-stats-ali.cc:105) Processed 250 utterances; for utterance M0000000061_0046 avg. like is -84.4044 over 220 frames.
LOG (gmm-acc-stats-ali[5.5.0~1494-e5a5]:main():gmm-acc-stats-ali.cc:105) Processed 300 utterances; for utterance M0000000061_0098 avg. like is -79.1269 over 129 frames.
LOG (gmm-acc-stats-ali[5.5.0~1494-e5a5]:main():gmm-acc-stats-ali.cc:105) Processed 350 utterances; for utterance M0000000062_0046 avg. like is -80.591 over 185 frames.
LOG (gmm-acc-stats-ali[5.5.0~1494-e5a5]:main():gmm-acc-stats-ali.cc:105) Processed 400 utterances; for utterance M0000000062_0096 avg. like is -80.1621 over 269 frames.
LOG (gmm-acc-stats-ali[5.5.0~1494-e5a5]:main():gmm-acc-stats-ali.cc:105) Processed 450 utterances; for utterance M0000000063_0044 avg. like is -80.3699 over 211 frames.
LOG (gmm-acc-stats-ali[5.5.0~1494-e5a5]:main():gmm-acc-stats-ali.cc:105) Processed 500 utterances; for utterance M0000000063_0094 avg. like is -77.5552 over 174 frames.
LOG (gmm-acc-stats-ali[5.5.0~1494-e5a5]:main():gmm-acc-stats-ali.cc:105) Processed 550 utterances; for utterance M0000000064_0042 avg. like is -80.3393 over 339 frames.
LOG (gmm-acc-stats-ali[5.5.0~1494-e5a5]:main():gmm-acc-stats-ali.cc:105) Processed 600 utterances; for utterance M0000000064_0092 avg. like is -85.7308 over 503 frames.
LOG (gmm-acc-stats-ali[5.5.0~1494-e5a5]:main():gmm-acc-stats-ali.cc:105) Processed 650 utterances; for utterance M0000000065_0040 avg. like is -78.0202 over 139 frames.
LOG (gmm-acc-stats-ali[5.5.0~1494-e5a5]:main():gmm-acc-stats-ali.cc:105) Processed 700 utterances; for utterance M0000000065_0090 avg. like is -81.8433 over 103 frames.
LOG (gmm-acc-stats-ali[5.5.0~1494-e5a5]:main():gmm-acc-stats-ali.cc:105) Processed 750 utterances; for utterance M0000000066_0038 avg. like is -93.987 over 138 frames.
LOG (gmm-acc-stats-ali[5.5.0~1494-e5a5]:main():gmm-acc-stats-ali.cc:105) Processed 800 utterances; for utterance M0000000066_0088 avg. like is -91.3084 over 199 frames.
LOG (gmm-acc-stats-ali[5.5.0~1494-e5a5]:main():gmm-acc-stats-ali.cc:105) Processed 850 utterances; for utterance M0000000067_0036 avg. like is -86.3874 over 297 frames.
LOG (gmm-acc-stats-ali[5.5.0~1494-e5a5]:main():gmm-acc-stats-ali.cc:105) Processed 900 utterances; for utterance M0000000067_0086 avg. like is -86.3103 over 345 frames.
LOG (gmm-acc-stats-ali[5.5.0~1494-e5a5]:main():gmm-acc-stats-ali.cc:105) Processed 950 utterances; for utterance M0000000068_0034 avg. like is -77.6049 over 177 frames.
LOG (gmm-acc-stats-ali[5.5.0~1494-e5a5]:main():gmm-acc-stats-ali.cc:105) Processed 1000 utterances; for utterance M0000000068_0084 avg. like is -72.6517 over 151 frames.
LOG (gmm-acc-stats-ali[5.5.0~1494-e5a5]:main():gmm-acc-stats-ali.cc:105) Processed 1050 utterances; for utterance M0000000069_0032 avg. like is -71.7693 over 256 frames.
LOG (gmm-acc-stats-ali[5.5.0~1494-e5a5]:main():gmm-acc-stats-ali.cc:105) Processed 1100 utterances; for utterance M0000000069_0082 avg. like is -76.3968 over 242 frames.
LOG (gmm-acc-stats-ali[5.5.0~1494-e5a5]:main():gmm-acc-stats-ali.cc:105) Processed 1150 utterances; for utterance M0000000070_0030 avg. like is -78.7905 over 278 frames.
LOG (gmm-acc-stats-ali[5.5.0~1494-e5a5]:main():gmm-acc-stats-ali.cc:105) Processed 1200 utterances; for utterance M0000000070_0080 avg. like is -70.5319 over 360 frames.
LOG (gmm-acc-stats-ali[5.5.0~1494-e5a5]:main():gmm-acc-stats-ali.cc:105) Processed 1250 utterances; for utterance M0000000071_0024 avg. like is -76.1369 over 281 frames.
LOG (gmm-acc-stats-ali[5.5.0~1494-e5a5]:main():gmm-acc-stats-ali.cc:105) Processed 1300 utterances; for utterance M0000000071_0074 avg. like is -77.1118 over 339 frames.
LOG (gmm-acc-stats-ali[5.5.0~1494-e5a5]:main():gmm-acc-stats-ali.cc:105) Processed 1350 utterances; for utterance M0000000072_0018 avg. like is -79.6397 over 166 frames.
LOG (gmm-acc-stats-ali[5.5.0~1494-e5a5]:main():gmm-acc-stats-ali.cc:105) Processed 1400 utterances; for utterance M0000000072_0068 avg. like is -80.0211 over 221 frames.
LOG (gmm-acc-stats-ali[5.5.0~1494-e5a5]:main():gmm-acc-stats-ali.cc:105) Processed 1450 utterances; for utterance M0000000073_0016 avg. like is -71.022 over 450 frames.
LOG (gmm-acc-stats-ali[5.5.0~1494-e5a5]:main():gmm-acc-stats-ali.cc:105) Processed 1500 utterances; for utterance M0000000073_0066 avg. like is -70.492 over 435 frames.
LOG (gmm-acc-stats-ali[5.5.0~1494-e5a5]:main():gmm-acc-stats-ali.cc:105) Processed 1550 utterances; for utterance M0000000074_0010 avg. like is -71.2969 over 341 frames.
LOG (gmm-acc-stats-ali[5.5.0~1494-e5a5]:main():gmm-acc-stats-ali.cc:105) Processed 1600 utterances; for utterance M0000000074_0060 avg. like is -77.2914 over 366 frames.
LOG (gmm-acc-stats-ali[5.5.0~1494-e5a5]:main():gmm-acc-stats-ali.cc:105) Processed 1650 utterances; for utterance M0000000075_0004 avg. like is -70.9606 over 258 frames.
WARNING (gmm-acc-stats-ali[5.5.0~1494-e5a5]:main():gmm-acc-stats-ali.cc:79) No alignment for utterance M0000000075_0009
WARNING (gmm-acc-stats-ali[5.5.0~1494-e5a5]:main():gmm-acc-stats-ali.cc:79) No alignment for utterance M0000000075_0044
LOG (gmm-acc-stats-ali[5.5.0~1494-e5a5]:main():gmm-acc-stats-ali.cc:105) Processed 1700 utterances; for utterance M0000000075_0056 avg. like is -70.2894 over 219 frames.
WARNING (gmm-acc-stats-ali[5.5.0~1494-e5a5]:main():gmm-acc-stats-ali.cc:79) No alignment for utterance M0000000075_0065
LOG (gmm-acc-stats-ali[5.5.0~1494-e5a5]:main():gmm-acc-stats-ali.cc:105) Processed 1750 utterances; for utterance M0000000076_0005 avg. like is -72.3364 over 357 frames.
LOG (gmm-acc-stats-ali[5.5.0~1494-e5a5]:main():gmm-acc-stats-ali.cc:105) Processed 1800 utterances; for utterance M0000000076_0056 avg. like is -79.8686 over 353 frames.
LOG (gmm-acc-stats-ali[5.5.0~1494-e5a5]:main():gmm-acc-stats-ali.cc:105) Processed 1850 utterances; for utterance M0000000078_0004 avg. like is -103.44 over 222 frames.
LOG (gmm-acc-stats-ali[5.5.0~1494-e5a5]:main():gmm-acc-stats-ali.cc:105) Processed 1900 utterances; for utterance M0000000078_0054 avg. like is -106.671 over 241 frames.
LOG (gmm-acc-stats-ali[5.5.0~1494-e5a5]:main():gmm-acc-stats-ali.cc:105) Processed 1950 utterances; for utterance M0000000079_0002 avg. like is -71.2334 over 111 frames.
LOG (gmm-acc-stats-ali[5.5.0~1494-e5a5]:main():gmm-acc-stats-ali.cc:105) Processed 2000 utterances; for utterance M0000000079_0052 avg. like is -79.4044 over 227 frames.
LOG (gmm-acc-stats-ali[5.5.0~1494-e5a5]:main():gmm-acc-stats-ali.cc:105) Processed 2050 utterances; for utterance M0000000083_0000 avg. like is -84.7623 over 107 frames.
LOG (gmm-acc-stats-ali[5.5.0~1494-e5a5]:main():gmm-acc-stats-ali.cc:105) Processed 2100 utterances; for utterance M0000000083_0050 avg. like is -83.0765 over 257 frames.
LOG (gmm-acc-stats-ali[5.5.0~1494-e5a5]:main():gmm-acc-stats-ali.cc:105) Processed 2150 utterances; for utterance M0000000083_0100 avg. like is -82.1725 over 284 frames.
LOG (gmm-acc-stats-ali[5.5.0~1494-e5a5]:main():gmm-acc-stats-ali.cc:105) Processed 2200 utterances; for utterance M0000000084_0046 avg. like is -70.2935 over 283 frames.
LOG (gmm-acc-stats-ali[5.5.0~1494-e5a5]:main():gmm-acc-stats-ali.cc:105) Processed 2250 utterances; for utterance M0000000084_0098 avg. like is -70.0078 over 143 frames.
LOG (gmm-acc-stats-ali[5.5.0~1494-e5a5]:main():gmm-acc-stats-ali.cc:105) Processed 2300 utterances; for utterance M0000000086_0046 avg. like is -78.367 over 281 frames.
LOG (gmm-acc-stats-ali[5.5.0~1494-e5a5]:main():gmm-acc-stats-ali.cc:105) Processed 2350 utterances; for utterance M0000000086_0096 avg. like is -75.8702 over 311 frames.
LOG (gmm-acc-stats-ali[5.5.0~1494-e5a5]:main():gmm-acc-stats-ali.cc:105) Processed 2400 utterances; for utterance M0000000087_0044 avg. like is -78.7645 over 311 frames.
LOG (gmm-acc-stats-ali[5.5.0~1494-e5a5]:main():gmm-acc-stats-ali.cc:105) Processed 2450 utterances; for utterance M0000000087_0094 avg. like is -73.5889 over 198 frames.
WARNING (gmm-acc-stats-ali[5.5.0~1494-e5a5]:main():gmm-acc-stats-ali.cc:79) No alignment for utterance M0000000091_0001
LOG (gmm-acc-stats-ali[5.5.0~1494-e5a5]:main():gmm-acc-stats-ali.cc:105) Processed 2500 utterances; for utterance M0000000091_0045 avg. like is -88.6025 over 221 frames.
LOG (gmm-acc-stats-ali[5.5.0~1494-e5a5]:main():gmm-acc-stats-ali.cc:105) Processed 2550 utterances; for utterance M0000000091_0095 avg. like is -83.1247 over 222 frames.
LOG (gmm-acc-stats-ali[5.5.0~1494-e5a5]:main():gmm-acc-stats-ali.cc:105) Processed 2600 utterances; for utterance M0000000092_0043 avg. like is -81.5663 over 362 frames.
LOG (gmm-acc-stats-ali[5.5.0~1494-e5a5]:main():gmm-acc-stats-ali.cc:105) Processed 2650 utterances; for utterance M0000000092_0093 avg. like is -83.2972 over 323 frames.
LOG (gmm-acc-stats-ali[5.5.0~1494-e5a5]:main():gmm-acc-stats-ali.cc:105) Processed 2700 utterances; for utterance M0000000093_0041 avg. like is -85.9549 over 237 frames.
LOG (gmm-acc-stats-ali[5.5.0~1494-e5a5]:main():gmm-acc-stats-ali.cc:105) Processed 2750 utterances; for utterance M0000000093_0091 avg. like is -90.3716 over 281 frames.
LOG (gmm-acc-stats-ali[5.5.0~1494-e5a5]:main():gmm-acc-stats-ali.cc:105) Processed 2800 utterances; for utterance M0000000094_0037 avg. like is -84.6652 over 212 frames.
LOG (gmm-acc-stats-ali[5.5.0~1494-e5a5]:main():gmm-acc-stats-ali.cc:105) Processed 2850 utterances; for utterance M0000000094_0087 avg. like is -77.3529 over 251 frames.
LOG (gmm-acc-stats-ali[5.5.0~1494-e5a5]:main():gmm-acc-stats-ali.cc:105) Processed 2900 utterances; for utterance M0000000095_0035 avg. like is -84.0882 over 392 frames.
LOG (gmm-acc-stats-ali[5.5.0~1494-e5a5]:main():gmm-acc-stats-ali.cc:105) Processed 2950 utterances; for utterance M0000000095_0085 avg. like is -76.4405 over 228 frames.
LOG (gmm-acc-stats-ali[5.5.0~1494-e5a5]:main():gmm-acc-stats-ali.cc:105) Processed 3000 utterances; for utterance M0000000096_0034 avg. like is -82.5287 over 574 frames.
LOG (gmm-acc-stats-ali[5.5.0~1494-e5a5]:main():gmm-acc-stats-ali.cc:105) Processed 3050 utterances; for utterance M0000000096_0084 avg. like is -91.1783 over 269 frames.
LOG (gmm-acc-stats-ali[5.5.0~1494-e5a5]:main():gmm-acc-stats-ali.cc:105) Processed 3100 utterances; for utterance M0000000097_0034 avg. like is -93.1876 over 239 frames.
LOG (gmm-acc-stats-ali[5.5.0~1494-e5a5]:main():gmm-acc-stats-ali.cc:105) Processed 3150 utterances; for utterance M0000000097_0084 avg. like is -86.1793 over 164 frames.
LOG (gmm-acc-stats-ali[5.5.0~1494-e5a5]:main():gmm-acc-stats-ali.cc:105) Processed 3200 utterances; for utterance M0000000098_0032 avg. like is -84.9291 over 221 frames.
LOG (gmm-acc-stats-ali[5.5.0~1494-e5a5]:main():gmm-acc-stats-ali.cc:105) Processed 3250 utterances; for utterance M0000000098_0083 avg. like is -87.4323 over 164 frames.
LOG (gmm-acc-stats-ali[5.5.0~1494-e5a5]:main():gmm-acc-stats-ali.cc:105) Processed 3300 utterances; for utterance M0000000099_0031 avg. like is -89.8176 over 214 frames.
LOG (gmm-acc-stats-ali[5.5.0~1494-e5a5]:main():gmm-acc-stats-ali.cc:105) Processed 3350 utterances; for utterance M0000000099_0081 avg. like is -81.2843 over 315 frames.
LOG (gmm-acc-stats-ali[5.5.0~1494-e5a5]:main():gmm-acc-stats-ali.cc:105) Processed 3400 utterances; for utterance M0000000101_0029 avg. like is -75.2806 over 132 frames.
LOG (gmm-acc-stats-ali[5.5.0~1494-e5a5]:main():gmm-acc-stats-ali.cc:105) Processed 3450 utterances; for utterance M0000000101_0079 avg. like is -83.0079 over 314 frames.
LOG (gmm-acc-stats-ali[5.5.0~1494-e5a5]:main():gmm-acc-stats-ali.cc:105) Processed 3500 utterances; for utterance M0000000102_0027 avg. like is -74.7284 over 177 frames.
LOG (gmm-acc-stats-ali[5.5.0~1494-e5a5]:main():gmm-acc-stats-ali.cc:105) Processed 3550 utterances; for utterance M0000000102_0077 avg. like is -77.4514 over 129 frames.
LOG (gmm-acc-stats-ali[5.5.0~1494-e5a5]:main():gmm-acc-stats-ali.cc:105) Processed 3600 utterances; for utterance M0000000103_0026 avg. like is -83.4992 over 235 frames.
LOG (gmm-acc-stats-ali[5.5.0~1494-e5a5]:main():gmm-acc-stats-ali.cc:105) Processed 3650 utterances; for utterance M0000000103_0076 avg. like is -86.9047 over 235 frames.
LOG (gmm-acc-stats-ali[5.5.0~1494-e5a5]:main():gmm-acc-stats-ali.cc:105) Processed 3700 utterances; for utterance M0000000106_0024 avg. like is -89.9371 over 140 frames.
LOG (gmm-acc-stats-ali[5.5.0~1494-e5a5]:main():gmm-acc-stats-ali.cc:105) Processed 3750 utterances; for utterance M0000000106_0074 avg. like is -90.6613 over 183 frames.
LOG (gmm-acc-stats-ali[5.5.0~1494-e5a5]:main():gmm-acc-stats-ali.cc:105) Processed 3800 utterances; for utterance M0000000110_0020 avg. like is -74.5398 over 188 frames.
LOG (gmm-acc-stats-ali[5.5.0~1494-e5a5]:main():gmm-acc-stats-ali.cc:105) Processed 3850 utterances; for utterance M0000000110_0070 avg. like is -79.301 over 384 frames.
LOG (apply-cmvn[5.5.0~1494-e5a5]:main():apply-cmvn.cc:162) Applied cepstral mean normalization to 3885 utterances, errors on 0
LOG (gmm-acc-stats-ali[5.5.0~1494-e5a5]:main():gmm-acc-stats-ali.cc:112) Done 3881 files, 4 with errors.
LOG (gmm-acc-stats-ali[5.5.0~1494-e5a5]:main():gmm-acc-stats-ali.cc:115) Overall avg like per frame (Gaussian only) = -79.9441 over 1037425 frames.
LOG (gmm-acc-stats-ali[5.5.0~1494-e5a5]:main():gmm-acc-stats-ali.cc:123) Written accs.
# Accounting: time=4 threads=1
# Ended (code 0) at Mon May 17 08:53:25 UTC 2021, elapsed time 4 seconds
