# build-tree --verbose=1 --max-leaves=2000 --cluster-thresh=-1 exp/tri1/treeacc data/lang/phones/roots.int exp/tri1/questions.qst data/lang/topo exp/tri1/tree 
# Started at Thu Oct 29 18:11:15 UTC 2020
#
build-tree --verbose=1 --max-leaves=2000 --cluster-thresh=-1 exp/tri1/treeacc data/lang/phones/roots.int exp/tri1/questions.qst data/lang/topo exp/tri1/tree 
LOG (build-tree[5.5.0~1494-e5a5]:main():build-tree.cc:104) Number of separate statistics is 116
LOG (build-tree[5.5.0~1494-e5a5]:BuildTree():build-tree.cc:161) BuildTree: before building trees, map has 9 leaves.
LOG (build-tree[5.5.0~1494-e5a5]:SplitDecisionTree():build-tree-utils.cc:577) DoDecisionTreeSplit: split 37 times, #leaves now 46
LOG (build-tree[5.5.0~1494-e5a5]:BuildTree():build-tree.cc:187) Setting clustering threshold to smallest split 340.812
VLOG[1] (build-tree[5.5.0~1494-e5a5]:BuildTree():build-tree.cc:196) After decision tree split, num-leaves = 46, like-impr = 6.56173 per frame over 51475 frames.
VLOG[1] (build-tree[5.5.0~1494-e5a5]:BuildTree():build-tree.cc:200) Including just phones that were split, improvement is 6.56173 per frame over 51475 frames.
LOG (build-tree[5.5.0~1494-e5a5]:BuildTree():build-tree.cc:215) BuildTree: removed 4 leaves.
VLOG[1] (build-tree[5.5.0~1494-e5a5]:ClusterEventMapToNClustersRestrictedByMap():build-tree-utils.cc:914) Number of non-empty clusters in map = 9
VLOG[1] (build-tree[5.5.0~1494-e5a5]:ClusterEventMapToNClustersRestrictedByMap():build-tree-utils.cc:915) Number of non-empty clusters = 42
LOG (build-tree[5.5.0~1494-e5a5]:BuildTree():build-tree.cc:231) BuildTree: Rounded num leaves to multiple of 8 by removing 2 leaves.
VLOG[1] (build-tree[5.5.0~1494-e5a5]:BuildTree():build-tree.cc:256) Objf change due to clustering -0.0357795 per frame.
VLOG[1] (build-tree[5.5.0~1494-e5a5]:BuildTree():build-tree.cc:259) Normalizing over only split phones, this is: -0.0357795 per frame.
VLOG[1] (build-tree[5.5.0~1494-e5a5]:BuildTree():build-tree.cc:262) Num-leaves is now 40
VLOG[1] (build-tree[5.5.0~1494-e5a5]:main():build-tree.cc:143) For pdf-id 34, low count 73
VLOG[1] (build-tree[5.5.0~1494-e5a5]:main():build-tree.cc:143) For pdf-id 35, low count 72
VLOG[1] (build-tree[5.5.0~1494-e5a5]:main():build-tree.cc:143) For pdf-id 38, low count 92
WARNING (build-tree[5.5.0~1494-e5a5]:main():build-tree.cc:185) Saw no stats for following phones: 2 3 4 5 6 7 9 10 13 14 16 17 19 20 21 23 24 25 26 27 29 30 32 33 34 35 37 
LOG (build-tree[5.5.0~1494-e5a5]:main():build-tree.cc:189) Wrote tree
# Accounting: time=0 threads=1
# Ended (code 0) at Thu Oct 29 18:11:15 UTC 2020, elapsed time 0 seconds
