# gmm-est --mix-up=4520 --power=0.25 --write-occs=exp/tri1/9.occs exp/tri1/8.mdl "gmm-sum-accs - exp/tri1/8.*.acc |" exp/tri1/9.mdl 
# Started at Thu Oct 29 18:11:22 UTC 2020
#
gmm-est --mix-up=4520 --power=0.25 --write-occs=exp/tri1/9.occs exp/tri1/8.mdl 'gmm-sum-accs - exp/tri1/8.*.acc |' exp/tri1/9.mdl 
gmm-sum-accs - exp/tri1/8.1.acc 
LOG (gmm-sum-accs[5.5.0~1494-e5a5]:main():gmm-sum-accs.cc:63) Summed 1 stats, total count 51475, avg like/frame -66.7082
LOG (gmm-sum-accs[5.5.0~1494-e5a5]:main():gmm-sum-accs.cc:66) Total count of stats is 51475
LOG (gmm-sum-accs[5.5.0~1494-e5a5]:main():gmm-sum-accs.cc:67) Written stats to -
LOG (gmm-est[5.5.0~1494-e5a5]:MleUpdate():transition-model.cc:528) TransitionModel::Update, objf change is 0 per frame over 51475 frames. 
LOG (gmm-est[5.5.0~1494-e5a5]:MleUpdate():transition-model.cc:531) 9 probabilities floored, 139 out of 185 transition-states skipped due to insuffient data (it is normal to have some skipped.)
LOG (gmm-est[5.5.0~1494-e5a5]:main():gmm-est.cc:102) Transition model update: Overall 0 log-like improvement per frame over 51475 frames.
WARNING (gmm-est[5.5.0~1494-e5a5]:MleDiagGmmUpdate():mle-diag-gmm.cc:359) Too little data - removing Gaussian (weight 0.001853, occupation count 9.030395, vector size 39)
WARNING (gmm-est[5.5.0~1494-e5a5]:MleDiagGmmUpdate():mle-diag-gmm.cc:359) Too little data - removing Gaussian (weight 0.001954, occupation count 9.520671, vector size 39)
WARNING (gmm-est[5.5.0~1494-e5a5]:MleDiagGmmUpdate():mle-diag-gmm.cc:359) Too little data - removing Gaussian (weight 0.000910, occupation count 9.817279, vector size 39)
WARNING (gmm-est[5.5.0~1494-e5a5]:MleDiagGmmUpdate():mle-diag-gmm.cc:359) Too little data - removing Gaussian (weight 0.000726, occupation count 7.835272, vector size 39)
WARNING (gmm-est[5.5.0~1494-e5a5]:MleDiagGmmUpdate():mle-diag-gmm.cc:359) Too little data - removing Gaussian (weight 0.000917, occupation count 9.895795, vector size 39)
WARNING (gmm-est[5.5.0~1494-e5a5]:MleDiagGmmUpdate():mle-diag-gmm.cc:359) Too little data - removing Gaussian (weight 0.000817, occupation count 8.809074, vector size 39)
WARNING (gmm-est[5.5.0~1494-e5a5]:MleDiagGmmUpdate():mle-diag-gmm.cc:359) Too little data - removing Gaussian (weight 0.000875, occupation count 9.438892, vector size 39)
WARNING (gmm-est[5.5.0~1494-e5a5]:MleDiagGmmUpdate():mle-diag-gmm.cc:359) Too little data - removing Gaussian (weight 0.000687, occupation count 7.411910, vector size 39)
WARNING (gmm-est[5.5.0~1494-e5a5]:MleDiagGmmUpdate():mle-diag-gmm.cc:359) Too little data - removing Gaussian (weight 0.000766, occupation count 8.257904, vector size 39)
WARNING (gmm-est[5.5.0~1494-e5a5]:MleDiagGmmUpdate():mle-diag-gmm.cc:359) Too little data - removing Gaussian (weight 0.000879, occupation count 9.482146, vector size 39)
WARNING (gmm-est[5.5.0~1494-e5a5]:MleDiagGmmUpdate():mle-diag-gmm.cc:359) Too little data - removing Gaussian (weight 0.000800, occupation count 8.630902, vector size 39)
WARNING (gmm-est[5.5.0~1494-e5a5]:MleDiagGmmUpdate():mle-diag-gmm.cc:359) Too little data - removing Gaussian (weight 0.000927, occupation count 9.997090, vector size 39)
WARNING (gmm-est[5.5.0~1494-e5a5]:MleDiagGmmUpdate():mle-diag-gmm.cc:359) Too little data - removing Gaussian (weight 0.000904, occupation count 9.751723, vector size 39)
WARNING (gmm-est[5.5.0~1494-e5a5]:MleDiagGmmUpdate():mle-diag-gmm.cc:359) Too little data - removing Gaussian (weight 0.005163, occupation count 9.996186, vector size 39)
WARNING (gmm-est[5.5.0~1494-e5a5]:MleDiagGmmUpdate():mle-diag-gmm.cc:359) Too little data - removing Gaussian (weight 0.007839, occupation count 9.861457, vector size 39)
WARNING (gmm-est[5.5.0~1494-e5a5]:MleDiagGmmUpdate():mle-diag-gmm.cc:359) Too little data - removing Gaussian (weight 0.007131, occupation count 8.970201, vector size 39)
WARNING (gmm-est[5.5.0~1494-e5a5]:MleDiagGmmUpdate():mle-diag-gmm.cc:359) Too little data - removing Gaussian (weight 0.005669, occupation count 9.654393, vector size 39)
WARNING (gmm-est[5.5.0~1494-e5a5]:MleDiagGmmUpdate():mle-diag-gmm.cc:359) Too little data - removing Gaussian (weight 0.004012, occupation count 9.696861, vector size 39)
WARNING (gmm-est[5.5.0~1494-e5a5]:MleDiagGmmUpdate():mle-diag-gmm.cc:359) Too little data - removing Gaussian (weight 0.004031, occupation count 9.215885, vector size 39)
WARNING (gmm-est[5.5.0~1494-e5a5]:MleDiagGmmUpdate():mle-diag-gmm.cc:359) Too little data - removing Gaussian (weight 0.004293, occupation count 9.814114, vector size 39)
WARNING (gmm-est[5.5.0~1494-e5a5]:MleDiagGmmUpdate():mle-diag-gmm.cc:359) Too little data - removing Gaussian (weight 0.037587, occupation count 9.998083, vector size 39)
LOG (gmm-est[5.5.0~1494-e5a5]:MleAmDiagGmmUpdate():mle-am-diag-gmm.cc:225) 0 variance elements floored in 0 Gaussians, out of 2531
LOG (gmm-est[5.5.0~1494-e5a5]:MleAmDiagGmmUpdate():mle-am-diag-gmm.cc:229) Removed 21 Gaussians due to counts < --min-gaussian-occupancy=10 and --remove-low-count-gaussians=true
LOG (gmm-est[5.5.0~1494-e5a5]:main():gmm-est.cc:113) GMM update: Overall 0.341737 objective function improvement per frame over 51475 frames
LOG (gmm-est[5.5.0~1494-e5a5]:main():gmm-est.cc:116) GMM update: Overall avg like per frame = -66.7082 over 51475 frames.
WARNING (gmm-est[5.5.0~1494-e5a5]:GetSplitTargets():model-common.cc:134) Could not split up to 4520 due to min-count = 20 (or no counts at all)

LOG (gmm-est[5.5.0~1494-e5a5]:SplitByCount():am-diag-gmm.cc:116) Split 40 states with target = 4520, power = 0.25, perturb_factor = 0.01 and min_count = 20, split #Gauss from 2531 to 2552
LOG (gmm-est[5.5.0~1494-e5a5]:main():gmm-est.cc:146) Written model to exp/tri1/9.mdl
# Accounting: time=0 threads=1
# Ended (code 0) at Thu Oct 29 18:11:22 UTC 2020, elapsed time 0 seconds
