# gmm-est --mix-up=4880 --power=0.25 --write-occs=exp/tri1/10.occs exp/tri1/9.mdl "gmm-sum-accs - exp/tri1/9.*.acc |" exp/tri1/10.mdl 
# Started at Thu Oct 29 18:11:22 UTC 2020
#
gmm-est --mix-up=4880 --power=0.25 --write-occs=exp/tri1/10.occs exp/tri1/9.mdl 'gmm-sum-accs - exp/tri1/9.*.acc |' exp/tri1/10.mdl 
gmm-sum-accs - exp/tri1/9.1.acc 
LOG (gmm-sum-accs[5.5.0~1494-e5a5]:main():gmm-sum-accs.cc:63) Summed 1 stats, total count 51475, avg like/frame -66.1528
LOG (gmm-sum-accs[5.5.0~1494-e5a5]:main():gmm-sum-accs.cc:66) Total count of stats is 51475
LOG (gmm-sum-accs[5.5.0~1494-e5a5]:main():gmm-sum-accs.cc:67) Written stats to -
LOG (gmm-est[5.5.0~1494-e5a5]:MleUpdate():transition-model.cc:528) TransitionModel::Update, objf change is 0 per frame over 51475 frames. 
LOG (gmm-est[5.5.0~1494-e5a5]:MleUpdate():transition-model.cc:531) 9 probabilities floored, 139 out of 185 transition-states skipped due to insuffient data (it is normal to have some skipped.)
LOG (gmm-est[5.5.0~1494-e5a5]:main():gmm-est.cc:102) Transition model update: Overall 0 log-like improvement per frame over 51475 frames.
WARNING (gmm-est[5.5.0~1494-e5a5]:MleDiagGmmUpdate():mle-diag-gmm.cc:359) Too little data - removing Gaussian (weight 0.002277, occupation count 9.309312, vector size 39)
WARNING (gmm-est[5.5.0~1494-e5a5]:MleDiagGmmUpdate():mle-diag-gmm.cc:359) Too little data - removing Gaussian (weight 0.001852, occupation count 9.024473, vector size 39)
WARNING (gmm-est[5.5.0~1494-e5a5]:MleDiagGmmUpdate():mle-diag-gmm.cc:359) Too little data - removing Gaussian (weight 0.001834, occupation count 8.938855, vector size 39)
WARNING (gmm-est[5.5.0~1494-e5a5]:MleDiagGmmUpdate():mle-diag-gmm.cc:359) Too little data - removing Gaussian (weight 0.000807, occupation count 8.700023, vector size 39)
WARNING (gmm-est[5.5.0~1494-e5a5]:MleDiagGmmUpdate():mle-diag-gmm.cc:359) Too little data - removing Gaussian (weight 0.000880, occupation count 9.493092, vector size 39)
WARNING (gmm-est[5.5.0~1494-e5a5]:MleDiagGmmUpdate():mle-diag-gmm.cc:359) Too little data - removing Gaussian (weight 0.000876, occupation count 9.449522, vector size 39)
WARNING (gmm-est[5.5.0~1494-e5a5]:MleDiagGmmUpdate():mle-diag-gmm.cc:359) Too little data - removing Gaussian (weight 0.000860, occupation count 9.277181, vector size 39)
WARNING (gmm-est[5.5.0~1494-e5a5]:MleDiagGmmUpdate():mle-diag-gmm.cc:359) Too little data - removing Gaussian (weight 0.000864, occupation count 9.319952, vector size 39)
WARNING (gmm-est[5.5.0~1494-e5a5]:MleDiagGmmUpdate():mle-diag-gmm.cc:359) Too little data - removing Gaussian (weight 0.005134, occupation count 9.190093, vector size 39)
WARNING (gmm-est[5.5.0~1494-e5a5]:MleDiagGmmUpdate():mle-diag-gmm.cc:359) Too little data - removing Gaussian (weight 0.005101, occupation count 9.131657, vector size 39)
WARNING (gmm-est[5.5.0~1494-e5a5]:MleDiagGmmUpdate():mle-diag-gmm.cc:359) Too little data - removing Gaussian (weight 0.016901, occupation count 9.954928, vector size 39)
WARNING (gmm-est[5.5.0~1494-e5a5]:MleDiagGmmUpdate():mle-diag-gmm.cc:359) Too little data - removing Gaussian (weight 0.005484, occupation count 9.339606, vector size 39)
WARNING (gmm-est[5.5.0~1494-e5a5]:MleDiagGmmUpdate():mle-diag-gmm.cc:359) Too little data - removing Gaussian (weight 0.003800, occupation count 9.184847, vector size 39)
WARNING (gmm-est[5.5.0~1494-e5a5]:MleDiagGmmUpdate():mle-diag-gmm.cc:359) Too little data - removing Gaussian (weight 0.003655, occupation count 8.833138, vector size 39)
WARNING (gmm-est[5.5.0~1494-e5a5]:MleDiagGmmUpdate():mle-diag-gmm.cc:359) Too little data - removing Gaussian (weight 0.003758, occupation count 9.083143, vector size 39)
WARNING (gmm-est[5.5.0~1494-e5a5]:MleDiagGmmUpdate():mle-diag-gmm.cc:359) Too little data - removing Gaussian (weight 0.004141, occupation count 9.467013, vector size 39)
WARNING (gmm-est[5.5.0~1494-e5a5]:MleDiagGmmUpdate():mle-diag-gmm.cc:359) Too little data - removing Gaussian (weight 0.002556, occupation count 9.847283, vector size 39)
WARNING (gmm-est[5.5.0~1494-e5a5]:MleDiagGmmUpdate():mle-diag-gmm.cc:359) Too little data - removing Gaussian (weight 0.002582, occupation count 9.949537, vector size 39)
WARNING (gmm-est[5.5.0~1494-e5a5]:MleDiagGmmUpdate():mle-diag-gmm.cc:359) Too little data - removing Gaussian (weight 0.031988, occupation count 8.860659, vector size 39)
LOG (gmm-est[5.5.0~1494-e5a5]:MleAmDiagGmmUpdate():mle-am-diag-gmm.cc:225) 0 variance elements floored in 0 Gaussians, out of 2533
LOG (gmm-est[5.5.0~1494-e5a5]:MleAmDiagGmmUpdate():mle-am-diag-gmm.cc:229) Removed 19 Gaussians due to counts < --min-gaussian-occupancy=10 and --remove-low-count-gaussians=true
LOG (gmm-est[5.5.0~1494-e5a5]:main():gmm-est.cc:113) GMM update: Overall 0.239391 objective function improvement per frame over 51475 frames
LOG (gmm-est[5.5.0~1494-e5a5]:main():gmm-est.cc:116) GMM update: Overall avg like per frame = -66.1528 over 51475 frames.
WARNING (gmm-est[5.5.0~1494-e5a5]:GetSplitTargets():model-common.cc:134) Could not split up to 4880 due to min-count = 20 (or no counts at all)

LOG (gmm-est[5.5.0~1494-e5a5]:SplitByCount():am-diag-gmm.cc:116) Split 40 states with target = 4880, power = 0.25, perturb_factor = 0.01 and min_count = 20, split #Gauss from 2533 to 2552
LOG (gmm-est[5.5.0~1494-e5a5]:main():gmm-est.cc:146) Written model to exp/tri1/10.mdl
# Accounting: time=0 threads=1
# Ended (code 0) at Thu Oct 29 18:11:22 UTC 2020, elapsed time 0 seconds
