# lattice-scale --inv-acoustic-scale=14 "ark:gunzip -c exp/mono/decode/lat.*.gz|" ark:- | lattice-add-penalty --word-ins-penalty=0.0 ark:- ark:- | lattice-best-path --word-symbol-table=exp/mono/graph//words.txt ark:- ark,t:- | utils/int2sym.pl -f 2- exp/mono/graph//words.txt | local/wer_hyp_filter > exp/mono/decode/scoring_kaldi/penalty_0.0/14.txt 
# Started at Sun May  2 17:06:08 UTC 2021
#
lattice-best-path --word-symbol-table=exp/mono/graph//words.txt ark:- ark,t:- 
lattice-scale --inv-acoustic-scale=14 'ark:gunzip -c exp/mono/decode/lat.*.gz|' ark:- 
lattice-add-penalty --word-ins-penalty=0.0 ark:- ark:- 
LOG (lattice-best-path[5.5.0~1494-e5a5]:main():lattice-best-path.cc:99) For utterance M0000000085_0000, best cost 21.0433 + 950.568 = 971.611 over 127 frames.
M0000000085_0000 ก่อน ที่ 
LOG (lattice-best-path[5.5.0~1494-e5a5]:main():lattice-best-path.cc:99) For utterance M0000000085_0001, best cost 49.9868 + 1693 = 1742.98 over 233 frames.
M0000000085_0001 ควร ซิงโครนัส อนึ่ง การ 
LOG (lattice-best-path[5.5.0~1494-e5a5]:main():lattice-best-path.cc:99) For utterance M0000000085_0002, best cost 37.3506 + 1591.21 = 1628.56 over 224 frames.
M0000000085_0002 เออออ ไป ใช้งาน การ 
LOG (lattice-best-path[5.5.0~1494-e5a5]:main():lattice-best-path.cc:99) For utterance M0000000085_0003, best cost 46.3881 + 1555.07 = 1601.46 over 212 frames.
M0000000085_0003 ทรง ตาม คลินิก พรึง 
LOG (lattice-best-path[5.5.0~1494-e5a5]:main():lattice-best-path.cc:99) For utterance M0000000085_0004, best cost 35.9156 + 1269.64 = 1305.56 over 179 frames.
M0000000085_0004 ของ ร่างกาย อาจารย์ 
LOG (lattice-best-path[5.5.0~1494-e5a5]:main():lattice-best-path.cc:99) For utterance M0000000085_0005, best cost 43.3261 + 1430.66 = 1473.99 over 198 frames.
M0000000085_0005 เออออ ไป ไซ หู การ 
LOG (lattice-best-path[5.5.0~1494-e5a5]:main():lattice-best-path.cc:99) For utterance M0000000085_0006, best cost 25.4882 + 1016.63 = 1042.12 over 140 frames.
M0000000085_0006 คง หลงลืม 
LOG (lattice-best-path[5.5.0~1494-e5a5]:main():lattice-best-path.cc:99) For utterance M0000000085_0007, best cost 28.019 + 1173.31 = 1201.33 over 165 frames.
M0000000085_0007 บางครั้ง อร่ามเหลือง 
LOG (lattice-best-path[5.5.0~1494-e5a5]:main():lattice-best-path.cc:99) For utterance M0000000085_0008, best cost 47.5759 + 1524.83 = 1572.4 over 218 frames.
M0000000085_0008 นำเอา หนึ่ง นั้น ทั้งสอง 
LOG (lattice-best-path[5.5.0~1494-e5a5]:main():lattice-best-path.cc:99) For utterance M0000000085_0009, best cost 34.8871 + 1213.48 = 1248.37 over 174 frames.
M0000000085_0009 ข้อ นั้น เช่นกัน 
LOG (lattice-best-path[5.5.0~1494-e5a5]:main():lattice-best-path.cc:99) For utterance M0000000085_0010, best cost 28.7728 + 970.017 = 998.79 over 135 frames.
M0000000085_0010 ขั้วโลก น้อย 
LOG (lattice-best-path[5.5.0~1494-e5a5]:main():lattice-best-path.cc:99) For utterance M0000000085_0011, best cost 25.7865 + 1066.21 = 1092 over 153 frames.
M0000000085_0011 มาก องศา 
LOG (lattice-best-path[5.5.0~1494-e5a5]:main():lattice-best-path.cc:99) For utterance M0000000085_0012, best cost 33.5105 + 1256.45 = 1289.96 over 176 frames.
M0000000085_0012 สาร ตกค้าง เครื่อง 
LOG (lattice-best-path[5.5.0~1494-e5a5]:main():lattice-best-path.cc:99) For utterance M0000000085_0013, best cost 57.7622 + 1888.79 = 1946.55 over 261 frames.
M0000000085_0013 ต้อง สิ่ง ที่ สอง รวมถึง 
LOG (lattice-best-path[5.5.0~1494-e5a5]:main():lattice-best-path.cc:99) For utterance M0000000085_0014, best cost 30.4227 + 1166.56 = 1196.98 over 162 frames.
M0000000085_0014 ของ ตนเอง ที่ 
LOG (lattice-best-path[5.5.0~1494-e5a5]:main():lattice-best-path.cc:99) For utterance M0000000085_0015, best cost 32.7696 + 1094.88 = 1127.65 over 153 frames.
M0000000085_0015 ข้อ นั้น ดำเนินงาน 
LOG (lattice-best-path[5.5.0~1494-e5a5]:main():lattice-best-path.cc:99) For utterance M0000000085_0016, best cost 41.416 + 1337.76 = 1379.18 over 183 frames.
M0000000085_0016 ข้อ นั้น ดิจิตอล หนัก 
LOG (lattice-best-path[5.5.0~1494-e5a5]:main():lattice-best-path.cc:99) For utterance M0000000085_0017, best cost 36.4323 + 1300.91 = 1337.34 over 189 frames.
M0000000085_0017 ข้อ นั้น ได ้ว่า 
LOG (lattice-best-path[5.5.0~1494-e5a5]:main():lattice-best-path.cc:99) For utterance M0000000085_0018, best cost 35.9518 + 1104.86 = 1140.81 over 150 frames.
M0000000085_0018 ของ เรา มี ขโมย 
LOG (lattice-best-path[5.5.0~1494-e5a5]:main():lattice-best-path.cc:99) For utterance M0000000085_0019, best cost 37.5001 + 1393.56 = 1431.06 over 197 frames.
M0000000085_0019 แคระแกร็น โต๊ะงาน ใน 
LOG (lattice-best-path[5.5.0~1494-e5a5]:main():lattice-best-path.cc:99) For utterance M0000000085_0020, best cost 28.2435 + 1125.77 = 1154.01 over 162 frames.
M0000000085_0020 รุ่งอรุณ ใน 
LOG (lattice-best-path[5.5.0~1494-e5a5]:main():lattice-best-path.cc:99) For utterance M0000000085_0021, best cost 22.4742 + 1112.03 = 1134.51 over 165 frames.
M0000000085_0021 ตัดสินใจ 
LOG (lattice-best-path[5.5.0~1494-e5a5]:main():lattice-best-path.cc:99) For utterance M0000000085_0022, best cost 27.1022 + 1019.36 = 1046.46 over 143 frames.
M0000000085_0022 จึง ได้ และ 
LOG (lattice-best-path[5.5.0~1494-e5a5]:main():lattice-best-path.cc:99) For utterance M0000000085_0023, best cost 54.167 + 1506.33 = 1560.49 over 216 frames.
M0000000085_0023 อาหาร อ้วน มั่นคง ภายใน 
LOG (lattice-best-path[5.5.0~1494-e5a5]:main():lattice-best-path.cc:99) For utterance M0000000085_0024, best cost 33.424 + 945.596 = 979.02 over 129 frames.
M0000000085_0024 ของ เครื่อง ลง น้อย 
LOG (lattice-best-path[5.5.0~1494-e5a5]:main():lattice-best-path.cc:99) For utterance M0000000085_0025, best cost 20.1172 + 850.726 = 870.843 over 119 frames.
M0000000085_0025 กฤษณพงศ์ 
LOG (lattice-best-path[5.5.0~1494-e5a5]:main():lattice-best-path.cc:99) For utterance M0000000085_0026, best cost 31.7497 + 1384.07 = 1415.82 over 188 frames.
M0000000085_0026 มี ที่ ไม่ 
LOG (lattice-best-path[5.5.0~1494-e5a5]:main():lattice-best-path.cc:99) For utterance M0000000085_0027, best cost 44.2593 + 1644.02 = 1688.28 over 227 frames.
M0000000085_0027 อักษร หรือ ขโมย จาก 
LOG (lattice-best-path[5.5.0~1494-e5a5]:main():lattice-best-path.cc:99) For utterance M0000000085_0028, best cost 36.9999 + 1352.8 = 1389.8 over 188 frames.
M0000000085_0028 ข้อ นั้น จึง ตก หนัก 
LOG (lattice-best-path[5.5.0~1494-e5a5]:main():lattice-best-path.cc:99) For utterance M0000000085_0029, best cost 27.0169 + 1060.02 = 1087.04 over 153 frames.
M0000000085_0029 จะ สัตว์เลี้ยง 
LOG (lattice-best-path[5.5.0~1494-e5a5]:main():lattice-best-path.cc:99) For utterance M0000000085_0030, best cost 36.8678 + 1136.5 = 1173.37 over 167 frames.
M0000000085_0030 โผล่ เป็น บางๆ 
LOG (lattice-best-path[5.5.0~1494-e5a5]:main():lattice-best-path.cc:99) For utterance M0000000085_0031, best cost 31.0397 + 1226.49 = 1257.53 over 171 frames.
M0000000085_0031 อาจจะ ไม่ ลง 
LOG (lattice-best-path[5.5.0~1494-e5a5]:main():lattice-best-path.cc:99) For utterance M0000000085_0032, best cost 24.5961 + 1190.9 = 1215.5 over 171 frames.
M0000000085_0032 โต๊ะงาน ใน 
LOG (lattice-best-path[5.5.0~1494-e5a5]:main():lattice-best-path.cc:99) For utterance M0000000085_0033, best cost 21.7317 + 889.682 = 911.413 over 126 frames.
M0000000085_0033 ไม่ 
LOG (lattice-best-path[5.5.0~1494-e5a5]:main():lattice-best-path.cc:99) For utterance M0000000085_0034, best cost 26.7093 + 1014.99 = 1041.7 over 150 frames.
M0000000085_0034 โลก ปานกลาง 
LOG (lattice-best-path[5.5.0~1494-e5a5]:main():lattice-best-path.cc:99) For utterance M0000000085_0035, best cost 13.3029 + 945.985 = 959.288 over 135 frames.
M0000000085_0035 แล้ว 
LOG (lattice-best-path[5.5.0~1494-e5a5]:main():lattice-best-path.cc:99) For utterance M0000000085_0036, best cost 35.8045 + 1252.04 = 1287.84 over 179 frames.
M0000000085_0036 ของ เปลี่ยนเป็น ลง 
LOG (lattice-best-path[5.5.0~1494-e5a5]:main():lattice-best-path.cc:99) For utterance M0000000085_0037, best cost 25.4307 + 1019.72 = 1045.15 over 147 frames.
M0000000085_0037 เรา ฯลฯ 
LOG (lattice-best-path[5.5.0~1494-e5a5]:main():lattice-best-path.cc:99) For utterance M0000000085_0038, best cost 23.3672 + 1066.05 = 1089.41 over 150 frames.
M0000000085_0038 ดังกล่าว ลง 
LOG (lattice-best-path[5.5.0~1494-e5a5]:main():lattice-best-path.cc:99) For utterance M0000000085_0039, best cost 26.9036 + 1268.41 = 1295.32 over 177 frames.
M0000000085_0039 ได้ อุปมาน 
LOG (lattice-best-path[5.5.0~1494-e5a5]:main():lattice-best-path.cc:99) For utterance M0000000085_0040, best cost 25.7682 + 1129.52 = 1155.29 over 156 frames.
M0000000085_0040 ดร. ต่อไป 
LOG (lattice-best-path[5.5.0~1494-e5a5]:main():lattice-best-path.cc:99) For utterance M0000000085_0041, best cost 49.0262 + 1483.77 = 1532.8 over 209 frames.
M0000000085_0041 อุดอู้ นั้น ออก และ ไม่ 
LOG (lattice-best-path[5.5.0~1494-e5a5]:main():lattice-best-path.cc:99) For utterance M0000000085_0042, best cost 21.7642 + 1177.35 = 1199.11 over 162 frames.
M0000000085_0042 ระยะ 
LOG (lattice-best-path[5.5.0~1494-e5a5]:main():lattice-best-path.cc:99) For utterance M0000000085_0043, best cost 35.6381 + 1004.5 = 1040.14 over 146 frames.
M0000000085_0043 ชั้น ระหว่าง ไม่ 
LOG (lattice-best-path[5.5.0~1494-e5a5]:main():lattice-best-path.cc:99) For utterance M0000000085_0044, best cost 26.9461 + 1003.88 = 1030.82 over 146 frames.
M0000000085_0044 ติดตั้ง ด้วย 
LOG (lattice-best-path[5.5.0~1494-e5a5]:main():lattice-best-path.cc:99) For utterance M0000000085_0045, best cost 31.8882 + 1352.68 = 1384.57 over 183 frames.
M0000000085_0045 และ บันทึก วิจัย 
LOG (lattice-best-path[5.5.0~1494-e5a5]:main():lattice-best-path.cc:99) For utterance M0000000085_0046, best cost 20.6389 + 1025.12 = 1045.75 over 144 frames.
M0000000085_0046 อธิบาย 
LOG (lattice-best-path[5.5.0~1494-e5a5]:main():lattice-best-path.cc:99) For utterance M0000000085_0047, best cost 32.0245 + 1160.68 = 1192.7 over 159 frames.
M0000000085_0047 แสดง จัด กระดาษ 
LOG (lattice-best-path[5.5.0~1494-e5a5]:main():lattice-best-path.cc:99) For utterance M0000000085_0048, best cost 44.7083 + 1333.72 = 1378.43 over 186 frames.
M0000000085_0048 มี ลงโทษ จะ ไหล ไม่ 
LOG (lattice-best-path[5.5.0~1494-e5a5]:main():lattice-best-path.cc:99) For utterance M0000000085_0049, best cost 29.1174 + 945.285 = 974.402 over 137 frames.
M0000000085_0049 ไม่ ละเลย 
LOG (lattice-best-path[5.5.0~1494-e5a5]:main():lattice-best-path.cc:99) For utterance M0000000085_0050, best cost 23.534 + 991.572 = 1015.11 over 143 frames.
M0000000085_0050 ระยะ มาก 
LOG (lattice-best-path[5.5.0~1494-e5a5]:main():lattice-best-path.cc:99) For utterance M0000000085_0051, best cost 29.4919 + 1032.62 = 1062.11 over 144 frames.
M0000000085_0051 ประจำวัน ข่าว 
LOG (lattice-best-path[5.5.0~1494-e5a5]:main():lattice-best-path.cc:99) For utterance M0000000085_0052, best cost 26.4745 + 1100.07 = 1126.54 over 149 frames.
M0000000085_0052 เกณฑ์ การ กระทำ 
LOG (lattice-best-path[5.5.0~1494-e5a5]:main():lattice-best-path.cc:99) For utterance M0000000085_0053, best cost 39.3836 + 1234.62 = 1274.01 over 173 frames.
M0000000085_0053 วันนี้ น้อย มาก นัก 
LOG (lattice-best-path[5.5.0~1494-e5a5]:main():lattice-best-path.cc:99) For utterance M0000000085_0054, best cost 21.004 + 918.601 = 939.605 over 131 frames.
M0000000085_0054 อิเล็กตรอน 
LOG (lattice-best-path[5.5.0~1494-e5a5]:main():lattice-best-path.cc:99) For utterance M0000000085_0055, best cost 27.4597 + 965.284 = 992.744 over 141 frames.
M0000000085_0055 ระงับ ว่องไว 
LOG (lattice-best-path[5.5.0~1494-e5a5]:main():lattice-best-path.cc:99) For utterance M0000000085_0056, best cost 55.6175 + 1702.65 = 1758.27 over 237 frames.
M0000000085_0056 จึง เครื่อง ได้ และ สาร กึ่ง อย่างไร 
LOG (lattice-best-path[5.5.0~1494-e5a5]:main():lattice-best-path.cc:99) For utterance M0000000085_0057, best cost 29.4937 + 942.59 = 972.083 over 134 frames.
M0000000085_0057 ไม่ ต้อง ของ 
LOG (lattice-best-path[5.5.0~1494-e5a5]:main():lattice-best-path.cc:99) For utterance M0000000085_0058, best cost 27.6381 + 1068.8 = 1096.44 over 156 frames.
M0000000085_0058 หลังจากนั้น ไม่ 
LOG (lattice-best-path[5.5.0~1494-e5a5]:main():lattice-best-path.cc:99) For utterance M0000000085_0059, best cost 35.1799 + 1413.72 = 1448.9 over 192 frames.
M0000000085_0059 ของ รูเจาะ ใกล้ 
LOG (lattice-best-path[5.5.0~1494-e5a5]:main():lattice-best-path.cc:99) For utterance M0000000085_0060, best cost 38.515 + 1354.5 = 1393.02 over 186 frames.
M0000000085_0060 ตำแหน่ง มากมาย 
LOG (lattice-best-path[5.5.0~1494-e5a5]:main():lattice-best-path.cc:99) For utterance M0000000085_0061, best cost 32.9486 + 1161.88 = 1194.83 over 164 frames.
M0000000085_0061 กลไก หรือ ฟาก 
LOG (lattice-best-path[5.5.0~1494-e5a5]:main():lattice-best-path.cc:99) For utterance M0000000085_0062, best cost 28.2836 + 1014.15 = 1042.43 over 144 frames.
M0000000085_0062 มี ร้องเพลง ได้ 
LOG (lattice-best-path[5.5.0~1494-e5a5]:main():lattice-best-path.cc:99) For utterance M0000000085_0063, best cost 42.3645 + 1097.2 = 1139.57 over 155 frames.
M0000000085_0063 เหม็น เหล่านี้ ร้อน ใน 
LOG (lattice-best-path[5.5.0~1494-e5a5]:main():lattice-best-path.cc:99) For utterance M0000000085_0064, best cost 25.1807 + 1138.95 = 1164.13 over 161 frames.
M0000000085_0064 ส่วน ต่างๆ อีก 
LOG (lattice-best-path[5.5.0~1494-e5a5]:main():lattice-best-path.cc:99) For utterance M0000000085_0065, best cost 40.8837 + 1168.07 = 1208.96 over 164 frames.
M0000000085_0065 คติ โชคลาง น้อย 
LOG (lattice-best-path[5.5.0~1494-e5a5]:main():lattice-best-path.cc:99) For utterance M0000000085_0066, best cost 34.4246 + 1049.55 = 1083.98 over 144 frames.
M0000000085_0066 เป็น ยา รส ครั้ง 
LOG (lattice-best-path[5.5.0~1494-e5a5]:main():lattice-best-path.cc:99) For utterance M0000000085_0067, best cost 32.1008 + 1111.8 = 1143.9 over 161 frames.
M0000000085_0067 ขมิ้น อนึ่ง 
LOG (lattice-best-path[5.5.0~1494-e5a5]:main():lattice-best-path.cc:99) For utterance M0000000085_0068, best cost 38.8821 + 1313.63 = 1352.51 over 185 frames.
M0000000085_0068 ควร จันทัน ต้องการ 
LOG (lattice-best-path[5.5.0~1494-e5a5]:main():lattice-best-path.cc:99) For utterance M0000000085_0069, best cost 25.1505 + 1131.99 = 1157.14 over 164 frames.
M0000000085_0069 มี อย่างไร 
LOG (lattice-best-path[5.5.0~1494-e5a5]:main():lattice-best-path.cc:99) For utterance M0000000085_0070, best cost 33.0444 + 1147.52 = 1180.56 over 162 frames.
M0000000085_0070 ควร ไม่ รังสี 
LOG (lattice-best-path[5.5.0~1494-e5a5]:main():lattice-best-path.cc:99) For utterance M0000000085_0071, best cost 35.1394 + 1229.17 = 1264.31 over 164 frames.
M0000000085_0071 เหล่านี้ มี ผู้วิจัย 
LOG (lattice-best-path[5.5.0~1494-e5a5]:main():lattice-best-path.cc:99) For utterance M0000000085_0072, best cost 52.8409 + 1394.26 = 1447.1 over 191 frames.
M0000000085_0072 คง กิ่งไม้ จึง ด้วย ไม้ 
LOG (lattice-best-path[5.5.0~1494-e5a5]:main():lattice-best-path.cc:99) For utterance M0000000085_0073, best cost 45.4652 + 1590.52 = 1635.99 over 224 frames.
M0000000085_0073 เอะอะ อาละวาด ร้านอาหาร หนัก 
LOG (lattice-best-path[5.5.0~1494-e5a5]:main():lattice-best-path.cc:99) For utterance M0000000085_0074, best cost 29.8453 + 1025.05 = 1054.89 over 144 frames.
M0000000085_0074 และ เป็น สมัย 
LOG (lattice-best-path[5.5.0~1494-e5a5]:main():lattice-best-path.cc:99) For utterance M0000000085_0075, best cost 43.3597 + 1497.59 = 1540.95 over 201 frames.
M0000000085_0075 ลักษณะ การ พล็อต อยู่ ใน 
LOG (lattice-best-path[5.5.0~1494-e5a5]:main():lattice-best-path.cc:99) For utterance M0000000085_0076, best cost 50.6121 + 1328.28 = 1378.89 over 188 frames.
M0000000085_0076 ดังนั้น จะ เนื้อหา ละ ไม่ 
LOG (lattice-best-path[5.5.0~1494-e5a5]:main():lattice-best-path.cc:99) For utterance M0000000085_0077, best cost 48.8004 + 1653.54 = 1702.34 over 231 frames.
M0000000085_0077 ระวีวรรณ หลังจากนั้น เป็น วัย 
LOG (lattice-best-path[5.5.0~1494-e5a5]:main():lattice-best-path.cc:99) For utterance M0000000085_0078, best cost 42.9407 + 1531.99 = 1574.93 over 206 frames.
M0000000085_0078 ลักษณะ การ ป้องกัน อะไร 
LOG (lattice-best-path[5.5.0~1494-e5a5]:main():lattice-best-path.cc:99) For utterance M0000000085_0079, best cost 25.3409 + 1178.43 = 1203.77 over 176 frames.
M0000000085_0079 ค่าใช้จ่าย ใน 
LOG (lattice-best-path[5.5.0~1494-e5a5]:main():lattice-best-path.cc:99) For utterance M0000000085_0080, best cost 48.2656 + 1564.05 = 1612.32 over 218 frames.
M0000000085_0080 ยัง อาจ ชอล์ก กระดานดำ ร้องไห้ 
LOG (lattice-best-path[5.5.0~1494-e5a5]:main():lattice-best-path.cc:99) For utterance M0000000085_0081, best cost 46.3425 + 2059.81 = 2106.15 over 290 frames.
M0000000085_0081 โต๊ะ เสวยราชย์ อยู่ ใน สมัย 
LOG (lattice-best-path[5.5.0~1494-e5a5]:main():lattice-best-path.cc:99) For utterance M0000000085_0082, best cost 54.6943 + 1737.36 = 1792.06 over 243 frames.
M0000000085_0082 นอกจาก ใน ตลาด ต้อง เสีย หนัก 
LOG (lattice-best-path[5.5.0~1494-e5a5]:main():lattice-best-path.cc:99) For utterance M0000000085_0083, best cost 31.7583 + 1349.99 = 1381.74 over 191 frames.
M0000000085_0083 เกรียงชัย ที่ ไม่ 
LOG (lattice-best-path[5.5.0~1494-e5a5]:main():lattice-best-path.cc:99) For utterance M0000000085_0084, best cost 30.5973 + 1185.52 = 1216.12 over 164 frames.
M0000000085_0084 ซึ่ง เป็น ชิ้น บางๆ 
LOG (lattice-best-path[5.5.0~1494-e5a5]:main():lattice-best-path.cc:99) For utterance M0000000085_0085, best cost 37.1667 + 1385.31 = 1422.47 over 203 frames.
M0000000085_0085 ขนาด และ ได้ อีกด้วย 
LOG (lattice-best-path[5.5.0~1494-e5a5]:main():lattice-best-path.cc:99) For utterance M0000000085_0086, best cost 31.8874 + 1428.85 = 1460.73 over 203 frames.
M0000000085_0086 อนึ่ง ภายใต้ เรา 
LOG (lattice-best-path[5.5.0~1494-e5a5]:main():lattice-best-path.cc:99) For utterance M0000000085_0087, best cost 37.974 + 1197.28 = 1235.25 over 176 frames.
M0000000085_0087 เปลี่ยน นโยบาย ใน 
LOG (lattice-best-path[5.5.0~1494-e5a5]:main():lattice-best-path.cc:99) For utterance M0000000085_0088, best cost 47.7602 + 1312.04 = 1359.8 over 179 frames.
M0000000085_0088 ใช้ หนู โอกาส ที่ ใน 
LOG (lattice-best-path[5.5.0~1494-e5a5]:main():lattice-best-path.cc:99) For utterance M0000000085_0089, best cost 28.0469 + 1206.87 = 1234.92 over 167 frames.
M0000000085_0089 เพราะฉะนั้น การ ชง 
LOG (lattice-best-path[5.5.0~1494-e5a5]:main():lattice-best-path.cc:99) For utterance M0000000085_0090, best cost 36.1124 + 1447.07 = 1483.18 over 203 frames.
M0000000085_0090 ทั้งนี้ ก็ และ ฯลฯ 
LOG (lattice-best-path[5.5.0~1494-e5a5]:main():lattice-best-path.cc:99) For utterance M0000000085_0091, best cost 25.4994 + 1207.79 = 1233.29 over 161 frames.
M0000000085_0091 ใส่ ลง 
LOG (lattice-best-path[5.5.0~1494-e5a5]:main():lattice-best-path.cc:99) For utterance M0000000085_0092, best cost 30.9694 + 1038.34 = 1069.31 over 147 frames.
M0000000085_0092 ไซ หู เรา 
LOG (lattice-best-path[5.5.0~1494-e5a5]:main():lattice-best-path.cc:99) For utterance M0000000085_0093, best cost 37.8275 + 1056.36 = 1094.19 over 152 frames.
M0000000085_0093 ออก เป็นไป จ่ายเงิน 
LOG (lattice-best-path[5.5.0~1494-e5a5]:main():lattice-best-path.cc:99) For utterance M0000000085_0094, best cost 33.6457 + 1397.81 = 1431.45 over 198 frames.
M0000000085_0094 ออก รวง จำเป็น 
LOG (lattice-best-path[5.5.0~1494-e5a5]:main():lattice-best-path.cc:99) For utterance M0000000085_0095, best cost 48.3937 + 1405.36 = 1453.75 over 200 frames.
M0000000085_0095 กงล้อ ชัยวัฒน์ เป็น ไม่ 
LOG (lattice-best-path[5.5.0~1494-e5a5]:main():lattice-best-path.cc:99) For utterance M0000000085_0096, best cost 45.6927 + 1462.1 = 1507.79 over 194 frames.
M0000000085_0096 ลง เป็น กิ่งไม้ หนึ่ง 
LOG (lattice-best-path[5.5.0~1494-e5a5]:main():lattice-best-path.cc:99) For utterance M0000000085_0097, best cost 42.8617 + 1216.19 = 1259.06 over 167 frames.
M0000000085_0097 เหมาะสม วิเคราะห์ เล็กน้อย 
LOG (lattice-best-path[5.5.0~1494-e5a5]:main():lattice-best-path.cc:99) For utterance M0000000085_0098, best cost 47.6352 + 1338.9 = 1386.53 over 189 frames.
M0000000085_0098 เหมาะสม ที่ บันได เป็นหลัก 
LOG (lattice-best-path[5.5.0~1494-e5a5]:main():lattice-best-path.cc:99) For utterance M0000000085_0099, best cost 35.8255 + 1022.28 = 1058.11 over 138 frames.
M0000000085_0099 โดย ลง ไป องศา 
LOG (lattice-best-path[5.5.0~1494-e5a5]:main():lattice-best-path.cc:99) For utterance M0000000085_0100, best cost 31.6852 + 1443.47 = 1475.15 over 206 frames.
M0000000085_0100 ฤดูหนาว อย่าง หนัก 
LOG (lattice-best-path[5.5.0~1494-e5a5]:main():lattice-best-path.cc:99) For utterance M0000000085_0101, best cost 64.7076 + 1950.53 = 2015.24 over 266 frames.
M0000000085_0101 อยู่ ใช้ จาก ครั้นแล้ว กระดาษ จะ หนึ่ง 
LOG (lattice-best-path[5.5.0~1494-e5a5]:main():lattice-best-path.cc:99) For utterance M0000000105_0000, best cost 33.2776 + 1084.33 = 1117.6 over 178 frames.
M0000000105_0000 โค ว่า ที่ 
LOG (lattice-best-path[5.5.0~1494-e5a5]:main():lattice-best-path.cc:99) For utterance M0000000105_0001, best cost 49.8162 + 2358.58 = 2408.39 over 366 frames.
M0000000105_0001 โอกาส ที่ ต่อมา บ้านเมือง การ 
LOG (lattice-best-path[5.5.0~1494-e5a5]:main():lattice-best-path.cc:99) For utterance M0000000105_0002, best cost 67.7235 + 2109.76 = 2177.49 over 314 frames.
M0000000105_0002 ออก ก้าวร้าว ได้ เคย กล่าว เนื่องจาก 
LOG (lattice-best-path[5.5.0~1494-e5a5]:main():lattice-best-path.cc:99) For utterance M0000000105_0003, best cost 52.9719 + 1761.68 = 1814.65 over 257 frames.
M0000000105_0003 ทรง ตำรวจ หรือ บัตร เครื่อง 
LOG (lattice-best-path[5.5.0~1494-e5a5]:main():lattice-best-path.cc:99) For utterance M0000000105_0004, best cost 48.9375 + 2017.42 = 2066.36 over 316 frames.
M0000000105_0004 เขา พับ อยู่ ให้บริการ 
LOG (lattice-best-path[5.5.0~1494-e5a5]:main():lattice-best-path.cc:99) For utterance M0000000105_0005, best cost 52.9851 + 2005.34 = 2058.32 over 309 frames.
M0000000105_0005 ออก ทั่วไป ไซ หู การ 
LOG (lattice-best-path[5.5.0~1494-e5a5]:main():lattice-best-path.cc:99) For utterance M0000000105_0006, best cost 42.5354 + 1437.82 = 1480.36 over 220 frames.
M0000000105_0006 คอก ขวบ บางๆ 
LOG (lattice-best-path[5.5.0~1494-e5a5]:main():lattice-best-path.cc:99) For utterance M0000000105_0007, best cost 44.1042 + 1735.54 = 1779.64 over 271 frames.
M0000000105_0007 รวมทั้ง รอบ แล้ว หนึ่ง 
LOG (lattice-best-path[5.5.0~1494-e5a5]:main():lattice-best-path.cc:99) For utterance M0000000105_0008, best cost 57.2943 + 2232.75 = 2290.04 over 350 frames.
M0000000105_0008 น้ำ ออก หนึ่ง นั้น ทั้ง สอง 
LOG (lattice-best-path[5.5.0~1494-e5a5]:main():lattice-best-path.cc:99) For utterance M0000000105_0009, best cost 37.3244 + 1655.75 = 1693.08 over 252 frames.
M0000000105_0009 ของ คำสั่ง ของ เรือน 
LOG (lattice-best-path[5.5.0~1494-e5a5]:main():lattice-best-path.cc:99) For utterance M0000000105_0010, best cost 31.5291 + 1458.8 = 1490.32 over 235 frames.
M0000000105_0010 ของ ลง น้อย 
LOG (lattice-best-path[5.5.0~1494-e5a5]:main():lattice-best-path.cc:99) For utterance M0000000105_0011, best cost 34.825 + 1150.29 = 1185.12 over 178 frames.
M0000000105_0011 ว่า หาก ผลลัพธ์ 
LOG (lattice-best-path[5.5.0~1494-e5a5]:main():lattice-best-path.cc:99) For utterance M0000000105_0012, best cost 34.3242 + 1226.41 = 1260.73 over 172 frames.
M0000000105_0012 สำรวจ เครื่องกลึง 
LOG (lattice-best-path[5.5.0~1494-e5a5]:main():lattice-best-path.cc:99) For utterance M0000000105_0013, best cost 102.938 + 4309.39 = 4412.33 over 646 frames.
M0000000105_0013 ไอซี สอง จัดซื้อ ของ แต่ สอง พุ่ง ควร 
LOG (lattice-best-path[5.5.0~1494-e5a5]:main():lattice-best-path.cc:99) For utterance M0000000105_0014, best cost 35.7891 + 1374.91 = 1410.7 over 213 frames.
M0000000105_0014 คอก ออกแบบ 
LOG (lattice-best-path[5.5.0~1494-e5a5]:main():lattice-best-path.cc:99) For utterance M0000000105_0015, best cost 45.3398 + 1598.59 = 1643.93 over 252 frames.
M0000000105_0015 ข้อ นั้น ตรง นาน นัก 
LOG (lattice-best-path[5.5.0~1494-e5a5]:main():lattice-best-path.cc:99) For utterance M0000000105_0016, best cost 46.6075 + 1724.56 = 1771.17 over 252 frames.
M0000000105_0016 ก่อนหลัง ประจุ หนัก 
LOG (lattice-best-path[5.5.0~1494-e5a5]:main():lattice-best-path.cc:99) For utterance M0000000105_0017, best cost 40.6314 + 1231.3 = 1271.93 over 193 frames.
M0000000105_0017 ข้อ นั้น ไป แล้ว หนัก 
LOG (lattice-best-path[5.5.0~1494-e5a5]:main():lattice-best-path.cc:99) For utterance M0000000105_0018, best cost 48.616 + 1599.73 = 1648.35 over 238 frames.
M0000000105_0018 คน ก็ มี เสื่อม น้อย 
LOG (lattice-best-path[5.5.0~1494-e5a5]:main():lattice-best-path.cc:99) For utterance M0000000105_0019, best cost 45.8897 + 1600.03 = 1645.92 over 236 frames.
M0000000105_0019 ผลลัพธ์ ไป ตก นาน นัก 
LOG (lattice-best-path[5.5.0~1494-e5a5]:main():lattice-best-path.cc:99) For utterance M0000000105_0020, best cost 30.9987 + 1211.95 = 1242.95 over 190 frames.
M0000000105_0020 รูป ต่อไป ใน 
LOG (lattice-best-path[5.5.0~1494-e5a5]:main():lattice-best-path.cc:99) For utterance M0000000105_0021, best cost 34.2426 + 890.869 = 925.112 over 142 frames.
M0000000105_0021 น้ำ กิน จาน 
LOG (lattice-best-path[5.5.0~1494-e5a5]:main():lattice-best-path.cc:99) For utterance M0000000105_0022, best cost 33.6417 + 1140.91 = 1174.55 over 176 frames.
M0000000105_0022 ชื่อ มากมาย 
LOG (lattice-best-path[5.5.0~1494-e5a5]:main():lattice-best-path.cc:99) For utterance M0000000105_0023, best cost 56.516 + 1798.85 = 1855.37 over 273 frames.
M0000000105_0023 อาหาร ขโมย มั่นคง ภายใน 
LOG (lattice-best-path[5.5.0~1494-e5a5]:main():lattice-best-path.cc:99) For utterance M0000000105_0024, best cost 36.9502 + 1345.03 = 1381.98 over 201 frames.
M0000000105_0024 ของ เครื่อง ลง น้อย 
LOG (lattice-best-path[5.5.0~1494-e5a5]:main():lattice-best-path.cc:99) For utterance M0000000105_0025, best cost 17.8868 + 763.046 = 780.933 over 111 frames.
M0000000105_0025 พระองค์ 
LOG (lattice-best-path[5.5.0~1494-e5a5]:main():lattice-best-path.cc:99) For utterance M0000000105_0026, best cost 53.2413 + 1874.88 = 1928.12 over 292 frames.
M0000000105_0026 มี นั้น จึง ชุด ที่ ไม่ 
LOG (lattice-best-path[5.5.0~1494-e5a5]:main():lattice-best-path.cc:99) For utterance M0000000105_0027, best cost 64.1466 + 2458.13 = 2522.28 over 373 frames.
M0000000105_0027 โต ซอส เหตุ ให้ นอกจาก 
LOG (lattice-best-path[5.5.0~1494-e5a5]:main():lattice-best-path.cc:99) For utterance M0000000105_0028, best cost 55.629 + 1977.81 = 2033.43 over 298 frames.
M0000000105_0028 ข้อ นั้น จึง เพิ่ม บ่อยครั้ง 
LOG (lattice-best-path[5.5.0~1494-e5a5]:main():lattice-best-path.cc:99) For utterance M0000000105_0029, best cost 39.4154 + 1399.51 = 1438.92 over 216 frames.
M0000000105_0029 จัดซื้อ คือ อย่าง 
LOG (lattice-best-path[5.5.0~1494-e5a5]:main():lattice-best-path.cc:99) For utterance M0000000105_0030, best cost 46.8562 + 1377.4 = 1424.26 over 212 frames.
M0000000105_0030 คง อะไร ได้ ต้อง 
LOG (lattice-best-path[5.5.0~1494-e5a5]:main():lattice-best-path.cc:99) For utterance M0000000105_0031, best cost 55.166 + 1611.96 = 1667.13 over 255 frames.
M0000000105_0031 อาหาร จะ มาก ที่ มน 
LOG (lattice-best-path[5.5.0~1494-e5a5]:main():lattice-best-path.cc:99) For utterance M0000000105_0032, best cost 45.2187 + 1694.48 = 1739.7 over 267 frames.
M0000000105_0032 ต้อง ออก อีก มากมาย 
LOG (lattice-best-path[5.5.0~1494-e5a5]:main():lattice-best-path.cc:99) For utterance M0000000105_0033, best cost 39.188 + 1348.02 = 1387.21 over 215 frames.
M0000000105_0033 เดิน ไป จาก สัตว์ 
LOG (lattice-best-path[5.5.0~1494-e5a5]:main():lattice-best-path.cc:99) For utterance M0000000105_0034, best cost 26.2448 + 1230.31 = 1256.55 over 198 frames.
M0000000105_0034 ก็ น้ำตาล 
LOG (lattice-best-path[5.5.0~1494-e5a5]:main():lattice-best-path.cc:99) For utterance M0000000105_0035, best cost 32.2857 + 1487.4 = 1519.68 over 249 frames.
M0000000105_0035 ไม่ ทัน แล้ว 
LOG (lattice-best-path[5.5.0~1494-e5a5]:main():lattice-best-path.cc:99) For utterance M0000000105_0036, best cost 41.7596 + 1400.13 = 1441.89 over 221 frames.
M0000000105_0036 ขอบ เปลี่ยน เป็น รูป 
LOG (lattice-best-path[5.5.0~1494-e5a5]:main():lattice-best-path.cc:99) For utterance M0000000105_0037, best cost 41.9255 + 1346.4 = 1388.33 over 209 frames.
M0000000105_0037 ไม่ ออก แนว ของ 
LOG (lattice-best-path[5.5.0~1494-e5a5]:main():lattice-best-path.cc:99) For utterance M0000000105_0038, best cost 37.4071 + 1928.31 = 1965.72 over 307 frames.
M0000000105_0038 รูป ของ อยู่ ตรง 
LOG (lattice-best-path[5.5.0~1494-e5a5]:main():lattice-best-path.cc:99) For utterance M0000000105_0039, best cost 39.8211 + 1512.05 = 1551.87 over 234 frames.
M0000000105_0039 หลัก ไป ตก หนัก 
LOG (lattice-best-path[5.5.0~1494-e5a5]:main():lattice-best-path.cc:99) For utterance M0000000105_0040, best cost 50.1118 + 1591.61 = 1641.72 over 245 frames.
M0000000105_0040 ได้ ไป ตก ส่ง น้ำ 
LOG (lattice-best-path[5.5.0~1494-e5a5]:main():lattice-best-path.cc:99) For utterance M0000000105_0041, best cost 76.3511 + 2471.63 = 2547.98 over 385 frames.
M0000000105_0041 ฝน ตก ตัว นำ มา ป้อน บัตร ไม่ 
LOG (lattice-best-path[5.5.0~1494-e5a5]:main():lattice-best-path.cc:99) For utterance M0000000105_0042, best cost 49.9631 + 1812.86 = 1862.82 over 279 frames.
M0000000105_0042 จาก ได้ ไป ของ แต่ 
LOG (lattice-best-path[5.5.0~1494-e5a5]:main():lattice-best-path.cc:99) For utterance M0000000105_0043, best cost 39.0721 + 1660.02 = 1699.09 over 264 frames.
M0000000105_0043 ชั้น บน ว่องไว 
LOG (lattice-best-path[5.5.0~1494-e5a5]:main():lattice-best-path.cc:99) For utterance M0000000105_0044, best cost 29.1954 + 1242.59 = 1271.79 over 190 frames.
M0000000105_0044 ติดตั้ง ด้วย 
LOG (lattice-best-path[5.5.0~1494-e5a5]:main():lattice-best-path.cc:99) For utterance M0000000105_0045, best cost 37.3657 + 1785.83 = 1823.2 over 280 frames.
M0000000105_0045 เจาะ บัตร เคลื่อนที่ ได้ 
LOG (lattice-best-path[5.5.0~1494-e5a5]:main():lattice-best-path.cc:99) For utterance M0000000105_0046, best cost 28.8645 + 1161.8 = 1190.67 over 187 frames.
M0000000105_0046 ที่ ไป 
LOG (lattice-best-path[5.5.0~1494-e5a5]:main():lattice-best-path.cc:99) For utterance M0000000105_0047, best cost 53.2294 + 1545.2 = 1598.43 over 236 frames.
M0000000105_0047 สัตว์ แกน จาก บัตร ต้อง 
LOG (lattice-best-path[5.5.0~1494-e5a5]:main():lattice-best-path.cc:99) For utterance M0000000105_0048, best cost 52.901 + 2084.53 = 2137.43 over 325 frames.
M0000000105_0048 มี โรค ชั้น ใน ไม่ 
LOG (lattice-best-path[5.5.0~1494-e5a5]:main():lattice-best-path.cc:99) For utterance M0000000105_0049, best cost 42.5477 + 1392.51 = 1435.06 over 220 frames.
M0000000105_0049 ไม่ ขโมย เลย 
LOG (lattice-best-path[5.5.0~1494-e5a5]:main():lattice-best-path.cc:99) For utterance M0000000105_0050, best cost 30.8256 + 1305.66 = 1336.49 over 205 frames.
M0000000105_0050 นอกจาก แยก บัตร 
LOG (lattice-best-path[5.5.0~1494-e5a5]:main():lattice-best-path.cc:99) For utterance M0000000105_0051, best cost 48.1983 + 1859.33 = 1907.52 over 305 frames.
M0000000105_0051 การ เช่น เหม็น ข่าว 
LOG (lattice-best-path[5.5.0~1494-e5a5]:main():lattice-best-path.cc:99) For utterance M0000000105_0052, best cost 41.5122 + 1431.36 = 1472.87 over 220 frames.
M0000000105_0052 เกิด เกิน ไป เปราะ 
LOG (lattice-best-path[5.5.0~1494-e5a5]:main():lattice-best-path.cc:99) For utterance M0000000105_0053, best cost 62.5922 + 2388.16 = 2450.76 over 376 frames.
M0000000105_0053 วัน นี้ ขโมย มาก หรือ เพราะ 
LOG (lattice-best-path[5.5.0~1494-e5a5]:main():lattice-best-path.cc:99) For utterance M0000000105_0054, best cost 27.9197 + 1210.86 = 1238.78 over 194 frames.
M0000000105_0054 เป็น วัย ของ 
LOG (lattice-best-path[5.5.0~1494-e5a5]:main():lattice-best-path.cc:99) For utterance M0000000105_0055, best cost 38.7561 + 1302.08 = 1340.84 over 202 frames.
M0000000105_0055 การ หา พบ ใน 
LOG (lattice-best-path[5.5.0~1494-e5a5]:main():lattice-best-path.cc:99) For utterance M0000000105_0056, best cost 80.0059 + 2885.85 = 2965.86 over 450 frames.
M0000000105_0056 ยิ่งขึ้น การ รักษา คลื่น ยาว ได้ ไม่ 
LOG (lattice-best-path[5.5.0~1494-e5a5]:main():lattice-best-path.cc:99) For utterance M0000000105_0057, best cost 33.6579 + 1153.61 = 1187.26 over 187 frames.
M0000000105_0057 ไม่ ต้อง คน 
LOG (lattice-best-path[5.5.0~1494-e5a5]:main():lattice-best-path.cc:99) For utterance M0000000105_0058, best cost 40.825 + 1372.75 = 1413.57 over 215 frames.
M0000000105_0058 บาง การ ได้ ใน 
LOG (lattice-best-path[5.5.0~1494-e5a5]:main():lattice-best-path.cc:99) For utterance M0000000105_0059, best cost 54.4038 + 1758.11 = 1812.51 over 273 frames.
M0000000105_0059 รับ ข้อมูล สับ ของ หลาย 
LOG (lattice-best-path[5.5.0~1494-e5a5]:main():lattice-best-path.cc:99) For utterance M0000000105_0060, best cost 64.0483 + 2151.74 = 2215.78 over 331 frames.
M0000000105_0060 ต้ม ยัง บน เผ็ด มากมาย 
LOG (lattice-best-path[5.5.0~1494-e5a5]:main():lattice-best-path.cc:99) For utterance M0000000105_0061, best cost 37.1358 + 1666.54 = 1703.68 over 256 frames.
M0000000105_0061 กลไก บ้านเมือง กับ 
LOG (lattice-best-path[5.5.0~1494-e5a5]:main():lattice-best-path.cc:99) For utterance M0000000105_0062, best cost 43.915 + 1297.87 = 1341.79 over 209 frames.
M0000000105_0062 มี พร้อม คือ ไม่ 
LOG (lattice-best-path[5.5.0~1494-e5a5]:main():lattice-best-path.cc:99) For utterance M0000000105_0063, best cost 50.9436 + 1708.64 = 1759.58 over 264 frames.
M0000000105_0063 ฤดู มี ขโมย ใน 
LOG (lattice-best-path[5.5.0~1494-e5a5]:main():lattice-best-path.cc:99) For utterance M0000000105_0064, best cost 35.1604 + 1444.28 = 1479.44 over 220 frames.
M0000000105_0064 ซ้อน กัน ที่ 
LOG (lattice-best-path[5.5.0~1494-e5a5]:main():lattice-best-path.cc:99) For utterance M0000000105_0065, best cost 39.503 + 1750.91 = 1790.41 over 273 frames.
M0000000105_0065 คง ถูก ลง น้อย 
LOG (lattice-best-path[5.5.0~1494-e5a5]:main():lattice-best-path.cc:99) For utterance M0000000105_0066, best cost 45.4436 + 1334.1 = 1379.54 over 194 frames.
M0000000105_0066 ขัดยอก หมด ครอบ 
LOG (lattice-best-path[5.5.0~1494-e5a5]:main():lattice-best-path.cc:99) For utterance M0000000105_0067, best cost 40.0574 + 1389.69 = 1429.75 over 212 frames.
M0000000105_0067 ขอบ มี อนึ่ง 
LOG (lattice-best-path[5.5.0~1494-e5a5]:main():lattice-best-path.cc:99) For utterance M0000000105_0068, best cost 46.5997 + 1815.68 = 1862.28 over 279 frames.
M0000000105_0068 ของ การ แบ่ง ต้องการ 
LOG (lattice-best-path[5.5.0~1494-e5a5]:main():lattice-best-path.cc:99) For utterance M0000000105_0069, best cost 54.1593 + 1738.63 = 1792.79 over 272 frames.
M0000000105_0069 มี ที่ หลัง มือ ใน 
LOG (lattice-best-path[5.5.0~1494-e5a5]:main():lattice-best-path.cc:99) For utterance M0000000105_0070, best cost 40.5402 + 1413.45 = 1453.99 over 219 frames.
M0000000105_0070 คง เป็น ลูกกลอน สี 
LOG (lattice-best-path[5.5.0~1494-e5a5]:main():lattice-best-path.cc:99) For utterance M0000000105_0071, best cost 52.6394 + 2057.26 = 2109.9 over 320 frames.
M0000000105_0071 ปลาหมึก มี ขูด น้อย 
LOG (lattice-best-path[5.5.0~1494-e5a5]:main():lattice-best-path.cc:99) For utterance M0000000105_0072, best cost 67.9874 + 2129.13 = 2197.12 over 332 frames.
M0000000105_0072 ผล ที่ เล่น มาก ตื่น บ่อยๆ ได้ 
LOG (lattice-best-path[5.5.0~1494-e5a5]:main():lattice-best-path.cc:99) For utterance M0000000105_0073, best cost 69.7369 + 2519.56 = 2589.3 over 393 frames.
M0000000105_0073 ทำ อะไร ระหว่าง ทำ อาหาร ปลา 
LOG (lattice-best-path[5.5.0~1494-e5a5]:main():lattice-best-path.cc:99) For utterance M0000000105_0074, best cost 42.9616 + 1626.12 = 1669.08 over 257 frames.
M0000000105_0074 รับ ได้ สรุป ไม่ 
LOG (lattice-best-path[5.5.0~1494-e5a5]:main():lattice-best-path.cc:99) For utterance M0000000105_0075, best cost 62.4237 + 2425.77 = 2488.19 over 378 frames.
M0000000105_0075 จาก สมการ ต้อง อายุ เท่าไร 
LOG (lattice-best-path[5.5.0~1494-e5a5]:main():lattice-best-path.cc:99) For utterance M0000000105_0076, best cost 71.1493 + 2131.68 = 2202.83 over 330 frames.
M0000000105_0076 การ ไม่ เตือน อาหาร ปรับ ไม่ 
LOG (lattice-best-path[5.5.0~1494-e5a5]:main():lattice-best-path.cc:99) For utterance M0000000105_0077, best cost 79.5268 + 2785.55 = 2865.08 over 435 frames.
M0000000105_0077 ไม่ มี ต่างๆ ต้องการ แทน บ่อยๆ ไม่ 
LOG (lattice-best-path[5.5.0~1494-e5a5]:main():lattice-best-path.cc:99) For utterance M0000000105_0078, best cost 55.0854 + 2398.29 = 2453.37 over 373 frames.
M0000000105_0078 จัดซื้อ การ ต้ม สายสร้อย 
LOG (lattice-best-path[5.5.0~1494-e5a5]:main():lattice-best-path.cc:99) For utterance M0000000105_0079, best cost 40.3964 + 1715.65 = 1756.05 over 266 frames.
M0000000105_0079 กลาย เป็น ใช้ ใน 
LOG (lattice-best-path[5.5.0~1494-e5a5]:main():lattice-best-path.cc:99) For utterance M0000000105_0080, best cost 75.3916 + 2569.92 = 2645.31 over 408 frames.
M0000000105_0080 จาก เปิด สาขา บาง ต้อง ทำ ใน 
LOG (lattice-best-path[5.5.0~1494-e5a5]:main():lattice-best-path.cc:99) For utterance M0000000105_0081, best cost 68.8833 + 2509.8 = 2578.68 over 394 frames.
M0000000105_0081 ปรก ช่วย ต่างๆ หลัก การ ขาย ใน 
LOG (lattice-best-path[5.5.0~1494-e5a5]:main():lattice-best-path.cc:99) For utterance M0000000105_0082, best cost 91.1976 + 2715.47 = 2806.67 over 429 frames.
M0000000105_0082 มา จาก ไป เปิด หวาน ตรง สี แยก บัตร 
LOG (lattice-best-path[5.5.0~1494-e5a5]:main():lattice-best-path.cc:99) For utterance M0000000105_0083, best cost 42.1528 + 1689.39 = 1731.54 over 257 frames.
M0000000105_0083 ขัดยอก ขาย ใน 
LOG (lattice-best-path[5.5.0~1494-e5a5]:main():lattice-best-path.cc:99) For utterance M0000000105_0084, best cost 46.1926 + 1769.18 = 1815.37 over 271 frames.
M0000000105_0084 สะกดจิต เป็น ใน บาง 
LOG (lattice-best-path[5.5.0~1494-e5a5]:main():lattice-best-path.cc:99) For utterance M0000000105_0085, best cost 54.6702 + 2160.03 = 2214.7 over 335 frames.
M0000000105_0085 อาหาร ไม่ ได้ ดี ไม่ 
LOG (lattice-best-path[5.5.0~1494-e5a5]:main():lattice-best-path.cc:99) For utterance M0000000105_0086, best cost 55.5241 + 2112.46 = 2167.98 over 334 frames.
M0000000105_0086 ส่วนหนึ่ง ภายใต้ เลือก บอก 
LOG (lattice-best-path[5.5.0~1494-e5a5]:main():lattice-best-path.cc:99) For utterance M0000000105_0087, best cost 48.6403 + 1677.37 = 1726.01 over 259 frames.
M0000000105_0087 เตือน ใน รูป ได้ ไม่ 
LOG (lattice-best-path[5.5.0~1494-e5a5]:main():lattice-best-path.cc:99) For utterance M0000000105_0088, best cost 51.3844 + 2011.76 = 2063.15 over 295 frames.
M0000000105_0088 ใช้ ถูก นอกจาก ที่ ได้ 
LOG (lattice-best-path[5.5.0~1494-e5a5]:main():lattice-best-path.cc:99) For utterance M0000000105_0089, best cost 51.7911 + 1637.6 = 1689.39 over 249 frames.
M0000000105_0089 ต้อง ใส่ น้ำตาล ชง 
LOG (lattice-best-path[5.5.0~1494-e5a5]:main():lattice-best-path.cc:99) For utterance M0000000105_0090, best cost 59.7156 + 2131.35 = 2191.06 over 328 frames.
M0000000105_0090 ทำ ลูกกลอน และ ใน เรื่อง ศัพท์ 
LOG (lattice-best-path[5.5.0~1494-e5a5]:main():lattice-best-path.cc:99) For utterance M0000000105_0091, best cost 50.7697 + 1722.93 = 1773.7 over 263 frames.
M0000000105_0091 ใส่ ศูนย์สูตร โลก หรือ เปราะ 
LOG (lattice-best-path[5.5.0~1494-e5a5]:main():lattice-best-path.cc:99) For utterance M0000000105_0092, best cost 39.2462 + 1492.18 = 1531.42 over 230 frames.
M0000000105_0092 ไซ หู หรือ ป้อน 
LOG (lattice-best-path[5.5.0~1494-e5a5]:main():lattice-best-path.cc:99) For utterance M0000000105_0093, best cost 50.8767 + 1850.91 = 1901.79 over 289 frames.
M0000000105_0093 แคระแกร็น ฝ่าย จะ หนึ่ง 
LOG (lattice-best-path[5.5.0~1494-e5a5]:main():lattice-best-path.cc:99) For utterance M0000000105_0094, best cost 62.8907 + 3809.17 = 3872.06 over 615 frames.
M0000000105_0094 เอา ผล กล้วย คอก สาน หรือ 
LOG (lattice-best-path[5.5.0~1494-e5a5]:main():lattice-best-path.cc:99) For utterance M0000000105_0095, best cost 66.5155 + 2331.38 = 2397.9 over 363 frames.
M0000000105_0095 ทำ ด้วย น้อย สะดวก บาง ไม่ 
LOG (lattice-best-path[5.5.0~1494-e5a5]:main():lattice-best-path.cc:99) For utterance M0000000105_0096, best cost 60.5631 + 2152.88 = 2213.44 over 337 frames.
M0000000105_0096 โยธิน โป๊ะ เป็น ขึ้น ใหม่ อื่น 
LOG (lattice-best-path[5.5.0~1494-e5a5]:main():lattice-best-path.cc:99) For utterance M0000000105_0097, best cost 59.3756 + 1908.77 = 1968.15 over 294 frames.
M0000000105_0097 บาง ส่ง ที่ ข้าว ใน น้อย 
LOG (lattice-best-path[5.5.0~1494-e5a5]:main():lattice-best-path.cc:99) For utterance M0000000105_0098, best cost 79.3798 + 2516.77 = 2596.15 over 390 frames.
M0000000105_0098 มา ส่ง ให้ ที่ บาน ได้ บ่อยครั้ง 
LOG (lattice-best-path[5.5.0~1494-e5a5]:main():lattice-best-path.cc:99) For utterance M0000000105_0099, best cost 45.6183 + 1767.28 = 1812.89 over 273 frames.
M0000000105_0099 เดียว ลง ไป ออก รวง 
LOG (lattice-best-path[5.5.0~1494-e5a5]:main():lattice-best-path.cc:99) For utterance M0000000105_0100, best cost 62.3187 + 2319.59 = 2381.9 over 361 frames.
M0000000105_0100 นิยม เดิน ไป ออก ที่ นาน นัก 
LOG (lattice-best-path[5.5.0~1494-e5a5]:main():lattice-best-path.cc:99) For utterance M0000000105_0101, best cost 90.0463 + 3557.04 = 3647.08 over 544 frames.
M0000000105_0101 อยู่ สายตา ของ เรา อะไร ก็ได้ การ หนึ่ง 
LOG (lattice-best-path[5.5.0~1494-e5a5]:main():lattice-best-path.cc:99) For utterance M0000000107_0000, best cost 21.95 + 1569.69 = 1591.64 over 210 frames.
M0000000107_0000 ที่ 
LOG (lattice-best-path[5.5.0~1494-e5a5]:main():lattice-best-path.cc:99) For utterance M0000000107_0001, best cost 36.0281 + 3109.41 = 3145.44 over 423 frames.
M0000000107_0001 เพราะฉะนั้น การ 
LOG (lattice-best-path[5.5.0~1494-e5a5]:main():lattice-best-path.cc:99) For utterance M0000000107_0002, best cost 57.8158 + 2335.73 = 2393.55 over 325 frames.
M0000000107_0002 เออออ เท่าไร แคร่ นั่ง เล่น การ 
LOG (lattice-best-path[5.5.0~1494-e5a5]:main():lattice-best-path.cc:99) For utterance M0000000107_0003, best cost 34.5545 + 1918.02 = 1952.58 over 276 frames.
M0000000107_0003 ค้น ตาม ทะเล 
LOG (lattice-best-path[5.5.0~1494-e5a5]:main():lattice-best-path.cc:99) For utterance M0000000107_0004, best cost 38.0104 + 1865.64 = 1903.65 over 260 frames.
M0000000107_0004 เขา ทำให้ อาการ 
LOG (lattice-best-path[5.5.0~1494-e5a5]:main():lattice-best-path.cc:99) For utterance M0000000107_0005, best cost 40.9109 + 1739.73 = 1780.64 over 236 frames.
M0000000107_0005 เออออ ไป ใช้ ทาง 
LOG (lattice-best-path[5.5.0~1494-e5a5]:main():lattice-best-path.cc:99) For utterance M0000000107_0006, best cost 26.7362 + 1332.4 = 1359.14 over 177 frames.
M0000000107_0006 ผล หลงลืม 
LOG (lattice-best-path[5.5.0~1494-e5a5]:main():lattice-best-path.cc:99) For utterance M0000000107_0007, best cost 40.9666 + 1498.46 = 1539.42 over 207 frames.
M0000000107_0007 นั้น เช่น เอา เท่านั้น 
LOG (lattice-best-path[5.5.0~1494-e5a5]:main():lattice-best-path.cc:99) For utterance M0000000107_0008, best cost 49.3037 + 1933.69 = 1983 over 266 frames.
M0000000107_0008 นำเอา เล่น นอน ทั้งสอง 
LOG (lattice-best-path[5.5.0~1494-e5a5]:main():lattice-best-path.cc:99) For utterance M0000000107_0009, best cost 32.0823 + 1730.33 = 1762.41 over 239 frames.
M0000000107_0009 ของ แคร่ นั่ง เล่น 
LOG (lattice-best-path[5.5.0~1494-e5a5]:main():lattice-best-path.cc:99) For utterance M0000000107_0010, best cost 26.2629 + 1672.69 = 1698.95 over 244 frames.
M0000000107_0010 ของ ร้อน 
LOG (lattice-best-path[5.5.0~1494-e5a5]:main():lattice-best-path.cc:99) For utterance M0000000107_0011, best cost 31.2781 + 1323.48 = 1354.76 over 176 frames.
M0000000107_0011 อาหาร สำหรับ 
LOG (lattice-best-path[5.5.0~1494-e5a5]:main():lattice-best-path.cc:99) For utterance M0000000107_0012, best cost 29.6496 + 1675.66 = 1705.31 over 230 frames.
M0000000107_0012 กำหนด ยิ่งขึ้น 
LOG (lattice-best-path[5.5.0~1494-e5a5]:main():lattice-best-path.cc:99) For utterance M0000000107_0013, best cost 63.4439 + 3183.79 = 3247.23 over 430 frames.
M0000000107_0013 ต้อง พื้นที่ ถ่องแท้ ของ ค่ำคืน 
LOG (lattice-best-path[5.5.0~1494-e5a5]:main():lattice-best-path.cc:99) For utterance M0000000107_0014, best cost 28.1782 + 1603.86 = 1632.04 over 219 frames.
M0000000107_0014 ขอม โบราณ ที่ 
LOG (lattice-best-path[5.5.0~1494-e5a5]:main():lattice-best-path.cc:99) For utterance M0000000107_0015, best cost 41.9136 + 1648.02 = 1689.93 over 224 frames.
M0000000107_0015 ของ แมงป่อง นำ มา 
LOG (lattice-best-path[5.5.0~1494-e5a5]:main():lattice-best-path.cc:99) For utterance M0000000107_0016, best cost 36.0003 + 2027.72 = 2063.72 over 265 frames.
M0000000107_0016 ของ งามเจตนรมณ์ และ 
LOG (lattice-best-path[5.5.0~1494-e5a5]:main():lattice-best-path.cc:99) For utterance M0000000107_0017, best cost 30.598 + 1573.45 = 1604.05 over 219 frames.
M0000000107_0017 ของ มาตรเวลา 
LOG (lattice-best-path[5.5.0~1494-e5a5]:main():lattice-best-path.cc:99) For utterance M0000000107_0018, best cost 35.3919 + 1431.83 = 1467.22 over 197 frames.
M0000000107_0018 ของ เรา มี เท่านั้น 
LOG (lattice-best-path[5.5.0~1494-e5a5]:main():lattice-best-path.cc:99) For utterance M0000000107_0019, best cost 39.9321 + 1847.44 = 1887.37 over 253 frames.
M0000000107_0019 หลาย เป็นต้นมา มาก 
LOG (lattice-best-path[5.5.0~1494-e5a5]:main():lattice-best-path.cc:99) For utterance M0000000107_0020, best cost 15.3453 + 1361.74 = 1377.08 over 179 frames.
M0000000107_0020 
LOG (lattice-best-path[5.5.0~1494-e5a5]:main():lattice-best-path.cc:99) For utterance M0000000107_0021, best cost 21.6892 + 1292.82 = 1314.51 over 174 frames.
M0000000107_0021 คล้ายคลึง กัน 
LOG (lattice-best-path[5.5.0~1494-e5a5]:main():lattice-best-path.cc:99) For utterance M0000000107_0022, best cost 28.4394 + 1994.85 = 2023.29 over 282 frames.
M0000000107_0022 ขึ้นมา ไม่ ทัน 
LOG (lattice-best-path[5.5.0~1494-e5a5]:main():lattice-best-path.cc:99) For utterance M0000000107_0023, best cost 27.722 + 2150.18 = 2177.9 over 295 frames.
M0000000107_0023 ไขราหน้าจั่ว 
LOG (lattice-best-path[5.5.0~1494-e5a5]:main():lattice-best-path.cc:99) For utterance M0000000107_0024, best cost 35.8352 + 1348.28 = 1384.12 over 188 frames.
M0000000107_0024 ของ เครื่องบิน รอย 
LOG (lattice-best-path[5.5.0~1494-e5a5]:main():lattice-best-path.cc:99) For utterance M0000000107_0025, best cost 24.091 + 1185.66 = 1209.75 over 159 frames.
M0000000107_0025 เครื่อง ลง 
LOG (lattice-best-path[5.5.0~1494-e5a5]:main():lattice-best-path.cc:99) For utterance M0000000107_0026, best cost 37.6338 + 1716.37 = 1754.01 over 233 frames.
M0000000107_0026 มี กำลังส่ง ที่ ไม่ 
LOG (lattice-best-path[5.5.0~1494-e5a5]:main():lattice-best-path.cc:99) For utterance M0000000107_0027, best cost 41.1085 + 1861.54 = 1902.64 over 259 frames.
M0000000107_0027 รศ. ประเทศไทย นั้น จะ 
LOG (lattice-best-path[5.5.0~1494-e5a5]:main():lattice-best-path.cc:99) For utterance M0000000107_0028, best cost 41.3791 + 1817.55 = 1858.93 over 249 frames.
M0000000107_0028 ของ จึง เครื่องวัด เข้า 
LOG (lattice-best-path[5.5.0~1494-e5a5]:main():lattice-best-path.cc:99) For utterance M0000000107_0029, best cost 25.3297 + 1420.87 = 1446.2 over 202 frames.
M0000000107_0029 การ หาเลี้ยง 
LOG (lattice-best-path[5.5.0~1494-e5a5]:main():lattice-best-path.cc:99) For utterance M0000000107_0030, best cost 29.3135 + 1716.97 = 1746.28 over 236 frames.
M0000000107_0030 คง ฝรั่ง 
LOG (lattice-best-path[5.5.0~1494-e5a5]:main():lattice-best-path.cc:99) For utterance M0000000107_0031, best cost 42.0737 + 1693.04 = 1735.11 over 246 frames.
M0000000107_0031 อาหาร ตาราง ที่ ลง 
LOG (lattice-best-path[5.5.0~1494-e5a5]:main():lattice-best-path.cc:99) For utterance M0000000107_0032, best cost 34.086 + 2116.22 = 2150.3 over 297 frames.
M0000000107_0032 ดร. อีก มากมาย 
LOG (lattice-best-path[5.5.0~1494-e5a5]:main():lattice-best-path.cc:99) For utterance M0000000107_0033, best cost 20.3134 + 1447.98 = 1468.3 over 209 frames.
M0000000107_0033 รายละเอียด 
LOG (lattice-best-path[5.5.0~1494-e5a5]:main():lattice-best-path.cc:99) For utterance M0000000107_0034, best cost 20.5888 + 1158.85 = 1179.44 over 158 frames.
M0000000107_0034 อร่ามเหลือง 
LOG (lattice-best-path[5.5.0~1494-e5a5]:main():lattice-best-path.cc:99) For utterance M0000000107_0035, best cost 23.6534 + 1236.36 = 1260.01 over 181 frames.
M0000000107_0035 ระยะ แล้ว 
LOG (lattice-best-path[5.5.0~1494-e5a5]:main():lattice-best-path.cc:99) For utterance M0000000107_0036, best cost 38.7524 + 1394.51 = 1433.26 over 208 frames.
M0000000107_0036 ของ เปลี่ยนเป็น หนู 
LOG (lattice-best-path[5.5.0~1494-e5a5]:main():lattice-best-path.cc:99) For utterance M0000000107_0037, best cost 27.6392 + 1620.33 = 1647.97 over 230 frames.
M0000000107_0037 แล้ว แนวทาง 
LOG (lattice-best-path[5.5.0~1494-e5a5]:main():lattice-best-path.cc:99) For utterance M0000000107_0038, best cost 25.2164 + 1308.26 = 1333.47 over 174 frames.
M0000000107_0038 รุ่งอรุณ และ 
LOG (lattice-best-path[5.5.0~1494-e5a5]:main():lattice-best-path.cc:99) For utterance M0000000107_0039, best cost 30.7532 + 1659.21 = 1689.96 over 224 frames.
M0000000107_0039 ยา รส สามารถ 
LOG (lattice-best-path[5.5.0~1494-e5a5]:main():lattice-best-path.cc:99) For utterance M0000000107_0040, best cost 30.1211 + 1830.4 = 1860.52 over 257 frames.
M0000000107_0040 ยา รส เท่านั้น 
LOG (lattice-best-path[5.5.0~1494-e5a5]:main():lattice-best-path.cc:99) For utterance M0000000107_0041, best cost 49.045 + 1918.18 = 1967.23 over 263 frames.
M0000000107_0041 เออออ พลเมือง โดย ไม่ 
LOG (lattice-best-path[5.5.0~1494-e5a5]:main():lattice-best-path.cc:99) For utterance M0000000107_0042, best cost 41.2242 + 1429.87 = 1471.09 over 201 frames.
M0000000107_0042 ยาก อย่างไร ถ่องแท้ 
LOG (lattice-best-path[5.5.0~1494-e5a5]:main():lattice-best-path.cc:99) For utterance M0000000107_0043, best cost 21.2915 + 1396.7 = 1417.99 over 189 frames.
M0000000107_0043 ฉลามลาย 
LOG (lattice-best-path[5.5.0~1494-e5a5]:main():lattice-best-path.cc:99) For utterance M0000000107_0044, best cost 22.1771 + 1338.55 = 1360.73 over 181 frames.
M0000000107_0044 ด้วย 
LOG (lattice-best-path[5.5.0~1494-e5a5]:main():lattice-best-path.cc:99) For utterance M0000000107_0045, best cost 28.4528 + 1836.17 = 1864.62 over 251 frames.
M0000000107_0045 กระดาษ เคลื่อนที่ ได้ 
LOG (lattice-best-path[5.5.0~1494-e5a5]:main():lattice-best-path.cc:99) For utterance M0000000107_0046, best cost 21.9308 + 1387.31 = 1409.24 over 194 frames.
M0000000107_0046 อธิบาย 
LOG (lattice-best-path[5.5.0~1494-e5a5]:main():lattice-best-path.cc:99) For utterance M0000000107_0047, best cost 34.2608 + 1527.55 = 1561.81 over 215 frames.
M0000000107_0047 แสดง การ เป็นหลัก 
LOG (lattice-best-path[5.5.0~1494-e5a5]:main():lattice-best-path.cc:99) For utterance M0000000107_0048, best cost 42.878 + 1737.83 = 1780.7 over 237 frames.
M0000000107_0048 มี กงล้อ ทั้ง ภายใน 
LOG (lattice-best-path[5.5.0~1494-e5a5]:main():lattice-best-path.cc:99) For utterance M0000000107_0049, best cost 27.8456 + 1204.28 = 1232.12 over 178 frames.
M0000000107_0049 เมื่อ ละเลย 
LOG (lattice-best-path[5.5.0~1494-e5a5]:main():lattice-best-path.cc:99) For utterance M0000000107_0050, best cost 31.1918 + 1395.04 = 1426.23 over 195 frames.
M0000000107_0050 ลง ทะเล มาก 
LOG (lattice-best-path[5.5.0~1494-e5a5]:main():lattice-best-path.cc:99) For utterance M0000000107_0051, best cost 31.4035 + 1370.56 = 1401.97 over 198 frames.
M0000000107_0051 ประจำวัน ข่าว 
LOG (lattice-best-path[5.5.0~1494-e5a5]:main():lattice-best-path.cc:99) For utterance M0000000107_0052, best cost 26.2488 + 1543.4 = 1569.65 over 215 frames.
M0000000107_0052 เกล็ด ปลาไหล หาง 
LOG (lattice-best-path[5.5.0~1494-e5a5]:main():lattice-best-path.cc:99) For utterance M0000000107_0053, best cost 42.5394 + 1660.93 = 1703.47 over 229 frames.
M0000000107_0053 องค์ เดียว น้อย มาก นัก 
LOG (lattice-best-path[5.5.0~1494-e5a5]:main():lattice-best-path.cc:99) For utterance M0000000107_0054, best cost 21.6852 + 1179.69 = 1201.38 over 161 frames.
M0000000107_0054 อิเล็กตรอน 
LOG (lattice-best-path[5.5.0~1494-e5a5]:main():lattice-best-path.cc:99) For utterance M0000000107_0055, best cost 32.2468 + 1356.83 = 1389.08 over 193 frames.
M0000000107_0055 รหัส ของ ไว้ 
LOG (lattice-best-path[5.5.0~1494-e5a5]:main():lattice-best-path.cc:99) For utterance M0000000107_0056, best cost 52.4192 + 2480.7 = 2533.12 over 343 frames.
M0000000107_0056 ผิว ของ ร่างกาย ขึ้น อย่างไร 
LOG (lattice-best-path[5.5.0~1494-e5a5]:main():lattice-best-path.cc:99) For utterance M0000000107_0057, best cost 19.6978 + 1096.78 = 1116.48 over 163 frames.
M0000000107_0057 มั่นคง 
LOG (lattice-best-path[5.5.0~1494-e5a5]:main():lattice-best-path.cc:99) For utterance M0000000107_0058, best cost 28.5294 + 1304.71 = 1333.24 over 179 frames.
M0000000107_0058 หลังจากนั้น ไม่ 
LOG (lattice-best-path[5.5.0~1494-e5a5]:main():lattice-best-path.cc:99) For utterance M0000000107_0059, best cost 15.7801 + 1580.55 = 1596.33 over 220 frames.
M0000000107_0059 
LOG (lattice-best-path[5.5.0~1494-e5a5]:main():lattice-best-path.cc:99) For utterance M0000000107_0060, best cost 29.3632 + 2301.16 = 2330.52 over 320 frames.
M0000000107_0060 และ ไม่ 
LOG (lattice-best-path[5.5.0~1494-e5a5]:main():lattice-best-path.cc:99) For utterance M0000000107_0061, best cost 35.813 + 1589.25 = 1625.06 over 233 frames.
M0000000107_0061 กลไก เป็น วัย ของ 
LOG (lattice-best-path[5.5.0~1494-e5a5]:main():lattice-best-path.cc:99) For utterance M0000000107_0062, best cost 36.0076 + 1327.71 = 1363.72 over 192 frames.
M0000000107_0062 มี ท่องเที่ยว ไม่ 
LOG (lattice-best-path[5.5.0~1494-e5a5]:main():lattice-best-path.cc:99) For utterance M0000000107_0063, best cost 49.3569 + 1541.87 = 1591.22 over 228 frames.
M0000000107_0063 เร็ว ตัวเมีย รอย ไม่ 
LOG (lattice-best-path[5.5.0~1494-e5a5]:main():lattice-best-path.cc:99) For utterance M0000000107_0064, best cost 23.4501 + 1233.07 = 1256.52 over 176 frames.
M0000000107_0064 คลอไรด์ ซิเทรต 
LOG (lattice-best-path[5.5.0~1494-e5a5]:main():lattice-best-path.cc:99) For utterance M0000000107_0065, best cost 40.6092 + 1610.62 = 1651.23 over 216 frames.
M0000000107_0065 ของ ที่ ถูก รอย 
LOG (lattice-best-path[5.5.0~1494-e5a5]:main():lattice-best-path.cc:99) For utterance M0000000107_0066, best cost 17.8788 + 1441.61 = 1459.48 over 192 frames.
M0000000107_0066 เพราะ 
LOG (lattice-best-path[5.5.0~1494-e5a5]:main():lattice-best-path.cc:99) For utterance M0000000107_0067, best cost 33.0654 + 1446.31 = 1479.38 over 201 frames.
M0000000107_0067 ของ ลิ้นทะเล 
LOG (lattice-best-path[5.5.0~1494-e5a5]:main():lattice-best-path.cc:99) For utterance M0000000107_0068, best cost 33.444 + 2132.64 = 2166.09 over 298 frames.
M0000000107_0068 แคระแกร็น ต้องการ 
LOG (lattice-best-path[5.5.0~1494-e5a5]:main():lattice-best-path.cc:99) For utterance M0000000107_0069, best cost 28.5926 + 1339.06 = 1367.65 over 185 frames.
M0000000107_0069 วิธี อย่างไร 
LOG (lattice-best-path[5.5.0~1494-e5a5]:main():lattice-best-path.cc:99) For utterance M0000000107_0070, best cost 37.5269 + 1576.04 = 1613.57 over 228 frames.
M0000000107_0070 ของ เล็ก ลง น้อย ขึ้น 
LOG (lattice-best-path[5.5.0~1494-e5a5]:main():lattice-best-path.cc:99) For utterance M0000000107_0071, best cost 32.6294 + 1709.24 = 1741.87 over 229 frames.
M0000000107_0071 รายละเอียด โผล่ 
LOG (lattice-best-path[5.5.0~1494-e5a5]:main():lattice-best-path.cc:99) For utterance M0000000107_0072, best cost 31.6899 + 1941.46 = 1973.15 over 277 frames.
M0000000107_0072 ผลลัพธ์ ที่ ลดลง เรื่อย 
LOG (lattice-best-path[5.5.0~1494-e5a5]:main():lattice-best-path.cc:99) For utterance M0000000107_0073, best cost 49.5994 + 2060.9 = 2110.5 over 284 frames.
M0000000107_0073 ทำให้ ระหว่าง ร้านอาหาร บัตร 
LOG (lattice-best-path[5.5.0~1494-e5a5]:main():lattice-best-path.cc:99) For utterance M0000000107_0074, best cost 31.4339 + 1654.92 = 1686.35 over 228 frames.
M0000000107_0074 เพราะ เป็น เคลื่อนไหว 
LOG (lattice-best-path[5.5.0~1494-e5a5]:main():lattice-best-path.cc:99) For utterance M0000000107_0075, best cost 52.1186 + 2313.47 = 2365.59 over 320 frames.
M0000000107_0075 ยาฆ่าแมลง โดย อยู่ ให้ 
LOG (lattice-best-path[5.5.0~1494-e5a5]:main():lattice-best-path.cc:99) For utterance M0000000107_0076, best cost 39.402 + 1869.48 = 1908.89 over 248 frames.
M0000000107_0076 รายละเอียด อาจจะ ไม่ 
LOG (lattice-best-path[5.5.0~1494-e5a5]:main():lattice-best-path.cc:99) For utterance M0000000107_0077, best cost 58.2193 + 1986.38 = 2044.6 over 279 frames.
M0000000107_0077 และ มี ดังนั้น จะ แห่ง ใน ใน 
LOG (lattice-best-path[5.5.0~1494-e5a5]:main():lattice-best-path.cc:99) For utterance M0000000107_0078, best cost 45.5297 + 2129.25 = 2174.78 over 292 frames.
M0000000107_0078 ยา เสื้อกระบอก ให้โทษ 
LOG (lattice-best-path[5.5.0~1494-e5a5]:main():lattice-best-path.cc:99) For utterance M0000000107_0079, best cost 29.1379 + 1408.67 = 1437.81 over 193 frames.
M0000000107_0079 คล้ายคลึง กัน ไว้ 
LOG (lattice-best-path[5.5.0~1494-e5a5]:main():lattice-best-path.cc:99) For utterance M0000000107_0080, best cost 58.7669 + 2253.13 = 2311.89 over 306 frames.
M0000000107_0080 ยา รหัส บาง เกาะ ทำลาย 
LOG (lattice-best-path[5.5.0~1494-e5a5]:main():lattice-best-path.cc:99) For utterance M0000000107_0081, best cost 52.353 + 2520.88 = 2573.23 over 347 frames.
M0000000107_0081 เพราะ ช่วย สร้าง อย่างไร ภายใน 
LOG (lattice-best-path[5.5.0~1494-e5a5]:main():lattice-best-path.cc:99) For utterance M0000000107_0082, best cost 37.3465 + 2382.2 = 2419.54 over 329 frames.
M0000000107_0082 และ ระหว่าง กด คีย์บอร์ด 
LOG (lattice-best-path[5.5.0~1494-e5a5]:main():lattice-best-path.cc:99) For utterance M0000000107_0083, best cost 39.2045 + 1569.45 = 1608.65 over 208 frames.
M0000000107_0083 เคี่ยว ให้ ที่ ไม่ 
LOG (lattice-best-path[5.5.0~1494-e5a5]:main():lattice-best-path.cc:99) For utterance M0000000107_0084, best cost 37.6499 + 1553.22 = 1590.87 over 212 frames.
M0000000107_0084 ขึ้น เป็น หลักฐาน 
LOG (lattice-best-path[5.5.0~1494-e5a5]:main():lattice-best-path.cc:99) For utterance M0000000107_0085, best cost 33.7931 + 1646.45 = 1680.24 over 238 frames.
M0000000107_0085 ท่าทาง ไม่ ได้ อีกด้วย 
LOG (lattice-best-path[5.5.0~1494-e5a5]:main():lattice-best-path.cc:99) For utterance M0000000107_0086, best cost 41.8553 + 1706.58 = 1748.43 over 229 frames.
M0000000107_0086 อนึ่ง ขัดยอก เอา 
LOG (lattice-best-path[5.5.0~1494-e5a5]:main():lattice-best-path.cc:99) For utterance M0000000107_0087, best cost 43.1235 + 1565.27 = 1608.39 over 223 frames.
M0000000107_0087 เรียง ใน ลง ไป ไม่ 
LOG (lattice-best-path[5.5.0~1494-e5a5]:main():lattice-best-path.cc:99) For utterance M0000000107_0088, best cost 46.8791 + 1483.8 = 1530.67 over 206 frames.
M0000000107_0088 ใช้ หนู โอกาส ที่ ไม่ 
LOG (lattice-best-path[5.5.0~1494-e5a5]:main():lattice-best-path.cc:99) For utterance M0000000107_0089, best cost 42.7928 + 1286.89 = 1329.69 over 179 frames.
M0000000107_0089 กลไก น้ำตาล ที่ ของ 
LOG (lattice-best-path[5.5.0~1494-e5a5]:main():lattice-best-path.cc:99) For utterance M0000000107_0090, best cost 42.6452 + 1707.06 = 1749.71 over 241 frames.
M0000000107_0090 ทำ ใน รหัส 
LOG (lattice-best-path[5.5.0~1494-e5a5]:main():lattice-best-path.cc:99) For utterance M0000000107_0091, best cost 30.4441 + 1864.62 = 1895.06 over 258 frames.
M0000000107_0091 ใช้ หลัก 
LOG (lattice-best-path[5.5.0~1494-e5a5]:main():lattice-best-path.cc:99) For utterance M0000000107_0092, best cost 36.219 + 1231.26 = 1267.47 over 165 frames.
M0000000107_0092 ไซ หู ดึง เอา 
LOG (lattice-best-path[5.5.0~1494-e5a5]:main():lattice-best-path.cc:99) For utterance M0000000107_0093, best cost 34.3646 + 1494.9 = 1529.26 over 209 frames.
M0000000107_0093 เขา ทำให้ จำเป็น 
LOG (lattice-best-path[5.5.0~1494-e5a5]:main():lattice-best-path.cc:99) For utterance M0000000107_0094, best cost 38.5574 + 1430.96 = 1469.52 over 200 frames.
M0000000107_0094 เอา ผล ของ จำเป็น 
LOG (lattice-best-path[5.5.0~1494-e5a5]:main():lattice-best-path.cc:99) For utterance M0000000107_0095, best cost 43.5106 + 1948.9 = 1992.41 over 275 frames.
M0000000107_0095 คำนวณ รวดเร็ว กว่า หนึ่ง ไว้ 
LOG (lattice-best-path[5.5.0~1494-e5a5]:main():lattice-best-path.cc:99) For utterance M0000000107_0096, best cost 49.0272 + 1907.31 = 1956.34 over 264 frames.
M0000000107_0096 รูป ที่ โลหะ หลาย เล่น 
LOG (lattice-best-path[5.5.0~1494-e5a5]:main():lattice-best-path.cc:99) For utterance M0000000107_0097, best cost 38.4289 + 1575.5 = 1613.93 over 214 frames.
M0000000107_0097 กระทบ ที่ ออก รวง 
LOG (lattice-best-path[5.5.0~1494-e5a5]:main():lattice-best-path.cc:99) For utterance M0000000107_0098, best cost 48.9213 + 2255.92 = 2304.84 over 316 frames.
M0000000107_0098 รับส่ง ชิ้น บางๆ ได้รับ 
LOG (lattice-best-path[5.5.0~1494-e5a5]:main():lattice-best-path.cc:99) For utterance M0000000107_0099, best cost 26.5785 + 1434.97 = 1461.55 over 184 frames.
M0000000107_0099 โดย เข้า เครื่อง 
LOG (lattice-best-path[5.5.0~1494-e5a5]:main():lattice-best-path.cc:99) For utterance M0000000107_0100, best cost 39.8179 + 1624.4 = 1664.21 over 219 frames.
M0000000107_0100 เดียว เรา อร่ามเหลือง 
LOG (lattice-best-path[5.5.0~1494-e5a5]:main():lattice-best-path.cc:99) For utterance M0000000107_0101, best cost 65.6333 + 3108.78 = 3174.41 over 424 frames.
M0000000107_0101 เกรียงชัย รหัส แล้ว ไป ละเลย กัน 
LOG (lattice-best-path[5.5.0~1494-e5a5]:main():lattice-best-path.cc:99) For utterance M0000000124_0000, best cost 19.6922 + 1268.73 = 1288.42 over 203 frames.
M0000000124_0000 ที่ 
LOG (lattice-best-path[5.5.0~1494-e5a5]:main():lattice-best-path.cc:99) For utterance M0000000124_0001, best cost 46.2818 + 1952.16 = 1998.44 over 282 frames.
M0000000124_0001 ควร ที่รัก นั้น การ 
LOG (lattice-best-path[5.5.0~1494-e5a5]:main():lattice-best-path.cc:99) For utterance M0000000124_0002, best cost 39.9337 + 2147.93 = 2187.86 over 321 frames.
M0000000124_0002 เช่น กล่าวถึง การ 
LOG (lattice-best-path[5.5.0~1494-e5a5]:main():lattice-best-path.cc:99) For utterance M0000000124_0003, best cost 40.2504 + 1846.49 = 1886.74 over 284 frames.
M0000000124_0003 สำคัญ คลินิก ขึ้น 
LOG (lattice-best-path[5.5.0~1494-e5a5]:main():lattice-best-path.cc:99) For utterance M0000000124_0004, best cost 35.6197 + 1818.97 = 1854.59 over 267 frames.
M0000000124_0004 คลอไรด์ รองศาสตราจารย์ 
LOG (lattice-best-path[5.5.0~1494-e5a5]:main():lattice-best-path.cc:99) For utterance M0000000124_0005, best cost 37.7918 + 1811.73 = 1849.52 over 269 frames.
M0000000124_0005 ไซ หู การ 
LOG (lattice-best-path[5.5.0~1494-e5a5]:main():lattice-best-path.cc:99) For utterance M0000000124_0006, best cost 19.8447 + 1398.74 = 1418.58 over 204 frames.
M0000000124_0006 แคระแกร็น 
LOG (lattice-best-path[5.5.0~1494-e5a5]:main():lattice-best-path.cc:99) For utterance M0000000124_0007, best cost 14.9794 + 1226.94 = 1241.92 over 173 frames.
M0000000124_0007 
LOG (lattice-best-path[5.5.0~1494-e5a5]:main():lattice-best-path.cc:99) For utterance M0000000124_0008, best cost 25.9106 + 1705.61 = 1731.52 over 251 frames.
M0000000124_0008 ทรง 
LOG (lattice-best-path[5.5.0~1494-e5a5]:main():lattice-best-path.cc:99) For utterance M0000000124_0009, best cost 32.4124 + 1378.49 = 1410.9 over 199 frames.
M0000000124_0009 ข้อ นั้น เช่นกัน 
LOG (lattice-best-path[5.5.0~1494-e5a5]:main():lattice-best-path.cc:99) For utterance M0000000124_0010, best cost 28.7593 + 1463.19 = 1491.94 over 227 frames.
M0000000124_0010 ของ มอบหมาย 
LOG (lattice-best-path[5.5.0~1494-e5a5]:main():lattice-best-path.cc:99) For utterance M0000000124_0011, best cost 26.7911 + 1345.38 = 1372.17 over 199 frames.
M0000000124_0011 มา สังเคราะห์ 
LOG (lattice-best-path[5.5.0~1494-e5a5]:main():lattice-best-path.cc:99) For utterance M0000000124_0012, best cost 36.8309 + 1965.09 = 2001.92 over 287 frames.
M0000000124_0012 ศัตรู ที่ เรือน 
LOG (lattice-best-path[5.5.0~1494-e5a5]:main():lattice-best-path.cc:99) For utterance M0000000124_0013, best cost 49.0367 + 2529.25 = 2578.29 over 371 frames.
M0000000124_0013 ที่ ของ เลเซอร์ ทำ ขึ้น 
LOG (lattice-best-path[5.5.0~1494-e5a5]:main():lattice-best-path.cc:99) For utterance M0000000124_0014, best cost 34.0626 + 1972.37 = 2006.43 over 302 frames.
M0000000124_0014 เพราะ ตัวแปร ที่ 
LOG (lattice-best-path[5.5.0~1494-e5a5]:main():lattice-best-path.cc:99) For utterance M0000000124_0015, best cost 38.4853 + 1708.99 = 1747.48 over 264 frames.
M0000000124_0015 ข้อ นั้น จะ นาน นัก 
LOG (lattice-best-path[5.5.0~1494-e5a5]:main():lattice-best-path.cc:99) For utterance M0000000124_0016, best cost 42.589 + 1893.53 = 1936.12 over 278 frames.
M0000000124_0016 ข้อ นั้น จิระศักดิ์ และ 
LOG (lattice-best-path[5.5.0~1494-e5a5]:main():lattice-best-path.cc:99) For utterance M0000000124_0017, best cost 34.8711 + 1902.92 = 1937.79 over 302 frames.
M0000000124_0017 ข้อ นั้น เรื่อง 
LOG (lattice-best-path[5.5.0~1494-e5a5]:main():lattice-best-path.cc:99) For utterance M0000000124_0018, best cost 38.2968 + 1791.86 = 1830.16 over 275 frames.
M0000000124_0018 ครอบครัว ที่ ขโมย 
LOG (lattice-best-path[5.5.0~1494-e5a5]:main():lattice-best-path.cc:99) For utterance M0000000124_0019, best cost 43.0818 + 1414.38 = 1457.47 over 208 frames.
M0000000124_0019 คอ ยาว เป็นต้นมา หนัก 
LOG (lattice-best-path[5.5.0~1494-e5a5]:main():lattice-best-path.cc:99) For utterance M0000000124_0020, best cost 30.3814 + 1531.67 = 1562.05 over 228 frames.
M0000000124_0020 รู้จัก ใช้ ใน 
LOG (lattice-best-path[5.5.0~1494-e5a5]:main():lattice-best-path.cc:99) For utterance M0000000124_0021, best cost 28.5547 + 1426.52 = 1455.07 over 219 frames.
M0000000124_0021 ใน ที่ ชั้น 
LOG (lattice-best-path[5.5.0~1494-e5a5]:main():lattice-best-path.cc:99) For utterance M0000000124_0022, best cost 28.0428 + 1373.39 = 1401.43 over 207 frames.
M0000000124_0022 ทำ ได้ เมื่อ 
LOG (lattice-best-path[5.5.0~1494-e5a5]:main():lattice-best-path.cc:99) For utterance M0000000124_0023, best cost 27.1563 + 1929.81 = 1956.97 over 284 frames.
M0000000124_0023 ภายใน 
LOG (lattice-best-path[5.5.0~1494-e5a5]:main():lattice-best-path.cc:99) For utterance M0000000124_0024, best cost 36.4048 + 1868.65 = 1905.05 over 287 frames.
M0000000124_0024 ของ เครื่อง ผู้น้อย 
LOG (lattice-best-path[5.5.0~1494-e5a5]:main():lattice-best-path.cc:99) For utterance M0000000124_0025, best cost 20.9727 + 1085.16 = 1106.13 over 169 frames.
M0000000124_0025 นก 
LOG (lattice-best-path[5.5.0~1494-e5a5]:main():lattice-best-path.cc:99) For utterance M0000000124_0026, best cost 33.426 + 1784.93 = 1818.36 over 274 frames.
M0000000124_0026 มี ที่ ไม่ 
LOG (lattice-best-path[5.5.0~1494-e5a5]:main():lattice-best-path.cc:99) For utterance M0000000124_0027, best cost 33.0894 + 1536.22 = 1569.31 over 224 frames.
M0000000124_0027 ก็ สามารถ ค่าใช้จ่าย 
LOG (lattice-best-path[5.5.0~1494-e5a5]:main():lattice-best-path.cc:99) For utterance M0000000124_0028, best cost 36.9152 + 1670.03 = 1706.95 over 251 frames.
M0000000124_0028 ข้อ นั้น จิระศักดิ์ 
LOG (lattice-best-path[5.5.0~1494-e5a5]:main():lattice-best-path.cc:99) For utterance M0000000124_0029, best cost 22.25 + 1474.85 = 1497.1 over 221 frames.
M0000000124_0029 อย่าง 
LOG (lattice-best-path[5.5.0~1494-e5a5]:main():lattice-best-path.cc:99) For utterance M0000000124_0030, best cost 20.0051 + 1547.14 = 1567.15 over 236 frames.
M0000000124_0030 ระหว่าง 
LOG (lattice-best-path[5.5.0~1494-e5a5]:main():lattice-best-path.cc:99) For utterance M0000000124_0031, best cost 38.7251 + 1442.33 = 1481.05 over 212 frames.
M0000000124_0031 อาจจะ ไม่ ที่ ลง 
LOG (lattice-best-path[5.5.0~1494-e5a5]:main():lattice-best-path.cc:99) For utterance M0000000124_0032, best cost 37.451 + 1727.13 = 1764.58 over 260 frames.
M0000000124_0032 ต่อ โรค น้ำ ใน 
LOG (lattice-best-path[5.5.0~1494-e5a5]:main():lattice-best-path.cc:99) For utterance M0000000124_0033, best cost 28.9408 + 1262.93 = 1291.87 over 196 frames.
M0000000124_0033 ไม่ เกษตร 
LOG (lattice-best-path[5.5.0~1494-e5a5]:main():lattice-best-path.cc:99) For utterance M0000000124_0034, best cost 23.2817 + 1448.81 = 1472.09 over 230 frames.
M0000000124_0034 ป้อน คำสั่ง 
LOG (lattice-best-path[5.5.0~1494-e5a5]:main():lattice-best-path.cc:99) For utterance M0000000124_0035, best cost 19.8826 + 1486.85 = 1506.73 over 230 frames.
M0000000124_0035 แมลง 
LOG (lattice-best-path[5.5.0~1494-e5a5]:main():lattice-best-path.cc:99) For utterance M0000000124_0036, best cost 40.7901 + 1388.58 = 1429.37 over 212 frames.
M0000000124_0036 คอก เปลี่ยน ใน รูป 
LOG (lattice-best-path[5.5.0~1494-e5a5]:main():lattice-best-path.cc:99) For utterance M0000000124_0037, best cost 25.9519 + 1556.54 = 1582.49 over 239 frames.
M0000000124_0037 ไม่ รักษา 
LOG (lattice-best-path[5.5.0~1494-e5a5]:main():lattice-best-path.cc:99) For utterance M0000000124_0038, best cost 31.0574 + 1420.6 = 1451.66 over 210 frames.
M0000000124_0038 ปลุกเร้า ยัง 
LOG (lattice-best-path[5.5.0~1494-e5a5]:main():lattice-best-path.cc:99) For utterance M0000000124_0039, best cost 21.9442 + 1935.37 = 1957.31 over 287 frames.
M0000000124_0039 และ 
LOG (lattice-best-path[5.5.0~1494-e5a5]:main():lattice-best-path.cc:99) For utterance M0000000124_0040, best cost 41.1465 + 1907.01 = 1948.16 over 279 frames.
M0000000124_0040 ยา ภัย ต่อ ซอฟต์แวร์ 
LOG (lattice-best-path[5.5.0~1494-e5a5]:main():lattice-best-path.cc:99) For utterance M0000000124_0041, best cost 48.3234 + 2275.1 = 2323.43 over 347 frames.
M0000000124_0041 ออก โต้ตอบ กัน มาก หรือ น้อย 
LOG (lattice-best-path[5.5.0~1494-e5a5]:main():lattice-best-path.cc:99) For utterance M0000000124_0042, best cost 35.4914 + 1908.97 = 1944.46 over 279 frames.
M0000000124_0042 ย่าน จะ ไป 
LOG (lattice-best-path[5.5.0~1494-e5a5]:main():lattice-best-path.cc:99) For utterance M0000000124_0043, best cost 28.833 + 1761.22 = 1790.05 over 275 frames.
M0000000124_0043 ทำมุม อย่างไร 
LOG (lattice-best-path[5.5.0~1494-e5a5]:main():lattice-best-path.cc:99) For utterance M0000000124_0044, best cost 21.2587 + 1566.75 = 1588.01 over 239 frames.
M0000000124_0044 โดย 
LOG (lattice-best-path[5.5.0~1494-e5a5]:main():lattice-best-path.cc:99) For utterance M0000000124_0045, best cost 37.01 + 1901.4 = 1938.41 over 287 frames.
M0000000124_0045 ระบาย เทคนิค ใน 
LOG (lattice-best-path[5.5.0~1494-e5a5]:main():lattice-best-path.cc:99) For utterance M0000000124_0046, best cost 30.2166 + 1300.49 = 1330.71 over 200 frames.
M0000000124_0046 ออก ที่ ไป 
LOG (lattice-best-path[5.5.0~1494-e5a5]:main():lattice-best-path.cc:99) For utterance M0000000124_0047, best cost 27.731 + 1965.16 = 1992.89 over 305 frames.
M0000000124_0047 จานสายอากาศ 
LOG (lattice-best-path[5.5.0~1494-e5a5]:main():lattice-best-path.cc:99) For utterance M0000000124_0048, best cost 30.4725 + 1779.83 = 1810.3 over 272 frames.
M0000000124_0048 มี โครงสร้าง ภายใน 
LOG (lattice-best-path[5.5.0~1494-e5a5]:main():lattice-best-path.cc:99) For utterance M0000000124_0049, best cost 39.5258 + 1540.73 = 1580.26 over 239 frames.
M0000000124_0049 ไม่ รอย เลย 
LOG (lattice-best-path[5.5.0~1494-e5a5]:main():lattice-best-path.cc:99) For utterance M0000000124_0050, best cost 34.9172 + 1862.35 = 1897.26 over 287 frames.
M0000000124_0050 เพราะ ชัดเจน มาก 
LOG (lattice-best-path[5.5.0~1494-e5a5]:main():lattice-best-path.cc:99) For utterance M0000000124_0051, best cost 33.2481 + 1412.69 = 1445.93 over 215 frames.
M0000000124_0051 ชัดเจน เป็น ข่าว 
LOG (lattice-best-path[5.5.0~1494-e5a5]:main():lattice-best-path.cc:99) For utterance M0000000124_0052, best cost 31.5969 + 1739.56 = 1771.16 over 269 frames.
M0000000124_0052 คลื่นไส้ สับ 
LOG (lattice-best-path[5.5.0~1494-e5a5]:main():lattice-best-path.cc:99) For utterance M0000000124_0053, best cost 42.8018 + 1868.14 = 1910.95 over 275 frames.
M0000000124_0053 วันนี้ อะไร สับ 
LOG (lattice-best-path[5.5.0~1494-e5a5]:main():lattice-best-path.cc:99) For utterance M0000000124_0054, best cost 30.1824 + 1602.29 = 1632.48 over 242 frames.
M0000000124_0054 ไว้ ก่อน 
LOG (lattice-best-path[5.5.0~1494-e5a5]:main():lattice-best-path.cc:99) For utterance M0000000124_0055, best cost 30.2556 + 1856.44 = 1886.7 over 284 frames.
M0000000124_0055 ทำให้ รอย 
LOG (lattice-best-path[5.5.0~1494-e5a5]:main():lattice-best-path.cc:99) For utterance M0000000124_0056, best cost 70.3111 + 2480.33 = 2550.64 over 362 frames.
M0000000124_0056 ทิ้ง ขึ้น การ รักษา ถึง เดียวกัน ใน 
LOG (lattice-best-path[5.5.0~1494-e5a5]:main():lattice-best-path.cc:99) For utterance M0000000124_0057, best cost 32.1777 + 1834.03 = 1866.21 over 287 frames.
M0000000124_0057 ไม่ ต้อง ของ 
LOG (lattice-best-path[5.5.0~1494-e5a5]:main():lattice-best-path.cc:99) For utterance M0000000124_0058, best cost 27.995 + 1859.06 = 1887.05 over 284 frames.
M0000000124_0058 ลักษณะ ใน 
LOG (lattice-best-path[5.5.0~1494-e5a5]:main():lattice-best-path.cc:99) For utterance M0000000124_0059, best cost 35.6806 + 2006.32 = 2042 over 299 frames.
M0000000124_0059 กระดอง สัตว์ ร้าย 
LOG (lattice-best-path[5.5.0~1494-e5a5]:main():lattice-best-path.cc:99) For utterance M0000000124_0060, best cost 43.3863 + 2021.35 = 2064.74 over 291 frames.
M0000000124_0060 ต้ม การ ต้ม อัตรา น้อย 
LOG (lattice-best-path[5.5.0~1494-e5a5]:main():lattice-best-path.cc:99) For utterance M0000000124_0061, best cost 27.8613 + 1842.84 = 1870.7 over 281 frames.
M0000000124_0061 กลไก การ รักษา 
LOG (lattice-best-path[5.5.0~1494-e5a5]:main():lattice-best-path.cc:99) For utterance M0000000124_0062, best cost 31.6507 + 1678.88 = 1710.53 over 252 frames.
M0000000124_0062 นี้ ร้องเพลง ได้ 
LOG (lattice-best-path[5.5.0~1494-e5a5]:main():lattice-best-path.cc:99) For utterance M0000000124_0063, best cost 51.3049 + 1922.06 = 1973.37 over 296 frames.
M0000000124_0063 ไม่ รู้ นี้ อะไร ไม่ 
LOG (lattice-best-path[5.5.0~1494-e5a5]:main():lattice-best-path.cc:99) For utterance M0000000124_0064, best cost 32.5609 + 1942.38 = 1974.94 over 267 frames.
M0000000124_0064 ของ รังสี 
LOG (lattice-best-path[5.5.0~1494-e5a5]:main():lattice-best-path.cc:99) For utterance M0000000124_0065, best cost 50.9735 + 1986.98 = 2037.95 over 294 frames.
M0000000124_0065 ก็ จะ ชุบ เริ่ม น้อย 
LOG (lattice-best-path[5.5.0~1494-e5a5]:main():lattice-best-path.cc:99) For utterance M0000000124_0066, best cost 54.1645 + 1717.05 = 1771.22 over 260 frames.
M0000000124_0066 ตัด เทียบ หมด ขับ 
LOG (lattice-best-path[5.5.0~1494-e5a5]:main():lattice-best-path.cc:99) For utterance M0000000124_0067, best cost 37.4207 + 1950.39 = 1987.82 over 285 frames.
M0000000124_0067 ของ มี การ หนึ่ง 
LOG (lattice-best-path[5.5.0~1494-e5a5]:main():lattice-best-path.cc:99) For utterance M0000000124_0068, best cost 33.3941 + 2115.74 = 2149.14 over 318 frames.
M0000000124_0068 ข้อจำกัด ของ การ 
LOG (lattice-best-path[5.5.0~1494-e5a5]:main():lattice-best-path.cc:99) For utterance M0000000124_0069, best cost 42.08 + 2066.18 = 2108.26 over 302 frames.
M0000000124_0069 มี ที่ ละเมอ ไม่ 
LOG (lattice-best-path[5.5.0~1494-e5a5]:main():lattice-best-path.cc:99) For utterance M0000000124_0070, best cost 39.005 + 1809.77 = 1848.78 over 278 frames.
M0000000124_0070 พอ มี อยู่ ใน สี 
LOG (lattice-best-path[5.5.0~1494-e5a5]:main():lattice-best-path.cc:99) For utterance M0000000124_0071, best cost 47.5919 + 1817.14 = 1864.73 over 278 frames.
M0000000124_0071 การ นี้ มี โค อีกด้วย 
LOG (lattice-best-path[5.5.0~1494-e5a5]:main():lattice-best-path.cc:99) For utterance M0000000124_0072, best cost 49.0824 + 1623.13 = 1672.21 over 236 frames.
M0000000124_0072 ควร ที่ ไม่ ทัน โดย ไม่ 
LOG (lattice-best-path[5.5.0~1494-e5a5]:main():lattice-best-path.cc:99) For utterance M0000000124_0073, best cost 51.4823 + 2687.65 = 2739.13 over 398 frames.
M0000000124_0073 ทำให้ ระหว่าง ทำ พัฒนา 
LOG (lattice-best-path[5.5.0~1494-e5a5]:main():lattice-best-path.cc:99) For utterance M0000000124_0074, best cost 33.2377 + 1781.5 = 1814.74 over 273 frames.
M0000000124_0074 รับ ไม่ 
LOG (lattice-best-path[5.5.0~1494-e5a5]:main():lattice-best-path.cc:99) For utterance M0000000124_0075, best cost 57.4812 + 2263.03 = 2320.51 over 330 frames.
M0000000124_0075 จาก สมการ ต้อง อายุ เท่าไร 
LOG (lattice-best-path[5.5.0~1494-e5a5]:main():lattice-best-path.cc:99) For utterance M0000000124_0076, best cost 52.8104 + 2295.25 = 2348.06 over 353 frames.
M0000000124_0076 อย่างไร เกณฑ์ การ รับ ไม่ 
LOG (lattice-best-path[5.5.0~1494-e5a5]:main():lattice-best-path.cc:99) For utterance M0000000124_0077, best cost 60.9741 + 2314.21 = 2375.18 over 344 frames.
M0000000124_0077 ไม่ มี ตลับ จาน แผ่นดิน ไม่ 
LOG (lattice-best-path[5.5.0~1494-e5a5]:main():lattice-best-path.cc:99) For utterance M0000000124_0078, best cost 45.441 + 2450.21 = 2495.65 over 350 frames.
M0000000124_0078 ยาก ต่อ สัตว์ ร้าย 
LOG (lattice-best-path[5.5.0~1494-e5a5]:main():lattice-best-path.cc:99) For utterance M0000000124_0079, best cost 38.7041 + 1642.3 = 1681 over 252 frames.
M0000000124_0079 เขา เป็น ใช้ ใหม่ 
LOG (lattice-best-path[5.5.0~1494-e5a5]:main():lattice-best-path.cc:99) For utterance M0000000124_0080, best cost 69.2984 + 2565.16 = 2634.46 over 374 frames.
M0000000124_0080 ยาว เปิด สาขา บาง ต้อง ทำ ให้ 
LOG (lattice-best-path[5.5.0~1494-e5a5]:main():lattice-best-path.cc:99) For utterance M0000000124_0081, best cost 49.282 + 2715.94 = 2765.22 over 404 frames.
M0000000124_0081 เพราะ ช่วย สร้าง จะ ได้ ขโมย 
LOG (lattice-best-path[5.5.0~1494-e5a5]:main():lattice-best-path.cc:99) For utterance M0000000124_0082, best cost 67.7183 + 2527.93 = 2595.65 over 368 frames.
M0000000124_0082 และ จะ ไป เกิด การ ตรง ที่ แยก บัตร 
LOG (lattice-best-path[5.5.0~1494-e5a5]:main():lattice-best-path.cc:99) For utterance M0000000124_0083, best cost 45.1668 + 1904.32 = 1949.48 over 275 frames.
M0000000124_0083 กล้วย เกี่ยวข้อง ที่ ไม่ 
LOG (lattice-best-path[5.5.0~1494-e5a5]:main():lattice-best-path.cc:99) For utterance M0000000124_0084, best cost 41.007 + 2112.99 = 2154 over 312 frames.
M0000000124_0084 ที่ เป็น ใน บาง 
LOG (lattice-best-path[5.5.0~1494-e5a5]:main():lattice-best-path.cc:99) For utterance M0000000124_0085, best cost 45.318 + 2262.26 = 2307.58 over 344 frames.
M0000000124_0085 ถ้า เรา ได้ ที่ ไม่ 
LOG (lattice-best-path[5.5.0~1494-e5a5]:main():lattice-best-path.cc:99) For utterance M0000000124_0086, best cost 54.5516 + 1807.3 = 1861.85 over 269 frames.
M0000000124_0086 ว่า หนึ่ง จะ ได้ อยู่ เปล่าๆ 
LOG (lattice-best-path[5.5.0~1494-e5a5]:main():lattice-best-path.cc:99) For utterance M0000000124_0087, best cost 41.1192 + 1900.67 = 1941.79 over 284 frames.
M0000000124_0087 เปลี่ยน นโยบาย ไม่ 
LOG (lattice-best-path[5.5.0~1494-e5a5]:main():lattice-best-path.cc:99) For utterance M0000000124_0088, best cost 52.2004 + 2193.02 = 2245.23 over 332 frames.
M0000000124_0088 ใช้ หนูจิ๊ด จาก ที่ ใน 
LOG (lattice-best-path[5.5.0~1494-e5a5]:main():lattice-best-path.cc:99) For utterance M0000000124_0089, best cost 56.2373 + 2145.12 = 2201.36 over 329 frames.
M0000000124_0089 ต้อง สร้าง น้ำตาล ที่ ชง 
LOG (lattice-best-path[5.5.0~1494-e5a5]:main():lattice-best-path.cc:99) For utterance M0000000124_0090, best cost 43.6054 + 2186.57 = 2230.17 over 318 frames.
M0000000124_0090 ข้อมูล กระบืองาน หรือ สับ 
LOG (lattice-best-path[5.5.0~1494-e5a5]:main():lattice-best-path.cc:99) For utterance M0000000124_0091, best cost 39.6165 + 1945.81 = 1985.43 over 291 frames.
M0000000124_0091 ใส่ ลง สู่ รูปร่าง 
LOG (lattice-best-path[5.5.0~1494-e5a5]:main():lattice-best-path.cc:99) For utterance M0000000124_0092, best cost 30.0336 + 1692.61 = 1722.64 over 257 frames.
M0000000124_0092 ใส่ รูปร่าง 
LOG (lattice-best-path[5.5.0~1494-e5a5]:main():lattice-best-path.cc:99) For utterance M0000000124_0093, best cost 54.2858 + 1674.41 = 1728.7 over 251 frames.
M0000000124_0093 ออก เป็น ฝ่าย จาน หนึ่ง 
LOG (lattice-best-path[5.5.0~1494-e5a5]:main():lattice-best-path.cc:99) For utterance M0000000124_0094, best cost 41.217 + 1871.34 = 1912.56 over 279 frames.
M0000000124_0094 เอา ตรวจสอบ จำเป็น 
LOG (lattice-best-path[5.5.0~1494-e5a5]:main():lattice-best-path.cc:99) For utterance M0000000124_0095, best cost 51.7386 + 2156.3 = 2208.04 over 327 frames.
M0000000124_0095 ทำ ด้วย ชัยวัฒน์ ได้ ไม่ 
LOG (lattice-best-path[5.5.0~1494-e5a5]:main():lattice-best-path.cc:99) For utterance M0000000124_0096, best cost 49.3771 + 1916.72 = 1966.1 over 279 frames.
M0000000124_0096 รูป ที่ เป็น กิ่งไม้ หนึ่ง 
LOG (lattice-best-path[5.5.0~1494-e5a5]:main():lattice-best-path.cc:99) For utterance M0000000124_0097, best cost 53.6487 + 2190.03 = 2243.68 over 330 frames.
M0000000124_0097 บาง ส่วน ที่ ของ ให้ น้อย 
LOG (lattice-best-path[5.5.0~1494-e5a5]:main():lattice-best-path.cc:99) For utterance M0000000124_0098, best cost 69.7294 + 2271.22 = 2340.95 over 338 frames.
M0000000124_0098 มา ส่ง ให้ ที่ บันได มี ขลับ 
LOG (lattice-best-path[5.5.0~1494-e5a5]:main():lattice-best-path.cc:99) For utterance M0000000124_0099, best cost 47.874 + 1764.28 = 1812.15 over 260 frames.
M0000000124_0099 เดียว ลง ไป แล้ว ครบ 
LOG (lattice-best-path[5.5.0~1494-e5a5]:main():lattice-best-path.cc:99) For utterance M0000000124_0100, best cost 49.1469 + 2163.66 = 2212.81 over 327 frames.
M0000000124_0100 เดียว เป็น ที่รัก หนัก 
LOG (lattice-best-path[5.5.0~1494-e5a5]:main():lattice-best-path.cc:99) For utterance M0000000124_0101, best cost 72.9736 + 2740.21 = 2813.19 over 398 frames.
M0000000124_0101 อยู่ ใช้ ก๊าซ ของเหลว ไอ จะ ได้ ใจ หนึ่ง 
LOG (lattice-best-path[5.5.0~1494-e5a5]:main():lattice-best-path.cc:99) For utterance M0000000131_0000, best cost 30.3485 + 2260.67 = 2291.01 over 338 frames.
M0000000131_0000 กรุ 
LOG (lattice-best-path[5.5.0~1494-e5a5]:main():lattice-best-path.cc:99) For utterance M0000000131_0001, best cost 48.5714 + 3448.1 = 3496.67 over 491 frames.
M0000000131_0001 แท่ง รู กว้าง 
LOG (lattice-best-path[5.5.0~1494-e5a5]:main():lattice-best-path.cc:99) For utterance M0000000131_0002, best cost 53.2433 + 3342.55 = 3395.79 over 464 frames.
M0000000131_0002 โต เพราะ ร้อน 
LOG (lattice-best-path[5.5.0~1494-e5a5]:main():lattice-best-path.cc:99) For utterance M0000000131_0003, best cost 34.5038 + 2422.73 = 2457.23 over 328 frames.
M0000000131_0003 อีกครั้ง 
LOG (lattice-best-path[5.5.0~1494-e5a5]:main():lattice-best-path.cc:99) For utterance M0000000131_0004, best cost 48.862 + 2628.28 = 2677.14 over 384 frames.
M0000000131_0004 ของ เขา กับ หมู่คณะ 
LOG (lattice-best-path[5.5.0~1494-e5a5]:main():lattice-best-path.cc:99) For utterance M0000000131_0005, best cost 48.3189 + 2776.67 = 2824.99 over 396 frames.
M0000000131_0005 ออกรวง นั้น ไซ หู 
LOG (lattice-best-path[5.5.0~1494-e5a5]:main():lattice-best-path.cc:99) For utterance M0000000131_0006, best cost 36.141 + 2229.29 = 2265.43 over 332 frames.
M0000000131_0006 คง ขั้วโลกเหนือ 
LOG (lattice-best-path[5.5.0~1494-e5a5]:main():lattice-best-path.cc:99) For utterance M0000000131_0007, best cost 28.9139 + 1919.92 = 1948.83 over 284 frames.
M0000000131_0007 ฯลฯ 
LOG (lattice-best-path[5.5.0~1494-e5a5]:main():lattice-best-path.cc:99) For utterance M0000000131_0008, best cost 42.3596 + 2012.48 = 2054.84 over 284 frames.
M0000000131_0008 กัน ประมาณ ทั้งสอง 
LOG (lattice-best-path[5.5.0~1494-e5a5]:main():lattice-best-path.cc:99) For utterance M0000000131_0009, best cost 40.9116 + 1854.49 = 1895.41 over 270 frames.
M0000000131_0009 แท่ง ของแข็ง ก๊าซ หรือ 
LOG (lattice-best-path[5.5.0~1494-e5a5]:main():lattice-best-path.cc:99) For utterance M0000000131_0010, best cost 29.4108 + 1929.33 = 1958.74 over 287 frames.
M0000000131_0010 ของ น้อย 
LOG (lattice-best-path[5.5.0~1494-e5a5]:main():lattice-best-path.cc:99) For utterance M0000000131_0011, best cost 32.8892 + 1479.88 = 1512.77 over 210 frames.
M0000000131_0011 รหัส ของ ครั้ง 
LOG (lattice-best-path[5.5.0~1494-e5a5]:main():lattice-best-path.cc:99) For utterance M0000000131_0012, best cost 39.0383 + 1432.86 = 1471.9 over 200 frames.
M0000000131_0012 อักษร ลง เที่ยว เครื่อง 
LOG (lattice-best-path[5.5.0~1494-e5a5]:main():lattice-best-path.cc:99) For utterance M0000000131_0013, best cost 42.703 + 1934.51 = 1977.21 over 250 frames.
M0000000131_0013 จนถึง ที่รัก หลงลืม 
LOG (lattice-best-path[5.5.0~1494-e5a5]:main():lattice-best-path.cc:99) For utterance M0000000131_0014, best cost 38.0372 + 1717.53 = 1755.57 over 238 frames.
M0000000131_0014 อักษร โอกาส ที่ 
LOG (lattice-best-path[5.5.0~1494-e5a5]:main():lattice-best-path.cc:99) For utterance M0000000131_0015, best cost 34.5103 + 1440.31 = 1474.82 over 195 frames.
M0000000131_0015 ข้อ นั้น เรื่อง มาก 
LOG (lattice-best-path[5.5.0~1494-e5a5]:main():lattice-best-path.cc:99) For utterance M0000000131_0016, best cost 44.8667 + 1470.67 = 1515.54 over 195 frames.
M0000000131_0016 อัน แคระแกร็น ไพเราะ มาก 
LOG (lattice-best-path[5.5.0~1494-e5a5]:main():lattice-best-path.cc:99) For utterance M0000000131_0017, best cost 29.2178 + 1393.62 = 1422.84 over 190 frames.
M0000000131_0017 แคระแกร็น และ 
LOG (lattice-best-path[5.5.0~1494-e5a5]:main():lattice-best-path.cc:99) For utterance M0000000131_0018, best cost 33.5271 + 1418.93 = 1452.46 over 188 frames.
M0000000131_0018 จอมอนิเตอร์ มอง 
LOG (lattice-best-path[5.5.0~1494-e5a5]:main():lattice-best-path.cc:99) For utterance M0000000131_0019, best cost 34.6822 + 1352.6 = 1387.28 over 181 frames.
M0000000131_0019 อักษร และ ต่อมา 
LOG (lattice-best-path[5.5.0~1494-e5a5]:main():lattice-best-path.cc:99) For utterance M0000000131_0020, best cost 14.8138 + 1287.42 = 1302.24 over 166 frames.
M0000000131_0020 
LOG (lattice-best-path[5.5.0~1494-e5a5]:main():lattice-best-path.cc:99) For utterance M0000000131_0021, best cost 32.6809 + 1282.74 = 1315.42 over 174 frames.
M0000000131_0021 อะไร กี่ จาก 
LOG (lattice-best-path[5.5.0~1494-e5a5]:main():lattice-best-path.cc:99) For utterance M0000000131_0022, best cost 28.5681 + 1397.54 = 1426.11 over 193 frames.
M0000000131_0022 เอาชนะ และ 
LOG (lattice-best-path[5.5.0~1494-e5a5]:main():lattice-best-path.cc:99) For utterance M0000000131_0023, best cost 51.3539 + 1940.6 = 1991.96 over 257 frames.
M0000000131_0023 อะไร มั่นคง สมัย 
LOG (lattice-best-path[5.5.0~1494-e5a5]:main():lattice-best-path.cc:99) For utterance M0000000131_0024, best cost 30.7944 + 1416.31 = 1447.11 over 190 frames.
M0000000131_0024 อักษร กระรอก 
LOG (lattice-best-path[5.5.0~1494-e5a5]:main():lattice-best-path.cc:99) For utterance M0000000131_0025, best cost 17.9924 + 994.891 = 1012.88 over 132 frames.
M0000000131_0025 ออก 
LOG (lattice-best-path[5.5.0~1494-e5a5]:main():lattice-best-path.cc:99) For utterance M0000000131_0026, best cost 31.5392 + 1768.9 = 1800.44 over 223 frames.
M0000000131_0026 ที่ ไม่ 
LOG (lattice-best-path[5.5.0~1494-e5a5]:main():lattice-best-path.cc:99) For utterance M0000000131_0027, best cost 41.2173 + 2278.2 = 2319.42 over 306 frames.
M0000000131_0027 เพราะ พ้อง เสือทะเล ราก 
LOG (lattice-best-path[5.5.0~1494-e5a5]:main():lattice-best-path.cc:99) For utterance M0000000131_0028, best cost 34.3777 + 1423.19 = 1457.57 over 186 frames.
M0000000131_0028 อักษร จิระศักดิ์ 
LOG (lattice-best-path[5.5.0~1494-e5a5]:main():lattice-best-path.cc:99) For utterance M0000000131_0029, best cost 16.1655 + 1119.61 = 1135.77 over 152 frames.
M0000000131_0029 
LOG (lattice-best-path[5.5.0~1494-e5a5]:main():lattice-best-path.cc:99) For utterance M0000000131_0030, best cost 24.6602 + 1632.35 = 1657.01 over 224 frames.
M0000000131_0030 ออก รวง 
LOG (lattice-best-path[5.5.0~1494-e5a5]:main():lattice-best-path.cc:99) For utterance M0000000131_0031, best cost 29.5801 + 1243.11 = 1272.69 over 165 frames.
M0000000131_0031 อะไร อยู่ 
LOG (lattice-best-path[5.5.0~1494-e5a5]:main():lattice-best-path.cc:99) For utterance M0000000131_0032, best cost 26.9861 + 1376.4 = 1403.38 over 195 frames.
M0000000131_0032 โดย ละเลย 
LOG (lattice-best-path[5.5.0~1494-e5a5]:main():lattice-best-path.cc:99) For utterance M0000000131_0033, best cost 24.772 + 1065.2 = 1089.98 over 145 frames.
M0000000131_0033 อะไร 
LOG (lattice-best-path[5.5.0~1494-e5a5]:main():lattice-best-path.cc:99) For utterance M0000000131_0034, best cost 26.6232 + 1547.08 = 1573.7 over 227 frames.
M0000000131_0034 ร้อน 
LOG (lattice-best-path[5.5.0~1494-e5a5]:main():lattice-best-path.cc:99) For utterance M0000000131_0035, best cost 16.4187 + 1040.95 = 1057.37 over 140 frames.
M0000000131_0035 แล้ว 
LOG (lattice-best-path[5.5.0~1494-e5a5]:main():lattice-best-path.cc:99) For utterance M0000000131_0036, best cost 40.7295 + 1324.78 = 1365.51 over 178 frames.
M0000000131_0036 อัน ของเหลว อยู่ 
LOG (lattice-best-path[5.5.0~1494-e5a5]:main():lattice-best-path.cc:99) For utterance M0000000131_0037, best cost 27.6275 + 1059.83 = 1087.45 over 144 frames.
M0000000131_0037 อนุเคราะห์ ของ 
LOG (lattice-best-path[5.5.0~1494-e5a5]:main():lattice-best-path.cc:99) For utterance M0000000131_0038, best cost 39.4989 + 2053.85 = 2093.35 over 279 frames.
M0000000131_0038 ออก รวง ขั้วโลก 
LOG (lattice-best-path[5.5.0~1494-e5a5]:main():lattice-best-path.cc:99) For utterance M0000000131_0039, best cost 35.9414 + 1458.89 = 1494.83 over 197 frames.
M0000000131_0039 เอะอะ เรา สามารถ 
LOG (lattice-best-path[5.5.0~1494-e5a5]:main():lattice-best-path.cc:99) For utterance M0000000131_0040, best cost 33.3829 + 1451 = 1484.39 over 197 frames.
M0000000131_0040 และ รวดเร็ว มาก 
LOG (lattice-best-path[5.5.0~1494-e5a5]:main():lattice-best-path.cc:99) For utterance M0000000131_0041, best cost 38.5985 + 1647.17 = 1685.77 over 217 frames.
M0000000131_0041 อัตโนมัติ ร้อน ใน 
LOG (lattice-best-path[5.5.0~1494-e5a5]:main():lattice-best-path.cc:99) For utterance M0000000131_0042, best cost 32.2738 + 1412.77 = 1445.04 over 194 frames.
M0000000131_0042 อวัยวะ ถ่องแท้ 
LOG (lattice-best-path[5.5.0~1494-e5a5]:main():lattice-best-path.cc:99) For utterance M0000000131_0043, best cost 32.7128 + 1443.74 = 1476.45 over 203 frames.
M0000000131_0043 อัตโนมัติ ไม่ 
LOG (lattice-best-path[5.5.0~1494-e5a5]:main():lattice-best-path.cc:99) For utterance M0000000131_0044, best cost 25.8079 + 1151.2 = 1177.01 over 151 frames.
M0000000131_0044 ไป ด้วย 
LOG (lattice-best-path[5.5.0~1494-e5a5]:main():lattice-best-path.cc:99) For utterance M0000000131_0045, best cost 31.9463 + 1366.82 = 1398.77 over 185 frames.
M0000000131_0045 เปราะ กิ่งไม้ 
LOG (lattice-best-path[5.5.0~1494-e5a5]:main():lattice-best-path.cc:99) For utterance M0000000131_0046, best cost 21.6962 + 1030.83 = 1052.52 over 145 frames.
M0000000131_0046 อธิบาย 
LOG (lattice-best-path[5.5.0~1494-e5a5]:main():lattice-best-path.cc:99) For utterance M0000000131_0047, best cost 24.533 + 1349.96 = 1374.49 over 180 frames.
M0000000131_0047 อัตรา 
LOG (lattice-best-path[5.5.0~1494-e5a5]:main():lattice-best-path.cc:99) For utterance M0000000131_0048, best cost 40.4428 + 1624.49 = 1664.94 over 220 frames.
M0000000131_0048 อีก รู้ ฉลามลาย 
LOG (lattice-best-path[5.5.0~1494-e5a5]:main():lattice-best-path.cc:99) For utterance M0000000131_0049, best cost 27.9297 + 1379.88 = 1407.81 over 198 frames.
M0000000131_0049 อัตรา เรื่อย 
LOG (lattice-best-path[5.5.0~1494-e5a5]:main():lattice-best-path.cc:99) For utterance M0000000131_0050, best cost 34.2725 + 1551.06 = 1585.33 over 210 frames.
M0000000131_0050 อุตสาหกรรม เหมาะ 
LOG (lattice-best-path[5.5.0~1494-e5a5]:main():lattice-best-path.cc:99) For utterance M0000000131_0051, best cost 31.8037 + 1338.91 = 1370.71 over 183 frames.
M0000000131_0051 เอาเอง ข่าว 
LOG (lattice-best-path[5.5.0~1494-e5a5]:main():lattice-best-path.cc:99) For utterance M0000000131_0052, best cost 26.5554 + 1199.81 = 1226.37 over 161 frames.
M0000000131_0052 บ่อยครั้ง 
LOG (lattice-best-path[5.5.0~1494-e5a5]:main():lattice-best-path.cc:99) For utterance M0000000131_0053, best cost 33.703 + 1344.48 = 1378.18 over 177 frames.
M0000000131_0053 อินพุต จิระศักดิ์ 
LOG (lattice-best-path[5.5.0~1494-e5a5]:main():lattice-best-path.cc:99) For utterance M0000000131_0054, best cost 26.1031 + 1492.05 = 1518.15 over 205 frames.
M0000000131_0054 อิเล็กตรอน 
LOG (lattice-best-path[5.5.0~1494-e5a5]:main():lattice-best-path.cc:99) For utterance M0000000131_0055, best cost 28.7517 + 1318.21 = 1346.96 over 185 frames.
M0000000131_0055 อัตรา ว่องไว 
LOG (lattice-best-path[5.5.0~1494-e5a5]:main():lattice-best-path.cc:99) For utterance M0000000131_0056, best cost 37.4475 + 2130.88 = 2168.33 over 278 frames.
M0000000131_0056 จิระศักดิ์ อะไร 
LOG (lattice-best-path[5.5.0~1494-e5a5]:main():lattice-best-path.cc:99) For utterance M0000000131_0057, best cost 27.5301 + 848.417 = 875.947 over 120 frames.
M0000000131_0057 เรา ของ 
LOG (lattice-best-path[5.5.0~1494-e5a5]:main():lattice-best-path.cc:99) For utterance M0000000131_0058, best cost 24.6444 + 1477.68 = 1502.33 over 212 frames.
M0000000131_0058 บันได ลาดเท 
LOG (lattice-best-path[5.5.0~1494-e5a5]:main():lattice-best-path.cc:99) For utterance M0000000131_0059, best cost 33.6692 + 1822.09 = 1855.76 over 251 frames.
M0000000131_0059 อุดอู้ 
LOG (lattice-best-path[5.5.0~1494-e5a5]:main():lattice-best-path.cc:99) For utterance M0000000131_0060, best cost 25.9844 + 1500.62 = 1526.6 over 197 frames.
M0000000131_0060 มากมาย 
LOG (lattice-best-path[5.5.0~1494-e5a5]:main():lattice-best-path.cc:99) For utterance M0000000131_0061, best cost 24.7558 + 1130.14 = 1154.9 over 148 frames.
M0000000131_0061 บน 
LOG (lattice-best-path[5.5.0~1494-e5a5]:main():lattice-best-path.cc:99) For utterance M0000000131_0062, best cost 40.258 + 1314.92 = 1355.17 over 177 frames.
M0000000131_0062 อัน วิเคราะห์ เคลื่อนไหว 
LOG (lattice-best-path[5.5.0~1494-e5a5]:main():lattice-best-path.cc:99) For utterance M0000000131_0063, best cost 26.9875 + 1344.04 = 1371.03 over 183 frames.
M0000000131_0063 อะไร 
LOG (lattice-best-path[5.5.0~1494-e5a5]:main():lattice-best-path.cc:99) For utterance M0000000131_0064, best cost 31.9825 + 1325.87 = 1357.85 over 181 frames.
M0000000131_0064 อักษร ผลิต 
LOG (lattice-best-path[5.5.0~1494-e5a5]:main():lattice-best-path.cc:99) For utterance M0000000131_0065, best cost 25.0129 + 1485.97 = 1510.98 over 193 frames.
M0000000131_0065 โกยสุโข 
LOG (lattice-best-path[5.5.0~1494-e5a5]:main():lattice-best-path.cc:99) For utterance M0000000131_0066, best cost 25.5526 + 1531.22 = 1556.77 over 210 frames.
M0000000131_0066 อนุเคราะห์ 
LOG (lattice-best-path[5.5.0~1494-e5a5]:main():lattice-best-path.cc:99) For utterance M0000000131_0067, best cost 17.1758 + 800.392 = 817.568 over 106 frames.
M0000000131_0067 ควินิน 
LOG (lattice-best-path[5.5.0~1494-e5a5]:main():lattice-best-path.cc:99) For utterance M0000000131_0068, best cost 35.8952 + 1329.16 = 1365.05 over 177 frames.
M0000000131_0068 แคระแกร็น ต้องการ 
LOG (lattice-best-path[5.5.0~1494-e5a5]:main():lattice-best-path.cc:99) For utterance M0000000131_0069, best cost 40.2631 + 1355.17 = 1395.43 over 188 frames.
M0000000131_0069 วิธี หลัง เคลื่อนไหว 
LOG (lattice-best-path[5.5.0~1494-e5a5]:main():lattice-best-path.cc:99) For utterance M0000000131_0070, best cost 20.665 + 1053.31 = 1073.98 over 140 frames.
M0000000131_0070 โดย วิธี 
LOG (lattice-best-path[5.5.0~1494-e5a5]:main():lattice-best-path.cc:99) For utterance M0000000131_0071, best cost 36.9701 + 1414.51 = 1451.48 over 181 frames.
M0000000131_0071 เหล่านี้ หู 
LOG (lattice-best-path[5.5.0~1494-e5a5]:main():lattice-best-path.cc:99) For utterance M0000000131_0072, best cost 15.5006 + 1442.25 = 1457.75 over 185 frames.
M0000000131_0072 
LOG (lattice-best-path[5.5.0~1494-e5a5]:main():lattice-best-path.cc:99) For utterance M0000000131_0073, best cost 31.7385 + 1487.82 = 1519.56 over 198 frames.
M0000000131_0073 ไพเราะ มาก นัก 
LOG (lattice-best-path[5.5.0~1494-e5a5]:main():lattice-best-path.cc:99) For utterance M0000000131_0074, best cost 33.8854 + 1213.12 = 1247 over 162 frames.
M0000000131_0074 อัตรา เร็ว เสมหะ 
LOG (lattice-best-path[5.5.0~1494-e5a5]:main():lattice-best-path.cc:99) For utterance M0000000131_0075, best cost 42.1083 + 1804.39 = 1846.5 over 235 frames.
M0000000131_0075 เอะอะ อวัยวะ 
LOG (lattice-best-path[5.5.0~1494-e5a5]:main():lattice-best-path.cc:99) For utterance M0000000131_0076, best cost 27.8532 + 1393.9 = 1421.75 over 177 frames.
M0000000131_0076 ถ้า กระดาษ 
LOG (lattice-best-path[5.5.0~1494-e5a5]:main():lattice-best-path.cc:99) For utterance M0000000131_0077, best cost 28.8852 + 1586.29 = 1615.18 over 208 frames.
M0000000131_0077 เอะอะ อาละวาด 
LOG (lattice-best-path[5.5.0~1494-e5a5]:main():lattice-best-path.cc:99) For utterance M0000000131_0078, best cost 17.2568 + 1521.91 = 1539.17 over 193 frames.
M0000000131_0078 
LOG (lattice-best-path[5.5.0~1494-e5a5]:main():lattice-best-path.cc:99) For utterance M0000000131_0079, best cost 31.1202 + 1235.19 = 1266.31 over 166 frames.
M0000000131_0079 อัตรา เอาชนะ 
LOG (lattice-best-path[5.5.0~1494-e5a5]:main():lattice-best-path.cc:99) For utterance M0000000131_0080, best cost 19.6974 + 2009.11 = 2028.81 over 278 frames.
M0000000131_0080 
LOG (lattice-best-path[5.5.0~1494-e5a5]:main():lattice-best-path.cc:99) For utterance M0000000131_0081, best cost 42.9044 + 2039.23 = 2082.13 over 267 frames.
M0000000131_0081 อย่างใด สมัย 
LOG (lattice-best-path[5.5.0~1494-e5a5]:main():lattice-best-path.cc:99) For utterance M0000000131_0082, best cost 32.8471 + 1946.01 = 1978.86 over 250 frames.
M0000000131_0082 อะไร ที่รัก 
LOG (lattice-best-path[5.5.0~1494-e5a5]:main():lattice-best-path.cc:99) For utterance M0000000131_0083, best cost 14.9176 + 1312.31 = 1327.23 over 168 frames.
M0000000131_0083 
LOG (lattice-best-path[5.5.0~1494-e5a5]:main():lattice-best-path.cc:99) For utterance M0000000131_0084, best cost 18.3606 + 1497.49 = 1515.85 over 200 frames.
M0000000131_0084 
LOG (lattice-best-path[5.5.0~1494-e5a5]:main():lattice-best-path.cc:99) For utterance M0000000131_0085, best cost 38.8989 + 1539.64 = 1578.54 over 203 frames.
M0000000131_0085 เอะอะ อาละวาด ที่ ไม่ 
LOG (lattice-best-path[5.5.0~1494-e5a5]:main():lattice-best-path.cc:99) For utterance M0000000131_0086, best cost 33.7891 + 1316.31 = 1350.1 over 170 frames.
M0000000131_0086 รายละเอียด เรา 
LOG (lattice-best-path[5.5.0~1494-e5a5]:main():lattice-best-path.cc:99) For utterance M0000000131_0087, best cost 36.5632 + 1245.38 = 1281.94 over 164 frames.
M0000000131_0087 ปักดำ และ อยู่ ใน 
LOG (lattice-best-path[5.5.0~1494-e5a5]:main():lattice-best-path.cc:99) For utterance M0000000131_0088, best cost 25.2587 + 1723.43 = 1748.69 over 230 frames.
M0000000131_0088 อัตโนมัติ 
LOG (lattice-best-path[5.5.0~1494-e5a5]:main():lattice-best-path.cc:99) For utterance M0000000131_0089, best cost 33.9746 + 1414.91 = 1448.88 over 183 frames.
M0000000131_0089 อุปกรณ์ รังสี ของ 
LOG (lattice-best-path[5.5.0~1494-e5a5]:main():lattice-best-path.cc:99) For utterance M0000000131_0090, best cost 16.612 + 1436.63 = 1453.24 over 191 frames.
M0000000131_0090 
LOG (lattice-best-path[5.5.0~1494-e5a5]:main():lattice-best-path.cc:99) For utterance M0000000131_0091, best cost 13.4476 + 1402.02 = 1415.47 over 176 frames.
M0000000131_0091 
LOG (lattice-best-path[5.5.0~1494-e5a5]:main():lattice-best-path.cc:99) For utterance M0000000131_0092, best cost 31.0744 + 1326.33 = 1357.4 over 184 frames.
M0000000131_0092 ใส่ ลง บอก 
LOG (lattice-best-path[5.5.0~1494-e5a5]:main():lattice-best-path.cc:99) For utterance M0000000131_0093, best cost 25.3728 + 1138.81 = 1164.18 over 152 frames.
M0000000131_0093 ระยะ หนึ่ง 
LOG (lattice-best-path[5.5.0~1494-e5a5]:main():lattice-best-path.cc:99) For utterance M0000000131_0094, best cost 18.406 + 1198.31 = 1216.72 over 155 frames.
M0000000131_0094 
LOG (lattice-best-path[5.5.0~1494-e5a5]:main():lattice-best-path.cc:99) For utterance M0000000131_0095, best cost 19.1872 + 1684.65 = 1703.83 over 231 frames.
M0000000131_0095 
LOG (lattice-best-path[5.5.0~1494-e5a5]:main():lattice-best-path.cc:99) For utterance M0000000131_0096, best cost 17.3886 + 1512.94 = 1530.32 over 198 frames.
M0000000131_0096 
LOG (lattice-best-path[5.5.0~1494-e5a5]:main():lattice-best-path.cc:99) For utterance M0000000131_0097, best cost 35.5124 + 1348.87 = 1384.38 over 179 frames.
M0000000131_0097 มัก เออออ กระรอก 
LOG (lattice-scale[5.5.0~1494-e5a5]:main():lattice-scale.cc:107) Done 510 lattices.
LOG (lattice-best-path[5.5.0~1494-e5a5]:main():lattice-best-path.cc:99) For utterance M0000000131_0098, best cost 20.4444 + 1461.3 = 1481.75 over 190 frames.
M0000000131_0098 เพราะ 
LOG (lattice-best-path[5.5.0~1494-e5a5]:main():lattice-best-path.cc:99) For utterance M0000000131_0099, best cost 40.098 + 1129.56 = 1169.66 over 154 frames.
M0000000131_0099 อัน ปลุกเร้า ไอเอฟ 
LOG (lattice-best-path[5.5.0~1494-e5a5]:main():lattice-best-path.cc:99) For utterance M0000000131_0100, best cost 35.0636 + 1226.68 = 1261.74 over 157 frames.
M0000000131_0100 ดร. ครั้งละ 
LOG (lattice-best-path[5.5.0~1494-e5a5]:main():lattice-best-path.cc:99) For utterance M0000000131_0101, best cost 37.1263 + 1875.5 = 1912.63 over 242 frames.
M0000000131_0101 ครั้นแล้ว อร่ามเหลือง 
LOG (lattice-add-penalty[5.5.0~1494-e5a5]:main():lattice-add-penalty.cc:62) Done adding word insertion penalty to 510 lattices.
LOG (lattice-best-path[5.5.0~1494-e5a5]:main():lattice-best-path.cc:124) Overall cost per frame is 7.08305 = 0.161401 [graph] + 6.92165 [acoustic] over 120161 frames.
LOG (lattice-best-path[5.5.0~1494-e5a5]:main():lattice-best-path.cc:128) Done 510 lattices, failed for 0
# Accounting: time=2 threads=1
# Ended (code 0) at Sun May  2 17:06:10 UTC 2021, elapsed time 2 seconds
