# lattice-scale --inv-acoustic-scale=17 "ark:gunzip -c exp/mono/decode/lat.*.gz|" ark:- | lattice-add-penalty --word-ins-penalty=0.0 ark:- ark:- | lattice-best-path --word-symbol-table=exp/mono/graph//words.txt ark:- ark,t:- | utils/int2sym.pl -f 2- exp/mono/graph//words.txt | local/wer_hyp_filter > exp/mono/decode/scoring_kaldi/penalty_0.0/17.txt 
# Started at Sun May  2 17:06:12 UTC 2021
#
lattice-best-path --word-symbol-table=exp/mono/graph//words.txt ark:- ark,t:- 
lattice-scale --inv-acoustic-scale=17 'ark:gunzip -c exp/mono/decode/lat.*.gz|' ark:- 
lattice-add-penalty --word-ins-penalty=0.0 ark:- ark:- 
LOG (lattice-best-path[5.5.0~1494-e5a5]:main():lattice-best-path.cc:99) For utterance M0000000085_0000, best cost 21.0433 + 782.821 = 803.864 over 127 frames.
M0000000085_0000 ก่อน ที่ 
LOG (lattice-best-path[5.5.0~1494-e5a5]:main():lattice-best-path.cc:99) For utterance M0000000085_0001, best cost 49.9868 + 1394.23 = 1444.22 over 233 frames.
M0000000085_0001 ควร ซิงโครนัส อนึ่ง การ 
LOG (lattice-best-path[5.5.0~1494-e5a5]:main():lattice-best-path.cc:99) For utterance M0000000085_0002, best cost 37.3506 + 1310.41 = 1347.76 over 224 frames.
M0000000085_0002 เออออ ไป ใช้งาน การ 
LOG (lattice-best-path[5.5.0~1494-e5a5]:main():lattice-best-path.cc:99) For utterance M0000000085_0003, best cost 31.8327 + 1294.28 = 1326.11 over 212 frames.
M0000000085_0003 ทรง ต่ำ ลง 
LOG (lattice-best-path[5.5.0~1494-e5a5]:main():lattice-best-path.cc:99) For utterance M0000000085_0004, best cost 35.9156 + 1045.59 = 1081.5 over 179 frames.
M0000000085_0004 ของ ร่างกาย อาจารย์ 
LOG (lattice-best-path[5.5.0~1494-e5a5]:main():lattice-best-path.cc:99) For utterance M0000000085_0005, best cost 43.3261 + 1178.19 = 1221.52 over 198 frames.
M0000000085_0005 เออออ ไป ไซ หู การ 
LOG (lattice-best-path[5.5.0~1494-e5a5]:main():lattice-best-path.cc:99) For utterance M0000000085_0006, best cost 25.4882 + 837.225 = 862.713 over 140 frames.
M0000000085_0006 คง หลงลืม 
LOG (lattice-best-path[5.5.0~1494-e5a5]:main():lattice-best-path.cc:99) For utterance M0000000085_0007, best cost 28.019 + 966.254 = 994.273 over 165 frames.
M0000000085_0007 บางครั้ง อร่ามเหลือง 
LOG (lattice-best-path[5.5.0~1494-e5a5]:main():lattice-best-path.cc:99) For utterance M0000000085_0008, best cost 37.4595 + 1264.94 = 1302.4 over 218 frames.
M0000000085_0008 การ ดำเนินงาน ทั้งสอง 
LOG (lattice-best-path[5.5.0~1494-e5a5]:main():lattice-best-path.cc:99) For utterance M0000000085_0009, best cost 34.8871 + 999.337 = 1034.22 over 174 frames.
M0000000085_0009 ข้อ นั้น เช่นกัน 
LOG (lattice-best-path[5.5.0~1494-e5a5]:main():lattice-best-path.cc:99) For utterance M0000000085_0010, best cost 28.7728 + 798.838 = 827.61 over 135 frames.
M0000000085_0010 ขั้วโลก น้อย 
LOG (lattice-best-path[5.5.0~1494-e5a5]:main():lattice-best-path.cc:99) For utterance M0000000085_0011, best cost 25.7865 + 878.057 = 903.844 over 153 frames.
M0000000085_0011 มาก องศา 
LOG (lattice-best-path[5.5.0~1494-e5a5]:main():lattice-best-path.cc:99) For utterance M0000000085_0012, best cost 33.5105 + 1034.73 = 1068.24 over 176 frames.
M0000000085_0012 สาร ตกค้าง เครื่อง 
LOG (lattice-best-path[5.5.0~1494-e5a5]:main():lattice-best-path.cc:99) For utterance M0000000085_0013, best cost 57.7622 + 1555.47 = 1613.24 over 261 frames.
M0000000085_0013 ต้อง สิ่ง ที่ สอง รวมถึง 
LOG (lattice-best-path[5.5.0~1494-e5a5]:main():lattice-best-path.cc:99) For utterance M0000000085_0014, best cost 30.4227 + 960.693 = 991.116 over 162 frames.
M0000000085_0014 ของ ตนเอง ที่ 
LOG (lattice-best-path[5.5.0~1494-e5a5]:main():lattice-best-path.cc:99) For utterance M0000000085_0015, best cost 32.7696 + 901.667 = 934.437 over 153 frames.
M0000000085_0015 ข้อ นั้น ดำเนินงาน 
LOG (lattice-best-path[5.5.0~1494-e5a5]:main():lattice-best-path.cc:99) For utterance M0000000085_0016, best cost 26.343 + 1115.67 = 1142.01 over 183 frames.
M0000000085_0016 ข้อ นั้น 
LOG (lattice-best-path[5.5.0~1494-e5a5]:main():lattice-best-path.cc:99) For utterance M0000000085_0017, best cost 31.596 + 1075.55 = 1107.15 over 189 frames.
M0000000085_0017 ขั้น บันได เป็น พาหะ 
LOG (lattice-best-path[5.5.0~1494-e5a5]:main():lattice-best-path.cc:99) For utterance M0000000085_0018, best cost 35.9518 + 909.881 = 945.833 over 150 frames.
M0000000085_0018 ของ เรา มี ขโมย 
LOG (lattice-best-path[5.5.0~1494-e5a5]:main():lattice-best-path.cc:99) For utterance M0000000085_0019, best cost 37.5001 + 1147.64 = 1185.14 over 197 frames.
M0000000085_0019 แคระแกร็น โต๊ะงาน ใน 
LOG (lattice-best-path[5.5.0~1494-e5a5]:main():lattice-best-path.cc:99) For utterance M0000000085_0020, best cost 28.2435 + 927.105 = 955.348 over 162 frames.
M0000000085_0020 รุ่งอรุณ ใน 
LOG (lattice-best-path[5.5.0~1494-e5a5]:main():lattice-best-path.cc:99) For utterance M0000000085_0021, best cost 22.4742 + 915.791 = 938.265 over 165 frames.
M0000000085_0021 ตัดสินใจ 
LOG (lattice-best-path[5.5.0~1494-e5a5]:main():lattice-best-path.cc:99) For utterance M0000000085_0022, best cost 22.5813 + 843.835 = 866.416 over 143 frames.
M0000000085_0022 จึง ได้รับ 
LOG (lattice-best-path[5.5.0~1494-e5a5]:main():lattice-best-path.cc:99) For utterance M0000000085_0023, best cost 45.8938 + 1248.26 = 1294.16 over 216 frames.
M0000000085_0023 อัตรา น้อย มั่นคง ภายใน 
LOG (lattice-best-path[5.5.0~1494-e5a5]:main():lattice-best-path.cc:99) For utterance M0000000085_0024, best cost 33.424 + 778.726 = 812.15 over 129 frames.
M0000000085_0024 ของ เครื่อง ลง น้อย 
LOG (lattice-best-path[5.5.0~1494-e5a5]:main():lattice-best-path.cc:99) For utterance M0000000085_0025, best cost 20.1172 + 700.598 = 720.715 over 119 frames.
M0000000085_0025 กฤษณพงศ์ 
LOG (lattice-best-path[5.5.0~1494-e5a5]:main():lattice-best-path.cc:99) For utterance M0000000085_0026, best cost 31.7497 + 1139.82 = 1171.57 over 188 frames.
M0000000085_0026 มี ที่ ไม่ 
LOG (lattice-best-path[5.5.0~1494-e5a5]:main():lattice-best-path.cc:99) For utterance M0000000085_0027, best cost 42.6035 + 1355.45 = 1398.06 over 227 frames.
M0000000085_0027 รศ. หรือ ขโมย จาก 
LOG (lattice-best-path[5.5.0~1494-e5a5]:main():lattice-best-path.cc:99) For utterance M0000000085_0028, best cost 36.9999 + 1114.07 = 1151.07 over 188 frames.
M0000000085_0028 ข้อ นั้น จึง ตก หนัก 
LOG (lattice-best-path[5.5.0~1494-e5a5]:main():lattice-best-path.cc:99) For utterance M0000000085_0029, best cost 27.0169 + 872.961 = 899.978 over 153 frames.
M0000000085_0029 จะ สัตว์เลี้ยง 
LOG (lattice-best-path[5.5.0~1494-e5a5]:main():lattice-best-path.cc:99) For utterance M0000000085_0030, best cost 28.9825 + 943.073 = 972.055 over 167 frames.
M0000000085_0030 ผล ใน บาง 
LOG (lattice-best-path[5.5.0~1494-e5a5]:main():lattice-best-path.cc:99) For utterance M0000000085_0031, best cost 31.0397 + 1010.05 = 1041.09 over 171 frames.
M0000000085_0031 อาจจะ ไม่ ลง 
LOG (lattice-best-path[5.5.0~1494-e5a5]:main():lattice-best-path.cc:99) For utterance M0000000085_0032, best cost 24.5961 + 980.745 = 1005.34 over 171 frames.
M0000000085_0032 โต๊ะงาน ใน 
LOG (lattice-best-path[5.5.0~1494-e5a5]:main():lattice-best-path.cc:99) For utterance M0000000085_0033, best cost 21.7317 + 732.679 = 754.411 over 126 frames.
M0000000085_0033 ไม่ 
LOG (lattice-best-path[5.5.0~1494-e5a5]:main():lattice-best-path.cc:99) For utterance M0000000085_0034, best cost 26.7093 + 835.876 = 862.585 over 150 frames.
M0000000085_0034 โลก ปานกลาง 
LOG (lattice-best-path[5.5.0~1494-e5a5]:main():lattice-best-path.cc:99) For utterance M0000000085_0035, best cost 13.3029 + 779.047 = 792.349 over 135 frames.
M0000000085_0035 แล้ว 
LOG (lattice-best-path[5.5.0~1494-e5a5]:main():lattice-best-path.cc:99) For utterance M0000000085_0036, best cost 35.8045 + 1031.09 = 1066.9 over 179 frames.
M0000000085_0036 ของ เปลี่ยนเป็น ลง 
LOG (lattice-best-path[5.5.0~1494-e5a5]:main():lattice-best-path.cc:99) For utterance M0000000085_0037, best cost 25.4307 + 839.772 = 865.202 over 147 frames.
M0000000085_0037 เรา ฯลฯ 
LOG (lattice-best-path[5.5.0~1494-e5a5]:main():lattice-best-path.cc:99) For utterance M0000000085_0038, best cost 23.3672 + 877.921 = 901.288 over 150 frames.
M0000000085_0038 ดังกล่าว ลง 
LOG (lattice-best-path[5.5.0~1494-e5a5]:main():lattice-best-path.cc:99) For utterance M0000000085_0039, best cost 26.9036 + 1044.57 = 1071.48 over 177 frames.
M0000000085_0039 ได้ อุปมาน 
LOG (lattice-best-path[5.5.0~1494-e5a5]:main():lattice-best-path.cc:99) For utterance M0000000085_0040, best cost 25.7682 + 930.191 = 955.959 over 156 frames.
M0000000085_0040 ดร. ต่อไป 
LOG (lattice-best-path[5.5.0~1494-e5a5]:main():lattice-best-path.cc:99) For utterance M0000000085_0041, best cost 34.125 + 1235.78 = 1269.9 over 209 frames.
M0000000085_0041 ออกรวง นั้น ออก ได้ 
LOG (lattice-best-path[5.5.0~1494-e5a5]:main():lattice-best-path.cc:99) For utterance M0000000085_0042, best cost 21.7642 + 969.583 = 991.347 over 162 frames.
M0000000085_0042 ระยะ 
LOG (lattice-best-path[5.5.0~1494-e5a5]:main():lattice-best-path.cc:99) For utterance M0000000085_0043, best cost 29.3675 + 833.129 = 862.496 over 146 frames.
M0000000085_0043 จำนวน ว่องไว 
LOG (lattice-best-path[5.5.0~1494-e5a5]:main():lattice-best-path.cc:99) For utterance M0000000085_0044, best cost 26.9461 + 826.723 = 853.669 over 146 frames.
M0000000085_0044 ติดตั้ง ด้วย 
LOG (lattice-best-path[5.5.0~1494-e5a5]:main():lattice-best-path.cc:99) For utterance M0000000085_0045, best cost 31.8882 + 1113.97 = 1145.86 over 183 frames.
M0000000085_0045 และ บันทึก วิจัย 
LOG (lattice-best-path[5.5.0~1494-e5a5]:main():lattice-best-path.cc:99) For utterance M0000000085_0046, best cost 20.6389 + 844.213 = 864.852 over 144 frames.
M0000000085_0046 อธิบาย 
LOG (lattice-best-path[5.5.0~1494-e5a5]:main():lattice-best-path.cc:99) For utterance M0000000085_0047, best cost 32.0245 + 955.851 = 987.875 over 159 frames.
M0000000085_0047 แสดง จัด กระดาษ 
LOG (lattice-best-path[5.5.0~1494-e5a5]:main():lattice-best-path.cc:99) For utterance M0000000085_0048, best cost 33.5326 + 1107.58 = 1141.12 over 186 frames.
M0000000085_0048 มี ดร. ฉลามลาย 
LOG (lattice-best-path[5.5.0~1494-e5a5]:main():lattice-best-path.cc:99) For utterance M0000000085_0049, best cost 29.1174 + 778.47 = 807.587 over 137 frames.
M0000000085_0049 ไม่ ละเลย 
LOG (lattice-best-path[5.5.0~1494-e5a5]:main():lattice-best-path.cc:99) For utterance M0000000085_0050, best cost 23.534 + 816.589 = 840.123 over 143 frames.
M0000000085_0050 ระยะ มาก 
LOG (lattice-best-path[5.5.0~1494-e5a5]:main():lattice-best-path.cc:99) For utterance M0000000085_0051, best cost 29.4919 + 850.395 = 879.887 over 144 frames.
M0000000085_0051 ประจำวัน ข่าว 
LOG (lattice-best-path[5.5.0~1494-e5a5]:main():lattice-best-path.cc:99) For utterance M0000000085_0052, best cost 21.2692 + 910.469 = 931.739 over 149 frames.
M0000000085_0052 หรือ กระบือปลัก 
LOG (lattice-best-path[5.5.0~1494-e5a5]:main():lattice-best-path.cc:99) For utterance M0000000085_0053, best cost 39.3836 + 1016.75 = 1056.13 over 173 frames.
M0000000085_0053 วันนี้ น้อย มาก นัก 
LOG (lattice-best-path[5.5.0~1494-e5a5]:main():lattice-best-path.cc:99) For utterance M0000000085_0054, best cost 21.004 + 756.495 = 777.499 over 131 frames.
M0000000085_0054 อิเล็กตรอน 
LOG (lattice-best-path[5.5.0~1494-e5a5]:main():lattice-best-path.cc:99) For utterance M0000000085_0055, best cost 27.4597 + 794.94 = 822.4 over 141 frames.
M0000000085_0055 ระงับ ว่องไว 
LOG (lattice-best-path[5.5.0~1494-e5a5]:main():lattice-best-path.cc:99) For utterance M0000000085_0056, best cost 54.6225 + 1403.15 = 1457.77 over 237 frames.
M0000000085_0056 จึง เครื่อง ได้ และ คล้ายคลึง อย่างไร 
LOG (lattice-best-path[5.5.0~1494-e5a5]:main():lattice-best-path.cc:99) For utterance M0000000085_0057, best cost 19.857 + 785.676 = 805.533 over 134 frames.
M0000000085_0057 มั่นคง 
LOG (lattice-best-path[5.5.0~1494-e5a5]:main():lattice-best-path.cc:99) For utterance M0000000085_0058, best cost 27.6381 + 880.188 = 907.826 over 156 frames.
M0000000085_0058 หลังจากนั้น ไม่ 
LOG (lattice-best-path[5.5.0~1494-e5a5]:main():lattice-best-path.cc:99) For utterance M0000000085_0059, best cost 35.1799 + 1164.24 = 1199.42 over 192 frames.
M0000000085_0059 ของ รูเจาะ ใกล้ 
LOG (lattice-best-path[5.5.0~1494-e5a5]:main():lattice-best-path.cc:99) For utterance M0000000085_0060, best cost 38.515 + 1115.47 = 1153.99 over 186 frames.
M0000000085_0060 ตำแหน่ง มากมาย 
LOG (lattice-best-path[5.5.0~1494-e5a5]:main():lattice-best-path.cc:99) For utterance M0000000085_0061, best cost 27.5022 + 961.688 = 989.19 over 164 frames.
M0000000085_0061 กลไก ราก 
LOG (lattice-best-path[5.5.0~1494-e5a5]:main():lattice-best-path.cc:99) For utterance M0000000085_0062, best cost 27.3856 + 836.008 = 863.394 over 144 frames.
M0000000085_0062 มี ฝน เล็กน้อย 
LOG (lattice-best-path[5.5.0~1494-e5a5]:main():lattice-best-path.cc:99) For utterance M0000000085_0063, best cost 42.3645 + 903.578 = 945.943 over 155 frames.
M0000000085_0063 เหม็น เหล่านี้ ร้อน ใน 
LOG (lattice-best-path[5.5.0~1494-e5a5]:main():lattice-best-path.cc:99) For utterance M0000000085_0064, best cost 25.1807 + 937.959 = 963.14 over 161 frames.
M0000000085_0064 ส่วน ต่างๆ อีก 
LOG (lattice-best-path[5.5.0~1494-e5a5]:main():lattice-best-path.cc:99) For utterance M0000000085_0065, best cost 27.799 + 973.751 = 1001.55 over 164 frames.
M0000000085_0065 ขั้วโลหะ ลง น้อย 
LOG (lattice-best-path[5.5.0~1494-e5a5]:main():lattice-best-path.cc:99) For utterance M0000000085_0066, best cost 28.8056 + 868.99 = 897.796 over 144 frames.
M0000000085_0066 ระยะ ลูกฟัก 
LOG (lattice-best-path[5.5.0~1494-e5a5]:main():lattice-best-path.cc:99) For utterance M0000000085_0067, best cost 32.1008 + 915.603 = 947.703 over 161 frames.
M0000000085_0067 ขมิ้น อนึ่ง 
LOG (lattice-best-path[5.5.0~1494-e5a5]:main():lattice-best-path.cc:99) For utterance M0000000085_0068, best cost 38.8821 + 1081.81 = 1120.69 over 185 frames.
M0000000085_0068 ควร จันทัน ต้องการ 
LOG (lattice-best-path[5.5.0~1494-e5a5]:main():lattice-best-path.cc:99) For utterance M0000000085_0069, best cost 25.1505 + 932.225 = 957.375 over 164 frames.
M0000000085_0069 มี อย่างไร 
LOG (lattice-best-path[5.5.0~1494-e5a5]:main():lattice-best-path.cc:99) For utterance M0000000085_0070, best cost 33.0444 + 945.016 = 978.06 over 162 frames.
M0000000085_0070 ควร ไม่ รังสี 
LOG (lattice-best-path[5.5.0~1494-e5a5]:main():lattice-best-path.cc:99) For utterance M0000000085_0071, best cost 35.1394 + 1012.26 = 1047.39 over 164 frames.
M0000000085_0071 เหล่านี้ มี ผู้วิจัย 
LOG (lattice-best-path[5.5.0~1494-e5a5]:main():lattice-best-path.cc:99) For utterance M0000000085_0072, best cost 41.2139 + 1159.16 = 1200.37 over 191 frames.
M0000000085_0072 ของ ดีมอส ยัง ด้วย ไม้ 
LOG (lattice-best-path[5.5.0~1494-e5a5]:main():lattice-best-path.cc:99) For utterance M0000000085_0073, best cost 39.6917 + 1315.08 = 1354.77 over 224 frames.
M0000000085_0073 ทำให้ ระหว่าง การ พัฒนา 
LOG (lattice-best-path[5.5.0~1494-e5a5]:main():lattice-best-path.cc:99) For utterance M0000000085_0074, best cost 29.8453 + 844.157 = 874.003 over 144 frames.
M0000000085_0074 และ เป็น สมัย 
LOG (lattice-best-path[5.5.0~1494-e5a5]:main():lattice-best-path.cc:99) For utterance M0000000085_0075, best cost 43.3597 + 1233.31 = 1276.67 over 201 frames.
M0000000085_0075 ลักษณะ การ พล็อต อยู่ ใน 
LOG (lattice-best-path[5.5.0~1494-e5a5]:main():lattice-best-path.cc:99) For utterance M0000000085_0076, best cost 44.7742 + 1099.08 = 1143.85 over 188 frames.
M0000000085_0076 ดังนั้น จะ เนื้อหา มากมาย 
LOG (lattice-best-path[5.5.0~1494-e5a5]:main():lattice-best-path.cc:99) For utterance M0000000085_0077, best cost 38.2738 + 1370.87 = 1409.15 over 231 frames.
M0000000085_0077 หลังจากนั้น เป็น วัย 
LOG (lattice-best-path[5.5.0~1494-e5a5]:main():lattice-best-path.cc:99) For utterance M0000000085_0078, best cost 42.9407 + 1261.64 = 1304.58 over 206 frames.
M0000000085_0078 ลักษณะ การ ป้องกัน อะไร 
LOG (lattice-best-path[5.5.0~1494-e5a5]:main():lattice-best-path.cc:99) For utterance M0000000085_0079, best cost 25.3409 + 970.47 = 995.811 over 176 frames.
M0000000085_0079 ค่าใช้จ่าย ใน 
LOG (lattice-best-path[5.5.0~1494-e5a5]:main():lattice-best-path.cc:99) For utterance M0000000085_0080, best cost 39.6785 + 1296.24 = 1335.92 over 218 frames.
M0000000085_0080 อย่างไรก็ตาม บางครั้ง ใน 
LOG (lattice-best-path[5.5.0~1494-e5a5]:main():lattice-best-path.cc:99) For utterance M0000000085_0081, best cost 39.3199 + 1702.99 = 1742.31 over 290 frames.
M0000000085_0081 ผู้ เสวยราชย์ อยู่ ใน สมัย 
LOG (lattice-best-path[5.5.0~1494-e5a5]:main():lattice-best-path.cc:99) For utterance M0000000085_0082, best cost 40.7122 + 1443.54 = 1484.25 over 243 frames.
M0000000085_0082 มาตรเวลา ต้อง เสีย แล้ว 
LOG (lattice-best-path[5.5.0~1494-e5a5]:main():lattice-best-path.cc:99) For utterance M0000000085_0083, best cost 31.7583 + 1111.75 = 1143.51 over 191 frames.
M0000000085_0083 เกรียงชัย ที่ ไม่ 
LOG (lattice-best-path[5.5.0~1494-e5a5]:main():lattice-best-path.cc:99) For utterance M0000000085_0084, best cost 30.5973 + 976.312 = 1006.91 over 164 frames.
M0000000085_0084 ซึ่ง เป็น ชิ้น บางๆ 
LOG (lattice-best-path[5.5.0~1494-e5a5]:main():lattice-best-path.cc:99) For utterance M0000000085_0085, best cost 37.1667 + 1140.84 = 1178.01 over 203 frames.
M0000000085_0085 ขนาด และ ได้ อีกด้วย 
LOG (lattice-best-path[5.5.0~1494-e5a5]:main():lattice-best-path.cc:99) For utterance M0000000085_0086, best cost 31.8874 + 1176.7 = 1208.58 over 203 frames.
M0000000085_0086 อนึ่ง ภายใต้ เรา 
LOG (lattice-best-path[5.5.0~1494-e5a5]:main():lattice-best-path.cc:99) For utterance M0000000085_0087, best cost 34.4384 + 989.233 = 1023.67 over 176 frames.
M0000000085_0087 เป็น นโยบาย ใน 
LOG (lattice-best-path[5.5.0~1494-e5a5]:main():lattice-best-path.cc:99) For utterance M0000000085_0088, best cost 47.7602 + 1080.5 = 1128.26 over 179 frames.
M0000000085_0088 ใช้ หนู โอกาส ที่ ใน 
LOG (lattice-best-path[5.5.0~1494-e5a5]:main():lattice-best-path.cc:99) For utterance M0000000085_0089, best cost 28.0469 + 993.896 = 1021.94 over 167 frames.
M0000000085_0089 เพราะฉะนั้น การ ชง 
LOG (lattice-best-path[5.5.0~1494-e5a5]:main():lattice-best-path.cc:99) For utterance M0000000085_0090, best cost 36.1124 + 1191.7 = 1227.81 over 203 frames.
M0000000085_0090 ทั้งนี้ ก็ และ ฯลฯ 
LOG (lattice-best-path[5.5.0~1494-e5a5]:main():lattice-best-path.cc:99) For utterance M0000000085_0091, best cost 13.3047 + 1004.79 = 1018.09 over 161 frames.
M0000000085_0091 
LOG (lattice-best-path[5.5.0~1494-e5a5]:main():lattice-best-path.cc:99) For utterance M0000000085_0092, best cost 21.6636 + 864.251 = 885.915 over 147 frames.
M0000000085_0092 เซลลูล่าร์ 
LOG (lattice-best-path[5.5.0~1494-e5a5]:main():lattice-best-path.cc:99) For utterance M0000000085_0093, best cost 26.0028 + 881.184 = 907.186 over 152 frames.
M0000000085_0093 ใช้ กำลัง 
LOG (lattice-best-path[5.5.0~1494-e5a5]:main():lattice-best-path.cc:99) For utterance M0000000085_0094, best cost 33.6457 + 1151.13 = 1184.78 over 198 frames.
M0000000085_0094 ออก รวง จำเป็น 
LOG (lattice-best-path[5.5.0~1494-e5a5]:main():lattice-best-path.cc:99) For utterance M0000000085_0095, best cost 40.7619 + 1164.56 = 1205.32 over 200 frames.
M0000000085_0095 กงล้อ ชัยวัฒน์ ใน 
LOG (lattice-best-path[5.5.0~1494-e5a5]:main():lattice-best-path.cc:99) For utterance M0000000085_0096, best cost 45.6927 + 1204.08 = 1249.77 over 194 frames.
M0000000085_0096 ลง เป็น กิ่งไม้ หนึ่ง 
LOG (lattice-best-path[5.5.0~1494-e5a5]:main():lattice-best-path.cc:99) For utterance M0000000085_0097, best cost 33.2109 + 1010.87 = 1044.08 over 167 frames.
M0000000085_0097 มัก เออออ เล็กน้อย 
LOG (lattice-best-path[5.5.0~1494-e5a5]:main():lattice-best-path.cc:99) For utterance M0000000085_0098, best cost 32.1286 + 1116.97 = 1149.1 over 189 frames.
M0000000085_0098 รัฐบาล ได้ 
LOG (lattice-best-path[5.5.0~1494-e5a5]:main():lattice-best-path.cc:99) For utterance M0000000085_0099, best cost 27.6427 + 849.17 = 876.813 over 138 frames.
M0000000085_0099 โดย ลง 
LOG (lattice-best-path[5.5.0~1494-e5a5]:main():lattice-best-path.cc:99) For utterance M0000000085_0100, best cost 31.6852 + 1188.74 = 1220.42 over 206 frames.
M0000000085_0100 ฤดูหนาว อย่าง หนัก 
LOG (lattice-best-path[5.5.0~1494-e5a5]:main():lattice-best-path.cc:99) For utterance M0000000085_0101, best cost 64.7076 + 1606.32 = 1671.03 over 266 frames.
M0000000085_0101 อยู่ ใช้ จาก ครั้นแล้ว กระดาษ จะ หนึ่ง 
LOG (lattice-best-path[5.5.0~1494-e5a5]:main():lattice-best-path.cc:99) For utterance M0000000105_0000, best cost 23.3775 + 902.831 = 926.208 over 178 frames.
M0000000105_0000 โอกาส ที่ 
LOG (lattice-best-path[5.5.0~1494-e5a5]:main():lattice-best-path.cc:99) For utterance M0000000105_0001, best cost 49.8162 + 1942.36 = 1992.17 over 366 frames.
M0000000105_0001 โอกาส ที่ ต่อมา บ้านเมือง การ 
LOG (lattice-best-path[5.5.0~1494-e5a5]:main():lattice-best-path.cc:99) For utterance M0000000105_0002, best cost 67.7235 + 1737.45 = 1805.18 over 314 frames.
M0000000105_0002 ออก ก้าวร้าว ได้ เคย กล่าว เนื่องจาก 
LOG (lattice-best-path[5.5.0~1494-e5a5]:main():lattice-best-path.cc:99) For utterance M0000000105_0003, best cost 52.9719 + 1450.79 = 1503.77 over 257 frames.
M0000000105_0003 ทรง ตำรวจ หรือ บัตร เครื่อง 
LOG (lattice-best-path[5.5.0~1494-e5a5]:main():lattice-best-path.cc:99) For utterance M0000000105_0004, best cost 48.9375 + 1661.4 = 1710.34 over 316 frames.
M0000000105_0004 เขา พับ อยู่ ให้บริการ 
LOG (lattice-best-path[5.5.0~1494-e5a5]:main():lattice-best-path.cc:99) For utterance M0000000105_0005, best cost 49.9557 + 1654.09 = 1704.05 over 309 frames.
M0000000105_0005 รบกวน ได้ ไซ หู การ 
LOG (lattice-best-path[5.5.0~1494-e5a5]:main():lattice-best-path.cc:99) For utterance M0000000105_0006, best cost 26.068 + 1199.46 = 1225.53 over 220 frames.
M0000000105_0006 ขอ งวดเงิน 
LOG (lattice-best-path[5.5.0~1494-e5a5]:main():lattice-best-path.cc:99) For utterance M0000000105_0007, best cost 44.1042 + 1429.27 = 1473.37 over 271 frames.
M0000000105_0007 รวมทั้ง รอบ แล้ว หนึ่ง 
LOG (lattice-best-path[5.5.0~1494-e5a5]:main():lattice-best-path.cc:99) For utterance M0000000105_0008, best cost 57.2943 + 1838.74 = 1896.03 over 350 frames.
M0000000105_0008 น้ำ ออก หนึ่ง นั้น ทั้ง สอง 
LOG (lattice-best-path[5.5.0~1494-e5a5]:main():lattice-best-path.cc:99) For utterance M0000000105_0009, best cost 37.3244 + 1363.56 = 1400.89 over 252 frames.
M0000000105_0009 ของ คำสั่ง ของ เรือน 
LOG (lattice-best-path[5.5.0~1494-e5a5]:main():lattice-best-path.cc:99) For utterance M0000000105_0010, best cost 31.5291 + 1201.36 = 1232.89 over 235 frames.
M0000000105_0010 ของ ลง น้อย 
LOG (lattice-best-path[5.5.0~1494-e5a5]:main():lattice-best-path.cc:99) For utterance M0000000105_0011, best cost 32.2836 + 949.693 = 981.976 over 178 frames.
M0000000105_0011 อาหาร ผลลัพธ์ 
LOG (lattice-best-path[5.5.0~1494-e5a5]:main():lattice-best-path.cc:99) For utterance M0000000105_0012, best cost 34.3242 + 1009.99 = 1044.31 over 172 frames.
M0000000105_0012 สำรวจ เครื่องกลึง 
LOG (lattice-best-path[5.5.0~1494-e5a5]:main():lattice-best-path.cc:99) For utterance M0000000105_0013, best cost 98.3659 + 3552.76 = 3651.13 over 646 frames.
M0000000105_0013 ไอซี สอง จัดซื้อ ของ แบบ สอง พุ่ง ควร 
LOG (lattice-best-path[5.5.0~1494-e5a5]:main():lattice-best-path.cc:99) For utterance M0000000105_0014, best cost 32.1301 + 1135.87 = 1168 over 213 frames.
M0000000105_0014 ของ ออกแบบ 
LOG (lattice-best-path[5.5.0~1494-e5a5]:main():lattice-best-path.cc:99) For utterance M0000000105_0015, best cost 45.3398 + 1316.49 = 1361.83 over 252 frames.
M0000000105_0015 ข้อ นั้น ตรง นาน นัก 
LOG (lattice-best-path[5.5.0~1494-e5a5]:main():lattice-best-path.cc:99) For utterance M0000000105_0016, best cost 46.6075 + 1420.23 = 1466.84 over 252 frames.
M0000000105_0016 ก่อนหลัง ประจุ หนัก 
LOG (lattice-best-path[5.5.0~1494-e5a5]:main():lattice-best-path.cc:99) For utterance M0000000105_0017, best cost 36.8695 + 1017.19 = 1054.06 over 193 frames.
M0000000105_0017 ของ ร่างกาย แหล่งน้ำ 
LOG (lattice-best-path[5.5.0~1494-e5a5]:main():lattice-best-path.cc:99) For utterance M0000000105_0018, best cost 42.6721 + 1322.41 = 1365.09 over 238 frames.
M0000000105_0018 คน ก็ หรือ น้อย 
LOG (lattice-best-path[5.5.0~1494-e5a5]:main():lattice-best-path.cc:99) For utterance M0000000105_0019, best cost 45.8897 + 1317.67 = 1363.56 over 236 frames.
M0000000105_0019 ผลลัพธ์ ไป ตก นาน นัก 
LOG (lattice-best-path[5.5.0~1494-e5a5]:main():lattice-best-path.cc:99) For utterance M0000000105_0020, best cost 30.9987 + 998.076 = 1029.07 over 190 frames.
M0000000105_0020 รูป ต่อไป ใน 
LOG (lattice-best-path[5.5.0~1494-e5a5]:main():lattice-best-path.cc:99) For utterance M0000000105_0021, best cost 27.2002 + 740.292 = 767.492 over 142 frames.
M0000000105_0021 มากขึ้น การ 
LOG (lattice-best-path[5.5.0~1494-e5a5]:main():lattice-best-path.cc:99) For utterance M0000000105_0022, best cost 28.3783 + 944.208 = 972.586 over 176 frames.
M0000000105_0022 ซึ่ง ใบไม้แห้ง 
LOG (lattice-best-path[5.5.0~1494-e5a5]:main():lattice-best-path.cc:99) For utterance M0000000105_0023, best cost 56.516 + 1481.41 = 1537.92 over 273 frames.
M0000000105_0023 อาหาร ขโมย มั่นคง ภายใน 
LOG (lattice-best-path[5.5.0~1494-e5a5]:main():lattice-best-path.cc:99) For utterance M0000000105_0024, best cost 36.9502 + 1107.67 = 1144.62 over 201 frames.
M0000000105_0024 ของ เครื่อง ลง น้อย 
LOG (lattice-best-path[5.5.0~1494-e5a5]:main():lattice-best-path.cc:99) For utterance M0000000105_0025, best cost 17.8868 + 628.391 = 646.278 over 111 frames.
M0000000105_0025 พระองค์ 
LOG (lattice-best-path[5.5.0~1494-e5a5]:main():lattice-best-path.cc:99) For utterance M0000000105_0026, best cost 53.2413 + 1544.02 = 1597.26 over 292 frames.
M0000000105_0026 มี นั้น จึง ชุด ที่ ไม่ 
LOG (lattice-best-path[5.5.0~1494-e5a5]:main():lattice-best-path.cc:99) For utterance M0000000105_0027, best cost 64.1466 + 2024.34 = 2088.49 over 373 frames.
M0000000105_0027 โต ซอส เหตุ ให้ นอกจาก 
LOG (lattice-best-path[5.5.0~1494-e5a5]:main():lattice-best-path.cc:99) For utterance M0000000105_0028, best cost 55.629 + 1628.78 = 1684.41 over 298 frames.
M0000000105_0028 ข้อ นั้น จึง เพิ่ม บ่อยครั้ง 
LOG (lattice-best-path[5.5.0~1494-e5a5]:main():lattice-best-path.cc:99) For utterance M0000000105_0029, best cost 35.4568 + 1156.31 = 1191.77 over 216 frames.
M0000000105_0029 จาก เสา หรือ อย่าง 
LOG (lattice-best-path[5.5.0~1494-e5a5]:main():lattice-best-path.cc:99) For utterance M0000000105_0030, best cost 46.8562 + 1134.33 = 1181.19 over 212 frames.
M0000000105_0030 คง อะไร ได้ ต้อง 
LOG (lattice-best-path[5.5.0~1494-e5a5]:main():lattice-best-path.cc:99) For utterance M0000000105_0031, best cost 55.166 + 1327.5 = 1382.66 over 255 frames.
M0000000105_0031 อาหาร จะ มาก ที่ มน 
LOG (lattice-best-path[5.5.0~1494-e5a5]:main():lattice-best-path.cc:99) For utterance M0000000105_0032, best cost 43.4785 + 1397.14 = 1440.62 over 267 frames.
M0000000105_0032 ต้อง ป้อน อีก มากมาย 
LOG (lattice-best-path[5.5.0~1494-e5a5]:main():lattice-best-path.cc:99) For utterance M0000000105_0033, best cost 36.2293 + 1112.84 = 1149.07 over 215 frames.
M0000000105_0033 เดิน ไป จัดซื้อ 
LOG (lattice-best-path[5.5.0~1494-e5a5]:main():lattice-best-path.cc:99) For utterance M0000000105_0034, best cost 26.2448 + 1013.2 = 1039.44 over 198 frames.
M0000000105_0034 ก็ น้ำตาล 
LOG (lattice-best-path[5.5.0~1494-e5a5]:main():lattice-best-path.cc:99) For utterance M0000000105_0035, best cost 32.2857 + 1224.92 = 1257.2 over 249 frames.
M0000000105_0035 ไม่ ทัน แล้ว 
LOG (lattice-best-path[5.5.0~1494-e5a5]:main():lattice-best-path.cc:99) For utterance M0000000105_0036, best cost 41.7596 + 1153.05 = 1194.81 over 221 frames.
M0000000105_0036 ขอบ เปลี่ยน เป็น รูป 
LOG (lattice-best-path[5.5.0~1494-e5a5]:main():lattice-best-path.cc:99) For utterance M0000000105_0037, best cost 41.9255 + 1108.8 = 1150.73 over 209 frames.
M0000000105_0037 ไม่ ออก แนว ของ 
LOG (lattice-best-path[5.5.0~1494-e5a5]:main():lattice-best-path.cc:99) For utterance M0000000105_0038, best cost 37.4071 + 1588.02 = 1625.43 over 307 frames.
M0000000105_0038 รูป ของ อยู่ ตรง 
LOG (lattice-best-path[5.5.0~1494-e5a5]:main():lattice-best-path.cc:99) For utterance M0000000105_0039, best cost 39.8211 + 1245.22 = 1285.04 over 234 frames.
M0000000105_0039 หลัก ไป ตก หนัก 
LOG (lattice-best-path[5.5.0~1494-e5a5]:main():lattice-best-path.cc:99) For utterance M0000000105_0040, best cost 42.2926 + 1317.36 = 1359.66 over 245 frames.
M0000000105_0040 ได้ ไป ตก หนัก 
LOG (lattice-best-path[5.5.0~1494-e5a5]:main():lattice-best-path.cc:99) For utterance M0000000105_0041, best cost 72.4039 + 2039.2 = 2111.61 over 385 frames.
M0000000105_0041 ออก ออกรวง นั้น มา ป้อน บัตร ไม่ 
LOG (lattice-best-path[5.5.0~1494-e5a5]:main():lattice-best-path.cc:99) For utterance M0000000105_0042, best cost 43.4901 + 1498.98 = 1542.47 over 279 frames.
M0000000105_0042 จาก ได้ ไป ถ่องแท้ 
LOG (lattice-best-path[5.5.0~1494-e5a5]:main():lattice-best-path.cc:99) For utterance M0000000105_0043, best cost 33.9965 + 1371.56 = 1405.56 over 264 frames.
M0000000105_0043 ส่วน บน ว่องไว 
LOG (lattice-best-path[5.5.0~1494-e5a5]:main():lattice-best-path.cc:99) For utterance M0000000105_0044, best cost 29.1954 + 1023.31 = 1052.5 over 190 frames.
M0000000105_0044 ติดตั้ง ด้วย 
LOG (lattice-best-path[5.5.0~1494-e5a5]:main():lattice-best-path.cc:99) For utterance M0000000105_0045, best cost 37.3657 + 1470.68 = 1508.05 over 280 frames.
M0000000105_0045 เจาะ บัตร เคลื่อนที่ ได้ 
LOG (lattice-best-path[5.5.0~1494-e5a5]:main():lattice-best-path.cc:99) For utterance M0000000105_0046, best cost 28.8645 + 956.779 = 985.643 over 187 frames.
M0000000105_0046 ที่ ไป 
LOG (lattice-best-path[5.5.0~1494-e5a5]:main():lattice-best-path.cc:99) For utterance M0000000105_0047, best cost 41.887 + 1282.8 = 1324.69 over 236 frames.
M0000000105_0047 ซึ่ง เป็น จาก บัตร ออก 
LOG (lattice-best-path[5.5.0~1494-e5a5]:main():lattice-best-path.cc:99) For utterance M0000000105_0048, best cost 51.6676 + 1717.78 = 1769.45 over 325 frames.
M0000000105_0048 มี โรค ชั้น ใน ใน 
LOG (lattice-best-path[5.5.0~1494-e5a5]:main():lattice-best-path.cc:99) For utterance M0000000105_0049, best cost 42.5477 + 1146.77 = 1189.32 over 220 frames.
M0000000105_0049 ไม่ ขโมย เลย 
LOG (lattice-best-path[5.5.0~1494-e5a5]:main():lattice-best-path.cc:99) For utterance M0000000105_0050, best cost 30.8256 + 1075.25 = 1106.08 over 205 frames.
M0000000105_0050 นอกจาก แยก บัตร 
LOG (lattice-best-path[5.5.0~1494-e5a5]:main():lattice-best-path.cc:99) For utterance M0000000105_0051, best cost 40.841 + 1537.57 = 1578.42 over 305 frames.
M0000000105_0051 สร้าง ขึ้น เป็น ข่าว 
LOG (lattice-best-path[5.5.0~1494-e5a5]:main():lattice-best-path.cc:99) For utterance M0000000105_0052, best cost 38.2563 + 1181.52 = 1219.77 over 220 frames.
M0000000105_0052 เพื่อ เกิน ไป เปราะ 
LOG (lattice-best-path[5.5.0~1494-e5a5]:main():lattice-best-path.cc:99) For utterance M0000000105_0053, best cost 62.5922 + 1966.72 = 2029.32 over 376 frames.
M0000000105_0053 วัน นี้ ขโมย มาก หรือ เพราะ 
LOG (lattice-best-path[5.5.0~1494-e5a5]:main():lattice-best-path.cc:99) For utterance M0000000105_0054, best cost 27.9197 + 997.176 = 1025.1 over 194 frames.
M0000000105_0054 เป็น วัย ของ 
LOG (lattice-best-path[5.5.0~1494-e5a5]:main():lattice-best-path.cc:99) For utterance M0000000105_0055, best cost 38.3198 + 1072.68 = 1111 over 202 frames.
M0000000105_0055 ค้นหา พบ ใน 
LOG (lattice-best-path[5.5.0~1494-e5a5]:main():lattice-best-path.cc:99) For utterance M0000000105_0056, best cost 75.739 + 2380.73 = 2456.47 over 450 frames.
M0000000105_0056 ยิ่งขึ้น การ รักษา คลื่น ยาว ได้ ง่าย 
LOG (lattice-best-path[5.5.0~1494-e5a5]:main():lattice-best-path.cc:99) For utterance M0000000105_0057, best cost 33.6579 + 950.029 = 983.687 over 187 frames.
M0000000105_0057 ไม่ ต้อง คน 
LOG (lattice-best-path[5.5.0~1494-e5a5]:main():lattice-best-path.cc:99) For utterance M0000000105_0058, best cost 35.5761 + 1135.35 = 1170.93 over 215 frames.
M0000000105_0058 บาง จำหน่าย ใน 
LOG (lattice-best-path[5.5.0~1494-e5a5]:main():lattice-best-path.cc:99) For utterance M0000000105_0059, best cost 44.375 + 1457.06 = 1501.43 over 273 frames.
M0000000105_0059 รับ ข้อมูล จาก เท่าไร 
LOG (lattice-best-path[5.5.0~1494-e5a5]:main():lattice-best-path.cc:99) For utterance M0000000105_0060, best cost 49.8986 + 1784.64 = 1834.54 over 331 frames.
M0000000105_0060 ต้ม การ ปรุง หรือ มากมาย 
LOG (lattice-best-path[5.5.0~1494-e5a5]:main():lattice-best-path.cc:99) For utterance M0000000105_0061, best cost 37.1358 + 1372.45 = 1409.58 over 256 frames.
M0000000105_0061 กลไก บ้านเมือง กับ 
LOG (lattice-best-path[5.5.0~1494-e5a5]:main():lattice-best-path.cc:99) For utterance M0000000105_0062, best cost 43.915 + 1068.83 = 1112.75 over 209 frames.
M0000000105_0062 มี พร้อม คือ ไม่ 
LOG (lattice-best-path[5.5.0~1494-e5a5]:main():lattice-best-path.cc:99) For utterance M0000000105_0063, best cost 49.9807 + 1407.95 = 1457.94 over 264 frames.
M0000000105_0063 ฤดู นี้ ไป โดย ไม่ 
LOG (lattice-best-path[5.5.0~1494-e5a5]:main():lattice-best-path.cc:99) For utterance M0000000105_0064, best cost 35.1604 + 1189.4 = 1224.56 over 220 frames.
M0000000105_0064 ซ้อน กัน ที่ 
LOG (lattice-best-path[5.5.0~1494-e5a5]:main():lattice-best-path.cc:99) For utterance M0000000105_0065, best cost 33.4694 + 1447.37 = 1480.84 over 273 frames.
M0000000105_0065 ก็ ถูก ลง น้อย 
LOG (lattice-best-path[5.5.0~1494-e5a5]:main():lattice-best-path.cc:99) For utterance M0000000105_0066, best cost 45.4436 + 1098.67 = 1144.11 over 194 frames.
M0000000105_0066 ขัดยอก หมด ครอบ 
LOG (lattice-best-path[5.5.0~1494-e5a5]:main():lattice-best-path.cc:99) For utterance M0000000105_0067, best cost 37.4856 + 1146.72 = 1184.21 over 212 frames.
M0000000105_0067 ของ มี อนึ่ง 
LOG (lattice-best-path[5.5.0~1494-e5a5]:main():lattice-best-path.cc:99) For utterance M0000000105_0068, best cost 46.5997 + 1495.27 = 1541.87 over 279 frames.
M0000000105_0068 ของ การ แบ่ง ต้องการ 
LOG (lattice-best-path[5.5.0~1494-e5a5]:main():lattice-best-path.cc:99) For utterance M0000000105_0069, best cost 48.7234 + 1436.8 = 1485.52 over 272 frames.
M0000000105_0069 มี ที่ หลัง หรือ น้อย 
LOG (lattice-best-path[5.5.0~1494-e5a5]:main():lattice-best-path.cc:99) For utterance M0000000105_0070, best cost 40.5402 + 1164.01 = 1204.55 over 219 frames.
M0000000105_0070 คง เป็น ลูกกลอน สี 
LOG (lattice-best-path[5.5.0~1494-e5a5]:main():lattice-best-path.cc:99) For utterance M0000000105_0071, best cost 50.5339 + 1696.23 = 1746.77 over 320 frames.
M0000000105_0071 การ มี ขูด น้อย 
LOG (lattice-best-path[5.5.0~1494-e5a5]:main():lattice-best-path.cc:99) For utterance M0000000105_0072, best cost 52.3695 + 1766.91 = 1819.28 over 332 frames.
M0000000105_0072 ส่วน ที่ เป็น มากขึ้น โดย ไม่ 
LOG (lattice-best-path[5.5.0~1494-e5a5]:main():lattice-best-path.cc:99) For utterance M0000000105_0073, best cost 69.7369 + 2074.94 = 2144.67 over 393 frames.
M0000000105_0073 ทำ อะไร ระหว่าง ทำ อาหาร ปลา 
LOG (lattice-best-path[5.5.0~1494-e5a5]:main():lattice-best-path.cc:99) For utterance M0000000105_0074, best cost 42.9616 + 1339.16 = 1382.12 over 257 frames.
M0000000105_0074 รับ ได้ สรุป ไม่ 
LOG (lattice-best-path[5.5.0~1494-e5a5]:main():lattice-best-path.cc:99) For utterance M0000000105_0075, best cost 62.4237 + 1997.69 = 2060.11 over 378 frames.
M0000000105_0075 จาก สมการ ต้อง อายุ เท่าไร 
LOG (lattice-best-path[5.5.0~1494-e5a5]:main():lattice-best-path.cc:99) For utterance M0000000105_0076, best cost 56.5387 + 1769.71 = 1826.24 over 330 frames.
M0000000105_0076 ยัง ไม่ เตือน อาหาร ไม่ 
LOG (lattice-best-path[5.5.0~1494-e5a5]:main():lattice-best-path.cc:99) For utterance M0000000105_0077, best cost 72.6985 + 2299.97 = 2372.66 over 435 frames.
M0000000105_0077 ไม่ มี ต่างๆ ต้องการ แทน หลอด ไม่ 
LOG (lattice-best-path[5.5.0~1494-e5a5]:main():lattice-best-path.cc:99) For utterance M0000000105_0078, best cost 55.0854 + 1975.06 = 2030.15 over 373 frames.
M0000000105_0078 จัดซื้อ การ ต้ม สายสร้อย 
LOG (lattice-best-path[5.5.0~1494-e5a5]:main():lattice-best-path.cc:99) For utterance M0000000105_0079, best cost 40.3964 + 1412.89 = 1453.29 over 266 frames.
M0000000105_0079 กลาย เป็น ใช้ ใน 
LOG (lattice-best-path[5.5.0~1494-e5a5]:main():lattice-best-path.cc:99) For utterance M0000000105_0080, best cost 75.3916 + 2116.4 = 2191.79 over 408 frames.
M0000000105_0080 จาก เปิด สาขา บาง ต้อง ทำ ใน 
LOG (lattice-best-path[5.5.0~1494-e5a5]:main():lattice-best-path.cc:99) For utterance M0000000105_0081, best cost 68.8833 + 2066.89 = 2135.78 over 394 frames.
M0000000105_0081 ปรก ช่วย ต่างๆ หลัก การ ขาย ใน 
LOG (lattice-best-path[5.5.0~1494-e5a5]:main():lattice-best-path.cc:99) For utterance M0000000105_0082, best cost 83.6142 + 2242.76 = 2326.37 over 429 frames.
M0000000105_0082 มา จาก ไป เปิด ล้าน คน สี แยก บัตร 
LOG (lattice-best-path[5.5.0~1494-e5a5]:main():lattice-best-path.cc:99) For utterance M0000000105_0083, best cost 42.1528 + 1391.26 = 1433.42 over 257 frames.
M0000000105_0083 ขัดยอก ขาย ใน 
LOG (lattice-best-path[5.5.0~1494-e5a5]:main():lattice-best-path.cc:99) For utterance M0000000105_0084, best cost 46.1926 + 1456.97 = 1503.16 over 271 frames.
M0000000105_0084 สะกดจิต เป็น ใน บาง 
LOG (lattice-best-path[5.5.0~1494-e5a5]:main():lattice-best-path.cc:99) For utterance M0000000105_0085, best cost 43.7803 + 1788 = 1831.78 over 335 frames.
M0000000105_0085 อาหาร ไม่ ได้ อีกด้วย 
LOG (lattice-best-path[5.5.0~1494-e5a5]:main():lattice-best-path.cc:99) For utterance M0000000105_0086, best cost 49.1849 + 1745.18 = 1794.37 over 334 frames.
M0000000105_0086 ส่วนหนึ่ง ภายใต้ หืด ปอด 
LOG (lattice-best-path[5.5.0~1494-e5a5]:main():lattice-best-path.cc:99) For utterance M0000000105_0087, best cost 48.6403 + 1381.36 = 1430 over 259 frames.
M0000000105_0087 เตือน ใน รูป ได้ ไม่ 
LOG (lattice-best-path[5.5.0~1494-e5a5]:main():lattice-best-path.cc:99) For utterance M0000000105_0088, best cost 51.3844 + 1656.74 = 1708.13 over 295 frames.
M0000000105_0088 ใช้ ถูก นอกจาก ที่ ได้ 
LOG (lattice-best-path[5.5.0~1494-e5a5]:main():lattice-best-path.cc:99) For utterance M0000000105_0089, best cost 39.6058 + 1359.78 = 1399.38 over 249 frames.
M0000000105_0089 ต้อง ใช้ ใน การ ชง 
LOG (lattice-best-path[5.5.0~1494-e5a5]:main():lattice-best-path.cc:99) For utterance M0000000105_0090, best cost 59.7156 + 1755.23 = 1814.94 over 328 frames.
M0000000105_0090 ทำ ลูกกลอน และ ใน เรื่อง ศัพท์ 
LOG (lattice-best-path[5.5.0~1494-e5a5]:main():lattice-best-path.cc:99) For utterance M0000000105_0091, best cost 48.8959 + 1420.56 = 1469.45 over 263 frames.
M0000000105_0091 ใส่ ศูนย์สูตร โลก หรือ เพราะ 
LOG (lattice-best-path[5.5.0~1494-e5a5]:main():lattice-best-path.cc:99) For utterance M0000000105_0092, best cost 39.2462 + 1228.85 = 1268.1 over 230 frames.
M0000000105_0092 ไซ หู หรือ ป้อน 
LOG (lattice-best-path[5.5.0~1494-e5a5]:main():lattice-best-path.cc:99) For utterance M0000000105_0093, best cost 47.1168 + 1527.82 = 1574.94 over 289 frames.
M0000000105_0093 แคระแกร็น ฝ่าย จากนั้น 
LOG (lattice-best-path[5.5.0~1494-e5a5]:main():lattice-best-path.cc:99) For utterance M0000000105_0094, best cost 56.2552 + 3143.18 = 3199.44 over 615 frames.
M0000000105_0094 เอา ผล กล้วย ขอบ พรึง 
LOG (lattice-best-path[5.5.0~1494-e5a5]:main():lattice-best-path.cc:99) For utterance M0000000105_0095, best cost 61.115 + 1925.02 = 1986.14 over 363 frames.
M0000000105_0095 ทำ ด้วย น้อย เข้าออก จาก ไม่ 
LOG (lattice-best-path[5.5.0~1494-e5a5]:main():lattice-best-path.cc:99) For utterance M0000000105_0096, best cost 60.5631 + 1772.96 = 1833.52 over 337 frames.
M0000000105_0096 โยธิน โป๊ะ เป็น ขึ้น ใหม่ อื่น 
LOG (lattice-best-path[5.5.0~1494-e5a5]:main():lattice-best-path.cc:99) For utterance M0000000105_0097, best cost 59.3756 + 1571.93 = 1631.31 over 294 frames.
M0000000105_0097 บาง ส่ง ที่ ข้าว ใน น้อย 
LOG (lattice-best-path[5.5.0~1494-e5a5]:main():lattice-best-path.cc:99) For utterance M0000000105_0098, best cost 79.3798 + 2072.63 = 2152.01 over 390 frames.
M0000000105_0098 มา ส่ง ให้ ที่ บาน ได้ บ่อยครั้ง 
LOG (lattice-best-path[5.5.0~1494-e5a5]:main():lattice-best-path.cc:99) For utterance M0000000105_0099, best cost 45.6183 + 1455.4 = 1501.02 over 273 frames.
M0000000105_0099 เดียว ลง ไป ออก รวง 
LOG (lattice-best-path[5.5.0~1494-e5a5]:main():lattice-best-path.cc:99) For utterance M0000000105_0100, best cost 62.3187 + 1910.25 = 1972.57 over 361 frames.
M0000000105_0100 นิยม เดิน ไป ออก ที่ นาน นัก 
LOG (lattice-best-path[5.5.0~1494-e5a5]:main():lattice-best-path.cc:99) For utterance M0000000105_0101, best cost 84.2761 + 2934.1 = 3018.37 over 544 frames.
M0000000105_0101 อยู่ สายตา ของ เรา อะไร ออกอากาศ หนึ่ง 
LOG (lattice-best-path[5.5.0~1494-e5a5]:main():lattice-best-path.cc:99) For utterance M0000000107_0000, best cost 15.6457 + 1298.39 = 1314.04 over 210 frames.
M0000000107_0000 
LOG (lattice-best-path[5.5.0~1494-e5a5]:main():lattice-best-path.cc:99) For utterance M0000000107_0001, best cost 36.0281 + 2560.69 = 2596.72 over 423 frames.
M0000000107_0001 เพราะฉะนั้น การ 
LOG (lattice-best-path[5.5.0~1494-e5a5]:main():lattice-best-path.cc:99) For utterance M0000000107_0002, best cost 50.1356 + 1930.33 = 1980.46 over 325 frames.
M0000000107_0002 เท่าไร แคร่ นั่ง เล่น การ 
LOG (lattice-best-path[5.5.0~1494-e5a5]:main():lattice-best-path.cc:99) For utterance M0000000107_0003, best cost 26.4007 + 1587 = 1613.4 over 276 frames.
M0000000107_0003 ครั้นแล้ว 
LOG (lattice-best-path[5.5.0~1494-e5a5]:main():lattice-best-path.cc:99) For utterance M0000000107_0004, best cost 24.5284 + 1548.71 = 1573.24 over 260 frames.
M0000000107_0004 เขา 
LOG (lattice-best-path[5.5.0~1494-e5a5]:main():lattice-best-path.cc:99) For utterance M0000000107_0005, best cost 34.2613 + 1439.33 = 1473.6 over 236 frames.
M0000000107_0005 เออออ ไป ใช้ 
LOG (lattice-best-path[5.5.0~1494-e5a5]:main():lattice-best-path.cc:99) For utterance M0000000107_0006, best cost 26.7362 + 1097.27 = 1124.01 over 177 frames.
M0000000107_0006 ผล หลงลืม 
LOG (lattice-best-path[5.5.0~1494-e5a5]:main():lattice-best-path.cc:99) For utterance M0000000107_0007, best cost 40.9666 + 1234.02 = 1274.99 over 207 frames.
M0000000107_0007 นั้น เช่น เอา เท่านั้น 
LOG (lattice-best-path[5.5.0~1494-e5a5]:main():lattice-best-path.cc:99) For utterance M0000000107_0008, best cost 42.834 + 1598.71 = 1641.55 over 266 frames.
M0000000107_0008 นำเอา เป็น กำลังส่ง 
LOG (lattice-best-path[5.5.0~1494-e5a5]:main():lattice-best-path.cc:99) For utterance M0000000107_0009, best cost 32.0823 + 1424.98 = 1457.06 over 239 frames.
M0000000107_0009 ของ แคร่ นั่ง เล่น 
LOG (lattice-best-path[5.5.0~1494-e5a5]:main():lattice-best-path.cc:99) For utterance M0000000107_0010, best cost 26.2629 + 1377.51 = 1403.77 over 244 frames.
M0000000107_0010 ของ ร้อน 
LOG (lattice-best-path[5.5.0~1494-e5a5]:main():lattice-best-path.cc:99) For utterance M0000000107_0011, best cost 23.4614 + 1097.02 = 1120.48 over 176 frames.
M0000000107_0011 มหาอาณาจักร 
LOG (lattice-best-path[5.5.0~1494-e5a5]:main():lattice-best-path.cc:99) For utterance M0000000107_0012, best cost 29.6496 + 1379.96 = 1409.61 over 230 frames.
M0000000107_0012 กำหนด ยิ่งขึ้น 
LOG (lattice-best-path[5.5.0~1494-e5a5]:main():lattice-best-path.cc:99) For utterance M0000000107_0013, best cost 52.3703 + 2631.8 = 2684.17 over 430 frames.
M0000000107_0013 ที่ ออกแบบ ของ ค่ำคืน 
LOG (lattice-best-path[5.5.0~1494-e5a5]:main():lattice-best-path.cc:99) For utterance M0000000107_0014, best cost 28.1782 + 1320.83 = 1349 over 219 frames.
M0000000107_0014 ขอม โบราณ ที่ 
LOG (lattice-best-path[5.5.0~1494-e5a5]:main():lattice-best-path.cc:99) For utterance M0000000107_0015, best cost 32.4725 + 1366.31 = 1398.78 over 224 frames.
M0000000107_0015 ของ ดรัม มาก 
LOG (lattice-best-path[5.5.0~1494-e5a5]:main():lattice-best-path.cc:99) For utterance M0000000107_0016, best cost 27.784 + 1677.61 = 1705.39 over 265 frames.
M0000000107_0016 แคระแกร็น 
LOG (lattice-best-path[5.5.0~1494-e5a5]:main():lattice-best-path.cc:99) For utterance M0000000107_0017, best cost 30.598 + 1295.79 = 1326.38 over 219 frames.
M0000000107_0017 ของ มาตรเวลา 
LOG (lattice-best-path[5.5.0~1494-e5a5]:main():lattice-best-path.cc:99) For utterance M0000000107_0018, best cost 35.3919 + 1179.16 = 1214.55 over 197 frames.
M0000000107_0018 ของ เรา มี เท่านั้น 
LOG (lattice-best-path[5.5.0~1494-e5a5]:main():lattice-best-path.cc:99) For utterance M0000000107_0019, best cost 39.9321 + 1521.42 = 1561.35 over 253 frames.
M0000000107_0019 หลาย เป็นต้นมา มาก 
LOG (lattice-best-path[5.5.0~1494-e5a5]:main():lattice-best-path.cc:99) For utterance M0000000107_0020, best cost 15.3453 + 1121.43 = 1136.78 over 179 frames.
M0000000107_0020 
LOG (lattice-best-path[5.5.0~1494-e5a5]:main():lattice-best-path.cc:99) For utterance M0000000107_0021, best cost 21.6892 + 1064.68 = 1086.37 over 174 frames.
M0000000107_0021 คล้ายคลึง กัน 
LOG (lattice-best-path[5.5.0~1494-e5a5]:main():lattice-best-path.cc:99) For utterance M0000000107_0022, best cost 28.4394 + 1642.81 = 1671.25 over 282 frames.
M0000000107_0022 ขึ้นมา ไม่ ทัน 
LOG (lattice-best-path[5.5.0~1494-e5a5]:main():lattice-best-path.cc:99) For utterance M0000000107_0023, best cost 27.722 + 1770.73 = 1798.45 over 295 frames.
M0000000107_0023 ไขราหน้าจั่ว 
LOG (lattice-best-path[5.5.0~1494-e5a5]:main():lattice-best-path.cc:99) For utterance M0000000107_0024, best cost 25.1919 + 1120.67 = 1145.87 over 188 frames.
M0000000107_0024 ของ เครื่องบิน 
LOG (lattice-best-path[5.5.0~1494-e5a5]:main():lattice-best-path.cc:99) For utterance M0000000107_0025, best cost 18.8625 + 981.436 = 1000.3 over 159 frames.
M0000000107_0025 ครั้นแล้ว 
LOG (lattice-best-path[5.5.0~1494-e5a5]:main():lattice-best-path.cc:99) For utterance M0000000107_0026, best cost 37.6338 + 1413.48 = 1451.12 over 233 frames.
M0000000107_0026 มี กำลังส่ง ที่ ไม่ 
LOG (lattice-best-path[5.5.0~1494-e5a5]:main():lattice-best-path.cc:99) For utterance M0000000107_0027, best cost 37.2102 + 1536.33 = 1573.54 over 259 frames.
M0000000107_0027 ฟอสฟอรัส เล็กๆน้อยๆ ได้ 
LOG (lattice-best-path[5.5.0~1494-e5a5]:main():lattice-best-path.cc:99) For utterance M0000000107_0028, best cost 30.9238 + 1505.59 = 1536.51 over 249 frames.
M0000000107_0028 คอมพิวเตอร์ มั่นคง 
LOG (lattice-best-path[5.5.0~1494-e5a5]:main():lattice-best-path.cc:99) For utterance M0000000107_0029, best cost 25.3297 + 1170.13 = 1195.46 over 202 frames.
M0000000107_0029 การ หาเลี้ยง 
LOG (lattice-best-path[5.5.0~1494-e5a5]:main():lattice-best-path.cc:99) For utterance M0000000107_0030, best cost 29.3135 + 1413.98 = 1443.29 over 236 frames.
M0000000107_0030 คง ฝรั่ง 
LOG (lattice-best-path[5.5.0~1494-e5a5]:main():lattice-best-path.cc:99) For utterance M0000000107_0031, best cost 34.713 + 1400.65 = 1435.37 over 246 frames.
M0000000107_0031 อาคาร สถานที่ ลง 
LOG (lattice-best-path[5.5.0~1494-e5a5]:main():lattice-best-path.cc:99) For utterance M0000000107_0032, best cost 28.1517 + 1747.96 = 1776.12 over 297 frames.
M0000000107_0032 ดร. อย่างไร 
LOG (lattice-best-path[5.5.0~1494-e5a5]:main():lattice-best-path.cc:99) For utterance M0000000107_0033, best cost 20.3134 + 1192.46 = 1212.77 over 209 frames.
M0000000107_0033 รายละเอียด 
LOG (lattice-best-path[5.5.0~1494-e5a5]:main():lattice-best-path.cc:99) For utterance M0000000107_0034, best cost 20.5888 + 954.348 = 974.937 over 158 frames.
M0000000107_0034 อร่ามเหลือง 
LOG (lattice-best-path[5.5.0~1494-e5a5]:main():lattice-best-path.cc:99) For utterance M0000000107_0035, best cost 13.9584 + 1026.63 = 1040.59 over 181 frames.
M0000000107_0035 แล้ว 
LOG (lattice-best-path[5.5.0~1494-e5a5]:main():lattice-best-path.cc:99) For utterance M0000000107_0036, best cost 32.516 + 1154.29 = 1186.81 over 208 frames.
M0000000107_0036 เพาะเลี้ยง เล็ก ลง 
LOG (lattice-best-path[5.5.0~1494-e5a5]:main():lattice-best-path.cc:99) For utterance M0000000107_0037, best cost 27.6392 + 1334.39 = 1362.03 over 230 frames.
M0000000107_0037 แล้ว แนวทาง 
LOG (lattice-best-path[5.5.0~1494-e5a5]:main():lattice-best-path.cc:99) For utterance M0000000107_0038, best cost 25.2164 + 1077.39 = 1102.61 over 174 frames.
M0000000107_0038 รุ่งอรุณ และ 
LOG (lattice-best-path[5.5.0~1494-e5a5]:main():lattice-best-path.cc:99) For utterance M0000000107_0039, best cost 30.7532 + 1366.41 = 1397.16 over 224 frames.
M0000000107_0039 ยา รส สามารถ 
LOG (lattice-best-path[5.5.0~1494-e5a5]:main():lattice-best-path.cc:99) For utterance M0000000107_0040, best cost 30.1211 + 1507.39 = 1537.51 over 257 frames.
M0000000107_0040 ยา รส เท่านั้น 
LOG (lattice-best-path[5.5.0~1494-e5a5]:main():lattice-best-path.cc:99) For utterance M0000000107_0041, best cost 49.045 + 1579.68 = 1628.73 over 263 frames.
M0000000107_0041 เออออ พลเมือง โดย ไม่ 
LOG (lattice-best-path[5.5.0~1494-e5a5]:main():lattice-best-path.cc:99) For utterance M0000000107_0042, best cost 24.2951 + 1193.08 = 1217.38 over 201 frames.
M0000000107_0042 อย่างไร 
LOG (lattice-best-path[5.5.0~1494-e5a5]:main():lattice-best-path.cc:99) For utterance M0000000107_0043, best cost 21.2915 + 1150.22 = 1171.51 over 189 frames.
M0000000107_0043 ฉลามลาย 
LOG (lattice-best-path[5.5.0~1494-e5a5]:main():lattice-best-path.cc:99) For utterance M0000000107_0044, best cost 22.1771 + 1102.34 = 1124.51 over 181 frames.
M0000000107_0044 ด้วย 
LOG (lattice-best-path[5.5.0~1494-e5a5]:main():lattice-best-path.cc:99) For utterance M0000000107_0045, best cost 26.1329 + 1514.22 = 1540.36 over 251 frames.
M0000000107_0045 ระยะ เคลื่อนที่ ได้ 
LOG (lattice-best-path[5.5.0~1494-e5a5]:main():lattice-best-path.cc:99) For utterance M0000000107_0046, best cost 21.9308 + 1142.49 = 1164.42 over 194 frames.
M0000000107_0046 อธิบาย 
LOG (lattice-best-path[5.5.0~1494-e5a5]:main():lattice-best-path.cc:99) For utterance M0000000107_0047, best cost 22.9891 + 1268.15 = 1291.14 over 215 frames.
M0000000107_0047 ครั้นแล้ว กระดาษ 
LOG (lattice-best-path[5.5.0~1494-e5a5]:main():lattice-best-path.cc:99) For utterance M0000000107_0048, best cost 32.4497 + 1439.97 = 1472.42 over 237 frames.
M0000000107_0048 ลดทอน ได้ ด้วย 
LOG (lattice-best-path[5.5.0~1494-e5a5]:main():lattice-best-path.cc:99) For utterance M0000000107_0049, best cost 27.8456 + 991.757 = 1019.6 over 178 frames.
M0000000107_0049 เมื่อ ละเลย 
LOG (lattice-best-path[5.5.0~1494-e5a5]:main():lattice-best-path.cc:99) For utterance M0000000107_0050, best cost 31.1918 + 1148.86 = 1180.05 over 195 frames.
M0000000107_0050 ลง ทะเล มาก 
LOG (lattice-best-path[5.5.0~1494-e5a5]:main():lattice-best-path.cc:99) For utterance M0000000107_0051, best cost 31.4035 + 1128.7 = 1160.1 over 198 frames.
M0000000107_0051 ประจำวัน ข่าว 
LOG (lattice-best-path[5.5.0~1494-e5a5]:main():lattice-best-path.cc:99) For utterance M0000000107_0052, best cost 26.2488 + 1271.03 = 1297.28 over 215 frames.
M0000000107_0052 เกล็ด ปลาไหล หาง 
LOG (lattice-best-path[5.5.0~1494-e5a5]:main():lattice-best-path.cc:99) For utterance M0000000107_0053, best cost 42.5394 + 1367.83 = 1410.37 over 229 frames.
M0000000107_0053 องค์ เดียว น้อย มาก นัก 
LOG (lattice-best-path[5.5.0~1494-e5a5]:main():lattice-best-path.cc:99) For utterance M0000000107_0054, best cost 21.6852 + 971.511 = 993.196 over 161 frames.
M0000000107_0054 อิเล็กตรอน 
LOG (lattice-best-path[5.5.0~1494-e5a5]:main():lattice-best-path.cc:99) For utterance M0000000107_0055, best cost 32.2468 + 1117.39 = 1149.64 over 193 frames.
M0000000107_0055 รหัส ของ ไว้ 
LOG (lattice-best-path[5.5.0~1494-e5a5]:main():lattice-best-path.cc:99) For utterance M0000000107_0056, best cost 52.4192 + 2042.93 = 2095.35 over 343 frames.
M0000000107_0056 ผิว ของ ร่างกาย ขึ้น อย่างไร 
LOG (lattice-best-path[5.5.0~1494-e5a5]:main():lattice-best-path.cc:99) For utterance M0000000107_0057, best cost 19.6978 + 903.231 = 922.929 over 163 frames.
M0000000107_0057 มั่นคง 
LOG (lattice-best-path[5.5.0~1494-e5a5]:main():lattice-best-path.cc:99) For utterance M0000000107_0058, best cost 28.5294 + 1074.47 = 1103 over 179 frames.
M0000000107_0058 หลังจากนั้น ไม่ 
LOG (lattice-best-path[5.5.0~1494-e5a5]:main():lattice-best-path.cc:99) For utterance M0000000107_0059, best cost 15.7801 + 1301.63 = 1317.41 over 220 frames.
M0000000107_0059 
LOG (lattice-best-path[5.5.0~1494-e5a5]:main():lattice-best-path.cc:99) For utterance M0000000107_0060, best cost 29.3632 + 1895.07 = 1924.44 over 320 frames.
M0000000107_0060 และ ไม่ 
LOG (lattice-best-path[5.5.0~1494-e5a5]:main():lattice-best-path.cc:99) For utterance M0000000107_0061, best cost 35.813 + 1308.79 = 1344.61 over 233 frames.
M0000000107_0061 กลไก เป็น วัย ของ 
LOG (lattice-best-path[5.5.0~1494-e5a5]:main():lattice-best-path.cc:99) For utterance M0000000107_0062, best cost 30.0892 + 1098.68 = 1128.77 over 192 frames.
M0000000107_0062 มี ท่องเที่ยว ไป 
LOG (lattice-best-path[5.5.0~1494-e5a5]:main():lattice-best-path.cc:99) For utterance M0000000107_0063, best cost 40.85 + 1277.09 = 1317.94 over 228 frames.
M0000000107_0063 เล็ก ลง เที่ยว โดย ไม่ 
LOG (lattice-best-path[5.5.0~1494-e5a5]:main():lattice-best-path.cc:99) For utterance M0000000107_0064, best cost 23.4501 + 1015.47 = 1038.92 over 176 frames.
M0000000107_0064 คลอไรด์ ซิเทรต 
LOG (lattice-best-path[5.5.0~1494-e5a5]:main():lattice-best-path.cc:99) For utterance M0000000107_0065, best cost 33.1232 + 1332.71 = 1365.83 over 216 frames.
M0000000107_0065 ของ ศัตรู ทำลาย 
LOG (lattice-best-path[5.5.0~1494-e5a5]:main():lattice-best-path.cc:99) For utterance M0000000107_0066, best cost 17.8788 + 1187.2 = 1205.08 over 192 frames.
M0000000107_0066 เพราะ 
LOG (lattice-best-path[5.5.0~1494-e5a5]:main():lattice-best-path.cc:99) For utterance M0000000107_0067, best cost 20.3856 + 1203.43 = 1223.82 over 201 frames.
M0000000107_0067 แคระแกร็น 
LOG (lattice-best-path[5.5.0~1494-e5a5]:main():lattice-best-path.cc:99) For utterance M0000000107_0068, best cost 33.444 + 1756.29 = 1789.74 over 298 frames.
M0000000107_0068 แคระแกร็น ต้องการ 
LOG (lattice-best-path[5.5.0~1494-e5a5]:main():lattice-best-path.cc:99) For utterance M0000000107_0069, best cost 28.5926 + 1102.75 = 1131.35 over 185 frames.
M0000000107_0069 วิธี อย่างไร 
LOG (lattice-best-path[5.5.0~1494-e5a5]:main():lattice-best-path.cc:99) For utterance M0000000107_0070, best cost 35.851 + 1299.55 = 1335.4 over 228 frames.
M0000000107_0070 เพราะ เล็ก ลง น้อย ขึ้น 
LOG (lattice-best-path[5.5.0~1494-e5a5]:main():lattice-best-path.cc:99) For utterance M0000000107_0071, best cost 31.3582 + 1408.79 = 1440.15 over 229 frames.
M0000000107_0071 เรียก โผล่ 
LOG (lattice-best-path[5.5.0~1494-e5a5]:main():lattice-best-path.cc:99) For utterance M0000000107_0072, best cost 31.6899 + 1598.85 = 1630.54 over 277 frames.
M0000000107_0072 ผลลัพธ์ ที่ ลดลง เรื่อย 
LOG (lattice-best-path[5.5.0~1494-e5a5]:main():lattice-best-path.cc:99) For utterance M0000000107_0073, best cost 49.5994 + 1697.21 = 1746.81 over 284 frames.
M0000000107_0073 ทำให้ ระหว่าง ร้านอาหาร บัตร 
LOG (lattice-best-path[5.5.0~1494-e5a5]:main():lattice-best-path.cc:99) For utterance M0000000107_0074, best cost 20.6882 + 1373.61 = 1394.3 over 228 frames.
M0000000107_0074 เพราะ 
LOG (lattice-best-path[5.5.0~1494-e5a5]:main():lattice-best-path.cc:99) For utterance M0000000107_0075, best cost 47.6561 + 1909.14 = 1956.8 over 320 frames.
M0000000107_0075 ยาฆ่าแมลง อยู่ ให้ 
LOG (lattice-best-path[5.5.0~1494-e5a5]:main():lattice-best-path.cc:99) For utterance M0000000107_0076, best cost 39.402 + 1539.57 = 1578.98 over 248 frames.
M0000000107_0076 รายละเอียด อาจจะ ไม่ 
LOG (lattice-best-path[5.5.0~1494-e5a5]:main():lattice-best-path.cc:99) For utterance M0000000107_0077, best cost 54.8978 + 1638.94 = 1693.84 over 279 frames.
M0000000107_0077 และ มี ดังนั้น จะ เห็น ได ใน 
LOG (lattice-best-path[5.5.0~1494-e5a5]:main():lattice-best-path.cc:99) For utterance M0000000107_0078, best cost 45.5297 + 1753.5 = 1799.03 over 292 frames.
M0000000107_0078 ยา เสื้อกระบอก ให้โทษ 
LOG (lattice-best-path[5.5.0~1494-e5a5]:main():lattice-best-path.cc:99) For utterance M0000000107_0079, best cost 25.3001 + 1163.35 = 1188.65 over 193 frames.
M0000000107_0079 รับประทาน ได้ 
LOG (lattice-best-path[5.5.0~1494-e5a5]:main():lattice-best-path.cc:99) For utterance M0000000107_0080, best cost 58.7669 + 1855.52 = 1914.28 over 306 frames.
M0000000107_0080 ยา รหัส บาง เกาะ ทำลาย 
LOG (lattice-best-path[5.5.0~1494-e5a5]:main():lattice-best-path.cc:99) For utterance M0000000107_0081, best cost 52.353 + 2076.02 = 2128.37 over 347 frames.
M0000000107_0081 เพราะ ช่วย สร้าง อย่างไร ภายใน 
LOG (lattice-best-path[5.5.0~1494-e5a5]:main():lattice-best-path.cc:99) For utterance M0000000107_0082, best cost 36.1336 + 1962.9 = 1999.04 over 329 frames.
M0000000107_0082 ลักษณะ เดิม วาง เรียง กัน 
LOG (lattice-best-path[5.5.0~1494-e5a5]:main():lattice-best-path.cc:99) For utterance M0000000107_0083, best cost 39.2045 + 1292.49 = 1331.69 over 208 frames.
M0000000107_0083 เคี่ยว ให้ ที่ ไม่ 
LOG (lattice-best-path[5.5.0~1494-e5a5]:main():lattice-best-path.cc:99) For utterance M0000000107_0084, best cost 25.2013 + 1291.53 = 1316.73 over 212 frames.
M0000000107_0084 ขึ้น 
LOG (lattice-best-path[5.5.0~1494-e5a5]:main():lattice-best-path.cc:99) For utterance M0000000107_0085, best cost 33.7931 + 1355.9 = 1389.69 over 238 frames.
M0000000107_0085 ท่าทาง ไม่ ได้ อีกด้วย 
LOG (lattice-best-path[5.5.0~1494-e5a5]:main():lattice-best-path.cc:99) For utterance M0000000107_0086, best cost 30.6177 + 1416 = 1446.62 over 229 frames.
M0000000107_0086 หรือ ขัดยอก 
LOG (lattice-best-path[5.5.0~1494-e5a5]:main():lattice-best-path.cc:99) For utterance M0000000107_0087, best cost 39.6736 + 1292.1 = 1331.77 over 223 frames.
M0000000107_0087 เรียน นโยบาย ไว้ 
LOG (lattice-best-path[5.5.0~1494-e5a5]:main():lattice-best-path.cc:99) For utterance M0000000107_0088, best cost 46.8791 + 1221.95 = 1268.83 over 206 frames.
M0000000107_0088 ใช้ หนู โอกาส ที่ ไม่ 
LOG (lattice-best-path[5.5.0~1494-e5a5]:main():lattice-best-path.cc:99) For utterance M0000000107_0089, best cost 33.6043 + 1067.97 = 1101.58 over 179 frames.
M0000000107_0089 กลไก เจ้าหน้าที่ ของ 
LOG (lattice-best-path[5.5.0~1494-e5a5]:main():lattice-best-path.cc:99) For utterance M0000000107_0090, best cost 31.2623 + 1417.05 = 1448.31 over 241 frames.
M0000000107_0090 ทำ ชัก 
LOG (lattice-best-path[5.5.0~1494-e5a5]:main():lattice-best-path.cc:99) For utterance M0000000107_0091, best cost 26.4857 + 1539.31 = 1565.8 over 258 frames.
M0000000107_0091 ใส่ 
LOG (lattice-best-path[5.5.0~1494-e5a5]:main():lattice-best-path.cc:99) For utterance M0000000107_0092, best cost 32.0475 + 1018.09 = 1050.13 over 165 frames.
M0000000107_0092 ไซ หู ดังกล่าว 
LOG (lattice-best-path[5.5.0~1494-e5a5]:main():lattice-best-path.cc:99) For utterance M0000000107_0093, best cost 34.3646 + 1231.09 = 1265.46 over 209 frames.
M0000000107_0093 เขา ทำให้ จำเป็น 
LOG (lattice-best-path[5.5.0~1494-e5a5]:main():lattice-best-path.cc:99) For utterance M0000000107_0094, best cost 38.5574 + 1178.44 = 1216.99 over 200 frames.
M0000000107_0094 เอา ผล ของ จำเป็น 
LOG (lattice-best-path[5.5.0~1494-e5a5]:main():lattice-best-path.cc:99) For utterance M0000000107_0095, best cost 43.5106 + 1604.98 = 1648.49 over 275 frames.
M0000000107_0095 คำนวณ รวดเร็ว กว่า หนึ่ง ไว้ 
LOG (lattice-best-path[5.5.0~1494-e5a5]:main():lattice-best-path.cc:99) For utterance M0000000107_0096, best cost 28.0932 + 1588.97 = 1617.07 over 264 frames.
M0000000107_0096 ลดลง เรื่อย 
LOG (lattice-best-path[5.5.0~1494-e5a5]:main():lattice-best-path.cc:99) For utterance M0000000107_0097, best cost 38.4289 + 1297.47 = 1335.9 over 214 frames.
M0000000107_0097 กระทบ ที่ ออก รวง 
LOG (lattice-best-path[5.5.0~1494-e5a5]:main():lattice-best-path.cc:99) For utterance M0000000107_0098, best cost 43.1217 + 1862.95 = 1906.08 over 316 frames.
M0000000107_0098 อักษร ที่ บันได 
LOG (lattice-best-path[5.5.0~1494-e5a5]:main():lattice-best-path.cc:99) For utterance M0000000107_0099, best cost 26.5785 + 1181.74 = 1208.32 over 184 frames.
M0000000107_0099 โดย เข้า เครื่อง 
LOG (lattice-best-path[5.5.0~1494-e5a5]:main():lattice-best-path.cc:99) For utterance M0000000107_0100, best cost 30.996 + 1346.03 = 1377.03 over 219 frames.
M0000000107_0100 เดียว เท่านั้น 
LOG (lattice-best-path[5.5.0~1494-e5a5]:main():lattice-best-path.cc:99) For utterance M0000000107_0101, best cost 65.6333 + 2560.17 = 2625.8 over 424 frames.
M0000000107_0101 เกรียงชัย รหัส แล้ว ไป ละเลย กัน 
LOG (lattice-best-path[5.5.0~1494-e5a5]:main():lattice-best-path.cc:99) For utterance M0000000124_0000, best cost 19.6922 + 1044.83 = 1064.53 over 203 frames.
M0000000124_0000 ที่ 
LOG (lattice-best-path[5.5.0~1494-e5a5]:main():lattice-best-path.cc:99) For utterance M0000000124_0001, best cost 46.2818 + 1607.66 = 1653.94 over 282 frames.
M0000000124_0001 ควร ที่รัก นั้น การ 
LOG (lattice-best-path[5.5.0~1494-e5a5]:main():lattice-best-path.cc:99) For utterance M0000000124_0002, best cost 30.5647 + 1778.2 = 1808.77 over 321 frames.
M0000000124_0002 ชั้น 
LOG (lattice-best-path[5.5.0~1494-e5a5]:main():lattice-best-path.cc:99) For utterance M0000000124_0003, best cost 31.0545 + 1528.68 = 1559.73 over 284 frames.
M0000000124_0003 ทรง กำเริบ มากขึ้น 
LOG (lattice-best-path[5.5.0~1494-e5a5]:main():lattice-best-path.cc:99) For utterance M0000000124_0004, best cost 31.2992 + 1502.19 = 1533.49 over 267 frames.
M0000000124_0004 ของ รองศาสตราจารย์ 
LOG (lattice-best-path[5.5.0~1494-e5a5]:main():lattice-best-path.cc:99) For utterance M0000000124_0005, best cost 37.7918 + 1492.01 = 1529.8 over 269 frames.
M0000000124_0005 ไซ หู การ 
LOG (lattice-best-path[5.5.0~1494-e5a5]:main():lattice-best-path.cc:99) For utterance M0000000124_0006, best cost 19.8447 + 1151.9 = 1171.75 over 204 frames.
M0000000124_0006 แคระแกร็น 
LOG (lattice-best-path[5.5.0~1494-e5a5]:main():lattice-best-path.cc:99) For utterance M0000000124_0007, best cost 14.9794 + 1010.42 = 1025.4 over 173 frames.
M0000000124_0007 
LOG (lattice-best-path[5.5.0~1494-e5a5]:main():lattice-best-path.cc:99) For utterance M0000000124_0008, best cost 25.9106 + 1404.62 = 1430.53 over 251 frames.
M0000000124_0008 ทรง 
LOG (lattice-best-path[5.5.0~1494-e5a5]:main():lattice-best-path.cc:99) For utterance M0000000124_0009, best cost 32.4124 + 1135.23 = 1167.64 over 199 frames.
M0000000124_0009 ข้อ นั้น เช่นกัน 
LOG (lattice-best-path[5.5.0~1494-e5a5]:main():lattice-best-path.cc:99) For utterance M0000000124_0010, best cost 28.7593 + 1204.98 = 1233.74 over 227 frames.
M0000000124_0010 ของ มอบหมาย 
LOG (lattice-best-path[5.5.0~1494-e5a5]:main():lattice-best-path.cc:99) For utterance M0000000124_0011, best cost 15.6574 + 1118.03 = 1133.69 over 199 frames.
M0000000124_0011 
LOG (lattice-best-path[5.5.0~1494-e5a5]:main():lattice-best-path.cc:99) For utterance M0000000124_0012, best cost 36.8309 + 1618.31 = 1655.14 over 287 frames.
M0000000124_0012 ศัตรู ที่ เรือน 
LOG (lattice-best-path[5.5.0~1494-e5a5]:main():lattice-best-path.cc:99) For utterance M0000000124_0013, best cost 49.0367 + 2082.91 = 2131.95 over 371 frames.
M0000000124_0013 ที่ ของ เลเซอร์ ทำ ขึ้น 
LOG (lattice-best-path[5.5.0~1494-e5a5]:main():lattice-best-path.cc:99) For utterance M0000000124_0014, best cost 28.6473 + 1629.3 = 1657.95 over 302 frames.
M0000000124_0014 แต่ ที่ 
LOG (lattice-best-path[5.5.0~1494-e5a5]:main():lattice-best-path.cc:99) For utterance M0000000124_0015, best cost 38.4853 + 1407.41 = 1445.89 over 264 frames.
M0000000124_0015 ข้อ นั้น จะ นาน นัก 
LOG (lattice-best-path[5.5.0~1494-e5a5]:main():lattice-best-path.cc:99) For utterance M0000000124_0016, best cost 42.589 + 1559.38 = 1601.97 over 278 frames.
M0000000124_0016 ข้อ นั้น จิระศักดิ์ และ 
LOG (lattice-best-path[5.5.0~1494-e5a5]:main():lattice-best-path.cc:99) For utterance M0000000124_0017, best cost 32.9831 + 1568.69 = 1601.67 over 302 frames.
M0000000124_0017 ข้อ นั้น ไป แล้ว 
LOG (lattice-best-path[5.5.0~1494-e5a5]:main():lattice-best-path.cc:99) For utterance M0000000124_0018, best cost 38.2968 + 1475.65 = 1513.95 over 275 frames.
M0000000124_0018 ครอบครัว ที่ ขโมย 
LOG (lattice-best-path[5.5.0~1494-e5a5]:main():lattice-best-path.cc:99) For utterance M0000000124_0019, best cost 29.3421 + 1178.05 = 1207.39 over 208 frames.
M0000000124_0019 ขยาย เป็นต้น 
LOG (lattice-best-path[5.5.0~1494-e5a5]:main():lattice-best-path.cc:99) For utterance M0000000124_0020, best cost 30.3814 + 1261.37 = 1291.76 over 228 frames.
M0000000124_0020 รู้จัก ใช้ ใน 
LOG (lattice-best-path[5.5.0~1494-e5a5]:main():lattice-best-path.cc:99) For utterance M0000000124_0021, best cost 28.5547 + 1174.78 = 1203.34 over 219 frames.
M0000000124_0021 ใน ที่ ชั้น 
LOG (lattice-best-path[5.5.0~1494-e5a5]:main():lattice-best-path.cc:99) For utterance M0000000124_0022, best cost 28.0428 + 1131.02 = 1159.07 over 207 frames.
M0000000124_0022 ทำ ได้ เมื่อ 
LOG (lattice-best-path[5.5.0~1494-e5a5]:main():lattice-best-path.cc:99) For utterance M0000000124_0023, best cost 27.1563 + 1589.26 = 1616.41 over 284 frames.
M0000000124_0023 ภายใน 
LOG (lattice-best-path[5.5.0~1494-e5a5]:main():lattice-best-path.cc:99) For utterance M0000000124_0024, best cost 36.4048 + 1538.89 = 1575.29 over 287 frames.
M0000000124_0024 ของ เครื่อง ผู้น้อย 
LOG (lattice-best-path[5.5.0~1494-e5a5]:main():lattice-best-path.cc:99) For utterance M0000000124_0025, best cost 20.9727 + 893.659 = 914.632 over 169 frames.
M0000000124_0025 นก 
LOG (lattice-best-path[5.5.0~1494-e5a5]:main():lattice-best-path.cc:99) For utterance M0000000124_0026, best cost 33.426 + 1469.94 = 1503.37 over 274 frames.
M0000000124_0026 มี ที่ ไม่ 
LOG (lattice-best-path[5.5.0~1494-e5a5]:main():lattice-best-path.cc:99) For utterance M0000000124_0027, best cost 33.0894 + 1265.12 = 1298.21 over 224 frames.
M0000000124_0027 ก็ สามารถ ค่าใช้จ่าย 
LOG (lattice-best-path[5.5.0~1494-e5a5]:main():lattice-best-path.cc:99) For utterance M0000000124_0028, best cost 36.9152 + 1375.32 = 1412.24 over 251 frames.
M0000000124_0028 ข้อ นั้น จิระศักดิ์ 
LOG (lattice-best-path[5.5.0~1494-e5a5]:main():lattice-best-path.cc:99) For utterance M0000000124_0029, best cost 22.25 + 1214.58 = 1236.83 over 221 frames.
M0000000124_0029 อย่าง 
LOG (lattice-best-path[5.5.0~1494-e5a5]:main():lattice-best-path.cc:99) For utterance M0000000124_0030, best cost 20.0051 + 1274.12 = 1294.12 over 236 frames.
M0000000124_0030 ระหว่าง 
LOG (lattice-best-path[5.5.0~1494-e5a5]:main():lattice-best-path.cc:99) For utterance M0000000124_0031, best cost 38.7251 + 1187.8 = 1226.52 over 212 frames.
M0000000124_0031 อาจจะ ไม่ ที่ ลง 
LOG (lattice-best-path[5.5.0~1494-e5a5]:main():lattice-best-path.cc:99) For utterance M0000000124_0032, best cost 37.451 + 1422.34 = 1459.8 over 260 frames.
M0000000124_0032 ต่อ โรค น้ำ ใน 
LOG (lattice-best-path[5.5.0~1494-e5a5]:main():lattice-best-path.cc:99) For utterance M0000000124_0033, best cost 28.9408 + 1040.06 = 1069 over 196 frames.
M0000000124_0033 ไม่ เกษตร 
LOG (lattice-best-path[5.5.0~1494-e5a5]:main():lattice-best-path.cc:99) For utterance M0000000124_0034, best cost 23.2817 + 1193.13 = 1216.42 over 230 frames.
M0000000124_0034 ป้อน คำสั่ง 
LOG (lattice-best-path[5.5.0~1494-e5a5]:main():lattice-best-path.cc:99) For utterance M0000000124_0035, best cost 19.8826 + 1224.46 = 1244.35 over 230 frames.
M0000000124_0035 แมลง 
LOG (lattice-best-path[5.5.0~1494-e5a5]:main():lattice-best-path.cc:99) For utterance M0000000124_0036, best cost 36.5255 + 1147.08 = 1183.6 over 212 frames.
M0000000124_0036 ของ เปลี่ยน เป็น รู 
LOG (lattice-best-path[5.5.0~1494-e5a5]:main():lattice-best-path.cc:99) For utterance M0000000124_0037, best cost 25.9519 + 1281.85 = 1307.81 over 239 frames.
M0000000124_0037 ไม่ รักษา 
LOG (lattice-best-path[5.5.0~1494-e5a5]:main():lattice-best-path.cc:99) For utterance M0000000124_0038, best cost 31.0574 + 1169.91 = 1200.96 over 210 frames.
M0000000124_0038 ปลุกเร้า ยัง 
LOG (lattice-best-path[5.5.0~1494-e5a5]:main():lattice-best-path.cc:99) For utterance M0000000124_0039, best cost 21.9442 + 1593.83 = 1615.78 over 287 frames.
M0000000124_0039 และ 
LOG (lattice-best-path[5.5.0~1494-e5a5]:main():lattice-best-path.cc:99) For utterance M0000000124_0040, best cost 29.1967 + 1581.32 = 1610.52 over 279 frames.
M0000000124_0040 ใหญ่ มาก 
LOG (lattice-best-path[5.5.0~1494-e5a5]:main():lattice-best-path.cc:99) For utterance M0000000124_0041, best cost 38.0224 + 1883.49 = 1921.51 over 347 frames.
M0000000124_0041 มัก เออออ ไป ใน 
LOG (lattice-best-path[5.5.0~1494-e5a5]:main():lattice-best-path.cc:99) For utterance M0000000124_0042, best cost 16.4736 + 1587.78 = 1604.25 over 279 frames.
M0000000124_0042 
LOG (lattice-best-path[5.5.0~1494-e5a5]:main():lattice-best-path.cc:99) For utterance M0000000124_0043, best cost 28.833 + 1450.42 = 1479.25 over 275 frames.
M0000000124_0043 ทำมุม อย่างไร 
LOG (lattice-best-path[5.5.0~1494-e5a5]:main():lattice-best-path.cc:99) For utterance M0000000124_0044, best cost 21.2587 + 1290.26 = 1311.52 over 239 frames.
M0000000124_0044 โดย 
LOG (lattice-best-path[5.5.0~1494-e5a5]:main():lattice-best-path.cc:99) For utterance M0000000124_0045, best cost 37.01 + 1565.86 = 1602.87 over 287 frames.
M0000000124_0045 ระบาย เทคนิค ใน 
LOG (lattice-best-path[5.5.0~1494-e5a5]:main():lattice-best-path.cc:99) For utterance M0000000124_0046, best cost 18.6416 + 1081.89 = 1100.53 over 200 frames.
M0000000124_0046 ออกไป 
LOG (lattice-best-path[5.5.0~1494-e5a5]:main():lattice-best-path.cc:99) For utterance M0000000124_0047, best cost 23.6444 + 1621.78 = 1645.43 over 305 frames.
M0000000124_0047 ศิลาจารึก ไป 
LOG (lattice-best-path[5.5.0~1494-e5a5]:main():lattice-best-path.cc:99) For utterance M0000000124_0048, best cost 30.4725 + 1465.74 = 1496.21 over 272 frames.
M0000000124_0048 มี โครงสร้าง ภายใน 
LOG (lattice-best-path[5.5.0~1494-e5a5]:main():lattice-best-path.cc:99) For utterance M0000000124_0049, best cost 29.3313 + 1278.35 = 1307.69 over 239 frames.
M0000000124_0049 ดร. เลย 
LOG (lattice-best-path[5.5.0~1494-e5a5]:main():lattice-best-path.cc:99) For utterance M0000000124_0050, best cost 34.9172 + 1533.7 = 1568.61 over 287 frames.
M0000000124_0050 เพราะ ชัดเจน มาก 
LOG (lattice-best-path[5.5.0~1494-e5a5]:main():lattice-best-path.cc:99) For utterance M0000000124_0051, best cost 27.1837 + 1169.37 = 1196.55 over 215 frames.
M0000000124_0051 ผ้า ขาว 
LOG (lattice-best-path[5.5.0~1494-e5a5]:main():lattice-best-path.cc:99) For utterance M0000000124_0052, best cost 31.5969 + 1432.58 = 1464.18 over 269 frames.
M0000000124_0052 คลื่นไส้ สับ 
LOG (lattice-best-path[5.5.0~1494-e5a5]:main():lattice-best-path.cc:99) For utterance M0000000124_0053, best cost 42.8018 + 1538.47 = 1581.27 over 275 frames.
M0000000124_0053 วันนี้ อะไร สับ 
LOG (lattice-best-path[5.5.0~1494-e5a5]:main():lattice-best-path.cc:99) For utterance M0000000124_0054, best cost 26.8419 + 1322.33 = 1349.17 over 242 frames.
M0000000124_0054 วัย ของ 
LOG (lattice-best-path[5.5.0~1494-e5a5]:main():lattice-best-path.cc:99) For utterance M0000000124_0055, best cost 30.2556 + 1528.83 = 1559.09 over 284 frames.
M0000000124_0055 ทำให้ รอย 
LOG (lattice-best-path[5.5.0~1494-e5a5]:main():lattice-best-path.cc:99) For utterance M0000000124_0056, best cost 65.1471 + 2047.1 = 2112.25 over 362 frames.
M0000000124_0056 ยิ่งขึ้น การ รักษา ถึง เดียวกัน ใน 
LOG (lattice-best-path[5.5.0~1494-e5a5]:main():lattice-best-path.cc:99) For utterance M0000000124_0057, best cost 32.1777 + 1510.38 = 1542.56 over 287 frames.
M0000000124_0057 ไม่ ต้อง ของ 
LOG (lattice-best-path[5.5.0~1494-e5a5]:main():lattice-best-path.cc:99) For utterance M0000000124_0058, best cost 27.995 + 1530.99 = 1558.98 over 284 frames.
M0000000124_0058 ลักษณะ ใน 
LOG (lattice-best-path[5.5.0~1494-e5a5]:main():lattice-best-path.cc:99) For utterance M0000000124_0059, best cost 35.6806 + 1652.26 = 1687.94 over 299 frames.
M0000000124_0059 กระดอง สัตว์ ร้าย 
LOG (lattice-best-path[5.5.0~1494-e5a5]:main():lattice-best-path.cc:99) For utterance M0000000124_0060, best cost 26.2282 + 1680.61 = 1706.84 over 291 frames.
M0000000124_0060 บันได 
LOG (lattice-best-path[5.5.0~1494-e5a5]:main():lattice-best-path.cc:99) For utterance M0000000124_0061, best cost 27.8613 + 1517.63 = 1545.49 over 281 frames.
M0000000124_0061 กลไก การ รักษา 
LOG (lattice-best-path[5.5.0~1494-e5a5]:main():lattice-best-path.cc:99) For utterance M0000000124_0062, best cost 29.896 + 1384.13 = 1414.03 over 252 frames.
M0000000124_0062 มี ร้องเพลง ได้ 
LOG (lattice-best-path[5.5.0~1494-e5a5]:main():lattice-best-path.cc:99) For utterance M0000000124_0063, best cost 41.2361 + 1591.72 = 1632.96 over 296 frames.
M0000000124_0063 ไม่ รู้ มี อัตรา น้อย 
LOG (lattice-best-path[5.5.0~1494-e5a5]:main():lattice-best-path.cc:99) For utterance M0000000124_0064, best cost 32.5609 + 1599.61 = 1632.17 over 267 frames.
M0000000124_0064 ของ รังสี 
LOG (lattice-best-path[5.5.0~1494-e5a5]:main():lattice-best-path.cc:99) For utterance M0000000124_0065, best cost 50.9735 + 1636.34 = 1687.31 over 294 frames.
M0000000124_0065 ก็ จะ ชุบ เริ่ม น้อย 
LOG (lattice-best-path[5.5.0~1494-e5a5]:main():lattice-best-path.cc:99) For utterance M0000000124_0066, best cost 44.5036 + 1422.41 = 1466.92 over 260 frames.
M0000000124_0066 อาเจียน หมด ขับ 
LOG (lattice-best-path[5.5.0~1494-e5a5]:main():lattice-best-path.cc:99) For utterance M0000000124_0067, best cost 37.4207 + 1606.21 = 1643.63 over 285 frames.
M0000000124_0067 ของ มี การ หนึ่ง 
LOG (lattice-best-path[5.5.0~1494-e5a5]:main():lattice-best-path.cc:99) For utterance M0000000124_0068, best cost 33.3941 + 1742.38 = 1775.77 over 318 frames.
M0000000124_0068 ข้อจำกัด ของ การ 
LOG (lattice-best-path[5.5.0~1494-e5a5]:main():lattice-best-path.cc:99) For utterance M0000000124_0069, best cost 32.1612 + 1710.27 = 1742.43 over 302 frames.
M0000000124_0069 มี ที่ อย่างไร 
LOG (lattice-best-path[5.5.0~1494-e5a5]:main():lattice-best-path.cc:99) For utterance M0000000124_0070, best cost 39.005 + 1490.4 = 1529.41 over 278 frames.
M0000000124_0070 พอ มี อยู่ ใน สี 
LOG (lattice-best-path[5.5.0~1494-e5a5]:main():lattice-best-path.cc:99) For utterance M0000000124_0071, best cost 43.5284 + 1500.42 = 1543.95 over 278 frames.
M0000000124_0071 การ นี้ มี ข้อดี ได้ 
LOG (lattice-best-path[5.5.0~1494-e5a5]:main():lattice-best-path.cc:99) For utterance M0000000124_0072, best cost 47.3677 + 1338.24 = 1385.61 over 236 frames.
M0000000124_0072 ควร ที่ ไม่ ทำ ด้วย ไม้ 
LOG (lattice-best-path[5.5.0~1494-e5a5]:main():lattice-best-path.cc:99) For utterance M0000000124_0073, best cost 51.4823 + 2213.36 = 2264.84 over 398 frames.
M0000000124_0073 ทำให้ ระหว่าง ทำ พัฒนา 
LOG (lattice-best-path[5.5.0~1494-e5a5]:main():lattice-best-path.cc:99) For utterance M0000000124_0074, best cost 22.5594 + 1477.34 = 1499.9 over 273 frames.
M0000000124_0074 ใน 
LOG (lattice-best-path[5.5.0~1494-e5a5]:main():lattice-best-path.cc:99) For utterance M0000000124_0075, best cost 57.4812 + 1863.67 = 1921.16 over 330 frames.
M0000000124_0075 จาก สมการ ต้อง อายุ เท่าไร 
LOG (lattice-best-path[5.5.0~1494-e5a5]:main():lattice-best-path.cc:99) For utterance M0000000124_0076, best cost 52.8104 + 1890.2 = 1943.01 over 353 frames.
M0000000124_0076 อย่างไร เกณฑ์ การ รับ ไม่ 
LOG (lattice-best-path[5.5.0~1494-e5a5]:main():lattice-best-path.cc:99) For utterance M0000000124_0077, best cost 47.7702 + 1916.86 = 1964.64 over 344 frames.
M0000000124_0077 ไม่ นิตยา กาญจนะวรรณ เป็น ไม่ 
LOG (lattice-best-path[5.5.0~1494-e5a5]:main():lattice-best-path.cc:99) For utterance M0000000124_0078, best cost 45.441 + 2017.82 = 2063.26 over 350 frames.
M0000000124_0078 ยาก ต่อ สัตว์ ร้าย 
LOG (lattice-best-path[5.5.0~1494-e5a5]:main():lattice-best-path.cc:99) For utterance M0000000124_0079, best cost 38.7041 + 1352.48 = 1391.19 over 252 frames.
M0000000124_0079 เขา เป็น ใช้ ใหม่ 
LOG (lattice-best-path[5.5.0~1494-e5a5]:main():lattice-best-path.cc:99) For utterance M0000000124_0080, best cost 69.2984 + 2112.48 = 2181.78 over 374 frames.
M0000000124_0080 ยาว เปิด สาขา บาง ต้อง ทำ ให้ 
LOG (lattice-best-path[5.5.0~1494-e5a5]:main():lattice-best-path.cc:99) For utterance M0000000124_0081, best cost 44.9295 + 2240.57 = 2285.5 over 404 frames.
M0000000124_0081 เพราะ ช่วย สร้าง จะ ได้ผล ใน 
LOG (lattice-best-path[5.5.0~1494-e5a5]:main():lattice-best-path.cc:99) For utterance M0000000124_0082, best cost 59.5093 + 2088.99 = 2148.5 over 368 frames.
M0000000124_0082 และ จะ ไป จัดการ โต๊ะ ที่ แยก บัตร 
LOG (lattice-best-path[5.5.0~1494-e5a5]:main():lattice-best-path.cc:99) For utterance M0000000124_0083, best cost 45.1668 + 1568.26 = 1613.43 over 275 frames.
M0000000124_0083 กล้วย เกี่ยวข้อง ที่ ไม่ 
LOG (lattice-best-path[5.5.0~1494-e5a5]:main():lattice-best-path.cc:99) For utterance M0000000124_0084, best cost 41.007 + 1740.11 = 1781.12 over 312 frames.
M0000000124_0084 ที่ เป็น ใน บาง 
LOG (lattice-best-path[5.5.0~1494-e5a5]:main():lattice-best-path.cc:99) For utterance M0000000124_0085, best cost 45.318 + 1863.04 = 1908.35 over 344 frames.
M0000000124_0085 ถ้า เรา ได้ ที่ ไม่ 
LOG (lattice-best-path[5.5.0~1494-e5a5]:main():lattice-best-path.cc:99) For utterance M0000000124_0086, best cost 33.3596 + 1507.17 = 1540.53 over 269 frames.
M0000000124_0086 อนึ่ง ภายใต้ เปล่าๆ 
LOG (lattice-best-path[5.5.0~1494-e5a5]:main():lattice-best-path.cc:99) For utterance M0000000124_0087, best cost 41.1192 + 1565.26 = 1606.38 over 284 frames.
M0000000124_0087 เปลี่ยน นโยบาย ไม่ 
LOG (lattice-best-path[5.5.0~1494-e5a5]:main():lattice-best-path.cc:99) For utterance M0000000124_0088, best cost 52.2004 + 1806.02 = 1858.22 over 332 frames.
M0000000124_0088 ใช้ หนูจิ๊ด จาก ที่ ใน 
LOG (lattice-best-path[5.5.0~1494-e5a5]:main():lattice-best-path.cc:99) For utterance M0000000124_0089, best cost 50.0741 + 1772.33 = 1822.4 over 329 frames.
M0000000124_0089 ก่อไฟ น้ำตาล ที่ ชง 
LOG (lattice-best-path[5.5.0~1494-e5a5]:main():lattice-best-path.cc:99) For utterance M0000000124_0090, best cost 43.6054 + 1800.7 = 1844.31 over 318 frames.
M0000000124_0090 ข้อมูล กระบืองาน หรือ สับ 
LOG (lattice-best-path[5.5.0~1494-e5a5]:main():lattice-best-path.cc:99) For utterance M0000000124_0091, best cost 39.6165 + 1602.43 = 1642.05 over 291 frames.
M0000000124_0091 ใส่ ลง สู่ รูปร่าง 
LOG (lattice-best-path[5.5.0~1494-e5a5]:main():lattice-best-path.cc:99) For utterance M0000000124_0092, best cost 30.0336 + 1393.91 = 1423.94 over 257 frames.
M0000000124_0092 ใส่ รูปร่าง 
LOG (lattice-best-path[5.5.0~1494-e5a5]:main():lattice-best-path.cc:99) For utterance M0000000124_0093, best cost 36.2041 + 1394.77 = 1430.97 over 251 frames.
M0000000124_0093 ออก เป็น รายการ 
LOG (lattice-best-path[5.5.0~1494-e5a5]:main():lattice-best-path.cc:99) For utterance M0000000124_0094, best cost 41.217 + 1541.1 = 1582.32 over 279 frames.
M0000000124_0094 เอา ตรวจสอบ จำเป็น 
LOG (lattice-best-path[5.5.0~1494-e5a5]:main():lattice-best-path.cc:99) For utterance M0000000124_0095, best cost 51.7386 + 1775.78 = 1827.52 over 327 frames.
M0000000124_0095 ทำ ด้วย ชัยวัฒน์ ได้ ไม่ 
LOG (lattice-best-path[5.5.0~1494-e5a5]:main():lattice-best-path.cc:99) For utterance M0000000124_0096, best cost 38.7774 + 1587.77 = 1626.55 over 279 frames.
M0000000124_0096 รูป ที่ ไม่ หนึ่ง 
LOG (lattice-best-path[5.5.0~1494-e5a5]:main():lattice-best-path.cc:99) For utterance M0000000124_0097, best cost 53.6487 + 1803.55 = 1857.2 over 330 frames.
M0000000124_0097 บาง ส่วน ที่ ของ ให้ น้อย 
LOG (lattice-best-path[5.5.0~1494-e5a5]:main():lattice-best-path.cc:99) For utterance M0000000124_0098, best cost 65.0544 + 1874.44 = 1939.5 over 338 frames.
M0000000124_0098 มาก จน ให้ ที่ บันได มี ขลับ 
LOG (lattice-best-path[5.5.0~1494-e5a5]:main():lattice-best-path.cc:99) For utterance M0000000124_0099, best cost 40.6406 + 1458.93 = 1499.57 over 260 frames.
M0000000124_0099 เดียว รวดเร็ว ครบ 
LOG (lattice-best-path[5.5.0~1494-e5a5]:main():lattice-best-path.cc:99) For utterance M0000000124_0100, best cost 49.1469 + 1781.84 = 1830.99 over 327 frames.
M0000000124_0100 เดียว เป็น ที่รัก หนัก 
LOG (lattice-best-path[5.5.0~1494-e5a5]:main():lattice-best-path.cc:99) For utterance M0000000124_0101, best cost 72.9736 + 2256.64 = 2329.62 over 398 frames.
M0000000124_0101 อยู่ ใช้ ก๊าซ ของเหลว ไอ จะ ได้ ใจ หนึ่ง 
LOG (lattice-best-path[5.5.0~1494-e5a5]:main():lattice-best-path.cc:99) For utterance M0000000131_0000, best cost 27.0269 + 1864.5 = 1891.53 over 338 frames.
M0000000131_0000 ผู้ 
LOG (lattice-best-path[5.5.0~1494-e5a5]:main():lattice-best-path.cc:99) For utterance M0000000131_0001, best cost 48.5714 + 2839.61 = 2888.19 over 491 frames.
M0000000131_0001 แท่ง รู กว้าง 
LOG (lattice-best-path[5.5.0~1494-e5a5]:main():lattice-best-path.cc:99) For utterance M0000000131_0002, best cost 53.2433 + 2752.69 = 2805.93 over 464 frames.
M0000000131_0002 โต เพราะ ร้อน 
LOG (lattice-best-path[5.5.0~1494-e5a5]:main():lattice-best-path.cc:99) For utterance M0000000131_0003, best cost 34.5038 + 1995.19 = 2029.69 over 328 frames.
M0000000131_0003 อีกครั้ง 
LOG (lattice-best-path[5.5.0~1494-e5a5]:main():lattice-best-path.cc:99) For utterance M0000000131_0004, best cost 48.862 + 2164.47 = 2213.33 over 384 frames.
M0000000131_0004 ของ เขา กับ หมู่คณะ 
LOG (lattice-best-path[5.5.0~1494-e5a5]:main():lattice-best-path.cc:99) For utterance M0000000131_0005, best cost 48.3189 + 2286.67 = 2334.99 over 396 frames.
M0000000131_0005 ออกรวง นั้น ไซ หู 
LOG (lattice-best-path[5.5.0~1494-e5a5]:main():lattice-best-path.cc:99) For utterance M0000000131_0006, best cost 36.141 + 1835.89 = 1872.03 over 332 frames.
M0000000131_0006 คง ขั้วโลกเหนือ 
LOG (lattice-best-path[5.5.0~1494-e5a5]:main():lattice-best-path.cc:99) For utterance M0000000131_0007, best cost 28.9139 + 1581.11 = 1610.02 over 284 frames.
M0000000131_0007 ฯลฯ 
LOG (lattice-best-path[5.5.0~1494-e5a5]:main():lattice-best-path.cc:99) For utterance M0000000131_0008, best cost 42.3596 + 1657.34 = 1699.7 over 284 frames.
M0000000131_0008 กัน ประมาณ ทั้งสอง 
LOG (lattice-best-path[5.5.0~1494-e5a5]:main():lattice-best-path.cc:99) For utterance M0000000131_0009, best cost 25.8391 + 1541.5 = 1567.34 over 270 frames.
M0000000131_0009 แท่ง 
LOG (lattice-best-path[5.5.0~1494-e5a5]:main():lattice-best-path.cc:99) For utterance M0000000131_0010, best cost 29.4108 + 1588.86 = 1618.27 over 287 frames.
M0000000131_0010 ของ น้อย 
LOG (lattice-best-path[5.5.0~1494-e5a5]:main():lattice-best-path.cc:99) For utterance M0000000131_0011, best cost 32.8892 + 1218.72 = 1251.61 over 210 frames.
M0000000131_0011 รหัส ของ ครั้ง 
LOG (lattice-best-path[5.5.0~1494-e5a5]:main():lattice-best-path.cc:99) For utterance M0000000131_0012, best cost 39.0383 + 1180 = 1219.04 over 200 frames.
M0000000131_0012 อักษร ลง เที่ยว เครื่อง 
LOG (lattice-best-path[5.5.0~1494-e5a5]:main():lattice-best-path.cc:99) For utterance M0000000131_0013, best cost 42.703 + 1593.12 = 1635.82 over 250 frames.
M0000000131_0013 จนถึง ที่รัก หลงลืม 
LOG (lattice-best-path[5.5.0~1494-e5a5]:main():lattice-best-path.cc:99) For utterance M0000000131_0014, best cost 38.0372 + 1414.44 = 1452.47 over 238 frames.
M0000000131_0014 อักษร โอกาส ที่ 
LOG (lattice-best-path[5.5.0~1494-e5a5]:main():lattice-best-path.cc:99) For utterance M0000000131_0015, best cost 28.9199 + 1191.37 = 1220.29 over 195 frames.
M0000000131_0015 ของ ไพเราะ มาก 
LOG (lattice-best-path[5.5.0~1494-e5a5]:main():lattice-best-path.cc:99) For utterance M0000000131_0016, best cost 44.8667 + 1211.14 = 1256.01 over 195 frames.
M0000000131_0016 อัน แคระแกร็น ไพเราะ มาก 
LOG (lattice-best-path[5.5.0~1494-e5a5]:main():lattice-best-path.cc:99) For utterance M0000000131_0017, best cost 29.2178 + 1147.69 = 1176.9 over 190 frames.
M0000000131_0017 แคระแกร็น และ 
LOG (lattice-best-path[5.5.0~1494-e5a5]:main():lattice-best-path.cc:99) For utterance M0000000131_0018, best cost 33.5271 + 1168.53 = 1202.06 over 188 frames.
M0000000131_0018 จอมอนิเตอร์ มอง 
LOG (lattice-best-path[5.5.0~1494-e5a5]:main():lattice-best-path.cc:99) For utterance M0000000131_0019, best cost 23.8749 + 1123.89 = 1147.76 over 181 frames.
M0000000131_0019 อัตโนมัติ 
LOG (lattice-best-path[5.5.0~1494-e5a5]:main():lattice-best-path.cc:99) For utterance M0000000131_0020, best cost 14.8138 + 1060.23 = 1075.05 over 166 frames.
M0000000131_0020 
LOG (lattice-best-path[5.5.0~1494-e5a5]:main():lattice-best-path.cc:99) For utterance M0000000131_0021, best cost 27.0186 + 1061.9 = 1088.92 over 174 frames.
M0000000131_0021 อะไร กี่ อย่าง 
LOG (lattice-best-path[5.5.0~1494-e5a5]:main():lattice-best-path.cc:99) For utterance M0000000131_0022, best cost 28.5681 + 1150.92 = 1179.49 over 193 frames.
M0000000131_0022 เอาชนะ และ 
LOG (lattice-best-path[5.5.0~1494-e5a5]:main():lattice-best-path.cc:99) For utterance M0000000131_0023, best cost 48.2013 + 1601.07 = 1649.27 over 257 frames.
M0000000131_0023 อะไร มั่นคง ขโมย 
LOG (lattice-best-path[5.5.0~1494-e5a5]:main():lattice-best-path.cc:99) For utterance M0000000131_0024, best cost 30.7944 + 1166.37 = 1197.17 over 190 frames.
M0000000131_0024 อักษร กระรอก 
LOG (lattice-best-path[5.5.0~1494-e5a5]:main():lattice-best-path.cc:99) For utterance M0000000131_0025, best cost 17.9924 + 819.322 = 837.314 over 132 frames.
M0000000131_0025 ออก 
LOG (lattice-best-path[5.5.0~1494-e5a5]:main():lattice-best-path.cc:99) For utterance M0000000131_0026, best cost 31.5392 + 1456.74 = 1488.28 over 223 frames.
M0000000131_0026 ที่ ไม่ 
LOG (lattice-best-path[5.5.0~1494-e5a5]:main():lattice-best-path.cc:99) For utterance M0000000131_0027, best cost 33.929 + 1883.26 = 1917.19 over 306 frames.
M0000000131_0027 เพราะ ของ ราก 
LOG (lattice-best-path[5.5.0~1494-e5a5]:main():lattice-best-path.cc:99) For utterance M0000000131_0028, best cost 34.3777 + 1172.04 = 1206.42 over 186 frames.
M0000000131_0028 อักษร จิระศักดิ์ 
LOG (lattice-best-path[5.5.0~1494-e5a5]:main():lattice-best-path.cc:99) For utterance M0000000131_0029, best cost 16.1655 + 922.03 = 938.196 over 152 frames.
M0000000131_0029 
LOG (lattice-best-path[5.5.0~1494-e5a5]:main():lattice-best-path.cc:99) For utterance M0000000131_0030, best cost 24.6602 + 1344.29 = 1368.95 over 224 frames.
M0000000131_0030 ออก รวง 
LOG (lattice-best-path[5.5.0~1494-e5a5]:main():lattice-best-path.cc:99) For utterance M0000000131_0031, best cost 29.5801 + 1023.74 = 1053.32 over 165 frames.
M0000000131_0031 อะไร อยู่ 
LOG (lattice-best-path[5.5.0~1494-e5a5]:main():lattice-best-path.cc:99) For utterance M0000000131_0032, best cost 26.9861 + 1133.5 = 1160.49 over 195 frames.
M0000000131_0032 โดย ละเลย 
LOG (lattice-best-path[5.5.0~1494-e5a5]:main():lattice-best-path.cc:99) For utterance M0000000131_0033, best cost 24.772 + 877.226 = 901.998 over 145 frames.
M0000000131_0033 อะไร 
LOG (lattice-best-path[5.5.0~1494-e5a5]:main():lattice-best-path.cc:99) For utterance M0000000131_0034, best cost 26.6232 + 1274.06 = 1300.69 over 227 frames.
M0000000131_0034 ร้อน 
LOG (lattice-best-path[5.5.0~1494-e5a5]:main():lattice-best-path.cc:99) For utterance M0000000131_0035, best cost 16.4187 + 857.25 = 873.669 over 140 frames.
M0000000131_0035 แล้ว 
LOG (lattice-best-path[5.5.0~1494-e5a5]:main():lattice-best-path.cc:99) For utterance M0000000131_0036, best cost 32.6965 + 1098.04 = 1130.74 over 178 frames.
M0000000131_0036 อัน ของเหลว 
LOG (lattice-best-path[5.5.0~1494-e5a5]:main():lattice-best-path.cc:99) For utterance M0000000131_0037, best cost 27.6275 + 872.797 = 900.425 over 144 frames.
M0000000131_0037 อนุเคราะห์ ของ 
LOG (lattice-best-path[5.5.0~1494-e5a5]:main():lattice-best-path.cc:99) For utterance M0000000131_0038, best cost 39.4989 + 1691.41 = 1730.91 over 279 frames.
M0000000131_0038 ออก รวง ขั้วโลก 
LOG (lattice-best-path[5.5.0~1494-e5a5]:main():lattice-best-path.cc:99) For utterance M0000000131_0039, best cost 25.0824 + 1211.56 = 1236.64 over 197 frames.
M0000000131_0039 เรา สามารถ 
LOG (lattice-best-path[5.5.0~1494-e5a5]:main():lattice-best-path.cc:99) For utterance M0000000131_0040, best cost 33.3829 + 1194.94 = 1228.33 over 197 frames.
M0000000131_0040 และ รวดเร็ว มาก 
LOG (lattice-best-path[5.5.0~1494-e5a5]:main():lattice-best-path.cc:99) For utterance M0000000131_0041, best cost 38.5985 + 1356.49 = 1395.09 over 217 frames.
M0000000131_0041 อัตโนมัติ ร้อน ใน 
LOG (lattice-best-path[5.5.0~1494-e5a5]:main():lattice-best-path.cc:99) For utterance M0000000131_0042, best cost 27.4342 + 1168.27 = 1195.71 over 194 frames.
M0000000131_0042 รายละเอียด พอ แหลก 
LOG (lattice-best-path[5.5.0~1494-e5a5]:main():lattice-best-path.cc:99) For utterance M0000000131_0043, best cost 32.7128 + 1188.96 = 1221.67 over 203 frames.
M0000000131_0043 อัตโนมัติ ไม่ 
LOG (lattice-best-path[5.5.0~1494-e5a5]:main():lattice-best-path.cc:99) For utterance M0000000131_0044, best cost 21.4244 + 951.956 = 973.38 over 151 frames.
M0000000131_0044 ด้วย 
LOG (lattice-best-path[5.5.0~1494-e5a5]:main():lattice-best-path.cc:99) For utterance M0000000131_0045, best cost 25.2126 + 1131.23 = 1156.44 over 185 frames.
M0000000131_0045 อธิบาย 
LOG (lattice-best-path[5.5.0~1494-e5a5]:main():lattice-best-path.cc:99) For utterance M0000000131_0046, best cost 21.6962 + 848.916 = 870.613 over 145 frames.
M0000000131_0046 อธิบาย 
LOG (lattice-best-path[5.5.0~1494-e5a5]:main():lattice-best-path.cc:99) For utterance M0000000131_0047, best cost 24.533 + 1111.73 = 1136.26 over 180 frames.
M0000000131_0047 อัตรา 
LOG (lattice-best-path[5.5.0~1494-e5a5]:main():lattice-best-path.cc:99) For utterance M0000000131_0048, best cost 34.1079 + 1343.06 = 1377.17 over 220 frames.
M0000000131_0048 มี รส ฉลามลาย 
LOG (lattice-best-path[5.5.0~1494-e5a5]:main():lattice-best-path.cc:99) For utterance M0000000131_0049, best cost 27.9297 + 1136.37 = 1164.3 over 198 frames.
M0000000131_0049 อัตรา เรื่อย 
LOG (lattice-best-path[5.5.0~1494-e5a5]:main():lattice-best-path.cc:99) For utterance M0000000131_0050, best cost 34.2725 + 1277.35 = 1311.62 over 210 frames.
M0000000131_0050 อุตสาหกรรม เหมาะ 
LOG (lattice-best-path[5.5.0~1494-e5a5]:main():lattice-best-path.cc:99) For utterance M0000000131_0051, best cost 31.8037 + 1102.63 = 1134.44 over 183 frames.
M0000000131_0051 เอาเอง ข่าว 
LOG (lattice-best-path[5.5.0~1494-e5a5]:main():lattice-best-path.cc:99) For utterance M0000000131_0052, best cost 17.9343 + 995.739 = 1013.67 over 161 frames.
M0000000131_0052 
LOG (lattice-best-path[5.5.0~1494-e5a5]:main():lattice-best-path.cc:99) For utterance M0000000131_0053, best cost 25.5396 + 1114.61 = 1140.15 over 177 frames.
M0000000131_0053 อินพุต 
LOG (lattice-best-path[5.5.0~1494-e5a5]:main():lattice-best-path.cc:99) For utterance M0000000131_0054, best cost 26.1031 + 1228.74 = 1254.85 over 205 frames.
M0000000131_0054 อิเล็กตรอน 
LOG (lattice-best-path[5.5.0~1494-e5a5]:main():lattice-best-path.cc:99) For utterance M0000000131_0055, best cost 28.7517 + 1085.58 = 1114.33 over 185 frames.
M0000000131_0055 อัตรา ว่องไว 
LOG (lattice-best-path[5.5.0~1494-e5a5]:main():lattice-best-path.cc:99) For utterance M0000000131_0056, best cost 28.8032 + 1763.14 = 1791.94 over 278 frames.
M0000000131_0056 อีกครั้ง 
LOG (lattice-best-path[5.5.0~1494-e5a5]:main():lattice-best-path.cc:99) For utterance M0000000131_0057, best cost 27.5301 + 698.696 = 726.227 over 120 frames.
M0000000131_0057 เรา ของ 
LOG (lattice-best-path[5.5.0~1494-e5a5]:main():lattice-best-path.cc:99) For utterance M0000000131_0058, best cost 24.6444 + 1216.91 = 1241.56 over 212 frames.
M0000000131_0058 บันได ลาดเท 
LOG (lattice-best-path[5.5.0~1494-e5a5]:main():lattice-best-path.cc:99) For utterance M0000000131_0059, best cost 29.5301 + 1504.42 = 1533.95 over 251 frames.
M0000000131_0059 อีกครั้ง 
LOG (lattice-best-path[5.5.0~1494-e5a5]:main():lattice-best-path.cc:99) For utterance M0000000131_0060, best cost 15.2276 + 1245.83 = 1261.06 over 197 frames.
M0000000131_0060 
LOG (lattice-best-path[5.5.0~1494-e5a5]:main():lattice-best-path.cc:99) For utterance M0000000131_0061, best cost 24.7558 + 930.706 = 955.462 over 148 frames.
M0000000131_0061 บน 
LOG (lattice-best-path[5.5.0~1494-e5a5]:main():lattice-best-path.cc:99) For utterance M0000000131_0062, best cost 32.5856 + 1090.38 = 1122.97 over 177 frames.
M0000000131_0062 วิเคราะห์ เคลื่อนไหว 
LOG (lattice-best-path[5.5.0~1494-e5a5]:main():lattice-best-path.cc:99) For utterance M0000000131_0063, best cost 26.9875 + 1106.85 = 1133.84 over 183 frames.
M0000000131_0063 อะไร 
LOG (lattice-best-path[5.5.0~1494-e5a5]:main():lattice-best-path.cc:99) For utterance M0000000131_0064, best cost 31.9825 + 1091.89 = 1123.87 over 181 frames.
M0000000131_0064 อักษร ผลิต 
LOG (lattice-best-path[5.5.0~1494-e5a5]:main():lattice-best-path.cc:99) For utterance M0000000131_0065, best cost 25.0129 + 1223.74 = 1248.75 over 193 frames.
M0000000131_0065 โกยสุโข 
LOG (lattice-best-path[5.5.0~1494-e5a5]:main():lattice-best-path.cc:99) For utterance M0000000131_0066, best cost 25.5526 + 1261.01 = 1286.56 over 210 frames.
M0000000131_0066 อนุเคราะห์ 
LOG (lattice-best-path[5.5.0~1494-e5a5]:main():lattice-best-path.cc:99) For utterance M0000000131_0067, best cost 17.1758 + 659.146 = 676.322 over 106 frames.
M0000000131_0067 ควินิน 
LOG (lattice-best-path[5.5.0~1494-e5a5]:main():lattice-best-path.cc:99) For utterance M0000000131_0068, best cost 29.1695 + 1101.14 = 1130.31 over 177 frames.
M0000000131_0068 ของ 
LOG (lattice-best-path[5.5.0~1494-e5a5]:main():lattice-best-path.cc:99) For utterance M0000000131_0069, best cost 32.2937 + 1122.7 = 1155 over 188 frames.
M0000000131_0069 วิธี ละเลย 
LOG (lattice-best-path[5.5.0~1494-e5a5]:main():lattice-best-path.cc:99) For utterance M0000000131_0070, best cost 20.665 + 867.435 = 888.1 over 140 frames.
M0000000131_0070 โดย วิธี 
LOG (lattice-best-path[5.5.0~1494-e5a5]:main():lattice-best-path.cc:99) For utterance M0000000131_0071, best cost 36.9701 + 1164.89 = 1201.86 over 181 frames.
M0000000131_0071 เหล่านี้ หู 
LOG (lattice-best-path[5.5.0~1494-e5a5]:main():lattice-best-path.cc:99) For utterance M0000000131_0072, best cost 15.5006 + 1187.74 = 1203.24 over 185 frames.
M0000000131_0072 
LOG (lattice-best-path[5.5.0~1494-e5a5]:main():lattice-best-path.cc:99) For utterance M0000000131_0073, best cost 31.7385 + 1225.26 = 1257 over 198 frames.
M0000000131_0073 ไพเราะ มาก นัก 
LOG (lattice-best-path[5.5.0~1494-e5a5]:main():lattice-best-path.cc:99) For utterance M0000000131_0074, best cost 13.2108 + 1016.42 = 1029.63 over 162 frames.
M0000000131_0074 
LOG (lattice-best-path[5.5.0~1494-e5a5]:main():lattice-best-path.cc:99) For utterance M0000000131_0075, best cost 17.2743 + 1507.4 = 1524.67 over 235 frames.
M0000000131_0075 
LOG (lattice-best-path[5.5.0~1494-e5a5]:main():lattice-best-path.cc:99) For utterance M0000000131_0076, best cost 27.8532 + 1147.91 = 1175.77 over 177 frames.
M0000000131_0076 ถ้า กระดาษ 
LOG (lattice-best-path[5.5.0~1494-e5a5]:main():lattice-best-path.cc:99) For utterance M0000000131_0077, best cost 18.8688 + 1316.36 = 1335.23 over 208 frames.
M0000000131_0077 
LOG (lattice-best-path[5.5.0~1494-e5a5]:main():lattice-best-path.cc:99) For utterance M0000000131_0078, best cost 17.2568 + 1253.34 = 1270.59 over 193 frames.
M0000000131_0078 
LOG (lattice-best-path[5.5.0~1494-e5a5]:main():lattice-best-path.cc:99) For utterance M0000000131_0079, best cost 31.1202 + 1017.21 = 1048.33 over 166 frames.
M0000000131_0079 อัตรา เอาชนะ 
LOG (lattice-best-path[5.5.0~1494-e5a5]:main():lattice-best-path.cc:99) For utterance M0000000131_0080, best cost 19.6974 + 1654.56 = 1674.26 over 278 frames.
M0000000131_0080 
LOG (lattice-best-path[5.5.0~1494-e5a5]:main():lattice-best-path.cc:99) For utterance M0000000131_0081, best cost 42.9044 + 1679.36 = 1722.27 over 267 frames.
M0000000131_0081 อย่างใด สมัย 
LOG (lattice-best-path[5.5.0~1494-e5a5]:main():lattice-best-path.cc:99) For utterance M0000000131_0082, best cost 28.1604 + 1606.57 = 1634.73 over 250 frames.
M0000000131_0082 เรา ที่รัก 
LOG (lattice-best-path[5.5.0~1494-e5a5]:main():lattice-best-path.cc:99) For utterance M0000000131_0083, best cost 14.9176 + 1080.73 = 1095.65 over 168 frames.
M0000000131_0083 
LOG (lattice-best-path[5.5.0~1494-e5a5]:main():lattice-best-path.cc:99) For utterance M0000000131_0084, best cost 18.3606 + 1233.23 = 1251.59 over 200 frames.
M0000000131_0084 
LOG (lattice-best-path[5.5.0~1494-e5a5]:main():lattice-best-path.cc:99) For utterance M0000000131_0085, best cost 29.1783 + 1276.72 = 1305.9 over 203 frames.
M0000000131_0085 เอะอะ อาละวาด 
LOG (lattice-best-path[5.5.0~1494-e5a5]:main():lattice-best-path.cc:99) For utterance M0000000131_0086, best cost 26.2375 + 1090.68 = 1116.91 over 170 frames.
M0000000131_0086 ระยะ ออก 
LOG (lattice-best-path[5.5.0~1494-e5a5]:main():lattice-best-path.cc:99) For utterance M0000000131_0087, best cost 31.9158 + 1029.52 = 1061.44 over 164 frames.
M0000000131_0087 และ อยู่ ใน 
LOG (lattice-best-path[5.5.0~1494-e5a5]:main():lattice-best-path.cc:99) For utterance M0000000131_0088, best cost 22.3791 + 1421.71 = 1444.08 over 230 frames.
M0000000131_0088 อัตรา 
LOG (lattice-best-path[5.5.0~1494-e5a5]:main():lattice-best-path.cc:99) For utterance M0000000131_0089, best cost 33.9746 + 1165.22 = 1199.19 over 183 frames.
M0000000131_0089 อุปกรณ์ รังสี ของ 
LOG (lattice-best-path[5.5.0~1494-e5a5]:main():lattice-best-path.cc:99) For utterance M0000000131_0090, best cost 16.612 + 1183.11 = 1199.72 over 191 frames.
M0000000131_0090 
LOG (lattice-best-path[5.5.0~1494-e5a5]:main():lattice-best-path.cc:99) For utterance M0000000131_0091, best cost 13.4476 + 1154.61 = 1168.06 over 176 frames.
M0000000131_0091 
LOG (lattice-best-path[5.5.0~1494-e5a5]:main():lattice-best-path.cc:99) For utterance M0000000131_0092, best cost 31.0744 + 1092.27 = 1123.34 over 184 frames.
M0000000131_0092 ใส่ ลง บอก 
LOG (lattice-best-path[5.5.0~1494-e5a5]:main():lattice-best-path.cc:99) For utterance M0000000131_0093, best cost 13.7165 + 948.263 = 961.98 over 152 frames.
M0000000131_0093 
LOG (lattice-best-path[5.5.0~1494-e5a5]:main():lattice-best-path.cc:99) For utterance M0000000131_0094, best cost 18.406 + 986.847 = 1005.25 over 155 frames.
M0000000131_0094 
LOG (lattice-best-path[5.5.0~1494-e5a5]:main():lattice-best-path.cc:99) For utterance M0000000131_0095, best cost 19.1872 + 1387.36 = 1406.54 over 231 frames.
LOG (lattice-scale[5.5.0~1494-e5a5]:main():lattice-scale.cc:107) Done 510 lattices.
M0000000131_0095 
LOG (lattice-best-path[5.5.0~1494-e5a5]:main():lattice-best-path.cc:99) For utterance M0000000131_0096, best cost 17.3886 + 1245.95 = 1263.34 over 198 frames.
M0000000131_0096 
LOG (lattice-best-path[5.5.0~1494-e5a5]:main():lattice-best-path.cc:99) For utterance M0000000131_0097, best cost 27.1645 + 1117.76 = 1144.93 over 179 frames.
M0000000131_0097 เพราะ ร้อน 
LOG (lattice-best-path[5.5.0~1494-e5a5]:main():lattice-best-path.cc:99) For utterance M0000000131_0098, best cost 20.4444 + 1203.43 = 1223.87 over 190 frames.
M0000000131_0098 เพราะ 
LOG (lattice-best-path[5.5.0~1494-e5a5]:main():lattice-best-path.cc:99) For utterance M0000000131_0099, best cost 39.0747 + 931.237 = 970.312 over 154 frames.
M0000000131_0099 อัน ปลุกเร้า ของ 
LOG (lattice-add-penalty[5.5.0~1494-e5a5]:main():lattice-add-penalty.cc:62) Done adding word insertion penalty to 510 lattices.
LOG (lattice-best-path[5.5.0~1494-e5a5]:main():lattice-best-path.cc:99) For utterance M0000000131_0100, best cost 14.8775 + 1027.08 = 1041.96 over 157 frames.
M0000000131_0100 
LOG (lattice-best-path[5.5.0~1494-e5a5]:main():lattice-best-path.cc:99) For utterance M0000000131_0101, best cost 37.1263 + 1544.53 = 1581.66 over 242 frames.
M0000000131_0101 ครั้นแล้ว อร่ามเหลือง 
LOG (lattice-best-path[5.5.0~1494-e5a5]:main():lattice-best-path.cc:124) Overall cost per frame is 5.86045 = 0.149198 [graph] + 5.71125 [acoustic] over 120161 frames.
LOG (lattice-best-path[5.5.0~1494-e5a5]:main():lattice-best-path.cc:128) Done 510 lattices, failed for 0
# Accounting: time=1 threads=1
# Ended (code 0) at Sun May  2 17:06:13 UTC 2021, elapsed time 1 seconds
