# lattice-scale --inv-acoustic-scale=11 "ark:gunzip -c exp/nnet2/nnet2_simple/decode/lat.*.gz|" ark:- | lattice-add-penalty --word-ins-penalty=0.0 ark:- ark:- | lattice-best-path --word-symbol-table=exp/tri1/graph/words.txt ark:- ark,t:exp/nnet2/nnet2_simple/decode/scoring/11.tra 
# Started at Mon Nov 23 14:28:55 UTC 2020
#
lattice-scale --inv-acoustic-scale=11 'ark:gunzip -c exp/nnet2/nnet2_simple/decode/lat.*.gz|' ark:- 
lattice-add-penalty --word-ins-penalty=0.0 ark:- ark:- 
lattice-best-path --word-symbol-table=exp/tri1/graph/words.txt ark:- ark,t:exp/nnet2/nnet2_simple/decode/scoring/11.tra 
LOG (lattice-scale[5.5.0~1494-e5a5]:main():lattice-scale.cc:107) Done 16 lattices.
LOG (lattice-best-path[5.5.0~1494-e5a5]:main():lattice-best-path.cc:99) For utterance uid41, best cost 65.6845 + -214.432 = -148.747 over 1262 frames.
uid41 ไก่ กบ ไก่ กา กบ กบ ไก่ กา กบ ไก่ กระต่าย กบ ไก่ 
LOG (lattice-best-path[5.5.0~1494-e5a5]:main():lattice-best-path.cc:99) For utterance uid42, best cost 73.0927 + -218.104 = -145.011 over 1268 frames.
uid42 ไก่ กบ ไก่ กา กบ กบ ไก่ กา กบ ไก่ กระต่าย กบ กา กบ 
LOG (lattice-best-path[5.5.0~1494-e5a5]:main():lattice-best-path.cc:99) For utterance uid43, best cost 70.9491 + -225.096 = -154.146 over 1312 frames.
uid43 กบ กบ ไก่ กา ไก่ กบ ไก่ กา กบ ไก่ กระต่าย กา ไก่ 
LOG (lattice-best-path[5.5.0~1494-e5a5]:main():lattice-best-path.cc:99) For utterance uid44, best cost 71.4566 + -236.38 = -164.923 over 1256 frames.
uid44 กบ กบ กา กบ กา กบ ไก่ กบ กระต่าย ไก่ 
LOG (lattice-add-penalty[5.5.0~1494-e5a5]:main():lattice-add-penalty.cc:62) Done adding word insertion penalty to 16 lattices.
LOG (lattice-best-path[5.5.0~1494-e5a5]:main():lattice-best-path.cc:99) For utterance uid45, best cost 90.4719 + -247.217 = -156.745 over 1308 frames.
uid45 กบ กบ ไก่ กา กบ กบ กบ กา ไก่ กบ กระต่าย กา 
LOG (lattice-best-path[5.5.0~1494-e5a5]:main():lattice-best-path.cc:99) For utterance uid46, best cost 70.8322 + -207.865 = -137.033 over 1165 frames.
uid46 กบ กบ ไก่ กา กบ ไก่ กา ไก่ กบ กา กระต่าย 
LOG (lattice-best-path[5.5.0~1494-e5a5]:main():lattice-best-path.cc:99) For utterance uid47, best cost 82.4023 + -243.67 = -161.268 over 1310 frames.
uid47 กบ กบ ไก่ กบ กบ ไก่ กบ กา ไก่ กบ ไก่ กระต่าย 
LOG (lattice-best-path[5.5.0~1494-e5a5]:main():lattice-best-path.cc:99) For utterance uid48, best cost 74.223 + -214.792 = -140.569 over 1253 frames.
uid48 กบ ไก่ กา กบ ไก่ กา ไก่ กบ ไก่ กา กระต่าย 
LOG (lattice-best-path[5.5.0~1494-e5a5]:main():lattice-best-path.cc:99) For utterance uid49, best cost 67.2137 + -209.488 = -142.274 over 1303 frames.
uid49 กบ ไก่ กา กบ ไก่ กา กระต่าย กบ กา กระต่าย 
LOG (lattice-best-path[5.5.0~1494-e5a5]:main():lattice-best-path.cc:99) For utterance uid50, best cost 64.0717 + -186.397 = -122.325 over 1214 frames.
uid50 กบ ไก่ กา กบ กระต่าย กบ กา ไก่ กบ กา 
LOG (lattice-best-path[5.5.0~1494-e5a5]:main():lattice-best-path.cc:99) For utterance uid51, best cost 9.77995 + -93.3386 = -83.5587 over 316 frames.
uid51 
LOG (lattice-best-path[5.5.0~1494-e5a5]:main():lattice-best-path.cc:99) For utterance uid52, best cost 8.83501 + -77.0233 = -68.1883 over 269 frames.
uid52 
LOG (lattice-best-path[5.5.0~1494-e5a5]:main():lattice-best-path.cc:99) For utterance uid53, best cost 15.4761 + -45.2721 = -29.796 over 201 frames.
uid53 ไก่ กบ 
LOG (lattice-best-path[5.5.0~1494-e5a5]:main():lattice-best-path.cc:99) For utterance uid54, best cost 12.9241 + -32.9528 = -20.0286 over 237 frames.
uid54 ไก่ 
LOG (lattice-best-path[5.5.0~1494-e5a5]:main():lattice-best-path.cc:99) For utterance uid55, best cost 12.8004 + -45.1252 = -32.3248 over 313 frames.
uid55 กา 
LOG (lattice-best-path[5.5.0~1494-e5a5]:main():lattice-best-path.cc:99) For utterance uid56, best cost 16.0897 + -43.4194 = -27.3297 over 297 frames.
uid56 ไก่ กระต่าย 
LOG (lattice-best-path[5.5.0~1494-e5a5]:main():lattice-best-path.cc:124) Overall cost per frame is -0.121413 = 0.056448 [graph] + -0.177861 [acoustic] over 14284 frames.
LOG (lattice-best-path[5.5.0~1494-e5a5]:main():lattice-best-path.cc:128) Done 16 lattices, failed for 0
# Accounting: time=0 threads=1
# Ended (code 0) at Mon Nov 23 14:28:55 UTC 2020, elapsed time 0 seconds
