# compute-mfcc-feats --write-utt2dur=ark,t:exp/make_mfcc/train_yesno/utt2dur.1 --verbose=2 --config=conf/mfcc.conf scp,p:exp/make_mfcc/train_yesno/wav_train_yesno.1.scp ark:- | copy-feats --write-num-frames=ark,t:exp/make_mfcc/train_yesno/utt2num_frames.1 --compress=true ark:- ark,scp:/kaldi/egs/king3/s5/mfcc/raw_mfcc_train_yesno.1.ark,/kaldi/egs/king3/s5/mfcc/raw_mfcc_train_yesno.1.scp 
# Started at Mon Oct  5 16:55:21 UTC 2020
#
copy-feats --write-num-frames=ark,t:exp/make_mfcc/train_yesno/utt2num_frames.1 --compress=true ark:- ark,scp:/kaldi/egs/king3/s5/mfcc/raw_mfcc_train_yesno.1.ark,/kaldi/egs/king3/s5/mfcc/raw_mfcc_train_yesno.1.scp 
compute-mfcc-feats --write-utt2dur=ark,t:exp/make_mfcc/train_yesno/utt2dur.1 --verbose=2 --config=conf/mfcc.conf scp,p:exp/make_mfcc/train_yesno/wav_train_yesno.1.scp ark:- 
VLOG[2] (compute-mfcc-feats[5.5.0~1494-e5a5]:main():compute-mfcc-feats.cc:182) Processed features for key 0_0_0_0_1_1_1_1
VLOG[2] (compute-mfcc-feats[5.5.0~1494-e5a5]:main():compute-mfcc-feats.cc:182) Processed features for key 0_0_0_1_0_0_0_1
VLOG[2] (compute-mfcc-feats[5.5.0~1494-e5a5]:main():compute-mfcc-feats.cc:182) Processed features for key 0_0_0_1_0_1_1_0
VLOG[2] (compute-mfcc-feats[5.5.0~1494-e5a5]:main():compute-mfcc-feats.cc:182) Processed features for key 0_0_1_0_0_0_1_0
VLOG[2] (compute-mfcc-feats[5.5.0~1494-e5a5]:main():compute-mfcc-feats.cc:182) Processed features for key 0_0_1_0_0_1_1_0
VLOG[2] (compute-mfcc-feats[5.5.0~1494-e5a5]:main():compute-mfcc-feats.cc:182) Processed features for key 0_0_1_0_0_1_1_1
VLOG[2] (compute-mfcc-feats[5.5.0~1494-e5a5]:main():compute-mfcc-feats.cc:182) Processed features for key 0_0_1_0_1_0_0_0
VLOG[2] (compute-mfcc-feats[5.5.0~1494-e5a5]:main():compute-mfcc-feats.cc:182) Processed features for key 0_0_1_0_1_0_0_1
VLOG[2] (compute-mfcc-feats[5.5.0~1494-e5a5]:main():compute-mfcc-feats.cc:182) Processed features for key 0_0_1_0_1_0_1_1
LOG (compute-mfcc-feats[5.5.0~1494-e5a5]:main():compute-mfcc-feats.cc:181) Processed 10 utterances
VLOG[2] (compute-mfcc-feats[5.5.0~1494-e5a5]:main():compute-mfcc-feats.cc:182) Processed features for key 0_0_1_1_0_0_0_1
VLOG[2] (compute-mfcc-feats[5.5.0~1494-e5a5]:main():compute-mfcc-feats.cc:182) Processed features for key 0_0_1_1_0_1_0_0
VLOG[2] (compute-mfcc-feats[5.5.0~1494-e5a5]:main():compute-mfcc-feats.cc:182) Processed features for key 0_0_1_1_0_1_1_0
VLOG[2] (compute-mfcc-feats[5.5.0~1494-e5a5]:main():compute-mfcc-feats.cc:182) Processed features for key 0_0_1_1_0_1_1_1
VLOG[2] (compute-mfcc-feats[5.5.0~1494-e5a5]:main():compute-mfcc-feats.cc:182) Processed features for key 0_0_1_1_1_0_0_0
VLOG[2] (compute-mfcc-feats[5.5.0~1494-e5a5]:main():compute-mfcc-feats.cc:182) Processed features for key 0_0_1_1_1_0_0_1
VLOG[2] (compute-mfcc-feats[5.5.0~1494-e5a5]:main():compute-mfcc-feats.cc:182) Processed features for key 0_0_1_1_1_1_0_0
VLOG[2] (compute-mfcc-feats[5.5.0~1494-e5a5]:main():compute-mfcc-feats.cc:182) Processed features for key 0_0_1_1_1_1_1_0
VLOG[2] (compute-mfcc-feats[5.5.0~1494-e5a5]:main():compute-mfcc-feats.cc:182) Processed features for key 0_1_0_0_0_1_0_0
VLOG[2] (compute-mfcc-feats[5.5.0~1494-e5a5]:main():compute-mfcc-feats.cc:182) Processed features for key 0_1_0_0_0_1_1_0
LOG (compute-mfcc-feats[5.5.0~1494-e5a5]:main():compute-mfcc-feats.cc:181) Processed 20 utterances
VLOG[2] (compute-mfcc-feats[5.5.0~1494-e5a5]:main():compute-mfcc-feats.cc:182) Processed features for key 0_1_0_0_1_0_1_0
VLOG[2] (compute-mfcc-feats[5.5.0~1494-e5a5]:main():compute-mfcc-feats.cc:182) Processed features for key 0_1_0_0_1_0_1_1
VLOG[2] (compute-mfcc-feats[5.5.0~1494-e5a5]:main():compute-mfcc-feats.cc:182) Processed features for key 0_1_0_1_0_0_0_0
VLOG[2] (compute-mfcc-feats[5.5.0~1494-e5a5]:main():compute-mfcc-feats.cc:182) Processed features for key 0_1_0_1_1_0_1_0
VLOG[2] (compute-mfcc-feats[5.5.0~1494-e5a5]:main():compute-mfcc-feats.cc:182) Processed features for key 0_1_0_1_1_1_0_0
VLOG[2] (compute-mfcc-feats[5.5.0~1494-e5a5]:main():compute-mfcc-feats.cc:182) Processed features for key 0_1_1_0_0_1_1_0
VLOG[2] (compute-mfcc-feats[5.5.0~1494-e5a5]:main():compute-mfcc-feats.cc:182) Processed features for key 0_1_1_0_0_1_1_1
VLOG[2] (compute-mfcc-feats[5.5.0~1494-e5a5]:main():compute-mfcc-feats.cc:182) Processed features for key 0_1_1_1_0_0_0_0
VLOG[2] (compute-mfcc-feats[5.5.0~1494-e5a5]:main():compute-mfcc-feats.cc:182) Processed features for key 0_1_1_1_0_0_1_0
VLOG[2] (compute-mfcc-feats[5.5.0~1494-e5a5]:main():compute-mfcc-feats.cc:182) Processed features for key 0_1_1_1_0_1_0_1
LOG (compute-mfcc-feats[5.5.0~1494-e5a5]:main():compute-mfcc-feats.cc:181) Processed 30 utterances
VLOG[2] (compute-mfcc-feats[5.5.0~1494-e5a5]:main():compute-mfcc-feats.cc:182) Processed features for key 0_1_1_1_1_0_1_0
LOG (compute-mfcc-feats[5.5.0~1494-e5a5]:main():compute-mfcc-feats.cc:185)  Done 30 out of 30 utterances.
LOG (copy-feats[5.5.0~1494-e5a5]:main():copy-feats.cc:143) Copied 30 feature matrices.
# Accounting: time=1 threads=1
# Ended (code 0) at Mon Oct  5 16:55:22 UTC 2020, elapsed time 1 seconds
