# gunzip -c exp/tri3b/decode.si/depth_stats_tmp.*.gz | steps/diagnostic/analyze_lattice_depth_stats.py exp/tri3b/graph 
# Started at Mon May 17 09:52:00 UTC 2021
#
The total amount of data analyzed assuming 100 frames per second is 0.3 hours
Overall, lattice depth (10,50,90-percentile)=(1,2,10) and mean=4.4
Nonsilence phones as a group account for 65.2% of frames, with lattice depth (10,50,90-percentile)=(1,3,11) and mean=4.6
Phone SIL accounts for 34.8% of frames, with lattice depth (10,50,90-percentile)=(1,2,9) and mean=4.0
Phone aa_I accounts for 5.3% of frames, with lattice depth (10,50,90-percentile)=(1,2,10) and mean=4.4
Phone a_I accounts for 4.8% of frames, with lattice depth (10,50,90-percentile)=(1,3,11) and mean=4.7
Phone j^4_E accounts for 3.0% of frames, with lattice depth (10,50,90-percentile)=(1,2,10) and mean=4.3
Phone @@_I accounts for 2.4% of frames, with lattice depth (10,50,90-percentile)=(1,2,8) and mean=3.5
Phone n^0_E accounts for 2.4% of frames, with lattice depth (10,50,90-percentile)=(1,3,13) and mean=5.3
Phone kh_B accounts for 2.1% of frames, with lattice depth (10,50,90-percentile)=(1,1,9) and mean=3.5
Phone m_B accounts for 1.9% of frames, with lattice depth (10,50,90-percentile)=(1,2,10) and mean=4.2
Phone j^0_E accounts for 1.7% of frames, with lattice depth (10,50,90-percentile)=(1,4,12) and mean=5.5
Phone ii_I accounts for 1.5% of frames, with lattice depth (10,50,90-percentile)=(1,2,9) and mean=4.3
Phone s_B accounts for 1.4% of frames, with lattice depth (10,50,90-percentile)=(1,4,12) and mean=6.2
Phone n_B accounts for 1.4% of frames, with lattice depth (10,50,90-percentile)=(1,3,13) and mean=5.7
Phone z^0_E accounts for 1.3% of frames, with lattice depth (10,50,90-percentile)=(1,3,15) and mean=5.5
Phone j^1_E accounts for 1.2% of frames, with lattice depth (10,50,90-percentile)=(1,2,8) and mean=3.8
Phone ng^0_E accounts for 1.1% of frames, with lattice depth (10,50,90-percentile)=(1,2,7) and mean=3.8
Phone z^2_E accounts for 1.1% of frames, with lattice depth (10,50,90-percentile)=(1,4,15) and mean=7.1
Phone ng^2_E accounts for 1.1% of frames, with lattice depth (10,50,90-percentile)=(1,3,8) and mean=3.9
Phone j^2_E accounts for 1.1% of frames, with lattice depth (10,50,90-percentile)=(1,2,7) and mean=3.4
Phone c_B accounts for 1.0% of frames, with lattice depth (10,50,90-percentile)=(1,4,10) and mean=4.9
Phone t^1_E accounts for 0.9% of frames, with lattice depth (10,50,90-percentile)=(1,3,13) and mean=4.8
Phone w^0_E accounts for 0.9% of frames, with lattice depth (10,50,90-percentile)=(1,1,5) and mean=2.5
Phone ng^1_E accounts for 0.9% of frames, with lattice depth (10,50,90-percentile)=(1,3,7) and mean=3.9
Phone r_B accounts for 0.8% of frames, with lattice depth (10,50,90-percentile)=(1,4,15) and mean=6.3
Phone z^4_E accounts for 0.8% of frames, with lattice depth (10,50,90-percentile)=(1,1,8) and mean=3.1
Phone z^1_E accounts for 0.8% of frames, with lattice depth (10,50,90-percentile)=(1,4,12) and mean=5.4
Phone th_B accounts for 0.8% of frames, with lattice depth (10,50,90-percentile)=(1,3,13) and mean=5.8
Phone z_B accounts for 0.8% of frames, with lattice depth (10,50,90-percentile)=(1,2,9) and mean=3.7
Phone j_B accounts for 0.7% of frames, with lattice depth (10,50,90-percentile)=(1,3,9) and mean=4.1
Phone uu_I accounts for 0.7% of frames, with lattice depth (10,50,90-percentile)=(1,2,8) and mean=3.2
Phone xx_I accounts for 0.7% of frames, with lattice depth (10,50,90-percentile)=(1,3,9) and mean=5.1
Phone k_B accounts for 0.6% of frames, with lattice depth (10,50,90-percentile)=(1,4,13) and mean=5.5
Phone z^3_E accounts for 0.6% of frames, with lattice depth (10,50,90-percentile)=(1,3,11) and mean=5.2
Phone p_B accounts for 0.6% of frames, with lattice depth (10,50,90-percentile)=(2,4,12) and mean=5.8
Phone v_I accounts for 0.6% of frames, with lattice depth (10,50,90-percentile)=(1,3,7) and mean=3.9
Phone t_B accounts for 0.5% of frames, with lattice depth (10,50,90-percentile)=(1,5,12) and mean=5.9
Phone ng^4_E accounts for 0.5% of frames, with lattice depth (10,50,90-percentile)=(1,3,10) and mean=4.6
Phone @_I accounts for 0.5% of frames, with lattice depth (10,50,90-percentile)=(1,2,5) and mean=3.0
Phone o_I accounts for 0.5% of frames, with lattice depth (10,50,90-percentile)=(1,3,12) and mean=4.9
Phone w^1_E accounts for 0.5% of frames, with lattice depth (10,50,90-percentile)=(1,3,8) and mean=3.8
Phone d_B accounts for 0.5% of frames, with lattice depth (10,50,90-percentile)=(1,2,10) and mean=4.6
Phone n^4_E accounts for 0.5% of frames, with lattice depth (10,50,90-percentile)=(1,2,6) and mean=3.2
# Accounting: time=0 threads=1
# Ended (code 0) at Mon May 17 09:52:00 UTC 2021, elapsed time 0 seconds
