# gmm-latgen-faster --max-active=2000 --beam=10.0 --lattice-beam=6.0 --acoustic-scale=0.083333 --allow-partial=true --word-symbol-table=exp/tri3b/graph/words.txt exp/tri3b/final.alimdl exp/tri3b/graph/HCLG.fst "ark,s,cs:apply-cmvn  --utt2spk=ark:data/test/split4/2/utt2spk scp:data/test/split4/2/cmvn.scp scp:data/test/split4/2/feats.scp ark:- | splice-feats  ark:- ark:- | transform-feats exp/tri3b/final.mat ark:- ark:- |" "ark:|gzip -c > exp/tri3b/decode.si/lat.2.gz" 
# Started at Mon May 17 09:50:26 UTC 2021
#
gmm-latgen-faster --max-active=2000 --beam=10.0 --lattice-beam=6.0 --acoustic-scale=0.083333 --allow-partial=true --word-symbol-table=exp/tri3b/graph/words.txt exp/tri3b/final.alimdl exp/tri3b/graph/HCLG.fst 'ark,s,cs:apply-cmvn  --utt2spk=ark:data/test/split4/2/utt2spk scp:data/test/split4/2/cmvn.scp scp:data/test/split4/2/feats.scp ark:- | splice-feats  ark:- ark:- | transform-feats exp/tri3b/final.mat ark:- ark:- |' 'ark:|gzip -c > exp/tri3b/decode.si/lat.2.gz' 
transform-feats exp/tri3b/final.mat ark:- ark:- 
splice-feats ark:- ark:- 
apply-cmvn --utt2spk=ark:data/test/split4/2/utt2spk scp:data/test/split4/2/cmvn.scp scp:data/test/split4/2/feats.scp ark:- 
M0000000107_0000 โกวาจี 
LOG (gmm-latgen-faster[5.5.0~1494-e5a5]:DecodeUtteranceLatticeFaster():decoder-wrappers.cc:375) Log-like per frame for utterance M0000000107_0000 is -4.45823 over 210 frames.
M0000000107_0001 โกวาจี เอา ราดหน้า หนึ่ง จาน 
LOG (gmm-latgen-faster[5.5.0~1494-e5a5]:DecodeUtteranceLatticeFaster():decoder-wrappers.cc:375) Log-like per frame for utterance M0000000107_0001 is -4.45669 over 423 frames.
M0000000107_0002 เอา แต้ม เข้าไป ไข่ดาว หนึ่ง จาน 
LOG (gmm-latgen-faster[5.5.0~1494-e5a5]:DecodeUtteranceLatticeFaster():decoder-wrappers.cc:375) Log-like per frame for utterance M0000000107_0002 is -4.74334 over 325 frames.
M0000000107_0003 ช่วง ต่ำ กิน ขึ้น 
LOG (gmm-latgen-faster[5.5.0~1494-e5a5]:DecodeUtteranceLatticeFaster():decoder-wrappers.cc:375) Log-like per frame for utterance M0000000107_0003 is -4.37871 over 276 frames.
M0000000107_0004 ข้าวผัด หมู ไข่ดาว จัง 
LOG (gmm-latgen-faster[5.5.0~1494-e5a5]:DecodeUtteranceLatticeFaster():decoder-wrappers.cc:375) Log-like per frame for utterance M0000000107_0004 is -4.5287 over 260 frames.
M0000000107_0005 เอา หัว ไก่ ใช้ บุตร จัง 
LOG (gmm-latgen-faster[5.5.0~1494-e5a5]:DecodeUtteranceLatticeFaster():decoder-wrappers.cc:375) Log-like per frame for utterance M0000000107_0005 is -5.06549 over 236 frames.
M0000000107_0006 ขอ ขวด หนึ่ง 
LOG (gmm-latgen-faster[5.5.0~1494-e5a5]:DecodeUtteranceLatticeFaster():decoder-wrappers.cc:375) Log-like per frame for utterance M0000000107_0006 is -4.99872 over 177 frames.
M0000000107_0007 น้ำ ชั้น สาม แก้ว หนึ่ง 
LOG (gmm-latgen-faster[5.5.0~1494-e5a5]:DecodeUtteranceLatticeFaster():decoder-wrappers.cc:375) Log-like per frame for utterance M0000000107_0007 is -4.77197 over 207 frames.
M0000000107_0008 น้ำเปล่า หนึ่ง น้ำแข็ง สอง 
LOG (gmm-latgen-faster[5.5.0~1494-e5a5]:DecodeUtteranceLatticeFaster():decoder-wrappers.cc:375) Log-like per frame for utterance M0000000107_0008 is -4.7001 over 266 frames.
M0000000107_0009 ขอ น้ำแข็ง ทั้ง วัน 
LOG (gmm-latgen-faster[5.5.0~1494-e5a5]:DecodeUtteranceLatticeFaster():decoder-wrappers.cc:375) Log-like per frame for utterance M0000000107_0009 is -4.74371 over 239 frames.
M0000000107_0010 ขอ รอบ หน่อย 
LOG (gmm-latgen-faster[5.5.0~1494-e5a5]:DecodeUtteranceLatticeFaster():decoder-wrappers.cc:375) Log-like per frame for utterance M0000000107_0010 is -4.03434 over 244 frames.
M0000000107_0011 ม้า ห้า คน สาม 
LOG (gmm-latgen-faster[5.5.0~1494-e5a5]:DecodeUtteranceLatticeFaster():decoder-wrappers.cc:375) Log-like per frame for utterance M0000000107_0011 is -4.94045 over 176 frames.
M0000000107_0012 สาม ตอน เที่ยง คืน 
LOG (gmm-latgen-faster[5.5.0~1494-e5a5]:DecodeUtteranceLatticeFaster():decoder-wrappers.cc:375) Log-like per frame for utterance M0000000107_0012 is -4.67804 over 230 frames.
M0000000107_0013 จอง สิบ ที่ ห้อง แอร์ สอง ทุ่ม ครึ่ง 
LOG (gmm-latgen-faster[5.5.0~1494-e5a5]:DecodeUtteranceLatticeFaster():decoder-wrappers.cc:375) Log-like per frame for utterance M0000000107_0013 is -4.88007 over 430 frames.
M0000000107_0014 ขอ ต่อไป ที่ 
LOG (gmm-latgen-faster[5.5.0~1494-e5a5]:DecodeUtteranceLatticeFaster():decoder-wrappers.cc:375) Log-like per frame for utterance M0000000107_0014 is -4.81662 over 219 frames.
M0000000107_0015 ขอ นั่ง ตรง นาน นัก 
LOG (gmm-latgen-faster[5.5.0~1494-e5a5]:DecodeUtteranceLatticeFaster():decoder-wrappers.cc:375) Log-like per frame for utterance M0000000107_0015 is -4.61813 over 224 frames.
M0000000107_0016 ขอ นั่ง ติด กระทะ จบ มา 
LOG (gmm-latgen-faster[5.5.0~1494-e5a5]:DecodeUtteranceLatticeFaster():decoder-wrappers.cc:375) Log-like per frame for utterance M0000000107_0016 is -5.27338 over 265 frames.
M0000000107_0017 ขอ อะไร นะ 
LOG (gmm-latgen-faster[5.5.0~1494-e5a5]:DecodeUtteranceLatticeFaster():decoder-wrappers.cc:375) Log-like per frame for utterance M0000000107_0017 is -4.63887 over 219 frames.
M0000000107_0018 ขอ กับ ที่ สาม บ้าง 
LOG (gmm-latgen-faster[5.5.0~1494-e5a5]:DecodeUtteranceLatticeFaster():decoder-wrappers.cc:375) Log-like per frame for utterance M0000000107_0018 is -4.7021 over 197 frames.
M0000000107_0019 ย้าย ไป ตก นาน นัก 
LOG (gmm-latgen-faster[5.5.0~1494-e5a5]:DecodeUtteranceLatticeFaster():decoder-wrappers.cc:375) Log-like per frame for utterance M0000000107_0019 is -4.53278 over 253 frames.
M0000000107_0020 ลูกเต๋า เป็น ไหน 
LOG (gmm-latgen-faster[5.5.0~1494-e5a5]:DecodeUtteranceLatticeFaster():decoder-wrappers.cc:375) Log-like per frame for utterance M0000000107_0020 is -4.90614 over 179 frames.
M0000000107_0021 น่า กิน จัง 
LOG (gmm-latgen-faster[5.5.0~1494-e5a5]:DecodeUtteranceLatticeFaster():decoder-wrappers.cc:375) Log-like per frame for utterance M0000000107_0021 is -4.76187 over 174 frames.
M0000000107_0022 กิน นาน ไหม 
LOG (gmm-latgen-faster[5.5.0~1494-e5a5]:DecodeUtteranceLatticeFaster():decoder-wrappers.cc:375) Log-like per frame for utterance M0000000107_0022 is -4.28254 over 282 frames.
M0000000107_0023 อาหาร อร่อย เหมือน คน ขาย ไหม 
LOG (gmm-latgen-faster[5.5.0~1494-e5a5]:DecodeUtteranceLatticeFaster():decoder-wrappers.cc:375) Log-like per frame for utterance M0000000107_0023 is -4.63566 over 295 frames.
M0000000107_0024 ขอ เครื่องปรุง ไหม 
LOG (gmm-latgen-faster[5.5.0~1494-e5a5]:DecodeUtteranceLatticeFaster():decoder-wrappers.cc:375) Log-like per frame for utterance M0000000107_0024 is -4.83463 over 188 frames.
M0000000107_0025 คริส หมด 
LOG (gmm-latgen-faster[5.5.0~1494-e5a5]:DecodeUtteranceLatticeFaster():decoder-wrappers.cc:375) Log-like per frame for utterance M0000000107_0025 is -4.73303 over 159 frames.
M0000000107_0026 มี นัด กิน สุด ที่ ไหน 
LOG (gmm-latgen-faster[5.5.0~1494-e5a5]:DecodeUtteranceLatticeFaster():decoder-wrappers.cc:375) Log-like per frame for utterance M0000000107_0026 is -4.70765 over 233 frames.
M0000000107_0027 ข้อสอบ ประเทศไทย ไหน จะ 
LOG (gmm-latgen-faster[5.5.0~1494-e5a5]:DecodeUtteranceLatticeFaster():decoder-wrappers.cc:375) Log-like per frame for utterance M0000000107_0027 is -4.70614 over 259 frames.
M0000000107_0028 ขอ น้ำจิ้ม เพิ่ม ใหม่ บ้าง 
LOG (gmm-latgen-faster[5.5.0~1494-e5a5]:DecodeUtteranceLatticeFaster():decoder-wrappers.cc:375) Log-like per frame for utterance M0000000107_0028 is -4.63068 over 249 frames.
M0000000107_0029 จะ เสร็จ หรือ ยัง 
LOG (gmm-latgen-faster[5.5.0~1494-e5a5]:DecodeUtteranceLatticeFaster():decoder-wrappers.cc:375) Log-like per frame for utterance M0000000107_0029 is -4.26388 over 202 frames.
M0000000107_0030 พรุ่ง อะไร ได้ บ้าง 
LOG (gmm-latgen-faster[5.5.0~1494-e5a5]:DecodeUtteranceLatticeFaster():decoder-wrappers.cc:375) Log-like per frame for utterance M0000000107_0030 is -4.55951 over 236 frames.
M0000000107_0031 อาหาร จะ มา กี่ โมง 
LOG (gmm-latgen-faster[5.5.0~1494-e5a5]:DecodeUtteranceLatticeFaster():decoder-wrappers.cc:375) Log-like per frame for utterance M0000000107_0031 is -4.13086 over 246 frames.
M0000000107_0032 ต้อง รอ อีก นาน ไหม 
LOG (gmm-latgen-faster[5.5.0~1494-e5a5]:DecodeUtteranceLatticeFaster():decoder-wrappers.cc:375) Log-like per frame for utterance M0000000107_0032 is -4.33673 over 297 frames.
M0000000107_0033 เลือก ไหร่ เกษตร 
LOG (gmm-latgen-faster[5.5.0~1494-e5a5]:DecodeUtteranceLatticeFaster():decoder-wrappers.cc:375) Log-like per frame for utterance M0000000107_0033 is -4.22243 over 209 frames.
M0000000107_0034 ประมาณ จัง 
LOG (gmm-latgen-faster[5.5.0~1494-e5a5]:DecodeUtteranceLatticeFaster():decoder-wrappers.cc:375) Log-like per frame for utterance M0000000107_0034 is -4.67822 over 158 frames.
M0000000107_0035 ไม่ ที่ แล้ว 
LOG (gmm-latgen-faster[5.5.0~1494-e5a5]:DecodeUtteranceLatticeFaster():decoder-wrappers.cc:375) Log-like per frame for utterance M0000000107_0035 is -4.05348 over 181 frames.
M0000000107_0036 ขอ เปลี่ยน เมนู 
LOG (gmm-latgen-faster[5.5.0~1494-e5a5]:DecodeUtteranceLatticeFaster():decoder-wrappers.cc:375) Log-like per frame for utterance M0000000107_0036 is -3.9711 over 208 frames.
M0000000107_0037 ไม่ เอา แล้ว ทำ ไง 
LOG (gmm-latgen-faster[5.5.0~1494-e5a5]:DecodeUtteranceLatticeFaster():decoder-wrappers.cc:375) Log-like per frame for utterance M0000000107_0037 is -4.31317 over 230 frames.
M0000000107_0038 ปลุก ข้าว หน้า 
LOG (gmm-latgen-faster[5.5.0~1494-e5a5]:DecodeUtteranceLatticeFaster():decoder-wrappers.cc:375) Log-like per frame for utterance M0000000107_0038 is -5.18737 over 174 frames.
M0000000107_0039 แล้ว ไป ตก สาม นะ 
LOG (gmm-latgen-faster[5.5.0~1494-e5a5]:DecodeUtteranceLatticeFaster():decoder-wrappers.cc:375) Log-like per frame for utterance M0000000107_0039 is -4.8243 over 224 frames.
M0000000107_0040 ย้าย ติดต่อ ของ นะ 
LOG (gmm-latgen-faster[5.5.0~1494-e5a5]:DecodeUtteranceLatticeFaster():decoder-wrappers.cc:375) Log-like per frame for utterance M0000000107_0040 is -4.39608 over 257 frames.
M0000000107_0041 เอา ต่อ ผลไม้ ต่อ ได้มั้ย 
LOG (gmm-latgen-faster[5.5.0~1494-e5a5]:DecodeUtteranceLatticeFaster():decoder-wrappers.cc:375) Log-like per frame for utterance M0000000107_0041 is -4.6552 over 263 frames.
M0000000107_0042 อยาก ยา ไป เข้า ไป 
LOG (gmm-latgen-faster[5.5.0~1494-e5a5]:DecodeUtteranceLatticeFaster():decoder-wrappers.cc:375) Log-like per frame for utterance M0000000107_0042 is -4.53419 over 201 frames.
M0000000107_0043 ชั้น ว่าง ไหม 
LOG (gmm-latgen-faster[5.5.0~1494-e5a5]:DecodeUtteranceLatticeFaster():decoder-wrappers.cc:375) Log-like per frame for utterance M0000000107_0043 is -4.73198 over 189 frames.
M0000000107_0044 เจ็ด ตังค์ ด้วย 
LOG (gmm-latgen-faster[5.5.0~1494-e5a5]:DecodeUtteranceLatticeFaster():decoder-wrappers.cc:375) Log-like per frame for utterance M0000000107_0044 is -4.57527 over 181 frames.
M0000000107_0045 รับ บัตร เครดิต ไหม 
LOG (gmm-latgen-faster[5.5.0~1494-e5a5]:DecodeUtteranceLatticeFaster():decoder-wrappers.cc:375) Log-like per frame for utterance M0000000107_0045 is -4.68539 over 251 frames.
M0000000107_0046 เอา สิบ ไป 
LOG (gmm-latgen-faster[5.5.0~1494-e5a5]:DecodeUtteranceLatticeFaster():decoder-wrappers.cc:375) Log-like per frame for utterance M0000000107_0046 is -4.37839 over 194 frames.
M0000000107_0047 เซ็ต แกน จะ ได้ บ้าง 
LOG (gmm-latgen-faster[5.5.0~1494-e5a5]:DecodeUtteranceLatticeFaster():decoder-wrappers.cc:375) Log-like per frame for utterance M0000000107_0047 is -4.49232 over 215 frames.
M0000000107_0048 มี โปรโมชั่น ไป ไหน 
LOG (gmm-latgen-faster[5.5.0~1494-e5a5]:DecodeUtteranceLatticeFaster():decoder-wrappers.cc:375) Log-like per frame for utterance M0000000107_0048 is -4.56685 over 237 frames.
M0000000107_0049 ไม่ อร่อย เลย 
LOG (gmm-latgen-faster[5.5.0~1494-e5a5]:DecodeUtteranceLatticeFaster():decoder-wrappers.cc:375) Log-like per frame for utterance M0000000107_0049 is -4.19898 over 178 frames.
M0000000107_0050 รสชาติ เตือน มาก 
LOG (gmm-latgen-faster[5.5.0~1494-e5a5]:DecodeUtteranceLatticeFaster():decoder-wrappers.cc:375) Log-like per frame for utterance M0000000107_0050 is -4.43164 over 195 frames.
M0000000107_0051 กระเทียม หนึ่ง ข่าว 
LOG (gmm-latgen-faster[5.5.0~1494-e5a5]:DecodeUtteranceLatticeFaster():decoder-wrappers.cc:375) Log-like per frame for utterance M0000000107_0051 is -4.29686 over 198 frames.
M0000000107_0052 เจ็ด เดือน ไป ค่ะ 
LOG (gmm-latgen-faster[5.5.0~1494-e5a5]:DecodeUtteranceLatticeFaster():decoder-wrappers.cc:375) Log-like per frame for utterance M0000000107_0052 is -4.48071 over 215 frames.
M0000000107_0053 พล มี อะไร น่า ไป ค่ะ 
LOG (gmm-latgen-faster[5.5.0~1494-e5a5]:DecodeUtteranceLatticeFaster():decoder-wrappers.cc:375) Log-like per frame for utterance M0000000107_0053 is -4.9317 over 229 frames.
M0000000107_0054 ปิด ไม่ ตอน 
LOG (gmm-latgen-faster[5.5.0~1494-e5a5]:DecodeUtteranceLatticeFaster():decoder-wrappers.cc:375) Log-like per frame for utterance M0000000107_0054 is -4.74354 over 161 frames.
M0000000107_0055 ชั้น ห้า ของ ไหม 
LOG (gmm-latgen-faster[5.5.0~1494-e5a5]:DecodeUtteranceLatticeFaster():decoder-wrappers.cc:375) Log-like per frame for utterance M0000000107_0055 is -4.48945 over 193 frames.
M0000000107_0056 กิน ครึ่ง จันทร์ ไก่ ครึ่ง เรียก ด้วย ไหม 
LOG (gmm-latgen-faster[5.5.0~1494-e5a5]:DecodeUtteranceLatticeFaster():decoder-wrappers.cc:375) Log-like per frame for utterance M0000000107_0056 is -4.62931 over 343 frames.
M0000000107_0057 ไม่ ต้อง ของ 
LOG (gmm-latgen-faster[5.5.0~1494-e5a5]:DecodeUtteranceLatticeFaster():decoder-wrappers.cc:375) Log-like per frame for utterance M0000000107_0057 is -4.19479 over 163 frames.
M0000000107_0058 อาจารย์ ได้ ไหม 
LOG (gmm-latgen-faster[5.5.0~1494-e5a5]:DecodeUtteranceLatticeFaster():decoder-wrappers.cc:375) Log-like per frame for utterance M0000000107_0058 is -4.5325 over 179 frames.
M0000000107_0059 กับข้าว หมูสับ เท่าไหร่ 
LOG (gmm-latgen-faster[5.5.0~1494-e5a5]:DecodeUtteranceLatticeFaster():decoder-wrappers.cc:375) Log-like per frame for utterance M0000000107_0059 is -4.57038 over 220 frames.
M0000000107_0060 ต้มยำ กุ้ง เผ็ด มาก ไหม 
LOG (gmm-latgen-faster[5.5.0~1494-e5a5]:DecodeUtteranceLatticeFaster():decoder-wrappers.cc:375) Log-like per frame for utterance M0000000107_0060 is -4.51403 over 320 frames.
M0000000107_0061 อุ้ม ไก่ เผ็ด ไหม ค่ะ 
LOG (gmm-latgen-faster[5.5.0~1494-e5a5]:DecodeUtteranceLatticeFaster():decoder-wrappers.cc:375) Log-like per frame for utterance M0000000107_0061 is -4.23934 over 233 frames.
M0000000107_0062 มี ท้องเสีย ไหม 
LOG (gmm-latgen-faster[5.5.0~1494-e5a5]:DecodeUtteranceLatticeFaster():decoder-wrappers.cc:375) Log-like per frame for utterance M0000000107_0062 is -4.25263 over 192 frames.
M0000000107_0063 เมนู นี้ อร่อย ไหม 
LOG (gmm-latgen-faster[5.5.0~1494-e5a5]:DecodeUtteranceLatticeFaster():decoder-wrappers.cc:375) Log-like per frame for utterance M0000000107_0063 is -4.13155 over 228 frames.
M0000000107_0064 ช้อนชา สี่ 
LOG (gmm-latgen-faster[5.5.0~1494-e5a5]:DecodeUtteranceLatticeFaster():decoder-wrappers.cc:375) Log-like per frame for utterance M0000000107_0064 is -4.50243 over 176 frames.
M0000000107_0065 ขอ ที่ ช่วง เพิ่ม หน่อย 
LOG (gmm-latgen-faster[5.5.0~1494-e5a5]:DecodeUtteranceLatticeFaster():decoder-wrappers.cc:375) Log-like per frame for utterance M0000000107_0065 is -4.9871 over 216 frames.
M0000000107_0066 เซ็ต เกี่ยวกับ 
LOG (gmm-latgen-faster[5.5.0~1494-e5a5]:DecodeUtteranceLatticeFaster():decoder-wrappers.cc:375) Log-like per frame for utterance M0000000107_0066 is -4.93289 over 192 frames.
M0000000107_0067 ขอ ที่ กัน หนึ่ง 
LOG (gmm-latgen-faster[5.5.0~1494-e5a5]:DecodeUtteranceLatticeFaster():decoder-wrappers.cc:375) Log-like per frame for utterance M0000000107_0067 is -4.66027 over 201 frames.
M0000000107_0068 ขอ จันทร์ เป็น สอง จาน 
LOG (gmm-latgen-faster[5.5.0~1494-e5a5]:DecodeUtteranceLatticeFaster():decoder-wrappers.cc:375) Log-like per frame for utterance M0000000107_0068 is -4.79968 over 298 frames.
M0000000107_0069 มี ที่ นั่ง หมื่น ไหม 
LOG (gmm-latgen-faster[5.5.0~1494-e5a5]:DecodeUtteranceLatticeFaster():decoder-wrappers.cc:375) Log-like per frame for utterance M0000000107_0069 is -4.52599 over 185 frames.
M0000000107_0070 ขอ เมนู หน่อย สิ 
LOG (gmm-latgen-faster[5.5.0~1494-e5a5]:DecodeUtteranceLatticeFaster():decoder-wrappers.cc:375) Log-like per frame for utterance M0000000107_0070 is -4.29129 over 228 frames.
M0000000107_0071 ร้าน นี้ มี ขุด ไหม 
LOG (gmm-latgen-faster[5.5.0~1494-e5a5]:DecodeUtteranceLatticeFaster():decoder-wrappers.cc:375) Log-like per frame for utterance M0000000107_0071 is -4.81771 over 229 frames.
M0000000107_0072 คน จีน ไหม กิน บ่อย ไหม 
LOG (gmm-latgen-faster[5.5.0~1494-e5a5]:DecodeUtteranceLatticeFaster():decoder-wrappers.cc:375) Log-like per frame for utterance M0000000107_0072 is -4.34688 over 277 frames.
M0000000107_0073 ทำให้ ระหว่าง ทำ อาหาร นะ 
LOG (gmm-latgen-faster[5.5.0~1494-e5a5]:DecodeUtteranceLatticeFaster():decoder-wrappers.cc:375) Log-like per frame for utterance M0000000107_0073 is -4.58842 over 284 frames.
M0000000107_0074 รับ เด็ก ไหม 
LOG (gmm-latgen-faster[5.5.0~1494-e5a5]:DecodeUtteranceLatticeFaster():decoder-wrappers.cc:375) Log-like per frame for utterance M0000000107_0074 is -4.61064 over 228 frames.
M0000000107_0075 อย่า สมัคร งาน ต่อไป อยู่ เท่าไหร่ 
LOG (gmm-latgen-faster[5.5.0~1494-e5a5]:DecodeUtteranceLatticeFaster():decoder-wrappers.cc:375) Log-like per frame for utterance M0000000107_0075 is -4.65224 over 320 frames.
M0000000107_0076 ยัง ไม่ เปลี่ยน หาร รับ ไหม 
LOG (gmm-latgen-faster[5.5.0~1494-e5a5]:DecodeUtteranceLatticeFaster():decoder-wrappers.cc:375) Log-like per frame for utterance M0000000107_0076 is -4.89761 over 248 frames.
M0000000107_0077 ไม่ มี ตั้ง หน้า การ แห่ง ได้ ไหม 
LOG (gmm-latgen-faster[5.5.0~1494-e5a5]:DecodeUtteranceLatticeFaster():decoder-wrappers.cc:375) Log-like per frame for utterance M0000000107_0077 is -4.77528 over 279 frames.
M0000000107_0078 อย่า ซื้อ ร้าน ต่อ ขาย เท่าไหร่ 
LOG (gmm-latgen-faster[5.5.0~1494-e5a5]:DecodeUtteranceLatticeFaster():decoder-wrappers.cc:375) Log-like per frame for utterance M0000000107_0078 is -4.62814 over 292 frames.
M0000000107_0079 ขาย เป็น ใช่ ไหม 
LOG (gmm-latgen-faster[5.5.0~1494-e5a5]:DecodeUtteranceLatticeFaster():decoder-wrappers.cc:375) Log-like per frame for utterance M0000000107_0079 is -4.55129 over 193 frames.
M0000000107_0080 อย่า เปิด สาขา บ้าง ต้อง ทำ อะไร 
LOG (gmm-latgen-faster[5.5.0~1494-e5a5]:DecodeUtteranceLatticeFaster():decoder-wrappers.cc:375) Log-like per frame for utterance M0000000107_0080 is -4.67193 over 306 frames.
M0000000107_0081 ตก สวย จัง อยาก ได้ ขาย ไหม 
LOG (gmm-latgen-faster[5.5.0~1494-e5a5]:DecodeUtteranceLatticeFaster():decoder-wrappers.cc:375) Log-like per frame for utterance M0000000107_0081 is -4.63983 over 347 frames.
M0000000107_0082 หน้า ตา เปิด ร้าน ตอน สี่ แย็ค นะ 
LOG (gmm-latgen-faster[5.5.0~1494-e5a5]:DecodeUtteranceLatticeFaster():decoder-wrappers.cc:375) Log-like per frame for utterance M0000000107_0082 is -4.57091 over 329 frames.
M0000000107_0083 ก๋วยเตี๋ยว ขาย ดี มั้ย 
LOG (gmm-latgen-faster[5.5.0~1494-e5a5]:DecodeUtteranceLatticeFaster():decoder-wrappers.cc:375) Log-like per frame for utterance M0000000107_0083 is -4.98388 over 208 frames.
M0000000107_0084 ซื้อ ไป ที่ เป็น ง่าย บ้าง 
LOG (gmm-latgen-faster[5.5.0~1494-e5a5]:DecodeUtteranceLatticeFaster():decoder-wrappers.cc:375) Log-like per frame for utterance M0000000107_0084 is -4.65639 over 212 frames.
M0000000107_0085 ขาย อาหาร อะไร ได้ ที่ ไหน 
LOG (gmm-latgen-faster[5.5.0~1494-e5a5]:DecodeUtteranceLatticeFaster():decoder-wrappers.cc:375) Log-like per frame for utterance M0000000107_0085 is -4.31662 over 238 frames.
M0000000107_0086 วันนี้ ขาย ไต เยอะ ป่าว 
LOG (gmm-latgen-faster[5.5.0~1494-e5a5]:DecodeUtteranceLatticeFaster():decoder-wrappers.cc:375) Log-like per frame for utterance M0000000107_0086 is -4.93629 over 229 frames.
M0000000107_0087 เปลี่ยน หน้า ยกเลิก ไหม 
LOG (gmm-latgen-faster[5.5.0~1494-e5a5]:DecodeUtteranceLatticeFaster():decoder-wrappers.cc:375) Log-like per frame for utterance M0000000107_0087 is -4.36069 over 223 frames.
M0000000107_0088 ใช้ มี ย้อน จาก ที่ไหน 
LOG (gmm-latgen-faster[5.5.0~1494-e5a5]:DecodeUtteranceLatticeFaster():decoder-wrappers.cc:375) Log-like per frame for utterance M0000000107_0088 is -4.87399 over 206 frames.
M0000000107_0089 ต้อง ใส่ น้ำตาล สี่ ช็อต 
LOG (gmm-latgen-faster[5.5.0~1494-e5a5]:DecodeUtteranceLatticeFaster():decoder-wrappers.cc:375) Log-like per frame for utterance M0000000107_0089 is -4.83449 over 179 frames.
M0000000107_0090 ทำ หมู กรอบ กัน ใน ร้านค้า 
LOG (gmm-latgen-faster[5.5.0~1494-e5a5]:DecodeUtteranceLatticeFaster():decoder-wrappers.cc:375) Log-like per frame for utterance M0000000107_0090 is -4.57162 over 241 frames.
M0000000107_0091 ใส่ ถุง ช่วง โรง อื่น ปะ 
LOG (gmm-latgen-faster[5.5.0~1494-e5a5]:DecodeUtteranceLatticeFaster():decoder-wrappers.cc:375) Log-like per frame for utterance M0000000107_0091 is -4.83884 over 258 frames.
M0000000107_0092 ใส่ หมู หรือ เปล่า 
LOG (gmm-latgen-faster[5.5.0~1494-e5a5]:DecodeUtteranceLatticeFaster():decoder-wrappers.cc:375) Log-like per frame for utterance M0000000107_0092 is -4.76791 over 165 frames.
M0000000107_0093 เอา เป็น ซ้าย จาน หนึ่ง 
LOG (gmm-latgen-faster[5.5.0~1494-e5a5]:DecodeUtteranceLatticeFaster():decoder-wrappers.cc:375) Log-like per frame for utterance M0000000107_0093 is -4.41475 over 209 frames.
M0000000107_0094 เอา เลย ทอด จาน หนึ่ง 
LOG (gmm-latgen-faster[5.5.0~1494-e5a5]:DecodeUtteranceLatticeFaster():decoder-wrappers.cc:375) Log-like per frame for utterance M0000000107_0094 is -4.59958 over 200 frames.
LOG (apply-cmvn[5.5.0~1494-e5a5]:main():apply-cmvn.cc:162) Applied cepstral mean normalization to 102 utterances, errors on 0
M0000000107_0095 ทำ หมู ลอย ชัยวัฒน์ เนย ไหม 
LOG (gmm-latgen-faster[5.5.0~1494-e5a5]:DecodeUtteranceLatticeFaster():decoder-wrappers.cc:375) Log-like per frame for utterance M0000000107_0095 is -4.45584 over 275 frames.
M0000000107_0096 รูป ที่ แล้ว เปลี่ยน ควีน ไป หนึ่ง 
LOG (gmm-latgen-faster[5.5.0~1494-e5a5]:DecodeUtteranceLatticeFaster():decoder-wrappers.cc:375) Log-like per frame for utterance M0000000107_0096 is -4.63468 over 264 frames.
M0000000107_0097 มา ส่ง ที่ ของ ให้ หน่อย 
LOG (gmm-latgen-faster[5.5.0~1494-e5a5]:DecodeUtteranceLatticeFaster():decoder-wrappers.cc:375) Log-like per frame for utterance M0000000107_0097 is -4.76066 over 214 frames.
M0000000107_0098 มา ส่ง ที่ บาง ได้ ไหม 
LOG (gmm-latgen-faster[5.5.0~1494-e5a5]:DecodeUtteranceLatticeFaster():decoder-wrappers.cc:375) Log-like per frame for utterance M0000000107_0098 is -4.47734 over 316 frames.
M0000000107_0099 เลื่อน ลง ไป เอา ครับ 
LOG (gmm-latgen-faster[5.5.0~1494-e5a5]:DecodeUtteranceLatticeFaster():decoder-wrappers.cc:375) Log-like per frame for utterance M0000000107_0099 is -5.16887 over 184 frames.
M0000000107_0100 ยกเลิก ไป เท่า ที่ ผ่าน มา 
LOG (gmm-latgen-faster[5.5.0~1494-e5a5]:DecodeUtteranceLatticeFaster():decoder-wrappers.cc:375) Log-like per frame for utterance M0000000107_0100 is -4.93938 over 219 frames.
LOG (transform-feats[5.5.0~1494-e5a5]:main():transform-feats.cc:158) Overall average [pseudo-]logdet is -28.1793 over 23986 frames.
LOG (transform-feats[5.5.0~1494-e5a5]:main():transform-feats.cc:161) Applied transform to 102 utterances; 0 had errors.
M0000000107_0101 อยู่ ใช่ ตะขาบ แล้ว อะไร ก็ได้ จาน หนึ่ง 
LOG (gmm-latgen-faster[5.5.0~1494-e5a5]:DecodeUtteranceLatticeFaster():decoder-wrappers.cc:375) Log-like per frame for utterance M0000000107_0101 is -4.8361 over 424 frames.
LOG (gmm-latgen-faster[5.5.0~1494-e5a5]:main():gmm-latgen-faster.cc:176) Time taken 42.2342s: real-time factor assuming 100 frames/sec is 0.176078
LOG (gmm-latgen-faster[5.5.0~1494-e5a5]:main():gmm-latgen-faster.cc:179) Done 102 utterances, failed for 0
LOG (gmm-latgen-faster[5.5.0~1494-e5a5]:main():gmm-latgen-faster.cc:181) Overall log-likelihood per frame is -4.6102 over 23986 frames.
# Accounting: time=42 threads=1
# Ended (code 0) at Mon May 17 09:51:08 UTC 2021, elapsed time 42 seconds
