# gmm-latgen-faster --max-active=7000 --beam=13.0 --lattice-beam=6.0 --acoustic-scale=0.083333 --allow-partial=true --word-symbol-table=exp/tri1/graph/words.txt exp/tri1/final.mdl exp/tri1/graph/HCLG.fst "ark,s,cs:apply-cmvn  --utt2spk=ark:data/test/split1/1/utt2spk scp:data/test/split1/1/cmvn.scp scp:data/test/split1/1/feats.scp ark:- | add-deltas  ark:- ark:- |" "ark:|gzip -c > exp/tri1/decode/lat.1.gz" 
# Started at Thu Oct 29 18:11:54 UTC 2020
#
gmm-latgen-faster --max-active=7000 --beam=13.0 --lattice-beam=6.0 --acoustic-scale=0.083333 --allow-partial=true --word-symbol-table=exp/tri1/graph/words.txt exp/tri1/final.mdl exp/tri1/graph/HCLG.fst 'ark,s,cs:apply-cmvn  --utt2spk=ark:data/test/split1/1/utt2spk scp:data/test/split1/1/cmvn.scp scp:data/test/split1/1/feats.scp ark:- | add-deltas  ark:- ark:- |' 'ark:|gzip -c > exp/tri1/decode/lat.1.gz' 
add-deltas ark:- ark:- 
apply-cmvn --utt2spk=ark:data/test/split1/1/utt2spk scp:data/test/split1/1/cmvn.scp scp:data/test/split1/1/feats.scp ark:- 
uid41 กบ ไก่ กา กบ ไก่ กา ไก่ กระต่าย ไก่ 
LOG (gmm-latgen-faster[5.5.0~1494-e5a5]:DecodeUtteranceLatticeFaster():decoder-wrappers.cc:375) Log-like per frame for utterance uid41 is -5.90845 over 1262 frames.
uid42 กบ ไก่ กา กบ ไก่ กา ไก่ กระต่าย กบ กา 
LOG (gmm-latgen-faster[5.5.0~1494-e5a5]:DecodeUtteranceLatticeFaster():decoder-wrappers.cc:375) Log-like per frame for utterance uid42 is -6.04243 over 1268 frames.
uid43 กบ ไก่ กา กบ ไก่ กา ไก่ กระต่าย กา ไก่ 
LOG (gmm-latgen-faster[5.5.0~1494-e5a5]:DecodeUtteranceLatticeFaster():decoder-wrappers.cc:375) Log-like per frame for utterance uid43 is -5.89157 over 1312 frames.
uid44 กบ ไก่ กา กบ กบ กา ไก่ กบ กระต่าย ไก่ 
LOG (gmm-latgen-faster[5.5.0~1494-e5a5]:DecodeUtteranceLatticeFaster():decoder-wrappers.cc:375) Log-like per frame for utterance uid44 is -6.10102 over 1256 frames.
uid45 กบ กบ กบ กา ไก่ กา กบ กระต่าย กา ไก่ กระต่าย กา กบ 
LOG (gmm-latgen-faster[5.5.0~1494-e5a5]:DecodeUtteranceLatticeFaster():decoder-wrappers.cc:375) Log-like per frame for utterance uid45 is -6.46349 over 1308 frames.
uid46 กบ กา ไก่ กา ไก่ ไก่ ไก่ กา ไก่ ไก่ กา กระต่าย กบ 
LOG (gmm-latgen-faster[5.5.0~1494-e5a5]:DecodeUtteranceLatticeFaster():decoder-wrappers.cc:375) Log-like per frame for utterance uid46 is -6.33317 over 1165 frames.
uid47 กบ กบ กบ กบ ไก่ กา กบ กา ไก่ กา ไก่ กบ ไก่ กระต่าย ไก่ 
LOG (gmm-latgen-faster[5.5.0~1494-e5a5]:DecodeUtteranceLatticeFaster():decoder-wrappers.cc:375) Log-like per frame for utterance uid47 is -6.2281 over 1310 frames.
uid48 กบ กบ ไก่ กา ไก่ กบ ไก่ กา ไก่ ไก่ กา กระต่าย 
LOG (gmm-latgen-faster[5.5.0~1494-e5a5]:DecodeUtteranceLatticeFaster():decoder-wrappers.cc:375) Log-like per frame for utterance uid48 is -6.13008 over 1253 frames.
uid49 กบ ไก่ ไก่ กา กบ ไก่ ไก่ กา กระต่าย ไก่ กา กระต่าย 
LOG (gmm-latgen-faster[5.5.0~1494-e5a5]:DecodeUtteranceLatticeFaster():decoder-wrappers.cc:375) Log-like per frame for utterance uid49 is -6.05217 over 1303 frames.
LOG (apply-cmvn[5.5.0~1494-e5a5]:main():apply-cmvn.cc:162) Applied cepstral mean normalization to 16 utterances, errors on 0
uid50 กบ กา ไก่ กา กบ กระต่าย กบ กา ไก่ กา กา 
LOG (gmm-latgen-faster[5.5.0~1494-e5a5]:DecodeUtteranceLatticeFaster():decoder-wrappers.cc:375) Log-like per frame for utterance uid50 is -6.1192 over 1214 frames.
uid51 กบ 
LOG (gmm-latgen-faster[5.5.0~1494-e5a5]:DecodeUtteranceLatticeFaster():decoder-wrappers.cc:375) Log-like per frame for utterance uid51 is -8.43068 over 316 frames.
uid52 กบ กบ 
LOG (gmm-latgen-faster[5.5.0~1494-e5a5]:DecodeUtteranceLatticeFaster():decoder-wrappers.cc:375) Log-like per frame for utterance uid52 is -8.04959 over 269 frames.
uid53 กบ 
LOG (gmm-latgen-faster[5.5.0~1494-e5a5]:DecodeUtteranceLatticeFaster():decoder-wrappers.cc:375) Log-like per frame for utterance uid53 is -7.3369 over 201 frames.
uid54 กา ไก่ กา 
LOG (gmm-latgen-faster[5.5.0~1494-e5a5]:DecodeUtteranceLatticeFaster():decoder-wrappers.cc:375) Log-like per frame for utterance uid54 is -6.74623 over 237 frames.
uid55 กบ กา 
LOG (gmm-latgen-faster[5.5.0~1494-e5a5]:DecodeUtteranceLatticeFaster():decoder-wrappers.cc:375) Log-like per frame for utterance uid55 is -6.62159 over 313 frames.
uid56 กบ กา กระต่าย กบ 
LOG (gmm-latgen-faster[5.5.0~1494-e5a5]:DecodeUtteranceLatticeFaster():decoder-wrappers.cc:375) Log-like per frame for utterance uid56 is -6.86376 over 297 frames.
LOG (gmm-latgen-faster[5.5.0~1494-e5a5]:main():gmm-latgen-faster.cc:176) Time taken 2.29395s: real-time factor assuming 100 frames/sec is 0.0160595
LOG (gmm-latgen-faster[5.5.0~1494-e5a5]:main():gmm-latgen-faster.cc:179) Done 16 utterances, failed for 0
LOG (gmm-latgen-faster[5.5.0~1494-e5a5]:main():gmm-latgen-faster.cc:181) Overall log-likelihood per frame is -6.26658 over 14284 frames.
# Accounting: time=2 threads=1
# Ended (code 0) at Thu Oct 29 18:11:56 UTC 2020, elapsed time 2 seconds
