# compute-mfcc-feats --write-utt2dur=ark,t:exp/make_mfcc/train/utt2dur.1 --verbose=2 --config=conf/mfcc.conf scp,p:exp/make_mfcc/train/wav_train.1.scp ark:- | copy-feats --write-num-frames=ark,t:exp/make_mfcc/train/utt2num_frames.1 --compress=true ark:- ark,scp:/kaldi/egs/king3/v7_nnet/mfcc/raw_mfcc_train.1.ark,/kaldi/egs/king3/v7_nnet/mfcc/raw_mfcc_train.1.scp 
# Started at Mon Nov 23 13:19:39 UTC 2020
#
copy-feats --write-num-frames=ark,t:exp/make_mfcc/train/utt2num_frames.1 --compress=true ark:- ark,scp:/kaldi/egs/king3/v7_nnet/mfcc/raw_mfcc_train.1.ark,/kaldi/egs/king3/v7_nnet/mfcc/raw_mfcc_train.1.scp 
compute-mfcc-feats --write-utt2dur=ark,t:exp/make_mfcc/train/utt2dur.1 --verbose=2 --config=conf/mfcc.conf scp,p:exp/make_mfcc/train/wav_train.1.scp ark:- 
VLOG[2] (compute-mfcc-feats[5.5.0~1494-e5a5]:main():compute-mfcc-feats.cc:182) Processed features for key uid01
VLOG[2] (compute-mfcc-feats[5.5.0~1494-e5a5]:main():compute-mfcc-feats.cc:182) Processed features for key uid02
VLOG[2] (compute-mfcc-feats[5.5.0~1494-e5a5]:main():compute-mfcc-feats.cc:182) Processed features for key uid03
VLOG[2] (compute-mfcc-feats[5.5.0~1494-e5a5]:main():compute-mfcc-feats.cc:182) Processed features for key uid04
VLOG[2] (compute-mfcc-feats[5.5.0~1494-e5a5]:main():compute-mfcc-feats.cc:182) Processed features for key uid05
VLOG[2] (compute-mfcc-feats[5.5.0~1494-e5a5]:main():compute-mfcc-feats.cc:182) Processed features for key uid06
VLOG[2] (compute-mfcc-feats[5.5.0~1494-e5a5]:main():compute-mfcc-feats.cc:182) Processed features for key uid07
VLOG[2] (compute-mfcc-feats[5.5.0~1494-e5a5]:main():compute-mfcc-feats.cc:182) Processed features for key uid08
VLOG[2] (compute-mfcc-feats[5.5.0~1494-e5a5]:main():compute-mfcc-feats.cc:182) Processed features for key uid09
LOG (compute-mfcc-feats[5.5.0~1494-e5a5]:main():compute-mfcc-feats.cc:181) Processed 10 utterances
VLOG[2] (compute-mfcc-feats[5.5.0~1494-e5a5]:main():compute-mfcc-feats.cc:182) Processed features for key uid10
VLOG[2] (compute-mfcc-feats[5.5.0~1494-e5a5]:main():compute-mfcc-feats.cc:182) Processed features for key uid11
VLOG[2] (compute-mfcc-feats[5.5.0~1494-e5a5]:main():compute-mfcc-feats.cc:182) Processed features for key uid12
VLOG[2] (compute-mfcc-feats[5.5.0~1494-e5a5]:main():compute-mfcc-feats.cc:182) Processed features for key uid13
VLOG[2] (compute-mfcc-feats[5.5.0~1494-e5a5]:main():compute-mfcc-feats.cc:182) Processed features for key uid14
VLOG[2] (compute-mfcc-feats[5.5.0~1494-e5a5]:main():compute-mfcc-feats.cc:182) Processed features for key uid15
VLOG[2] (compute-mfcc-feats[5.5.0~1494-e5a5]:main():compute-mfcc-feats.cc:182) Processed features for key uid16
VLOG[2] (compute-mfcc-feats[5.5.0~1494-e5a5]:main():compute-mfcc-feats.cc:182) Processed features for key uid17
VLOG[2] (compute-mfcc-feats[5.5.0~1494-e5a5]:main():compute-mfcc-feats.cc:182) Processed features for key uid18
VLOG[2] (compute-mfcc-feats[5.5.0~1494-e5a5]:main():compute-mfcc-feats.cc:182) Processed features for key uid19
LOG (compute-mfcc-feats[5.5.0~1494-e5a5]:main():compute-mfcc-feats.cc:181) Processed 20 utterances
VLOG[2] (compute-mfcc-feats[5.5.0~1494-e5a5]:main():compute-mfcc-feats.cc:182) Processed features for key uid20
VLOG[2] (compute-mfcc-feats[5.5.0~1494-e5a5]:main():compute-mfcc-feats.cc:182) Processed features for key uid21
VLOG[2] (compute-mfcc-feats[5.5.0~1494-e5a5]:main():compute-mfcc-feats.cc:182) Processed features for key uid22
VLOG[2] (compute-mfcc-feats[5.5.0~1494-e5a5]:main():compute-mfcc-feats.cc:182) Processed features for key uid23
VLOG[2] (compute-mfcc-feats[5.5.0~1494-e5a5]:main():compute-mfcc-feats.cc:182) Processed features for key uid24
VLOG[2] (compute-mfcc-feats[5.5.0~1494-e5a5]:main():compute-mfcc-feats.cc:182) Processed features for key uid25
VLOG[2] (compute-mfcc-feats[5.5.0~1494-e5a5]:main():compute-mfcc-feats.cc:182) Processed features for key uid26
VLOG[2] (compute-mfcc-feats[5.5.0~1494-e5a5]:main():compute-mfcc-feats.cc:182) Processed features for key uid27
VLOG[2] (compute-mfcc-feats[5.5.0~1494-e5a5]:main():compute-mfcc-feats.cc:182) Processed features for key uid28
VLOG[2] (compute-mfcc-feats[5.5.0~1494-e5a5]:main():compute-mfcc-feats.cc:182) Processed features for key uid29
LOG (compute-mfcc-feats[5.5.0~1494-e5a5]:main():compute-mfcc-feats.cc:181) Processed 30 utterances
VLOG[2] (compute-mfcc-feats[5.5.0~1494-e5a5]:main():compute-mfcc-feats.cc:182) Processed features for key uid30
VLOG[2] (compute-mfcc-feats[5.5.0~1494-e5a5]:main():compute-mfcc-feats.cc:182) Processed features for key uid31
VLOG[2] (compute-mfcc-feats[5.5.0~1494-e5a5]:main():compute-mfcc-feats.cc:182) Processed features for key uid32
VLOG[2] (compute-mfcc-feats[5.5.0~1494-e5a5]:main():compute-mfcc-feats.cc:182) Processed features for key uid33
VLOG[2] (compute-mfcc-feats[5.5.0~1494-e5a5]:main():compute-mfcc-feats.cc:182) Processed features for key uid34
VLOG[2] (compute-mfcc-feats[5.5.0~1494-e5a5]:main():compute-mfcc-feats.cc:182) Processed features for key uid35
VLOG[2] (compute-mfcc-feats[5.5.0~1494-e5a5]:main():compute-mfcc-feats.cc:182) Processed features for key uid36
VLOG[2] (compute-mfcc-feats[5.5.0~1494-e5a5]:main():compute-mfcc-feats.cc:182) Processed features for key uid37
VLOG[2] (compute-mfcc-feats[5.5.0~1494-e5a5]:main():compute-mfcc-feats.cc:182) Processed features for key uid38
VLOG[2] (compute-mfcc-feats[5.5.0~1494-e5a5]:main():compute-mfcc-feats.cc:182) Processed features for key uid39
LOG (compute-mfcc-feats[5.5.0~1494-e5a5]:main():compute-mfcc-feats.cc:181) Processed 40 utterances
VLOG[2] (compute-mfcc-feats[5.5.0~1494-e5a5]:main():compute-mfcc-feats.cc:182) Processed features for key uid40
VLOG[2] (compute-mfcc-feats[5.5.0~1494-e5a5]:main():compute-mfcc-feats.cc:182) Processed features for key uid60
VLOG[2] (compute-mfcc-feats[5.5.0~1494-e5a5]:main():compute-mfcc-feats.cc:182) Processed features for key uid65
VLOG[2] (compute-mfcc-feats[5.5.0~1494-e5a5]:main():compute-mfcc-feats.cc:182) Processed features for key uid66
VLOG[2] (compute-mfcc-feats[5.5.0~1494-e5a5]:main():compute-mfcc-feats.cc:182) Processed features for key uid67
VLOG[2] (compute-mfcc-feats[5.5.0~1494-e5a5]:main():compute-mfcc-feats.cc:182) Processed features for key uid68
VLOG[2] (compute-mfcc-feats[5.5.0~1494-e5a5]:main():compute-mfcc-feats.cc:182) Processed features for key uid69
VLOG[2] (compute-mfcc-feats[5.5.0~1494-e5a5]:main():compute-mfcc-feats.cc:182) Processed features for key uid70
VLOG[2] (compute-mfcc-feats[5.5.0~1494-e5a5]:main():compute-mfcc-feats.cc:182) Processed features for key uid71
VLOG[2] (compute-mfcc-feats[5.5.0~1494-e5a5]:main():compute-mfcc-feats.cc:182) Processed features for key uid72
LOG (compute-mfcc-feats[5.5.0~1494-e5a5]:main():compute-mfcc-feats.cc:181) Processed 50 utterances
VLOG[2] (compute-mfcc-feats[5.5.0~1494-e5a5]:main():compute-mfcc-feats.cc:182) Processed features for key uid73
VLOG[2] (compute-mfcc-feats[5.5.0~1494-e5a5]:main():compute-mfcc-feats.cc:182) Processed features for key uid74
VLOG[2] (compute-mfcc-feats[5.5.0~1494-e5a5]:main():compute-mfcc-feats.cc:182) Processed features for key uid75
VLOG[2] (compute-mfcc-feats[5.5.0~1494-e5a5]:main():compute-mfcc-feats.cc:182) Processed features for key uid76
VLOG[2] (compute-mfcc-feats[5.5.0~1494-e5a5]:main():compute-mfcc-feats.cc:182) Processed features for key uid77
VLOG[2] (compute-mfcc-feats[5.5.0~1494-e5a5]:main():compute-mfcc-feats.cc:182) Processed features for key uid78
VLOG[2] (compute-mfcc-feats[5.5.0~1494-e5a5]:main():compute-mfcc-feats.cc:182) Processed features for key uid79
LOG (compute-mfcc-feats[5.5.0~1494-e5a5]:main():compute-mfcc-feats.cc:185)  Done 56 out of 56 utterances.
LOG (copy-feats[5.5.0~1494-e5a5]:main():copy-feats.cc:143) Copied 56 feature matrices.
# Accounting: time=2 threads=1
# Ended (code 0) at Mon Nov 23 13:19:41 UTC 2020, elapsed time 2 seconds
