# gmm-acc-stats-ali exp/tri1/13.mdl "ark,s,cs:apply-cmvn  --utt2spk=ark:data/train/split1/1/utt2spk scp:data/train/split1/1/cmvn.scp scp:data/train/split1/1/feats.scp ark:- | add-deltas  ark:- ark:- |" "ark,s,cs:gunzip -c exp/tri1/ali.1.gz|" exp/tri1/13.1.acc 
# Started at Sun May  2 16:27:39 UTC 2021
#
gmm-acc-stats-ali exp/tri1/13.mdl 'ark,s,cs:apply-cmvn  --utt2spk=ark:data/train/split1/1/utt2spk scp:data/train/split1/1/cmvn.scp scp:data/train/split1/1/feats.scp ark:- | add-deltas  ark:- ark:- |' 'ark,s,cs:gunzip -c exp/tri1/ali.1.gz|' exp/tri1/13.1.acc 
add-deltas ark:- ark:- 
apply-cmvn --utt2spk=ark:data/train/split1/1/utt2spk scp:data/train/split1/1/cmvn.scp scp:data/train/split1/1/feats.scp ark:- 
LOG (gmm-acc-stats-ali[5.5.0~1494-e5a5]:main():gmm-acc-stats-ali.cc:105) Processed 50 utterances; for utterance CCF002_Pa002_015 avg. like is -87.4648 over 772 frames.
LOG (gmm-acc-stats-ali[5.5.0~1494-e5a5]:main():gmm-acc-stats-ali.cc:105) Processed 100 utterances; for utterance CCF004_Pa004_030 avg. like is -89.4634 over 309 frames.
LOG (gmm-acc-stats-ali[5.5.0~1494-e5a5]:main():gmm-acc-stats-ali.cc:105) Processed 150 utterances; for utterance CCF007_Pa007_010 avg. like is -83.4814 over 427 frames.
LOG (gmm-acc-stats-ali[5.5.0~1494-e5a5]:main():gmm-acc-stats-ali.cc:105) Processed 200 utterances; for utterance CCF008_Pa008_025 avg. like is -90.7358 over 1929 frames.
WARNING (gmm-acc-stats-ali[5.5.0~1494-e5a5]:main():gmm-acc-stats-ali.cc:79) No alignment for utterance CCF009_Pa009_018
LOG (gmm-acc-stats-ali[5.5.0~1494-e5a5]:main():gmm-acc-stats-ali.cc:105) Processed 250 utterances; for utterance CCF011_Pa011_006 avg. like is -90.8662 over 206 frames.
LOG (gmm-acc-stats-ali[5.5.0~1494-e5a5]:main():gmm-acc-stats-ali.cc:105) Processed 300 utterances; for utterance CCF014_Pa014_021 avg. like is -90.6175 over 779 frames.
LOG (gmm-acc-stats-ali[5.5.0~1494-e5a5]:main():gmm-acc-stats-ali.cc:105) Processed 350 utterances; for utterance CCF020_Pa020_001 avg. like is -86.7434 over 1092 frames.
LOG (gmm-acc-stats-ali[5.5.0~1494-e5a5]:main():gmm-acc-stats-ali.cc:105) Processed 400 utterances; for utterance CCF024_Pa024_016 avg. like is -91.8057 over 339 frames.
LOG (gmm-acc-stats-ali[5.5.0~1494-e5a5]:main():gmm-acc-stats-ali.cc:105) Processed 450 utterances; for utterance CCM025_Pa025_031 avg. like is -91.1238 over 448 frames.
WARNING (gmm-acc-stats-ali[5.5.0~1494-e5a5]:main():gmm-acc-stats-ali.cc:79) No alignment for utterance CCM027_Pa027_032
LOG (gmm-acc-stats-ali[5.5.0~1494-e5a5]:main():gmm-acc-stats-ali.cc:105) Processed 500 utterances; for utterance CCM030_Pa030_012 avg. like is -89.8119 over 1094 frames.
LOG (gmm-acc-stats-ali[5.5.0~1494-e5a5]:main():gmm-acc-stats-ali.cc:105) Processed 550 utterances; for utterance CCM032_Pa032_027 avg. like is -89.9921 over 659 frames.
LOG (gmm-acc-stats-ali[5.5.0~1494-e5a5]:main():gmm-acc-stats-ali.cc:105) Processed 600 utterances; for utterance CCM036_Pa036_007 avg. like is -92.2296 over 740 frames.
LOG (gmm-acc-stats-ali[5.5.0~1494-e5a5]:main():gmm-acc-stats-ali.cc:105) Processed 650 utterances; for utterance CCM037_Pa037_022 avg. like is -91.7065 over 1208 frames.
LOG (gmm-acc-stats-ali[5.5.0~1494-e5a5]:main():gmm-acc-stats-ali.cc:105) Processed 700 utterances; for utterance CCM043_Pa043_002 avg. like is -98.1821 over 403 frames.
WARNING (gmm-acc-stats-ali[5.5.0~1494-e5a5]:main():gmm-acc-stats-ali.cc:79) No alignment for utterance CCM043_Pa043_031
LOG (gmm-acc-stats-ali[5.5.0~1494-e5a5]:main():gmm-acc-stats-ali.cc:105) Processed 750 utterances; for utterance CCM044_Pa044_018 avg. like is -97.7068 over 392 frames.
LOG (gmm-acc-stats-ali[5.5.0~1494-e5a5]:main():gmm-acc-stats-ali.cc:105) Processed 800 utterances; for utterance CCM046_Pa046_033 avg. like is -90.9328 over 765 frames.
LOG (gmm-acc-stats-ali[5.5.0~1494-e5a5]:main():gmm-acc-stats-ali.cc:105) Processed 850 utterances; for utterance COF001_Pa001_013 avg. like is -86.9756 over 329 frames.
LOG (gmm-acc-stats-ali[5.5.0~1494-e5a5]:main():gmm-acc-stats-ali.cc:105) Processed 900 utterances; for utterance COF002_Pa002_028 avg. like is -90.35 over 301 frames.
LOG (gmm-acc-stats-ali[5.5.0~1494-e5a5]:main():gmm-acc-stats-ali.cc:105) Processed 950 utterances; for utterance COF005_Pa005_008 avg. like is -95.4655 over 704 frames.
LOG (gmm-acc-stats-ali[5.5.0~1494-e5a5]:main():gmm-acc-stats-ali.cc:105) Processed 1000 utterances; for utterance COF007_Pa007_023 avg. like is -86.9264 over 740 frames.
LOG (gmm-acc-stats-ali[5.5.0~1494-e5a5]:main():gmm-acc-stats-ali.cc:105) Processed 1050 utterances; for utterance COF009_Pa009_003 avg. like is -93.6356 over 746 frames.
WARNING (gmm-acc-stats-ali[5.5.0~1494-e5a5]:main():gmm-acc-stats-ali.cc:79) No alignment for utterance COF009_Pa009_018
LOG (gmm-acc-stats-ali[5.5.0~1494-e5a5]:main():gmm-acc-stats-ali.cc:105) Processed 1100 utterances; for utterance COF011_Pa011_019 avg. like is -89.7108 over 688 frames.
LOG (gmm-acc-stats-ali[5.5.0~1494-e5a5]:main():gmm-acc-stats-ali.cc:105) Processed 1150 utterances; for utterance COF014_Pa014_034 avg. like is -86.0711 over 566 frames.
LOG (gmm-acc-stats-ali[5.5.0~1494-e5a5]:main():gmm-acc-stats-ali.cc:105) Processed 1200 utterances; for utterance COF020_Pa020_014 avg. like is -79.7719 over 421 frames.
LOG (gmm-acc-stats-ali[5.5.0~1494-e5a5]:main():gmm-acc-stats-ali.cc:105) Processed 1250 utterances; for utterance COF024_Pa024_029 avg. like is -88.0088 over 1016 frames.
LOG (gmm-acc-stats-ali[5.5.0~1494-e5a5]:main():gmm-acc-stats-ali.cc:105) Processed 1300 utterances; for utterance COM027_Pa027_009 avg. like is -91.459 over 1009 frames.
WARNING (gmm-acc-stats-ali[5.5.0~1494-e5a5]:main():gmm-acc-stats-ali.cc:79) No alignment for utterance COM027_Pa027_032
LOG (gmm-acc-stats-ali[5.5.0~1494-e5a5]:main():gmm-acc-stats-ali.cc:105) Processed 1350 utterances; for utterance COM030_Pa030_025 avg. like is -85.6606 over 403 frames.
LOG (gmm-acc-stats-ali[5.5.0~1494-e5a5]:main():gmm-acc-stats-ali.cc:105) Processed 1400 utterances; for utterance COM034_Pa034_005 avg. like is -95.7247 over 1135 frames.
LOG (gmm-acc-stats-ali[5.5.0~1494-e5a5]:main():gmm-acc-stats-ali.cc:105) Processed 1450 utterances; for utterance COM036_Pa036_020 avg. like is -84.1335 over 1716 frames.
LOG (gmm-acc-stats-ali[5.5.0~1494-e5a5]:main():gmm-acc-stats-ali.cc:105) Processed 1500 utterances; for utterance COM037_Pa037_035 avg. like is -90.8246 over 714 frames.
LOG (gmm-acc-stats-ali[5.5.0~1494-e5a5]:main():gmm-acc-stats-ali.cc:105) Processed 1550 utterances; for utterance COM043_Pa043_015 avg. like is -94.4778 over 301 frames.
WARNING (gmm-acc-stats-ali[5.5.0~1494-e5a5]:main():gmm-acc-stats-ali.cc:79) No alignment for utterance COM043_Pa043_031
LOG (gmm-acc-stats-ali[5.5.0~1494-e5a5]:main():gmm-acc-stats-ali.cc:105) Processed 1600 utterances; for utterance COM044_Pa044_031 avg. like is -93.1279 over 545 frames.
LOG (gmm-acc-stats-ali[5.5.0~1494-e5a5]:main():gmm-acc-stats-ali.cc:105) Processed 1650 utterances; for utterance COM047_Pa047_011 avg. like is -92.9712 over 623 frames.
LOG (gmm-acc-stats-ali[5.5.0~1494-e5a5]:main():gmm-acc-stats-ali.cc:105) Processed 1700 utterances; for utterance UCF001_Pa001_026 avg. like is -93.9991 over 456 frames.
LOG (gmm-acc-stats-ali[5.5.0~1494-e5a5]:main():gmm-acc-stats-ali.cc:105) Processed 1750 utterances; for utterance UCF004_Pa004_006 avg. like is -92.1975 over 1228 frames.
LOG (gmm-acc-stats-ali[5.5.0~1494-e5a5]:main():gmm-acc-stats-ali.cc:105) Processed 1800 utterances; for utterance UCF005_Pa005_021 avg. like is -93.8054 over 485 frames.
LOG (gmm-acc-stats-ali[5.5.0~1494-e5a5]:main():gmm-acc-stats-ali.cc:105) Processed 1850 utterances; for utterance UCF008_Pa008_001 avg. like is -92.1533 over 581 frames.
LOG (gmm-acc-stats-ali[5.5.0~1494-e5a5]:main():gmm-acc-stats-ali.cc:105) Processed 1900 utterances; for utterance UCF009_Pa009_016 avg. like is -94.923 over 649 frames.
WARNING (gmm-acc-stats-ali[5.5.0~1494-e5a5]:main():gmm-acc-stats-ali.cc:79) No alignment for utterance UCF009_Pa009_018
LOG (gmm-acc-stats-ali[5.5.0~1494-e5a5]:main():gmm-acc-stats-ali.cc:105) Processed 1950 utterances; for utterance UCF011_Pa011_032 avg. like is -88.4222 over 358 frames.
LOG (gmm-acc-stats-ali[5.5.0~1494-e5a5]:main():gmm-acc-stats-ali.cc:105) Processed 2000 utterances; for utterance UCF017_Pa017_012 avg. like is -91.4769 over 687 frames.
LOG (gmm-acc-stats-ali[5.5.0~1494-e5a5]:main():gmm-acc-stats-ali.cc:105) Processed 2050 utterances; for utterance UCF020_Pa020_027 avg. like is -86.8332 over 1732 frames.
LOG (gmm-acc-stats-ali[5.5.0~1494-e5a5]:main():gmm-acc-stats-ali.cc:105) Processed 2100 utterances; for utterance UCM025_Pa025_007 avg. like is -93.1262 over 791 frames.
LOG (gmm-acc-stats-ali[5.5.0~1494-e5a5]:main():gmm-acc-stats-ali.cc:105) Processed 2150 utterances; for utterance UCM027_Pa027_022 avg. like is -87.1988 over 639 frames.
WARNING (gmm-acc-stats-ali[5.5.0~1494-e5a5]:main():gmm-acc-stats-ali.cc:79) No alignment for utterance UCM027_Pa027_032
LOG (gmm-acc-stats-ali[5.5.0~1494-e5a5]:main():gmm-acc-stats-ali.cc:105) Processed 2200 utterances; for utterance UCM032_Pa032_003 avg. like is -94.5386 over 397 frames.
LOG (gmm-acc-stats-ali[5.5.0~1494-e5a5]:main():gmm-acc-stats-ali.cc:105) Processed 2250 utterances; for utterance UCM034_Pa034_018 avg. like is -90.6795 over 409 frames.
LOG (gmm-acc-stats-ali[5.5.0~1494-e5a5]:main():gmm-acc-stats-ali.cc:105) Processed 2300 utterances; for utterance UCM036_Pa036_033 avg. like is -91.6956 over 549 frames.
LOG (gmm-acc-stats-ali[5.5.0~1494-e5a5]:main():gmm-acc-stats-ali.cc:105) Processed 2350 utterances; for utterance UCM040_Pa040_013 avg. like is -92.935 over 306 frames.
LOG (gmm-acc-stats-ali[5.5.0~1494-e5a5]:main():gmm-acc-stats-ali.cc:105) Processed 2400 utterances; for utterance UCM043_Pa043_028 avg. like is -93.1531 over 307 frames.
WARNING (gmm-acc-stats-ali[5.5.0~1494-e5a5]:main():gmm-acc-stats-ali.cc:79) No alignment for utterance UCM043_Pa043_031
LOG (gmm-acc-stats-ali[5.5.0~1494-e5a5]:main():gmm-acc-stats-ali.cc:105) Processed 2450 utterances; for utterance UCM046_Pa046_009 avg. like is -93.2326 over 1352 frames.
LOG (gmm-acc-stats-ali[5.5.0~1494-e5a5]:main():gmm-acc-stats-ali.cc:105) Processed 2500 utterances; for utterance UCM047_Pa047_024 avg. like is -92.1396 over 609 frames.
LOG (gmm-acc-stats-ali[5.5.0~1494-e5a5]:main():gmm-acc-stats-ali.cc:105) Processed 2550 utterances; for utterance UOF002_Pa002_004 avg. like is -90.079 over 803 frames.
LOG (gmm-acc-stats-ali[5.5.0~1494-e5a5]:main():gmm-acc-stats-ali.cc:105) Processed 2600 utterances; for utterance UOF004_Pa004_019 avg. like is -87.2959 over 376 frames.
LOG (gmm-acc-stats-ali[5.5.0~1494-e5a5]:main():gmm-acc-stats-ali.cc:105) Processed 2650 utterances; for utterance UOF005_Pa005_034 avg. like is -93.5911 over 343 frames.
LOG (gmm-acc-stats-ali[5.5.0~1494-e5a5]:main():gmm-acc-stats-ali.cc:105) Processed 2700 utterances; for utterance UOF008_Pa008_014 avg. like is -87.4317 over 537 frames.
WARNING (gmm-acc-stats-ali[5.5.0~1494-e5a5]:main():gmm-acc-stats-ali.cc:79) No alignment for utterance UOF009_Pa009_018
LOG (gmm-acc-stats-ali[5.5.0~1494-e5a5]:main():gmm-acc-stats-ali.cc:105) Processed 2750 utterances; for utterance UOF009_Pa009_030 avg. like is -93.4389 over 282 frames.
LOG (gmm-acc-stats-ali[5.5.0~1494-e5a5]:main():gmm-acc-stats-ali.cc:105) Processed 2800 utterances; for utterance UOF014_Pa014_010 avg. like is -88.5563 over 334 frames.
LOG (gmm-acc-stats-ali[5.5.0~1494-e5a5]:main():gmm-acc-stats-ali.cc:105) Processed 2850 utterances; for utterance UOF017_Pa017_025 avg. like is -91.3634 over 689 frames.
LOG (gmm-acc-stats-ali[5.5.0~1494-e5a5]:main():gmm-acc-stats-ali.cc:105) Processed 2900 utterances; for utterance UOF024_Pa024_005 avg. like is -94.6967 over 260 frames.
LOG (gmm-acc-stats-ali[5.5.0~1494-e5a5]:main():gmm-acc-stats-ali.cc:105) Processed 2950 utterances; for utterance UOM025_Pa025_020 avg. like is -89.7468 over 260 frames.
WARNING (gmm-acc-stats-ali[5.5.0~1494-e5a5]:main():gmm-acc-stats-ali.cc:79) No alignment for utterance UOM027_Pa027_033
LOG (gmm-acc-stats-ali[5.5.0~1494-e5a5]:main():gmm-acc-stats-ali.cc:105) Processed 3000 utterances; for utterance UOM030_Pa030_001 avg. like is -95.8764 over 328 frames.
LOG (gmm-acc-stats-ali[5.5.0~1494-e5a5]:main():gmm-acc-stats-ali.cc:105) Processed 3050 utterances; for utterance UOM032_Pa032_016 avg. like is -92.7186 over 1271 frames.
LOG (gmm-acc-stats-ali[5.5.0~1494-e5a5]:main():gmm-acc-stats-ali.cc:105) Processed 3100 utterances; for utterance UOM034_Pa034_031 avg. like is -92.7194 over 521 frames.
LOG (gmm-acc-stats-ali[5.5.0~1494-e5a5]:main():gmm-acc-stats-ali.cc:105) Processed 3150 utterances; for utterance UOM037_Pa037_011 avg. like is -92.1325 over 301 frames.
LOG (gmm-acc-stats-ali[5.5.0~1494-e5a5]:main():gmm-acc-stats-ali.cc:105) Processed 3200 utterances; for utterance UOM040_Pa040_026 avg. like is -91.1208 over 1167 frames.
WARNING (gmm-acc-stats-ali[5.5.0~1494-e5a5]:main():gmm-acc-stats-ali.cc:79) No alignment for utterance UOM043_Pa043_031
LOG (gmm-acc-stats-ali[5.5.0~1494-e5a5]:main():gmm-acc-stats-ali.cc:105) Processed 3250 utterances; for utterance UOM044_Pa044_007 avg. like is -90.935 over 394 frames.
LOG (gmm-acc-stats-ali[5.5.0~1494-e5a5]:main():gmm-acc-stats-ali.cc:105) Processed 3300 utterances; for utterance UOM046_Pa046_022 avg. like is -91.7247 over 941 frames.
LOG (apply-cmvn[5.5.0~1494-e5a5]:main():apply-cmvn.cc:162) Applied cepstral mean normalization to 3360 utterances, errors on 0
LOG (gmm-acc-stats-ali[5.5.0~1494-e5a5]:main():gmm-acc-stats-ali.cc:112) Done 3348 files, 12 with errors.
LOG (gmm-acc-stats-ali[5.5.0~1494-e5a5]:main():gmm-acc-stats-ali.cc:115) Overall avg like per frame (Gaussian only) = -90.9163 over 2113173 frames.
LOG (gmm-acc-stats-ali[5.5.0~1494-e5a5]:main():gmm-acc-stats-ali.cc:123) Written accs.
# Accounting: time=4 threads=1
# Ended (code 0) at Sun May  2 16:27:43 UTC 2021, elapsed time 4 seconds
