# build-tree --verbose=1 --max-leaves=2000 --cluster-thresh=-1 exp/tri1/treeacc data/lang/phones/roots.int exp/tri1/questions.qst data/lang/topo exp/tri1/tree 
# Started at Sun May  2 16:26:09 UTC 2021
#
build-tree --verbose=1 --max-leaves=2000 --cluster-thresh=-1 exp/tri1/treeacc data/lang/phones/roots.int exp/tri1/questions.qst data/lang/topo exp/tri1/tree 
LOG (build-tree[5.5.0~1494-e5a5]:main():build-tree.cc:104) Number of separate statistics is 26002
LOG (build-tree[5.5.0~1494-e5a5]:BuildTree():build-tree.cc:161) BuildTree: before building trees, map has 71 leaves.
LOG (build-tree[5.5.0~1494-e5a5]:SplitDecisionTree():build-tree-utils.cc:577) DoDecisionTreeSplit: split 1929 times, #leaves now 2000
LOG (build-tree[5.5.0~1494-e5a5]:BuildTree():build-tree.cc:187) Setting clustering threshold to smallest split 863.656
VLOG[1] (build-tree[5.5.0~1494-e5a5]:BuildTree():build-tree.cc:196) After decision tree split, num-leaves = 2000, like-impr = 5.64115 per frame over 2.12047e+06 frames.
VLOG[1] (build-tree[5.5.0~1494-e5a5]:BuildTree():build-tree.cc:200) Including just phones that were split, improvement is 5.64115 per frame over 2.12047e+06 frames.
LOG (build-tree[5.5.0~1494-e5a5]:BuildTree():build-tree.cc:215) BuildTree: removed 581 leaves.
VLOG[1] (build-tree[5.5.0~1494-e5a5]:ClusterEventMapToNClustersRestrictedByMap():build-tree-utils.cc:914) Number of non-empty clusters in map = 71
VLOG[1] (build-tree[5.5.0~1494-e5a5]:ClusterEventMapToNClustersRestrictedByMap():build-tree-utils.cc:915) Number of non-empty clusters = 1419
LOG (build-tree[5.5.0~1494-e5a5]:BuildTree():build-tree.cc:231) BuildTree: Rounded num leaves to multiple of 8 by removing 3 leaves.
VLOG[1] (build-tree[5.5.0~1494-e5a5]:BuildTree():build-tree.cc:256) Objf change due to clustering -0.166642 per frame.
VLOG[1] (build-tree[5.5.0~1494-e5a5]:BuildTree():build-tree.cc:259) Normalizing over only split phones, this is: -0.166642 per frame.
VLOG[1] (build-tree[5.5.0~1494-e5a5]:BuildTree():build-tree.cc:262) Num-leaves is now 1416
VLOG[1] (build-tree[5.5.0~1494-e5a5]:main():build-tree.cc:143) For pdf-id 5, low count 20
VLOG[1] (build-tree[5.5.0~1494-e5a5]:main():build-tree.cc:143) For pdf-id 47, low count 98
VLOG[1] (build-tree[5.5.0~1494-e5a5]:main():build-tree.cc:143) For pdf-id 51, low count 91
VLOG[1] (build-tree[5.5.0~1494-e5a5]:main():build-tree.cc:143) For pdf-id 311, low count 98
VLOG[1] (build-tree[5.5.0~1494-e5a5]:main():build-tree.cc:143) For pdf-id 322, low count 99
VLOG[1] (build-tree[5.5.0~1494-e5a5]:main():build-tree.cc:143) For pdf-id 331, low count 91
VLOG[1] (build-tree[5.5.0~1494-e5a5]:main():build-tree.cc:143) For pdf-id 332, low count 84
VLOG[1] (build-tree[5.5.0~1494-e5a5]:main():build-tree.cc:143) For pdf-id 343, low count 86
VLOG[1] (build-tree[5.5.0~1494-e5a5]:main():build-tree.cc:143) For pdf-id 349, low count 51
VLOG[1] (build-tree[5.5.0~1494-e5a5]:main():build-tree.cc:143) For pdf-id 377, low count 42
VLOG[1] (build-tree[5.5.0~1494-e5a5]:main():build-tree.cc:143) For pdf-id 413, low count 53
VLOG[1] (build-tree[5.5.0~1494-e5a5]:main():build-tree.cc:143) For pdf-id 430, low count 99
VLOG[1] (build-tree[5.5.0~1494-e5a5]:main():build-tree.cc:143) For pdf-id 463, low count 97
VLOG[1] (build-tree[5.5.0~1494-e5a5]:main():build-tree.cc:143) For pdf-id 470, low count 94
VLOG[1] (build-tree[5.5.0~1494-e5a5]:main():build-tree.cc:143) For pdf-id 545, low count 83
VLOG[1] (build-tree[5.5.0~1494-e5a5]:main():build-tree.cc:143) For pdf-id 551, low count 77
VLOG[1] (build-tree[5.5.0~1494-e5a5]:main():build-tree.cc:143) For pdf-id 566, low count 98
VLOG[1] (build-tree[5.5.0~1494-e5a5]:main():build-tree.cc:143) For pdf-id 571, low count 72
VLOG[1] (build-tree[5.5.0~1494-e5a5]:main():build-tree.cc:143) For pdf-id 655, low count 97
VLOG[1] (build-tree[5.5.0~1494-e5a5]:main():build-tree.cc:143) For pdf-id 691, low count 93
VLOG[1] (build-tree[5.5.0~1494-e5a5]:main():build-tree.cc:143) For pdf-id 694, low count 82
VLOG[1] (build-tree[5.5.0~1494-e5a5]:main():build-tree.cc:143) For pdf-id 699, low count 83
VLOG[1] (build-tree[5.5.0~1494-e5a5]:main():build-tree.cc:143) For pdf-id 710, low count 50
VLOG[1] (build-tree[5.5.0~1494-e5a5]:main():build-tree.cc:143) For pdf-id 719, low count 52
VLOG[1] (build-tree[5.5.0~1494-e5a5]:main():build-tree.cc:143) For pdf-id 723, low count 98
VLOG[1] (build-tree[5.5.0~1494-e5a5]:main():build-tree.cc:143) For pdf-id 759, low count 28
VLOG[1] (build-tree[5.5.0~1494-e5a5]:main():build-tree.cc:143) For pdf-id 762, low count 42
VLOG[1] (build-tree[5.5.0~1494-e5a5]:main():build-tree.cc:143) For pdf-id 828, low count 92
VLOG[1] (build-tree[5.5.0~1494-e5a5]:main():build-tree.cc:143) For pdf-id 833, low count 93
VLOG[1] (build-tree[5.5.0~1494-e5a5]:main():build-tree.cc:143) For pdf-id 861, low count 97
VLOG[1] (build-tree[5.5.0~1494-e5a5]:main():build-tree.cc:143) For pdf-id 900, low count 48
VLOG[1] (build-tree[5.5.0~1494-e5a5]:main():build-tree.cc:143) For pdf-id 913, low count 54
VLOG[1] (build-tree[5.5.0~1494-e5a5]:main():build-tree.cc:143) For pdf-id 1024, low count 79
VLOG[1] (build-tree[5.5.0~1494-e5a5]:main():build-tree.cc:143) For pdf-id 1034, low count 72
VLOG[1] (build-tree[5.5.0~1494-e5a5]:main():build-tree.cc:143) For pdf-id 1039, low count 66
VLOG[1] (build-tree[5.5.0~1494-e5a5]:main():build-tree.cc:143) For pdf-id 1183, low count 84
VLOG[1] (build-tree[5.5.0~1494-e5a5]:main():build-tree.cc:143) For pdf-id 1312, low count 86
VLOG[1] (build-tree[5.5.0~1494-e5a5]:main():build-tree.cc:143) For pdf-id 1350, low count 44
VLOG[1] (build-tree[5.5.0~1494-e5a5]:main():build-tree.cc:143) For pdf-id 1351, low count 80
WARNING (build-tree[5.5.0~1494-e5a5]:main():build-tree.cc:185) Saw no stats for following phones: 2 3 4 7 9 11 13 14 17 18 21 22 24 25 27 29 31 33 35 37 39 41 43 45 47 49 50 53 54 57 58 59 61 62 65 67 69 75 77 78 79 81 82 85 86 89 91 93 95 97 99 101 105 107 109 111 113 114 116 117 119 121 123 125 127 129 131 133 134 137 141 143 145 146 149 150 153 154 155 157 159 161 163 165 169 170 173 175 177 178 181 183 185 186 189 191 192 193 197 198 201 203 205 206 209 210 213 214 217 218 221 225 227 229 233 234 237 239 241 242 245 247 249 250 253 257 258 261 262 265 266 269 271 273 274 277 278 281 283 285 
LOG (build-tree[5.5.0~1494-e5a5]:main():build-tree.cc:189) Wrote tree
# Accounting: time=6 threads=1
# Ended (code 0) at Sun May  2 16:26:15 UTC 2021, elapsed time 6 seconds
