# gmm-init-model --write-occs=exp/tri1/1.occs exp/tri1/tree exp/tri1/treeacc data/lang/topo exp/tri1/1.mdl 
# Started at Sun May  2 16:26:15 UTC 2021
#
gmm-init-model --write-occs=exp/tri1/1.occs exp/tri1/tree exp/tri1/treeacc data/lang/topo exp/tri1/1.mdl 
LOG (gmm-init-model[5.5.0~1494-e5a5]:main():gmm-init-model.cc:271) Number of separate statistics is 26002
WARNING (gmm-init-model[5.5.0~1494-e5a5]:InitAmGmm():gmm-init-model.cc:83) Very small count for state 5: 20; corresponding phone list: 22 23 24 25 
WARNING (gmm-init-model[5.5.0~1494-e5a5]:InitAmGmm():gmm-init-model.cc:83) Very small count for state 47: 98; corresponding phone list: 190 191 192 193 
WARNING (gmm-init-model[5.5.0~1494-e5a5]:InitAmGmm():gmm-init-model.cc:83) Very small count for state 51: 91; corresponding phone list: 206 207 208 209 
WARNING (gmm-init-model[5.5.0~1494-e5a5]:InitAmGmm():gmm-init-model.cc:83) Very small count for state 311: 98; corresponding phone list: 262 263 264 265 
WARNING (gmm-init-model[5.5.0~1494-e5a5]:InitAmGmm():gmm-init-model.cc:83) Very small count for state 322: 99; corresponding phone list: 214 215 216 217 
WARNING (gmm-init-model[5.5.0~1494-e5a5]:InitAmGmm():gmm-init-model.cc:83) Very small count for state 331: 91; corresponding phone list: 18 20 21 
WARNING (gmm-init-model[5.5.0~1494-e5a5]:InitAmGmm():gmm-init-model.cc:83) Very small count for state 332: 84; corresponding phone list: 18 19 20 21 
WARNING (gmm-init-model[5.5.0~1494-e5a5]:InitAmGmm():gmm-init-model.cc:83) Very small count for state 343: 86; corresponding phone list: 62 64 65 
WARNING (gmm-init-model[5.5.0~1494-e5a5]:InitAmGmm():gmm-init-model.cc:83) Very small count for state 349: 51; corresponding phone list: 50 51 52 53 
WARNING (gmm-init-model[5.5.0~1494-e5a5]:InitAmGmm():gmm-init-model.cc:83) Very small count for state 377: 42; corresponding phone list: 210 211 212 213 
WARNING (gmm-init-model[5.5.0~1494-e5a5]:InitAmGmm():gmm-init-model.cc:83) Very small count for state 413: 53; corresponding phone list: 210 211 212 213 
WARNING (gmm-init-model[5.5.0~1494-e5a5]:InitAmGmm():gmm-init-model.cc:83) Very small count for state 430: 99; corresponding phone list: 262 263 264 265 
WARNING (gmm-init-model[5.5.0~1494-e5a5]:InitAmGmm():gmm-init-model.cc:83) Very small count for state 463: 97; corresponding phone list: 18 19 20 21 
WARNING (gmm-init-model[5.5.0~1494-e5a5]:InitAmGmm():gmm-init-model.cc:83) Very small count for state 470: 94; corresponding phone list: 254 255 256 257 
WARNING (gmm-init-model[5.5.0~1494-e5a5]:InitAmGmm():gmm-init-model.cc:83) Very small count for state 545: 83; corresponding phone list: 178 179 180 181 
WARNING (gmm-init-model[5.5.0~1494-e5a5]:InitAmGmm():gmm-init-model.cc:83) Very small count for state 551: 77; corresponding phone list: 214 215 216 217 
WARNING (gmm-init-model[5.5.0~1494-e5a5]:InitAmGmm():gmm-init-model.cc:83) Very small count for state 566: 98; corresponding phone list: 34 35 36 37 
WARNING (gmm-init-model[5.5.0~1494-e5a5]:InitAmGmm():gmm-init-model.cc:83) Very small count for state 571: 72; corresponding phone list: 258 259 260 261 
WARNING (gmm-init-model[5.5.0~1494-e5a5]:InitAmGmm():gmm-init-model.cc:83) Very small count for state 655: 97; corresponding phone list: 266 267 268 269 
WARNING (gmm-init-model[5.5.0~1494-e5a5]:InitAmGmm():gmm-init-model.cc:83) Very small count for state 691: 93; corresponding phone list: 178 179 180 181 
WARNING (gmm-init-model[5.5.0~1494-e5a5]:InitAmGmm():gmm-init-model.cc:83) Very small count for state 694: 82; corresponding phone list: 218 219 220 221 
WARNING (gmm-init-model[5.5.0~1494-e5a5]:InitAmGmm():gmm-init-model.cc:83) Very small count for state 699: 83; corresponding phone list: 218 219 220 221 
WARNING (gmm-init-model[5.5.0~1494-e5a5]:InitAmGmm():gmm-init-model.cc:83) Very small count for state 710: 50; corresponding phone list: 258 259 260 261 
WARNING (gmm-init-model[5.5.0~1494-e5a5]:InitAmGmm():gmm-init-model.cc:83) Very small count for state 719: 52; corresponding phone list: 258 259 260 261 
WARNING (gmm-init-model[5.5.0~1494-e5a5]:InitAmGmm():gmm-init-model.cc:83) Very small count for state 723: 98; corresponding phone list: 150 151 152 153 
WARNING (gmm-init-model[5.5.0~1494-e5a5]:InitAmGmm():gmm-init-model.cc:83) Very small count for state 759: 28; corresponding phone list: 30 31 32 33 
WARNING (gmm-init-model[5.5.0~1494-e5a5]:InitAmGmm():gmm-init-model.cc:83) Very small count for state 762: 42; corresponding phone list: 78 79 80 81 
WARNING (gmm-init-model[5.5.0~1494-e5a5]:InitAmGmm():gmm-init-model.cc:83) Very small count for state 828: 92; corresponding phone list: 18 19 20 21 
WARNING (gmm-init-model[5.5.0~1494-e5a5]:InitAmGmm():gmm-init-model.cc:83) Very small count for state 833: 93; corresponding phone list: 63 
WARNING (gmm-init-model[5.5.0~1494-e5a5]:InitAmGmm():gmm-init-model.cc:83) Very small count for state 861: 97; corresponding phone list: 18 19 20 21 
WARNING (gmm-init-model[5.5.0~1494-e5a5]:InitAmGmm():gmm-init-model.cc:83) Very small count for state 900: 48; corresponding phone list: 150 151 152 153 
WARNING (gmm-init-model[5.5.0~1494-e5a5]:InitAmGmm():gmm-init-model.cc:83) Very small count for state 913: 54; corresponding phone list: 275 
WARNING (gmm-init-model[5.5.0~1494-e5a5]:InitAmGmm():gmm-init-model.cc:83) Very small count for state 1024: 79; corresponding phone list: 186 187 188 189 
WARNING (gmm-init-model[5.5.0~1494-e5a5]:InitAmGmm():gmm-init-model.cc:83) Very small count for state 1034: 72; corresponding phone list: 70 71 72 73 
WARNING (gmm-init-model[5.5.0~1494-e5a5]:InitAmGmm():gmm-init-model.cc:83) Very small count for state 1039: 66; corresponding phone list: 262 263 264 265 
WARNING (gmm-init-model[5.5.0~1494-e5a5]:InitAmGmm():gmm-init-model.cc:83) Very small count for state 1183: 84; corresponding phone list: 54 55 56 57 
WARNING (gmm-init-model[5.5.0~1494-e5a5]:InitAmGmm():gmm-init-model.cc:83) Very small count for state 1312: 86; corresponding phone list: 134 135 136 137 
WARNING (gmm-init-model[5.5.0~1494-e5a5]:InitAmGmm():gmm-init-model.cc:83) Very small count for state 1350: 44; corresponding phone list: 186 187 188 189 
WARNING (gmm-init-model[5.5.0~1494-e5a5]:InitAmGmm():gmm-init-model.cc:83) Very small count for state 1351: 80; corresponding phone list: 274 275 276 277 
LOG (gmm-init-model[5.5.0~1494-e5a5]:main():gmm-init-model.cc:306) Wrote model.
# Accounting: time=0 threads=1
# Ended (code 0) at Sun May  2 16:26:15 UTC 2021, elapsed time 0 seconds
