# lattice-scale --inv-acoustic-scale=17 "ark:gunzip -c exp/tri1/decode/lat.*.gz|" ark:- | lattice-add-penalty --word-ins-penalty=0.0 ark:- ark:- | lattice-best-path --word-symbol-table=exp/tri1/graph//words.txt ark:- ark,t:- | utils/int2sym.pl -f 2- exp/tri1/graph//words.txt | local/wer_hyp_filter > exp/tri1/decode/scoring_kaldi/penalty_0.0/17.txt 
# Started at Sun May  2 17:11:25 UTC 2021
#
lattice-best-path --word-symbol-table=exp/tri1/graph//words.txt ark:- ark,t:- 
lattice-add-penalty --word-ins-penalty=0.0 ark:- ark:- 
lattice-scale --inv-acoustic-scale=17 'ark:gunzip -c exp/tri1/decode/lat.*.gz|' ark:- 
LOG (lattice-best-path[5.5.0~1494-e5a5]:main():lattice-best-path.cc:99) For utterance M0000000085_0000, best cost 26.8568 + 785.776 = 812.632 over 127 frames.
M0000000085_0000 กงล้อ ที่ จะ 
LOG (lattice-best-path[5.5.0~1494-e5a5]:main():lattice-best-path.cc:99) For utterance M0000000085_0001, best cost 64.2621 + 1392.56 = 1456.83 over 233 frames.
M0000000085_0001 กงล้อ ที่ เอา ล้าน อนึ่ง กัน 
LOG (lattice-best-path[5.5.0~1494-e5a5]:main():lattice-best-path.cc:99) For utterance M0000000085_0002, best cost 50.7525 + 1315.86 = 1366.62 over 224 frames.
M0000000085_0002 เอา ออก ไป ใช้ กล่าวถึง การ 
LOG (lattice-best-path[5.5.0~1494-e5a5]:main():lattice-best-path.cc:99) For utterance M0000000085_0003, best cost 28.8608 + 1300.68 = 1329.54 over 212 frames.
M0000000085_0003 ทรง ตาม 
LOG (lattice-best-path[5.5.0~1494-e5a5]:main():lattice-best-path.cc:99) For utterance M0000000085_0004, best cost 44.8263 + 1048.83 = 1093.66 over 179 frames.
M0000000085_0004 เขา ประมง กระดาษ การ 
LOG (lattice-best-path[5.5.0~1494-e5a5]:main():lattice-best-path.cc:99) For utterance M0000000085_0005, best cost 57.568 + 1179.74 = 1237.31 over 198 frames.
M0000000085_0005 ออก กลไก ใส่ มน การ 
LOG (lattice-best-path[5.5.0~1494-e5a5]:main():lattice-best-path.cc:99) For utterance M0000000085_0006, best cost 21.3224 + 850.92 = 872.242 over 140 frames.
M0000000085_0006 พวก 
LOG (lattice-best-path[5.5.0~1494-e5a5]:main():lattice-best-path.cc:99) For utterance M0000000085_0007, best cost 50.544 + 949.797 = 1000.34 over 165 frames.
M0000000085_0007 นำ โค้ง ปาก ยาว หนึ่ง 
LOG (lattice-best-path[5.5.0~1494-e5a5]:main():lattice-best-path.cc:99) For utterance M0000000085_0008, best cost 56.9917 + 1243.43 = 1300.42 over 218 frames.
M0000000085_0008 นำเอา หนึ่ง นั้น โค้ง สอง 
LOG (lattice-best-path[5.5.0~1494-e5a5]:main():lattice-best-path.cc:99) For utterance M0000000085_0009, best cost 27.628 + 1010.49 = 1038.12 over 174 frames.
M0000000085_0009 ข้อ นั้น 
LOG (lattice-best-path[5.5.0~1494-e5a5]:main():lattice-best-path.cc:99) For utterance M0000000085_0010, best cost 36.1422 + 798.522 = 834.664 over 135 frames.
M0000000085_0010 คง หลอด น้อย 
LOG (lattice-best-path[5.5.0~1494-e5a5]:main():lattice-best-path.cc:99) For utterance M0000000085_0011, best cost 31.8044 + 872.093 = 903.898 over 153 frames.
M0000000085_0011 มา ทาง กล 
LOG (lattice-best-path[5.5.0~1494-e5a5]:main():lattice-best-path.cc:99) For utterance M0000000085_0012, best cost 23.4154 + 1051.38 = 1074.79 over 176 frames.
M0000000085_0012 ตาม 
LOG (lattice-best-path[5.5.0~1494-e5a5]:main():lattice-best-path.cc:99) For utterance M0000000085_0013, best cost 53.1342 + 1571.49 = 1624.63 over 261 frames.
M0000000085_0013 ต้อง สิ่ง ที่ ออก ซึ่ง 
LOG (lattice-best-path[5.5.0~1494-e5a5]:main():lattice-best-path.cc:99) For utterance M0000000085_0014, best cost 23.0751 + 977.526 = 1000.6 over 162 frames.
M0000000085_0014 ที่ 
LOG (lattice-best-path[5.5.0~1494-e5a5]:main():lattice-best-path.cc:99) For utterance M0000000085_0015, best cost 41.2416 + 903.037 = 944.279 over 153 frames.
M0000000085_0015 ก่อนหลัง ตรง นาน นัก 
LOG (lattice-best-path[5.5.0~1494-e5a5]:main():lattice-best-path.cc:99) For utterance M0000000085_0016, best cost 22.7669 + 1124.62 = 1147.39 over 183 frames.
M0000000085_0016 ขอนแก่น 
LOG (lattice-best-path[5.5.0~1494-e5a5]:main():lattice-best-path.cc:99) For utterance M0000000085_0017, best cost 29.4778 + 1084.33 = 1113.81 over 189 frames.
M0000000085_0017 ข้อ นั้น 
LOG (lattice-best-path[5.5.0~1494-e5a5]:main():lattice-best-path.cc:99) For utterance M0000000085_0018, best cost 45.4239 + 906.229 = 951.653 over 150 frames.
M0000000085_0018 ของ กลีบ เริ่ม น้อย 
LOG (lattice-best-path[5.5.0~1494-e5a5]:main():lattice-best-path.cc:99) For utterance M0000000085_0019, best cost 40.6682 + 1149.24 = 1189.91 over 197 frames.
M0000000085_0019 ขยาย เป็นต้น คณะ 
LOG (lattice-best-path[5.5.0~1494-e5a5]:main():lattice-best-path.cc:99) For utterance M0000000085_0020, best cost 21.1858 + 941.015 = 962.201 over 162 frames.
M0000000085_0020 รูป 
LOG (lattice-best-path[5.5.0~1494-e5a5]:main():lattice-best-path.cc:99) For utterance M0000000085_0021, best cost 27.0264 + 913.755 = 940.782 over 165 frames.
M0000000085_0021 ตัดสิน การ 
LOG (lattice-best-path[5.5.0~1494-e5a5]:main():lattice-best-path.cc:99) For utterance M0000000085_0022, best cost 37.428 + 829.091 = 866.519 over 143 frames.
M0000000085_0022 จึง ได้ ไม่ อาจ 
LOG (lattice-best-path[5.5.0~1494-e5a5]:main():lattice-best-path.cc:99) For utterance M0000000085_0023, best cost 35.174 + 1263.08 = 1298.25 over 216 frames.
M0000000085_0023 อาหาร ภายใน 
LOG (lattice-best-path[5.5.0~1494-e5a5]:main():lattice-best-path.cc:99) For utterance M0000000085_0024, best cost 41.0523 + 775.762 = 816.814 over 129 frames.
M0000000085_0024 ของ เครื่อง องค์ น้อย 
LOG (lattice-best-path[5.5.0~1494-e5a5]:main():lattice-best-path.cc:99) For utterance M0000000085_0025, best cost 18.1262 + 705.537 = 723.663 over 119 frames.
M0000000085_0025 ขึ้น 
LOG (lattice-best-path[5.5.0~1494-e5a5]:main():lattice-best-path.cc:99) For utterance M0000000085_0026, best cost 37.6882 + 1139.61 = 1177.3 over 188 frames.
M0000000085_0026 มี ที่ ใหม่ๆ 
LOG (lattice-best-path[5.5.0~1494-e5a5]:main():lattice-best-path.cc:99) For utterance M0000000085_0027, best cost 35.0571 + 1370.76 = 1405.82 over 227 frames.
M0000000085_0027 เอา ซอส 
LOG (lattice-best-path[5.5.0~1494-e5a5]:main():lattice-best-path.cc:99) For utterance M0000000085_0028, best cost 33.7711 + 1123.44 = 1157.21 over 188 frames.
M0000000085_0028 ข้อ นั้น จึง 
LOG (lattice-best-path[5.5.0~1494-e5a5]:main():lattice-best-path.cc:99) For utterance M0000000085_0029, best cost 34.2368 + 862.255 = 896.492 over 153 frames.
M0000000085_0029 จะ เฉลี่ย อย่าง 
LOG (lattice-best-path[5.5.0~1494-e5a5]:main():lattice-best-path.cc:99) For utterance M0000000085_0030, best cost 42.1691 + 931.599 = 973.768 over 167 frames.
M0000000085_0030 รวม อะไร ใน บาง 
LOG (lattice-best-path[5.5.0~1494-e5a5]:main():lattice-best-path.cc:99) For utterance M0000000085_0031, best cost 22.7029 + 1020.1 = 1042.8 over 171 frames.
M0000000085_0031 อาหาร 
LOG (lattice-best-path[5.5.0~1494-e5a5]:main():lattice-best-path.cc:99) For utterance M0000000085_0032, best cost 28.4813 + 993.733 = 1022.21 over 171 frames.
M0000000085_0032 ผล อะไร 
LOG (lattice-best-path[5.5.0~1494-e5a5]:main():lattice-best-path.cc:99) For utterance M0000000085_0033, best cost 18.6181 + 742.707 = 761.326 over 126 frames.
M0000000085_0033 แมลง 
LOG (lattice-best-path[5.5.0~1494-e5a5]:main():lattice-best-path.cc:99) For utterance M0000000085_0034, best cost 29.0694 + 836.128 = 865.198 over 150 frames.
M0000000085_0034 หลอด ปานกลาง 
LOG (lattice-best-path[5.5.0~1494-e5a5]:main():lattice-best-path.cc:99) For utterance M0000000085_0035, best cost 18.8187 + 788.416 = 807.234 over 135 frames.
M0000000085_0035 แมลง 
LOG (lattice-best-path[5.5.0~1494-e5a5]:main():lattice-best-path.cc:99) For utterance M0000000085_0036, best cost 26.1985 + 1044.98 = 1071.18 over 179 frames.
M0000000085_0036 ของ เรือน 
LOG (lattice-best-path[5.5.0~1494-e5a5]:main():lattice-best-path.cc:99) For utterance M0000000085_0037, best cost 35.9533 + 829.533 = 865.487 over 147 frames.
M0000000085_0037 ไม่ เอา และ 
LOG (lattice-best-path[5.5.0~1494-e5a5]:main():lattice-best-path.cc:99) For utterance M0000000085_0038, best cost 13.1994 + 895.185 = 908.385 over 150 frames.
M0000000085_0038 
LOG (lattice-best-path[5.5.0~1494-e5a5]:main():lattice-best-path.cc:99) For utterance M0000000085_0039, best cost 35.6951 + 1043.6 = 1079.3 over 177 frames.
M0000000085_0039 ได้ องศา หนัก 
LOG (lattice-best-path[5.5.0~1494-e5a5]:main():lattice-best-path.cc:99) For utterance M0000000085_0040, best cost 22.005 + 935.919 = 957.924 over 156 frames.
M0000000085_0040 ยา 
LOG (lattice-best-path[5.5.0~1494-e5a5]:main():lattice-best-path.cc:99) For utterance M0000000085_0041, best cost 36.5261 + 1237.74 = 1274.27 over 209 frames.
M0000000085_0041 แอดเดรส ตัวนำ 
LOG (lattice-best-path[5.5.0~1494-e5a5]:main():lattice-best-path.cc:99) For utterance M0000000085_0042, best cost 31.088 + 967.432 = 998.52 over 162 frames.
M0000000085_0042 ย่าน ยา 
LOG (lattice-best-path[5.5.0~1494-e5a5]:main():lattice-best-path.cc:99) For utterance M0000000085_0043, best cost 35.3522 + 829.449 = 864.802 over 146 frames.
M0000000085_0043 ชั้น ระหว่าง ไว้ 
LOG (lattice-best-path[5.5.0~1494-e5a5]:main():lattice-best-path.cc:99) For utterance M0000000085_0044, best cost 30.0353 + 826.063 = 856.099 over 146 frames.
M0000000085_0044 จะ ต่างๆ ด้วย 
LOG (lattice-best-path[5.5.0~1494-e5a5]:main():lattice-best-path.cc:99) For utterance M0000000085_0045, best cost 14.0717 + 1143.31 = 1157.38 over 183 frames.
M0000000085_0045 
LOG (lattice-best-path[5.5.0~1494-e5a5]:main():lattice-best-path.cc:99) For utterance M0000000085_0046, best cost 20.9522 + 853.231 = 874.184 over 144 frames.
M0000000085_0046 อธิบาย 
LOG (lattice-best-path[5.5.0~1494-e5a5]:main():lattice-best-path.cc:99) For utterance M0000000085_0047, best cost 15.2889 + 984.577 = 999.866 over 159 frames.
M0000000085_0047 
LOG (lattice-best-path[5.5.0~1494-e5a5]:main():lattice-best-path.cc:99) For utterance M0000000085_0048, best cost 54.4382 + 1092.59 = 1147.02 over 186 frames.
M0000000085_0048 มี บน หมด อะไร ไม่ 
LOG (lattice-best-path[5.5.0~1494-e5a5]:main():lattice-best-path.cc:99) For utterance M0000000085_0049, best cost 20.9152 + 789.413 = 810.328 over 137 frames.
M0000000085_0049 ไม่ 
LOG (lattice-best-path[5.5.0~1494-e5a5]:main():lattice-best-path.cc:99) For utterance M0000000085_0050, best cost 23.6832 + 827.68 = 851.363 over 143 frames.
M0000000085_0050 ระยะ มาก 
LOG (lattice-best-path[5.5.0~1494-e5a5]:main():lattice-best-path.cc:99) For utterance M0000000085_0051, best cost 20.3468 + 864.83 = 885.177 over 144 frames.
M0000000085_0051 ข่าว 
LOG (lattice-best-path[5.5.0~1494-e5a5]:main():lattice-best-path.cc:99) For utterance M0000000085_0052, best cost 13.6796 + 925.501 = 939.181 over 149 frames.
M0000000085_0052 
LOG (lattice-best-path[5.5.0~1494-e5a5]:main():lattice-best-path.cc:99) For utterance M0000000085_0053, best cost 41.6971 + 1021.24 = 1062.94 over 173 frames.
M0000000085_0053 วันนี้ อะไร ไมครอน 
LOG (lattice-best-path[5.5.0~1494-e5a5]:main():lattice-best-path.cc:99) For utterance M0000000085_0054, best cost 20.8178 + 764.452 = 785.269 over 131 frames.
M0000000085_0054 อิเล็กตรอน 
LOG (lattice-best-path[5.5.0~1494-e5a5]:main():lattice-best-path.cc:99) For utterance M0000000085_0055, best cost 22.4088 + 805.779 = 828.187 over 141 frames.
M0000000085_0055 ไว้ 
LOG (lattice-best-path[5.5.0~1494-e5a5]:main():lattice-best-path.cc:99) For utterance M0000000085_0056, best cost 54.2103 + 1417 = 1471.21 over 237 frames.
M0000000085_0056 จึง เครื่อง ได้ และ คล้ายคลึง อย่างไร 
LOG (lattice-best-path[5.5.0~1494-e5a5]:main():lattice-best-path.cc:99) For utterance M0000000085_0057, best cost 29.8211 + 775.086 = 804.907 over 134 frames.
M0000000085_0057 ไม่ ต้อง กลอน 
LOG (lattice-best-path[5.5.0~1494-e5a5]:main():lattice-best-path.cc:99) For utterance M0000000085_0058, best cost 27.0919 + 883.708 = 910.799 over 156 frames.
M0000000085_0058 หลังจากนั้น ไว้ 
LOG (lattice-best-path[5.5.0~1494-e5a5]:main():lattice-best-path.cc:99) For utterance M0000000085_0059, best cost 38.9817 + 1165.07 = 1204.05 over 192 frames.
M0000000085_0059 กับ ข้อมูล สัตว์ ร้าย 
LOG (lattice-best-path[5.5.0~1494-e5a5]:main():lattice-best-path.cc:99) For utterance M0000000085_0060, best cost 26.1933 + 1134.28 = 1160.47 over 186 frames.
M0000000085_0060 มากมาย 
LOG (lattice-best-path[5.5.0~1494-e5a5]:main():lattice-best-path.cc:99) For utterance M0000000085_0061, best cost 13.4178 + 983.159 = 996.577 over 164 frames.
M0000000085_0061 
LOG (lattice-best-path[5.5.0~1494-e5a5]:main():lattice-best-path.cc:99) For utterance M0000000085_0062, best cost 36.1604 + 836.192 = 872.352 over 144 frames.
M0000000085_0062 มี ของ เรียง ใน 
LOG (lattice-best-path[5.5.0~1494-e5a5]:main():lattice-best-path.cc:99) For utterance M0000000085_0063, best cost 38.6668 + 908.794 = 947.46 over 155 frames.
M0000000085_0063 ไม่ เหล่านี้ อะไร 
LOG (lattice-best-path[5.5.0~1494-e5a5]:main():lattice-best-path.cc:99) For utterance M0000000085_0064, best cost 22.5638 + 945.761 = 968.324 over 161 frames.
M0000000085_0064 เรียก 
LOG (lattice-best-path[5.5.0~1494-e5a5]:main():lattice-best-path.cc:99) For utterance M0000000085_0065, best cost 24.6501 + 982.845 = 1007.49 over 164 frames.
M0000000085_0065 ขอ 
LOG (lattice-best-path[5.5.0~1494-e5a5]:main():lattice-best-path.cc:99) For utterance M0000000085_0066, best cost 12.1233 + 890.978 = 903.101 over 144 frames.
M0000000085_0066 
LOG (lattice-best-path[5.5.0~1494-e5a5]:main():lattice-best-path.cc:99) For utterance M0000000085_0067, best cost 34.4188 + 921.653 = 956.072 over 161 frames.
M0000000085_0067 ของ มี อนึ่ง 
LOG (lattice-best-path[5.5.0~1494-e5a5]:main():lattice-best-path.cc:99) For utterance M0000000085_0068, best cost 38.9154 + 1089.78 = 1128.7 over 185 frames.
M0000000085_0068 โครงการ แบ่ง ต้องการ 
LOG (lattice-best-path[5.5.0~1494-e5a5]:main():lattice-best-path.cc:99) For utterance M0000000085_0069, best cost 41.3762 + 921.466 = 962.842 over 164 frames.
M0000000085_0069 มี ที่ หลัง เคลื่อนไหว 
LOG (lattice-best-path[5.5.0~1494-e5a5]:main():lattice-best-path.cc:99) For utterance M0000000085_0070, best cost 20.2476 + 960.407 = 980.655 over 162 frames.
M0000000085_0070 ควร 
LOG (lattice-best-path[5.5.0~1494-e5a5]:main():lattice-best-path.cc:99) For utterance M0000000085_0071, best cost 42.3903 + 1020.48 = 1062.87 over 164 frames.
M0000000085_0071 เหล่านี้ มี คง วิจัย 
LOG (lattice-best-path[5.5.0~1494-e5a5]:main():lattice-best-path.cc:99) For utterance M0000000085_0072, best cost 41.9476 + 1166.61 = 1208.56 over 191 frames.
M0000000085_0072 ผล กิ่งไม้ กิน 
LOG (lattice-best-path[5.5.0~1494-e5a5]:main():lattice-best-path.cc:99) For utterance M0000000085_0073, best cost 54.1329 + 1309.54 = 1363.67 over 224 frames.
M0000000085_0073 ผ่าน ไป ระหว่าง ร้านอาหาร หนัก 
LOG (lattice-best-path[5.5.0~1494-e5a5]:main():lattice-best-path.cc:99) For utterance M0000000085_0074, best cost 13.5516 + 868.776 = 882.327 over 144 frames.
M0000000085_0074 
LOG (lattice-best-path[5.5.0~1494-e5a5]:main():lattice-best-path.cc:99) For utterance M0000000085_0075, best cost 35.1457 + 1246.94 = 1282.08 over 201 frames.
M0000000085_0075 ยา สำนักงาน 
LOG (lattice-best-path[5.5.0~1494-e5a5]:main():lattice-best-path.cc:99) For utterance M0000000085_0076, best cost 61.1846 + 1094.68 = 1155.86 over 188 frames.
M0000000085_0076 ยัง ไม่ ดิน อาหาร หลัก ไม่ 
LOG (lattice-best-path[5.5.0~1494-e5a5]:main():lattice-best-path.cc:99) For utterance M0000000085_0077, best cost 35.2588 + 1374.55 = 1409.81 over 231 frames.
M0000000085_0077 หลังจากนั้น อย่างไร 
LOG (lattice-best-path[5.5.0~1494-e5a5]:main():lattice-best-path.cc:99) For utterance M0000000085_0078, best cost 40.426 + 1270.68 = 1311.1 over 206 frames.
M0000000085_0078 ยา เสีย ล้าน 
LOG (lattice-best-path[5.5.0~1494-e5a5]:main():lattice-best-path.cc:99) For utterance M0000000085_0079, best cost 39.5927 + 960.552 = 1000.15 over 176 frames.
M0000000085_0079 ข่าย เกรียงชัย ไม่ 
LOG (lattice-best-path[5.5.0~1494-e5a5]:main():lattice-best-path.cc:99) For utterance M0000000085_0080, best cost 45.7562 + 1295.99 = 1341.74 over 218 frames.
M0000000085_0080 ยา เครื่องซักผ้า บางๆ 
LOG (lattice-best-path[5.5.0~1494-e5a5]:main():lattice-best-path.cc:99) For utterance M0000000085_0081, best cost 52.5801 + 1710.52 = 1763.1 over 290 frames.
M0000000085_0081 โต๊ะ ส่วน การ ยัง ได้ 
LOG (lattice-best-path[5.5.0~1494-e5a5]:main():lattice-best-path.cc:99) For utterance M0000000085_0082, best cost 60.1535 + 1430.16 = 1490.31 over 243 frames.
M0000000085_0082 มัก จะ ไป ด้วย และ ต้อง เสีย หนัก 
LOG (lattice-best-path[5.5.0~1494-e5a5]:main():lattice-best-path.cc:99) For utterance M0000000085_0083, best cost 42.9376 + 1105.07 = 1148 over 191 frames.
M0000000085_0083 หรือ เดียว ใช้ บิน ไล่ 
LOG (lattice-best-path[5.5.0~1494-e5a5]:main():lattice-best-path.cc:99) For utterance M0000000085_0084, best cost 22.8587 + 988.351 = 1011.21 over 164 frames.
M0000000085_0084 บาง 
LOG (lattice-best-path[5.5.0~1494-e5a5]:main():lattice-best-path.cc:99) For utterance M0000000085_0085, best cost 48.6369 + 1146.6 = 1195.23 over 203 frames.
M0000000085_0085 เขา อ่าน และ ได้ ที่ ได้ 
LOG (lattice-best-path[5.5.0~1494-e5a5]:main():lattice-best-path.cc:99) For utterance M0000000085_0086, best cost 40.9071 + 1181.95 = 1222.86 over 203 frames.
M0000000085_0086 บันได อายุ กล่าว 
LOG (lattice-best-path[5.5.0~1494-e5a5]:main():lattice-best-path.cc:99) For utterance M0000000085_0087, best cost 42.0563 + 988.347 = 1030.4 over 176 frames.
M0000000085_0087 เรียง ใน ยกเลิก ไว้ 
LOG (lattice-best-path[5.5.0~1494-e5a5]:main():lattice-best-path.cc:99) For utterance M0000000085_0088, best cost 34.2429 + 1104.78 = 1139.02 over 179 frames.
M0000000085_0088 จาก ที่ ใน 
LOG (lattice-best-path[5.5.0~1494-e5a5]:main():lattice-best-path.cc:99) For utterance M0000000085_0089, best cost 51.1888 + 977.747 = 1028.94 over 167 frames.
M0000000085_0089 ต้อง ใช้ น้ำตาล ที่ สอน 
LOG (lattice-best-path[5.5.0~1494-e5a5]:main():lattice-best-path.cc:99) For utterance M0000000085_0090, best cost 17.2918 + 1212.06 = 1229.35 over 203 frames.
M0000000085_0090 
LOG (lattice-best-path[5.5.0~1494-e5a5]:main():lattice-best-path.cc:99) For utterance M0000000085_0091, best cost 12.1916 + 1007.61 = 1019.8 over 161 frames.
M0000000085_0091 
LOG (lattice-best-path[5.5.0~1494-e5a5]:main():lattice-best-path.cc:99) For utterance M0000000085_0092, best cost 36.829 + 851.388 = 888.217 over 147 frames.
M0000000085_0092 ใส่ มุง เรา 
LOG (lattice-best-path[5.5.0~1494-e5a5]:main():lattice-best-path.cc:99) For utterance M0000000085_0093, best cost 30.628 + 882.417 = 913.045 over 152 frames.
M0000000085_0093 อะไร ต่างๆ หนึ่ง 
LOG (lattice-best-path[5.5.0~1494-e5a5]:main():lattice-best-path.cc:99) For utterance M0000000085_0094, best cost 22.4432 + 1166.69 = 1189.13 over 198 frames.
M0000000085_0094 ออก 
LOG (lattice-best-path[5.5.0~1494-e5a5]:main():lattice-best-path.cc:99) For utterance M0000000085_0095, best cost 64.7747 + 1146.51 = 1211.28 over 200 frames.
M0000000085_0095 ทั้ง บน หลอดไฟ หวาน ใน ไม่ 
LOG (lattice-best-path[5.5.0~1494-e5a5]:main():lattice-best-path.cc:99) For utterance M0000000085_0096, best cost 15.6741 + 1243.11 = 1258.78 over 194 frames.
M0000000085_0096 
LOG (lattice-best-path[5.5.0~1494-e5a5]:main():lattice-best-path.cc:99) For utterance M0000000085_0097, best cost 30.4117 + 1016.18 = 1046.6 over 167 frames.
M0000000085_0097 มัก น้อย 
LOG (lattice-best-path[5.5.0~1494-e5a5]:main():lattice-best-path.cc:99) For utterance M0000000085_0098, best cost 44.0063 + 1109.89 = 1153.9 over 189 frames.
M0000000085_0098 รับส่ง ที่ บันได 
LOG (lattice-best-path[5.5.0~1494-e5a5]:main():lattice-best-path.cc:99) For utterance M0000000085_0099, best cost 33.9526 + 846.414 = 880.367 over 138 frames.
M0000000085_0099 เดียว ลง 
LOG (lattice-best-path[5.5.0~1494-e5a5]:main():lattice-best-path.cc:99) For utterance M0000000085_0100, best cost 48.1622 + 1176.1 = 1224.26 over 206 frames.
M0000000085_0100 เรือ เดิน เรา ล้าน หนัก 
LOG (lattice-best-path[5.5.0~1494-e5a5]:main():lattice-best-path.cc:99) For utterance M0000000085_0101, best cost 60.8537 + 1628.72 = 1689.57 over 266 frames.
M0000000085_0101 อยู่ ใช้ อาคาร และ การ หนึ่ง 
LOG (lattice-best-path[5.5.0~1494-e5a5]:main():lattice-best-path.cc:99) For utterance M0000000105_0000, best cost 13.1839 + 936.23 = 949.414 over 178 frames.
M0000000105_0000 
LOG (lattice-best-path[5.5.0~1494-e5a5]:main():lattice-best-path.cc:99) For utterance M0000000105_0001, best cost 47.3258 + 1977.99 = 2025.31 over 366 frames.
M0000000105_0001 ก่อนหลัง นั้น การ 
LOG (lattice-best-path[5.5.0~1494-e5a5]:main():lattice-best-path.cc:99) For utterance M0000000105_0002, best cost 73.9115 + 1749.98 = 1823.9 over 314 frames.
M0000000105_0002 เขา ก็ เรา เกย เคย กล่าว หนึ่ง 
LOG (lattice-best-path[5.5.0~1494-e5a5]:main():lattice-best-path.cc:99) For utterance M0000000105_0003, best cost 46.0905 + 1461.45 = 1507.54 over 257 frames.
M0000000105_0003 ผสม ตำรวจ หรือ เครื่อง 
LOG (lattice-best-path[5.5.0~1494-e5a5]:main():lattice-best-path.cc:99) For utterance M0000000105_0004, best cost 70.5224 + 1655.28 = 1725.8 over 316 frames.
M0000000105_0004 เรา พัด หนู ให้ เปล่าๆ ตาม 
LOG (lattice-best-path[5.5.0~1494-e5a5]:main():lattice-best-path.cc:99) For utterance M0000000105_0005, best cost 54.8102 + 1668.32 = 1723.13 over 309 frames.
M0000000105_0005 หัว ไป ไซ หู 
LOG (lattice-best-path[5.5.0~1494-e5a5]:main():lattice-best-path.cc:99) For utterance M0000000105_0006, best cost 40.2239 + 1184.72 = 1224.94 over 220 frames.
M0000000105_0006 พวก ควร เดิน 
LOG (lattice-best-path[5.5.0~1494-e5a5]:main():lattice-best-path.cc:99) For utterance M0000000105_0007, best cost 47.2124 + 1438.59 = 1485.8 over 271 frames.
M0000000105_0007 ชั้น วาง ยาวนาน 
LOG (lattice-best-path[5.5.0~1494-e5a5]:main():lattice-best-path.cc:99) For utterance M0000000105_0008, best cost 60.9246 + 1834.54 = 1895.47 over 350 frames.
M0000000105_0008 น้ำ ออก หนึ่ง สำคัญ สอง 
LOG (lattice-best-path[5.5.0~1494-e5a5]:main():lattice-best-path.cc:99) For utterance M0000000105_0009, best cost 49.0669 + 1351.42 = 1400.49 over 252 frames.
M0000000105_0009 ของ สำคัญ ทาง หนึ่ง 
LOG (lattice-best-path[5.5.0~1494-e5a5]:main():lattice-best-path.cc:99) For utterance M0000000105_0010, best cost 37.7203 + 1197.41 = 1235.13 over 235 frames.
M0000000105_0010 ของ รอบ น้อย 
LOG (lattice-best-path[5.5.0~1494-e5a5]:main():lattice-best-path.cc:99) For utterance M0000000105_0011, best cost 47.6594 + 944.159 = 991.818 over 178 frames.
M0000000105_0011 มาก หาก คน รับ 
LOG (lattice-best-path[5.5.0~1494-e5a5]:main():lattice-best-path.cc:99) For utterance M0000000105_0012, best cost 49.676 + 1002.14 = 1051.82 over 172 frames.
M0000000105_0012 สาร โต๊ะ เสียง พรึง 
LOG (lattice-best-path[5.5.0~1494-e5a5]:main():lattice-best-path.cc:99) For utterance M0000000105_0013, best cost 98.1123 + 3598.32 = 3696.43 over 646 frames.
M0000000105_0013 ไถ ท้องเฟ้อ ของ แพทย์ สอง ผม ควร 
LOG (lattice-best-path[5.5.0~1494-e5a5]:main():lattice-best-path.cc:99) For utterance M0000000105_0014, best cost 24.7485 + 1154.81 = 1179.56 over 213 frames.
M0000000105_0014 และ 
LOG (lattice-best-path[5.5.0~1494-e5a5]:main():lattice-best-path.cc:99) For utterance M0000000105_0015, best cost 47.3261 + 1328.02 = 1375.34 over 252 frames.
M0000000105_0015 เพราะ นั้น กรง นาน นัก 
LOG (lattice-best-path[5.5.0~1494-e5a5]:main():lattice-best-path.cc:99) For utterance M0000000105_0016, best cost 51.003 + 1422.93 = 1473.93 over 252 frames.
M0000000105_0016 ก่อนหลัง ประจุ หนัก 
LOG (lattice-best-path[5.5.0~1494-e5a5]:main():lattice-best-path.cc:99) For utterance M0000000105_0017, best cost 45.0431 + 1026.76 = 1071.81 over 193 frames.
M0000000105_0017 ข้อ นั้น ปลาย แขน หนัก 
LOG (lattice-best-path[5.5.0~1494-e5a5]:main():lattice-best-path.cc:99) For utterance M0000000105_0018, best cost 56.2178 + 1325.85 = 1382.06 over 238 frames.
M0000000105_0018 พบ ก็ หรือ สรุป นอน 
LOG (lattice-best-path[5.5.0~1494-e5a5]:main():lattice-best-path.cc:99) For utterance M0000000105_0019, best cost 49.8888 + 1319.98 = 1369.87 over 236 frames.
M0000000105_0019 พอ ยาเหน็บ ไป ตก นาน นัก 
LOG (lattice-best-path[5.5.0~1494-e5a5]:main():lattice-best-path.cc:99) For utterance M0000000105_0020, best cost 42.7923 + 998.334 = 1041.13 over 190 frames.
M0000000105_0020 รูป บาป ไป ใน 
LOG (lattice-best-path[5.5.0~1494-e5a5]:main():lattice-best-path.cc:99) For utterance M0000000105_0021, best cost 37.2909 + 733.689 = 770.98 over 142 frames.
M0000000105_0021 นา กิน ดัง 
LOG (lattice-best-path[5.5.0~1494-e5a5]:main():lattice-best-path.cc:99) For utterance M0000000105_0022, best cost 39.4056 + 941.288 = 980.694 over 176 frames.
M0000000105_0022 เชื่อม ได้ ใหม่ๆ 
LOG (lattice-best-path[5.5.0~1494-e5a5]:main():lattice-best-path.cc:99) For utterance M0000000105_0023, best cost 34.2548 + 1515.94 = 1550.19 over 273 frames.
M0000000105_0023 อาหาร ไม่ 
LOG (lattice-best-path[5.5.0~1494-e5a5]:main():lattice-best-path.cc:99) For utterance M0000000105_0024, best cost 42.9231 + 1107.61 = 1150.53 over 201 frames.
M0000000105_0024 ของ เครื่อง ปรุง น้อย 
LOG (lattice-best-path[5.5.0~1494-e5a5]:main():lattice-best-path.cc:99) For utterance M0000000105_0025, best cost 27.9607 + 620.465 = 648.426 over 111 frames.
M0000000105_0025 เรียก หมด 
LOG (lattice-best-path[5.5.0~1494-e5a5]:main():lattice-best-path.cc:99) For utterance M0000000105_0026, best cost 62.1171 + 1536.79 = 1598.91 over 292 frames.
M0000000105_0026 มี น้ำ เตรียม ซุก ที่ ไม่ 
LOG (lattice-best-path[5.5.0~1494-e5a5]:main():lattice-best-path.cc:99) For utterance M0000000105_0027, best cost 73.1084 + 2025.31 = 2098.42 over 373 frames.
M0000000105_0027 เอา ซอส ประเทศ ให้ นอน จาก 
LOG (lattice-best-path[5.5.0~1494-e5a5]:main():lattice-best-path.cc:99) For utterance M0000000105_0028, best cost 65.5569 + 1633.82 = 1699.38 over 298 frames.
M0000000105_0028 เพราะ นั้น จึง เพิ่ม น้อย ครอบ 
LOG (lattice-best-path[5.5.0~1494-e5a5]:main():lattice-best-path.cc:99) For utterance M0000000105_0029, best cost 47.058 + 1146.89 = 1193.94 over 216 frames.
M0000000105_0029 จะ ผศ. คือ ยัง 
LOG (lattice-best-path[5.5.0~1494-e5a5]:main():lattice-best-path.cc:99) For utterance M0000000105_0030, best cost 43.9262 + 1137.72 = 1181.65 over 212 frames.
M0000000105_0030 ผล อะไร ได้ บ้าง 
LOG (lattice-best-path[5.5.0~1494-e5a5]:main():lattice-best-path.cc:99) For utterance M0000000105_0031, best cost 55.2062 + 1335.61 = 1390.81 over 255 frames.
M0000000105_0031 อาหาร จะ มาก ที่ มุง 
LOG (lattice-best-path[5.5.0~1494-e5a5]:main():lattice-best-path.cc:99) For utterance M0000000105_0032, best cost 44.7403 + 1401.79 = 1446.53 over 267 frames.
M0000000105_0032 ต้อง ด้าน ไม่ 
LOG (lattice-best-path[5.5.0~1494-e5a5]:main():lattice-best-path.cc:99) For utterance M0000000105_0033, best cost 38.9803 + 1114.42 = 1153.4 over 215 frames.
M0000000105_0033 ไอ จะ เศษ 
LOG (lattice-best-path[5.5.0~1494-e5a5]:main():lattice-best-path.cc:99) For utterance M0000000105_0034, best cost 34.4684 + 1008.93 = 1043.4 over 198 frames.
M0000000105_0034 เพราะ นั้น สร้าง 
LOG (lattice-best-path[5.5.0~1494-e5a5]:main():lattice-best-path.cc:99) For utterance M0000000105_0035, best cost 41.5137 + 1216.74 = 1258.26 over 249 frames.
M0000000105_0035 ใหม่ๆ ทิ้ง แล้ว 
LOG (lattice-best-path[5.5.0~1494-e5a5]:main():lattice-best-path.cc:99) For utterance M0000000105_0036, best cost 34.9057 + 1178.15 = 1213.06 over 221 frames.
M0000000105_0036 ของ เตรียม 
LOG (lattice-best-path[5.5.0~1494-e5a5]:main():lattice-best-path.cc:99) For utterance M0000000105_0037, best cost 43.3237 + 1110.84 = 1154.16 over 209 frames.
M0000000105_0037 ใหม่ๆ เอา แล้ว 
LOG (lattice-best-path[5.5.0~1494-e5a5]:main():lattice-best-path.cc:99) For utterance M0000000105_0038, best cost 44.6938 + 1585.35 = 1630.04 over 307 frames.
M0000000105_0038 ปลูก ข้าว อยู่ 
LOG (lattice-best-path[5.5.0~1494-e5a5]:main():lattice-best-path.cc:99) For utterance M0000000105_0039, best cost 41.4615 + 1249.34 = 1290.8 over 234 frames.
M0000000105_0039 หลาย ไป ตก หนัก 
LOG (lattice-best-path[5.5.0~1494-e5a5]:main():lattice-best-path.cc:99) For utterance M0000000105_0040, best cost 41.9736 + 1329.04 = 1371.01 over 245 frames.
M0000000105_0040 ได้ ไป ตก หนัก 
LOG (lattice-best-path[5.5.0~1494-e5a5]:main():lattice-best-path.cc:99) For utterance M0000000105_0041, best cost 68.8818 + 2046.02 = 2114.9 over 385 frames.
M0000000105_0041 เอา โป๊ะ ตัว นั้น มาก 
LOG (lattice-best-path[5.5.0~1494-e5a5]:main():lattice-best-path.cc:99) For utterance M0000000105_0042, best cost 47.5142 + 1512.4 = 1559.92 over 279 frames.
M0000000105_0042 จะ ได้ ไป เหล็ก ทองแดง 
LOG (lattice-best-path[5.5.0~1494-e5a5]:main():lattice-best-path.cc:99) For utterance M0000000105_0043, best cost 48.2565 + 1367.75 = 1416.01 over 264 frames.
M0000000105_0043 ชั้น บน วาง ไว้ 
LOG (lattice-best-path[5.5.0~1494-e5a5]:main():lattice-best-path.cc:99) For utterance M0000000105_0044, best cost 38.7192 + 1011.38 = 1050.1 over 190 frames.
M0000000105_0044 เก็บ ต่าง ด้วย 
LOG (lattice-best-path[5.5.0~1494-e5a5]:main():lattice-best-path.cc:99) For utterance M0000000105_0045, best cost 59.2445 + 1445.92 = 1505.16 over 280 frames.
M0000000105_0045 รอบ บัตร หรือ ดิบ ไม่ 
LOG (lattice-best-path[5.5.0~1494-e5a5]:main():lattice-best-path.cc:99) For utterance M0000000105_0046, best cost 29.2175 + 966.893 = 996.111 over 187 frames.
M0000000105_0046 ที่ ไป 
LOG (lattice-best-path[5.5.0~1494-e5a5]:main():lattice-best-path.cc:99) For utterance M0000000105_0047, best cost 54.2197 + 1276.71 = 1330.93 over 236 frames.
M0000000105_0047 จะ แกน จาน บัตร ออก 
LOG (lattice-best-path[5.5.0~1494-e5a5]:main():lattice-best-path.cc:99) For utterance M0000000105_0048, best cost 66.1743 + 1722.6 = 1788.77 over 325 frames.
M0000000105_0048 รม หมด ผ่าน ไม่ ไม่ 
LOG (lattice-best-path[5.5.0~1494-e5a5]:main():lattice-best-path.cc:99) For utterance M0000000105_0049, best cost 45.1889 + 1151.11 = 1196.3 over 220 frames.
M0000000105_0049 ไม้ เอา น้อย 
LOG (lattice-best-path[5.5.0~1494-e5a5]:main():lattice-best-path.cc:99) For utterance M0000000105_0050, best cost 40.3906 + 1073.42 = 1113.81 over 205 frames.
M0000000105_0050 ตรวจวัด แหล่ง มาก 
LOG (lattice-best-path[5.5.0~1494-e5a5]:main():lattice-best-path.cc:99) For utterance M0000000105_0051, best cost 47.8961 + 1535.22 = 1583.12 over 305 frames.
M0000000105_0051 ว่า เข็ม นั้น เขา 
LOG (lattice-best-path[5.5.0~1494-e5a5]:main():lattice-best-path.cc:99) For utterance M0000000105_0052, best cost 44.7355 + 1178.77 = 1223.51 over 220 frames.
M0000000105_0052 เกิด เกิน ไป ปรับ 
LOG (lattice-best-path[5.5.0~1494-e5a5]:main():lattice-best-path.cc:99) For utterance M0000000105_0053, best cost 74.5836 + 1966.72 = 2041.3 over 376 frames.
M0000000105_0053 วัน มี เอา รอย มาก หรือ เพราะ 
LOG (lattice-best-path[5.5.0~1494-e5a5]:main():lattice-best-path.cc:99) For utterance M0000000105_0054, best cost 38.4646 + 981.149 = 1019.61 over 194 frames.
M0000000105_0054 ปิด ไว้ ก่อน 
LOG (lattice-best-path[5.5.0~1494-e5a5]:main():lattice-best-path.cc:99) For utterance M0000000105_0055, best cost 39.9163 + 1085.07 = 1124.99 over 202 frames.
M0000000105_0055 ผ่าน หาก ไม่ 
LOG (lattice-best-path[5.5.0~1494-e5a5]:main():lattice-best-path.cc:99) For utterance M0000000105_0056, best cost 90.3551 + 2377.89 = 2468.24 over 450 frames.
M0000000105_0056 ทิ้ง ขึ้น การ รักษา พรึง เดียว ได้ ไม้ 
LOG (lattice-best-path[5.5.0~1494-e5a5]:main():lattice-best-path.cc:99) For utterance M0000000105_0057, best cost 29.9237 + 960.704 = 990.628 over 187 frames.
M0000000105_0057 ไม่ ต้อง 
LOG (lattice-best-path[5.5.0~1494-e5a5]:main():lattice-best-path.cc:99) For utterance M0000000105_0058, best cost 47.5196 + 1125.58 = 1173.1 over 215 frames.
M0000000105_0058 บางๆ ตาม ได้ ไม้ 
LOG (lattice-best-path[5.5.0~1494-e5a5]:main():lattice-best-path.cc:99) For utterance M0000000105_0059, best cost 45.5497 + 1459.56 = 1505.11 over 273 frames.
M0000000105_0059 กับ เรา เท่าไร 
LOG (lattice-best-path[5.5.0~1494-e5a5]:main():lattice-best-path.cc:99) For utterance M0000000105_0060, best cost 68.027 + 1765.04 = 1833.07 over 331 frames.
M0000000105_0060 ต้ม ย่าน องค์ เผ็ด มากมาย 
LOG (lattice-best-path[5.5.0~1494-e5a5]:main():lattice-best-path.cc:99) For utterance M0000000105_0061, best cost 43.1005 + 1374.84 = 1417.94 over 256 frames.
M0000000105_0061 ผล ตาย ได้ ไมครอน 
LOG (lattice-best-path[5.5.0~1494-e5a5]:main():lattice-best-path.cc:99) For utterance M0000000105_0062, best cost 46.149 + 1071.51 = 1117.66 over 209 frames.
M0000000105_0062 มี พร้อมๆ พื้น ใน 
LOG (lattice-best-path[5.5.0~1494-e5a5]:main():lattice-best-path.cc:99) For utterance M0000000105_0063, best cost 53.4273 + 1429.8 = 1483.23 over 264 frames.
M0000000105_0063 เอา รอย ไม้ 
LOG (lattice-best-path[5.5.0~1494-e5a5]:main():lattice-best-path.cc:99) For utterance M0000000105_0064, best cost 35.2362 + 1202.45 = 1237.69 over 220 frames.
M0000000105_0064 ตอน เปล่าๆ 
LOG (lattice-best-path[5.5.0~1494-e5a5]:main():lattice-best-path.cc:99) For utterance M0000000105_0065, best cost 45.9198 + 1453.23 = 1499.15 over 273 frames.
M0000000105_0065 ของ ถูก น้อย 
LOG (lattice-best-path[5.5.0~1494-e5a5]:main():lattice-best-path.cc:99) For utterance M0000000105_0066, best cost 33.9169 + 1109.76 = 1143.67 over 194 frames.
M0000000105_0066 หมด รับ 
LOG (lattice-best-path[5.5.0~1494-e5a5]:main():lattice-best-path.cc:99) For utterance M0000000105_0067, best cost 35.6896 + 1151.27 = 1186.96 over 212 frames.
M0000000105_0067 ออก อนึ่ง 
LOG (lattice-best-path[5.5.0~1494-e5a5]:main():lattice-best-path.cc:99) For utterance M0000000105_0068, best cost 61.4578 + 1480.91 = 1542.37 over 279 frames.
M0000000105_0068 ออก จาน แบ่ง สอง การ 
LOG (lattice-best-path[5.5.0~1494-e5a5]:main():lattice-best-path.cc:99) For utterance M0000000105_0069, best cost 59.3086 + 1441.9 = 1501.21 over 272 frames.
M0000000105_0069 มี ที่ ล้าน หมื่น ไม้ 
LOG (lattice-best-path[5.5.0~1494-e5a5]:main():lattice-best-path.cc:99) For utterance M0000000105_0070, best cost 51.6807 + 1165.76 = 1217.44 over 219 frames.
M0000000105_0070 ออก เป็น รู น้อย สี 
LOG (lattice-best-path[5.5.0~1494-e5a5]:main():lattice-best-path.cc:99) For utterance M0000000105_0071, best cost 45.5667 + 1721.56 = 1767.13 over 320 frames.
M0000000105_0071 ขูด ไม้ 
LOG (lattice-best-path[5.5.0~1494-e5a5]:main():lattice-best-path.cc:99) For utterance M0000000105_0072, best cost 76.5619 + 1739.95 = 1816.51 over 332 frames.
M0000000105_0072 ผล ที่ เรียน มาก จึง บ่อยๆ ไม้ 
LOG (lattice-best-path[5.5.0~1494-e5a5]:main():lattice-best-path.cc:99) For utterance M0000000105_0073, best cost 70.2863 + 2076.24 = 2146.52 over 393 frames.
M0000000105_0073 ตาม เพราะ วาง ทำ อาหาร 
LOG (lattice-best-path[5.5.0~1494-e5a5]:main():lattice-best-path.cc:99) For utterance M0000000105_0074, best cost 42.7502 + 1341.62 = 1384.37 over 257 frames.
M0000000105_0074 รับ สำหรับ ไม่ 
LOG (lattice-best-path[5.5.0~1494-e5a5]:main():lattice-best-path.cc:99) For utterance M0000000105_0075, best cost 69.8664 + 1982.13 = 2052 over 378 frames.
M0000000105_0075 หลัก สำนักงาน ต้อง อายุ เท่าไร 
LOG (lattice-best-path[5.5.0~1494-e5a5]:main():lattice-best-path.cc:99) For utterance M0000000105_0076, best cost 63.6177 + 1757.58 = 1821.2 over 330 frames.
M0000000105_0076 ยัง ไม่ ทัน ประธาน ปรับ ไม่ 
LOG (lattice-best-path[5.5.0~1494-e5a5]:main():lattice-best-path.cc:99) For utterance M0000000105_0077, best cost 86.8547 + 2285.78 = 2372.64 over 435 frames.
M0000000105_0077 ไม่ มี ที่ ตั้ง หลัง การแพทย์ บัตร ไม้ 
LOG (lattice-best-path[5.5.0~1494-e5a5]:main():lattice-best-path.cc:99) For utterance M0000000105_0078, best cost 70.1062 + 1981.52 = 2051.62 over 373 frames.
M0000000105_0078 หลัก ร้อน ออก ข่าย เท่าไร 
LOG (lattice-best-path[5.5.0~1494-e5a5]:main():lattice-best-path.cc:99) For utterance M0000000105_0079, best cost 48.5611 + 1410.23 = 1458.79 over 266 frames.
M0000000105_0079 กลาย เป็น ฉาย ไม้ 
LOG (lattice-best-path[5.5.0~1494-e5a5]:main():lattice-best-path.cc:99) For utterance M0000000105_0080, best cost 71.6413 + 2124.59 = 2196.23 over 408 frames.
M0000000105_0080 ก๊าซ เปิด บาง ต้อง ทำลาย 
LOG (lattice-best-path[5.5.0~1494-e5a5]:main():lattice-best-path.cc:99) For utterance M0000000105_0081, best cost 94.4677 + 2049.11 = 2143.57 over 394 frames.
M0000000105_0081 โต๊ะ สู่ ไว้ ต่าง ยาก ได้ ข่าย ไม่ 
LOG (lattice-best-path[5.5.0~1494-e5a5]:main():lattice-best-path.cc:99) For utterance M0000000105_0082, best cost 94.8917 + 2244.87 = 2339.77 over 429 frames.
M0000000105_0082 นาย จะ ไป เปิด หวาน ตรง สี แยก บัตร 
LOG (lattice-best-path[5.5.0~1494-e5a5]:main():lattice-best-path.cc:99) For utterance M0000000105_0083, best cost 34.2143 + 1406.11 = 1440.32 over 257 frames.
M0000000105_0083 ดี ใบ 
LOG (lattice-best-path[5.5.0~1494-e5a5]:main():lattice-best-path.cc:99) For utterance M0000000105_0084, best cost 37.0063 + 1472.77 = 1509.78 over 271 frames.
M0000000105_0084 เป็น ได้ บ้าง 
LOG (lattice-best-path[5.5.0~1494-e5a5]:main():lattice-best-path.cc:99) For utterance M0000000105_0085, best cost 60.7627 + 1777.45 = 1838.21 over 335 frames.
M0000000105_0085 อาหาร ปลาย ได้ ไม่ 
LOG (lattice-best-path[5.5.0~1494-e5a5]:main():lattice-best-path.cc:99) For utterance M0000000105_0086, best cost 60.9339 + 1743.21 = 1804.15 over 334 frames.
M0000000105_0086 หวาน หนึ่ง ข่าย หลาย อย่าง 
LOG (lattice-best-path[5.5.0~1494-e5a5]:main():lattice-best-path.cc:99) For utterance M0000000105_0087, best cost 59.9953 + 1379.87 = 1439.87 over 259 frames.
M0000000105_0087 เรียน นาย ยก ได้ ไม่ 
LOG (lattice-best-path[5.5.0~1494-e5a5]:main():lattice-best-path.cc:99) For utterance M0000000105_0088, best cost 52.054 + 1671.94 = 1724 over 295 frames.
M0000000105_0088 ใช้ จาก ที่ หนัก 
LOG (lattice-best-path[5.5.0~1494-e5a5]:main():lattice-best-path.cc:99) For utterance M0000000105_0089, best cost 41.3952 + 1372.2 = 1413.59 over 249 frames.
M0000000105_0089 ต้อง ใส่ 
LOG (lattice-best-path[5.5.0~1494-e5a5]:main():lattice-best-path.cc:99) For utterance M0000000105_0090, best cost 50.8045 + 1766.68 = 1817.48 over 328 frames.
M0000000105_0090 ทำ ปลูก อย่างไร 
LOG (lattice-best-path[5.5.0~1494-e5a5]:main():lattice-best-path.cc:99) For utterance M0000000105_0091, best cost 70.4694 + 1394.44 = 1464.91 over 263 frames.
M0000000105_0091 ใส่ พุ่ง ถู ลด หรือ กล่าว 
LOG (lattice-best-path[5.5.0~1494-e5a5]:main():lattice-best-path.cc:99) For utterance M0000000105_0092, best cost 46.464 + 1225.83 = 1272.3 over 230 frames.
M0000000105_0092 ใส่ หนู หรือ เปล่าๆ 
LOG (lattice-best-path[5.5.0~1494-e5a5]:main():lattice-best-path.cc:99) For utterance M0000000105_0093, best cost 58.3262 + 1529.99 = 1588.32 over 289 frames.
M0000000105_0093 ออก ฝน ฝ่าย ตาม หนึ่ง 
LOG (lattice-best-path[5.5.0~1494-e5a5]:main():lattice-best-path.cc:99) For utterance M0000000105_0094, best cost 72.7854 + 3128.85 = 3201.64 over 615 frames.
M0000000105_0094 ไถ ออก กล้วย เพราะ การ ดึง 
LOG (lattice-best-path[5.5.0~1494-e5a5]:main():lattice-best-path.cc:99) For utterance M0000000105_0095, best cost 71.7409 + 1927.33 = 1999.07 over 363 frames.
M0000000105_0095 ทำ ทั่ว หลอดไฟ วัด ได้ ไม้ 
LOG (lattice-best-path[5.5.0~1494-e5a5]:main():lattice-best-path.cc:99) For utterance M0000000105_0096, best cost 73.9739 + 1757.03 = 1831.01 over 337 frames.
M0000000105_0096 เช่น ลบ เป็น เกวียน ไม้ หนึ่ง 
LOG (lattice-best-path[5.5.0~1494-e5a5]:main():lattice-best-path.cc:99) For utterance M0000000105_0097, best cost 62.1833 + 1555.91 = 1618.1 over 294 frames.
M0000000105_0097 ว่า ส่ง ที่ เข้า ไป น้อย 
LOG (lattice-best-path[5.5.0~1494-e5a5]:main():lattice-best-path.cc:99) For utterance M0000000105_0098, best cost 92.0928 + 2065.36 = 2157.46 over 390 frames.
M0000000105_0098 มาก ส่ง หาย ที่ บาง ด้าน ไม้ รับ 
LOG (lattice-best-path[5.5.0~1494-e5a5]:main():lattice-best-path.cc:99) For utterance M0000000105_0099, best cost 56.2312 + 1435.51 = 1491.74 over 273 frames.
M0000000105_0099 เดียว ลง ไป เอา รับ 
LOG (lattice-best-path[5.5.0~1494-e5a5]:main():lattice-best-path.cc:99) For utterance M0000000105_0100, best cost 72.8498 + 1925.91 = 1998.76 over 361 frames.
M0000000105_0100 เดียว เดิน ไป ออก ที่ เปล่าๆ หนัก 
LOG (lattice-best-path[5.5.0~1494-e5a5]:main():lattice-best-path.cc:99) For utterance M0000000105_0101, best cost 97.0837 + 2923.14 = 3020.22 over 544 frames.
M0000000105_0101 อยู่ สาย จะ ขาด แล้ว อะไร ก่อน อาการ หนึ่ง 
LOG (lattice-best-path[5.5.0~1494-e5a5]:main():lattice-best-path.cc:99) For utterance M0000000107_0000, best cost 15.6278 + 1304.44 = 1320.06 over 210 frames.
M0000000107_0000 
LOG (lattice-best-path[5.5.0~1494-e5a5]:main():lattice-best-path.cc:99) For utterance M0000000107_0001, best cost 34.9344 + 2570.98 = 2605.92 over 423 frames.
M0000000107_0001 เรา 
LOG (lattice-best-path[5.5.0~1494-e5a5]:main():lattice-best-path.cc:99) For utterance M0000000107_0002, best cost 21.628 + 1959.93 = 1981.56 over 325 frames.
M0000000107_0002 
LOG (lattice-best-path[5.5.0~1494-e5a5]:main():lattice-best-path.cc:99) For utterance M0000000107_0003, best cost 30.5575 + 1582.28 = 1612.83 over 276 frames.
M0000000107_0003 ขึ้น เลือด 
LOG (lattice-best-path[5.5.0~1494-e5a5]:main():lattice-best-path.cc:99) For utterance M0000000107_0004, best cost 19.027 + 1553.92 = 1572.95 over 260 frames.
M0000000107_0004 
LOG (lattice-best-path[5.5.0~1494-e5a5]:main():lattice-best-path.cc:99) For utterance M0000000107_0005, best cost 17.5078 + 1465.2 = 1482.71 over 236 frames.
M0000000107_0005 
LOG (lattice-best-path[5.5.0~1494-e5a5]:main():lattice-best-path.cc:99) For utterance M0000000107_0006, best cost 14.0004 + 1112.98 = 1126.98 over 177 frames.
M0000000107_0006 
LOG (lattice-best-path[5.5.0~1494-e5a5]:main():lattice-best-path.cc:99) For utterance M0000000107_0007, best cost 17.1674 + 1268.03 = 1285.2 over 207 frames.
M0000000107_0007 
LOG (lattice-best-path[5.5.0~1494-e5a5]:main():lattice-best-path.cc:99) For utterance M0000000107_0008, best cost 16.423 + 1626.82 = 1643.24 over 266 frames.
M0000000107_0008 
LOG (lattice-best-path[5.5.0~1494-e5a5]:main():lattice-best-path.cc:99) For utterance M0000000107_0009, best cost 16.1654 + 1440.01 = 1456.17 over 239 frames.
M0000000107_0009 
LOG (lattice-best-path[5.5.0~1494-e5a5]:main():lattice-best-path.cc:99) For utterance M0000000107_0010, best cost 15.594 + 1405.18 = 1420.77 over 244 frames.
M0000000107_0010 
LOG (lattice-best-path[5.5.0~1494-e5a5]:main():lattice-best-path.cc:99) For utterance M0000000107_0011, best cost 15.0429 + 1102.28 = 1117.33 over 176 frames.
M0000000107_0011 
LOG (lattice-best-path[5.5.0~1494-e5a5]:main():lattice-best-path.cc:99) For utterance M0000000107_0012, best cost 16.0271 + 1397.27 = 1413.3 over 230 frames.
M0000000107_0012 
LOG (lattice-best-path[5.5.0~1494-e5a5]:main():lattice-best-path.cc:99) For utterance M0000000107_0013, best cost 29.5641 + 2670.39 = 2699.96 over 430 frames.
M0000000107_0013 
LOG (lattice-best-path[5.5.0~1494-e5a5]:main():lattice-best-path.cc:99) For utterance M0000000107_0014, best cost 24.5172 + 1341.06 = 1365.57 over 219 frames.
M0000000107_0014 ที่ 
LOG (lattice-best-path[5.5.0~1494-e5a5]:main():lattice-best-path.cc:99) For utterance M0000000107_0015, best cost 19.0016 + 1381.83 = 1400.83 over 224 frames.
M0000000107_0015 
LOG (lattice-best-path[5.5.0~1494-e5a5]:main():lattice-best-path.cc:99) For utterance M0000000107_0016, best cost 18.0678 + 1688.89 = 1706.95 over 265 frames.
M0000000107_0016 
LOG (lattice-best-path[5.5.0~1494-e5a5]:main():lattice-best-path.cc:99) For utterance M0000000107_0017, best cost 17.2538 + 1317.47 = 1334.73 over 219 frames.
M0000000107_0017 
LOG (lattice-best-path[5.5.0~1494-e5a5]:main():lattice-best-path.cc:99) For utterance M0000000107_0018, best cost 15.6834 + 1214.66 = 1230.34 over 197 frames.
M0000000107_0018 
LOG (lattice-best-path[5.5.0~1494-e5a5]:main():lattice-best-path.cc:99) For utterance M0000000107_0019, best cost 17.7538 + 1548.06 = 1565.81 over 253 frames.
M0000000107_0019 
LOG (lattice-best-path[5.5.0~1494-e5a5]:main():lattice-best-path.cc:99) For utterance M0000000107_0020, best cost 13.9287 + 1123.54 = 1137.47 over 179 frames.
M0000000107_0020 
LOG (lattice-best-path[5.5.0~1494-e5a5]:main():lattice-best-path.cc:99) For utterance M0000000107_0021, best cost 13.8459 + 1076.12 = 1089.97 over 174 frames.
M0000000107_0021 
LOG (lattice-best-path[5.5.0~1494-e5a5]:main():lattice-best-path.cc:99) For utterance M0000000107_0022, best cost 34.0015 + 1641.09 = 1675.09 over 282 frames.
M0000000107_0022 เตรียม ได้ ระยะ 
LOG (lattice-best-path[5.5.0~1494-e5a5]:main():lattice-best-path.cc:99) For utterance M0000000107_0023, best cost 18.1759 + 1782.1 = 1800.28 over 295 frames.
M0000000107_0023 
LOG (lattice-best-path[5.5.0~1494-e5a5]:main():lattice-best-path.cc:99) For utterance M0000000107_0024, best cost 13.9931 + 1143.62 = 1157.62 over 188 frames.
M0000000107_0024 
LOG (lattice-best-path[5.5.0~1494-e5a5]:main():lattice-best-path.cc:99) For utterance M0000000107_0025, best cost 12.0959 + 988.272 = 1000.37 over 159 frames.
M0000000107_0025 
LOG (lattice-best-path[5.5.0~1494-e5a5]:main():lattice-best-path.cc:99) For utterance M0000000107_0026, best cost 17.3188 + 1434.13 = 1451.44 over 233 frames.
M0000000107_0026 
LOG (lattice-best-path[5.5.0~1494-e5a5]:main():lattice-best-path.cc:99) For utterance M0000000107_0027, best cost 19.4918 + 1550.69 = 1570.18 over 259 frames.
M0000000107_0027 
LOG (lattice-best-path[5.5.0~1494-e5a5]:main():lattice-best-path.cc:99) For utterance M0000000107_0028, best cost 16.1925 + 1527.57 = 1543.77 over 249 frames.
M0000000107_0028 
LOG (lattice-best-path[5.5.0~1494-e5a5]:main():lattice-best-path.cc:99) For utterance M0000000107_0029, best cost 28.2422 + 1176.65 = 1204.89 over 202 frames.
M0000000107_0029 จะ สัตว์เลี้ยง 
LOG (lattice-best-path[5.5.0~1494-e5a5]:main():lattice-best-path.cc:99) For utterance M0000000107_0030, best cost 14.6011 + 1430.33 = 1444.93 over 236 frames.
M0000000107_0030 
LOG (lattice-best-path[5.5.0~1494-e5a5]:main():lattice-best-path.cc:99) For utterance M0000000107_0031, best cost 19.1339 + 1421.53 = 1440.67 over 246 frames.
M0000000107_0031 
LOG (lattice-best-path[5.5.0~1494-e5a5]:main():lattice-best-path.cc:99) For utterance M0000000107_0032, best cost 31.5274 + 1754.45 = 1785.98 over 297 frames.
M0000000107_0032 ไถ 
LOG (lattice-best-path[5.5.0~1494-e5a5]:main():lattice-best-path.cc:99) For utterance M0000000107_0033, best cost 14.2832 + 1203.61 = 1217.89 over 209 frames.
M0000000107_0033 
LOG (lattice-best-path[5.5.0~1494-e5a5]:main():lattice-best-path.cc:99) For utterance M0000000107_0034, best cost 15.0952 + 961.513 = 976.609 over 158 frames.
M0000000107_0034 
LOG (lattice-best-path[5.5.0~1494-e5a5]:main():lattice-best-path.cc:99) For utterance M0000000107_0035, best cost 19.3095 + 1030.47 = 1049.78 over 181 frames.
M0000000107_0035 แมลง 
LOG (lattice-best-path[5.5.0~1494-e5a5]:main():lattice-best-path.cc:99) For utterance M0000000107_0036, best cost 34.607 + 1167.48 = 1202.09 over 208 frames.
M0000000107_0036 เพาะเลี้ยง ใน ลง 
LOG (lattice-best-path[5.5.0~1494-e5a5]:main():lattice-best-path.cc:99) For utterance M0000000107_0037, best cost 43.833 + 1321.54 = 1365.37 over 230 frames.
M0000000107_0037 ไม่ เอา แล้ว ทำ 
LOG (lattice-best-path[5.5.0~1494-e5a5]:main():lattice-best-path.cc:99) For utterance M0000000107_0038, best cost 15.3805 + 1095.16 = 1110.54 over 174 frames.
M0000000107_0038 
LOG (lattice-best-path[5.5.0~1494-e5a5]:main():lattice-best-path.cc:99) For utterance M0000000107_0039, best cost 17.4454 + 1383.34 = 1400.78 over 224 frames.
M0000000107_0039 
LOG (lattice-best-path[5.5.0~1494-e5a5]:main():lattice-best-path.cc:99) For utterance M0000000107_0040, best cost 17.7216 + 1523.56 = 1541.29 over 257 frames.
M0000000107_0040 
LOG (lattice-best-path[5.5.0~1494-e5a5]:main():lattice-best-path.cc:99) For utterance M0000000107_0041, best cost 19.4123 + 1616.72 = 1636.13 over 263 frames.
M0000000107_0041 
LOG (lattice-best-path[5.5.0~1494-e5a5]:main():lattice-best-path.cc:99) For utterance M0000000107_0042, best cost 23.114 + 1194.21 = 1217.33 over 201 frames.
M0000000107_0042 ยัง 
LOG (lattice-best-path[5.5.0~1494-e5a5]:main():lattice-best-path.cc:99) For utterance M0000000107_0043, best cost 17.0445 + 1157.5 = 1174.55 over 189 frames.
M0000000107_0043 
LOG (lattice-best-path[5.5.0~1494-e5a5]:main():lattice-best-path.cc:99) For utterance M0000000107_0044, best cost 13.9677 + 1109.36 = 1123.33 over 181 frames.
M0000000107_0044 
LOG (lattice-best-path[5.5.0~1494-e5a5]:main():lattice-best-path.cc:99) For utterance M0000000107_0045, best cost 26.2249 + 1524.31 = 1550.53 over 251 frames.
M0000000107_0045 ไม่ 
LOG (lattice-best-path[5.5.0~1494-e5a5]:main():lattice-best-path.cc:99) For utterance M0000000107_0046, best cost 13.9646 + 1156.66 = 1170.63 over 194 frames.
M0000000107_0046 
LOG (lattice-best-path[5.5.0~1494-e5a5]:main():lattice-best-path.cc:99) For utterance M0000000107_0047, best cost 15.8694 + 1272.81 = 1288.67 over 215 frames.
M0000000107_0047 
LOG (lattice-best-path[5.5.0~1494-e5a5]:main():lattice-best-path.cc:99) For utterance M0000000107_0048, best cost 17.5755 + 1451.39 = 1468.97 over 237 frames.
M0000000107_0048 
LOG (lattice-best-path[5.5.0~1494-e5a5]:main():lattice-best-path.cc:99) For utterance M0000000107_0049, best cost 37.0206 + 991.613 = 1028.63 over 178 frames.
M0000000107_0049 ไม่ อะไร เรื่อย 
LOG (lattice-best-path[5.5.0~1494-e5a5]:main():lattice-best-path.cc:99) For utterance M0000000107_0050, best cost 16.7572 + 1170.22 = 1186.97 over 195 frames.
M0000000107_0050 
LOG (lattice-best-path[5.5.0~1494-e5a5]:main():lattice-best-path.cc:99) For utterance M0000000107_0051, best cost 15.6325 + 1153.62 = 1169.26 over 198 frames.
M0000000107_0051 
LOG (lattice-best-path[5.5.0~1494-e5a5]:main():lattice-best-path.cc:99) For utterance M0000000107_0052, best cost 15.6278 + 1285.53 = 1301.16 over 215 frames.
M0000000107_0052 
LOG (lattice-best-path[5.5.0~1494-e5a5]:main():lattice-best-path.cc:99) For utterance M0000000107_0053, best cost 17.6178 + 1400.55 = 1418.17 over 229 frames.
M0000000107_0053 
LOG (lattice-best-path[5.5.0~1494-e5a5]:main():lattice-best-path.cc:99) For utterance M0000000107_0054, best cost 21.6034 + 973.945 = 995.548 over 161 frames.
M0000000107_0054 ไมครอน 
LOG (lattice-best-path[5.5.0~1494-e5a5]:main():lattice-best-path.cc:99) For utterance M0000000107_0055, best cost 19.1003 + 1140 = 1159.1 over 193 frames.
M0000000107_0055 
LOG (lattice-best-path[5.5.0~1494-e5a5]:main():lattice-best-path.cc:99) For utterance M0000000107_0056, best cost 41.5442 + 2063.76 = 2105.31 over 343 frames.
M0000000107_0056 กลางคืน อะไร 
LOG (lattice-best-path[5.5.0~1494-e5a5]:main():lattice-best-path.cc:99) For utterance M0000000107_0057, best cost 11.7726 + 918.127 = 929.9 over 163 frames.
M0000000107_0057 
LOG (lattice-best-path[5.5.0~1494-e5a5]:main():lattice-best-path.cc:99) For utterance M0000000107_0058, best cost 16.6811 + 1084.66 = 1101.34 over 179 frames.
M0000000107_0058 
LOG (lattice-best-path[5.5.0~1494-e5a5]:main():lattice-best-path.cc:99) For utterance M0000000107_0059, best cost 15.8223 + 1304.06 = 1319.88 over 220 frames.
M0000000107_0059 
LOG (lattice-best-path[5.5.0~1494-e5a5]:main():lattice-best-path.cc:99) For utterance M0000000107_0060, best cost 18.5252 + 1919.2 = 1937.73 over 320 frames.
M0000000107_0060 
LOG (lattice-best-path[5.5.0~1494-e5a5]:main():lattice-best-path.cc:99) For utterance M0000000107_0061, best cost 15.9927 + 1334.78 = 1350.77 over 233 frames.
M0000000107_0061 
LOG (lattice-best-path[5.5.0~1494-e5a5]:main():lattice-best-path.cc:99) For utterance M0000000107_0062, best cost 33.4085 + 1110.75 = 1144.16 over 192 frames.
M0000000107_0062 เตรียม ไม่ 
LOG (lattice-best-path[5.5.0~1494-e5a5]:main():lattice-best-path.cc:99) For utterance M0000000107_0063, best cost 35.5534 + 1298.39 = 1333.94 over 228 frames.
M0000000107_0063 เรียน เรียก 
LOG (lattice-best-path[5.5.0~1494-e5a5]:main():lattice-best-path.cc:99) For utterance M0000000107_0064, best cost 25.9332 + 1024.16 = 1050.09 over 176 frames.
M0000000107_0064 โทรพิมพ์ 
LOG (lattice-best-path[5.5.0~1494-e5a5]:main():lattice-best-path.cc:99) For utterance M0000000107_0065, best cost 15.5386 + 1355.74 = 1371.28 over 216 frames.
M0000000107_0065 
LOG (lattice-best-path[5.5.0~1494-e5a5]:main():lattice-best-path.cc:99) For utterance M0000000107_0066, best cost 17.8661 + 1191.6 = 1209.47 over 192 frames.
M0000000107_0066 เพราะ 
LOG (lattice-best-path[5.5.0~1494-e5a5]:main():lattice-best-path.cc:99) For utterance M0000000107_0067, best cost 17.1206 + 1213.16 = 1230.28 over 201 frames.
M0000000107_0067 
LOG (lattice-best-path[5.5.0~1494-e5a5]:main():lattice-best-path.cc:99) For utterance M0000000107_0068, best cost 19.8343 + 1783.57 = 1803.4 over 298 frames.
M0000000107_0068 
LOG (lattice-best-path[5.5.0~1494-e5a5]:main():lattice-best-path.cc:99) For utterance M0000000107_0069, best cost 18.1741 + 1123.14 = 1141.31 over 185 frames.
M0000000107_0069 
LOG (lattice-best-path[5.5.0~1494-e5a5]:main():lattice-best-path.cc:99) For utterance M0000000107_0070, best cost 16.0223 + 1324.58 = 1340.61 over 228 frames.
M0000000107_0070 
LOG (lattice-best-path[5.5.0~1494-e5a5]:main():lattice-best-path.cc:99) For utterance M0000000107_0071, best cost 17.5651 + 1422.73 = 1440.3 over 229 frames.
M0000000107_0071 
LOG (lattice-best-path[5.5.0~1494-e5a5]:main():lattice-best-path.cc:99) For utterance M0000000107_0072, best cost 36.861 + 1606.01 = 1642.87 over 277 frames.
M0000000107_0072 ผล ที่ และ 
LOG (lattice-best-path[5.5.0~1494-e5a5]:main():lattice-best-path.cc:99) For utterance M0000000107_0073, best cost 19.6364 + 1735.2 = 1754.83 over 284 frames.
M0000000107_0073 
LOG (lattice-best-path[5.5.0~1494-e5a5]:main():lattice-best-path.cc:99) For utterance M0000000107_0074, best cost 15.533 + 1378.96 = 1394.5 over 228 frames.
M0000000107_0074 
LOG (lattice-best-path[5.5.0~1494-e5a5]:main():lattice-best-path.cc:99) For utterance M0000000107_0075, best cost 40.2785 + 1918.06 = 1958.34 over 320 frames.
M0000000107_0075 อยู่ เท่าไร 
LOG (lattice-best-path[5.5.0~1494-e5a5]:main():lattice-best-path.cc:99) For utterance M0000000107_0076, best cost 19.9233 + 1558.1 = 1578.03 over 248 frames.
M0000000107_0076 
LOG (lattice-best-path[5.5.0~1494-e5a5]:main():lattice-best-path.cc:99) For utterance M0000000107_0077, best cost 51.9447 + 1654.8 = 1706.74 over 279 frames.
M0000000107_0077 และ มี การ แห่ง ใน ไม่ 
LOG (lattice-best-path[5.5.0~1494-e5a5]:main():lattice-best-path.cc:99) For utterance M0000000107_0078, best cost 21.2753 + 1786.85 = 1808.12 over 292 frames.
M0000000107_0078 
LOG (lattice-best-path[5.5.0~1494-e5a5]:main():lattice-best-path.cc:99) For utterance M0000000107_0079, best cost 15.5291 + 1173.37 = 1188.9 over 193 frames.
M0000000107_0079 
LOG (lattice-best-path[5.5.0~1494-e5a5]:main():lattice-best-path.cc:99) For utterance M0000000107_0080, best cost 21.5021 + 1896.21 = 1917.71 over 306 frames.
M0000000107_0080 
LOG (lattice-best-path[5.5.0~1494-e5a5]:main():lattice-best-path.cc:99) For utterance M0000000107_0081, best cost 34.9303 + 2102.17 = 2137.1 over 347 frames.
M0000000107_0081 ยัง ได้ 
LOG (lattice-best-path[5.5.0~1494-e5a5]:main():lattice-best-path.cc:99) For utterance M0000000107_0082, best cost 21.8677 + 1990.94 = 2012.81 over 329 frames.
M0000000107_0082 
LOG (lattice-best-path[5.5.0~1494-e5a5]:main():lattice-best-path.cc:99) For utterance M0000000107_0083, best cost 14.3489 + 1319.9 = 1334.25 over 208 frames.
M0000000107_0083 
LOG (lattice-best-path[5.5.0~1494-e5a5]:main():lattice-best-path.cc:99) For utterance M0000000107_0084, best cost 15.8702 + 1300.84 = 1316.71 over 212 frames.
M0000000107_0084 
LOG (lattice-best-path[5.5.0~1494-e5a5]:main():lattice-best-path.cc:99) For utterance M0000000107_0085, best cost 39.2393 + 1364.19 = 1403.43 over 238 frames.
M0000000107_0085 ใช้ อะไร ได้ อีกด้วย 
LOG (lattice-best-path[5.5.0~1494-e5a5]:main():lattice-best-path.cc:99) For utterance M0000000107_0086, best cost 14.0904 + 1432.05 = 1446.14 over 229 frames.
M0000000107_0086 
LOG (lattice-best-path[5.5.0~1494-e5a5]:main():lattice-best-path.cc:99) For utterance M0000000107_0087, best cost 29.4005 + 1306.53 = 1335.93 over 223 frames.
M0000000107_0087 เรียง ใน 
LOG (lattice-best-path[5.5.0~1494-e5a5]:main():lattice-best-path.cc:99) For utterance M0000000107_0088, best cost 44.2196 + 1237.37 = 1281.59 over 206 frames.
M0000000107_0088 ใช้ มี วงจร ที่ ได้ 
LOG (lattice-best-path[5.5.0~1494-e5a5]:main():lattice-best-path.cc:99) For utterance M0000000107_0089, best cost 17.0216 + 1090.64 = 1107.66 over 179 frames.
M0000000107_0089 
LOG (lattice-best-path[5.5.0~1494-e5a5]:main():lattice-best-path.cc:99) For utterance M0000000107_0090, best cost 49.8844 + 1406.07 = 1455.96 over 241 frames.
M0000000107_0090 ทำ ออก อย่างไร รหัส 
LOG (lattice-best-path[5.5.0~1494-e5a5]:main():lattice-best-path.cc:99) For utterance M0000000107_0091, best cost 17.8563 + 1550.79 = 1568.65 over 258 frames.
M0000000107_0091 
LOG (lattice-best-path[5.5.0~1494-e5a5]:main():lattice-best-path.cc:99) For utterance M0000000107_0092, best cost 15.2485 + 1036.32 = 1051.57 over 165 frames.
M0000000107_0092 
LOG (lattice-best-path[5.5.0~1494-e5a5]:main():lattice-best-path.cc:99) For utterance M0000000107_0093, best cost 22.515 + 1246.91 = 1269.43 over 209 frames.
M0000000107_0093 เรา 
LOG (lattice-best-path[5.5.0~1494-e5a5]:main():lattice-best-path.cc:99) For utterance M0000000107_0094, best cost 15.4085 + 1206.38 = 1221.79 over 200 frames.
M0000000107_0094 
LOG (lattice-best-path[5.5.0~1494-e5a5]:main():lattice-best-path.cc:99) For utterance M0000000107_0095, best cost 17.7792 + 1646.74 = 1664.52 over 275 frames.
M0000000107_0095 
LOG (lattice-best-path[5.5.0~1494-e5a5]:main():lattice-best-path.cc:99) For utterance M0000000107_0096, best cost 25.4468 + 1595.28 = 1620.72 over 264 frames.
M0000000107_0096 รูป 
LOG (lattice-best-path[5.5.0~1494-e5a5]:main():lattice-best-path.cc:99) For utterance M0000000107_0097, best cost 17.0584 + 1326.07 = 1343.12 over 214 frames.
M0000000107_0097 
LOG (lattice-best-path[5.5.0~1494-e5a5]:main():lattice-best-path.cc:99) For utterance M0000000107_0098, best cost 18.4882 + 1894.68 = 1913.17 over 316 frames.
M0000000107_0098 
LOG (lattice-best-path[5.5.0~1494-e5a5]:main():lattice-best-path.cc:99) For utterance M0000000107_0099, best cost 15.5877 + 1197.44 = 1213.03 over 184 frames.
M0000000107_0099 
LOG (lattice-best-path[5.5.0~1494-e5a5]:main():lattice-best-path.cc:99) For utterance M0000000107_0100, best cost 30.2618 + 1356.33 = 1386.59 over 219 frames.
M0000000107_0100 เดียว 
LOG (lattice-best-path[5.5.0~1494-e5a5]:main():lattice-best-path.cc:99) For utterance M0000000107_0101, best cost 26.5148 + 2613.69 = 2640.2 over 424 frames.
M0000000107_0101 
LOG (lattice-best-path[5.5.0~1494-e5a5]:main():lattice-best-path.cc:99) For utterance M0000000124_0000, best cost 26.8573 + 1053.66 = 1080.52 over 203 frames.
M0000000124_0000 ที ละ 
LOG (lattice-best-path[5.5.0~1494-e5a5]:main():lattice-best-path.cc:99) For utterance M0000000124_0001, best cost 45.3909 + 1623.26 = 1668.65 over 282 frames.
M0000000124_0001 ที่รัก นั้น ชั้น 
LOG (lattice-best-path[5.5.0~1494-e5a5]:main():lattice-best-path.cc:99) For utterance M0000000124_0002, best cost 30.0742 + 1781.77 = 1811.85 over 321 frames.
M0000000124_0002 การ 
LOG (lattice-best-path[5.5.0~1494-e5a5]:main():lattice-best-path.cc:99) For utterance M0000000124_0003, best cost 22.266 + 1539.2 = 1561.46 over 284 frames.
M0000000124_0003 ขึ้น 
LOG (lattice-best-path[5.5.0~1494-e5a5]:main():lattice-best-path.cc:99) For utterance M0000000124_0004, best cost 19.2796 + 1518.22 = 1537.5 over 267 frames.
M0000000124_0004 
LOG (lattice-best-path[5.5.0~1494-e5a5]:main():lattice-best-path.cc:99) For utterance M0000000124_0005, best cost 26.6988 + 1511.21 = 1537.91 over 269 frames.
M0000000124_0005 การ 
LOG (lattice-best-path[5.5.0~1494-e5a5]:main():lattice-best-path.cc:99) For utterance M0000000124_0006, best cost 22.3237 + 1148.41 = 1170.73 over 204 frames.
M0000000124_0006 หนึ่ง 
LOG (lattice-best-path[5.5.0~1494-e5a5]:main():lattice-best-path.cc:99) For utterance M0000000124_0007, best cost 15.4034 + 1014.34 = 1029.74 over 173 frames.
M0000000124_0007 
LOG (lattice-best-path[5.5.0~1494-e5a5]:main():lattice-best-path.cc:99) For utterance M0000000124_0008, best cost 24.6372 + 1409.82 = 1434.46 over 251 frames.
M0000000124_0008 ทรง 
LOG (lattice-best-path[5.5.0~1494-e5a5]:main():lattice-best-path.cc:99) For utterance M0000000124_0009, best cost 23.0615 + 1148.69 = 1171.75 over 199 frames.
M0000000124_0009 อนึ่ง 
LOG (lattice-best-path[5.5.0~1494-e5a5]:main():lattice-best-path.cc:99) For utterance M0000000124_0010, best cost 23.1349 + 1215.96 = 1239.1 over 227 frames.
M0000000124_0010 ขอ 
LOG (lattice-best-path[5.5.0~1494-e5a5]:main():lattice-best-path.cc:99) For utterance M0000000124_0011, best cost 18.4731 + 1121.53 = 1140 over 199 frames.
M0000000124_0011 มาก 
LOG (lattice-best-path[5.5.0~1494-e5a5]:main():lattice-best-path.cc:99) For utterance M0000000124_0012, best cost 24.0758 + 1645.02 = 1669.09 over 287 frames.
M0000000124_0012 เรือน 
LOG (lattice-best-path[5.5.0~1494-e5a5]:main():lattice-best-path.cc:99) For utterance M0000000124_0013, best cost 39.4926 + 2106.27 = 2145.77 over 371 frames.
M0000000124_0013 ที่ ของ เรือน 
LOG (lattice-best-path[5.5.0~1494-e5a5]:main():lattice-best-path.cc:99) For utterance M0000000124_0014, best cost 28.8286 + 1632.87 = 1661.7 over 302 frames.
M0000000124_0014 แต่ ที่ 
LOG (lattice-best-path[5.5.0~1494-e5a5]:main():lattice-best-path.cc:99) For utterance M0000000124_0015, best cost 30.4378 + 1420.65 = 1451.09 over 264 frames.
M0000000124_0015 แคระแกร็น หนัก 
LOG (lattice-best-path[5.5.0~1494-e5a5]:main():lattice-best-path.cc:99) For utterance M0000000124_0016, best cost 23.826 + 1585.88 = 1609.7 over 278 frames.
M0000000124_0016 เรือน 
LOG (lattice-best-path[5.5.0~1494-e5a5]:main():lattice-best-path.cc:99) For utterance M0000000124_0017, best cost 22.0749 + 1589.14 = 1611.21 over 302 frames.
M0000000124_0017 และ 
LOG (lattice-best-path[5.5.0~1494-e5a5]:main():lattice-best-path.cc:99) For utterance M0000000124_0018, best cost 27.4318 + 1486.92 = 1514.35 over 275 frames.
M0000000124_0018 น้อย 
LOG (lattice-best-path[5.5.0~1494-e5a5]:main():lattice-best-path.cc:99) For utterance M0000000124_0019, best cost 41.6596 + 1173.29 = 1214.95 over 208 frames.
M0000000124_0019 พอ ย้าย โต๊ะ นาน นัก 
LOG (lattice-best-path[5.5.0~1494-e5a5]:main():lattice-best-path.cc:99) For utterance M0000000124_0020, best cost 33.9254 + 1263.28 = 1297.2 over 228 frames.
M0000000124_0020 รูปร่าง ไป ใน 
LOG (lattice-best-path[5.5.0~1494-e5a5]:main():lattice-best-path.cc:99) For utterance M0000000124_0021, best cost 30.4918 + 1176.56 = 1207.05 over 219 frames.
M0000000124_0021 หน้าที่ จาน 
LOG (lattice-best-path[5.5.0~1494-e5a5]:main():lattice-best-path.cc:99) For utterance M0000000124_0022, best cost 35.4079 + 1132.81 = 1168.22 over 207 frames.
M0000000124_0022 พิมพ์ ได้ แม่เหล็ก 
LOG (lattice-best-path[5.5.0~1494-e5a5]:main():lattice-best-path.cc:99) For utterance M0000000124_0023, best cost 23.6185 + 1596.77 = 1620.38 over 284 frames.
M0000000124_0023 ใน 
LOG (lattice-best-path[5.5.0~1494-e5a5]:main():lattice-best-path.cc:99) For utterance M0000000124_0024, best cost 36.1849 + 1548.73 = 1584.91 over 287 frames.
M0000000124_0024 ของ เครื่อง ผู้น้อย 
LOG (lattice-best-path[5.5.0~1494-e5a5]:main():lattice-best-path.cc:99) For utterance M0000000124_0025, best cost 24.0913 + 894.324 = 918.415 over 169 frames.
M0000000124_0025 หมด 
LOG (lattice-best-path[5.5.0~1494-e5a5]:main():lattice-best-path.cc:99) For utterance M0000000124_0026, best cost 34.6695 + 1474.35 = 1509.02 over 274 frames.
M0000000124_0026 มี ที่ ใน 
LOG (lattice-best-path[5.5.0~1494-e5a5]:main():lattice-best-path.cc:99) For utterance M0000000124_0027, best cost 18.5875 + 1290.82 = 1309.41 over 224 frames.
M0000000124_0027 
LOG (lattice-best-path[5.5.0~1494-e5a5]:main():lattice-best-path.cc:99) For utterance M0000000124_0028, best cost 23.5571 + 1393.43 = 1416.99 over 251 frames.
M0000000124_0028 ขาด 
LOG (lattice-best-path[5.5.0~1494-e5a5]:main():lattice-best-path.cc:99) For utterance M0000000124_0029, best cost 21.9949 + 1217.48 = 1239.48 over 221 frames.
M0000000124_0029 อย่าง 
LOG (lattice-best-path[5.5.0~1494-e5a5]:main():lattice-best-path.cc:99) For utterance M0000000124_0030, best cost 24.3804 + 1274.72 = 1299.1 over 236 frames.
M0000000124_0030 บาง 
LOG (lattice-best-path[5.5.0~1494-e5a5]:main():lattice-best-path.cc:99) For utterance M0000000124_0031, best cost 47.4752 + 1188.49 = 1235.96 over 212 frames.
M0000000124_0031 อาหาร สมัย ที่ ตรง 
LOG (lattice-best-path[5.5.0~1494-e5a5]:main():lattice-best-path.cc:99) For utterance M0000000124_0032, best cost 29.5655 + 1429.34 = 1458.9 over 260 frames.
M0000000124_0032 น้ำ ใน 
LOG (lattice-best-path[5.5.0~1494-e5a5]:main():lattice-best-path.cc:99) For utterance M0000000124_0033, best cost 37.0797 + 1036.69 = 1073.77 over 196 frames.
M0000000124_0033 เมื่อ ร้าย เกษตร 
LOG (lattice-best-path[5.5.0~1494-e5a5]:main():lattice-best-path.cc:99) For utterance M0000000124_0034, best cost 31.4487 + 1191.57 = 1223.02 over 230 frames.
M0000000124_0034 เพราะ งาน จำ 
LOG (lattice-best-path[5.5.0~1494-e5a5]:main():lattice-best-path.cc:99) For utterance M0000000124_0035, best cost 20.3505 + 1231.1 = 1251.45 over 230 frames.
M0000000124_0035 แมลง 
LOG (lattice-best-path[5.5.0~1494-e5a5]:main():lattice-best-path.cc:99) For utterance M0000000124_0036, best cost 42.4274 + 1149.16 = 1191.58 over 212 frames.
M0000000124_0036 ขอบ เรียง ใน อยู่ 
LOG (lattice-best-path[5.5.0~1494-e5a5]:main():lattice-best-path.cc:99) For utterance M0000000124_0037, best cost 24.8025 + 1283.07 = 1307.88 over 239 frames.
M0000000124_0037 รับ 
LOG (lattice-best-path[5.5.0~1494-e5a5]:main():lattice-best-path.cc:99) For utterance M0000000124_0038, best cost 13.99 + 1194.07 = 1208.06 over 210 frames.
M0000000124_0038 
LOG (lattice-best-path[5.5.0~1494-e5a5]:main():lattice-best-path.cc:99) For utterance M0000000124_0039, best cost 20.4992 + 1598.32 = 1618.81 over 287 frames.
M0000000124_0039 และ 
LOG (lattice-best-path[5.5.0~1494-e5a5]:main():lattice-best-path.cc:99) For utterance M0000000124_0040, best cost 41.6801 + 1578.2 = 1619.88 over 279 frames.
M0000000124_0040 ใหญ่ ไป ตรวจสอบ ได้ 
LOG (lattice-best-path[5.5.0~1494-e5a5]:main():lattice-best-path.cc:99) For utterance M0000000124_0041, best cost 33.4707 + 1890.76 = 1924.23 over 347 frames.
M0000000124_0041 ก่อนหลัง ใน 
LOG (lattice-best-path[5.5.0~1494-e5a5]:main():lattice-best-path.cc:99) For utterance M0000000124_0042, best cost 16.5228 + 1591 = 1607.53 over 279 frames.
M0000000124_0042 
LOG (lattice-best-path[5.5.0~1494-e5a5]:main():lattice-best-path.cc:99) For utterance M0000000124_0043, best cost 45.597 + 1441.37 = 1486.97 over 275 frames.
M0000000124_0043 ชั้น บน วาง ไม่ 
LOG (lattice-best-path[5.5.0~1494-e5a5]:main():lattice-best-path.cc:99) For utterance M0000000124_0044, best cost 28.0441 + 1287.21 = 1315.25 over 239 frames.
M0000000124_0044 ต่างๆ ด้วย 
LOG (lattice-best-path[5.5.0~1494-e5a5]:main():lattice-best-path.cc:99) For utterance M0000000124_0045, best cost 38.1796 + 1567.13 = 1605.31 over 287 frames.
M0000000124_0045 ระบาย เทคนิค ใน 
LOG (lattice-best-path[5.5.0~1494-e5a5]:main():lattice-best-path.cc:99) For utterance M0000000124_0046, best cost 27.4521 + 1074.3 = 1101.75 over 200 frames.
M0000000124_0046 ที่ ไป 
LOG (lattice-best-path[5.5.0~1494-e5a5]:main():lattice-best-path.cc:99) For utterance M0000000124_0047, best cost 21.8813 + 1635.09 = 1656.97 over 305 frames.
M0000000124_0047 เพราะ 
LOG (lattice-best-path[5.5.0~1494-e5a5]:main():lattice-best-path.cc:99) For utterance M0000000124_0048, best cost 43.2002 + 1467.15 = 1510.35 over 272 frames.
M0000000124_0048 มี รส อะไร ไม่ 
LOG (lattice-best-path[5.5.0~1494-e5a5]:main():lattice-best-path.cc:99) For utterance M0000000124_0049, best cost 26.8095 + 1282.39 = 1309.2 over 239 frames.
M0000000124_0049 ไม่ เรื่อย 
LOG (lattice-best-path[5.5.0~1494-e5a5]:main():lattice-best-path.cc:99) For utterance M0000000124_0050, best cost 39.207 + 1529.93 = 1569.14 over 287 frames.
M0000000124_0050 พระธาตุ เตรียม มาก 
LOG (lattice-best-path[5.5.0~1494-e5a5]:main():lattice-best-path.cc:99) For utterance M0000000124_0051, best cost 27.3733 + 1171.82 = 1199.19 over 215 frames.
M0000000124_0051 ข่าว 
LOG (lattice-best-path[5.5.0~1494-e5a5]:main():lattice-best-path.cc:99) For utterance M0000000124_0052, best cost 43.8964 + 1423.67 = 1467.57 over 269 frames.
M0000000124_0052 เผ็ด เกิน ไป รับ 
LOG (lattice-best-path[5.5.0~1494-e5a5]:main():lattice-best-path.cc:99) For utterance M0000000124_0053, best cost 40.534 + 1536.03 = 1576.56 over 275 frames.
M0000000124_0053 วันนี้ และ รับ 
LOG (lattice-best-path[5.5.0~1494-e5a5]:main():lattice-best-path.cc:99) For utterance M0000000124_0054, best cost 30.2541 + 1325.26 = 1355.52 over 242 frames.
M0000000124_0054 ไว้ ก่อน 
LOG (lattice-best-path[5.5.0~1494-e5a5]:main():lattice-best-path.cc:99) For utterance M0000000124_0055, best cost 24.4128 + 1544.57 = 1568.98 over 284 frames.
M0000000124_0055 น้อย 
LOG (lattice-best-path[5.5.0~1494-e5a5]:main():lattice-best-path.cc:99) For utterance M0000000124_0056, best cost 47.4363 + 2066.42 = 2113.86 over 362 frames.
M0000000124_0056 ทิ้ง ขึ้น ใหม่ 
LOG (lattice-best-path[5.5.0~1494-e5a5]:main():lattice-best-path.cc:99) For utterance M0000000124_0057, best cost 33.6118 + 1519.03 = 1552.64 over 287 frames.
M0000000124_0057 ไม่ ต้อง ไมครอน 
LOG (lattice-best-path[5.5.0~1494-e5a5]:main():lattice-best-path.cc:99) For utterance M0000000124_0058, best cost 29.3499 + 1539.83 = 1569.18 over 284 frames.
M0000000124_0058 แต่ ไม่ 
LOG (lattice-best-path[5.5.0~1494-e5a5]:main():lattice-best-path.cc:99) For utterance M0000000124_0059, best cost 26.3667 + 1669.72 = 1696.09 over 299 frames.
M0000000124_0059 ไถ 
LOG (lattice-best-path[5.5.0~1494-e5a5]:main():lattice-best-path.cc:99) For utterance M0000000124_0060, best cost 27.075 + 1682.26 = 1709.33 over 291 frames.
M0000000124_0060 มากมาย 
LOG (lattice-best-path[5.5.0~1494-e5a5]:main():lattice-best-path.cc:99) For utterance M0000000124_0061, best cost 26.7696 + 1517.08 = 1543.85 over 281 frames.
M0000000124_0061 รับ 
LOG (lattice-best-path[5.5.0~1494-e5a5]:main():lattice-best-path.cc:99) For utterance M0000000124_0062, best cost 37.2312 + 1382.4 = 1419.63 over 252 frames.
M0000000124_0062 มี ร้องเพลง ไม่ 
LOG (lattice-best-path[5.5.0~1494-e5a5]:main():lattice-best-path.cc:99) For utterance M0000000124_0063, best cost 56.0962 + 1578.64 = 1634.74 over 296 frames.
M0000000124_0063 ไม่ หนู นี้ อะไร ไม่ 
LOG (lattice-best-path[5.5.0~1494-e5a5]:main():lattice-best-path.cc:99) For utterance M0000000124_0064, best cost 35.7145 + 1606.76 = 1642.47 over 267 frames.
M0000000124_0064 ไถ ที่สุด 
LOG (lattice-best-path[5.5.0~1494-e5a5]:main():lattice-best-path.cc:99) For utterance M0000000124_0065, best cost 53.0644 + 1637.86 = 1690.92 over 294 frames.
M0000000124_0065 พอ ที่ ชุบ เริ่ม น้อย 
LOG (lattice-best-path[5.5.0~1494-e5a5]:main():lattice-best-path.cc:99) For utterance M0000000124_0066, best cost 43.4071 + 1422.58 = 1465.99 over 260 frames.
M0000000124_0066 อาเจียน หมด ขลับ 
LOG (lattice-best-path[5.5.0~1494-e5a5]:main():lattice-best-path.cc:99) For utterance M0000000124_0067, best cost 46.6683 + 1614.84 = 1661.51 over 285 frames.
M0000000124_0067 ไถ พอ มี อนึ่ง 
LOG (lattice-best-path[5.5.0~1494-e5a5]:main():lattice-best-path.cc:99) For utterance M0000000124_0068, best cost 27.9822 + 1758.12 = 1786.1 over 318 frames.
M0000000124_0068 ต้องการ 
LOG (lattice-best-path[5.5.0~1494-e5a5]:main():lattice-best-path.cc:99) For utterance M0000000124_0069, best cost 64.5864 + 1679.88 = 1744.47 over 302 frames.
M0000000124_0069 มี ที่ หลัง เมื่อ ไม่ ไถ 
LOG (lattice-best-path[5.5.0~1494-e5a5]:main():lattice-best-path.cc:99) For utterance M0000000124_0070, best cost 44.569 + 1492.12 = 1536.68 over 278 frames.
M0000000124_0070 พอ มี หนู รังสี 
LOG (lattice-best-path[5.5.0~1494-e5a5]:main():lattice-best-path.cc:99) For utterance M0000000124_0071, best cost 45.4939 + 1519.73 = 1565.23 over 278 frames.
M0000000124_0071 การ นี้ มี ข้อดี ใน 
LOG (lattice-best-path[5.5.0~1494-e5a5]:main():lattice-best-path.cc:99) For utterance M0000000124_0072, best cost 54.9044 + 1332.01 = 1386.91 over 236 frames.
M0000000124_0072 ควร ที่ ไม่ ที่ น้อย ไม่ 
LOG (lattice-best-path[5.5.0~1494-e5a5]:main():lattice-best-path.cc:99) For utterance M0000000124_0073, best cost 41.8094 + 2231.96 = 2273.77 over 398 frames.
M0000000124_0073 หา อาหาร นั้น 
LOG (lattice-best-path[5.5.0~1494-e5a5]:main():lattice-best-path.cc:99) For utterance M0000000124_0074, best cost 24.4311 + 1470.07 = 1494.5 over 273 frames.
M0000000124_0074 ไม่ 
LOG (lattice-best-path[5.5.0~1494-e5a5]:main():lattice-best-path.cc:99) For utterance M0000000124_0075, best cost 51.9417 + 1869.1 = 1921.04 over 330 frames.
M0000000124_0075 จาก สมการ อยู่ เท่าไร 
LOG (lattice-best-path[5.5.0~1494-e5a5]:main():lattice-best-path.cc:99) For utterance M0000000124_0076, best cost 52.9654 + 1887.78 = 1940.75 over 353 frames.
M0000000124_0076 ยัง ไม่ เตรียม อาหาร ไม่ 
LOG (lattice-best-path[5.5.0~1494-e5a5]:main():lattice-best-path.cc:99) For utterance M0000000124_0077, best cost 50.9851 + 1916.57 = 1967.56 over 344 frames.
M0000000124_0077 ไม่ มี ต่างๆ ไม่ 
LOG (lattice-best-path[5.5.0~1494-e5a5]:main():lattice-best-path.cc:99) For utterance M0000000124_0078, best cost 43.9049 + 2034.26 = 2078.17 over 350 frames.
M0000000124_0078 ยาก เท่าไร 
LOG (lattice-best-path[5.5.0~1494-e5a5]:main():lattice-best-path.cc:99) For utterance M0000000124_0079, best cost 33.2235 + 1365.97 = 1399.2 over 252 frames.
M0000000124_0079 เกรียงชัย ไม่ 
LOG (lattice-best-path[5.5.0~1494-e5a5]:main():lattice-best-path.cc:99) For utterance M0000000124_0080, best cost 70.9366 + 2114.31 = 2185.25 over 374 frames.
M0000000124_0080 ยา เปิด สาขา บาง ต้อง ทำ ใน 
LOG (lattice-best-path[5.5.0~1494-e5a5]:main():lattice-best-path.cc:99) For utterance M0000000124_0081, best cost 43.4815 + 2252.76 = 2296.24 over 404 frames.
M0000000124_0081 ยัง ได้ ขณะนี้ 
LOG (lattice-best-path[5.5.0~1494-e5a5]:main():lattice-best-path.cc:99) For utterance M0000000124_0082, best cost 75.8399 + 2088.32 = 2164.16 over 368 frames.
M0000000124_0082 นั้น จะ ไป เพื่อ การ ตรง สี แยก บัตร 
LOG (lattice-best-path[5.5.0~1494-e5a5]:main():lattice-best-path.cc:99) For utterance M0000000124_0083, best cost 58.4789 + 1566.94 = 1625.41 over 275 frames.
M0000000124_0083 ไถ ด้วย เที่ยว ข่าย ที่ ไม่ 
LOG (lattice-best-path[5.5.0~1494-e5a5]:main():lattice-best-path.cc:99) For utterance M0000000124_0084, best cost 40.8011 + 1742.92 = 1783.72 over 312 frames.
M0000000124_0084 ที่ เป็น ใน บาง 
LOG (lattice-best-path[5.5.0~1494-e5a5]:main():lattice-best-path.cc:99) For utterance M0000000124_0085, best cost 39.0849 + 1878.97 = 1918.06 over 344 frames.
M0000000124_0085 ได้ ที่ ไม่ 
LOG (lattice-best-path[5.5.0~1494-e5a5]:main():lattice-best-path.cc:99) For utterance M0000000124_0086, best cost 60.7002 + 1492.19 = 1552.89 over 269 frames.
M0000000124_0086 มา หนึ่ง ขาด ระยะ เปล่า 
LOG (lattice-best-path[5.5.0~1494-e5a5]:main():lattice-best-path.cc:99) For utterance M0000000124_0087, best cost 47.1854 + 1566.75 = 1613.94 over 284 frames.
M0000000124_0087 เปลี่ยน อายุ ได้ ไม่ 
LOG (lattice-best-path[5.5.0~1494-e5a5]:main():lattice-best-path.cc:99) For utterance M0000000124_0088, best cost 52.1919 + 1815.65 = 1867.85 over 332 frames.
M0000000124_0088 ใช้ หนูจิ๊ด จาก ที่ ใน 
LOG (lattice-best-path[5.5.0~1494-e5a5]:main():lattice-best-path.cc:99) For utterance M0000000124_0089, best cost 56.1375 + 1776.61 = 1832.75 over 329 frames.
M0000000124_0089 ต้อง สร้าง น้ำตาล ที่ ชง 
LOG (lattice-best-path[5.5.0~1494-e5a5]:main():lattice-best-path.cc:99) For utterance M0000000124_0090, best cost 48.0479 + 1808.89 = 1856.93 over 318 frames.
M0000000124_0090 ทำมุม กระบืองาน หรือ สอบ 
LOG (lattice-best-path[5.5.0~1494-e5a5]:main():lattice-best-path.cc:99) For utterance M0000000124_0091, best cost 51.1126 + 1599.68 = 1650.8 over 291 frames.
M0000000124_0091 สาย ตรง ชุด เรา 
LOG (lattice-best-path[5.5.0~1494-e5a5]:main():lattice-best-path.cc:99) For utterance M0000000124_0092, best cost 45.5441 + 1386.87 = 1432.42 over 257 frames.
M0000000124_0092 ใส่ หนู หรือ กล่าว 
LOG (lattice-best-path[5.5.0~1494-e5a5]:main():lattice-best-path.cc:99) For utterance M0000000124_0093, best cost 25.9343 + 1407.05 = 1432.99 over 251 frames.
M0000000124_0093 หนึ่ง 
LOG (lattice-best-path[5.5.0~1494-e5a5]:main():lattice-best-path.cc:99) For utterance M0000000124_0094, best cost 48.924 + 1541.38 = 1590.31 over 279 frames.
M0000000124_0094 กล้วย ทั้งหมด จาก หนึ่ง 
LOG (lattice-best-path[5.5.0~1494-e5a5]:main():lattice-best-path.cc:99) For utterance M0000000124_0095, best cost 69.0058 + 1766.92 = 1835.93 over 327 frames.
M0000000124_0095 ทำ ทั่ว หลอดไฟ หวาน ได้ ไม่ 
LOG (lattice-best-path[5.5.0~1494-e5a5]:main():lattice-best-path.cc:99) For utterance M0000000124_0096, best cost 37.9606 + 1592.9 = 1630.86 over 279 frames.
M0000000124_0096 รูป ที่ หมายถึง 
LOG (lattice-best-path[5.5.0~1494-e5a5]:main():lattice-best-path.cc:99) For utterance M0000000124_0097, best cost 35.8678 + 1827.81 = 1863.67 over 330 frames.
M0000000124_0097 ให้ น้อย 
LOG (lattice-best-path[5.5.0~1494-e5a5]:main():lattice-best-path.cc:99) For utterance M0000000124_0098, best cost 69.8477 + 1875.93 = 1945.77 over 338 frames.
M0000000124_0098 มา ส่ง ให้ ที่ บาง ได้ ไมครอน 
LOG (lattice-best-path[5.5.0~1494-e5a5]:main():lattice-best-path.cc:99) For utterance M0000000124_0099, best cost 42.2697 + 1460.89 = 1503.15 over 260 frames.
M0000000124_0099 เดียว ลง ไป ออก รวง 
LOG (lattice-best-path[5.5.0~1494-e5a5]:main():lattice-best-path.cc:99) For utterance M0000000124_0100, best cost 55.8994 + 1785.67 = 1841.57 over 327 frames.
M0000000124_0100 เดียว เดิน ที่ ระงับ 
LOG (lattice-best-path[5.5.0~1494-e5a5]:main():lattice-best-path.cc:99) For utterance M0000000124_0101, best cost 90.9305 + 2245.94 = 2336.87 over 398 frames.
M0000000124_0101 อยู่ ใส่ จะ ขาด เหลว อะไร กลับกลาย ใจ หนึ่ง 
LOG (lattice-best-path[5.5.0~1494-e5a5]:main():lattice-best-path.cc:99) For utterance M0000000131_0000, best cost 29.5207 + 1883.42 = 1912.94 over 338 frames.
M0000000131_0000 กงล้อ ที่ 
LOG (lattice-best-path[5.5.0~1494-e5a5]:main():lattice-best-path.cc:99) For utterance M0000000131_0001, best cost 35.474 + 2893.01 = 2928.49 over 491 frames.
M0000000131_0001 ควร 
LOG (lattice-best-path[5.5.0~1494-e5a5]:main():lattice-best-path.cc:99) For utterance M0000000131_0002, best cost 28.5309 + 2796 = 2824.53 over 464 frames.
M0000000131_0002 
LOG (lattice-best-path[5.5.0~1494-e5a5]:main():lattice-best-path.cc:99) For utterance M0000000131_0003, best cost 40.3097 + 2011.45 = 2051.75 over 328 frames.
M0000000131_0003 ไถ ข่าว 
LOG (lattice-best-path[5.5.0~1494-e5a5]:main():lattice-best-path.cc:99) For utterance M0000000131_0004, best cost 41.5737 + 2194.41 = 2235.99 over 384 frames.
M0000000131_0004 เขา การ 
LOG (lattice-best-path[5.5.0~1494-e5a5]:main():lattice-best-path.cc:99) For utterance M0000000131_0005, best cost 46.2066 + 2322.32 = 2368.53 over 396 frames.
M0000000131_0005 เอา พวก 
LOG (lattice-best-path[5.5.0~1494-e5a5]:main():lattice-best-path.cc:99) For utterance M0000000131_0006, best cost 42.5393 + 1843.49 = 1886.03 over 332 frames.
M0000000131_0006 คง ควร เรือน 
LOG (lattice-best-path[5.5.0~1494-e5a5]:main():lattice-best-path.cc:99) For utterance M0000000131_0007, best cost 28.9273 + 1592.99 = 1621.92 over 284 frames.
M0000000131_0007 การ อ่าน 
LOG (lattice-best-path[5.5.0~1494-e5a5]:main():lattice-best-path.cc:99) For utterance M0000000131_0008, best cost 25.8681 + 1676.07 = 1701.93 over 284 frames.
M0000000131_0008 กรง 
LOG (lattice-best-path[5.5.0~1494-e5a5]:main():lattice-best-path.cc:99) For utterance M0000000131_0009, best cost 14.8615 + 1566.53 = 1581.4 over 270 frames.
M0000000131_0009 
LOG (lattice-best-path[5.5.0~1494-e5a5]:main():lattice-best-path.cc:99) For utterance M0000000131_0010, best cost 16.27 + 1613.74 = 1630.01 over 287 frames.
M0000000131_0010 
LOG (lattice-best-path[5.5.0~1494-e5a5]:main():lattice-best-path.cc:99) For utterance M0000000131_0011, best cost 18.573 + 1244.91 = 1263.49 over 210 frames.
M0000000131_0011 
LOG (lattice-best-path[5.5.0~1494-e5a5]:main():lattice-best-path.cc:99) For utterance M0000000131_0012, best cost 16.8231 + 1214.16 = 1230.99 over 200 frames.
M0000000131_0012 
LOG (lattice-best-path[5.5.0~1494-e5a5]:main():lattice-best-path.cc:99) For utterance M0000000131_0013, best cost 17.6563 + 1647.14 = 1664.79 over 250 frames.
M0000000131_0013 
LOG (lattice-best-path[5.5.0~1494-e5a5]:main():lattice-best-path.cc:99) For utterance M0000000131_0014, best cost 42.5092 + 1427.78 = 1470.29 over 238 frames.
M0000000131_0014 ไถ ไถ ที่ 
LOG (lattice-best-path[5.5.0~1494-e5a5]:main():lattice-best-path.cc:99) For utterance M0000000131_0015, best cost 16.8252 + 1216.47 = 1233.29 over 195 frames.
M0000000131_0015 
LOG (lattice-best-path[5.5.0~1494-e5a5]:main():lattice-best-path.cc:99) For utterance M0000000131_0016, best cost 15.3529 + 1241.07 = 1256.42 over 195 frames.
M0000000131_0016 
LOG (lattice-best-path[5.5.0~1494-e5a5]:main():lattice-best-path.cc:99) For utterance M0000000131_0017, best cost 16.7293 + 1172.53 = 1189.26 over 190 frames.
M0000000131_0017 
LOG (lattice-best-path[5.5.0~1494-e5a5]:main():lattice-best-path.cc:99) For utterance M0000000131_0018, best cost 17.1269 + 1193.4 = 1210.53 over 188 frames.
M0000000131_0018 
LOG (lattice-best-path[5.5.0~1494-e5a5]:main():lattice-best-path.cc:99) For utterance M0000000131_0019, best cost 20.2613 + 1133.58 = 1153.84 over 181 frames.
M0000000131_0019 
LOG (lattice-best-path[5.5.0~1494-e5a5]:main():lattice-best-path.cc:99) For utterance M0000000131_0020, best cost 14.9265 + 1067.7 = 1082.63 over 166 frames.
M0000000131_0020 
LOG (lattice-best-path[5.5.0~1494-e5a5]:main():lattice-best-path.cc:99) For utterance M0000000131_0021, best cost 28.14 + 1073.07 = 1101.21 over 174 frames.
M0000000131_0021 ไถ ได้ 
LOG (lattice-best-path[5.5.0~1494-e5a5]:main():lattice-best-path.cc:99) For utterance M0000000131_0022, best cost 13.578 + 1177.29 = 1190.87 over 193 frames.
M0000000131_0022 
LOG (lattice-best-path[5.5.0~1494-e5a5]:main():lattice-best-path.cc:99) For utterance M0000000131_0023, best cost 17.7087 + 1641.89 = 1659.6 over 257 frames.
M0000000131_0023 
LOG (lattice-best-path[5.5.0~1494-e5a5]:main():lattice-best-path.cc:99) For utterance M0000000131_0024, best cost 16.7448 + 1188.56 = 1205.31 over 190 frames.
M0000000131_0024 
LOG (lattice-best-path[5.5.0~1494-e5a5]:main():lattice-best-path.cc:99) For utterance M0000000131_0025, best cost 13.1124 + 831.811 = 844.923 over 132 frames.
M0000000131_0025 
LOG (lattice-best-path[5.5.0~1494-e5a5]:main():lattice-best-path.cc:99) For utterance M0000000131_0026, best cost 15.5479 + 1499.16 = 1514.71 over 223 frames.
M0000000131_0026 
LOG (lattice-best-path[5.5.0~1494-e5a5]:main():lattice-best-path.cc:99) For utterance M0000000131_0027, best cost 18.0707 + 1910.8 = 1928.87 over 306 frames.
M0000000131_0027 
LOG (lattice-best-path[5.5.0~1494-e5a5]:main():lattice-best-path.cc:99) For utterance M0000000131_0028, best cost 15.3151 + 1193.36 = 1208.67 over 186 frames.
M0000000131_0028 
LOG (lattice-best-path[5.5.0~1494-e5a5]:main():lattice-best-path.cc:99) For utterance M0000000131_0029, best cost 13.1567 + 931.016 = 944.172 over 152 frames.
M0000000131_0029 
LOG (lattice-best-path[5.5.0~1494-e5a5]:main():lattice-best-path.cc:99) For utterance M0000000131_0030, best cost 37.1683 + 1349.6 = 1386.76 over 224 frames.
M0000000131_0030 ไถ ไถ 
LOG (lattice-best-path[5.5.0~1494-e5a5]:main():lattice-best-path.cc:99) For utterance M0000000131_0031, best cost 14.8444 + 1051.47 = 1066.32 over 165 frames.
M0000000131_0031 
LOG (lattice-best-path[5.5.0~1494-e5a5]:main():lattice-best-path.cc:99) For utterance M0000000131_0032, best cost 15.1029 + 1163.88 = 1178.98 over 195 frames.
M0000000131_0032 
LOG (lattice-best-path[5.5.0~1494-e5a5]:main():lattice-best-path.cc:99) For utterance M0000000131_0033, best cost 11.6884 + 902.648 = 914.336 over 145 frames.
M0000000131_0033 
LOG (lattice-best-path[5.5.0~1494-e5a5]:main():lattice-best-path.cc:99) For utterance M0000000131_0034, best cost 17.4551 + 1293.45 = 1310.9 over 227 frames.
M0000000131_0034 
LOG (lattice-best-path[5.5.0~1494-e5a5]:main():lattice-best-path.cc:99) For utterance M0000000131_0035, best cost 24.6449 + 868.485 = 893.13 over 140 frames.
M0000000131_0035 ที่ แล้ว 
LOG (lattice-best-path[5.5.0~1494-e5a5]:main():lattice-best-path.cc:99) For utterance M0000000131_0036, best cost 18.1449 + 1118.21 = 1136.35 over 178 frames.
M0000000131_0036 
LOG (lattice-best-path[5.5.0~1494-e5a5]:main():lattice-best-path.cc:99) For utterance M0000000131_0037, best cost 16.208 + 885.546 = 901.754 over 144 frames.
M0000000131_0037 
LOG (lattice-best-path[5.5.0~1494-e5a5]:main():lattice-best-path.cc:99) For utterance M0000000131_0038, best cost 36.8351 + 1707.65 = 1744.48 over 279 frames.
M0000000131_0038 ไถ ไถ 
LOG (lattice-best-path[5.5.0~1494-e5a5]:main():lattice-best-path.cc:99) For utterance M0000000131_0039, best cost 16.7731 + 1223.47 = 1240.24 over 197 frames.
M0000000131_0039 
LOG (lattice-best-path[5.5.0~1494-e5a5]:main():lattice-best-path.cc:99) For utterance M0000000131_0040, best cost 16.7224 + 1209.14 = 1225.86 over 197 frames.
M0000000131_0040 
LOG (lattice-best-path[5.5.0~1494-e5a5]:main():lattice-best-path.cc:99) For utterance M0000000131_0041, best cost 18.5334 + 1371.91 = 1390.44 over 217 frames.
M0000000131_0041 
LOG (lattice-best-path[5.5.0~1494-e5a5]:main():lattice-best-path.cc:99) For utterance M0000000131_0042, best cost 15.136 + 1192.62 = 1207.76 over 194 frames.
M0000000131_0042 
LOG (lattice-best-path[5.5.0~1494-e5a5]:main():lattice-best-path.cc:99) For utterance M0000000131_0043, best cost 13.7067 + 1219.26 = 1232.97 over 203 frames.
M0000000131_0043 
LOG (lattice-best-path[5.5.0~1494-e5a5]:main():lattice-best-path.cc:99) For utterance M0000000131_0044, best cost 22.776 + 958.425 = 981.201 over 151 frames.
M0000000131_0044 ด้วย 
LOG (lattice-best-path[5.5.0~1494-e5a5]:main():lattice-best-path.cc:99) For utterance M0000000131_0045, best cost 13.612 + 1149.67 = 1163.28 over 185 frames.
M0000000131_0045 
LOG (lattice-best-path[5.5.0~1494-e5a5]:main():lattice-best-path.cc:99) For utterance M0000000131_0046, best cost 14.5848 + 866.537 = 881.121 over 145 frames.
M0000000131_0046 
LOG (lattice-best-path[5.5.0~1494-e5a5]:main():lattice-best-path.cc:99) For utterance M0000000131_0047, best cost 18.6496 + 1124.4 = 1143.05 over 180 frames.
M0000000131_0047 
LOG (lattice-best-path[5.5.0~1494-e5a5]:main():lattice-best-path.cc:99) For utterance M0000000131_0048, best cost 15.5554 + 1375.1 = 1390.66 over 220 frames.
M0000000131_0048 
LOG (lattice-best-path[5.5.0~1494-e5a5]:main():lattice-best-path.cc:99) For utterance M0000000131_0049, best cost 16.6006 + 1170.92 = 1187.52 over 198 frames.
M0000000131_0049 
LOG (lattice-best-path[5.5.0~1494-e5a5]:main():lattice-best-path.cc:99) For utterance M0000000131_0050, best cost 16.7622 + 1292.6 = 1309.37 over 210 frames.
M0000000131_0050 
LOG (lattice-best-path[5.5.0~1494-e5a5]:main():lattice-best-path.cc:99) For utterance M0000000131_0051, best cost 15.1275 + 1127.27 = 1142.39 over 183 frames.
M0000000131_0051 
LOG (lattice-best-path[5.5.0~1494-e5a5]:main():lattice-best-path.cc:99) For utterance M0000000131_0052, best cost 16.425 + 998.605 = 1015.03 over 161 frames.
M0000000131_0052 
LOG (lattice-best-path[5.5.0~1494-e5a5]:main():lattice-best-path.cc:99) For utterance M0000000131_0053, best cost 16.7142 + 1120.31 = 1137.02 over 177 frames.
M0000000131_0053 
LOG (lattice-best-path[5.5.0~1494-e5a5]:main():lattice-best-path.cc:99) For utterance M0000000131_0054, best cost 33.9769 + 1243.63 = 1277.61 over 205 frames.
M0000000131_0054 ไถ ไถ 
LOG (lattice-best-path[5.5.0~1494-e5a5]:main():lattice-best-path.cc:99) For utterance M0000000131_0055, best cost 14.9867 + 1104.26 = 1119.25 over 185 frames.
M0000000131_0055 
LOG (lattice-best-path[5.5.0~1494-e5a5]:main():lattice-best-path.cc:99) For utterance M0000000131_0056, best cost 16.313 + 1787.41 = 1803.72 over 278 frames.
M0000000131_0056 
LOG (lattice-best-path[5.5.0~1494-e5a5]:main():lattice-best-path.cc:99) For utterance M0000000131_0057, best cost 14.3528 + 715.573 = 729.926 over 120 frames.
M0000000131_0057 
LOG (lattice-best-path[5.5.0~1494-e5a5]:main():lattice-best-path.cc:99) For utterance M0000000131_0058, best cost 15.3884 + 1233.07 = 1248.46 over 212 frames.
M0000000131_0058 
LOG (lattice-best-path[5.5.0~1494-e5a5]:main():lattice-best-path.cc:99) For utterance M0000000131_0059, best cost 35.9093 + 1503.19 = 1539.1 over 251 frames.
M0000000131_0059 ไถ ไถ 
LOG (lattice-best-path[5.5.0~1494-e5a5]:main():lattice-best-path.cc:99) For utterance M0000000131_0060, best cost 15.2812 + 1243 = 1258.28 over 197 frames.
M0000000131_0060 
LOG (lattice-best-path[5.5.0~1494-e5a5]:main():lattice-best-path.cc:99) For utterance M0000000131_0061, best cost 14.776 + 938.555 = 953.331 over 148 frames.
M0000000131_0061 
LOG (lattice-best-path[5.5.0~1494-e5a5]:main():lattice-best-path.cc:99) For utterance M0000000131_0062, best cost 14.9951 + 1114.96 = 1129.95 over 177 frames.
M0000000131_0062 
LOG (lattice-best-path[5.5.0~1494-e5a5]:main():lattice-best-path.cc:99) For utterance M0000000131_0063, best cost 13.5414 + 1129.18 = 1142.72 over 183 frames.
M0000000131_0063 
LOG (lattice-best-path[5.5.0~1494-e5a5]:main():lattice-best-path.cc:99) For utterance M0000000131_0064, best cost 13.5785 + 1126.3 = 1139.88 over 181 frames.
M0000000131_0064 
LOG (lattice-best-path[5.5.0~1494-e5a5]:main():lattice-best-path.cc:99) For utterance M0000000131_0065, best cost 13.7292 + 1236.02 = 1249.75 over 193 frames.
M0000000131_0065 
LOG (lattice-best-path[5.5.0~1494-e5a5]:main():lattice-best-path.cc:99) For utterance M0000000131_0066, best cost 32.4966 + 1265.16 = 1297.65 over 210 frames.
M0000000131_0066 ไถ ไถ 
LOG (lattice-best-path[5.5.0~1494-e5a5]:main():lattice-best-path.cc:99) For utterance M0000000131_0067, best cost 24.014 + 663.483 = 687.497 over 106 frames.
M0000000131_0067 ของ เอาเอง 
LOG (lattice-best-path[5.5.0~1494-e5a5]:main():lattice-best-path.cc:99) For utterance M0000000131_0068, best cost 17.1363 + 1115.04 = 1132.17 over 177 frames.
M0000000131_0068 
LOG (lattice-best-path[5.5.0~1494-e5a5]:main():lattice-best-path.cc:99) For utterance M0000000131_0069, best cost 15.6192 + 1158.06 = 1173.68 over 188 frames.
M0000000131_0069 
LOG (lattice-best-path[5.5.0~1494-e5a5]:main():lattice-best-path.cc:99) For utterance M0000000131_0070, best cost 12.4765 + 877.688 = 890.165 over 140 frames.
M0000000131_0070 
LOG (lattice-best-path[5.5.0~1494-e5a5]:main():lattice-best-path.cc:99) For utterance M0000000131_0071, best cost 16.0065 + 1187.3 = 1203.31 over 181 frames.
M0000000131_0071 
LOG (lattice-best-path[5.5.0~1494-e5a5]:main():lattice-best-path.cc:99) For utterance M0000000131_0072, best cost 15.9701 + 1195.41 = 1211.38 over 185 frames.
M0000000131_0072 
LOG (lattice-best-path[5.5.0~1494-e5a5]:main():lattice-best-path.cc:99) For utterance M0000000131_0073, best cost 18.3393 + 1241.93 = 1260.27 over 198 frames.
M0000000131_0073 
LOG (lattice-best-path[5.5.0~1494-e5a5]:main():lattice-best-path.cc:99) For utterance M0000000131_0074, best cost 13.3638 + 1020.23 = 1033.59 over 162 frames.
M0000000131_0074 
LOG (lattice-best-path[5.5.0~1494-e5a5]:main():lattice-best-path.cc:99) For utterance M0000000131_0075, best cost 15.7859 + 1521.29 = 1537.07 over 235 frames.
M0000000131_0075 
LOG (lattice-best-path[5.5.0~1494-e5a5]:main():lattice-best-path.cc:99) For utterance M0000000131_0076, best cost 16.6166 + 1171.15 = 1187.77 over 177 frames.
M0000000131_0076 
LOG (lattice-best-path[5.5.0~1494-e5a5]:main():lattice-best-path.cc:99) For utterance M0000000131_0077, best cost 18.5544 + 1324.08 = 1342.63 over 208 frames.
M0000000131_0077 
LOG (lattice-best-path[5.5.0~1494-e5a5]:main():lattice-best-path.cc:99) For utterance M0000000131_0078, best cost 18.2909 + 1260.2 = 1278.49 over 193 frames.
M0000000131_0078 
LOG (lattice-best-path[5.5.0~1494-e5a5]:main():lattice-best-path.cc:99) For utterance M0000000131_0079, best cost 18.0024 + 1034.27 = 1052.27 over 166 frames.
M0000000131_0079 
LOG (lattice-best-path[5.5.0~1494-e5a5]:main():lattice-best-path.cc:99) For utterance M0000000131_0080, best cost 19.6505 + 1667.16 = 1686.81 over 278 frames.
M0000000131_0080 
LOG (lattice-best-path[5.5.0~1494-e5a5]:main():lattice-best-path.cc:99) For utterance M0000000131_0081, best cost 20.6735 + 1718.88 = 1739.55 over 267 frames.
M0000000131_0081 
LOG (lattice-best-path[5.5.0~1494-e5a5]:main():lattice-best-path.cc:99) For utterance M0000000131_0082, best cost 19.1581 + 1637.72 = 1656.88 over 250 frames.
LOG (lattice-scale[5.5.0~1494-e5a5]:main():lattice-scale.cc:107) Done 510 lattices.
M0000000131_0082 
LOG (lattice-best-path[5.5.0~1494-e5a5]:main():lattice-best-path.cc:99) For utterance M0000000131_0083, best cost 13.4179 + 1096.94 = 1110.35 over 168 frames.
M0000000131_0083 
LOG (lattice-best-path[5.5.0~1494-e5a5]:main():lattice-best-path.cc:99) For utterance M0000000131_0084, best cost 16.858 + 1243.63 = 1260.49 over 200 frames.
M0000000131_0084 
LOG (lattice-best-path[5.5.0~1494-e5a5]:main():lattice-best-path.cc:99) For utterance M0000000131_0085, best cost 18.3178 + 1296.21 = 1314.52 over 203 frames.
M0000000131_0085 
LOG (lattice-best-path[5.5.0~1494-e5a5]:main():lattice-best-path.cc:99) For utterance M0000000131_0086, best cost 16.56 + 1098.29 = 1114.85 over 170 frames.
M0000000131_0086 
LOG (lattice-best-path[5.5.0~1494-e5a5]:main():lattice-best-path.cc:99) For utterance M0000000131_0087, best cost 17.9782 + 1053.69 = 1071.66 over 164 frames.
M0000000131_0087 
LOG (lattice-best-path[5.5.0~1494-e5a5]:main():lattice-best-path.cc:99) For utterance M0000000131_0088, best cost 12.6731 + 1438.22 = 1450.9 over 230 frames.
LOG (lattice-add-penalty[5.5.0~1494-e5a5]:main():lattice-add-penalty.cc:62) Done adding word insertion penalty to 510 lattices.
M0000000131_0088 
LOG (lattice-best-path[5.5.0~1494-e5a5]:main():lattice-best-path.cc:99) For utterance M0000000131_0089, best cost 19.8995 + 1182.05 = 1201.95 over 183 frames.
M0000000131_0089 
LOG (lattice-best-path[5.5.0~1494-e5a5]:main():lattice-best-path.cc:99) For utterance M0000000131_0090, best cost 18.3339 + 1178.75 = 1197.08 over 191 frames.
M0000000131_0090 
LOG (lattice-best-path[5.5.0~1494-e5a5]:main():lattice-best-path.cc:99) For utterance M0000000131_0091, best cost 13.5698 + 1156.69 = 1170.26 over 176 frames.
M0000000131_0091 
LOG (lattice-best-path[5.5.0~1494-e5a5]:main():lattice-best-path.cc:99) For utterance M0000000131_0092, best cost 15.1704 + 1118.5 = 1133.67 over 184 frames.
M0000000131_0092 
LOG (lattice-best-path[5.5.0~1494-e5a5]:main():lattice-best-path.cc:99) For utterance M0000000131_0093, best cost 13.8634 + 953.642 = 967.505 over 152 frames.
M0000000131_0093 
LOG (lattice-best-path[5.5.0~1494-e5a5]:main():lattice-best-path.cc:99) For utterance M0000000131_0094, best cost 18.3631 + 996.16 = 1014.52 over 155 frames.
M0000000131_0094 
LOG (lattice-best-path[5.5.0~1494-e5a5]:main():lattice-best-path.cc:99) For utterance M0000000131_0095, best cost 17.6836 + 1384.1 = 1401.78 over 231 frames.
M0000000131_0095 
LOG (lattice-best-path[5.5.0~1494-e5a5]:main():lattice-best-path.cc:99) For utterance M0000000131_0096, best cost 14.4435 + 1259.79 = 1274.24 over 198 frames.
M0000000131_0096 
LOG (lattice-best-path[5.5.0~1494-e5a5]:main():lattice-best-path.cc:99) For utterance M0000000131_0097, best cost 16.5081 + 1125.43 = 1141.94 over 179 frames.
M0000000131_0097 
LOG (lattice-best-path[5.5.0~1494-e5a5]:main():lattice-best-path.cc:99) For utterance M0000000131_0098, best cost 16.9023 + 1203.24 = 1220.15 over 190 frames.
M0000000131_0098 
LOG (lattice-best-path[5.5.0~1494-e5a5]:main():lattice-best-path.cc:99) For utterance M0000000131_0099, best cost 16.3988 + 952.839 = 969.238 over 154 frames.
M0000000131_0099 
LOG (lattice-best-path[5.5.0~1494-e5a5]:main():lattice-best-path.cc:99) For utterance M0000000131_0100, best cost 14.8977 + 1037.07 = 1051.97 over 157 frames.
M0000000131_0100 
LOG (lattice-best-path[5.5.0~1494-e5a5]:main():lattice-best-path.cc:99) For utterance M0000000131_0101, best cost 20.4191 + 1583.53 = 1603.95 over 242 frames.
M0000000131_0101 
LOG (lattice-best-path[5.5.0~1494-e5a5]:main():lattice-best-path.cc:124) Overall cost per frame is 5.89127 = 0.140619 [graph] + 5.75065 [acoustic] over 120161 frames.
LOG (lattice-best-path[5.5.0~1494-e5a5]:main():lattice-best-path.cc:128) Done 510 lattices, failed for 0
# Accounting: time=0 threads=1
# Ended (code 0) at Sun May  2 17:11:25 UTC 2021, elapsed time 0 seconds
