# lattice-scale --inv-acoustic-scale=14 "ark:gunzip -c exp/tri1/decode/lat.*.gz|" ark:- | lattice-add-penalty --word-ins-penalty=0.0 ark:- ark:- | lattice-best-path --word-symbol-table=exp/tri1/graph/words.txt ark:- ark,t:- | utils/int2sym.pl -f 2- exp/tri1/graph/words.txt | cat > exp/tri1/decode/scoring_kaldi/penalty_0.0/14.txt 
# Started at Mon Nov 23 13:21:25 UTC 2020
#
lattice-best-path --word-symbol-table=exp/tri1/graph/words.txt ark:- ark,t:- 
lattice-scale --inv-acoustic-scale=14 'ark:gunzip -c exp/tri1/decode/lat.*.gz|' ark:- 
lattice-add-penalty --word-ins-penalty=0.0 ark:- ark:- 
LOG (lattice-best-path[5.5.0~1494-e5a5]:main():lattice-best-path.cc:99) For utterance uid41, best cost 74.659 + 6413.88 = 6488.53 over 1262 frames.
uid41 กบ ไก่ กา กบ ไก่ กา ไก่ กระต่าย กบ ไก่ 
LOG (lattice-best-path[5.5.0~1494-e5a5]:main():lattice-best-path.cc:99) For utterance uid42, best cost 76.209 + 6608.43 = 6684.64 over 1268 frames.
uid42 กบ ไก่ กา กบ ไก่ กา ไก่ กระต่าย กบ กา 
LOG (lattice-best-path[5.5.0~1494-e5a5]:main():lattice-best-path.cc:99) For utterance uid43, best cost 77.2071 + 6680.64 = 6757.84 over 1312 frames.
uid43 กบ ไก่ กา กบ ไก่ กา ไก่ กระต่าย กา ไก่ 
LOG (lattice-best-path[5.5.0~1494-e5a5]:main():lattice-best-path.cc:99) For utterance uid44, best cost 82.8318 + 6542.24 = 6625.07 over 1256 frames.
uid44 กบ ไก่ กา กบ ไก่ กา ไก่ กบ กระต่าย ไก่ 
LOG (lattice-best-path[5.5.0~1494-e5a5]:main():lattice-best-path.cc:99) For utterance uid45, best cost 84.0464 + 7182.55 = 7266.6 over 1308 frames.
uid45 กบ ไก่ กระต่าย กบ กบ กระต่าย กา 
LOG (lattice-best-path[5.5.0~1494-e5a5]:main():lattice-best-path.cc:99) For utterance uid46, best cost 82.4562 + 6311.18 = 6393.64 over 1165 frames.
uid46 กบ ไก่ กา กบ ไก่ กา ไก่ กบ กา กระต่าย 
LOG (lattice-scale[5.5.0~1494-e5a5]:main():lattice-scale.cc:107) Done 16 lattices.
LOG (lattice-add-penalty[5.5.0~1494-e5a5]:main():lattice-add-penalty.cc:62) Done adding word insertion penalty to 16 lattices.
LOG (lattice-best-path[5.5.0~1494-e5a5]:main():lattice-best-path.cc:99) For utterance uid47, best cost 76.4929 + 6962 = 7038.49 over 1310 frames.
uid47 กบ ไก่ กา กบ ไก่ กา ไก่ กบ ไก่ กระต่าย 
LOG (lattice-best-path[5.5.0~1494-e5a5]:main():lattice-best-path.cc:99) For utterance uid48, best cost 79.7019 + 6560.52 = 6640.23 over 1253 frames.
uid48 กบ ไก่ กา กบ ไก่ กา ไก่ ไก่ กา กระต่าย 
LOG (lattice-best-path[5.5.0~1494-e5a5]:main():lattice-best-path.cc:99) For utterance uid49, best cost 77.867 + 6756.93 = 6834.79 over 1303 frames.
uid49 กบ ไก่ กา กบ ไก่ กา กระต่าย กบ กา กระต่าย 
LOG (lattice-best-path[5.5.0~1494-e5a5]:main():lattice-best-path.cc:99) For utterance uid50, best cost 79.3227 + 6341.87 = 6421.19 over 1214 frames.
uid50 กบ ไก่ กา กบ กระต่าย กบ กา ไก่ กา กบ กา 
LOG (lattice-best-path[5.5.0~1494-e5a5]:main():lattice-best-path.cc:99) For utterance uid51, best cost 32.9208 + 2248.52 = 2281.44 over 316 frames.
uid51 กา กบ 
LOG (lattice-best-path[5.5.0~1494-e5a5]:main():lattice-best-path.cc:99) For utterance uid52, best cost 31.8849 + 1812.85 = 1844.73 over 269 frames.
uid52 กบ กบ กบ 
LOG (lattice-best-path[5.5.0~1494-e5a5]:main():lattice-best-path.cc:99) For utterance uid53, best cost 15.9682 + 1206.2 = 1222.16 over 201 frames.
uid53 ไก่ กบ 
LOG (lattice-best-path[5.5.0~1494-e5a5]:main():lattice-best-path.cc:99) For utterance uid54, best cost 12.6052 + 1339.02 = 1351.62 over 237 frames.
uid54 ไก่ 
LOG (lattice-best-path[5.5.0~1494-e5a5]:main():lattice-best-path.cc:99) For utterance uid55, best cost 12.9537 + 1743.84 = 1756.79 over 313 frames.
uid55 กา 
LOG (lattice-best-path[5.5.0~1494-e5a5]:main():lattice-best-path.cc:99) For utterance uid56, best cost 14.9843 + 1714.1 = 1729.09 over 297 frames.
uid56 กระต่าย 
LOG (lattice-best-path[5.5.0~1494-e5a5]:main():lattice-best-path.cc:124) Overall cost per frame is 5.41423 = 0.0638555 [graph] + 5.35038 [acoustic] over 14284 frames.
LOG (lattice-best-path[5.5.0~1494-e5a5]:main():lattice-best-path.cc:128) Done 16 lattices, failed for 0
# Accounting: time=0 threads=1
# Ended (code 0) at Mon Nov 23 13:21:25 UTC 2020, elapsed time 0 seconds
