# lattice-scale --inv-acoustic-scale=9 "ark:gunzip -c exp/tri1/decode/lat.*.gz|" ark:- | lattice-add-penalty --word-ins-penalty=1.0 ark:- ark:- | lattice-best-path --word-symbol-table=exp/tri1/graph/words.txt ark:- ark,t:- | utils/int2sym.pl -f 2- exp/tri1/graph/words.txt | cat > exp/tri1/decode/scoring_kaldi/penalty_1.0/9.txt 
# Started at Wed Nov  4 15:59:43 UTC 2020
#
lattice-add-penalty --word-ins-penalty=1.0 ark:- ark:- 
lattice-best-path --word-symbol-table=exp/tri1/graph/words.txt ark:- ark,t:- 
lattice-scale --inv-acoustic-scale=9 'ark:gunzip -c exp/tri1/decode/lat.*.gz|' ark:- 
LOG (lattice-best-path[5.5.0~1494-e5a5]:main():lattice-best-path.cc:99) For utterance uid41, best cost 83.8666 + 9959.54 = 10043.4 over 1262 frames.
uid41 กบ ไก่ กา กบ ไก่ กา ไก่ กระต่าย กบ ไก่ 
LOG (lattice-best-path[5.5.0~1494-e5a5]:main():lattice-best-path.cc:99) For utterance uid42, best cost 85.9036 + 10254.7 = 10340.6 over 1268 frames.
uid42 กบ ไก่ กา กบ ไก่ กา ไก่ กระต่าย กบ กา 
LOG (lattice-best-path[5.5.0~1494-e5a5]:main():lattice-best-path.cc:99) For utterance uid43, best cost 87.4314 + 10381.8 = 10469.3 over 1312 frames.
uid43 กบ ไก่ กา กบ ไก่ กา ไก่ กระต่าย กา ไก่ 
LOG (lattice-best-path[5.5.0~1494-e5a5]:main():lattice-best-path.cc:99) For utterance uid44, best cost 94.9755 + 10188.9 = 10283.9 over 1256 frames.
uid44 กบ ไก่ กา กบ ไก่ กา ไก่ กบ กระต่าย ไก่ 
LOG (lattice-best-path[5.5.0~1494-e5a5]:main():lattice-best-path.cc:99) For utterance uid45, best cost 102.752 + 11156.3 = 11259.1 over 1308 frames.
uid45 กบ ไก่ ไก่ กบ กา ไก่ กบ กระต่าย กา 
LOG (lattice-scale[5.5.0~1494-e5a5]:main():lattice-scale.cc:107) Done 16 lattices.
LOG (lattice-best-path[5.5.0~1494-e5a5]:main():lattice-best-path.cc:99) For utterance uid46, best cost 90.46 + 9837.58 = 9928.04 over 1165 frames.
uid46 กบ ไก่ กา กบ ไก่ กา ไก่ กบ กา กระต่าย 
LOG (lattice-add-penalty[5.5.0~1494-e5a5]:main():lattice-add-penalty.cc:62) Done adding word insertion penalty to 16 lattices.
LOG (lattice-best-path[5.5.0~1494-e5a5]:main():lattice-best-path.cc:99) For utterance uid47, best cost 92.6645 + 10821.4 = 10914 over 1310 frames.
uid47 กบ ไก่ กา กบ ไก่ กา ไก่ กบ ไก่ กระต่าย 
LOG (lattice-best-path[5.5.0~1494-e5a5]:main():lattice-best-path.cc:99) For utterance uid48, best cost 86.8825 + 10200.5 = 10287.3 over 1253 frames.
uid48 กบ ไก่ กา กบ ไก่ กา ไก่ ไก่ กา กระต่าย 
LOG (lattice-best-path[5.5.0~1494-e5a5]:main():lattice-best-path.cc:99) For utterance uid49, best cost 85.9151 + 10544.3 = 10630.2 over 1303 frames.
uid49 กบ ไก่ กา กบ ไก่ กา กระต่าย กบ กา กระต่าย 
LOG (lattice-best-path[5.5.0~1494-e5a5]:main():lattice-best-path.cc:99) For utterance uid50, best cost 81.1979 + 9896.87 = 9978.07 over 1214 frames.
uid50 กบ ไก่ กา กบ กระต่าย กบ กา ไก่ กบ กา 
LOG (lattice-best-path[5.5.0~1494-e5a5]:main():lattice-best-path.cc:99) For utterance uid51, best cost 35.3258 + 3472.9 = 3508.22 over 316 frames.
uid51 กบ 
LOG (lattice-best-path[5.5.0~1494-e5a5]:main():lattice-best-path.cc:99) For utterance uid52, best cost 30.791 + 2803.45 = 2834.24 over 269 frames.
uid52 กา กา กา 
LOG (lattice-best-path[5.5.0~1494-e5a5]:main():lattice-best-path.cc:99) For utterance uid53, best cost 16.0432 + 1879.77 = 1895.81 over 201 frames.
uid53 กา กบ 
LOG (lattice-best-path[5.5.0~1494-e5a5]:main():lattice-best-path.cc:99) For utterance uid54, best cost 14.3812 + 2086.84 = 2101.22 over 237 frames.
uid54 ไก่ 
LOG (lattice-best-path[5.5.0~1494-e5a5]:main():lattice-best-path.cc:99) For utterance uid55, best cost 14.6333 + 2714.3 = 2728.93 over 313 frames.
uid55 กา 
LOG (lattice-best-path[5.5.0~1494-e5a5]:main():lattice-best-path.cc:99) For utterance uid56, best cost 16.1365 + 2671.98 = 2688.11 over 297 frames.
uid56 กระต่าย 
LOG (lattice-best-path[5.5.0~1494-e5a5]:main():lattice-best-path.cc:124) Overall cost per frame is 8.39334 = 0.0713638 [graph] + 8.32197 [acoustic] over 14284 frames.
LOG (lattice-best-path[5.5.0~1494-e5a5]:main():lattice-best-path.cc:128) Done 16 lattices, failed for 0
# Accounting: time=0 threads=1
# Ended (code 0) at Wed Nov  4 15:59:43 UTC 2020, elapsed time 0 seconds
