# lattice-scale --inv-acoustic-scale=15 "ark:gunzip -c exp/tri1/decode/lat.*.gz|" ark:- | lattice-add-penalty --word-ins-penalty=1.0 ark:- ark:- | lattice-best-path --word-symbol-table=exp/tri1/graph/words.txt ark:- ark,t:- | utils/int2sym.pl -f 2- exp/tri1/graph/words.txt | cat > exp/tri1/decode/scoring_kaldi/penalty_1.0/15.txt 
# Started at Wed Nov  4 15:59:43 UTC 2020
#
lattice-best-path --word-symbol-table=exp/tri1/graph/words.txt ark:- ark,t:- 
lattice-add-penalty --word-ins-penalty=1.0 ark:- ark:- 
lattice-scale --inv-acoustic-scale=15 'ark:gunzip -c exp/tri1/decode/lat.*.gz|' ark:- 
LOG (lattice-best-path[5.5.0~1494-e5a5]:main():lattice-best-path.cc:99) For utterance uid41, best cost 83.8666 + 5975.73 = 6059.59 over 1262 frames.
uid41 กบ ไก่ กา กบ ไก่ กา ไก่ กระต่าย กบ ไก่ 
LOG (lattice-best-path[5.5.0~1494-e5a5]:main():lattice-best-path.cc:99) For utterance uid42, best cost 85.9036 + 6152.82 = 6238.73 over 1268 frames.
uid42 กบ ไก่ กา กบ ไก่ กา ไก่ LOG (lattice-scale[5.5.0~1494-e5a5]:main():lattice-scale.cc:107) Done 16 lattices.
กระต่าย กบ กา 
LOG (lattice-best-path[5.5.0~1494-e5a5]:main():lattice-best-path.cc:99) For utterance uid43, best cost 87.4314 + 6229.11 = 6316.54 over 1312 frames.
uid43 กบ ไก่ กา กบ ไก่ กา ไก่ กระต่าย กา ไก่ 
LOG (lattice-best-path[5.5.0~1494-e5a5]:main():lattice-best-path.cc:99) For utterance uid44, best cost 94.9755 + 6113.33 = 6208.31 over 1256 frames.
uid44 กบ ไก่ กา กบ ไก่ กา ไก่ กบ กระต่าย ไก่ 
LOG (lattice-best-path[5.5.0~1494-e5a5]:main():lattice-best-path.cc:99) For utterance uid45, best cost 102.752 + 6693.79 = 6796.54 over 1308 frames.
uid45 กบ ไก่ ไก่ กบ กา ไก่ กบ กระต่าย กา 
LOG (lattice-best-path[5.5.0~1494-e5a5]:main():lattice-best-path.cc:99) For utterance uid46, best cost 90.46 + 5902.55 = 5993.01 over 1165 frames.
uid46 กบ ไก่ กา กบ ไก่ กา ไก่ กบ กา กระต่าย 
LOG (lattice-add-penalty[5.5.0~1494-e5a5]:main():lattice-add-penalty.cc:62) Done adding word insertion penalty to 16 lattices.
LOG (lattice-best-path[5.5.0~1494-e5a5]:main():lattice-best-path.cc:99) For utterance uid47, best cost 92.6645 + 6492.82 = 6585.48 over 1310 frames.
uid47 กบ ไก่ กา กบ ไก่ กา ไก่ กบ ไก่ กระต่าย 
LOG (lattice-best-path[5.5.0~1494-e5a5]:main():lattice-best-path.cc:99) For utterance uid48, best cost 86.8825 + 6120.27 = 6207.15 over 1253 frames.
uid48 กบ ไก่ กา กบ ไก่ กา ไก่ ไก่ กา กระต่าย 
LOG (lattice-best-path[5.5.0~1494-e5a5]:main():lattice-best-path.cc:99) For utterance uid49, best cost 85.9151 + 6326.59 = 6412.5 over 1303 frames.
uid49 กบ ไก่ กา กบ ไก่ กา กระต่าย กบ กา กระต่าย 
LOG (lattice-best-path[5.5.0~1494-e5a5]:main():lattice-best-path.cc:99) For utterance uid50, best cost 81.1979 + 5938.12 = 6019.32 over 1214 frames.
uid50 กบ ไก่ กา กบ กระต่าย กบ กา ไก่ กบ กา 
LOG (lattice-best-path[5.5.0~1494-e5a5]:main():lattice-best-path.cc:99) For utterance uid51, best cost 27.0568 + 2090.48 = 2117.53 over 316 frames.
uid51 
LOG (lattice-best-path[5.5.0~1494-e5a5]:main():lattice-best-path.cc:99) For utterance uid52, best cost 30.791 + 1682.07 = 1712.86 over 269 frames.
uid52 กา กา กา 
LOG (lattice-best-path[5.5.0~1494-e5a5]:main():lattice-best-path.cc:99) For utterance uid53, best cost 16.0432 + 1127.86 = 1143.91 over 201 frames.
uid53 กา กบ 
LOG (lattice-best-path[5.5.0~1494-e5a5]:main():lattice-best-path.cc:99) For utterance uid54, best cost 14.3812 + 1252.1 = 1266.48 over 237 frames.
uid54 ไก่ 
LOG (lattice-best-path[5.5.0~1494-e5a5]:main():lattice-best-path.cc:99) For utterance uid55, best cost 14.6333 + 1628.58 = 1643.21 over 313 frames.
uid55 กา 
LOG (lattice-best-path[5.5.0~1494-e5a5]:main():lattice-best-path.cc:99) For utterance uid56, best cost 16.1365 + 1603.19 = 1619.32 over 297 frames.
uid56 กระต่าย 
LOG (lattice-best-path[5.5.0~1494-e5a5]:main():lattice-best-path.cc:124) Overall cost per frame is 5.06444 = 0.0707849 [graph] + 4.99366 [acoustic] over 14284 frames.
LOG (lattice-best-path[5.5.0~1494-e5a5]:main():lattice-best-path.cc:128) Done 16 lattices, failed for 0
# Accounting: time=0 threads=1
# Ended (code 0) at Wed Nov  4 15:59:43 UTC 2020, elapsed time 0 seconds
