# compute-mfcc-feats --write-utt2dur=ark,t:exp/make_mfcc/train/utt2dur.1 --verbose=2 --config=conf/mfcc.conf scp,p:exp/make_mfcc/train/wav_train.1.scp ark:- | copy-feats --write-num-frames=ark,t:exp/make_mfcc/train/utt2num_frames.1 --compress=true ark:- ark,scp:/kaldi/egs/king3/v4/mfcc/raw_mfcc_train.1.ark,/kaldi/egs/king3/v4/mfcc/raw_mfcc_train.1.scp 
# Started at Mon Oct 12 02:53:10 UTC 2020
#
copy-feats --write-num-frames=ark,t:exp/make_mfcc/train/utt2num_frames.1 --compress=true ark:- ark,scp:/kaldi/egs/king3/v4/mfcc/raw_mfcc_train.1.ark,/kaldi/egs/king3/v4/mfcc/raw_mfcc_train.1.scp 
compute-mfcc-feats --write-utt2dur=ark,t:exp/make_mfcc/train/utt2dur.1 --verbose=2 --config=conf/mfcc.conf scp,p:exp/make_mfcc/train/wav_train.1.scp ark:- 
VLOG[2] (compute-mfcc-feats[5.5.0~1494-e5a5]:main():compute-mfcc-feats.cc:182) Processed features for key uid11
VLOG[2] (compute-mfcc-feats[5.5.0~1494-e5a5]:main():compute-mfcc-feats.cc:182) Processed features for key uid12
VLOG[2] (compute-mfcc-feats[5.5.0~1494-e5a5]:main():compute-mfcc-feats.cc:182) Processed features for key uid13
VLOG[2] (compute-mfcc-feats[5.5.0~1494-e5a5]:main():compute-mfcc-feats.cc:182) Processed features for key uid14
VLOG[2] (compute-mfcc-feats[5.5.0~1494-e5a5]:main():compute-mfcc-feats.cc:182) Processed features for key uid15
VLOG[2] (compute-mfcc-feats[5.5.0~1494-e5a5]:main():compute-mfcc-feats.cc:182) Processed features for key uid16
VLOG[2] (compute-mfcc-feats[5.5.0~1494-e5a5]:main():compute-mfcc-feats.cc:182) Processed features for key uid17
VLOG[2] (compute-mfcc-feats[5.5.0~1494-e5a5]:main():compute-mfcc-feats.cc:182) Processed features for key uid18
VLOG[2] (compute-mfcc-feats[5.5.0~1494-e5a5]:main():compute-mfcc-feats.cc:182) Processed features for key uid19
LOG (compute-mfcc-feats[5.5.0~1494-e5a5]:main():compute-mfcc-feats.cc:181) Processed 10 utterances
VLOG[2] (compute-mfcc-feats[5.5.0~1494-e5a5]:main():compute-mfcc-feats.cc:182) Processed features for key uid20
LOG (compute-mfcc-feats[5.5.0~1494-e5a5]:main():compute-mfcc-feats.cc:185)  Done 10 out of 10 utterances.
LOG (copy-feats[5.5.0~1494-e5a5]:main():copy-feats.cc:143) Copied 10 feature matrices.
# Accounting: time=0 threads=1
# Ended (code 0) at Mon Oct 12 02:53:10 UTC 2020, elapsed time 0 seconds
