# lattice-scale --inv-acoustic-scale=9 "ark:gunzip -c exp/mono/decode/lat.*.gz|" ark:- | lattice-add-penalty --word-ins-penalty=1.0 ark:- ark:- | lattice-best-path --word-symbol-table=exp/mono/graph/words.txt ark:- ark,t:- | utils/int2sym.pl -f 2- exp/mono/graph/words.txt | cat > exp/mono/decode/scoring_kaldi/penalty_1.0/9.txt 
# Started at Wed Nov  4 15:58:43 UTC 2020
#
lattice-best-path --word-symbol-table=exp/mono/graph/words.txt ark:- ark,t:- 
lattice-add-penalty --word-ins-penalty=1.0 ark:- ark:- 
lattice-scale --inv-acoustic-scale=9 'ark:gunzip -c exp/mono/decode/lat.*.gz|' ark:- 
LOG (lattice-best-path[5.5.0~1494-e5a5]:main():lattice-best-path.cc:99) For utterance uid41, best cost 82.3717 + 9815.35 = 9897.72 over 1262 frames.
uid41 กบ ไก่ กา กบ กา กา ไก่ กระต่าย กบ ไก่ 
LOG (lattice-best-path[5.5.0~1494-e5a5]:main():lattice-best-path.cc:99) For utterance uid42, best cost 94.0911 + 10090.1 = 10184.1 over 1268 frames.
uid42 ไก่ กบ ไก่ กา กบ ไก่ กา ไก่ กระต่าย กบ กา 
LOG (lattice-best-path[5.5.0~1494-e5a5]:main():lattice-best-path.cc:99) For utterance uid43, best cost 88.8299 + 10208.4 = 10297.2 over 1312 frames.
uid43 กบ กา กา กบ ไก่ กา ไก่ กระต่าย กา ไก่ 
LOG (lattice-best-path[5.5.0~1494-e5a5]:main():lattice-best-path.cc:99) For utterance uid44, best cost 83.3686 + 10059.9 = 10143.3 over 1256 frames.
uid44 กบ กา กา กบ กา กา ไก่ กบ กระต่าย ไก่ 
LOG (lattice-best-path[5.5.0~1494-e5a5]:main():lattice-best-path.cc:99) For utterance uid45, best cost 100.505 + 10947.6 = 11048.2 over 1308 frames.
uid45 กา กบ กา กา กบ กา กา กา กบ กระต่าย กา 
LOG (lattice-best-path[5.5.0~1494-e5a5]:main():lattice-best-path.cc:99) For utterance uid46, best cost 86.1289 + 9656.75 = 9742.88 over 1165 frames.
LOG (lattice-scale[5.5.0~1494-e5a5]:main():lattice-scale.cc:107) Done 16 lattices.
uid46 กบ กา กา กบ กา กา กา กบ กา กระต่าย 
LOG (lattice-best-path[5.5.0~1494-e5a5]:main():lattice-best-path.cc:99) For utterance uid47, best cost 88.0086 + 10641.3 = 10729.3 over 1310 frames.
uid47 กบ กา กา กบ ไก่ กา กา กบ กา กระต่าย 
LOG (lattice-best-path[5.5.0~1494-e5a5]:main():lattice-best-path.cc:99) For utterance uid48, best cost 85.4307 + 10044.5 = 10129.9 over 1253 frames.
uid48 กบ กา กา กบ กา กา กา ไก่ กา กระต่าย 
LOG (lattice-best-path[5.5.0~1494-e5a5]:main():lattice-best-path.cc:99) For utterance uid49, best cost 85.2135 + 10339.7 = 10424.9 over 1303 frames.
uid49 กบ กา กา กบ กา กา กระต่าย กบ กา กระต่าย 
LOG (lattice-add-penalty[5.5.0~1494-e5a5]:main():lattice-add-penalty.cc:62) Done adding word insertion penalty to 16 lattices.
LOG (lattice-best-path[5.5.0~1494-e5a5]:main():lattice-best-path.cc:99) For utterance uid50, best cost 83.9901 + 9712.01 = 9796 over 1214 frames.
uid50 กบ กา กา กบ กระต่าย กบ กา กา กบ กา 
LOG (lattice-best-path[5.5.0~1494-e5a5]:main():lattice-best-path.cc:99) For utterance uid51, best cost 27.032 + 3415.37 = 3442.4 over 316 frames.
uid51 
LOG (lattice-best-path[5.5.0~1494-e5a5]:main():lattice-best-path.cc:99) For utterance uid52, best cost 21.5319 + 2761.7 = 2783.23 over 269 frames.
uid52 กบ 
LOG (lattice-best-path[5.5.0~1494-e5a5]:main():lattice-best-path.cc:99) For utterance uid53, best cost 12.5247 + 1868.79 = 1881.32 over 201 frames.
uid53 กบ 
LOG (lattice-best-path[5.5.0~1494-e5a5]:main():lattice-best-path.cc:99) For utterance uid54, best cost 14.1302 + 2055.71 = 2069.84 over 237 frames.
uid54 ไก่ 
LOG (lattice-best-path[5.5.0~1494-e5a5]:main():lattice-best-path.cc:99) For utterance uid55, best cost 14.4687 + 2685.26 = 2699.73 over 313 frames.
uid55 กา 
LOG (lattice-best-path[5.5.0~1494-e5a5]:main():lattice-best-path.cc:99) For utterance uid56, best cost 15.6333 + 2644.47 = 2660.1 over 297 frames.
uid56 กระต่าย 
LOG (lattice-best-path[5.5.0~1494-e5a5]:main():lattice-best-path.cc:124) Overall cost per frame is 8.2561 = 0.0688364 [graph] + 8.18726 [acoustic] over 14284 frames.
LOG (lattice-best-path[5.5.0~1494-e5a5]:main():lattice-best-path.cc:128) Done 16 lattices, failed for 0
# Accounting: time=0 threads=1
# Ended (code 0) at Wed Nov  4 15:58:43 UTC 2020, elapsed time 0 seconds
