# lattice-scale --inv-acoustic-scale=17 "ark:gunzip -c exp/mono/decode/lat.*.gz|" ark:- | lattice-add-penalty --word-ins-penalty=0.5 ark:- ark:- | lattice-best-path --word-symbol-table=exp/mono/graph//words.txt ark:- ark,t:- | utils/int2sym.pl -f 2- exp/mono/graph//words.txt | local/wer_hyp_filter > exp/mono/decode/scoring_kaldi/penalty_0.5/17.txt 
# Started at Sun May  2 17:06:24 UTC 2021
#
lattice-scale --inv-acoustic-scale=17 'ark:gunzip -c exp/mono/decode/lat.*.gz|' ark:- 
lattice-add-penalty --word-ins-penalty=0.5 ark:- ark:- 
lattice-best-path --word-symbol-table=exp/mono/graph//words.txt ark:- ark,t:- 
LOG (lattice-best-path[5.5.0~1494-e5a5]:main():lattice-best-path.cc:99) For utterance M0000000085_0000, best cost 22.0433 + 782.821 = 804.864 over 127 frames.
M0000000085_0000 ก่อน ที่ 
LOG (lattice-best-path[5.5.0~1494-e5a5]:main():lattice-best-path.cc:99) For utterance M0000000085_0001, best cost 51.9868 + 1394.23 = 1446.22 over 233 frames.
M0000000085_0001 ควร ซิงโครนัส อนึ่ง การ 
LOG (lattice-best-path[5.5.0~1494-e5a5]:main():lattice-best-path.cc:99) For utterance M0000000085_0002, best cost 39.3506 + 1310.41 = 1349.76 over 224 frames.
M0000000085_0002 เออออ ไป ใช้งาน การ 
LOG (lattice-best-path[5.5.0~1494-e5a5]:main():lattice-best-path.cc:99) For utterance M0000000085_0003, best cost 33.3327 + 1294.28 = 1327.61 over 212 frames.
M0000000085_0003 ทรง ต่ำ ลง 
LOG (lattice-best-path[5.5.0~1494-e5a5]:main():lattice-best-path.cc:99) For utterance M0000000085_0004, best cost 37.4156 + 1045.59 = 1083 over 179 frames.
M0000000085_0004 ของ ร่างกาย อาจารย์ 
LOG (lattice-best-path[5.5.0~1494-e5a5]:main():lattice-best-path.cc:99) For utterance M0000000085_0005, best cost 45.8261 + 1178.19 = 1224.02 over 198 frames.
M0000000085_0005 เออออ ไป ไซ หู การ 
LOG (lattice-best-path[5.5.0~1494-e5a5]:main():lattice-best-path.cc:99) For utterance M0000000085_0006, best cost 21.826 + 841.629 = 863.455 over 140 frames.
M0000000085_0006 คง 
LOG (lattice-best-path[5.5.0~1494-e5a5]:main():lattice-best-path.cc:99) For utterance M0000000085_0007, best cost 29.019 + 966.254 = 995.273 over 165 frames.
M0000000085_0007 บางครั้ง อร่ามเหลือง 
LOG (lattice-best-path[5.5.0~1494-e5a5]:main():lattice-best-path.cc:99) For utterance M0000000085_0008, best cost 38.9595 + 1264.94 = 1303.9 over 218 frames.
M0000000085_0008 การ ดำเนินงาน ทั้งสอง 
LOG (lattice-best-path[5.5.0~1494-e5a5]:main():lattice-best-path.cc:99) For utterance M0000000085_0009, best cost 24.3307 + 1011.25 = 1035.58 over 174 frames.
M0000000085_0009 แคระแกร็น 
LOG (lattice-best-path[5.5.0~1494-e5a5]:main():lattice-best-path.cc:99) For utterance M0000000085_0010, best cost 29.7728 + 798.838 = 828.61 over 135 frames.
M0000000085_0010 ขั้วโลก น้อย 
LOG (lattice-best-path[5.5.0~1494-e5a5]:main():lattice-best-path.cc:99) For utterance M0000000085_0011, best cost 26.7865 + 878.057 = 904.844 over 153 frames.
M0000000085_0011 มาก องศา 
LOG (lattice-best-path[5.5.0~1494-e5a5]:main():lattice-best-path.cc:99) For utterance M0000000085_0012, best cost 35.0105 + 1034.73 = 1069.74 over 176 frames.
M0000000085_0012 สาร ตกค้าง เครื่อง 
LOG (lattice-best-path[5.5.0~1494-e5a5]:main():lattice-best-path.cc:99) For utterance M0000000085_0013, best cost 60.2622 + 1555.47 = 1615.74 over 261 frames.
M0000000085_0013 ต้อง สิ่ง ที่ สอง รวมถึง 
LOG (lattice-best-path[5.5.0~1494-e5a5]:main():lattice-best-path.cc:99) For utterance M0000000085_0014, best cost 31.9227 + 960.693 = 992.616 over 162 frames.
M0000000085_0014 ของ ตนเอง ที่ 
LOG (lattice-best-path[5.5.0~1494-e5a5]:main():lattice-best-path.cc:99) For utterance M0000000085_0015, best cost 34.2696 + 901.667 = 935.937 over 153 frames.
M0000000085_0015 ข้อ นั้น ดำเนินงาน 
LOG (lattice-best-path[5.5.0~1494-e5a5]:main():lattice-best-path.cc:99) For utterance M0000000085_0016, best cost 27.343 + 1115.67 = 1143.01 over 183 frames.
M0000000085_0016 ข้อ นั้น 
LOG (lattice-best-path[5.5.0~1494-e5a5]:main():lattice-best-path.cc:99) For utterance M0000000085_0017, best cost 33.596 + 1075.55 = 1109.15 over 189 frames.
M0000000085_0017 ขั้น บันได เป็น พาหะ 
LOG (lattice-best-path[5.5.0~1494-e5a5]:main():lattice-best-path.cc:99) For utterance M0000000085_0018, best cost 36.785 + 910.566 = 947.351 over 150 frames.
M0000000085_0018 ของ ผลิต ขโมย 
LOG (lattice-best-path[5.5.0~1494-e5a5]:main():lattice-best-path.cc:99) For utterance M0000000085_0019, best cost 39.0001 + 1147.64 = 1186.64 over 197 frames.
M0000000085_0019 แคระแกร็น โต๊ะงาน ใน 
LOG (lattice-best-path[5.5.0~1494-e5a5]:main():lattice-best-path.cc:99) For utterance M0000000085_0020, best cost 29.2435 + 927.105 = 956.348 over 162 frames.
M0000000085_0020 รุ่งอรุณ ใน 
LOG (lattice-best-path[5.5.0~1494-e5a5]:main():lattice-best-path.cc:99) For utterance M0000000085_0021, best cost 22.9742 + 915.791 = 938.765 over 165 frames.
M0000000085_0021 ตัดสินใจ 
LOG (lattice-best-path[5.5.0~1494-e5a5]:main():lattice-best-path.cc:99) For utterance M0000000085_0022, best cost 23.5813 + 843.835 = 867.416 over 143 frames.
M0000000085_0022 จึง ได้รับ 
LOG (lattice-best-path[5.5.0~1494-e5a5]:main():lattice-best-path.cc:99) For utterance M0000000085_0023, best cost 47.8938 + 1248.26 = 1296.16 over 216 frames.
M0000000085_0023 อัตรา น้อย มั่นคง ภายใน 
LOG (lattice-best-path[5.5.0~1494-e5a5]:main():lattice-best-path.cc:99) For utterance M0000000085_0024, best cost 35.424 + 778.726 = 814.15 over 129 frames.
M0000000085_0024 ของ เครื่อง ลง น้อย 
LOG (lattice-best-path[5.5.0~1494-e5a5]:main():lattice-best-path.cc:99) For utterance M0000000085_0025, best cost 20.6172 + 700.598 = 721.215 over 119 frames.
M0000000085_0025 กฤษณพงศ์ 
LOG (lattice-best-path[5.5.0~1494-e5a5]:main():lattice-best-path.cc:99) For utterance M0000000085_0026, best cost 33.2497 + 1139.82 = 1173.07 over 188 frames.
M0000000085_0026 มี ที่ ไม่ 
LOG (lattice-best-path[5.5.0~1494-e5a5]:main():lattice-best-path.cc:99) For utterance M0000000085_0027, best cost 44.6035 + 1355.45 = 1400.06 over 227 frames.
M0000000085_0027 รศ. หรือ ขโมย จาก 
LOG (lattice-best-path[5.5.0~1494-e5a5]:main():lattice-best-path.cc:99) For utterance M0000000085_0028, best cost 39.4999 + 1114.07 = 1153.57 over 188 frames.
M0000000085_0028 ข้อ นั้น จึง ตก หนัก 
LOG (lattice-best-path[5.5.0~1494-e5a5]:main():lattice-best-path.cc:99) For utterance M0000000085_0029, best cost 28.0169 + 872.961 = 900.978 over 153 frames.
M0000000085_0029 จะ สัตว์เลี้ยง 
LOG (lattice-best-path[5.5.0~1494-e5a5]:main():lattice-best-path.cc:99) For utterance M0000000085_0030, best cost 32.2782 + 940.902 = 973.18 over 167 frames.
M0000000085_0030 แคระแกร็น บางๆ 
LOG (lattice-best-path[5.5.0~1494-e5a5]:main():lattice-best-path.cc:99) For utterance M0000000085_0031, best cost 32.5397 + 1010.05 = 1042.59 over 171 frames.
M0000000085_0031 อาจจะ ไม่ ลง 
LOG (lattice-best-path[5.5.0~1494-e5a5]:main():lattice-best-path.cc:99) For utterance M0000000085_0032, best cost 25.5961 + 980.745 = 1006.34 over 171 frames.
M0000000085_0032 โต๊ะงาน ใน 
LOG (lattice-best-path[5.5.0~1494-e5a5]:main():lattice-best-path.cc:99) For utterance M0000000085_0033, best cost 22.2317 + 732.679 = 754.911 over 126 frames.
M0000000085_0033 ไม่ 
LOG (lattice-best-path[5.5.0~1494-e5a5]:main():lattice-best-path.cc:99) For utterance M0000000085_0034, best cost 27.7093 + 835.876 = 863.585 over 150 frames.
M0000000085_0034 โลก ปานกลาง 
LOG (lattice-best-path[5.5.0~1494-e5a5]:main():lattice-best-path.cc:99) For utterance M0000000085_0035, best cost 13.8029 + 779.047 = 792.849 over 135 frames.
M0000000085_0035 แล้ว 
LOG (lattice-best-path[5.5.0~1494-e5a5]:main():lattice-best-path.cc:99) For utterance M0000000085_0036, best cost 37.3045 + 1031.09 = 1068.4 over 179 frames.
M0000000085_0036 ของ เปลี่ยนเป็น ลง 
LOG (lattice-best-path[5.5.0~1494-e5a5]:main():lattice-best-path.cc:99) For utterance M0000000085_0037, best cost 26.4307 + 839.772 = 866.202 over 147 frames.
M0000000085_0037 เรา ฯลฯ 
LOG (lattice-best-path[5.5.0~1494-e5a5]:main():lattice-best-path.cc:99) For utterance M0000000085_0038, best cost 24.3672 + 877.921 = 902.288 over 150 frames.
M0000000085_0038 ดังกล่าว ลง 
LOG (lattice-best-path[5.5.0~1494-e5a5]:main():lattice-best-path.cc:99) For utterance M0000000085_0039, best cost 27.9036 + 1044.57 = 1072.48 over 177 frames.
M0000000085_0039 ได้ อุปมาน 
LOG (lattice-best-path[5.5.0~1494-e5a5]:main():lattice-best-path.cc:99) For utterance M0000000085_0040, best cost 26.7682 + 930.191 = 956.959 over 156 frames.
M0000000085_0040 ดร. ต่อไป 
LOG (lattice-best-path[5.5.0~1494-e5a5]:main():lattice-best-path.cc:99) For utterance M0000000085_0041, best cost 36.125 + 1235.78 = 1271.9 over 209 frames.
M0000000085_0041 ออกรวง นั้น ออก ได้ 
LOG (lattice-best-path[5.5.0~1494-e5a5]:main():lattice-best-path.cc:99) For utterance M0000000085_0042, best cost 22.2642 + 969.583 = 991.847 over 162 frames.
M0000000085_0042 ระยะ 
LOG (lattice-best-path[5.5.0~1494-e5a5]:main():lattice-best-path.cc:99) For utterance M0000000085_0043, best cost 30.3675 + 833.129 = 863.496 over 146 frames.
M0000000085_0043 จำนวน ว่องไว 
LOG (lattice-best-path[5.5.0~1494-e5a5]:main():lattice-best-path.cc:99) For utterance M0000000085_0044, best cost 27.9461 + 826.723 = 854.669 over 146 frames.
M0000000085_0044 ติดตั้ง ด้วย 
LOG (lattice-best-path[5.5.0~1494-e5a5]:main():lattice-best-path.cc:99) For utterance M0000000085_0045, best cost 33.3882 + 1113.97 = 1147.36 over 183 frames.
M0000000085_0045 และ บันทึก วิจัย 
LOG (lattice-best-path[5.5.0~1494-e5a5]:main():lattice-best-path.cc:99) For utterance M0000000085_0046, best cost 21.1389 + 844.213 = 865.352 over 144 frames.
M0000000085_0046 อธิบาย 
LOG (lattice-best-path[5.5.0~1494-e5a5]:main():lattice-best-path.cc:99) For utterance M0000000085_0047, best cost 33.5245 + 955.851 = 989.375 over 159 frames.
M0000000085_0047 แสดง จัด กระดาษ 
LOG (lattice-best-path[5.5.0~1494-e5a5]:main():lattice-best-path.cc:99) For utterance M0000000085_0048, best cost 35.0326 + 1107.58 = 1142.62 over 186 frames.
M0000000085_0048 มี ดร. ฉลามลาย 
LOG (lattice-best-path[5.5.0~1494-e5a5]:main():lattice-best-path.cc:99) For utterance M0000000085_0049, best cost 30.1174 + 778.47 = 808.587 over 137 frames.
M0000000085_0049 ไม่ ละเลย 
LOG (lattice-best-path[5.5.0~1494-e5a5]:main():lattice-best-path.cc:99) For utterance M0000000085_0050, best cost 24.534 + 816.589 = 841.123 over 143 frames.
M0000000085_0050 ระยะ มาก 
LOG (lattice-best-path[5.5.0~1494-e5a5]:main():lattice-best-path.cc:99) For utterance M0000000085_0051, best cost 30.4919 + 850.395 = 880.887 over 144 frames.
M0000000085_0051 ประจำวัน ข่าว 
LOG (lattice-best-path[5.5.0~1494-e5a5]:main():lattice-best-path.cc:99) For utterance M0000000085_0052, best cost 22.2692 + 910.469 = 932.739 over 149 frames.
M0000000085_0052 หรือ กระบือปลัก 
LOG (lattice-best-path[5.5.0~1494-e5a5]:main():lattice-best-path.cc:99) For utterance M0000000085_0053, best cost 39.0404 + 1018.99 = 1058.03 over 173 frames.
M0000000085_0053 วันนี้ โดยมาก มัก 
LOG (lattice-best-path[5.5.0~1494-e5a5]:main():lattice-best-path.cc:99) For utterance M0000000085_0054, best cost 21.504 + 756.495 = 777.999 over 131 frames.
M0000000085_0054 อิเล็กตรอน 
LOG (lattice-best-path[5.5.0~1494-e5a5]:main():lattice-best-path.cc:99) For utterance M0000000085_0055, best cost 28.4597 + 794.94 = 823.4 over 141 frames.
M0000000085_0055 ระงับ ว่องไว 
LOG (lattice-best-path[5.5.0~1494-e5a5]:main():lattice-best-path.cc:99) For utterance M0000000085_0056, best cost 57.6225 + 1403.15 = 1460.77 over 237 frames.
M0000000085_0056 จึง เครื่อง ได้ และ คล้ายคลึง อย่างไร 
LOG (lattice-best-path[5.5.0~1494-e5a5]:main():lattice-best-path.cc:99) For utterance M0000000085_0057, best cost 20.357 + 785.676 = 806.033 over 134 frames.
M0000000085_0057 มั่นคง 
LOG (lattice-best-path[5.5.0~1494-e5a5]:main():lattice-best-path.cc:99) For utterance M0000000085_0058, best cost 28.6381 + 880.188 = 908.826 over 156 frames.
M0000000085_0058 หลังจากนั้น ไม่ 
LOG (lattice-best-path[5.5.0~1494-e5a5]:main():lattice-best-path.cc:99) For utterance M0000000085_0059, best cost 36.6799 + 1164.24 = 1200.92 over 192 frames.
M0000000085_0059 ของ รูเจาะ ใกล้ 
LOG (lattice-best-path[5.5.0~1494-e5a5]:main():lattice-best-path.cc:99) For utterance M0000000085_0060, best cost 39.515 + 1115.47 = 1154.99 over 186 frames.
M0000000085_0060 ตำแหน่ง มากมาย 
LOG (lattice-best-path[5.5.0~1494-e5a5]:main():lattice-best-path.cc:99) For utterance M0000000085_0061, best cost 23.7233 + 966.013 = 989.736 over 164 frames.
M0000000085_0061 กลไก 
LOG (lattice-best-path[5.5.0~1494-e5a5]:main():lattice-best-path.cc:99) For utterance M0000000085_0062, best cost 28.8856 + 836.008 = 864.894 over 144 frames.
M0000000085_0062 มี ฝน เล็กน้อย 
LOG (lattice-best-path[5.5.0~1494-e5a5]:main():lattice-best-path.cc:99) For utterance M0000000085_0063, best cost 44.3645 + 903.578 = 947.943 over 155 frames.
M0000000085_0063 เหม็น เหล่านี้ ร้อน ใน 
LOG (lattice-best-path[5.5.0~1494-e5a5]:main():lattice-best-path.cc:99) For utterance M0000000085_0064, best cost 26.6807 + 937.959 = 964.64 over 161 frames.
M0000000085_0064 ส่วน ต่างๆ อีก 
LOG (lattice-best-path[5.5.0~1494-e5a5]:main():lattice-best-path.cc:99) For utterance M0000000085_0065, best cost 29.299 + 973.751 = 1003.05 over 164 frames.
M0000000085_0065 ขั้วโลหะ ลง น้อย 
LOG (lattice-best-path[5.5.0~1494-e5a5]:main():lattice-best-path.cc:99) For utterance M0000000085_0066, best cost 29.8056 + 868.99 = 898.796 over 144 frames.
M0000000085_0066 ระยะ ลูกฟัก 
LOG (lattice-best-path[5.5.0~1494-e5a5]:main():lattice-best-path.cc:99) For utterance M0000000085_0067, best cost 33.1008 + 915.603 = 948.703 over 161 frames.
M0000000085_0067 ขมิ้น อนึ่ง 
LOG (lattice-best-path[5.5.0~1494-e5a5]:main():lattice-best-path.cc:99) For utterance M0000000085_0068, best cost 33.8739 + 1088.18 = 1122.06 over 185 frames.
M0000000085_0068 ข้อจำกัด ต้องการ 
LOG (lattice-best-path[5.5.0~1494-e5a5]:main():lattice-best-path.cc:99) For utterance M0000000085_0069, best cost 26.1505 + 932.225 = 958.375 over 164 frames.
M0000000085_0069 มี อย่างไร 
LOG (lattice-best-path[5.5.0~1494-e5a5]:main():lattice-best-path.cc:99) For utterance M0000000085_0070, best cost 27.9309 + 951.463 = 979.393 over 162 frames.
M0000000085_0070 ของ วันรุ่งขึ้น 
LOG (lattice-best-path[5.5.0~1494-e5a5]:main():lattice-best-path.cc:99) For utterance M0000000085_0071, best cost 36.6394 + 1012.26 = 1048.89 over 164 frames.
M0000000085_0071 เหล่านี้ มี ผู้วิจัย 
LOG (lattice-best-path[5.5.0~1494-e5a5]:main():lattice-best-path.cc:99) For utterance M0000000085_0072, best cost 43.7139 + 1159.16 = 1202.87 over 191 frames.
M0000000085_0072 ของ ดีมอส ยัง ด้วย ไม้ 
LOG (lattice-best-path[5.5.0~1494-e5a5]:main():lattice-best-path.cc:99) For utterance M0000000085_0073, best cost 41.6917 + 1315.08 = 1356.77 over 224 frames.
M0000000085_0073 ทำให้ ระหว่าง การ พัฒนา 
LOG (lattice-best-path[5.5.0~1494-e5a5]:main():lattice-best-path.cc:99) For utterance M0000000085_0074, best cost 26.2151 + 848.991 = 875.206 over 144 frames.
M0000000085_0074 และ ไม่ 
LOG (lattice-best-path[5.5.0~1494-e5a5]:main():lattice-best-path.cc:99) For utterance M0000000085_0075, best cost 37.3038 + 1241.77 = 1279.08 over 201 frames.
M0000000085_0075 ลักษณะ การ โผล่ 
LOG (lattice-best-path[5.5.0~1494-e5a5]:main():lattice-best-path.cc:99) For utterance M0000000085_0076, best cost 46.7742 + 1099.08 = 1145.85 over 188 frames.
M0000000085_0076 ดังนั้น จะ เนื้อหา มากมาย 
LOG (lattice-best-path[5.5.0~1494-e5a5]:main():lattice-best-path.cc:99) For utterance M0000000085_0077, best cost 37.4115 + 1372.91 = 1410.33 over 231 frames.
M0000000085_0077 หลังจากนั้น เป็นไป 
LOG (lattice-best-path[5.5.0~1494-e5a5]:main():lattice-best-path.cc:99) For utterance M0000000085_0078, best cost 40.6687 + 1265.74 = 1306.41 over 206 frames.
M0000000085_0078 รักษา ระบบ ภายใน 
LOG (lattice-best-path[5.5.0~1494-e5a5]:main():lattice-best-path.cc:99) For utterance M0000000085_0079, best cost 26.3409 + 970.47 = 996.811 over 176 frames.
M0000000085_0079 ค่าใช้จ่าย ใน 
LOG (lattice-best-path[5.5.0~1494-e5a5]:main():lattice-best-path.cc:99) For utterance M0000000085_0080, best cost 41.1785 + 1296.24 = 1337.42 over 218 frames.
M0000000085_0080 อย่างไรก็ตาม บางครั้ง ใน 
LOG (lattice-best-path[5.5.0~1494-e5a5]:main():lattice-best-path.cc:99) For utterance M0000000085_0081, best cost 41.8199 + 1702.99 = 1744.81 over 290 frames.
M0000000085_0081 ผู้ เสวยราชย์ อยู่ ใน สมัย 
LOG (lattice-best-path[5.5.0~1494-e5a5]:main():lattice-best-path.cc:99) For utterance M0000000085_0082, best cost 42.7122 + 1443.54 = 1486.25 over 243 frames.
M0000000085_0082 มาตรเวลา ต้อง เสีย แล้ว 
LOG (lattice-best-path[5.5.0~1494-e5a5]:main():lattice-best-path.cc:99) For utterance M0000000085_0083, best cost 29.8381 + 1114.97 = 1144.81 over 191 frames.
M0000000085_0083 เกรียงชัย วิจัย 
LOG (lattice-best-path[5.5.0~1494-e5a5]:main():lattice-best-path.cc:99) For utterance M0000000085_0084, best cost 24.0917 + 984.266 = 1008.36 over 164 frames.
M0000000085_0084 บางๆ 
LOG (lattice-best-path[5.5.0~1494-e5a5]:main():lattice-best-path.cc:99) For utterance M0000000085_0085, best cost 39.1667 + 1140.84 = 1180.01 over 203 frames.
M0000000085_0085 ขนาด และ ได้ อีกด้วย 
LOG (lattice-best-path[5.5.0~1494-e5a5]:main():lattice-best-path.cc:99) For utterance M0000000085_0086, best cost 33.3874 + 1176.7 = 1210.08 over 203 frames.
M0000000085_0086 อนึ่ง ภายใต้ เรา 
LOG (lattice-best-path[5.5.0~1494-e5a5]:main():lattice-best-path.cc:99) For utterance M0000000085_0087, best cost 35.9384 + 989.233 = 1025.17 over 176 frames.
M0000000085_0087 เป็น นโยบาย ใน 
LOG (lattice-best-path[5.5.0~1494-e5a5]:main():lattice-best-path.cc:99) For utterance M0000000085_0088, best cost 50.2602 + 1080.5 = 1130.76 over 179 frames.
M0000000085_0088 ใช้ หนู โอกาส ที่ ใน 
LOG (lattice-best-path[5.5.0~1494-e5a5]:main():lattice-best-path.cc:99) For utterance M0000000085_0089, best cost 29.5469 + 993.896 = 1023.44 over 167 frames.
M0000000085_0089 เพราะฉะนั้น การ ชง 
LOG (lattice-best-path[5.5.0~1494-e5a5]:main():lattice-best-path.cc:99) For utterance M0000000085_0090, best cost 34.2551 + 1195.37 = 1229.62 over 203 frames.
M0000000085_0090 ทองแดง และ ฯลฯ 
LOG (lattice-best-path[5.5.0~1494-e5a5]:main():lattice-best-path.cc:99) For utterance M0000000085_0091, best cost 13.3047 + 1004.79 = 1018.09 over 161 frames.
M0000000085_0091 
LOG (lattice-best-path[5.5.0~1494-e5a5]:main():lattice-best-path.cc:99) For utterance M0000000085_0092, best cost 22.1636 + 864.251 = 886.415 over 147 frames.
M0000000085_0092 เซลลูล่าร์ 
LOG (lattice-best-path[5.5.0~1494-e5a5]:main():lattice-best-path.cc:99) For utterance M0000000085_0093, best cost 24.8143 + 883.269 = 908.083 over 152 frames.
M0000000085_0093 รายการ 
LOG (lattice-best-path[5.5.0~1494-e5a5]:main():lattice-best-path.cc:99) For utterance M0000000085_0094, best cost 35.1457 + 1151.13 = 1186.28 over 198 frames.
M0000000085_0094 ออก รวง จำเป็น 
LOG (lattice-best-path[5.5.0~1494-e5a5]:main():lattice-best-path.cc:99) For utterance M0000000085_0095, best cost 42.2619 + 1164.56 = 1206.82 over 200 frames.
M0000000085_0095 กงล้อ ชัยวัฒน์ ใน 
LOG (lattice-best-path[5.5.0~1494-e5a5]:main():lattice-best-path.cc:99) For utterance M0000000085_0096, best cost 43.3072 + 1208.17 = 1251.47 over 194 frames.
M0000000085_0096 ลง เป็น กิ่งไม้ 
LOG (lattice-best-path[5.5.0~1494-e5a5]:main():lattice-best-path.cc:99) For utterance M0000000085_0097, best cost 34.7109 + 1010.87 = 1045.58 over 167 frames.
M0000000085_0097 มัก เออออ เล็กน้อย 
LOG (lattice-best-path[5.5.0~1494-e5a5]:main():lattice-best-path.cc:99) For utterance M0000000085_0098, best cost 33.1286 + 1116.97 = 1150.1 over 189 frames.
M0000000085_0098 รัฐบาล ได้ 
LOG (lattice-best-path[5.5.0~1494-e5a5]:main():lattice-best-path.cc:99) For utterance M0000000085_0099, best cost 22.6971 + 855.007 = 877.704 over 138 frames.
M0000000085_0099 ดรัม 
LOG (lattice-best-path[5.5.0~1494-e5a5]:main():lattice-best-path.cc:99) For utterance M0000000085_0100, best cost 33.1852 + 1188.74 = 1221.92 over 206 frames.
M0000000085_0100 ฤดูหนาว อย่าง หนัก 
LOG (lattice-best-path[5.5.0~1494-e5a5]:main():lattice-best-path.cc:99) For utterance M0000000085_0101, best cost 68.2076 + 1606.32 = 1674.53 over 266 frames.
M0000000085_0101 อยู่ ใช้ จาก ครั้นแล้ว กระดาษ จะ หนึ่ง 
LOG (lattice-best-path[5.5.0~1494-e5a5]:main():lattice-best-path.cc:99) For utterance M0000000105_0000, best cost 24.3775 + 902.831 = 927.208 over 178 frames.
M0000000105_0000 โอกาส ที่ 
LOG (lattice-best-path[5.5.0~1494-e5a5]:main():lattice-best-path.cc:99) For utterance M0000000105_0001, best cost 49.9719 + 1944.32 = 1994.29 over 366 frames.
M0000000105_0001 โอกาส ที่ ปรมาณู การ 
LOG (lattice-best-path[5.5.0~1494-e5a5]:main():lattice-best-path.cc:99) For utterance M0000000105_0002, best cost 70.7235 + 1737.45 = 1808.18 over 314 frames.
M0000000105_0002 ออก ก้าวร้าว ได้ เคย กล่าว เนื่องจาก 
LOG (lattice-best-path[5.5.0~1494-e5a5]:main():lattice-best-path.cc:99) For utterance M0000000105_0003, best cost 46.1878 + 1459.81 = 1506 over 257 frames.
M0000000105_0003 ทรง ตำรวจ หรือ เครื่อง 
LOG (lattice-best-path[5.5.0~1494-e5a5]:main():lattice-best-path.cc:99) For utterance M0000000105_0004, best cost 50.9375 + 1661.4 = 1712.34 over 316 frames.
M0000000105_0004 เขา พับ อยู่ ให้บริการ 
LOG (lattice-best-path[5.5.0~1494-e5a5]:main():lattice-best-path.cc:99) For utterance M0000000105_0005, best cost 52.4557 + 1654.09 = 1706.55 over 309 frames.
M0000000105_0005 รบกวน ได้ ไซ หู การ 
LOG (lattice-best-path[5.5.0~1494-e5a5]:main():lattice-best-path.cc:99) For utterance M0000000105_0006, best cost 27.068 + 1199.46 = 1226.53 over 220 frames.
M0000000105_0006 ขอ งวดเงิน 
LOG (lattice-best-path[5.5.0~1494-e5a5]:main():lattice-best-path.cc:99) For utterance M0000000105_0007, best cost 46.1042 + 1429.27 = 1475.37 over 271 frames.
M0000000105_0007 รวมทั้ง รอบ แล้ว หนึ่ง 
LOG (lattice-best-path[5.5.0~1494-e5a5]:main():lattice-best-path.cc:99) For utterance M0000000105_0008, best cost 60.2943 + 1838.74 = 1899.03 over 350 frames.
M0000000105_0008 น้ำ ออก หนึ่ง นั้น ทั้ง สอง 
LOG (lattice-best-path[5.5.0~1494-e5a5]:main():lattice-best-path.cc:99) For utterance M0000000105_0009, best cost 39.3244 + 1363.56 = 1402.89 over 252 frames.
M0000000105_0009 ของ คำสั่ง ของ เรือน 
LOG (lattice-best-path[5.5.0~1494-e5a5]:main():lattice-best-path.cc:99) For utterance M0000000105_0010, best cost 33.0291 + 1201.36 = 1234.39 over 235 frames.
M0000000105_0010 ของ ลง น้อย 
LOG (lattice-best-path[5.5.0~1494-e5a5]:main():lattice-best-path.cc:99) For utterance M0000000105_0011, best cost 33.2836 + 949.693 = 982.976 over 178 frames.
M0000000105_0011 อาหาร ผลลัพธ์ 
LOG (lattice-best-path[5.5.0~1494-e5a5]:main():lattice-best-path.cc:99) For utterance M0000000105_0012, best cost 35.3242 + 1009.99 = 1045.31 over 172 frames.
M0000000105_0012 สำรวจ เครื่องกลึง 
LOG (lattice-best-path[5.5.0~1494-e5a5]:main():lattice-best-path.cc:99) For utterance M0000000105_0013, best cost 102.366 + 3552.76 = 3655.13 over 646 frames.
M0000000105_0013 ไอซี สอง จัดซื้อ ของ แบบ สอง พุ่ง ควร 
LOG (lattice-best-path[5.5.0~1494-e5a5]:main():lattice-best-path.cc:99) For utterance M0000000105_0014, best cost 33.1301 + 1135.87 = 1169 over 213 frames.
M0000000105_0014 ของ ออกแบบ 
LOG (lattice-best-path[5.5.0~1494-e5a5]:main():lattice-best-path.cc:99) For utterance M0000000105_0015, best cost 47.8398 + 1316.49 = 1364.33 over 252 frames.
M0000000105_0015 ข้อ นั้น ตรง นาน นัก 
LOG (lattice-best-path[5.5.0~1494-e5a5]:main():lattice-best-path.cc:99) For utterance M0000000105_0016, best cost 48.1075 + 1420.23 = 1468.34 over 252 frames.
M0000000105_0016 ก่อนหลัง ประจุ หนัก 
LOG (lattice-best-path[5.5.0~1494-e5a5]:main():lattice-best-path.cc:99) For utterance M0000000105_0017, best cost 38.3695 + 1017.19 = 1055.56 over 193 frames.
M0000000105_0017 ของ ร่างกาย แหล่งน้ำ 
LOG (lattice-best-path[5.5.0~1494-e5a5]:main():lattice-best-path.cc:99) For utterance M0000000105_0018, best cost 41.0056 + 1325.9 = 1366.9 over 238 frames.
M0000000105_0018 รบกวน หรือ น้อย 
LOG (lattice-best-path[5.5.0~1494-e5a5]:main():lattice-best-path.cc:99) For utterance M0000000105_0019, best cost 48.3897 + 1317.67 = 1366.06 over 236 frames.
M0000000105_0019 ผลลัพธ์ ไป ตก นาน นัก 
LOG (lattice-best-path[5.5.0~1494-e5a5]:main():lattice-best-path.cc:99) For utterance M0000000105_0020, best cost 32.4987 + 998.076 = 1030.57 over 190 frames.
M0000000105_0020 รูป ต่อไป ใน 
LOG (lattice-best-path[5.5.0~1494-e5a5]:main():lattice-best-path.cc:99) For utterance M0000000105_0021, best cost 28.2002 + 740.292 = 768.492 over 142 frames.
M0000000105_0021 มากขึ้น การ 
LOG (lattice-best-path[5.5.0~1494-e5a5]:main():lattice-best-path.cc:99) For utterance M0000000105_0022, best cost 29.3783 + 944.208 = 973.586 over 176 frames.
M0000000105_0022 ซึ่ง ใบไม้แห้ง 
LOG (lattice-best-path[5.5.0~1494-e5a5]:main():lattice-best-path.cc:99) For utterance M0000000105_0023, best cost 58.516 + 1481.41 = 1539.92 over 273 frames.
M0000000105_0023 อาหาร ขโมย มั่นคง ภายใน 
LOG (lattice-best-path[5.5.0~1494-e5a5]:main():lattice-best-path.cc:99) For utterance M0000000105_0024, best cost 38.9502 + 1107.67 = 1146.62 over 201 frames.
M0000000105_0024 ของ เครื่อง ลง น้อย 
LOG (lattice-best-path[5.5.0~1494-e5a5]:main():lattice-best-path.cc:99) For utterance M0000000105_0025, best cost 18.3868 + 628.391 = 646.778 over 111 frames.
M0000000105_0025 พระองค์ 
LOG (lattice-best-path[5.5.0~1494-e5a5]:main():lattice-best-path.cc:99) For utterance M0000000105_0026, best cost 56.2413 + 1544.02 = 1600.26 over 292 frames.
M0000000105_0026 มี นั้น จึง ชุด ที่ ไม่ 
LOG (lattice-best-path[5.5.0~1494-e5a5]:main():lattice-best-path.cc:99) For utterance M0000000105_0027, best cost 66.6466 + 2024.34 = 2090.99 over 373 frames.
M0000000105_0027 โต ซอส เหตุ ให้ นอกจาก 
LOG (lattice-best-path[5.5.0~1494-e5a5]:main():lattice-best-path.cc:99) For utterance M0000000105_0028, best cost 58.129 + 1628.78 = 1686.91 over 298 frames.
M0000000105_0028 ข้อ นั้น จึง เพิ่ม บ่อยครั้ง 
LOG (lattice-best-path[5.5.0~1494-e5a5]:main():lattice-best-path.cc:99) For utterance M0000000105_0029, best cost 40.9154 + 1152.54 = 1193.45 over 216 frames.
M0000000105_0029 จัดซื้อ คือ อย่าง 
LOG (lattice-best-path[5.5.0~1494-e5a5]:main():lattice-best-path.cc:99) For utterance M0000000105_0030, best cost 48.8562 + 1134.33 = 1183.19 over 212 frames.
M0000000105_0030 คง อะไร ได้ ต้อง 
LOG (lattice-best-path[5.5.0~1494-e5a5]:main():lattice-best-path.cc:99) For utterance M0000000105_0031, best cost 57.666 + 1327.5 = 1385.16 over 255 frames.
M0000000105_0031 อาหาร จะ มาก ที่ มน 
LOG (lattice-best-path[5.5.0~1494-e5a5]:main():lattice-best-path.cc:99) For utterance M0000000105_0032, best cost 45.4785 + 1397.14 = 1442.62 over 267 frames.
M0000000105_0032 ต้อง ป้อน อีก มากมาย 
LOG (lattice-best-path[5.5.0~1494-e5a5]:main():lattice-best-path.cc:99) For utterance M0000000105_0033, best cost 37.7293 + 1112.84 = 1150.57 over 215 frames.
M0000000105_0033 เดิน ไป จัดซื้อ 
LOG (lattice-best-path[5.5.0~1494-e5a5]:main():lattice-best-path.cc:99) For utterance M0000000105_0034, best cost 27.2448 + 1013.2 = 1040.44 over 198 frames.
M0000000105_0034 ก็ น้ำตาล 
LOG (lattice-best-path[5.5.0~1494-e5a5]:main():lattice-best-path.cc:99) For utterance M0000000105_0035, best cost 33.7857 + 1224.92 = 1258.7 over 249 frames.
M0000000105_0035 ไม่ ทัน แล้ว 
LOG (lattice-best-path[5.5.0~1494-e5a5]:main():lattice-best-path.cc:99) For utterance M0000000105_0036, best cost 43.7596 + 1153.05 = 1196.81 over 221 frames.
M0000000105_0036 ขอบ เปลี่ยน เป็น รูป 
LOG (lattice-best-path[5.5.0~1494-e5a5]:main():lattice-best-path.cc:99) For utterance M0000000105_0037, best cost 43.9255 + 1108.8 = 1152.73 over 209 frames.
M0000000105_0037 ไม่ ออก แนว ของ 
LOG (lattice-best-path[5.5.0~1494-e5a5]:main():lattice-best-path.cc:99) For utterance M0000000105_0038, best cost 39.4071 + 1588.02 = 1627.43 over 307 frames.
M0000000105_0038 รูป ของ อยู่ ตรง 
LOG (lattice-best-path[5.5.0~1494-e5a5]:main():lattice-best-path.cc:99) For utterance M0000000105_0039, best cost 41.8211 + 1245.22 = 1287.04 over 234 frames.
M0000000105_0039 หลัก ไป ตก หนัก 
LOG (lattice-best-path[5.5.0~1494-e5a5]:main():lattice-best-path.cc:99) For utterance M0000000105_0040, best cost 44.2926 + 1317.36 = 1361.66 over 245 frames.
M0000000105_0040 ได้ ไป ตก หนัก 
LOG (lattice-best-path[5.5.0~1494-e5a5]:main():lattice-best-path.cc:99) For utterance M0000000105_0041, best cost 75.9039 + 2039.2 = 2115.11 over 385 frames.
M0000000105_0041 ออก ออกรวง นั้น มา ป้อน บัตร ไม่ 
LOG (lattice-best-path[5.5.0~1494-e5a5]:main():lattice-best-path.cc:99) For utterance M0000000105_0042, best cost 45.4901 + 1498.98 = 1544.47 over 279 frames.
M0000000105_0042 จาก ได้ ไป ถ่องแท้ 
LOG (lattice-best-path[5.5.0~1494-e5a5]:main():lattice-best-path.cc:99) For utterance M0000000105_0043, best cost 35.4965 + 1371.56 = 1407.06 over 264 frames.
M0000000105_0043 ส่วน บน ว่องไว 
LOG (lattice-best-path[5.5.0~1494-e5a5]:main():lattice-best-path.cc:99) For utterance M0000000105_0044, best cost 30.1954 + 1023.31 = 1053.5 over 190 frames.
M0000000105_0044 ติดตั้ง ด้วย 
LOG (lattice-best-path[5.5.0~1494-e5a5]:main():lattice-best-path.cc:99) For utterance M0000000105_0045, best cost 39.3657 + 1470.68 = 1510.05 over 280 frames.
M0000000105_0045 เจาะ บัตร เคลื่อนที่ ได้ 
LOG (lattice-best-path[5.5.0~1494-e5a5]:main():lattice-best-path.cc:99) For utterance M0000000105_0046, best cost 29.8645 + 956.779 = 986.643 over 187 frames.
M0000000105_0046 ที่ ไป 
LOG (lattice-best-path[5.5.0~1494-e5a5]:main():lattice-best-path.cc:99) For utterance M0000000105_0047, best cost 44.387 + 1282.8 = 1327.19 over 236 frames.
M0000000105_0047 ซึ่ง เป็น จาก บัตร ออก 
LOG (lattice-best-path[5.5.0~1494-e5a5]:main():lattice-best-path.cc:99) For utterance M0000000105_0048, best cost 54.1676 + 1717.78 = 1771.95 over 325 frames.
M0000000105_0048 มี โรค ชั้น ใน ใน 
LOG (lattice-best-path[5.5.0~1494-e5a5]:main():lattice-best-path.cc:99) For utterance M0000000105_0049, best cost 44.0477 + 1146.77 = 1190.82 over 220 frames.
M0000000105_0049 ไม่ ขโมย เลย 
LOG (lattice-best-path[5.5.0~1494-e5a5]:main():lattice-best-path.cc:99) For utterance M0000000105_0050, best cost 32.3256 + 1075.25 = 1107.58 over 205 frames.
M0000000105_0050 นอกจาก แยก บัตร 
LOG (lattice-best-path[5.5.0~1494-e5a5]:main():lattice-best-path.cc:99) For utterance M0000000105_0051, best cost 42.841 + 1537.57 = 1580.42 over 305 frames.
M0000000105_0051 สร้าง ขึ้น เป็น ข่าว 
LOG (lattice-best-path[5.5.0~1494-e5a5]:main():lattice-best-path.cc:99) For utterance M0000000105_0052, best cost 40.2563 + 1181.52 = 1221.77 over 220 frames.
M0000000105_0052 เพื่อ เกิน ไป เปราะ 
LOG (lattice-best-path[5.5.0~1494-e5a5]:main():lattice-best-path.cc:99) For utterance M0000000105_0053, best cost 65.5922 + 1966.72 = 2032.32 over 376 frames.
M0000000105_0053 วัน นี้ ขโมย มาก หรือ เพราะ 
LOG (lattice-best-path[5.5.0~1494-e5a5]:main():lattice-best-path.cc:99) For utterance M0000000105_0054, best cost 29.4197 + 997.176 = 1026.6 over 194 frames.
M0000000105_0054 เป็น วัย ของ 
LOG (lattice-best-path[5.5.0~1494-e5a5]:main():lattice-best-path.cc:99) For utterance M0000000105_0055, best cost 39.8198 + 1072.68 = 1112.5 over 202 frames.
M0000000105_0055 ค้นหา พบ ใน 
LOG (lattice-best-path[5.5.0~1494-e5a5]:main():lattice-best-path.cc:99) For utterance M0000000105_0056, best cost 79.239 + 2380.73 = 2459.97 over 450 frames.
M0000000105_0056 ยิ่งขึ้น การ รักษา คลื่น ยาว ได้ ง่าย 
LOG (lattice-best-path[5.5.0~1494-e5a5]:main():lattice-best-path.cc:99) For utterance M0000000105_0057, best cost 35.1579 + 950.029 = 985.187 over 187 frames.
M0000000105_0057 ไม่ ต้อง คน 
LOG (lattice-best-path[5.5.0~1494-e5a5]:main():lattice-best-path.cc:99) For utterance M0000000105_0058, best cost 37.0761 + 1135.35 = 1172.43 over 215 frames.
M0000000105_0058 บาง จำหน่าย ใน 
LOG (lattice-best-path[5.5.0~1494-e5a5]:main():lattice-best-path.cc:99) For utterance M0000000105_0059, best cost 46.375 + 1457.06 = 1503.43 over 273 frames.
M0000000105_0059 รับ ข้อมูล จาก เท่าไร 
LOG (lattice-best-path[5.5.0~1494-e5a5]:main():lattice-best-path.cc:99) For utterance M0000000105_0060, best cost 52.3986 + 1784.64 = 1837.04 over 331 frames.
M0000000105_0060 ต้ม การ ปรุง หรือ มากมาย 
LOG (lattice-best-path[5.5.0~1494-e5a5]:main():lattice-best-path.cc:99) For utterance M0000000105_0061, best cost 38.6358 + 1372.45 = 1411.08 over 256 frames.
M0000000105_0061 กลไก บ้านเมือง กับ 
LOG (lattice-best-path[5.5.0~1494-e5a5]:main():lattice-best-path.cc:99) For utterance M0000000105_0062, best cost 45.915 + 1068.83 = 1114.75 over 209 frames.
M0000000105_0062 มี พร้อม คือ ไม่ 
LOG (lattice-best-path[5.5.0~1494-e5a5]:main():lattice-best-path.cc:99) For utterance M0000000105_0063, best cost 52.9436 + 1407.11 = 1460.05 over 264 frames.
M0000000105_0063 ฤดู มี ขโมย ใน 
LOG (lattice-best-path[5.5.0~1494-e5a5]:main():lattice-best-path.cc:99) For utterance M0000000105_0064, best cost 29.8371 + 1196.19 = 1226.03 over 220 frames.
M0000000105_0064 ซ้อน กัน 
LOG (lattice-best-path[5.5.0~1494-e5a5]:main():lattice-best-path.cc:99) For utterance M0000000105_0065, best cost 35.4694 + 1447.37 = 1482.84 over 273 frames.
M0000000105_0065 ก็ ถูก ลง น้อย 
LOG (lattice-best-path[5.5.0~1494-e5a5]:main():lattice-best-path.cc:99) For utterance M0000000105_0066, best cost 46.9436 + 1098.67 = 1145.61 over 194 frames.
M0000000105_0066 ขัดยอก หมด ครอบ 
LOG (lattice-best-path[5.5.0~1494-e5a5]:main():lattice-best-path.cc:99) For utterance M0000000105_0067, best cost 38.9856 + 1146.72 = 1185.71 over 212 frames.
M0000000105_0067 ของ มี อนึ่ง 
LOG (lattice-best-path[5.5.0~1494-e5a5]:main():lattice-best-path.cc:99) For utterance M0000000105_0068, best cost 48.5997 + 1495.27 = 1543.87 over 279 frames.
M0000000105_0068 ของ การ แบ่ง ต้องการ 
LOG (lattice-best-path[5.5.0~1494-e5a5]:main():lattice-best-path.cc:99) For utterance M0000000105_0069, best cost 51.2234 + 1436.8 = 1488.02 over 272 frames.
M0000000105_0069 มี ที่ หลัง หรือ น้อย 
LOG (lattice-best-path[5.5.0~1494-e5a5]:main():lattice-best-path.cc:99) For utterance M0000000105_0070, best cost 42.5402 + 1164.01 = 1206.55 over 219 frames.
M0000000105_0070 คง เป็น ลูกกลอน สี 
LOG (lattice-best-path[5.5.0~1494-e5a5]:main():lattice-best-path.cc:99) For utterance M0000000105_0071, best cost 52.5339 + 1696.23 = 1748.77 over 320 frames.
M0000000105_0071 การ มี ขูด น้อย 
LOG (lattice-best-path[5.5.0~1494-e5a5]:main():lattice-best-path.cc:99) For utterance M0000000105_0072, best cost 55.3695 + 1766.91 = 1822.28 over 332 frames.
M0000000105_0072 ส่วน ที่ เป็น มากขึ้น โดย ไม่ 
LOG (lattice-best-path[5.5.0~1494-e5a5]:main():lattice-best-path.cc:99) For utterance M0000000105_0073, best cost 72.7369 + 2074.94 = 2147.67 over 393 frames.
M0000000105_0073 ทำ อะไร ระหว่าง ทำ อาหาร ปลา 
LOG (lattice-best-path[5.5.0~1494-e5a5]:main():lattice-best-path.cc:99) For utterance M0000000105_0074, best cost 44.9616 + 1339.16 = 1384.12 over 257 frames.
M0000000105_0074 รับ ได้ สรุป ไม่ 
LOG (lattice-best-path[5.5.0~1494-e5a5]:main():lattice-best-path.cc:99) For utterance M0000000105_0075, best cost 64.9237 + 1997.69 = 2062.61 over 378 frames.
M0000000105_0075 จาก สมการ ต้อง อายุ เท่าไร 
LOG (lattice-best-path[5.5.0~1494-e5a5]:main():lattice-best-path.cc:99) For utterance M0000000105_0076, best cost 59.0387 + 1769.71 = 1828.74 over 330 frames.
M0000000105_0076 ยัง ไม่ เตือน อาหาร ไม่ 
LOG (lattice-best-path[5.5.0~1494-e5a5]:main():lattice-best-path.cc:99) For utterance M0000000105_0077, best cost 76.1985 + 2299.97 = 2376.16 over 435 frames.
M0000000105_0077 ไม่ มี ต่างๆ ต้องการ แทน หลอด ไม่ 
LOG (lattice-best-path[5.5.0~1494-e5a5]:main():lattice-best-path.cc:99) For utterance M0000000105_0078, best cost 57.0854 + 1975.06 = 2032.15 over 373 frames.
M0000000105_0078 จัดซื้อ การ ต้ม สายสร้อย 
LOG (lattice-best-path[5.5.0~1494-e5a5]:main():lattice-best-path.cc:99) For utterance M0000000105_0079, best cost 42.3964 + 1412.89 = 1455.29 over 266 frames.
M0000000105_0079 กลาย เป็น ใช้ ใน 
LOG (lattice-best-path[5.5.0~1494-e5a5]:main():lattice-best-path.cc:99) For utterance M0000000105_0080, best cost 78.8916 + 2116.4 = 2195.29 over 408 frames.
M0000000105_0080 จาก เปิด สาขา บาง ต้อง ทำ ใน 
LOG (lattice-best-path[5.5.0~1494-e5a5]:main():lattice-best-path.cc:99) For utterance M0000000105_0081, best cost 72.3833 + 2066.89 = 2139.28 over 394 frames.
M0000000105_0081 ปรก ช่วย ต่างๆ หลัก การ ขาย ใน 
LOG (lattice-best-path[5.5.0~1494-e5a5]:main():lattice-best-path.cc:99) For utterance M0000000105_0082, best cost 86.0002 + 2244.76 = 2330.76 over 429 frames.
M0000000105_0082 อาจจะ ไป เปิด ล้าน คน สี แยก บัตร 
LOG (lattice-best-path[5.5.0~1494-e5a5]:main():lattice-best-path.cc:99) For utterance M0000000105_0083, best cost 43.6528 + 1391.26 = 1434.92 over 257 frames.
M0000000105_0083 ขัดยอก ขาย ใน 
LOG (lattice-best-path[5.5.0~1494-e5a5]:main():lattice-best-path.cc:99) For utterance M0000000105_0084, best cost 48.1926 + 1456.97 = 1505.16 over 271 frames.
M0000000105_0084 สะกดจิต เป็น ใน บาง 
LOG (lattice-best-path[5.5.0~1494-e5a5]:main():lattice-best-path.cc:99) For utterance M0000000105_0085, best cost 45.7803 + 1788 = 1833.78 over 335 frames.
M0000000105_0085 อาหาร ไม่ ได้ อีกด้วย 
LOG (lattice-best-path[5.5.0~1494-e5a5]:main():lattice-best-path.cc:99) For utterance M0000000105_0086, best cost 48.5577 + 1747.45 = 1796.01 over 334 frames.
M0000000105_0086 ส่วนหนึ่ง ภายใต้ เลือด 
LOG (lattice-best-path[5.5.0~1494-e5a5]:main():lattice-best-path.cc:99) For utterance M0000000105_0087, best cost 51.1403 + 1381.36 = 1432.5 over 259 frames.
M0000000105_0087 เตือน ใน รูป ได้ ไม่ 
LOG (lattice-best-path[5.5.0~1494-e5a5]:main():lattice-best-path.cc:99) For utterance M0000000105_0088, best cost 53.8844 + 1656.74 = 1710.63 over 295 frames.
M0000000105_0088 ใช้ ถูก นอกจาก ที่ ได้ 
LOG (lattice-best-path[5.5.0~1494-e5a5]:main():lattice-best-path.cc:99) For utterance M0000000105_0089, best cost 42.1058 + 1359.78 = 1401.88 over 249 frames.
M0000000105_0089 ต้อง ใช้ ใน การ ชง 
LOG (lattice-best-path[5.5.0~1494-e5a5]:main():lattice-best-path.cc:99) For utterance M0000000105_0090, best cost 49.8048 + 1767.43 = 1817.24 over 328 frames.
M0000000105_0090 ทำ ลูกกลอน อย่างไร 
LOG (lattice-best-path[5.5.0~1494-e5a5]:main():lattice-best-path.cc:99) For utterance M0000000105_0091, best cost 51.3959 + 1420.56 = 1471.95 over 263 frames.
M0000000105_0091 ใส่ ศูนย์สูตร โลก หรือ เพราะ 
LOG (lattice-best-path[5.5.0~1494-e5a5]:main():lattice-best-path.cc:99) For utterance M0000000105_0092, best cost 41.2462 + 1228.85 = 1270.1 over 230 frames.
M0000000105_0092 ไซ หู หรือ ป้อน 
LOG (lattice-best-path[5.5.0~1494-e5a5]:main():lattice-best-path.cc:99) For utterance M0000000105_0093, best cost 48.6168 + 1527.82 = 1576.44 over 289 frames.
M0000000105_0093 แคระแกร็น ฝ่าย จากนั้น 
LOG (lattice-best-path[5.5.0~1494-e5a5]:main():lattice-best-path.cc:99) For utterance M0000000105_0094, best cost 58.7552 + 3143.18 = 3201.94 over 615 frames.
M0000000105_0094 เอา ผล กล้วย ขอบ พรึง 
LOG (lattice-best-path[5.5.0~1494-e5a5]:main():lattice-best-path.cc:99) For utterance M0000000105_0095, best cost 64.115 + 1925.02 = 1989.14 over 363 frames.
M0000000105_0095 ทำ ด้วย น้อย เข้าออก จาก ไม่ 
LOG (lattice-best-path[5.5.0~1494-e5a5]:main():lattice-best-path.cc:99) For utterance M0000000105_0096, best cost 63.5631 + 1772.96 = 1836.52 over 337 frames.
M0000000105_0096 โยธิน โป๊ะ เป็น ขึ้น ใหม่ อื่น 
LOG (lattice-best-path[5.5.0~1494-e5a5]:main():lattice-best-path.cc:99) For utterance M0000000105_0097, best cost 62.3756 + 1571.93 = 1634.31 over 294 frames.
M0000000105_0097 บาง ส่ง ที่ ข้าว ใน น้อย 
LOG (lattice-best-path[5.5.0~1494-e5a5]:main():lattice-best-path.cc:99) For utterance M0000000105_0098, best cost 82.8798 + 2072.63 = 2155.51 over 390 frames.
M0000000105_0098 มา ส่ง ให้ ที่ บาน ได้ บ่อยครั้ง 
LOG (lattice-best-path[5.5.0~1494-e5a5]:main():lattice-best-path.cc:99) For utterance M0000000105_0099, best cost 48.1183 + 1455.4 = 1503.52 over 273 frames.
M0000000105_0099 เดียว ลง ไป ออก รวง 
LOG (lattice-best-path[5.5.0~1494-e5a5]:main():lattice-best-path.cc:99) For utterance M0000000105_0100, best cost 65.8187 + 1910.25 = 1976.07 over 361 frames.
M0000000105_0100 นิยม เดิน ไป ออก ที่ นาน นัก 
LOG (lattice-best-path[5.5.0~1494-e5a5]:main():lattice-best-path.cc:99) For utterance M0000000105_0101, best cost 87.7761 + 2934.1 = 3021.87 over 544 frames.
M0000000105_0101 อยู่ สายตา ของ เรา อะไร ออกอากาศ หนึ่ง 
LOG (lattice-best-path[5.5.0~1494-e5a5]:main():lattice-best-path.cc:99) For utterance M0000000107_0000, best cost 15.6457 + 1298.39 = 1314.04 over 210 frames.
M0000000107_0000 
LOG (lattice-best-path[5.5.0~1494-e5a5]:main():lattice-best-path.cc:99) For utterance M0000000107_0001, best cost 37.0281 + 2560.69 = 2597.72 over 423 frames.
M0000000107_0001 เพราะฉะนั้น การ 
LOG (lattice-best-path[5.5.0~1494-e5a5]:main():lattice-best-path.cc:99) For utterance M0000000107_0002, best cost 42.6822 + 1939.77 = 1982.46 over 325 frames.
M0000000107_0002 เท่าไร ให้บริการ 
LOG (lattice-best-path[5.5.0~1494-e5a5]:main():lattice-best-path.cc:99) For utterance M0000000107_0003, best cost 26.9007 + 1587 = 1613.9 over 276 frames.
M0000000107_0003 ครั้นแล้ว 
LOG (lattice-best-path[5.5.0~1494-e5a5]:main():lattice-best-path.cc:99) For utterance M0000000107_0004, best cost 25.0284 + 1548.71 = 1573.74 over 260 frames.
M0000000107_0004 เขา 
LOG (lattice-best-path[5.5.0~1494-e5a5]:main():lattice-best-path.cc:99) For utterance M0000000107_0005, best cost 35.7613 + 1439.33 = 1475.1 over 236 frames.
M0000000107_0005 เออออ ไป ใช้ 
LOG (lattice-best-path[5.5.0~1494-e5a5]:main():lattice-best-path.cc:99) For utterance M0000000107_0006, best cost 15.4994 + 1108.98 = 1124.48 over 177 frames.
M0000000107_0006 
LOG (lattice-best-path[5.5.0~1494-e5a5]:main():lattice-best-path.cc:99) For utterance M0000000107_0007, best cost 42.9666 + 1234.02 = 1276.99 over 207 frames.
M0000000107_0007 นั้น เช่น เอา เท่านั้น 
LOG (lattice-best-path[5.5.0~1494-e5a5]:main():lattice-best-path.cc:99) For utterance M0000000107_0008, best cost 44.334 + 1598.71 = 1643.05 over 266 frames.
M0000000107_0008 นำเอา เป็น กำลังส่ง 
LOG (lattice-best-path[5.5.0~1494-e5a5]:main():lattice-best-path.cc:99) For utterance M0000000107_0009, best cost 21.4352 + 1436.2 = 1457.64 over 239 frames.
M0000000107_0009 แคระแกร็น 
LOG (lattice-best-path[5.5.0~1494-e5a5]:main():lattice-best-path.cc:99) For utterance M0000000107_0010, best cost 27.2629 + 1377.51 = 1404.77 over 244 frames.
M0000000107_0010 ของ ร้อน 
LOG (lattice-best-path[5.5.0~1494-e5a5]:main():lattice-best-path.cc:99) For utterance M0000000107_0011, best cost 23.9614 + 1097.02 = 1120.98 over 176 frames.
M0000000107_0011 มหาอาณาจักร 
LOG (lattice-best-path[5.5.0~1494-e5a5]:main():lattice-best-path.cc:99) For utterance M0000000107_0012, best cost 30.6496 + 1379.96 = 1410.61 over 230 frames.
M0000000107_0012 กำหนด ยิ่งขึ้น 
LOG (lattice-best-path[5.5.0~1494-e5a5]:main():lattice-best-path.cc:99) For utterance M0000000107_0013, best cost 44.2643 + 2641.64 = 2685.9 over 430 frames.
M0000000107_0013 ที่ ถ่องแท้ 
LOG (lattice-best-path[5.5.0~1494-e5a5]:main():lattice-best-path.cc:99) For utterance M0000000107_0014, best cost 29.6782 + 1320.83 = 1350.5 over 219 frames.
M0000000107_0014 ขอม โบราณ ที่ 
LOG (lattice-best-path[5.5.0~1494-e5a5]:main():lattice-best-path.cc:99) For utterance M0000000107_0015, best cost 33.9725 + 1366.31 = 1400.28 over 224 frames.
M0000000107_0015 ของ ดรัม มาก 
LOG (lattice-best-path[5.5.0~1494-e5a5]:main():lattice-best-path.cc:99) For utterance M0000000107_0016, best cost 28.284 + 1677.61 = 1705.89 over 265 frames.
M0000000107_0016 แคระแกร็น 
LOG (lattice-best-path[5.5.0~1494-e5a5]:main():lattice-best-path.cc:99) For utterance M0000000107_0017, best cost 31.598 + 1295.79 = 1327.38 over 219 frames.
M0000000107_0017 ของ มาตรเวลา 
LOG (lattice-best-path[5.5.0~1494-e5a5]:main():lattice-best-path.cc:99) For utterance M0000000107_0018, best cost 37.3919 + 1179.16 = 1216.55 over 197 frames.
M0000000107_0018 ของ เรา มี เท่านั้น 
LOG (lattice-best-path[5.5.0~1494-e5a5]:main():lattice-best-path.cc:99) For utterance M0000000107_0019, best cost 41.4321 + 1521.42 = 1562.85 over 253 frames.
M0000000107_0019 หลาย เป็นต้นมา มาก 
LOG (lattice-best-path[5.5.0~1494-e5a5]:main():lattice-best-path.cc:99) For utterance M0000000107_0020, best cost 15.3453 + 1121.43 = 1136.78 over 179 frames.
M0000000107_0020 
LOG (lattice-best-path[5.5.0~1494-e5a5]:main():lattice-best-path.cc:99) For utterance M0000000107_0021, best cost 22.6892 + 1064.68 = 1087.37 over 174 frames.
M0000000107_0021 คล้ายคลึง กัน 
LOG (lattice-best-path[5.5.0~1494-e5a5]:main():lattice-best-path.cc:99) For utterance M0000000107_0022, best cost 29.9394 + 1642.81 = 1672.75 over 282 frames.
M0000000107_0022 ขึ้นมา ไม่ ทัน 
LOG (lattice-best-path[5.5.0~1494-e5a5]:main():lattice-best-path.cc:99) For utterance M0000000107_0023, best cost 28.222 + 1770.73 = 1798.95 over 295 frames.
M0000000107_0023 ไขราหน้าจั่ว 
LOG (lattice-best-path[5.5.0~1494-e5a5]:main():lattice-best-path.cc:99) For utterance M0000000107_0024, best cost 26.1919 + 1120.67 = 1146.87 over 188 frames.
M0000000107_0024 ของ เครื่องบิน 
LOG (lattice-best-path[5.5.0~1494-e5a5]:main():lattice-best-path.cc:99) For utterance M0000000107_0025, best cost 19.3625 + 981.436 = 1000.8 over 159 frames.
M0000000107_0025 ครั้นแล้ว 
LOG (lattice-best-path[5.5.0~1494-e5a5]:main():lattice-best-path.cc:99) For utterance M0000000107_0026, best cost 39.6338 + 1413.48 = 1453.12 over 233 frames.
M0000000107_0026 มี กำลังส่ง ที่ ไม่ 
LOG (lattice-best-path[5.5.0~1494-e5a5]:main():lattice-best-path.cc:99) For utterance M0000000107_0027, best cost 38.7102 + 1536.33 = 1575.04 over 259 frames.
M0000000107_0027 ฟอสฟอรัส เล็กๆน้อยๆ ได้ 
LOG (lattice-best-path[5.5.0~1494-e5a5]:main():lattice-best-path.cc:99) For utterance M0000000107_0028, best cost 31.9238 + 1505.59 = 1537.51 over 249 frames.
M0000000107_0028 คอมพิวเตอร์ มั่นคง 
LOG (lattice-best-path[5.5.0~1494-e5a5]:main():lattice-best-path.cc:99) For utterance M0000000107_0029, best cost 26.3297 + 1170.13 = 1196.46 over 202 frames.
M0000000107_0029 การ หาเลี้ยง 
LOG (lattice-best-path[5.5.0~1494-e5a5]:main():lattice-best-path.cc:99) For utterance M0000000107_0030, best cost 30.3135 + 1413.98 = 1444.29 over 236 frames.
M0000000107_0030 คง ฝรั่ง 
LOG (lattice-best-path[5.5.0~1494-e5a5]:main():lattice-best-path.cc:99) For utterance M0000000107_0031, best cost 36.213 + 1400.65 = 1436.87 over 246 frames.
M0000000107_0031 อาคาร สถานที่ ลง 
LOG (lattice-best-path[5.5.0~1494-e5a5]:main():lattice-best-path.cc:99) For utterance M0000000107_0032, best cost 29.1517 + 1747.96 = 1777.12 over 297 frames.
M0000000107_0032 ดร. อย่างไร 
LOG (lattice-best-path[5.5.0~1494-e5a5]:main():lattice-best-path.cc:99) For utterance M0000000107_0033, best cost 20.8134 + 1192.46 = 1213.27 over 209 frames.
M0000000107_0033 รายละเอียด 
LOG (lattice-best-path[5.5.0~1494-e5a5]:main():lattice-best-path.cc:99) For utterance M0000000107_0034, best cost 21.0888 + 954.348 = 975.437 over 158 frames.
M0000000107_0034 อร่ามเหลือง 
LOG (lattice-best-path[5.5.0~1494-e5a5]:main():lattice-best-path.cc:99) For utterance M0000000107_0035, best cost 14.4584 + 1026.63 = 1041.09 over 181 frames.
M0000000107_0035 แล้ว 
LOG (lattice-best-path[5.5.0~1494-e5a5]:main():lattice-best-path.cc:99) For utterance M0000000107_0036, best cost 29.908 + 1158.24 = 1188.15 over 208 frames.
M0000000107_0036 เพาะเลี้ยง เป็นต้น 
LOG (lattice-best-path[5.5.0~1494-e5a5]:main():lattice-best-path.cc:99) For utterance M0000000107_0037, best cost 28.6392 + 1334.39 = 1363.03 over 230 frames.
M0000000107_0037 แล้ว แนวทาง 
LOG (lattice-best-path[5.5.0~1494-e5a5]:main():lattice-best-path.cc:99) For utterance M0000000107_0038, best cost 26.2164 + 1077.39 = 1103.61 over 174 frames.
M0000000107_0038 รุ่งอรุณ และ 
LOG (lattice-best-path[5.5.0~1494-e5a5]:main():lattice-best-path.cc:99) For utterance M0000000107_0039, best cost 32.2532 + 1366.41 = 1398.66 over 224 frames.
M0000000107_0039 ยา รส สามารถ 
LOG (lattice-best-path[5.5.0~1494-e5a5]:main():lattice-best-path.cc:99) For utterance M0000000107_0040, best cost 31.6211 + 1507.39 = 1539.01 over 257 frames.
M0000000107_0040 ยา รส เท่านั้น 
LOG (lattice-best-path[5.5.0~1494-e5a5]:main():lattice-best-path.cc:99) For utterance M0000000107_0041, best cost 51.045 + 1579.68 = 1630.73 over 263 frames.
M0000000107_0041 เออออ พลเมือง โดย ไม่ 
LOG (lattice-best-path[5.5.0~1494-e5a5]:main():lattice-best-path.cc:99) For utterance M0000000107_0042, best cost 24.7951 + 1193.08 = 1217.88 over 201 frames.
M0000000107_0042 อย่างไร 
LOG (lattice-best-path[5.5.0~1494-e5a5]:main():lattice-best-path.cc:99) For utterance M0000000107_0043, best cost 21.7915 + 1150.22 = 1172.01 over 189 frames.
M0000000107_0043 ฉลามลาย 
LOG (lattice-best-path[5.5.0~1494-e5a5]:main():lattice-best-path.cc:99) For utterance M0000000107_0044, best cost 22.6771 + 1102.34 = 1125.01 over 181 frames.
M0000000107_0044 ด้วย 
LOG (lattice-best-path[5.5.0~1494-e5a5]:main():lattice-best-path.cc:99) For utterance M0000000107_0045, best cost 27.6329 + 1514.22 = 1541.86 over 251 frames.
M0000000107_0045 ระยะ เคลื่อนที่ ได้ 
LOG (lattice-best-path[5.5.0~1494-e5a5]:main():lattice-best-path.cc:99) For utterance M0000000107_0046, best cost 22.4308 + 1142.49 = 1164.92 over 194 frames.
M0000000107_0046 อธิบาย 
LOG (lattice-best-path[5.5.0~1494-e5a5]:main():lattice-best-path.cc:99) For utterance M0000000107_0047, best cost 23.9891 + 1268.15 = 1292.14 over 215 frames.
M0000000107_0047 ครั้นแล้ว กระดาษ 
LOG (lattice-best-path[5.5.0~1494-e5a5]:main():lattice-best-path.cc:99) For utterance M0000000107_0048, best cost 33.9497 + 1439.97 = 1473.92 over 237 frames.
M0000000107_0048 ลดทอน ได้ ด้วย 
LOG (lattice-best-path[5.5.0~1494-e5a5]:main():lattice-best-path.cc:99) For utterance M0000000107_0049, best cost 18.3632 + 1002.12 = 1020.49 over 178 frames.
M0000000107_0049 เรื่อย 
LOG (lattice-best-path[5.5.0~1494-e5a5]:main():lattice-best-path.cc:99) For utterance M0000000107_0050, best cost 32.6918 + 1148.86 = 1181.55 over 195 frames.
M0000000107_0050 ลง ทะเล มาก 
LOG (lattice-best-path[5.5.0~1494-e5a5]:main():lattice-best-path.cc:99) For utterance M0000000107_0051, best cost 32.4035 + 1128.7 = 1161.1 over 198 frames.
M0000000107_0051 ประจำวัน ข่าว 
LOG (lattice-best-path[5.5.0~1494-e5a5]:main():lattice-best-path.cc:99) For utterance M0000000107_0052, best cost 27.7488 + 1271.03 = 1298.78 over 215 frames.
M0000000107_0052 เกล็ด ปลาไหล หาง 
LOG (lattice-best-path[5.5.0~1494-e5a5]:main():lattice-best-path.cc:99) For utterance M0000000107_0053, best cost 45.0394 + 1367.83 = 1412.87 over 229 frames.
M0000000107_0053 องค์ เดียว น้อย มาก นัก 
LOG (lattice-best-path[5.5.0~1494-e5a5]:main():lattice-best-path.cc:99) For utterance M0000000107_0054, best cost 22.1852 + 971.511 = 993.696 over 161 frames.
M0000000107_0054 อิเล็กตรอน 
LOG (lattice-best-path[5.5.0~1494-e5a5]:main():lattice-best-path.cc:99) For utterance M0000000107_0055, best cost 33.7468 + 1117.39 = 1151.14 over 193 frames.
M0000000107_0055 รหัส ของ ไว้ 
LOG (lattice-best-path[5.5.0~1494-e5a5]:main():lattice-best-path.cc:99) For utterance M0000000107_0056, best cost 47.4881 + 2049.89 = 2097.38 over 343 frames.
M0000000107_0056 ร่างกาย ขึ้น อย่างไร 
LOG (lattice-best-path[5.5.0~1494-e5a5]:main():lattice-best-path.cc:99) For utterance M0000000107_0057, best cost 20.1978 + 903.231 = 923.429 over 163 frames.
M0000000107_0057 มั่นคง 
LOG (lattice-best-path[5.5.0~1494-e5a5]:main():lattice-best-path.cc:99) For utterance M0000000107_0058, best cost 29.5294 + 1074.47 = 1104 over 179 frames.
M0000000107_0058 หลังจากนั้น ไม่ 
LOG (lattice-best-path[5.5.0~1494-e5a5]:main():lattice-best-path.cc:99) For utterance M0000000107_0059, best cost 15.7801 + 1301.63 = 1317.41 over 220 frames.
M0000000107_0059 
LOG (lattice-best-path[5.5.0~1494-e5a5]:main():lattice-best-path.cc:99) For utterance M0000000107_0060, best cost 30.3632 + 1895.07 = 1925.44 over 320 frames.
M0000000107_0060 และ ไม่ 
LOG (lattice-best-path[5.5.0~1494-e5a5]:main():lattice-best-path.cc:99) For utterance M0000000107_0061, best cost 37.813 + 1308.79 = 1346.61 over 233 frames.
M0000000107_0061 กลไก เป็น วัย ของ 
LOG (lattice-best-path[5.5.0~1494-e5a5]:main():lattice-best-path.cc:99) For utterance M0000000107_0062, best cost 31.5892 + 1098.68 = 1130.27 over 192 frames.
M0000000107_0062 มี ท่องเที่ยว ไป 
LOG (lattice-best-path[5.5.0~1494-e5a5]:main():lattice-best-path.cc:99) For utterance M0000000107_0063, best cost 41.5674 + 1278.7 = 1320.27 over 228 frames.
M0000000107_0063 เร็ว ตัวเมีย ร้องไห้ 
LOG (lattice-best-path[5.5.0~1494-e5a5]:main():lattice-best-path.cc:99) For utterance M0000000107_0064, best cost 24.4501 + 1015.47 = 1039.92 over 176 frames.
M0000000107_0064 คลอไรด์ ซิเทรต 
LOG (lattice-best-path[5.5.0~1494-e5a5]:main():lattice-best-path.cc:99) For utterance M0000000107_0065, best cost 34.6232 + 1332.71 = 1367.33 over 216 frames.
M0000000107_0065 ของ ศัตรู ทำลาย 
LOG (lattice-best-path[5.5.0~1494-e5a5]:main():lattice-best-path.cc:99) For utterance M0000000107_0066, best cost 18.3788 + 1187.2 = 1205.58 over 192 frames.
M0000000107_0066 เพราะ 
LOG (lattice-best-path[5.5.0~1494-e5a5]:main():lattice-best-path.cc:99) For utterance M0000000107_0067, best cost 20.8856 + 1203.43 = 1224.32 over 201 frames.
M0000000107_0067 แคระแกร็น 
LOG (lattice-best-path[5.5.0~1494-e5a5]:main():lattice-best-path.cc:99) For utterance M0000000107_0068, best cost 34.444 + 1756.29 = 1790.74 over 298 frames.
M0000000107_0068 แคระแกร็น ต้องการ 
LOG (lattice-best-path[5.5.0~1494-e5a5]:main():lattice-best-path.cc:99) For utterance M0000000107_0069, best cost 29.5926 + 1102.75 = 1132.35 over 185 frames.
M0000000107_0069 วิธี อย่างไร 
LOG (lattice-best-path[5.5.0~1494-e5a5]:main():lattice-best-path.cc:99) For utterance M0000000107_0070, best cost 38.351 + 1299.55 = 1337.9 over 228 frames.
M0000000107_0070 เพราะ เล็ก ลง น้อย ขึ้น 
LOG (lattice-best-path[5.5.0~1494-e5a5]:main():lattice-best-path.cc:99) For utterance M0000000107_0071, best cost 32.3582 + 1408.79 = 1441.15 over 229 frames.
M0000000107_0071 เรียก โผล่ 
LOG (lattice-best-path[5.5.0~1494-e5a5]:main():lattice-best-path.cc:99) For utterance M0000000107_0072, best cost 33.6899 + 1598.85 = 1632.54 over 277 frames.
M0000000107_0072 ผลลัพธ์ ที่ ลดลง เรื่อย 
LOG (lattice-best-path[5.5.0~1494-e5a5]:main():lattice-best-path.cc:99) For utterance M0000000107_0073, best cost 51.5994 + 1697.21 = 1748.81 over 284 frames.
M0000000107_0073 ทำให้ ระหว่าง ร้านอาหาร บัตร 
LOG (lattice-best-path[5.5.0~1494-e5a5]:main():lattice-best-path.cc:99) For utterance M0000000107_0074, best cost 21.1882 + 1373.61 = 1394.8 over 228 frames.
M0000000107_0074 เพราะ 
LOG (lattice-best-path[5.5.0~1494-e5a5]:main():lattice-best-path.cc:99) For utterance M0000000107_0075, best cost 49.1561 + 1909.14 = 1958.3 over 320 frames.
M0000000107_0075 ยาฆ่าแมลง อยู่ ให้ 
LOG (lattice-best-path[5.5.0~1494-e5a5]:main():lattice-best-path.cc:99) For utterance M0000000107_0076, best cost 40.902 + 1539.57 = 1580.48 over 248 frames.
M0000000107_0076 รายละเอียด อาจจะ ไม่ 
LOG (lattice-best-path[5.5.0~1494-e5a5]:main():lattice-best-path.cc:99) For utterance M0000000107_0077, best cost 58.3978 + 1638.94 = 1697.34 over 279 frames.
M0000000107_0077 และ มี ดังนั้น จะ เห็น ได ใน 
LOG (lattice-best-path[5.5.0~1494-e5a5]:main():lattice-best-path.cc:99) For utterance M0000000107_0078, best cost 47.0297 + 1753.5 = 1800.53 over 292 frames.
M0000000107_0078 ยา เสื้อกระบอก ให้โทษ 
LOG (lattice-best-path[5.5.0~1494-e5a5]:main():lattice-best-path.cc:99) For utterance M0000000107_0079, best cost 26.3001 + 1163.35 = 1189.65 over 193 frames.
M0000000107_0079 รับประทาน ได้ 
LOG (lattice-best-path[5.5.0~1494-e5a5]:main():lattice-best-path.cc:99) For utterance M0000000107_0080, best cost 61.2669 + 1855.52 = 1916.78 over 306 frames.
M0000000107_0080 ยา รหัส บาง เกาะ ทำลาย 
LOG (lattice-best-path[5.5.0~1494-e5a5]:main():lattice-best-path.cc:99) For utterance M0000000107_0081, best cost 54.853 + 2076.02 = 2130.87 over 347 frames.
M0000000107_0081 เพราะ ช่วย สร้าง อย่างไร ภายใน 
LOG (lattice-best-path[5.5.0~1494-e5a5]:main():lattice-best-path.cc:99) For utterance M0000000107_0082, best cost 39.3465 + 1961.81 = 2001.16 over 329 frames.
M0000000107_0082 และ ระหว่าง กด คีย์บอร์ด 
LOG (lattice-best-path[5.5.0~1494-e5a5]:main():lattice-best-path.cc:99) For utterance M0000000107_0083, best cost 41.2045 + 1292.49 = 1333.69 over 208 frames.
M0000000107_0083 เคี่ยว ให้ ที่ ไม่ 
LOG (lattice-best-path[5.5.0~1494-e5a5]:main():lattice-best-path.cc:99) For utterance M0000000107_0084, best cost 25.7013 + 1291.53 = 1317.23 over 212 frames.
M0000000107_0084 ขึ้น 
LOG (lattice-best-path[5.5.0~1494-e5a5]:main():lattice-best-path.cc:99) For utterance M0000000107_0085, best cost 35.7931 + 1355.9 = 1391.69 over 238 frames.
M0000000107_0085 ท่าทาง ไม่ ได้ อีกด้วย 
LOG (lattice-best-path[5.5.0~1494-e5a5]:main():lattice-best-path.cc:99) For utterance M0000000107_0086, best cost 31.6177 + 1416 = 1447.62 over 229 frames.
M0000000107_0086 หรือ ขัดยอก 
LOG (lattice-best-path[5.5.0~1494-e5a5]:main():lattice-best-path.cc:99) For utterance M0000000107_0087, best cost 41.1736 + 1292.1 = 1333.27 over 223 frames.
M0000000107_0087 เรียน นโยบาย ไว้ 
LOG (lattice-best-path[5.5.0~1494-e5a5]:main():lattice-best-path.cc:99) For utterance M0000000107_0088, best cost 42.051 + 1229.07 = 1271.12 over 206 frames.
M0000000107_0088 ใช้ ลูกกลอน การ อธิบาย 
LOG (lattice-best-path[5.5.0~1494-e5a5]:main():lattice-best-path.cc:99) For utterance M0000000107_0089, best cost 35.1043 + 1067.97 = 1103.08 over 179 frames.
M0000000107_0089 กลไก เจ้าหน้าที่ ของ 
LOG (lattice-best-path[5.5.0~1494-e5a5]:main():lattice-best-path.cc:99) For utterance M0000000107_0090, best cost 32.2623 + 1417.05 = 1449.31 over 241 frames.
M0000000107_0090 ทำ ชัก 
LOG (lattice-best-path[5.5.0~1494-e5a5]:main():lattice-best-path.cc:99) For utterance M0000000107_0091, best cost 26.9857 + 1539.31 = 1566.3 over 258 frames.
M0000000107_0091 ใส่ 
LOG (lattice-best-path[5.5.0~1494-e5a5]:main():lattice-best-path.cc:99) For utterance M0000000107_0092, best cost 33.5475 + 1018.09 = 1051.63 over 165 frames.
M0000000107_0092 ไซ หู ดังกล่าว 
LOG (lattice-best-path[5.5.0~1494-e5a5]:main():lattice-best-path.cc:99) For utterance M0000000107_0093, best cost 35.8646 + 1231.09 = 1266.96 over 209 frames.
M0000000107_0093 เขา ทำให้ จำเป็น 
LOG (lattice-best-path[5.5.0~1494-e5a5]:main():lattice-best-path.cc:99) For utterance M0000000107_0094, best cost 40.5574 + 1178.44 = 1218.99 over 200 frames.
M0000000107_0094 เอา ผล ของ จำเป็น 
LOG (lattice-best-path[5.5.0~1494-e5a5]:main():lattice-best-path.cc:99) For utterance M0000000107_0095, best cost 46.0106 + 1604.98 = 1650.99 over 275 frames.
M0000000107_0095 คำนวณ รวดเร็ว กว่า หนึ่ง ไว้ 
LOG (lattice-best-path[5.5.0~1494-e5a5]:main():lattice-best-path.cc:99) For utterance M0000000107_0096, best cost 29.0932 + 1588.97 = 1618.07 over 264 frames.
M0000000107_0096 ลดลง เรื่อย 
LOG (lattice-best-path[5.5.0~1494-e5a5]:main():lattice-best-path.cc:99) For utterance M0000000107_0097, best cost 40.4289 + 1297.47 = 1337.9 over 214 frames.
M0000000107_0097 กระทบ ที่ ออก รวง 
LOG (lattice-best-path[5.5.0~1494-e5a5]:main():lattice-best-path.cc:99) For utterance M0000000107_0098, best cost 44.6217 + 1862.95 = 1907.58 over 316 frames.
M0000000107_0098 อักษร ที่ บันได 
LOG (lattice-best-path[5.5.0~1494-e5a5]:main():lattice-best-path.cc:99) For utterance M0000000107_0099, best cost 28.0785 + 1181.74 = 1209.82 over 184 frames.
M0000000107_0099 โดย เข้า เครื่อง 
LOG (lattice-best-path[5.5.0~1494-e5a5]:main():lattice-best-path.cc:99) For utterance M0000000107_0100, best cost 31.996 + 1346.03 = 1378.03 over 219 frames.
M0000000107_0100 เดียว เท่านั้น 
LOG (lattice-best-path[5.5.0~1494-e5a5]:main():lattice-best-path.cc:99) For utterance M0000000107_0101, best cost 68.6333 + 2560.17 = 2628.8 over 424 frames.
M0000000107_0101 เกรียงชัย รหัส แล้ว ไป ละเลย กัน 
LOG (lattice-best-path[5.5.0~1494-e5a5]:main():lattice-best-path.cc:99) For utterance M0000000124_0000, best cost 20.1922 + 1044.83 = 1065.03 over 203 frames.
M0000000124_0000 ที่ 
LOG (lattice-best-path[5.5.0~1494-e5a5]:main():lattice-best-path.cc:99) For utterance M0000000124_0001, best cost 48.2818 + 1607.66 = 1655.94 over 282 frames.
M0000000124_0001 ควร ที่รัก นั้น การ 
LOG (lattice-best-path[5.5.0~1494-e5a5]:main():lattice-best-path.cc:99) For utterance M0000000124_0002, best cost 31.0647 + 1778.2 = 1809.27 over 321 frames.
M0000000124_0002 ชั้น 
LOG (lattice-best-path[5.5.0~1494-e5a5]:main():lattice-best-path.cc:99) For utterance M0000000124_0003, best cost 32.5545 + 1528.68 = 1561.23 over 284 frames.
M0000000124_0003 ทรง กำเริบ มากขึ้น 
LOG (lattice-best-path[5.5.0~1494-e5a5]:main():lattice-best-path.cc:99) For utterance M0000000124_0004, best cost 32.2992 + 1502.19 = 1534.49 over 267 frames.
M0000000124_0004 ของ รองศาสตราจารย์ 
LOG (lattice-best-path[5.5.0~1494-e5a5]:main():lattice-best-path.cc:99) For utterance M0000000124_0005, best cost 39.2918 + 1492.01 = 1531.3 over 269 frames.
M0000000124_0005 ไซ หู การ 
LOG (lattice-best-path[5.5.0~1494-e5a5]:main():lattice-best-path.cc:99) For utterance M0000000124_0006, best cost 20.3447 + 1151.9 = 1172.25 over 204 frames.
M0000000124_0006 แคระแกร็น 
LOG (lattice-best-path[5.5.0~1494-e5a5]:main():lattice-best-path.cc:99) For utterance M0000000124_0007, best cost 14.9794 + 1010.42 = 1025.4 over 173 frames.
M0000000124_0007 
LOG (lattice-best-path[5.5.0~1494-e5a5]:main():lattice-best-path.cc:99) For utterance M0000000124_0008, best cost 26.4106 + 1404.62 = 1431.03 over 251 frames.
M0000000124_0008 ทรง 
LOG (lattice-best-path[5.5.0~1494-e5a5]:main():lattice-best-path.cc:99) For utterance M0000000124_0009, best cost 30.3138 + 1138.4 = 1168.71 over 199 frames.
M0000000124_0009 ขอนแก่น เท่านั้น 
LOG (lattice-best-path[5.5.0~1494-e5a5]:main():lattice-best-path.cc:99) For utterance M0000000124_0010, best cost 29.7593 + 1204.98 = 1234.74 over 227 frames.
M0000000124_0010 ของ มอบหมาย 
LOG (lattice-best-path[5.5.0~1494-e5a5]:main():lattice-best-path.cc:99) For utterance M0000000124_0011, best cost 15.6574 + 1118.03 = 1133.69 over 199 frames.
M0000000124_0011 
LOG (lattice-best-path[5.5.0~1494-e5a5]:main():lattice-best-path.cc:99) For utterance M0000000124_0012, best cost 38.3309 + 1618.31 = 1656.64 over 287 frames.
M0000000124_0012 ศัตรู ที่ เรือน 
LOG (lattice-best-path[5.5.0~1494-e5a5]:main():lattice-best-path.cc:99) For utterance M0000000124_0013, best cost 51.5367 + 2082.91 = 2134.45 over 371 frames.
M0000000124_0013 ที่ ของ เลเซอร์ ทำ ขึ้น 
LOG (lattice-best-path[5.5.0~1494-e5a5]:main():lattice-best-path.cc:99) For utterance M0000000124_0014, best cost 29.6473 + 1629.3 = 1658.95 over 302 frames.
M0000000124_0014 แต่ ที่ 
LOG (lattice-best-path[5.5.0~1494-e5a5]:main():lattice-best-path.cc:99) For utterance M0000000124_0015, best cost 36.3858 + 1411.18 = 1447.56 over 264 frames.
M0000000124_0015 ข้อ นั้น ดำเนินงาน 
LOG (lattice-best-path[5.5.0~1494-e5a5]:main():lattice-best-path.cc:99) For utterance M0000000124_0016, best cost 44.589 + 1559.38 = 1603.97 over 278 frames.
M0000000124_0016 ข้อ นั้น จิระศักดิ์ และ 
LOG (lattice-best-path[5.5.0~1494-e5a5]:main():lattice-best-path.cc:99) For utterance M0000000124_0017, best cost 26.9195 + 1575.81 = 1602.73 over 302 frames.
M0000000124_0017 ของ คำสั่ง 
LOG (lattice-best-path[5.5.0~1494-e5a5]:main():lattice-best-path.cc:99) For utterance M0000000124_0018, best cost 39.7968 + 1475.65 = 1515.45 over 275 frames.
M0000000124_0018 ครอบครัว ที่ ขโมย 
LOG (lattice-best-path[5.5.0~1494-e5a5]:main():lattice-best-path.cc:99) For utterance M0000000124_0019, best cost 30.3421 + 1178.05 = 1208.39 over 208 frames.
M0000000124_0019 ขยาย เป็นต้น 
LOG (lattice-best-path[5.5.0~1494-e5a5]:main():lattice-best-path.cc:99) For utterance M0000000124_0020, best cost 31.8814 + 1261.37 = 1293.26 over 228 frames.
M0000000124_0020 รู้จัก ใช้ ใน 
LOG (lattice-best-path[5.5.0~1494-e5a5]:main():lattice-best-path.cc:99) For utterance M0000000124_0021, best cost 30.0547 + 1174.78 = 1204.84 over 219 frames.
M0000000124_0021 ใน ที่ ชั้น 
LOG (lattice-best-path[5.5.0~1494-e5a5]:main():lattice-best-path.cc:99) For utterance M0000000124_0022, best cost 25.1823 + 1134.95 = 1160.13 over 207 frames.
M0000000124_0022 ทำให้ และ 
LOG (lattice-best-path[5.5.0~1494-e5a5]:main():lattice-best-path.cc:99) For utterance M0000000124_0023, best cost 27.6563 + 1589.26 = 1616.91 over 284 frames.
M0000000124_0023 ภายใน 
LOG (lattice-best-path[5.5.0~1494-e5a5]:main():lattice-best-path.cc:99) For utterance M0000000124_0024, best cost 37.9048 + 1538.89 = 1576.79 over 287 frames.
M0000000124_0024 ของ เครื่อง ผู้น้อย 
LOG (lattice-best-path[5.5.0~1494-e5a5]:main():lattice-best-path.cc:99) For utterance M0000000124_0025, best cost 21.4727 + 893.659 = 915.132 over 169 frames.
M0000000124_0025 นก 
LOG (lattice-best-path[5.5.0~1494-e5a5]:main():lattice-best-path.cc:99) For utterance M0000000124_0026, best cost 34.926 + 1469.94 = 1504.87 over 274 frames.
M0000000124_0026 มี ที่ ไม่ 
LOG (lattice-best-path[5.5.0~1494-e5a5]:main():lattice-best-path.cc:99) For utterance M0000000124_0027, best cost 25.7831 + 1273.47 = 1299.26 over 224 frames.
M0000000124_0027 จาก 
LOG (lattice-best-path[5.5.0~1494-e5a5]:main():lattice-best-path.cc:99) For utterance M0000000124_0028, best cost 38.4152 + 1375.32 = 1413.74 over 251 frames.
M0000000124_0028 ข้อ นั้น จิระศักดิ์ 
LOG (lattice-best-path[5.5.0~1494-e5a5]:main():lattice-best-path.cc:99) For utterance M0000000124_0029, best cost 22.75 + 1214.58 = 1237.33 over 221 frames.
M0000000124_0029 อย่าง 
LOG (lattice-best-path[5.5.0~1494-e5a5]:main():lattice-best-path.cc:99) For utterance M0000000124_0030, best cost 20.5051 + 1274.12 = 1294.62 over 236 frames.
M0000000124_0030 ระหว่าง 
LOG (lattice-best-path[5.5.0~1494-e5a5]:main():lattice-best-path.cc:99) For utterance M0000000124_0031, best cost 40.7251 + 1187.8 = 1228.52 over 212 frames.
M0000000124_0031 อาจจะ ไม่ ที่ ลง 
LOG (lattice-best-path[5.5.0~1494-e5a5]:main():lattice-best-path.cc:99) For utterance M0000000124_0032, best cost 28.2073 + 1432.73 = 1460.94 over 260 frames.
M0000000124_0032 ดร. อย่างไร 
LOG (lattice-best-path[5.5.0~1494-e5a5]:main():lattice-best-path.cc:99) For utterance M0000000124_0033, best cost 29.9408 + 1040.06 = 1070 over 196 frames.
M0000000124_0033 ไม่ เกษตร 
LOG (lattice-best-path[5.5.0~1494-e5a5]:main():lattice-best-path.cc:99) For utterance M0000000124_0034, best cost 24.2817 + 1193.13 = 1217.42 over 230 frames.
M0000000124_0034 ป้อน คำสั่ง 
LOG (lattice-best-path[5.5.0~1494-e5a5]:main():lattice-best-path.cc:99) For utterance M0000000124_0035, best cost 20.3826 + 1224.46 = 1244.85 over 230 frames.
M0000000124_0035 แมลง 
LOG (lattice-best-path[5.5.0~1494-e5a5]:main():lattice-best-path.cc:99) For utterance M0000000124_0036, best cost 38.4171 + 1147.05 = 1185.46 over 212 frames.
M0000000124_0036 ของ เปลี่ยนเป็น อยู่ 
LOG (lattice-best-path[5.5.0~1494-e5a5]:main():lattice-best-path.cc:99) For utterance M0000000124_0037, best cost 26.9519 + 1281.85 = 1308.81 over 239 frames.
M0000000124_0037 ไม่ รักษา 
LOG (lattice-best-path[5.5.0~1494-e5a5]:main():lattice-best-path.cc:99) For utterance M0000000124_0038, best cost 32.0574 + 1169.91 = 1201.96 over 210 frames.
M0000000124_0038 ปลุกเร้า ยัง 
LOG (lattice-best-path[5.5.0~1494-e5a5]:main():lattice-best-path.cc:99) For utterance M0000000124_0039, best cost 22.4442 + 1593.83 = 1616.28 over 287 frames.
M0000000124_0039 และ 
LOG (lattice-best-path[5.5.0~1494-e5a5]:main():lattice-best-path.cc:99) For utterance M0000000124_0040, best cost 30.1967 + 1581.32 = 1611.52 over 279 frames.
M0000000124_0040 ใหญ่ มาก 
LOG (lattice-best-path[5.5.0~1494-e5a5]:main():lattice-best-path.cc:99) For utterance M0000000124_0041, best cost 42.2596 + 1880.95 = 1923.21 over 347 frames.
M0000000124_0041 มัก ก่อนหลัง ใน 
LOG (lattice-best-path[5.5.0~1494-e5a5]:main():lattice-best-path.cc:99) For utterance M0000000124_0042, best cost 16.4736 + 1587.78 = 1604.25 over 279 frames.
M0000000124_0042 
LOG (lattice-best-path[5.5.0~1494-e5a5]:main():lattice-best-path.cc:99) For utterance M0000000124_0043, best cost 29.833 + 1450.42 = 1480.25 over 275 frames.
M0000000124_0043 ทำมุม อย่างไร 
LOG (lattice-best-path[5.5.0~1494-e5a5]:main():lattice-best-path.cc:99) For utterance M0000000124_0044, best cost 21.7587 + 1290.26 = 1312.02 over 239 frames.
M0000000124_0044 โดย 
LOG (lattice-best-path[5.5.0~1494-e5a5]:main():lattice-best-path.cc:99) For utterance M0000000124_0045, best cost 38.51 + 1565.86 = 1604.37 over 287 frames.
M0000000124_0045 ระบาย เทคนิค ใน 
LOG (lattice-best-path[5.5.0~1494-e5a5]:main():lattice-best-path.cc:99) For utterance M0000000124_0046, best cost 19.1416 + 1081.89 = 1101.03 over 200 frames.
M0000000124_0046 ออกไป 
LOG (lattice-best-path[5.5.0~1494-e5a5]:main():lattice-best-path.cc:99) For utterance M0000000124_0047, best cost 24.6444 + 1621.78 = 1646.43 over 305 frames.
M0000000124_0047 ศิลาจารึก ไป 
LOG (lattice-best-path[5.5.0~1494-e5a5]:main():lattice-best-path.cc:99) For utterance M0000000124_0048, best cost 31.9725 + 1465.74 = 1497.71 over 272 frames.
M0000000124_0048 มี โครงสร้าง ภายใน 
LOG (lattice-best-path[5.5.0~1494-e5a5]:main():lattice-best-path.cc:99) For utterance M0000000124_0049, best cost 30.3313 + 1278.35 = 1308.69 over 239 frames.
M0000000124_0049 ดร. เลย 
LOG (lattice-best-path[5.5.0~1494-e5a5]:main():lattice-best-path.cc:99) For utterance M0000000124_0050, best cost 36.4172 + 1533.7 = 1570.11 over 287 frames.
M0000000124_0050 เพราะ ชัดเจน มาก 
LOG (lattice-best-path[5.5.0~1494-e5a5]:main():lattice-best-path.cc:99) For utterance M0000000124_0051, best cost 28.1837 + 1169.37 = 1197.55 over 215 frames.
M0000000124_0051 ผ้า ขาว 
LOG (lattice-best-path[5.5.0~1494-e5a5]:main():lattice-best-path.cc:99) For utterance M0000000124_0052, best cost 32.5969 + 1432.58 = 1465.18 over 269 frames.
M0000000124_0052 คลื่นไส้ สับ 
LOG (lattice-best-path[5.5.0~1494-e5a5]:main():lattice-best-path.cc:99) For utterance M0000000124_0053, best cost 36.3662 + 1546.28 = 1582.65 over 275 frames.
M0000000124_0053 วันนี้ รหัส 
LOG (lattice-best-path[5.5.0~1494-e5a5]:main():lattice-best-path.cc:99) For utterance M0000000124_0054, best cost 27.8419 + 1322.33 = 1350.17 over 242 frames.
M0000000124_0054 วัย ของ 
LOG (lattice-best-path[5.5.0~1494-e5a5]:main():lattice-best-path.cc:99) For utterance M0000000124_0055, best cost 31.2556 + 1528.83 = 1560.09 over 284 frames.
M0000000124_0055 ทำให้ รอย 
LOG (lattice-best-path[5.5.0~1494-e5a5]:main():lattice-best-path.cc:99) For utterance M0000000124_0056, best cost 68.1471 + 2047.1 = 2115.25 over 362 frames.
M0000000124_0056 ยิ่งขึ้น การ รักษา ถึง เดียวกัน ใน 
LOG (lattice-best-path[5.5.0~1494-e5a5]:main():lattice-best-path.cc:99) For utterance M0000000124_0057, best cost 33.6777 + 1510.38 = 1544.06 over 287 frames.
M0000000124_0057 ไม่ ต้อง ของ 
LOG (lattice-best-path[5.5.0~1494-e5a5]:main():lattice-best-path.cc:99) For utterance M0000000124_0058, best cost 28.995 + 1530.99 = 1559.98 over 284 frames.
M0000000124_0058 ลักษณะ ใน 
LOG (lattice-best-path[5.5.0~1494-e5a5]:main():lattice-best-path.cc:99) For utterance M0000000124_0059, best cost 37.1806 + 1652.26 = 1689.44 over 299 frames.
M0000000124_0059 กระดอง สัตว์ ร้าย 
LOG (lattice-best-path[5.5.0~1494-e5a5]:main():lattice-best-path.cc:99) For utterance M0000000124_0060, best cost 26.7282 + 1680.61 = 1707.34 over 291 frames.
M0000000124_0060 บันได 
LOG (lattice-best-path[5.5.0~1494-e5a5]:main():lattice-best-path.cc:99) For utterance M0000000124_0061, best cost 29.3613 + 1517.63 = 1546.99 over 281 frames.
M0000000124_0061 กลไก การ รักษา 
LOG (lattice-best-path[5.5.0~1494-e5a5]:main():lattice-best-path.cc:99) For utterance M0000000124_0062, best cost 31.396 + 1384.13 = 1415.53 over 252 frames.
M0000000124_0062 มี ร้องเพลง ได้ 
LOG (lattice-best-path[5.5.0~1494-e5a5]:main():lattice-best-path.cc:99) For utterance M0000000124_0063, best cost 43.7361 + 1591.72 = 1635.46 over 296 frames.
M0000000124_0063 ไม่ รู้ มี อัตรา น้อย 
LOG (lattice-best-path[5.5.0~1494-e5a5]:main():lattice-best-path.cc:99) For utterance M0000000124_0064, best cost 33.5609 + 1599.61 = 1633.17 over 267 frames.
M0000000124_0064 ของ รังสี 
LOG (lattice-best-path[5.5.0~1494-e5a5]:main():lattice-best-path.cc:99) For utterance M0000000124_0065, best cost 53.4735 + 1636.34 = 1689.81 over 294 frames.
M0000000124_0065 ก็ จะ ชุบ เริ่ม น้อย 
LOG (lattice-best-path[5.5.0~1494-e5a5]:main():lattice-best-path.cc:99) For utterance M0000000124_0066, best cost 46.0036 + 1422.41 = 1468.42 over 260 frames.
M0000000124_0066 อาเจียน หมด ขับ 
LOG (lattice-best-path[5.5.0~1494-e5a5]:main():lattice-best-path.cc:99) For utterance M0000000124_0067, best cost 37.9132 + 1607.25 = 1645.16 over 285 frames.
M0000000124_0067 ของ มี อนึ่ง 
LOG (lattice-best-path[5.5.0~1494-e5a5]:main():lattice-best-path.cc:99) For utterance M0000000124_0068, best cost 34.8941 + 1742.38 = 1777.27 over 318 frames.
M0000000124_0068 ข้อจำกัด ของ การ 
LOG (lattice-best-path[5.5.0~1494-e5a5]:main():lattice-best-path.cc:99) For utterance M0000000124_0069, best cost 33.6612 + 1710.27 = 1743.93 over 302 frames.
M0000000124_0069 มี ที่ อย่างไร 
LOG (lattice-best-path[5.5.0~1494-e5a5]:main():lattice-best-path.cc:99) For utterance M0000000124_0070, best cost 32.8042 + 1497.61 = 1530.41 over 278 frames.
M0000000124_0070 ของ พิบูลศิลป์ 
LOG (lattice-best-path[5.5.0~1494-e5a5]:main():lattice-best-path.cc:99) For utterance M0000000124_0071, best cost 46.0284 + 1500.42 = 1546.45 over 278 frames.
M0000000124_0071 การ นี้ มี ข้อดี ได้ 
LOG (lattice-best-path[5.5.0~1494-e5a5]:main():lattice-best-path.cc:99) For utterance M0000000124_0072, best cost 50.3677 + 1338.24 = 1388.61 over 236 frames.
M0000000124_0072 ควร ที่ ไม่ ทำ ด้วย ไม้ 
LOG (lattice-best-path[5.5.0~1494-e5a5]:main():lattice-best-path.cc:99) For utterance M0000000124_0073, best cost 53.4823 + 2213.36 = 2266.84 over 398 frames.
M0000000124_0073 ทำให้ ระหว่าง ทำ พัฒนา 
LOG (lattice-best-path[5.5.0~1494-e5a5]:main():lattice-best-path.cc:99) For utterance M0000000124_0074, best cost 23.0594 + 1477.34 = 1500.4 over 273 frames.
M0000000124_0074 ใน 
LOG (lattice-best-path[5.5.0~1494-e5a5]:main():lattice-best-path.cc:99) For utterance M0000000124_0075, best cost 59.9812 + 1863.67 = 1923.66 over 330 frames.
M0000000124_0075 จาก สมการ ต้อง อายุ เท่าไร 
LOG (lattice-best-path[5.5.0~1494-e5a5]:main():lattice-best-path.cc:99) For utterance M0000000124_0076, best cost 55.3104 + 1890.2 = 1945.51 over 353 frames.
M0000000124_0076 อย่างไร เกณฑ์ การ รับ ไม่ 
LOG (lattice-best-path[5.5.0~1494-e5a5]:main():lattice-best-path.cc:99) For utterance M0000000124_0077, best cost 50.2702 + 1916.86 = 1967.14 over 344 frames.
M0000000124_0077 ไม่ นิตยา กาญจนะวรรณ เป็น ไม่ 
LOG (lattice-best-path[5.5.0~1494-e5a5]:main():lattice-best-path.cc:99) For utterance M0000000124_0078, best cost 47.441 + 2017.82 = 2065.26 over 350 frames.
M0000000124_0078 ยาก ต่อ สัตว์ ร้าย 
LOG (lattice-best-path[5.5.0~1494-e5a5]:main():lattice-best-path.cc:99) For utterance M0000000124_0079, best cost 40.7041 + 1352.48 = 1393.19 over 252 frames.
M0000000124_0079 เขา เป็น ใช้ ใหม่ 
LOG (lattice-best-path[5.5.0~1494-e5a5]:main():lattice-best-path.cc:99) For utterance M0000000124_0080, best cost 72.7984 + 2112.48 = 2185.28 over 374 frames.
M0000000124_0080 ยาว เปิด สาขา บาง ต้อง ทำ ให้ 
LOG (lattice-best-path[5.5.0~1494-e5a5]:main():lattice-best-path.cc:99) For utterance M0000000124_0081, best cost 47.9295 + 2240.57 = 2288.5 over 404 frames.
M0000000124_0081 เพราะ ช่วย สร้าง จะ ได้ผล ใน 
LOG (lattice-best-path[5.5.0~1494-e5a5]:main():lattice-best-path.cc:99) For utterance M0000000124_0082, best cost 63.5093 + 2088.99 = 2152.5 over 368 frames.
M0000000124_0082 และ จะ ไป จัดการ โต๊ะ ที่ แยก บัตร 
LOG (lattice-best-path[5.5.0~1494-e5a5]:main():lattice-best-path.cc:99) For utterance M0000000124_0083, best cost 47.1668 + 1568.26 = 1615.43 over 275 frames.
M0000000124_0083 กล้วย เกี่ยวข้อง ที่ ไม่ 
LOG (lattice-best-path[5.5.0~1494-e5a5]:main():lattice-best-path.cc:99) For utterance M0000000124_0084, best cost 38.4926 + 1744.4 = 1782.89 over 312 frames.
M0000000124_0084 ที่ เป็น ฝรั่ง 
LOG (lattice-best-path[5.5.0~1494-e5a5]:main():lattice-best-path.cc:99) For utterance M0000000124_0085, best cost 47.818 + 1863.04 = 1910.85 over 344 frames.
M0000000124_0085 ถ้า เรา ได้ ที่ ไม่ 
LOG (lattice-best-path[5.5.0~1494-e5a5]:main():lattice-best-path.cc:99) For utterance M0000000124_0086, best cost 34.8596 + 1507.17 = 1542.03 over 269 frames.
M0000000124_0086 อนึ่ง ภายใต้ เปล่าๆ 
LOG (lattice-best-path[5.5.0~1494-e5a5]:main():lattice-best-path.cc:99) For utterance M0000000124_0087, best cost 42.6192 + 1565.26 = 1607.88 over 284 frames.
M0000000124_0087 เปลี่ยน นโยบาย ไม่ 
LOG (lattice-best-path[5.5.0~1494-e5a5]:main():lattice-best-path.cc:99) For utterance M0000000124_0088, best cost 54.7004 + 1806.02 = 1860.72 over 332 frames.
M0000000124_0088 ใช้ หนูจิ๊ด จาก ที่ ใน 
LOG (lattice-best-path[5.5.0~1494-e5a5]:main():lattice-best-path.cc:99) For utterance M0000000124_0089, best cost 52.0741 + 1772.33 = 1824.4 over 329 frames.
M0000000124_0089 ก่อไฟ น้ำตาล ที่ ชง 
LOG (lattice-best-path[5.5.0~1494-e5a5]:main():lattice-best-path.cc:99) For utterance M0000000124_0090, best cost 45.6054 + 1800.7 = 1846.31 over 318 frames.
M0000000124_0090 ข้อมูล กระบืองาน หรือ สับ 
LOG (lattice-best-path[5.5.0~1494-e5a5]:main():lattice-best-path.cc:99) For utterance M0000000124_0091, best cost 41.6165 + 1602.43 = 1644.05 over 291 frames.
M0000000124_0091 ใส่ ลง สู่ รูปร่าง 
LOG (lattice-best-path[5.5.0~1494-e5a5]:main():lattice-best-path.cc:99) For utterance M0000000124_0092, best cost 31.0336 + 1393.91 = 1424.94 over 257 frames.
M0000000124_0092 ใส่ รูปร่าง 
LOG (lattice-best-path[5.5.0~1494-e5a5]:main():lattice-best-path.cc:99) For utterance M0000000124_0093, best cost 37.7041 + 1394.77 = 1432.47 over 251 frames.
M0000000124_0093 ออก เป็น รายการ 
LOG (lattice-best-path[5.5.0~1494-e5a5]:main():lattice-best-path.cc:99) For utterance M0000000124_0094, best cost 42.717 + 1541.1 = 1583.82 over 279 frames.
M0000000124_0094 เอา ตรวจสอบ จำเป็น 
LOG (lattice-best-path[5.5.0~1494-e5a5]:main():lattice-best-path.cc:99) For utterance M0000000124_0095, best cost 54.2386 + 1775.78 = 1830.02 over 327 frames.
M0000000124_0095 ทำ ด้วย ชัยวัฒน์ ได้ ไม่ 
LOG (lattice-best-path[5.5.0~1494-e5a5]:main():lattice-best-path.cc:99) For utterance M0000000124_0096, best cost 36.7721 + 1591.65 = 1628.43 over 279 frames.
M0000000124_0096 รูป ที่ น้อยลง 
LOG (lattice-best-path[5.5.0~1494-e5a5]:main():lattice-best-path.cc:99) For utterance M0000000124_0097, best cost 56.6487 + 1803.55 = 1860.2 over 330 frames.
M0000000124_0097 บาง ส่วน ที่ ของ ให้ น้อย 
LOG (lattice-best-path[5.5.0~1494-e5a5]:main():lattice-best-path.cc:99) For utterance M0000000124_0098, best cost 60.3714 + 1882.16 = 1942.53 over 338 frames.
M0000000124_0098 มาตรา ให้ ที่ บันได ไมครอน 
LOG (lattice-best-path[5.5.0~1494-e5a5]:main():lattice-best-path.cc:99) For utterance M0000000124_0099, best cost 42.1406 + 1458.93 = 1501.07 over 260 frames.
M0000000124_0099 เดียว รวดเร็ว ครบ 
LOG (lattice-best-path[5.5.0~1494-e5a5]:main():lattice-best-path.cc:99) For utterance M0000000124_0100, best cost 51.1469 + 1781.84 = 1832.99 over 327 frames.
M0000000124_0100 เดียว เป็น ที่รัก หนัก 
LOG (lattice-best-path[5.5.0~1494-e5a5]:main():lattice-best-path.cc:99) For utterance M0000000124_0101, best cost 66.5336 + 2267.34 = 2333.88 over 398 frames.
M0000000124_0101 อยู่ ใช้ ก๊าซ ของเหลว อะไร รายการ 
LOG (lattice-best-path[5.5.0~1494-e5a5]:main():lattice-best-path.cc:99) For utterance M0000000131_0000, best cost 27.5269 + 1864.5 = 1892.03 over 338 frames.
M0000000131_0000 ผู้ 
LOG (lattice-best-path[5.5.0~1494-e5a5]:main():lattice-best-path.cc:99) For utterance M0000000131_0001, best cost 45.6048 + 2843.67 = 2889.28 over 491 frames.
M0000000131_0001 แท่ง ผู้ 
LOG (lattice-best-path[5.5.0~1494-e5a5]:main():lattice-best-path.cc:99) For utterance M0000000131_0002, best cost 46.712 + 2760.26 = 2806.97 over 464 frames.
M0000000131_0002 โต เพราะ 
LOG (lattice-best-path[5.5.0~1494-e5a5]:main():lattice-best-path.cc:99) For utterance M0000000131_0003, best cost 35.0038 + 1995.19 = 2030.19 over 328 frames.
M0000000131_0003 อีกครั้ง 
LOG (lattice-best-path[5.5.0~1494-e5a5]:main():lattice-best-path.cc:99) For utterance M0000000131_0004, best cost 50.862 + 2164.47 = 2215.33 over 384 frames.
M0000000131_0004 ของ เขา กับ หมู่คณะ 
LOG (lattice-best-path[5.5.0~1494-e5a5]:main():lattice-best-path.cc:99) For utterance M0000000131_0005, best cost 50.3189 + 2286.67 = 2336.99 over 396 frames.
M0000000131_0005 ออกรวง นั้น ไซ หู 
LOG (lattice-best-path[5.5.0~1494-e5a5]:main():lattice-best-path.cc:99) For utterance M0000000131_0006, best cost 37.141 + 1835.89 = 1873.03 over 332 frames.
M0000000131_0006 คง ขั้วโลกเหนือ 
LOG (lattice-best-path[5.5.0~1494-e5a5]:main():lattice-best-path.cc:99) For utterance M0000000131_0007, best cost 29.4139 + 1581.11 = 1610.52 over 284 frames.
M0000000131_0007 ฯลฯ 
LOG (lattice-best-path[5.5.0~1494-e5a5]:main():lattice-best-path.cc:99) For utterance M0000000131_0008, best cost 43.8596 + 1657.34 = 1701.2 over 284 frames.
M0000000131_0008 กัน ประมาณ ทั้งสอง 
LOG (lattice-best-path[5.5.0~1494-e5a5]:main():lattice-best-path.cc:99) For utterance M0000000131_0009, best cost 26.3391 + 1541.5 = 1567.84 over 270 frames.
M0000000131_0009 แท่ง 
LOG (lattice-best-path[5.5.0~1494-e5a5]:main():lattice-best-path.cc:99) For utterance M0000000131_0010, best cost 26.0321 + 1593.13 = 1619.16 over 287 frames.
M0000000131_0010 ของ 
LOG (lattice-best-path[5.5.0~1494-e5a5]:main():lattice-best-path.cc:99) For utterance M0000000131_0011, best cost 28.9925 + 1223.73 = 1252.72 over 210 frames.
M0000000131_0011 รหัส ของ 
LOG (lattice-best-path[5.5.0~1494-e5a5]:main():lattice-best-path.cc:99) For utterance M0000000131_0012, best cost 29.1048 + 1191.15 = 1220.26 over 200 frames.
M0000000131_0012 อักษร ลง 
LOG (lattice-best-path[5.5.0~1494-e5a5]:main():lattice-best-path.cc:99) For utterance M0000000131_0013, best cost 44.203 + 1593.12 = 1637.32 over 250 frames.
M0000000131_0013 จนถึง ที่รัก หลงลืม 
LOG (lattice-best-path[5.5.0~1494-e5a5]:main():lattice-best-path.cc:99) For utterance M0000000131_0014, best cost 39.5372 + 1414.44 = 1453.97 over 238 frames.
M0000000131_0014 อักษร โอกาส ที่ 
LOG (lattice-best-path[5.5.0~1494-e5a5]:main():lattice-best-path.cc:99) For utterance M0000000131_0015, best cost 30.0169 + 1191.63 = 1221.64 over 195 frames.
M0000000131_0015 คลอไรด์ ราก 
LOG (lattice-best-path[5.5.0~1494-e5a5]:main():lattice-best-path.cc:99) For utterance M0000000131_0016, best cost 46.8667 + 1211.14 = 1258.01 over 195 frames.
M0000000131_0016 อัน แคระแกร็น ไพเราะ มาก 
LOG (lattice-best-path[5.5.0~1494-e5a5]:main():lattice-best-path.cc:99) For utterance M0000000131_0017, best cost 30.2178 + 1147.69 = 1177.9 over 190 frames.
M0000000131_0017 แคระแกร็น และ 
LOG (lattice-best-path[5.5.0~1494-e5a5]:main():lattice-best-path.cc:99) For utterance M0000000131_0018, best cost 34.5271 + 1168.53 = 1203.06 over 188 frames.
M0000000131_0018 จอมอนิเตอร์ มอง 
LOG (lattice-best-path[5.5.0~1494-e5a5]:main():lattice-best-path.cc:99) For utterance M0000000131_0019, best cost 24.3749 + 1123.89 = 1148.26 over 181 frames.
M0000000131_0019 อัตโนมัติ 
LOG (lattice-best-path[5.5.0~1494-e5a5]:main():lattice-best-path.cc:99) For utterance M0000000131_0020, best cost 14.8138 + 1060.23 = 1075.05 over 166 frames.
M0000000131_0020 
LOG (lattice-best-path[5.5.0~1494-e5a5]:main():lattice-best-path.cc:99) For utterance M0000000131_0021, best cost 28.5186 + 1061.9 = 1090.42 over 174 frames.
M0000000131_0021 อะไร กี่ อย่าง 
LOG (lattice-best-path[5.5.0~1494-e5a5]:main():lattice-best-path.cc:99) For utterance M0000000131_0022, best cost 29.5681 + 1150.92 = 1180.49 over 193 frames.
M0000000131_0022 เอาชนะ และ 
LOG (lattice-best-path[5.5.0~1494-e5a5]:main():lattice-best-path.cc:99) For utterance M0000000131_0023, best cost 49.7013 + 1601.07 = 1650.77 over 257 frames.
M0000000131_0023 อะไร มั่นคง ขโมย 
LOG (lattice-best-path[5.5.0~1494-e5a5]:main():lattice-best-path.cc:99) For utterance M0000000131_0024, best cost 31.7944 + 1166.37 = 1198.17 over 190 frames.
M0000000131_0024 อักษร กระรอก 
LOG (lattice-best-path[5.5.0~1494-e5a5]:main():lattice-best-path.cc:99) For utterance M0000000131_0025, best cost 18.4924 + 819.322 = 837.814 over 132 frames.
M0000000131_0025 ออก 
LOG (lattice-best-path[5.5.0~1494-e5a5]:main():lattice-best-path.cc:99) For utterance M0000000131_0026, best cost 32.5392 + 1456.74 = 1489.28 over 223 frames.
M0000000131_0026 ที่ ไม่ 
LOG (lattice-best-path[5.5.0~1494-e5a5]:main():lattice-best-path.cc:99) For utterance M0000000131_0027, best cost 35.429 + 1883.26 = 1918.69 over 306 frames.
M0000000131_0027 เพราะ ของ ราก 
LOG (lattice-best-path[5.5.0~1494-e5a5]:main():lattice-best-path.cc:99) For utterance M0000000131_0028, best cost 35.3777 + 1172.04 = 1207.42 over 186 frames.
M0000000131_0028 อักษร จิระศักดิ์ 
LOG (lattice-best-path[5.5.0~1494-e5a5]:main():lattice-best-path.cc:99) For utterance M0000000131_0029, best cost 16.1655 + 922.03 = 938.196 over 152 frames.
M0000000131_0029 
LOG (lattice-best-path[5.5.0~1494-e5a5]:main():lattice-best-path.cc:99) For utterance M0000000131_0030, best cost 25.6602 + 1344.29 = 1369.95 over 224 frames.
M0000000131_0030 ออก รวง 
LOG (lattice-best-path[5.5.0~1494-e5a5]:main():lattice-best-path.cc:99) For utterance M0000000131_0031, best cost 30.5801 + 1023.74 = 1054.32 over 165 frames.
M0000000131_0031 อะไร อยู่ 
LOG (lattice-best-path[5.5.0~1494-e5a5]:main():lattice-best-path.cc:99) For utterance M0000000131_0032, best cost 27.9861 + 1133.5 = 1161.49 over 195 frames.
M0000000131_0032 โดย ละเลย 
LOG (lattice-best-path[5.5.0~1494-e5a5]:main():lattice-best-path.cc:99) For utterance M0000000131_0033, best cost 25.272 + 877.226 = 902.498 over 145 frames.
M0000000131_0033 อะไร 
LOG (lattice-best-path[5.5.0~1494-e5a5]:main():lattice-best-path.cc:99) For utterance M0000000131_0034, best cost 27.1232 + 1274.06 = 1301.19 over 227 frames.
M0000000131_0034 ร้อน 
LOG (lattice-best-path[5.5.0~1494-e5a5]:main():lattice-best-path.cc:99) For utterance M0000000131_0035, best cost 16.9187 + 857.25 = 874.169 over 140 frames.
M0000000131_0035 แล้ว 
LOG (lattice-best-path[5.5.0~1494-e5a5]:main():lattice-best-path.cc:99) For utterance M0000000131_0036, best cost 33.6965 + 1098.04 = 1131.74 over 178 frames.
M0000000131_0036 อัน ของเหลว 
LOG (lattice-best-path[5.5.0~1494-e5a5]:main():lattice-best-path.cc:99) For utterance M0000000131_0037, best cost 25.002 + 876.347 = 901.349 over 144 frames.
M0000000131_0037 อนุเคราะห์ 
LOG (lattice-best-path[5.5.0~1494-e5a5]:main():lattice-best-path.cc:99) For utterance M0000000131_0038, best cost 40.9989 + 1691.41 = 1732.41 over 279 frames.
M0000000131_0038 ออก รวง ขั้วโลก 
LOG (lattice-best-path[5.5.0~1494-e5a5]:main():lattice-best-path.cc:99) For utterance M0000000131_0039, best cost 26.0824 + 1211.56 = 1237.64 over 197 frames.
M0000000131_0039 เรา สามารถ 
LOG (lattice-best-path[5.5.0~1494-e5a5]:main():lattice-best-path.cc:99) For utterance M0000000131_0040, best cost 25.5871 + 1203.36 = 1228.94 over 197 frames.
M0000000131_0040 ต่อมา 
LOG (lattice-best-path[5.5.0~1494-e5a5]:main():lattice-best-path.cc:99) For utterance M0000000131_0041, best cost 34.4804 + 1361.66 = 1396.14 over 217 frames.
M0000000131_0041 อัตโนมัติ ร้องไห้ 
LOG (lattice-best-path[5.5.0~1494-e5a5]:main():lattice-best-path.cc:99) For utterance M0000000131_0042, best cost 33.2738 + 1163.45 = 1196.73 over 194 frames.
M0000000131_0042 อวัยวะ ถ่องแท้ 
LOG (lattice-best-path[5.5.0~1494-e5a5]:main():lattice-best-path.cc:99) For utterance M0000000131_0043, best cost 33.7128 + 1188.96 = 1222.67 over 203 frames.
M0000000131_0043 อัตโนมัติ ไม่ 
LOG (lattice-best-path[5.5.0~1494-e5a5]:main():lattice-best-path.cc:99) For utterance M0000000131_0044, best cost 21.9244 + 951.956 = 973.88 over 151 frames.
M0000000131_0044 ด้วย 
LOG (lattice-best-path[5.5.0~1494-e5a5]:main():lattice-best-path.cc:99) For utterance M0000000131_0045, best cost 25.7126 + 1131.23 = 1156.94 over 185 frames.
M0000000131_0045 อธิบาย 
LOG (lattice-best-path[5.5.0~1494-e5a5]:main():lattice-best-path.cc:99) For utterance M0000000131_0046, best cost 22.1962 + 848.916 = 871.113 over 145 frames.
M0000000131_0046 อธิบาย 
LOG (lattice-best-path[5.5.0~1494-e5a5]:main():lattice-best-path.cc:99) For utterance M0000000131_0047, best cost 25.033 + 1111.73 = 1136.76 over 180 frames.
M0000000131_0047 อัตรา 
LOG (lattice-best-path[5.5.0~1494-e5a5]:main():lattice-best-path.cc:99) For utterance M0000000131_0048, best cost 35.6079 + 1343.06 = 1378.67 over 220 frames.
M0000000131_0048 มี รส ฉลามลาย 
LOG (lattice-best-path[5.5.0~1494-e5a5]:main():lattice-best-path.cc:99) For utterance M0000000131_0049, best cost 28.9297 + 1136.37 = 1165.3 over 198 frames.
M0000000131_0049 อัตรา เรื่อย 
LOG (lattice-best-path[5.5.0~1494-e5a5]:main():lattice-best-path.cc:99) For utterance M0000000131_0050, best cost 35.2725 + 1277.35 = 1312.62 over 210 frames.
M0000000131_0050 อุตสาหกรรม เหมาะ 
LOG (lattice-best-path[5.5.0~1494-e5a5]:main():lattice-best-path.cc:99) For utterance M0000000131_0051, best cost 32.8037 + 1102.63 = 1135.44 over 183 frames.
M0000000131_0051 เอาเอง ข่าว 
LOG (lattice-best-path[5.5.0~1494-e5a5]:main():lattice-best-path.cc:99) For utterance M0000000131_0052, best cost 17.9343 + 995.739 = 1013.67 over 161 frames.
M0000000131_0052 
LOG (lattice-best-path[5.5.0~1494-e5a5]:main():lattice-best-path.cc:99) For utterance M0000000131_0053, best cost 26.0396 + 1114.61 = 1140.65 over 177 frames.
M0000000131_0053 อินพุต 
LOG (lattice-best-path[5.5.0~1494-e5a5]:main():lattice-best-path.cc:99) For utterance M0000000131_0054, best cost 26.6031 + 1228.74 = 1255.35 over 205 frames.
M0000000131_0054 อิเล็กตรอน 
LOG (lattice-best-path[5.5.0~1494-e5a5]:main():lattice-best-path.cc:99) For utterance M0000000131_0055, best cost 29.7517 + 1085.58 = 1115.33 over 185 frames.
M0000000131_0055 อัตรา ว่องไว 
LOG (lattice-best-path[5.5.0~1494-e5a5]:main():lattice-best-path.cc:99) For utterance M0000000131_0056, best cost 29.3032 + 1763.14 = 1792.44 over 278 frames.
M0000000131_0056 อีกครั้ง 
LOG (lattice-best-path[5.5.0~1494-e5a5]:main():lattice-best-path.cc:99) For utterance M0000000131_0057, best cost 28.5301 + 698.696 = 727.227 over 120 frames.
M0000000131_0057 เรา ของ 
LOG (lattice-best-path[5.5.0~1494-e5a5]:main():lattice-best-path.cc:99) For utterance M0000000131_0058, best cost 25.6444 + 1216.91 = 1242.56 over 212 frames.
M0000000131_0058 บันได ลาดเท 
LOG (lattice-best-path[5.5.0~1494-e5a5]:main():lattice-best-path.cc:99) For utterance M0000000131_0059, best cost 30.0301 + 1504.42 = 1534.45 over 251 frames.
M0000000131_0059 อีกครั้ง 
LOG (lattice-best-path[5.5.0~1494-e5a5]:main():lattice-best-path.cc:99) For utterance M0000000131_0060, best cost 15.2276 + 1245.83 = 1261.06 over 197 frames.
M0000000131_0060 
LOG (lattice-best-path[5.5.0~1494-e5a5]:main():lattice-best-path.cc:99) For utterance M0000000131_0061, best cost 25.2558 + 930.706 = 955.962 over 148 frames.
M0000000131_0061 บน 
LOG (lattice-best-path[5.5.0~1494-e5a5]:main():lattice-best-path.cc:99) For utterance M0000000131_0062, best cost 33.5856 + 1090.38 = 1123.97 over 177 frames.
M0000000131_0062 วิเคราะห์ เคลื่อนไหว 
LOG (lattice-best-path[5.5.0~1494-e5a5]:main():lattice-best-path.cc:99) For utterance M0000000131_0063, best cost 27.4875 + 1106.85 = 1134.34 over 183 frames.
M0000000131_0063 อะไร 
LOG (lattice-best-path[5.5.0~1494-e5a5]:main():lattice-best-path.cc:99) For utterance M0000000131_0064, best cost 32.9825 + 1091.89 = 1124.87 over 181 frames.
M0000000131_0064 อักษร ผลิต 
LOG (lattice-best-path[5.5.0~1494-e5a5]:main():lattice-best-path.cc:99) For utterance M0000000131_0065, best cost 25.5129 + 1223.74 = 1249.25 over 193 frames.
M0000000131_0065 โกยสุโข 
LOG (lattice-best-path[5.5.0~1494-e5a5]:main():lattice-best-path.cc:99) For utterance M0000000131_0066, best cost 26.0526 + 1261.01 = 1287.06 over 210 frames.
M0000000131_0066 อนุเคราะห์ 
LOG (lattice-best-path[5.5.0~1494-e5a5]:main():lattice-best-path.cc:99) For utterance M0000000131_0067, best cost 17.6758 + 659.146 = 676.822 over 106 frames.
M0000000131_0067 ควินิน 
LOG (lattice-best-path[5.5.0~1494-e5a5]:main():lattice-best-path.cc:99) For utterance M0000000131_0068, best cost 29.6695 + 1101.14 = 1130.81 over 177 frames.
M0000000131_0068 ของ 
LOG (lattice-best-path[5.5.0~1494-e5a5]:main():lattice-best-path.cc:99) For utterance M0000000131_0069, best cost 33.2937 + 1122.7 = 1156 over 188 frames.
M0000000131_0069 วิธี ละเลย 
LOG (lattice-best-path[5.5.0~1494-e5a5]:main():lattice-best-path.cc:99) For utterance M0000000131_0070, best cost 13.603 + 874.568 = 888.171 over 140 frames.
M0000000131_0070 
LOG (lattice-best-path[5.5.0~1494-e5a5]:main():lattice-best-path.cc:99) For utterance M0000000131_0071, best cost 37.9701 + 1164.89 = 1202.86 over 181 frames.
M0000000131_0071 เหล่านี้ หู 
LOG (lattice-best-path[5.5.0~1494-e5a5]:main():lattice-best-path.cc:99) For utterance M0000000131_0072, best cost 15.5006 + 1187.74 = 1203.24 over 185 frames.
M0000000131_0072 
LOG (lattice-best-path[5.5.0~1494-e5a5]:main():lattice-best-path.cc:99) For utterance M0000000131_0073, best cost 33.2385 + 1225.26 = 1258.5 over 198 frames.
M0000000131_0073 ไพเราะ มาก นัก 
LOG (lattice-best-path[5.5.0~1494-e5a5]:main():lattice-best-path.cc:99) For utterance M0000000131_0074, best cost 13.2108 + 1016.42 = 1029.63 over 162 frames.
M0000000131_0074 
LOG (lattice-best-path[5.5.0~1494-e5a5]:main():lattice-best-path.cc:99) For utterance M0000000131_0075, best cost 17.2743 + 1507.4 = 1524.67 over 235 frames.
M0000000131_0075 
LOG (lattice-best-path[5.5.0~1494-e5a5]:main():lattice-best-path.cc:99) For utterance M0000000131_0076, best cost 16.6305 + 1159.23 = 1175.86 over 177 frames.
M0000000131_0076 
LOG (lattice-best-path[5.5.0~1494-e5a5]:main():lattice-best-path.cc:99) For utterance M0000000131_0077, best cost 18.8688 + 1316.36 = 1335.23 over 208 frames.
M0000000131_0077 
LOG (lattice-best-path[5.5.0~1494-e5a5]:main():lattice-best-path.cc:99) For utterance M0000000131_0078, best cost 17.2568 + 1253.34 = 1270.59 over 193 frames.
M0000000131_0078 
LOG (lattice-best-path[5.5.0~1494-e5a5]:main():lattice-best-path.cc:99) For utterance M0000000131_0079, best cost 28.0347 + 1020.84 = 1048.88 over 166 frames.
M0000000131_0079 ฉะนั้น 
LOG (lattice-best-path[5.5.0~1494-e5a5]:main():lattice-best-path.cc:99) For utterance M0000000131_0080, best cost 19.6974 + 1654.56 = 1674.26 over 278 frames.
M0000000131_0080 
LOG (lattice-best-path[5.5.0~1494-e5a5]:main():lattice-best-path.cc:99) For utterance M0000000131_0081, best cost 43.9044 + 1679.36 = 1723.27 over 267 frames.
M0000000131_0081 อย่างใด สมัย 
LOG (lattice-best-path[5.5.0~1494-e5a5]:main():lattice-best-path.cc:99) For utterance M0000000131_0082, best cost 29.1604 + 1606.57 = 1635.73 over 250 frames.
M0000000131_0082 เรา ที่รัก 
LOG (lattice-best-path[5.5.0~1494-e5a5]:main():lattice-best-path.cc:99) For utterance M0000000131_0083, best cost 14.9176 + 1080.73 = 1095.65 over 168 frames.
M0000000131_0083 
LOG (lattice-best-path[5.5.0~1494-e5a5]:main():lattice-best-path.cc:99) For utterance M0000000131_0084, best cost 18.3606 + 1233.23 = 1251.59 over 200 frames.
M0000000131_0084 
LOG (lattice-best-path[5.5.0~1494-e5a5]:main():lattice-best-path.cc:99) For utterance M0000000131_0085, best cost 30.1783 + 1276.72 = 1306.9 over 203 frames.
M0000000131_0085 เอะอะ อาละวาด 
LOG (lattice-best-path[5.5.0~1494-e5a5]:main():lattice-best-path.cc:99) For utterance M0000000131_0086, best cost 27.2375 + 1090.68 = 1117.91 over 170 frames.
M0000000131_0086 ระยะ ออก 
LOG (lattice-best-path[5.5.0~1494-e5a5]:main():lattice-best-path.cc:99) For utterance M0000000131_0087, best cost 27.6919 + 1035.15 = 1062.84 over 164 frames.
M0000000131_0087 นโยบาย 
LOG (lattice-best-path[5.5.0~1494-e5a5]:main():lattice-best-path.cc:99) For utterance M0000000131_0088, best cost 22.8791 + 1421.71 = 1444.58 over 230 frames.
M0000000131_0088 อัตรา 
LOG (lattice-best-path[5.5.0~1494-e5a5]:main():lattice-best-path.cc:99) For utterance M0000000131_0089, best cost 35.4746 + 1165.22 = 1200.69 over 183 frames.
M0000000131_0089 อุปกรณ์ รังสี ของ 
LOG (lattice-best-path[5.5.0~1494-e5a5]:main():lattice-best-path.cc:99) For utterance M0000000131_0090, best cost 16.612 + 1183.11 = 1199.72 over 191 frames.
M0000000131_0090 
LOG (lattice-best-path[5.5.0~1494-e5a5]:main():lattice-best-path.cc:99) For utterance M0000000131_0091, best cost 13.4476 + 1154.61 = 1168.06 over 176 frames.
M0000000131_0091 
LOG (lattice-best-path[5.5.0~1494-e5a5]:main():lattice-best-path.cc:99) For utterance M0000000131_0092, best cost 32.5744 + 1092.27 = 1124.84 over 184 frames.
M0000000131_0092 ใส่ ลง บอก 
LOG (lattice-best-path[5.5.0~1494-e5a5]:main():lattice-best-path.cc:99) For utterance M0000000131_0093, best cost 13.7165 + 948.263 = 961.98 over 152 frames.
M0000000131_0093 
LOG (lattice-best-path[5.5.0~1494-e5a5]:main():lattice-best-path.cc:99) For utterance M0000000131_0094, best cost 18.406 + 986.847 = 1005.25 over 155 frames.
M0000000131_0094 
LOG (lattice-best-path[5.5.0~1494-e5a5]:main():lattice-best-path.cc:99) For utterance M0000000131_0095, best cost 19.1872 + 1387.36 = 1406.54 over 231 frames.
M0000000131_0095 
LOG (lattice-best-path[5.5.0~1494-e5a5]:main():lattice-best-path.cc:99) For utterance M0000000131_0096, best cost 17.3886 + 1245.95 = 1263.34 over 198 frames.
M0000000131_0096 
LOG (lattice-best-path[5.5.0~1494-e5a5]:main():lattice-best-path.cc:99) For utterance M0000000131_0097, best cost 28.1645 + 1117.76 = 1145.93 over 179 frames.
M0000000131_0097 เพราะ ร้อน 
LOG (lattice-scale[5.5.0~1494-e5a5]:main():lattice-scale.cc:107) Done 510 lattices.
LOG (lattice-add-penalty[5.5.0~1494-e5a5]:main():lattice-add-penalty.cc:62) Done adding word insertion penalty to 510 lattices.
LOG (lattice-best-path[5.5.0~1494-e5a5]:main():lattice-best-path.cc:99) For utterance M0000000131_0098, best cost 20.9444 + 1203.43 = 1224.37 over 190 frames.
M0000000131_0098 เพราะ 
LOG (lattice-best-path[5.5.0~1494-e5a5]:main():lattice-best-path.cc:99) For utterance M0000000131_0099, best cost 40.5747 + 931.237 = 971.812 over 154 frames.
M0000000131_0099 อัน ปลุกเร้า ของ 
LOG (lattice-best-path[5.5.0~1494-e5a5]:main():lattice-best-path.cc:99) For utterance M0000000131_0100, best cost 14.8775 + 1027.08 = 1041.96 over 157 frames.
M0000000131_0100 
LOG (lattice-best-path[5.5.0~1494-e5a5]:main():lattice-best-path.cc:99) For utterance M0000000131_0101, best cost 38.1263 + 1544.53 = 1582.66 over 242 frames.
M0000000131_0101 ครั้นแล้ว อร่ามเหลือง 
LOG (lattice-best-path[5.5.0~1494-e5a5]:main():lattice-best-path.cc:124) Overall cost per frame is 5.86645 = 0.152424 [graph] + 5.71403 [acoustic] over 120161 frames.
LOG (lattice-best-path[5.5.0~1494-e5a5]:main():lattice-best-path.cc:128) Done 510 lattices, failed for 0
# Accounting: time=1 threads=1
# Ended (code 0) at Sun May  2 17:06:25 UTC 2021, elapsed time 1 seconds
