# lattice-scale --inv-acoustic-scale=13 "ark:gunzip -c exp/mono/decode/lat.*.gz|" ark:- | lattice-add-penalty --word-ins-penalty=0.5 ark:- ark:- | lattice-best-path --word-symbol-table=exp/mono/graph//words.txt ark:- ark,t:- | utils/int2sym.pl -f 2- exp/mono/graph//words.txt | local/wer_hyp_filter > exp/mono/decode/scoring_kaldi/penalty_0.5/13.txt 
# Started at Sun May  2 17:06:20 UTC 2021
#
lattice-scale --inv-acoustic-scale=13 'ark:gunzip -c exp/mono/decode/lat.*.gz|' ark:- 
lattice-best-path --word-symbol-table=exp/mono/graph//words.txt ark:- ark,t:- 
lattice-add-penalty --word-ins-penalty=0.5 ark:- ark:- 
LOG (lattice-best-path[5.5.0~1494-e5a5]:main():lattice-best-path.cc:99) For utterance M0000000085_0000, best cost 22.0433 + 1023.69 = 1045.73 over 127 frames.
M0000000085_0000 ก่อน ที่ 
LOG (lattice-best-path[5.5.0~1494-e5a5]:main():lattice-best-path.cc:99) For utterance M0000000085_0001, best cost 51.9868 + 1823.23 = 1875.21 over 233 frames.
M0000000085_0001 ควร ซิงโครนัส อนึ่ง การ 
LOG (lattice-best-path[5.5.0~1494-e5a5]:main():lattice-best-path.cc:99) For utterance M0000000085_0002, best cost 39.3506 + 1713.61 = 1752.96 over 224 frames.
M0000000085_0002 เออออ ไป ใช้งาน การ 
LOG (lattice-best-path[5.5.0~1494-e5a5]:main():lattice-best-path.cc:99) For utterance M0000000085_0003, best cost 48.3881 + 1674.69 = 1723.08 over 212 frames.
M0000000085_0003 ทรง ตาม คลินิก พรึง 
LOG (lattice-best-path[5.5.0~1494-e5a5]:main():lattice-best-path.cc:99) For utterance M0000000085_0004, best cost 37.4156 + 1367.31 = 1404.72 over 179 frames.
M0000000085_0004 ของ ร่างกาย อาจารย์ 
LOG (lattice-best-path[5.5.0~1494-e5a5]:main():lattice-best-path.cc:99) For utterance M0000000085_0005, best cost 45.8261 + 1540.71 = 1586.54 over 198 frames.
M0000000085_0005 เออออ ไป ไซ หู การ 
LOG (lattice-best-path[5.5.0~1494-e5a5]:main():lattice-best-path.cc:99) For utterance M0000000085_0006, best cost 26.4882 + 1094.83 = 1121.32 over 140 frames.
M0000000085_0006 คง หลงลืม 
LOG (lattice-best-path[5.5.0~1494-e5a5]:main():lattice-best-path.cc:99) For utterance M0000000085_0007, best cost 29.019 + 1263.56 = 1292.58 over 165 frames.
M0000000085_0007 บางครั้ง อร่ามเหลือง 
LOG (lattice-best-path[5.5.0~1494-e5a5]:main():lattice-best-path.cc:99) For utterance M0000000085_0008, best cost 49.5759 + 1642.12 = 1691.7 over 218 frames.
M0000000085_0008 นำเอา หนึ่ง นั้น ทั้งสอง 
LOG (lattice-best-path[5.5.0~1494-e5a5]:main():lattice-best-path.cc:99) For utterance M0000000085_0009, best cost 36.3871 + 1306.83 = 1343.21 over 174 frames.
M0000000085_0009 ข้อ นั้น เช่นกัน 
LOG (lattice-best-path[5.5.0~1494-e5a5]:main():lattice-best-path.cc:99) For utterance M0000000085_0010, best cost 29.7728 + 1044.63 = 1074.41 over 135 frames.
M0000000085_0010 ขั้วโลก น้อย 
LOG (lattice-best-path[5.5.0~1494-e5a5]:main():lattice-best-path.cc:99) For utterance M0000000085_0011, best cost 26.7865 + 1148.23 = 1175.02 over 153 frames.
M0000000085_0011 มาก องศา 
LOG (lattice-best-path[5.5.0~1494-e5a5]:main():lattice-best-path.cc:99) For utterance M0000000085_0012, best cost 35.0105 + 1353.1 = 1388.11 over 176 frames.
M0000000085_0012 สาร ตกค้าง เครื่อง 
LOG (lattice-best-path[5.5.0~1494-e5a5]:main():lattice-best-path.cc:99) For utterance M0000000085_0013, best cost 60.2622 + 2034.08 = 2094.34 over 261 frames.
M0000000085_0013 ต้อง สิ่ง ที่ สอง รวมถึง 
LOG (lattice-best-path[5.5.0~1494-e5a5]:main():lattice-best-path.cc:99) For utterance M0000000085_0014, best cost 31.9227 + 1256.29 = 1288.21 over 162 frames.
M0000000085_0014 ของ ตนเอง ที่ 
LOG (lattice-best-path[5.5.0~1494-e5a5]:main():lattice-best-path.cc:99) For utterance M0000000085_0015, best cost 34.2696 + 1179.1 = 1213.37 over 153 frames.
M0000000085_0015 ข้อ นั้น ดำเนินงาน 
LOG (lattice-best-path[5.5.0~1494-e5a5]:main():lattice-best-path.cc:99) For utterance M0000000085_0016, best cost 43.416 + 1440.67 = 1484.08 over 183 frames.
M0000000085_0016 ข้อ นั้น ดิจิตอล หนัก 
LOG (lattice-best-path[5.5.0~1494-e5a5]:main():lattice-best-path.cc:99) For utterance M0000000085_0017, best cost 38.4323 + 1400.98 = 1439.41 over 189 frames.
M0000000085_0017 ข้อ นั้น ได ้ว่า 
LOG (lattice-best-path[5.5.0~1494-e5a5]:main():lattice-best-path.cc:99) For utterance M0000000085_0018, best cost 36.785 + 1190.74 = 1227.53 over 150 frames.
M0000000085_0018 ของ ผลิต ขโมย 
LOG (lattice-best-path[5.5.0~1494-e5a5]:main():lattice-best-path.cc:99) For utterance M0000000085_0019, best cost 39.0001 + 1500.76 = 1539.76 over 197 frames.
M0000000085_0019 แคระแกร็น โต๊ะงาน ใน 
LOG (lattice-best-path[5.5.0~1494-e5a5]:main():lattice-best-path.cc:99) For utterance M0000000085_0020, best cost 29.2435 + 1212.37 = 1241.61 over 162 frames.
M0000000085_0020 รุ่งอรุณ ใน 
LOG (lattice-best-path[5.5.0~1494-e5a5]:main():lattice-best-path.cc:99) For utterance M0000000085_0021, best cost 22.9742 + 1197.57 = 1220.55 over 165 frames.
M0000000085_0021 ตัดสินใจ 
LOG (lattice-best-path[5.5.0~1494-e5a5]:main():lattice-best-path.cc:99) For utterance M0000000085_0022, best cost 28.6022 + 1097.77 = 1126.37 over 143 frames.
M0000000085_0022 จึง ได้ และ 
LOG (lattice-best-path[5.5.0~1494-e5a5]:main():lattice-best-path.cc:99) For utterance M0000000085_0023, best cost 56.167 + 1622.2 = 1678.37 over 216 frames.
M0000000085_0023 อาหาร อ้วน มั่นคง ภายใน 
LOG (lattice-best-path[5.5.0~1494-e5a5]:main():lattice-best-path.cc:99) For utterance M0000000085_0024, best cost 35.424 + 1018.33 = 1053.76 over 129 frames.
M0000000085_0024 ของ เครื่อง ลง น้อย 
LOG (lattice-best-path[5.5.0~1494-e5a5]:main():lattice-best-path.cc:99) For utterance M0000000085_0025, best cost 20.6172 + 916.166 = 936.784 over 119 frames.
M0000000085_0025 กฤษณพงศ์ 
LOG (lattice-best-path[5.5.0~1494-e5a5]:main():lattice-best-path.cc:99) For utterance M0000000085_0026, best cost 33.2497 + 1490.54 = 1523.79 over 188 frames.
M0000000085_0026 มี ที่ ไม่ 
LOG (lattice-best-path[5.5.0~1494-e5a5]:main():lattice-best-path.cc:99) For utterance M0000000085_0027, best cost 46.2593 + 1770.48 = 1816.74 over 227 frames.
M0000000085_0027 อักษร หรือ ขโมย จาก 
LOG (lattice-best-path[5.5.0~1494-e5a5]:main():lattice-best-path.cc:99) For utterance M0000000085_0028, best cost 39.4999 + 1456.86 = 1496.36 over 188 frames.
M0000000085_0028 ข้อ นั้น จึง ตก หนัก 
LOG (lattice-best-path[5.5.0~1494-e5a5]:main():lattice-best-path.cc:99) For utterance M0000000085_0029, best cost 28.0169 + 1141.56 = 1169.58 over 153 frames.
M0000000085_0029 จะ สัตว์เลี้ยง 
LOG (lattice-best-path[5.5.0~1494-e5a5]:main():lattice-best-path.cc:99) For utterance M0000000085_0030, best cost 38.3678 + 1223.93 = 1262.29 over 167 frames.
M0000000085_0030 โผล่ เป็น บางๆ 
LOG (lattice-best-path[5.5.0~1494-e5a5]:main():lattice-best-path.cc:99) For utterance M0000000085_0031, best cost 32.5397 + 1320.83 = 1353.37 over 171 frames.
M0000000085_0031 อาจจะ ไม่ ลง 
LOG (lattice-best-path[5.5.0~1494-e5a5]:main():lattice-best-path.cc:99) For utterance M0000000085_0032, best cost 25.5961 + 1282.51 = 1308.11 over 171 frames.
M0000000085_0032 โต๊ะงาน ใน 
LOG (lattice-best-path[5.5.0~1494-e5a5]:main():lattice-best-path.cc:99) For utterance M0000000085_0033, best cost 22.2317 + 958.119 = 980.351 over 126 frames.
M0000000085_0033 ไม่ 
LOG (lattice-best-path[5.5.0~1494-e5a5]:main():lattice-best-path.cc:99) For utterance M0000000085_0034, best cost 27.7093 + 1093.07 = 1120.78 over 150 frames.
M0000000085_0034 โลก ปานกลาง 
LOG (lattice-best-path[5.5.0~1494-e5a5]:main():lattice-best-path.cc:99) For utterance M0000000085_0035, best cost 13.8029 + 1018.75 = 1032.56 over 135 frames.
M0000000085_0035 แล้ว 
LOG (lattice-best-path[5.5.0~1494-e5a5]:main():lattice-best-path.cc:99) For utterance M0000000085_0036, best cost 37.3045 + 1348.35 = 1385.66 over 179 frames.
M0000000085_0036 ของ เปลี่ยนเป็น ลง 
LOG (lattice-best-path[5.5.0~1494-e5a5]:main():lattice-best-path.cc:99) For utterance M0000000085_0037, best cost 26.4307 + 1098.16 = 1124.59 over 147 frames.
M0000000085_0037 เรา ฯลฯ 
LOG (lattice-best-path[5.5.0~1494-e5a5]:main():lattice-best-path.cc:99) For utterance M0000000085_0038, best cost 29.9773 + 1142.08 = 1172.06 over 150 frames.
M0000000085_0038 ปลุกเร้า ลง 
LOG (lattice-best-path[5.5.0~1494-e5a5]:main():lattice-best-path.cc:99) For utterance M0000000085_0039, best cost 27.9036 + 1365.98 = 1393.89 over 177 frames.
M0000000085_0039 ได้ อุปมาน 
LOG (lattice-best-path[5.5.0~1494-e5a5]:main():lattice-best-path.cc:99) For utterance M0000000085_0040, best cost 26.7682 + 1216.4 = 1243.17 over 156 frames.
M0000000085_0040 ดร. ต่อไป 
LOG (lattice-best-path[5.5.0~1494-e5a5]:main():lattice-best-path.cc:99) For utterance M0000000085_0041, best cost 47.4189 + 1601.8 = 1649.21 over 209 frames.
M0000000085_0041 อุดอู้ นั้น ออก เคลื่อนไหว 
LOG (lattice-best-path[5.5.0~1494-e5a5]:main():lattice-best-path.cc:99) For utterance M0000000085_0042, best cost 22.2642 + 1267.92 = 1290.18 over 162 frames.
M0000000085_0042 ระยะ 
LOG (lattice-best-path[5.5.0~1494-e5a5]:main():lattice-best-path.cc:99) For utterance M0000000085_0043, best cost 37.1381 + 1081.77 = 1118.91 over 146 frames.
M0000000085_0043 ชั้น ระหว่าง ไม่ 
LOG (lattice-best-path[5.5.0~1494-e5a5]:main():lattice-best-path.cc:99) For utterance M0000000085_0044, best cost 27.9461 + 1081.1 = 1109.04 over 146 frames.
M0000000085_0044 ติดตั้ง ด้วย 
LOG (lattice-best-path[5.5.0~1494-e5a5]:main():lattice-best-path.cc:99) For utterance M0000000085_0045, best cost 33.3882 + 1456.73 = 1490.12 over 183 frames.
M0000000085_0045 และ บันทึก วิจัย 
LOG (lattice-best-path[5.5.0~1494-e5a5]:main():lattice-best-path.cc:99) For utterance M0000000085_0046, best cost 21.1389 + 1103.97 = 1125.11 over 144 frames.
M0000000085_0046 อธิบาย 
LOG (lattice-best-path[5.5.0~1494-e5a5]:main():lattice-best-path.cc:99) For utterance M0000000085_0047, best cost 33.5245 + 1249.96 = 1283.48 over 159 frames.
M0000000085_0047 แสดง จัด กระดาษ 
LOG (lattice-best-path[5.5.0~1494-e5a5]:main():lattice-best-path.cc:99) For utterance M0000000085_0048, best cost 35.0326 + 1448.38 = 1483.41 over 186 frames.
M0000000085_0048 มี ดร. ฉลามลาย 
LOG (lattice-best-path[5.5.0~1494-e5a5]:main():lattice-best-path.cc:99) For utterance M0000000085_0049, best cost 30.1174 + 1018 = 1048.12 over 137 frames.
M0000000085_0049 ไม่ ละเลย 
LOG (lattice-best-path[5.5.0~1494-e5a5]:main():lattice-best-path.cc:99) For utterance M0000000085_0050, best cost 24.534 + 1067.85 = 1092.38 over 143 frames.
M0000000085_0050 ระยะ มาก 
LOG (lattice-best-path[5.5.0~1494-e5a5]:main():lattice-best-path.cc:99) For utterance M0000000085_0051, best cost 30.4919 + 1112.05 = 1142.55 over 144 frames.
M0000000085_0051 ประจำวัน ข่าว 
LOG (lattice-best-path[5.5.0~1494-e5a5]:main():lattice-best-path.cc:99) For utterance M0000000085_0052, best cost 27.9745 + 1184.69 = 1212.66 over 149 frames.
M0000000085_0052 เกณฑ์ การ กระทำ 
LOG (lattice-best-path[5.5.0~1494-e5a5]:main():lattice-best-path.cc:99) For utterance M0000000085_0053, best cost 41.3836 + 1329.6 = 1370.98 over 173 frames.
M0000000085_0053 วันนี้ น้อย มาก นัก 
LOG (lattice-best-path[5.5.0~1494-e5a5]:main():lattice-best-path.cc:99) For utterance M0000000085_0054, best cost 21.504 + 989.263 = 1010.77 over 131 frames.
M0000000085_0054 อิเล็กตรอน 
LOG (lattice-best-path[5.5.0~1494-e5a5]:main():lattice-best-path.cc:99) For utterance M0000000085_0055, best cost 28.4597 + 1039.54 = 1068 over 141 frames.
M0000000085_0055 ระงับ ว่องไว 
LOG (lattice-best-path[5.5.0~1494-e5a5]:main():lattice-best-path.cc:99) For utterance M0000000085_0056, best cost 57.6225 + 1834.89 = 1892.51 over 237 frames.
M0000000085_0056 จึง เครื่อง ได้ และ คล้ายคลึง อย่างไร 
LOG (lattice-best-path[5.5.0~1494-e5a5]:main():lattice-best-path.cc:99) For utterance M0000000085_0057, best cost 30.9937 + 1015.1 = 1046.09 over 134 frames.
M0000000085_0057 ไม่ ต้อง ของ 
LOG (lattice-best-path[5.5.0~1494-e5a5]:main():lattice-best-path.cc:99) For utterance M0000000085_0058, best cost 28.6381 + 1151.01 = 1179.65 over 156 frames.
M0000000085_0058 หลังจากนั้น ไม่ 
LOG (lattice-best-path[5.5.0~1494-e5a5]:main():lattice-best-path.cc:99) For utterance M0000000085_0059, best cost 36.6799 + 1522.47 = 1559.15 over 192 frames.
M0000000085_0059 ของ รูเจาะ ใกล้ 
LOG (lattice-best-path[5.5.0~1494-e5a5]:main():lattice-best-path.cc:99) For utterance M0000000085_0060, best cost 39.515 + 1458.7 = 1498.21 over 186 frames.
M0000000085_0060 ตำแหน่ง มากมาย 
LOG (lattice-best-path[5.5.0~1494-e5a5]:main():lattice-best-path.cc:99) For utterance M0000000085_0061, best cost 34.4486 + 1251.26 = 1285.7 over 164 frames.
M0000000085_0061 กลไก หรือ ฟาก 
LOG (lattice-best-path[5.5.0~1494-e5a5]:main():lattice-best-path.cc:99) For utterance M0000000085_0062, best cost 29.7836 + 1092.16 = 1121.94 over 144 frames.
M0000000085_0062 มี ร้องเพลง ได้ 
LOG (lattice-best-path[5.5.0~1494-e5a5]:main():lattice-best-path.cc:99) For utterance M0000000085_0063, best cost 44.3645 + 1181.6 = 1225.97 over 155 frames.
M0000000085_0063 เหม็น เหล่านี้ ร้อน ใน 
LOG (lattice-best-path[5.5.0~1494-e5a5]:main():lattice-best-path.cc:99) For utterance M0000000085_0064, best cost 26.6807 + 1226.56 = 1253.24 over 161 frames.
M0000000085_0064 ส่วน ต่างๆ อีก 
LOG (lattice-best-path[5.5.0~1494-e5a5]:main():lattice-best-path.cc:99) For utterance M0000000085_0065, best cost 42.3837 + 1257.93 = 1300.31 over 164 frames.
M0000000085_0065 คติ โชคลาง น้อย 
LOG (lattice-best-path[5.5.0~1494-e5a5]:main():lattice-best-path.cc:99) For utterance M0000000085_0066, best cost 29.8056 + 1136.37 = 1166.18 over 144 frames.
M0000000085_0066 ระยะ ลูกฟัก 
LOG (lattice-best-path[5.5.0~1494-e5a5]:main():lattice-best-path.cc:99) For utterance M0000000085_0067, best cost 33.1008 + 1197.33 = 1230.43 over 161 frames.
M0000000085_0067 ขมิ้น อนึ่ง 
LOG (lattice-best-path[5.5.0~1494-e5a5]:main():lattice-best-path.cc:99) For utterance M0000000085_0068, best cost 40.3821 + 1414.67 = 1455.06 over 185 frames.
M0000000085_0068 ควร จันทัน ต้องการ 
LOG (lattice-best-path[5.5.0~1494-e5a5]:main():lattice-best-path.cc:99) For utterance M0000000085_0069, best cost 26.1505 + 1219.06 = 1245.21 over 164 frames.
M0000000085_0069 มี อย่างไร 
LOG (lattice-best-path[5.5.0~1494-e5a5]:main():lattice-best-path.cc:99) For utterance M0000000085_0070, best cost 34.5444 + 1235.79 = 1270.33 over 162 frames.
M0000000085_0070 ควร ไม่ รังสี 
LOG (lattice-best-path[5.5.0~1494-e5a5]:main():lattice-best-path.cc:99) For utterance M0000000085_0071, best cost 36.6394 + 1323.72 = 1360.36 over 164 frames.
M0000000085_0071 เหล่านี้ มี ผู้วิจัย 
LOG (lattice-best-path[5.5.0~1494-e5a5]:main():lattice-best-path.cc:99) For utterance M0000000085_0072, best cost 55.3409 + 1501.51 = 1556.85 over 191 frames.
M0000000085_0072 คง กิ่งไม้ จึง ด้วย ไม้ 
LOG (lattice-best-path[5.5.0~1494-e5a5]:main():lattice-best-path.cc:99) For utterance M0000000085_0073, best cost 52.3272 + 1707.92 = 1760.25 over 224 frames.
M0000000085_0073 ทำ อาละวาด ร้านอาหาร หนัก 
LOG (lattice-best-path[5.5.0~1494-e5a5]:main():lattice-best-path.cc:99) For utterance M0000000085_0074, best cost 31.3453 + 1103.9 = 1135.24 over 144 frames.
M0000000085_0074 และ เป็น สมัย 
LOG (lattice-best-path[5.5.0~1494-e5a5]:main():lattice-best-path.cc:99) For utterance M0000000085_0075, best cost 45.8597 + 1612.79 = 1658.65 over 201 frames.
M0000000085_0075 ลักษณะ การ พล็อต อยู่ ใน 
LOG (lattice-best-path[5.5.0~1494-e5a5]:main():lattice-best-path.cc:99) For utterance M0000000085_0076, best cost 53.1121 + 1430.46 = 1483.57 over 188 frames.
M0000000085_0076 ดังนั้น จะ เนื้อหา ละ ไม่ 
LOG (lattice-best-path[5.5.0~1494-e5a5]:main():lattice-best-path.cc:99) For utterance M0000000085_0077, best cost 50.8004 + 1780.73 = 1831.53 over 231 frames.
M0000000085_0077 ระวีวรรณ หลังจากนั้น เป็น วัย 
LOG (lattice-best-path[5.5.0~1494-e5a5]:main():lattice-best-path.cc:99) For utterance M0000000085_0078, best cost 56.8187 + 1637.88 = 1694.7 over 206 frames.
M0000000085_0078 รักษา ล้าน ป้องกัน อะไร 
LOG (lattice-best-path[5.5.0~1494-e5a5]:main():lattice-best-path.cc:99) For utterance M0000000085_0079, best cost 26.3409 + 1269.08 = 1295.42 over 176 frames.
M0000000085_0079 ค่าใช้จ่าย ใน 
LOG (lattice-best-path[5.5.0~1494-e5a5]:main():lattice-best-path.cc:99) For utterance M0000000085_0080, best cost 50.7656 + 1684.37 = 1735.13 over 218 frames.
M0000000085_0080 ยัง อาจ ชอล์ก กระดานดำ ร้องไห้ 
LOG (lattice-best-path[5.5.0~1494-e5a5]:main():lattice-best-path.cc:99) For utterance M0000000085_0081, best cost 48.8425 + 2218.26 = 2267.1 over 290 frames.
M0000000085_0081 โต๊ะ เสวยราชย์ อยู่ ใน สมัย 
LOG (lattice-best-path[5.5.0~1494-e5a5]:main():lattice-best-path.cc:99) For utterance M0000000085_0082, best cost 57.6943 + 1871.01 = 1928.7 over 243 frames.
M0000000085_0082 นอกจาก ใน ตลาด ต้อง เสีย หนัก 
LOG (lattice-best-path[5.5.0~1494-e5a5]:main():lattice-best-path.cc:99) For utterance M0000000085_0083, best cost 33.2583 + 1453.83 = 1487.09 over 191 frames.
M0000000085_0083 เกรียงชัย ที่ ไม่ 
LOG (lattice-best-path[5.5.0~1494-e5a5]:main():lattice-best-path.cc:99) For utterance M0000000085_0084, best cost 32.5974 + 1276.72 = 1309.31 over 164 frames.
M0000000085_0084 ซึ่ง เป็น ชิ้น บางๆ 
LOG (lattice-best-path[5.5.0~1494-e5a5]:main():lattice-best-path.cc:99) For utterance M0000000085_0085, best cost 39.1667 + 1491.87 = 1531.04 over 203 frames.
M0000000085_0085 ขนาด และ ได้ อีกด้วย 
LOG (lattice-best-path[5.5.0~1494-e5a5]:main():lattice-best-path.cc:99) For utterance M0000000085_0086, best cost 33.3874 + 1538.76 = 1572.15 over 203 frames.
M0000000085_0086 อนึ่ง ภายใต้ เรา 
LOG (lattice-best-path[5.5.0~1494-e5a5]:main():lattice-best-path.cc:99) For utterance M0000000085_0087, best cost 39.474 + 1289.37 = 1328.85 over 176 frames.
M0000000085_0087 เปลี่ยน นโยบาย ใน 
LOG (lattice-best-path[5.5.0~1494-e5a5]:main():lattice-best-path.cc:99) For utterance M0000000085_0088, best cost 50.2602 + 1412.96 = 1463.22 over 179 frames.
M0000000085_0088 ใช้ หนู โอกาส ที่ ใน 
LOG (lattice-best-path[5.5.0~1494-e5a5]:main():lattice-best-path.cc:99) For utterance M0000000085_0089, best cost 29.5469 + 1299.71 = 1329.26 over 167 frames.
M0000000085_0089 เพราะฉะนั้น การ ชง 
LOG (lattice-best-path[5.5.0~1494-e5a5]:main():lattice-best-path.cc:99) For utterance M0000000085_0090, best cost 38.1124 + 1558.38 = 1596.49 over 203 frames.
M0000000085_0090 ทั้งนี้ ก็ และ ฯลฯ 
LOG (lattice-best-path[5.5.0~1494-e5a5]:main():lattice-best-path.cc:99) For utterance M0000000085_0091, best cost 26.4994 + 1300.69 = 1327.19 over 161 frames.
M0000000085_0091 ใส่ ลง 
LOG (lattice-best-path[5.5.0~1494-e5a5]:main():lattice-best-path.cc:99) For utterance M0000000085_0092, best cost 32.4694 + 1118.21 = 1150.68 over 147 frames.
M0000000085_0092 ไซ หู เรา 
LOG (lattice-best-path[5.5.0~1494-e5a5]:main():lattice-best-path.cc:99) For utterance M0000000085_0093, best cost 39.3275 + 1137.62 = 1176.94 over 152 frames.
M0000000085_0093 ออก เป็นไป จ่ายเงิน 
LOG (lattice-best-path[5.5.0~1494-e5a5]:main():lattice-best-path.cc:99) For utterance M0000000085_0094, best cost 35.1457 + 1505.33 = 1540.48 over 198 frames.
M0000000085_0094 ออก รวง จำเป็น 
LOG (lattice-best-path[5.5.0~1494-e5a5]:main():lattice-best-path.cc:99) For utterance M0000000085_0095, best cost 50.3937 + 1513.46 = 1563.85 over 200 frames.
M0000000085_0095 กงล้อ ชัยวัฒน์ เป็น ไม่ 
LOG (lattice-best-path[5.5.0~1494-e5a5]:main():lattice-best-path.cc:99) For utterance M0000000085_0096, best cost 47.6927 + 1574.57 = 1622.26 over 194 frames.
M0000000085_0096 ลง เป็น กิ่งไม้ หนึ่ง 
LOG (lattice-best-path[5.5.0~1494-e5a5]:main():lattice-best-path.cc:99) For utterance M0000000085_0097, best cost 44.3617 + 1309.75 = 1354.11 over 167 frames.
M0000000085_0097 เหมาะสม วิเคราะห์ เล็กน้อย 
LOG (lattice-best-path[5.5.0~1494-e5a5]:main():lattice-best-path.cc:99) For utterance M0000000085_0098, best cost 49.6352 + 1441.89 = 1491.52 over 189 frames.
M0000000085_0098 เหมาะสม ที่ บันได เป็นหลัก 
LOG (lattice-best-path[5.5.0~1494-e5a5]:main():lattice-best-path.cc:99) For utterance M0000000085_0099, best cost 37.8255 + 1100.92 = 1138.74 over 138 frames.
M0000000085_0099 โดย ลง ไป องศา 
LOG (lattice-best-path[5.5.0~1494-e5a5]:main():lattice-best-path.cc:99) For utterance M0000000085_0100, best cost 33.1852 + 1554.51 = 1587.69 over 206 frames.
M0000000085_0100 ฤดูหนาว อย่าง หนัก 
LOG (lattice-best-path[5.5.0~1494-e5a5]:main():lattice-best-path.cc:99) For utterance M0000000085_0101, best cost 68.2076 + 2100.57 = 2168.78 over 266 frames.
M0000000085_0101 อยู่ ใช้ จาก ครั้นแล้ว กระดาษ จะ หนึ่ง 
LOG (lattice-best-path[5.5.0~1494-e5a5]:main():lattice-best-path.cc:99) For utterance M0000000105_0000, best cost 34.7776 + 1167.74 = 1202.51 over 178 frames.
M0000000105_0000 โค ว่า ที่ 
LOG (lattice-best-path[5.5.0~1494-e5a5]:main():lattice-best-path.cc:99) For utterance M0000000105_0001, best cost 52.3162 + 2540.01 = 2592.32 over 366 frames.
M0000000105_0001 โอกาส ที่ ต่อมา บ้านเมือง การ 
LOG (lattice-best-path[5.5.0~1494-e5a5]:main():lattice-best-path.cc:99) For utterance M0000000105_0002, best cost 70.7235 + 2272.05 = 2342.78 over 314 frames.
M0000000105_0002 ออก ก้าวร้าว ได้ เคย กล่าว เนื่องจาก 
LOG (lattice-best-path[5.5.0~1494-e5a5]:main():lattice-best-path.cc:99) For utterance M0000000105_0003, best cost 55.4719 + 1897.19 = 1952.66 over 257 frames.
M0000000105_0003 ทรง ตำรวจ หรือ บัตร เครื่อง 
LOG (lattice-best-path[5.5.0~1494-e5a5]:main():lattice-best-path.cc:99) For utterance M0000000105_0004, best cost 50.9375 + 2172.61 = 2223.54 over 316 frames.
M0000000105_0004 เขา พับ อยู่ ให้บริการ 
LOG (lattice-best-path[5.5.0~1494-e5a5]:main():lattice-best-path.cc:99) For utterance M0000000105_0005, best cost 55.4851 + 2159.59 = 2215.08 over 309 frames.
M0000000105_0005 ออก ทั่วไป ไซ หู การ 
LOG (lattice-best-path[5.5.0~1494-e5a5]:main():lattice-best-path.cc:99) For utterance M0000000105_0006, best cost 44.0354 + 1548.43 = 1592.46 over 220 frames.
M0000000105_0006 คอก ขวบ บางๆ 
LOG (lattice-best-path[5.5.0~1494-e5a5]:main():lattice-best-path.cc:99) For utterance M0000000105_0007, best cost 46.1042 + 1869.04 = 1915.14 over 271 frames.
M0000000105_0007 รวมทั้ง รอบ แล้ว หนึ่ง 
LOG (lattice-best-path[5.5.0~1494-e5a5]:main():lattice-best-path.cc:99) For utterance M0000000105_0008, best cost 60.2943 + 2404.5 = 2464.79 over 350 frames.
M0000000105_0008 น้ำ ออก หนึ่ง นั้น ทั้ง สอง 
LOG (lattice-best-path[5.5.0~1494-e5a5]:main():lattice-best-path.cc:99) For utterance M0000000105_0009, best cost 39.3244 + 1783.12 = 1822.44 over 252 frames.
M0000000105_0009 ของ คำสั่ง ของ เรือน 
LOG (lattice-best-path[5.5.0~1494-e5a5]:main():lattice-best-path.cc:99) For utterance M0000000105_0010, best cost 35.9995 + 1567.83 = 1603.83 over 235 frames.
M0000000105_0010 ของ บล๊อค น้อย 
LOG (lattice-best-path[5.5.0~1494-e5a5]:main():lattice-best-path.cc:99) For utterance M0000000105_0011, best cost 36.325 + 1238.77 = 1275.1 over 178 frames.
M0000000105_0011 ว่า หาก ผลลัพธ์ 
LOG (lattice-best-path[5.5.0~1494-e5a5]:main():lattice-best-path.cc:99) For utterance M0000000105_0012, best cost 35.3242 + 1320.75 = 1356.07 over 172 frames.
M0000000105_0012 สำรวจ เครื่องกลึง 
LOG (lattice-best-path[5.5.0~1494-e5a5]:main():lattice-best-path.cc:99) For utterance M0000000105_0013, best cost 106.938 + 4640.88 = 4747.82 over 646 frames.
M0000000105_0013 ไอซี สอง จัดซื้อ ของ แต่ สอง พุ่ง ควร 
LOG (lattice-best-path[5.5.0~1494-e5a5]:main():lattice-best-path.cc:99) For utterance M0000000105_0014, best cost 36.7891 + 1480.67 = 1517.46 over 213 frames.
M0000000105_0014 คอก ออกแบบ 
LOG (lattice-best-path[5.5.0~1494-e5a5]:main():lattice-best-path.cc:99) For utterance M0000000105_0015, best cost 47.8398 + 1721.56 = 1769.4 over 252 frames.
M0000000105_0015 ข้อ นั้น ตรง นาน นัก 
LOG (lattice-best-path[5.5.0~1494-e5a5]:main():lattice-best-path.cc:99) For utterance M0000000105_0016, best cost 48.1075 + 1857.22 = 1905.33 over 252 frames.
M0000000105_0016 ก่อนหลัง ประจุ หนัก 
LOG (lattice-best-path[5.5.0~1494-e5a5]:main():lattice-best-path.cc:99) For utterance M0000000105_0017, best cost 38.3695 + 1330.17 = 1368.54 over 193 frames.
M0000000105_0017 ของ ร่างกาย แหล่งน้ำ 
LOG (lattice-best-path[5.5.0~1494-e5a5]:main():lattice-best-path.cc:99) For utterance M0000000105_0018, best cost 51.116 + 1722.79 = 1773.91 over 238 frames.
M0000000105_0018 คน ก็ มี เสื่อม น้อย 
LOG (lattice-best-path[5.5.0~1494-e5a5]:main():lattice-best-path.cc:99) For utterance M0000000105_0019, best cost 48.3897 + 1723.11 = 1771.5 over 236 frames.
M0000000105_0019 ผลลัพธ์ ไป ตก นาน นัก 
LOG (lattice-best-path[5.5.0~1494-e5a5]:main():lattice-best-path.cc:99) For utterance M0000000105_0020, best cost 32.4987 + 1305.18 = 1337.68 over 190 frames.
M0000000105_0020 รูป ต่อไป ใน 
LOG (lattice-best-path[5.5.0~1494-e5a5]:main():lattice-best-path.cc:99) For utterance M0000000105_0021, best cost 35.7426 + 959.398 = 995.14 over 142 frames.
M0000000105_0021 น้ำ กิน จาน 
LOG (lattice-best-path[5.5.0~1494-e5a5]:main():lattice-best-path.cc:99) For utterance M0000000105_0022, best cost 34.6417 + 1228.67 = 1263.31 over 176 frames.
M0000000105_0022 ชื่อ มากมาย 
LOG (lattice-best-path[5.5.0~1494-e5a5]:main():lattice-best-path.cc:99) For utterance M0000000105_0023, best cost 58.516 + 1937.23 = 1995.74 over 273 frames.
M0000000105_0023 อาหาร ขโมย มั่นคง ภายใน 
LOG (lattice-best-path[5.5.0~1494-e5a5]:main():lattice-best-path.cc:99) For utterance M0000000105_0024, best cost 38.9502 + 1448.49 = 1487.44 over 201 frames.
M0000000105_0024 ของ เครื่อง ลง น้อย 
LOG (lattice-best-path[5.5.0~1494-e5a5]:main():lattice-best-path.cc:99) For utterance M0000000105_0025, best cost 18.3868 + 821.742 = 840.129 over 111 frames.
M0000000105_0025 พระองค์ 
LOG (lattice-best-path[5.5.0~1494-e5a5]:main():lattice-best-path.cc:99) For utterance M0000000105_0026, best cost 56.2413 + 2019.1 = 2075.34 over 292 frames.
M0000000105_0026 มี นั้น จึง ชุด ที่ ไม่ 
LOG (lattice-best-path[5.5.0~1494-e5a5]:main():lattice-best-path.cc:99) For utterance M0000000105_0027, best cost 66.6466 + 2647.22 = 2713.86 over 373 frames.
M0000000105_0027 โต ซอส เหตุ ให้ นอกจาก 
LOG (lattice-best-path[5.5.0~1494-e5a5]:main():lattice-best-path.cc:99) For utterance M0000000105_0028, best cost 58.129 + 2129.94 = 2188.07 over 298 frames.
M0000000105_0028 ข้อ นั้น จึง เพิ่ม บ่อยครั้ง 
LOG (lattice-best-path[5.5.0~1494-e5a5]:main():lattice-best-path.cc:99) For utterance M0000000105_0029, best cost 40.9154 + 1507.16 = 1548.08 over 216 frames.
M0000000105_0029 จัดซื้อ คือ อย่าง 
LOG (lattice-best-path[5.5.0~1494-e5a5]:main():lattice-best-path.cc:99) For utterance M0000000105_0030, best cost 48.8562 + 1483.36 = 1532.21 over 212 frames.
M0000000105_0030 คง อะไร ได้ ต้อง 
LOG (lattice-best-path[5.5.0~1494-e5a5]:main():lattice-best-path.cc:99) For utterance M0000000105_0031, best cost 57.666 + 1735.96 = 1793.62 over 255 frames.
M0000000105_0031 อาหาร จะ มาก ที่ มน 
LOG (lattice-best-path[5.5.0~1494-e5a5]:main():lattice-best-path.cc:99) For utterance M0000000105_0032, best cost 47.2187 + 1824.83 = 1872.05 over 267 frames.
M0000000105_0032 ต้อง ออก อีก มากมาย 
LOG (lattice-best-path[5.5.0~1494-e5a5]:main():lattice-best-path.cc:99) For utterance M0000000105_0033, best cost 41.188 + 1451.71 = 1492.9 over 215 frames.
M0000000105_0033 เดิน ไป จาก สัตว์ 
LOG (lattice-best-path[5.5.0~1494-e5a5]:main():lattice-best-path.cc:99) For utterance M0000000105_0034, best cost 36.8492 + 1315.32 = 1352.17 over 198 frames.
M0000000105_0034 ข้อ นั้น จาน 
LOG (lattice-best-path[5.5.0~1494-e5a5]:main():lattice-best-path.cc:99) For utterance M0000000105_0035, best cost 33.7857 + 1601.81 = 1635.6 over 249 frames.
M0000000105_0035 ไม่ ทัน แล้ว 
LOG (lattice-best-path[5.5.0~1494-e5a5]:main():lattice-best-path.cc:99) For utterance M0000000105_0036, best cost 43.7596 + 1507.83 = 1551.59 over 221 frames.
M0000000105_0036 ขอบ เปลี่ยน เป็น รูป 
LOG (lattice-best-path[5.5.0~1494-e5a5]:main():lattice-best-path.cc:99) For utterance M0000000105_0037, best cost 43.9255 + 1449.97 = 1493.9 over 209 frames.
M0000000105_0037 ไม่ ออก แนว ของ 
LOG (lattice-best-path[5.5.0~1494-e5a5]:main():lattice-best-path.cc:99) For utterance M0000000105_0038, best cost 45.1429 + 2070.52 = 2115.66 over 307 frames.
M0000000105_0038 รูป ข้าว อยู่ ตรง 
LOG (lattice-best-path[5.5.0~1494-e5a5]:main():lattice-best-path.cc:99) For utterance M0000000105_0039, best cost 41.8211 + 1628.36 = 1670.18 over 234 frames.
M0000000105_0039 หลัก ไป ตก หนัก 
LOG (lattice-best-path[5.5.0~1494-e5a5]:main():lattice-best-path.cc:99) For utterance M0000000105_0040, best cost 52.6118 + 1714.04 = 1766.65 over 245 frames.
M0000000105_0040 ได้ ไป ตก ส่ง น้ำ 
LOG (lattice-best-path[5.5.0~1494-e5a5]:main():lattice-best-path.cc:99) For utterance M0000000105_0041, best cost 84.587 + 2657.5 = 2742.09 over 385 frames.
M0000000105_0041 ออก ตก ตัว นำ มา ป้อน บัตร ไม่ 
LOG (lattice-best-path[5.5.0~1494-e5a5]:main():lattice-best-path.cc:99) For utterance M0000000105_0042, best cost 52.4631 + 1952.31 = 2004.77 over 279 frames.
M0000000105_0042 จาก ได้ ไป ของ แต่ 
LOG (lattice-best-path[5.5.0~1494-e5a5]:main():lattice-best-path.cc:99) For utterance M0000000105_0043, best cost 40.5721 + 1787.71 = 1828.28 over 264 frames.
M0000000105_0043 ชั้น บน ว่องไว 
LOG (lattice-best-path[5.5.0~1494-e5a5]:main():lattice-best-path.cc:99) For utterance M0000000105_0044, best cost 30.1954 + 1338.17 = 1368.37 over 190 frames.
M0000000105_0044 ติดตั้ง ด้วย 
LOG (lattice-best-path[5.5.0~1494-e5a5]:main():lattice-best-path.cc:99) For utterance M0000000105_0045, best cost 39.3657 + 1923.2 = 1962.57 over 280 frames.
M0000000105_0045 เจาะ บัตร เคลื่อนที่ ได้ 
LOG (lattice-best-path[5.5.0~1494-e5a5]:main():lattice-best-path.cc:99) For utterance M0000000105_0046, best cost 29.8645 + 1251.17 = 1281.04 over 187 frames.
M0000000105_0046 ที่ ไป 
LOG (lattice-best-path[5.5.0~1494-e5a5]:main():lattice-best-path.cc:99) For utterance M0000000105_0047, best cost 55.7294 + 1664.06 = 1719.79 over 236 frames.
M0000000105_0047 สัตว์ แกน จาก บัตร ต้อง 
LOG (lattice-best-path[5.5.0~1494-e5a5]:main():lattice-best-path.cc:99) For utterance M0000000105_0048, best cost 55.401 + 2244.88 = 2300.28 over 325 frames.
M0000000105_0048 มี โรค ชั้น ใน ไม่ 
LOG (lattice-best-path[5.5.0~1494-e5a5]:main():lattice-best-path.cc:99) For utterance M0000000105_0049, best cost 44.0477 + 1499.62 = 1543.67 over 220 frames.
M0000000105_0049 ไม่ ขโมย เลย 
LOG (lattice-best-path[5.5.0~1494-e5a5]:main():lattice-best-path.cc:99) For utterance M0000000105_0050, best cost 32.3256 + 1406.1 = 1438.42 over 205 frames.
M0000000105_0050 นอกจาก แยก บัตร 
LOG (lattice-best-path[5.5.0~1494-e5a5]:main():lattice-best-path.cc:99) For utterance M0000000105_0051, best cost 52.2331 + 2000.17 = 2052.4 over 305 frames.
M0000000105_0051 การ เชื่อม เหม็น ข่าว 
LOG (lattice-best-path[5.5.0~1494-e5a5]:main():lattice-best-path.cc:99) For utterance M0000000105_0052, best cost 43.5122 + 1541.46 = 1584.97 over 220 frames.
M0000000105_0052 เกิด เกิน ไป เปราะ 
LOG (lattice-best-path[5.5.0~1494-e5a5]:main():lattice-best-path.cc:99) For utterance M0000000105_0053, best cost 65.5922 + 2571.87 = 2637.46 over 376 frames.
M0000000105_0053 วัน นี้ ขโมย มาก หรือ เพราะ 
LOG (lattice-best-path[5.5.0~1494-e5a5]:main():lattice-best-path.cc:99) For utterance M0000000105_0054, best cost 29.4197 + 1304 = 1333.42 over 194 frames.
M0000000105_0054 เป็น วัย ของ 
LOG (lattice-best-path[5.5.0~1494-e5a5]:main():lattice-best-path.cc:99) For utterance M0000000105_0055, best cost 39.8198 + 1402.74 = 1442.56 over 202 frames.
M0000000105_0055 ค้นหา พบ ใน 
LOG (lattice-best-path[5.5.0~1494-e5a5]:main():lattice-best-path.cc:99) For utterance M0000000105_0056, best cost 83.5059 + 3107.84 = 3191.35 over 450 frames.
M0000000105_0056 ยิ่งขึ้น การ รักษา คลื่น ยาว ได้ ไม่ 
LOG (lattice-best-path[5.5.0~1494-e5a5]:main():lattice-best-path.cc:99) For utterance M0000000105_0057, best cost 35.1579 + 1242.35 = 1277.5 over 187 frames.
M0000000105_0057 ไม่ ต้อง คน 
LOG (lattice-best-path[5.5.0~1494-e5a5]:main():lattice-best-path.cc:99) For utterance M0000000105_0058, best cost 42.825 + 1478.34 = 1521.17 over 215 frames.
M0000000105_0058 บาง การ ได้ ใน 
LOG (lattice-best-path[5.5.0~1494-e5a5]:main():lattice-best-path.cc:99) For utterance M0000000105_0059, best cost 57.9211 + 1892.28 = 1950.2 over 273 frames.
M0000000105_0059 รับ ข้อมูล สับ ของ ร้าย 
LOG (lattice-best-path[5.5.0~1494-e5a5]:main():lattice-best-path.cc:99) For utterance M0000000105_0060, best cost 66.5483 + 2317.25 = 2383.8 over 331 frames.
M0000000105_0060 ต้ม ยัง บน เผ็ด มากมาย 
LOG (lattice-best-path[5.5.0~1494-e5a5]:main():lattice-best-path.cc:99) For utterance M0000000105_0061, best cost 38.6358 + 1794.74 = 1833.37 over 256 frames.
M0000000105_0061 กลไก บ้านเมือง กับ 
LOG (lattice-best-path[5.5.0~1494-e5a5]:main():lattice-best-path.cc:99) For utterance M0000000105_0062, best cost 45.915 + 1397.71 = 1443.62 over 209 frames.
M0000000105_0062 มี พร้อม คือ ไม่ 
LOG (lattice-best-path[5.5.0~1494-e5a5]:main():lattice-best-path.cc:99) For utterance M0000000105_0063, best cost 54.1887 + 1838.76 = 1892.95 over 264 frames.
M0000000105_0063 ฤดู มี ขโมย ไม่ 
LOG (lattice-best-path[5.5.0~1494-e5a5]:main():lattice-best-path.cc:99) For utterance M0000000105_0064, best cost 36.6604 + 1555.37 = 1592.03 over 220 frames.
M0000000105_0064 ซ้อน กัน ที่ 
LOG (lattice-best-path[5.5.0~1494-e5a5]:main():lattice-best-path.cc:99) For utterance M0000000105_0065, best cost 41.503 + 1885.59 = 1927.1 over 273 frames.
M0000000105_0065 คง ถูก ลง น้อย 
LOG (lattice-best-path[5.5.0~1494-e5a5]:main():lattice-best-path.cc:99) For utterance M0000000105_0066, best cost 46.9436 + 1436.72 = 1483.66 over 194 frames.
M0000000105_0066 ขัดยอก หมด ครอบ 
LOG (lattice-best-path[5.5.0~1494-e5a5]:main():lattice-best-path.cc:99) For utterance M0000000105_0067, best cost 41.5574 + 1496.59 = 1538.15 over 212 frames.
M0000000105_0067 ขอบ มี อนึ่ง 
LOG (lattice-best-path[5.5.0~1494-e5a5]:main():lattice-best-path.cc:99) For utterance M0000000105_0068, best cost 48.5997 + 1955.35 = 2003.95 over 279 frames.
M0000000105_0068 ของ การ แบ่ง ต้องการ 
LOG (lattice-best-path[5.5.0~1494-e5a5]:main():lattice-best-path.cc:99) For utterance M0000000105_0069, best cost 56.6593 + 1872.37 = 1929.03 over 272 frames.
M0000000105_0069 มี ที่ หลัง มือ ใน 
LOG (lattice-best-path[5.5.0~1494-e5a5]:main():lattice-best-path.cc:99) For utterance M0000000105_0070, best cost 42.5402 + 1522.17 = 1564.71 over 219 frames.
M0000000105_0070 คง เป็น ลูกกลอน สี 
LOG (lattice-best-path[5.5.0~1494-e5a5]:main():lattice-best-path.cc:99) For utterance M0000000105_0071, best cost 54.6394 + 2215.51 = 2270.15 over 320 frames.
M0000000105_0071 ปลาหมึก มี ขูด น้อย 
LOG (lattice-best-path[5.5.0~1494-e5a5]:main():lattice-best-path.cc:99) For utterance M0000000105_0072, best cost 68.2075 + 2295.92 = 2364.13 over 332 frames.
M0000000105_0072 ผล ที่ เล่น มากขึ้น ด้วย ไม้ 
LOG (lattice-best-path[5.5.0~1494-e5a5]:main():lattice-best-path.cc:99) For utterance M0000000105_0073, best cost 72.7369 + 2713.38 = 2786.11 over 393 frames.
M0000000105_0073 ทำ อะไร ระหว่าง ทำ อาหาร ปลา 
LOG (lattice-best-path[5.5.0~1494-e5a5]:main():lattice-best-path.cc:99) For utterance M0000000105_0074, best cost 44.9616 + 1751.2 = 1796.17 over 257 frames.
M0000000105_0074 รับ ได้ สรุป ไม่ 
LOG (lattice-best-path[5.5.0~1494-e5a5]:main():lattice-best-path.cc:99) For utterance M0000000105_0075, best cost 64.9237 + 2612.36 = 2677.29 over 378 frames.
M0000000105_0075 จาก สมการ ต้อง อายุ เท่าไร 
LOG (lattice-best-path[5.5.0~1494-e5a5]:main():lattice-best-path.cc:99) For utterance M0000000105_0076, best cost 74.1493 + 2295.65 = 2369.8 over 330 frames.
M0000000105_0076 การ ไม่ เตือน อาหาร ปรับ ไม่ 
LOG (lattice-best-path[5.5.0~1494-e5a5]:main():lattice-best-path.cc:99) For utterance M0000000105_0077, best cost 83.0268 + 2999.82 = 3082.85 over 435 frames.
M0000000105_0077 ไม่ มี ต่างๆ ต้องการ แทน บ่อยๆ ไม่ 
LOG (lattice-best-path[5.5.0~1494-e5a5]:main():lattice-best-path.cc:99) For utterance M0000000105_0078, best cost 57.0854 + 2582.77 = 2639.86 over 373 frames.
M0000000105_0078 จัดซื้อ การ ต้ม สายสร้อย 
LOG (lattice-best-path[5.5.0~1494-e5a5]:main():lattice-best-path.cc:99) For utterance M0000000105_0079, best cost 42.3964 + 1847.63 = 1890.02 over 266 frames.
M0000000105_0079 กลาย เป็น ใช้ ใน 
LOG (lattice-best-path[5.5.0~1494-e5a5]:main():lattice-best-path.cc:99) For utterance M0000000105_0080, best cost 78.8916 + 2767.6 = 2846.5 over 408 frames.
M0000000105_0080 จาก เปิด สาขา บาง ต้อง ทำ ใน 
LOG (lattice-best-path[5.5.0~1494-e5a5]:main():lattice-best-path.cc:99) For utterance M0000000105_0081, best cost 81.8681 + 2693.28 = 2775.15 over 394 frames.
M0000000105_0081 ปรก ช่วย ต่างๆ ยาก บาง ขาย ใน 
LOG (lattice-best-path[5.5.0~1494-e5a5]:main():lattice-best-path.cc:99) For utterance M0000000105_0082, best cost 95.6976 + 2924.36 = 3020.05 over 429 frames.
M0000000105_0082 มา จาก ไป เปิด หวาน ตรง สี แยก บัตร 
LOG (lattice-best-path[5.5.0~1494-e5a5]:main():lattice-best-path.cc:99) For utterance M0000000105_0083, best cost 43.6528 + 1819.34 = 1863 over 257 frames.
M0000000105_0083 ขัดยอก ขาย ใน 
LOG (lattice-best-path[5.5.0~1494-e5a5]:main():lattice-best-path.cc:99) For utterance M0000000105_0084, best cost 48.1926 + 1905.27 = 1953.46 over 271 frames.
M0000000105_0084 สะกดจิต เป็น ใน บาง 
LOG (lattice-best-path[5.5.0~1494-e5a5]:main():lattice-best-path.cc:99) For utterance M0000000105_0085, best cost 57.1702 + 2326.19 = 2383.36 over 335 frames.
M0000000105_0085 อาหาร ไม่ ได้ ดี ไม่ 
LOG (lattice-best-path[5.5.0~1494-e5a5]:main():lattice-best-path.cc:99) For utterance M0000000105_0086, best cost 57.5241 + 2274.95 = 2332.48 over 334 frames.
M0000000105_0086 ส่วนหนึ่ง ภายใต้ เลือก บอก 
LOG (lattice-best-path[5.5.0~1494-e5a5]:main():lattice-best-path.cc:99) For utterance M0000000105_0087, best cost 51.1403 + 1806.4 = 1857.54 over 259 frames.
M0000000105_0087 เตือน ใน รูป ได้ ไม่ 
LOG (lattice-best-path[5.5.0~1494-e5a5]:main():lattice-best-path.cc:99) For utterance M0000000105_0088, best cost 53.8844 + 2166.51 = 2220.4 over 295 frames.
M0000000105_0088 ใช้ ถูก นอกจาก ที่ ได้ 
LOG (lattice-best-path[5.5.0~1494-e5a5]:main():lattice-best-path.cc:99) For utterance M0000000105_0089, best cost 53.7911 + 1763.57 = 1817.36 over 249 frames.
M0000000105_0089 ต้อง ใส่ น้ำตาล ชง 
LOG (lattice-best-path[5.5.0~1494-e5a5]:main():lattice-best-path.cc:99) For utterance M0000000105_0090, best cost 62.7156 + 2295.3 = 2358.01 over 328 frames.
M0000000105_0090 ทำ ลูกกลอน และ ใน เรื่อง ศัพท์ 
LOG (lattice-best-path[5.5.0~1494-e5a5]:main():lattice-best-path.cc:99) For utterance M0000000105_0091, best cost 53.2697 + 1855.46 = 1908.73 over 263 frames.
M0000000105_0091 ใส่ ศูนย์สูตร โลก หรือ เปราะ 
LOG (lattice-best-path[5.5.0~1494-e5a5]:main():lattice-best-path.cc:99) For utterance M0000000105_0092, best cost 41.2462 + 1606.96 = 1648.2 over 230 frames.
M0000000105_0092 ไซ หู หรือ ป้อน 
LOG (lattice-best-path[5.5.0~1494-e5a5]:main():lattice-best-path.cc:99) For utterance M0000000105_0093, best cost 52.8767 + 1993.29 = 2046.16 over 289 frames.
M0000000105_0093 แคระแกร็น ฝ่าย จะ หนึ่ง 
LOG (lattice-best-path[5.5.0~1494-e5a5]:main():lattice-best-path.cc:99) For utterance M0000000105_0094, best cost 65.8907 + 4102.19 = 4168.08 over 615 frames.
M0000000105_0094 เอา ผล กล้วย คอก สาน หรือ 
LOG (lattice-best-path[5.5.0~1494-e5a5]:main():lattice-best-path.cc:99) For utterance M0000000105_0095, best cost 69.5155 + 2510.72 = 2580.24 over 363 frames.
M0000000105_0095 ทำ ด้วย น้อย สะดวก บาง ไม่ 
LOG (lattice-best-path[5.5.0~1494-e5a5]:main():lattice-best-path.cc:99) For utterance M0000000105_0096, best cost 63.5631 + 2318.48 = 2382.04 over 337 frames.
M0000000105_0096 โยธิน โป๊ะ เป็น ขึ้น ใหม่ อื่น 
LOG (lattice-best-path[5.5.0~1494-e5a5]:main():lattice-best-path.cc:99) For utterance M0000000105_0097, best cost 62.3756 + 2055.6 = 2117.98 over 294 frames.
M0000000105_0097 บาง ส่ง ที่ ข้าว ใน น้อย 
LOG (lattice-best-path[5.5.0~1494-e5a5]:main():lattice-best-path.cc:99) For utterance M0000000105_0098, best cost 82.8798 + 2710.36 = 2793.24 over 390 frames.
M0000000105_0098 มา ส่ง ให้ ที่ บาน ได้ บ่อยครั้ง 
LOG (lattice-best-path[5.5.0~1494-e5a5]:main():lattice-best-path.cc:99) For utterance M0000000105_0099, best cost 56.4438 + 1894.5 = 1950.94 over 273 frames.
M0000000105_0099 เดียว ลง ไป ออก ครอบ 
LOG (lattice-best-path[5.5.0~1494-e5a5]:main():lattice-best-path.cc:99) For utterance M0000000105_0100, best cost 65.8187 + 2498.02 = 2563.83 over 361 frames.
M0000000105_0100 นิยม เดิน ไป ออก ที่ นาน นัก 
LOG (lattice-best-path[5.5.0~1494-e5a5]:main():lattice-best-path.cc:99) For utterance M0000000105_0101, best cost 87.7761 + 3836.9 = 3924.67 over 544 frames.
M0000000105_0101 อยู่ สายตา ของ เรา อะไร ออกอากาศ หนึ่ง 
LOG (lattice-best-path[5.5.0~1494-e5a5]:main():lattice-best-path.cc:99) For utterance M0000000107_0000, best cost 22.45 + 1690.43 = 1712.88 over 210 frames.
M0000000107_0000 ที่ 
LOG (lattice-best-path[5.5.0~1494-e5a5]:main():lattice-best-path.cc:99) For utterance M0000000107_0001, best cost 37.0281 + 3348.59 = 3385.62 over 423 frames.
M0000000107_0001 เพราะฉะนั้น การ 
LOG (lattice-best-path[5.5.0~1494-e5a5]:main():lattice-best-path.cc:99) For utterance M0000000107_0002, best cost 61.2842 + 2514.92 = 2576.2 over 325 frames.
M0000000107_0002 เออออ เท่าไร แคร่ นั่ง เล่น กัน 
LOG (lattice-best-path[5.5.0~1494-e5a5]:main():lattice-best-path.cc:99) For utterance M0000000107_0003, best cost 36.0545 + 2065.57 = 2101.62 over 276 frames.
M0000000107_0003 ค้น ตาม ทะเล 
LOG (lattice-best-path[5.5.0~1494-e5a5]:main():lattice-best-path.cc:99) For utterance M0000000107_0004, best cost 39.5104 + 2009.15 = 2048.66 over 260 frames.
M0000000107_0004 เขา ทำให้ อาการ 
LOG (lattice-best-path[5.5.0~1494-e5a5]:main():lattice-best-path.cc:99) For utterance M0000000107_0005, best cost 42.9109 + 1873.55 = 1916.47 over 236 frames.
M0000000107_0005 เออออ ไป ใช้ ทาง 
LOG (lattice-best-path[5.5.0~1494-e5a5]:main():lattice-best-path.cc:99) For utterance M0000000107_0006, best cost 27.7362 + 1434.9 = 1462.63 over 177 frames.
M0000000107_0006 ผล หลงลืม 
LOG (lattice-best-path[5.5.0~1494-e5a5]:main():lattice-best-path.cc:99) For utterance M0000000107_0007, best cost 42.9666 + 1613.72 = 1656.69 over 207 frames.
M0000000107_0007 นั้น เช่น เอา เท่านั้น 
LOG (lattice-best-path[5.5.0~1494-e5a5]:main():lattice-best-path.cc:99) For utterance M0000000107_0008, best cost 51.3037 + 2082.44 = 2133.74 over 266 frames.
M0000000107_0008 นำเอา เล่น นอน ทั้งสอง 
LOG (lattice-best-path[5.5.0~1494-e5a5]:main():lattice-best-path.cc:99) For utterance M0000000107_0009, best cost 34.0823 + 1863.43 = 1897.51 over 239 frames.
M0000000107_0009 ของ แคร่ นั่ง เล่น 
LOG (lattice-best-path[5.5.0~1494-e5a5]:main():lattice-best-path.cc:99) For utterance M0000000107_0010, best cost 27.2629 + 1801.36 = 1828.62 over 244 frames.
M0000000107_0010 ของ ร้อน 
LOG (lattice-best-path[5.5.0~1494-e5a5]:main():lattice-best-path.cc:99) For utterance M0000000107_0011, best cost 32.2781 + 1425.29 = 1457.57 over 176 frames.
M0000000107_0011 อาหาร สำหรับ 
LOG (lattice-best-path[5.5.0~1494-e5a5]:main():lattice-best-path.cc:99) For utterance M0000000107_0012, best cost 40.7627 + 1794.43 = 1835.19 over 230 frames.
M0000000107_0012 กำหนด เที่ยว ขึ้น 
LOG (lattice-best-path[5.5.0~1494-e5a5]:main():lattice-best-path.cc:99) For utterance M0000000107_0013, best cost 65.9439 + 3428.69 = 3494.64 over 430 frames.
M0000000107_0013 ต้อง พื้นที่ ถ่องแท้ ของ ค่ำคืน 
LOG (lattice-best-path[5.5.0~1494-e5a5]:main():lattice-best-path.cc:99) For utterance M0000000107_0014, best cost 29.6782 + 1727.23 = 1756.91 over 219 frames.
M0000000107_0014 ขอม โบราณ ที่ 
LOG (lattice-best-path[5.5.0~1494-e5a5]:main():lattice-best-path.cc:99) For utterance M0000000107_0015, best cost 43.9136 + 1774.79 = 1818.7 over 224 frames.
M0000000107_0015 ของ แมงป่อง นำ มา 
LOG (lattice-best-path[5.5.0~1494-e5a5]:main():lattice-best-path.cc:99) For utterance M0000000107_0016, best cost 37.5003 + 2183.7 = 2221.2 over 265 frames.
M0000000107_0016 ของ งามเจตนรมณ์ และ 
LOG (lattice-best-path[5.5.0~1494-e5a5]:main():lattice-best-path.cc:99) For utterance M0000000107_0017, best cost 31.598 + 1694.49 = 1726.09 over 219 frames.
M0000000107_0017 ของ มาตรเวลา 
LOG (lattice-best-path[5.5.0~1494-e5a5]:main():lattice-best-path.cc:99) For utterance M0000000107_0018, best cost 37.3919 + 1541.97 = 1579.37 over 197 frames.
M0000000107_0018 ของ เรา มี เท่านั้น 
LOG (lattice-best-path[5.5.0~1494-e5a5]:main():lattice-best-path.cc:99) For utterance M0000000107_0019, best cost 41.4321 + 1989.55 = 2030.98 over 253 frames.
M0000000107_0019 หลาย เป็นต้นมา มาก 
LOG (lattice-best-path[5.5.0~1494-e5a5]:main():lattice-best-path.cc:99) For utterance M0000000107_0020, best cost 15.3453 + 1466.49 = 1481.83 over 179 frames.
M0000000107_0020 
LOG (lattice-best-path[5.5.0~1494-e5a5]:main():lattice-best-path.cc:99) For utterance M0000000107_0021, best cost 22.6892 + 1392.27 = 1414.96 over 174 frames.
M0000000107_0021 คล้ายคลึง กัน 
LOG (lattice-best-path[5.5.0~1494-e5a5]:main():lattice-best-path.cc:99) For utterance M0000000107_0022, best cost 29.9394 + 2148.3 = 2178.24 over 282 frames.
M0000000107_0022 ขึ้นมา ไม่ ทัน 
LOG (lattice-best-path[5.5.0~1494-e5a5]:main():lattice-best-path.cc:99) For utterance M0000000107_0023, best cost 28.222 + 2315.57 = 2343.8 over 295 frames.
M0000000107_0023 ไขราหน้าจั่ว 
LOG (lattice-best-path[5.5.0~1494-e5a5]:main():lattice-best-path.cc:99) For utterance M0000000107_0024, best cost 37.3352 + 1452 = 1489.33 over 188 frames.
M0000000107_0024 ของ เครื่องบิน รอย 
LOG (lattice-best-path[5.5.0~1494-e5a5]:main():lattice-best-path.cc:99) For utterance M0000000107_0025, best cost 25.091 + 1276.86 = 1301.95 over 159 frames.
M0000000107_0025 เครื่อง ลง 
LOG (lattice-best-path[5.5.0~1494-e5a5]:main():lattice-best-path.cc:99) For utterance M0000000107_0026, best cost 39.6338 + 1848.4 = 1888.04 over 233 frames.
M0000000107_0026 มี กำลังส่ง ที่ ไม่ 
LOG (lattice-best-path[5.5.0~1494-e5a5]:main():lattice-best-path.cc:99) For utterance M0000000107_0027, best cost 47.2499 + 2000.28 = 2047.53 over 259 frames.
M0000000107_0027 รศ. ประเทศไทย นั้น จาก 
LOG (lattice-best-path[5.5.0~1494-e5a5]:main():lattice-best-path.cc:99) For utterance M0000000107_0028, best cost 43.3791 + 1957.36 = 2000.74 over 249 frames.
M0000000107_0028 ของ จึง เครื่องวัด เข้า 
LOG (lattice-best-path[5.5.0~1494-e5a5]:main():lattice-best-path.cc:99) For utterance M0000000107_0029, best cost 26.3297 + 1530.17 = 1556.5 over 202 frames.
M0000000107_0029 การ หาเลี้ยง 
LOG (lattice-best-path[5.5.0~1494-e5a5]:main():lattice-best-path.cc:99) For utterance M0000000107_0030, best cost 30.3135 + 1849.04 = 1879.36 over 236 frames.
M0000000107_0030 คง ฝรั่ง 
LOG (lattice-best-path[5.5.0~1494-e5a5]:main():lattice-best-path.cc:99) For utterance M0000000107_0031, best cost 44.0737 + 1823.27 = 1867.35 over 246 frames.
M0000000107_0031 อาหาร ตาราง ที่ ลง 
LOG (lattice-best-path[5.5.0~1494-e5a5]:main():lattice-best-path.cc:99) For utterance M0000000107_0032, best cost 35.586 + 2279 = 2314.59 over 297 frames.
M0000000107_0032 ดร. อีก มากมาย 
LOG (lattice-best-path[5.5.0~1494-e5a5]:main():lattice-best-path.cc:99) For utterance M0000000107_0033, best cost 20.8134 + 1559.37 = 1580.18 over 209 frames.
M0000000107_0033 รายละเอียด 
LOG (lattice-best-path[5.5.0~1494-e5a5]:main():lattice-best-path.cc:99) For utterance M0000000107_0034, best cost 21.0888 + 1247.99 = 1269.08 over 158 frames.
M0000000107_0034 อร่ามเหลือง 
LOG (lattice-best-path[5.5.0~1494-e5a5]:main():lattice-best-path.cc:99) For utterance M0000000107_0035, best cost 24.6534 + 1331.47 = 1356.12 over 181 frames.
M0000000107_0035 ระยะ แล้ว 
LOG (lattice-best-path[5.5.0~1494-e5a5]:main():lattice-best-path.cc:99) For utterance M0000000107_0036, best cost 40.2524 + 1501.78 = 1542.03 over 208 frames.
M0000000107_0036 ของ เปลี่ยนเป็น หนู 
LOG (lattice-best-path[5.5.0~1494-e5a5]:main():lattice-best-path.cc:99) For utterance M0000000107_0037, best cost 28.6392 + 1744.97 = 1773.61 over 230 frames.
M0000000107_0037 แล้ว แนวทาง 
LOG (lattice-best-path[5.5.0~1494-e5a5]:main():lattice-best-path.cc:99) For utterance M0000000107_0038, best cost 26.2164 + 1408.89 = 1435.11 over 174 frames.
M0000000107_0038 รุ่งอรุณ และ 
LOG (lattice-best-path[5.5.0~1494-e5a5]:main():lattice-best-path.cc:99) For utterance M0000000107_0039, best cost 32.2532 + 1786.84 = 1819.09 over 224 frames.
M0000000107_0039 ยา รส สามารถ 
LOG (lattice-best-path[5.5.0~1494-e5a5]:main():lattice-best-path.cc:99) For utterance M0000000107_0040, best cost 31.6211 + 1971.2 = 2002.82 over 257 frames.
M0000000107_0040 ยา รส เท่านั้น 
LOG (lattice-best-path[5.5.0~1494-e5a5]:main():lattice-best-path.cc:99) For utterance M0000000107_0041, best cost 51.045 + 2065.74 = 2116.78 over 263 frames.
M0000000107_0041 เออออ พลเมือง โดย ไม่ 
LOG (lattice-best-path[5.5.0~1494-e5a5]:main():lattice-best-path.cc:99) For utterance M0000000107_0042, best cost 42.7242 + 1539.86 = 1582.58 over 201 frames.
M0000000107_0042 ยาก อย่างไร ถ่องแท้ 
LOG (lattice-best-path[5.5.0~1494-e5a5]:main():lattice-best-path.cc:99) For utterance M0000000107_0043, best cost 21.7915 + 1504.14 = 1525.93 over 189 frames.
M0000000107_0043 ฉลามลาย 
LOG (lattice-best-path[5.5.0~1494-e5a5]:main():lattice-best-path.cc:99) For utterance M0000000107_0044, best cost 22.6771 + 1441.52 = 1464.19 over 181 frames.
M0000000107_0044 ด้วย 
LOG (lattice-best-path[5.5.0~1494-e5a5]:main():lattice-best-path.cc:99) For utterance M0000000107_0045, best cost 32.839 + 1974.47 = 2007.31 over 251 frames.
M0000000107_0045 ระบบ เคลื่อนที่ ได้ 
LOG (lattice-best-path[5.5.0~1494-e5a5]:main():lattice-best-path.cc:99) For utterance M0000000107_0046, best cost 22.4308 + 1494.03 = 1516.46 over 194 frames.
M0000000107_0046 อธิบาย 
LOG (lattice-best-path[5.5.0~1494-e5a5]:main():lattice-best-path.cc:99) For utterance M0000000107_0047, best cost 35.7608 + 1645.05 = 1680.81 over 215 frames.
M0000000107_0047 แสดง การ เป็นหลัก 
LOG (lattice-best-path[5.5.0~1494-e5a5]:main():lattice-best-path.cc:99) For utterance M0000000107_0048, best cost 44.878 + 1871.5 = 1916.38 over 237 frames.
M0000000107_0048 มี กงล้อ ทั้ง ภายใน 
LOG (lattice-best-path[5.5.0~1494-e5a5]:main():lattice-best-path.cc:99) For utterance M0000000107_0049, best cost 28.8456 + 1296.91 = 1325.76 over 178 frames.
M0000000107_0049 เมื่อ ละเลย 
LOG (lattice-best-path[5.5.0~1494-e5a5]:main():lattice-best-path.cc:99) For utterance M0000000107_0050, best cost 37.9636 + 1496.84 = 1534.8 over 195 frames.
M0000000107_0050 ลง เฉลี่ย มาก 
LOG (lattice-best-path[5.5.0~1494-e5a5]:main():lattice-best-path.cc:99) For utterance M0000000107_0051, best cost 32.4035 + 1475.99 = 1508.4 over 198 frames.
M0000000107_0051 ประจำวัน ข่าว 
LOG (lattice-best-path[5.5.0~1494-e5a5]:main():lattice-best-path.cc:99) For utterance M0000000107_0052, best cost 27.7488 + 1662.12 = 1689.87 over 215 frames.
M0000000107_0052 เกล็ด ปลาไหล หาง 
LOG (lattice-best-path[5.5.0~1494-e5a5]:main():lattice-best-path.cc:99) For utterance M0000000107_0053, best cost 45.0394 + 1788.7 = 1833.73 over 229 frames.
M0000000107_0053 องค์ เดียว น้อย มาก นัก 
LOG (lattice-best-path[5.5.0~1494-e5a5]:main():lattice-best-path.cc:99) For utterance M0000000107_0054, best cost 22.1852 + 1270.44 = 1292.62 over 161 frames.
M0000000107_0054 อิเล็กตรอน 
LOG (lattice-best-path[5.5.0~1494-e5a5]:main():lattice-best-path.cc:99) For utterance M0000000107_0055, best cost 33.7468 + 1461.2 = 1494.95 over 193 frames.
M0000000107_0055 รหัส ของ ไว้ 
LOG (lattice-best-path[5.5.0~1494-e5a5]:main():lattice-best-path.cc:99) For utterance M0000000107_0056, best cost 54.9192 + 2671.52 = 2726.44 over 343 frames.
M0000000107_0056 ผิว ของ ร่างกาย ขึ้น อย่างไร 
LOG (lattice-best-path[5.5.0~1494-e5a5]:main():lattice-best-path.cc:99) For utterance M0000000107_0057, best cost 20.1978 + 1181.15 = 1201.35 over 163 frames.
M0000000107_0057 มั่นคง 
LOG (lattice-best-path[5.5.0~1494-e5a5]:main():lattice-best-path.cc:99) For utterance M0000000107_0058, best cost 29.5294 + 1405.07 = 1434.6 over 179 frames.
M0000000107_0058 หลังจากนั้น ไม่ 
LOG (lattice-best-path[5.5.0~1494-e5a5]:main():lattice-best-path.cc:99) For utterance M0000000107_0059, best cost 15.7801 + 1702.13 = 1717.91 over 220 frames.
M0000000107_0059 
LOG (lattice-best-path[5.5.0~1494-e5a5]:main():lattice-best-path.cc:99) For utterance M0000000107_0060, best cost 30.3632 + 2478.17 = 2508.54 over 320 frames.
M0000000107_0060 และ ไม่ 
LOG (lattice-best-path[5.5.0~1494-e5a5]:main():lattice-best-path.cc:99) For utterance M0000000107_0061, best cost 37.813 + 1711.5 = 1749.31 over 233 frames.
M0000000107_0061 กลไก เป็น วัย ของ 
LOG (lattice-best-path[5.5.0~1494-e5a5]:main():lattice-best-path.cc:99) For utterance M0000000107_0062, best cost 37.5076 + 1429.84 = 1467.35 over 192 frames.
M0000000107_0062 มี ท่องเที่ยว ไม่ 
LOG (lattice-best-path[5.5.0~1494-e5a5]:main():lattice-best-path.cc:99) For utterance M0000000107_0063, best cost 51.3569 + 1660.47 = 1711.83 over 228 frames.
M0000000107_0063 เร็ว ตัวเมีย รอย ไม่ 
LOG (lattice-best-path[5.5.0~1494-e5a5]:main():lattice-best-path.cc:99) For utterance M0000000107_0064, best cost 24.4501 + 1327.93 = 1352.38 over 176 frames.
M0000000107_0064 คลอไรด์ ซิเทรต 
LOG (lattice-best-path[5.5.0~1494-e5a5]:main():lattice-best-path.cc:99) For utterance M0000000107_0065, best cost 40.9497 + 1735.99 = 1776.94 over 216 frames.
M0000000107_0065 ของ ที่สุด รอย 
LOG (lattice-best-path[5.5.0~1494-e5a5]:main():lattice-best-path.cc:99) For utterance M0000000107_0066, best cost 18.3788 + 1552.5 = 1570.88 over 192 frames.
M0000000107_0066 เพราะ 
LOG (lattice-best-path[5.5.0~1494-e5a5]:main():lattice-best-path.cc:99) For utterance M0000000107_0067, best cost 34.0654 + 1557.57 = 1591.63 over 201 frames.
M0000000107_0067 ของ ลิ้นทะเล 
LOG (lattice-best-path[5.5.0~1494-e5a5]:main():lattice-best-path.cc:99) For utterance M0000000107_0068, best cost 34.444 + 2296.69 = 2331.13 over 298 frames.
M0000000107_0068 แคระแกร็น ต้องการ 
LOG (lattice-best-path[5.5.0~1494-e5a5]:main():lattice-best-path.cc:99) For utterance M0000000107_0069, best cost 29.5926 + 1442.06 = 1471.65 over 185 frames.
M0000000107_0069 วิธี อย่างไร 
LOG (lattice-best-path[5.5.0~1494-e5a5]:main():lattice-best-path.cc:99) For utterance M0000000107_0070, best cost 40.0269 + 1697.28 = 1737.31 over 228 frames.
M0000000107_0070 ของ เล็ก ลง น้อย ขึ้น 
LOG (lattice-best-path[5.5.0~1494-e5a5]:main():lattice-best-path.cc:99) For utterance M0000000107_0071, best cost 33.6294 + 1840.73 = 1874.35 over 229 frames.
M0000000107_0071 รายละเอียด โผล่ 
LOG (lattice-best-path[5.5.0~1494-e5a5]:main():lattice-best-path.cc:99) For utterance M0000000107_0072, best cost 33.6899 + 2090.8 = 2124.49 over 277 frames.
M0000000107_0072 ผลลัพธ์ ที่ ลดลง เรื่อย 
LOG (lattice-best-path[5.5.0~1494-e5a5]:main():lattice-best-path.cc:99) For utterance M0000000107_0073, best cost 51.5994 + 2219.43 = 2271.03 over 284 frames.
M0000000107_0073 ทำให้ ระหว่าง ร้านอาหาร บัตร 
LOG (lattice-best-path[5.5.0~1494-e5a5]:main():lattice-best-path.cc:99) For utterance M0000000107_0074, best cost 32.9339 + 1782.22 = 1815.15 over 228 frames.
M0000000107_0074 เพราะ เป็น เคลื่อนไหว 
LOG (lattice-best-path[5.5.0~1494-e5a5]:main():lattice-best-path.cc:99) For utterance M0000000107_0075, best cost 54.1186 + 2491.43 = 2545.55 over 320 frames.
M0000000107_0075 ยาฆ่าแมลง โดย อยู่ ให้ 
LOG (lattice-best-path[5.5.0~1494-e5a5]:main():lattice-best-path.cc:99) For utterance M0000000107_0076, best cost 40.902 + 2013.29 = 2054.19 over 248 frames.
M0000000107_0076 รายละเอียด อาจจะ ไม่ 
LOG (lattice-best-path[5.5.0~1494-e5a5]:main():lattice-best-path.cc:99) For utterance M0000000107_0077, best cost 62.0827 + 2138.75 = 2200.83 over 279 frames.
M0000000107_0077 เหล่านี้ ดังนั้น จะ แห่ง ใน ใน 
LOG (lattice-best-path[5.5.0~1494-e5a5]:main():lattice-best-path.cc:99) For utterance M0000000107_0078, best cost 47.0297 + 2293.04 = 2340.07 over 292 frames.
M0000000107_0078 ยา เสื้อกระบอก ให้โทษ 
LOG (lattice-best-path[5.5.0~1494-e5a5]:main():lattice-best-path.cc:99) For utterance M0000000107_0079, best cost 26.3001 + 1521.31 = 1547.61 over 193 frames.
M0000000107_0079 รับประทาน ได้ 
LOG (lattice-best-path[5.5.0~1494-e5a5]:main():lattice-best-path.cc:99) For utterance M0000000107_0080, best cost 61.2669 + 2426.44 = 2487.71 over 306 frames.
M0000000107_0080 ยา รหัส บาง เกาะ ทำลาย 
LOG (lattice-best-path[5.5.0~1494-e5a5]:main():lattice-best-path.cc:99) For utterance M0000000107_0081, best cost 54.853 + 2714.79 = 2769.65 over 347 frames.
M0000000107_0081 เพราะ ช่วย สร้าง อย่างไร ภายใน 
LOG (lattice-best-path[5.5.0~1494-e5a5]:main():lattice-best-path.cc:99) For utterance M0000000107_0082, best cost 39.3465 + 2565.44 = 2604.79 over 329 frames.
M0000000107_0082 และ ระหว่าง กด คีย์บอร์ด 
LOG (lattice-best-path[5.5.0~1494-e5a5]:main():lattice-best-path.cc:99) For utterance M0000000107_0083, best cost 41.2045 + 1690.17 = 1731.38 over 208 frames.
M0000000107_0083 เคี่ยว ให้ ที่ ไม่ 
LOG (lattice-best-path[5.5.0~1494-e5a5]:main():lattice-best-path.cc:99) For utterance M0000000107_0084, best cost 39.1499 + 1672.7 = 1711.85 over 212 frames.
M0000000107_0084 ขึ้น เป็น หลักฐาน 
LOG (lattice-best-path[5.5.0~1494-e5a5]:main():lattice-best-path.cc:99) For utterance M0000000107_0085, best cost 35.7931 + 1773.1 = 1808.89 over 238 frames.
M0000000107_0085 ท่าทาง ไม่ ได้ อีกด้วย 
LOG (lattice-best-path[5.5.0~1494-e5a5]:main():lattice-best-path.cc:99) For utterance M0000000107_0086, best cost 43.3553 + 1837.85 = 1881.21 over 229 frames.
M0000000107_0086 อนึ่ง ขัดยอก เอา 
LOG (lattice-best-path[5.5.0~1494-e5a5]:main():lattice-best-path.cc:99) For utterance M0000000107_0087, best cost 41.79 + 1688.89 = 1730.68 over 223 frames.
M0000000107_0087 เรียน นโยบาย ไม่ 
LOG (lattice-best-path[5.5.0~1494-e5a5]:main():lattice-best-path.cc:99) For utterance M0000000107_0088, best cost 49.3791 + 1597.93 = 1647.31 over 206 frames.
M0000000107_0088 ใช้ หนู โอกาส ที่ ไม่ 
LOG (lattice-best-path[5.5.0~1494-e5a5]:main():lattice-best-path.cc:99) For utterance M0000000107_0089, best cost 44.7928 + 1385.89 = 1430.68 over 179 frames.
M0000000107_0089 กลไก น้ำตาล ที่ ของ 
LOG (lattice-best-path[5.5.0~1494-e5a5]:main():lattice-best-path.cc:99) For utterance M0000000107_0090, best cost 44.1452 + 1838.37 = 1882.52 over 241 frames.
M0000000107_0090 ทำ ใน รหัส 
LOG (lattice-best-path[5.5.0~1494-e5a5]:main():lattice-best-path.cc:99) For utterance M0000000107_0091, best cost 31.4441 + 2008.05 = 2039.5 over 258 frames.
M0000000107_0091 ใช้ หลัก 
LOG (lattice-best-path[5.5.0~1494-e5a5]:main():lattice-best-path.cc:99) For utterance M0000000107_0092, best cost 38.219 + 1325.97 = 1364.19 over 165 frames.
M0000000107_0092 ไซ หู ดึง เอา 
LOG (lattice-best-path[5.5.0~1494-e5a5]:main():lattice-best-path.cc:99) For utterance M0000000107_0093, best cost 35.8646 + 1609.89 = 1645.76 over 209 frames.
M0000000107_0093 เขา ทำให้ จำเป็น 
LOG (lattice-best-path[5.5.0~1494-e5a5]:main():lattice-best-path.cc:99) For utterance M0000000107_0094, best cost 47.7695 + 1533.79 = 1581.56 over 200 frames.
M0000000107_0094 กล่อง ด้วย ของ จำเป็น 
LOG (lattice-best-path[5.5.0~1494-e5a5]:main():lattice-best-path.cc:99) For utterance M0000000107_0095, best cost 46.0106 + 2098.82 = 2144.83 over 275 frames.
M0000000107_0095 คำนวณ รวดเร็ว กว่า หนึ่ง ไว้ 
LOG (lattice-best-path[5.5.0~1494-e5a5]:main():lattice-best-path.cc:99) For utterance M0000000107_0096, best cost 51.5272 + 2054.02 = 2105.55 over 264 frames.
M0000000107_0096 รูป ที่ โลหะ หลาย เล่น 
LOG (lattice-best-path[5.5.0~1494-e5a5]:main():lattice-best-path.cc:99) For utterance M0000000107_0097, best cost 40.4289 + 1696.69 = 1737.12 over 214 frames.
M0000000107_0097 กระทบ ที่ ออก รวง 
LOG (lattice-best-path[5.5.0~1494-e5a5]:main():lattice-best-path.cc:99) For utterance M0000000107_0098, best cost 50.9213 + 2429.45 = 2480.37 over 316 frames.
M0000000107_0098 รับส่ง ชิ้น บางๆ ได้รับ 
LOG (lattice-best-path[5.5.0~1494-e5a5]:main():lattice-best-path.cc:99) For utterance M0000000107_0099, best cost 28.0785 + 1545.36 = 1573.43 over 184 frames.
M0000000107_0099 โดย เข้า เครื่อง 
LOG (lattice-best-path[5.5.0~1494-e5a5]:main():lattice-best-path.cc:99) For utterance M0000000107_0100, best cost 41.3179 + 1749.35 = 1790.67 over 219 frames.
M0000000107_0100 เดียว เรา อร่ามเหลือง 
LOG (lattice-best-path[5.5.0~1494-e5a5]:main():lattice-best-path.cc:99) For utterance M0000000107_0101, best cost 68.6333 + 3347.92 = 3416.55 over 424 frames.
M0000000107_0101 เกรียงชัย รหัส แล้ว ไป ละเลย กัน 
LOG (lattice-best-path[5.5.0~1494-e5a5]:main():lattice-best-path.cc:99) For utterance M0000000124_0000, best cost 20.1922 + 1366.32 = 1386.51 over 203 frames.
M0000000124_0000 ที่ 
LOG (lattice-best-path[5.5.0~1494-e5a5]:main():lattice-best-path.cc:99) For utterance M0000000124_0001, best cost 48.2818 + 2102.32 = 2150.6 over 282 frames.
M0000000124_0001 ควร ที่รัก นั้น การ 
LOG (lattice-best-path[5.5.0~1494-e5a5]:main():lattice-best-path.cc:99) For utterance M0000000124_0002, best cost 41.4337 + 2313.16 = 2354.59 over 321 frames.
M0000000124_0002 เช่น กล่าวถึง การ 
LOG (lattice-best-path[5.5.0~1494-e5a5]:main():lattice-best-path.cc:99) For utterance M0000000124_0003, best cost 41.7504 + 1988.52 = 2030.27 over 284 frames.
M0000000124_0003 สำคัญ คลินิก ขึ้น 
LOG (lattice-best-path[5.5.0~1494-e5a5]:main():lattice-best-path.cc:99) For utterance M0000000124_0004, best cost 36.6197 + 1958.89 = 1995.51 over 267 frames.
M0000000124_0004 คลอไรด์ รองศาสตราจารย์ 
LOG (lattice-best-path[5.5.0~1494-e5a5]:main():lattice-best-path.cc:99) For utterance M0000000124_0005, best cost 39.2918 + 1951.09 = 1990.38 over 269 frames.
M0000000124_0005 ไซ หู การ 
LOG (lattice-best-path[5.5.0~1494-e5a5]:main():lattice-best-path.cc:99) For utterance M0000000124_0006, best cost 20.3447 + 1506.33 = 1526.68 over 204 frames.
M0000000124_0006 แคระแกร็น 
LOG (lattice-best-path[5.5.0~1494-e5a5]:main():lattice-best-path.cc:99) For utterance M0000000124_0007, best cost 14.9794 + 1321.32 = 1336.3 over 173 frames.
M0000000124_0007 
LOG (lattice-best-path[5.5.0~1494-e5a5]:main():lattice-best-path.cc:99) For utterance M0000000124_0008, best cost 26.4106 + 1836.81 = 1863.22 over 251 frames.
M0000000124_0008 ทรง 
LOG (lattice-best-path[5.5.0~1494-e5a5]:main():lattice-best-path.cc:99) For utterance M0000000124_0009, best cost 33.9124 + 1484.53 = 1518.44 over 199 frames.
M0000000124_0009 ข้อ นั้น เช่นกัน 
LOG (lattice-best-path[5.5.0~1494-e5a5]:main():lattice-best-path.cc:99) For utterance M0000000124_0010, best cost 29.7593 + 1575.74 = 1605.5 over 227 frames.
M0000000124_0010 ของ มอบหมาย 
LOG (lattice-best-path[5.5.0~1494-e5a5]:main():lattice-best-path.cc:99) For utterance M0000000124_0011, best cost 27.7911 + 1448.87 = 1476.66 over 199 frames.
M0000000124_0011 มา สังเคราะห์ 
LOG (lattice-best-path[5.5.0~1494-e5a5]:main():lattice-best-path.cc:99) For utterance M0000000124_0012, best cost 42.0874 + 2112.29 = 2154.37 over 287 frames.
M0000000124_0012 ศัตรู ทั้ง เครื่อง 
LOG (lattice-best-path[5.5.0~1494-e5a5]:main():lattice-best-path.cc:99) For utterance M0000000124_0013, best cost 51.5367 + 2723.81 = 2775.35 over 371 frames.
M0000000124_0013 ที่ ของ เลเซอร์ ทำ ขึ้น 
LOG (lattice-best-path[5.5.0~1494-e5a5]:main():lattice-best-path.cc:99) For utterance M0000000124_0014, best cost 35.5626 + 2124.09 = 2159.65 over 302 frames.
M0000000124_0014 เพราะ ตัวแปร ที่ 
LOG (lattice-best-path[5.5.0~1494-e5a5]:main():lattice-best-path.cc:99) For utterance M0000000124_0015, best cost 40.3516 + 1840.71 = 1881.06 over 264 frames.
M0000000124_0015 ข้อ นั้น โต๊ะงาน ใน 
LOG (lattice-best-path[5.5.0~1494-e5a5]:main():lattice-best-path.cc:99) For utterance M0000000124_0016, best cost 44.589 + 2039.19 = 2083.78 over 278 frames.
M0000000124_0016 ข้อ นั้น จิระศักดิ์ และ 
LOG (lattice-best-path[5.5.0~1494-e5a5]:main():lattice-best-path.cc:99) For utterance M0000000124_0017, best cost 36.3711 + 2049.29 = 2085.66 over 302 frames.
M0000000124_0017 ข้อ นั้น เรื่อง 
LOG (lattice-best-path[5.5.0~1494-e5a5]:main():lattice-best-path.cc:99) For utterance M0000000124_0018, best cost 39.7968 + 1929.7 = 1969.49 over 275 frames.
M0000000124_0018 ครอบครัว ที่ ขโมย 
LOG (lattice-best-path[5.5.0~1494-e5a5]:main():lattice-best-path.cc:99) For utterance M0000000124_0019, best cost 42.1634 + 1525.98 = 1568.14 over 208 frames.
M0000000124_0019 ขยาย เป็นต้นมา หนัก 
LOG (lattice-best-path[5.5.0~1494-e5a5]:main():lattice-best-path.cc:99) For utterance M0000000124_0020, best cost 31.8814 + 1649.49 = 1681.37 over 228 frames.
M0000000124_0020 รู้จัก ใช้ ใน 
LOG (lattice-best-path[5.5.0~1494-e5a5]:main():lattice-best-path.cc:99) For utterance M0000000124_0021, best cost 30.0547 + 1536.25 = 1566.31 over 219 frames.
M0000000124_0021 ใน ที่ ชั้น 
LOG (lattice-best-path[5.5.0~1494-e5a5]:main():lattice-best-path.cc:99) For utterance M0000000124_0022, best cost 29.5428 + 1479.03 = 1508.57 over 207 frames.
M0000000124_0022 ทำ ได้ เมื่อ 
LOG (lattice-best-path[5.5.0~1494-e5a5]:main():lattice-best-path.cc:99) For utterance M0000000124_0023, best cost 27.6563 + 2078.26 = 2105.92 over 284 frames.
M0000000124_0023 ภายใน 
LOG (lattice-best-path[5.5.0~1494-e5a5]:main():lattice-best-path.cc:99) For utterance M0000000124_0024, best cost 37.9048 + 2012.39 = 2050.3 over 287 frames.
M0000000124_0024 ของ เครื่อง ผู้น้อย 
LOG (lattice-best-path[5.5.0~1494-e5a5]:main():lattice-best-path.cc:99) For utterance M0000000124_0025, best cost 21.4727 + 1168.63 = 1190.1 over 169 frames.
M0000000124_0025 นก 
LOG (lattice-best-path[5.5.0~1494-e5a5]:main():lattice-best-path.cc:99) For utterance M0000000124_0026, best cost 34.926 + 1922.23 = 1957.16 over 274 frames.
M0000000124_0026 มี ที่ ไม่ 
LOG (lattice-best-path[5.5.0~1494-e5a5]:main():lattice-best-path.cc:99) For utterance M0000000124_0027, best cost 34.5894 + 1654.39 = 1688.98 over 224 frames.
M0000000124_0027 ก็ สามารถ ค่าใช้จ่าย 
LOG (lattice-best-path[5.5.0~1494-e5a5]:main():lattice-best-path.cc:99) For utterance M0000000124_0028, best cost 38.4152 + 1798.5 = 1836.91 over 251 frames.
M0000000124_0028 ข้อ นั้น จิระศักดิ์ 
LOG (lattice-best-path[5.5.0~1494-e5a5]:main():lattice-best-path.cc:99) For utterance M0000000124_0029, best cost 22.75 + 1588.3 = 1611.05 over 221 frames.
M0000000124_0029 อย่าง 
LOG (lattice-best-path[5.5.0~1494-e5a5]:main():lattice-best-path.cc:99) For utterance M0000000124_0030, best cost 20.5051 + 1666.15 = 1686.66 over 236 frames.
M0000000124_0030 ระหว่าง 
LOG (lattice-best-path[5.5.0~1494-e5a5]:main():lattice-best-path.cc:99) For utterance M0000000124_0031, best cost 40.7251 + 1553.28 = 1594 over 212 frames.
M0000000124_0031 อาจจะ ไม่ ที่ ลง 
LOG (lattice-best-path[5.5.0~1494-e5a5]:main():lattice-best-path.cc:99) For utterance M0000000124_0032, best cost 39.451 + 1859.99 = 1899.44 over 260 frames.
M0000000124_0032 ต่อ โรค น้ำ ใน 
LOG (lattice-best-path[5.5.0~1494-e5a5]:main():lattice-best-path.cc:99) For utterance M0000000124_0033, best cost 29.9408 + 1360.08 = 1390.02 over 196 frames.
M0000000124_0033 ไม่ เกษตร 
LOG (lattice-best-path[5.5.0~1494-e5a5]:main():lattice-best-path.cc:99) For utterance M0000000124_0034, best cost 30.3154 + 1553.91 = 1584.22 over 230 frames.
M0000000124_0034 ร้อน คำสั่ง 
LOG (lattice-best-path[5.5.0~1494-e5a5]:main():lattice-best-path.cc:99) For utterance M0000000124_0035, best cost 20.3826 + 1601.22 = 1621.6 over 230 frames.
M0000000124_0035 แมลง 
LOG (lattice-best-path[5.5.0~1494-e5a5]:main():lattice-best-path.cc:99) For utterance M0000000124_0036, best cost 42.0963 + 1495.99 = 1538.09 over 212 frames.
M0000000124_0036 คอก เปลี่ยนเป็น อยู่ 
LOG (lattice-best-path[5.5.0~1494-e5a5]:main():lattice-best-path.cc:99) For utterance M0000000124_0037, best cost 26.9519 + 1676.27 = 1703.22 over 239 frames.
M0000000124_0037 ไม่ รักษา 
LOG (lattice-best-path[5.5.0~1494-e5a5]:main():lattice-best-path.cc:99) For utterance M0000000124_0038, best cost 32.0574 + 1529.88 = 1561.94 over 210 frames.
M0000000124_0038 ปลุกเร้า ยัง 
LOG (lattice-best-path[5.5.0~1494-e5a5]:main():lattice-best-path.cc:99) For utterance M0000000124_0039, best cost 22.4442 + 2084.24 = 2106.69 over 287 frames.
M0000000124_0039 และ 
LOG (lattice-best-path[5.5.0~1494-e5a5]:main():lattice-best-path.cc:99) For utterance M0000000124_0040, best cost 43.1465 + 2053.71 = 2096.85 over 279 frames.
M0000000124_0040 ยา ภัย ต่อ ซอฟต์แวร์ 
LOG (lattice-best-path[5.5.0~1494-e5a5]:main():lattice-best-path.cc:99) For utterance M0000000124_0041, best cost 56.039 + 2444.99 = 2501.02 over 347 frames.
M0000000124_0041 เออออ ตัวนำ อัตรา เร็ว ใน 
LOG (lattice-best-path[5.5.0~1494-e5a5]:main():lattice-best-path.cc:99) For utterance M0000000124_0042, best cost 25.1213 + 2067.6 = 2092.72 over 279 frames.
M0000000124_0042 ย่าน 
LOG (lattice-best-path[5.5.0~1494-e5a5]:main():lattice-best-path.cc:99) For utterance M0000000124_0043, best cost 29.833 + 1896.7 = 1926.53 over 275 frames.
M0000000124_0043 ทำมุม อย่างไร 
LOG (lattice-best-path[5.5.0~1494-e5a5]:main():lattice-best-path.cc:99) For utterance M0000000124_0044, best cost 21.7587 + 1687.27 = 1709.03 over 239 frames.
M0000000124_0044 โดย 
LOG (lattice-best-path[5.5.0~1494-e5a5]:main():lattice-best-path.cc:99) For utterance M0000000124_0045, best cost 38.51 + 2047.66 = 2086.17 over 287 frames.
M0000000124_0045 ระบาย เทคนิค ใน 
LOG (lattice-best-path[5.5.0~1494-e5a5]:main():lattice-best-path.cc:99) For utterance M0000000124_0046, best cost 31.7166 + 1400.53 = 1432.24 over 200 frames.
M0000000124_0046 ออก ที่ ไป 
LOG (lattice-best-path[5.5.0~1494-e5a5]:main():lattice-best-path.cc:99) For utterance M0000000124_0047, best cost 28.231 + 2116.32 = 2144.55 over 305 frames.
M0000000124_0047 จานสายอากาศ 
LOG (lattice-best-path[5.5.0~1494-e5a5]:main():lattice-best-path.cc:99) For utterance M0000000124_0048, best cost 31.9725 + 1916.74 = 1948.71 over 272 frames.
M0000000124_0048 มี โครงสร้าง ภายใน 
LOG (lattice-best-path[5.5.0~1494-e5a5]:main():lattice-best-path.cc:99) For utterance M0000000124_0049, best cost 41.0258 + 1659.25 = 1700.28 over 239 frames.
M0000000124_0049 ไม่ รอย เลย 
LOG (lattice-best-path[5.5.0~1494-e5a5]:main():lattice-best-path.cc:99) For utterance M0000000124_0050, best cost 36.4172 + 2005.6 = 2042.02 over 287 frames.
M0000000124_0050 เพราะ ชัดเจน มาก 
LOG (lattice-best-path[5.5.0~1494-e5a5]:main():lattice-best-path.cc:99) For utterance M0000000124_0051, best cost 34.7481 + 1521.35 = 1556.1 over 215 frames.
M0000000124_0051 ชัดเจน เป็น ข่าว 
LOG (lattice-best-path[5.5.0~1494-e5a5]:main():lattice-best-path.cc:99) For utterance M0000000124_0052, best cost 32.5969 + 1873.37 = 1905.97 over 269 frames.
M0000000124_0052 คลื่นไส้ สับ 
LOG (lattice-best-path[5.5.0~1494-e5a5]:main():lattice-best-path.cc:99) For utterance M0000000124_0053, best cost 44.3018 + 2011.85 = 2056.15 over 275 frames.
M0000000124_0053 วันนี้ อะไร สับ 
LOG (lattice-best-path[5.5.0~1494-e5a5]:main():lattice-best-path.cc:99) For utterance M0000000124_0054, best cost 31.1824 + 1725.55 = 1756.73 over 242 frames.
M0000000124_0054 ไว้ ก่อน 
LOG (lattice-best-path[5.5.0~1494-e5a5]:main():lattice-best-path.cc:99) For utterance M0000000124_0055, best cost 31.2556 + 1999.24 = 2030.5 over 284 frames.
M0000000124_0055 ทำให้ รอย 
LOG (lattice-best-path[5.5.0~1494-e5a5]:main():lattice-best-path.cc:99) For utterance M0000000124_0056, best cost 73.8111 + 2671.12 = 2744.93 over 362 frames.
M0000000124_0056 ทิ้ง ขึ้น การ รักษา ถึง เดียวกัน ใน 
LOG (lattice-best-path[5.5.0~1494-e5a5]:main():lattice-best-path.cc:99) For utterance M0000000124_0057, best cost 33.6777 + 1975.11 = 2008.79 over 287 frames.
M0000000124_0057 ไม่ ต้อง ของ 
LOG (lattice-best-path[5.5.0~1494-e5a5]:main():lattice-best-path.cc:99) For utterance M0000000124_0058, best cost 28.995 + 2002.06 = 2031.06 over 284 frames.
M0000000124_0058 ลักษณะ ใน 
LOG (lattice-best-path[5.5.0~1494-e5a5]:main():lattice-best-path.cc:99) For utterance M0000000124_0059, best cost 37.1806 + 2160.65 = 2197.83 over 299 frames.
M0000000124_0059 กระดอง สัตว์ ร้าย 
LOG (lattice-best-path[5.5.0~1494-e5a5]:main():lattice-best-path.cc:99) For utterance M0000000124_0060, best cost 47.1148 + 2175.34 = 2222.46 over 291 frames.
M0000000124_0060 ต้องการ กล อัตรา น้อย 
LOG (lattice-best-path[5.5.0~1494-e5a5]:main():lattice-best-path.cc:99) For utterance M0000000124_0061, best cost 34.3945 + 1979.2 = 2013.59 over 281 frames.
M0000000124_0061 กลไก บัญญัติศัพท์ 
LOG (lattice-best-path[5.5.0~1494-e5a5]:main():lattice-best-path.cc:99) For utterance M0000000124_0062, best cost 33.1507 + 1808.03 = 1841.18 over 252 frames.
M0000000124_0062 นี้ ร้องเพลง ได้ 
LOG (lattice-best-path[5.5.0~1494-e5a5]:main():lattice-best-path.cc:99) For utterance M0000000124_0063, best cost 53.8049 + 2069.91 = 2123.72 over 296 frames.
M0000000124_0063 ไม่ รู้ นี้ อะไร ไม่ 
LOG (lattice-best-path[5.5.0~1494-e5a5]:main():lattice-best-path.cc:99) For utterance M0000000124_0064, best cost 33.5609 + 2091.79 = 2125.35 over 267 frames.
M0000000124_0064 ของ รังสี 
LOG (lattice-best-path[5.5.0~1494-e5a5]:main():lattice-best-path.cc:99) For utterance M0000000124_0065, best cost 53.4735 + 2139.82 = 2193.3 over 294 frames.
M0000000124_0065 ก็ จะ ชุบ เริ่ม น้อย 
LOG (lattice-best-path[5.5.0~1494-e5a5]:main():lattice-best-path.cc:99) For utterance M0000000124_0066, best cost 56.1645 + 1849.13 = 1905.3 over 260 frames.
M0000000124_0066 ตัด เทียบ หมด ขับ 
LOG (lattice-best-path[5.5.0~1494-e5a5]:main():lattice-best-path.cc:99) For utterance M0000000124_0067, best cost 37.9132 + 2101.79 = 2139.7 over 285 frames.
M0000000124_0067 ของ มี อนึ่ง 
LOG (lattice-best-path[5.5.0~1494-e5a5]:main():lattice-best-path.cc:99) For utterance M0000000124_0068, best cost 34.8941 + 2278.49 = 2313.38 over 318 frames.
M0000000124_0068 ข้อจำกัด ของ การ 
LOG (lattice-best-path[5.5.0~1494-e5a5]:main():lattice-best-path.cc:99) For utterance M0000000124_0069, best cost 44.08 + 2225.11 = 2269.19 over 302 frames.
M0000000124_0069 มี ที่ ละเมอ ไม่ 
LOG (lattice-best-path[5.5.0~1494-e5a5]:main():lattice-best-path.cc:99) For utterance M0000000124_0070, best cost 36.6518 + 1953.76 = 1990.42 over 278 frames.
M0000000124_0070 ขอม พิบูลศิลป์ 
LOG (lattice-best-path[5.5.0~1494-e5a5]:main():lattice-best-path.cc:99) For utterance M0000000124_0071, best cost 50.0919 + 1956.92 = 2007.01 over 278 frames.
M0000000124_0071 การ นี้ มี โค อีกด้วย 
LOG (lattice-best-path[5.5.0~1494-e5a5]:main():lattice-best-path.cc:99) For utterance M0000000124_0072, best cost 51.9229 + 1748.05 = 1799.98 over 236 frames.
M0000000124_0072 ควร ที่ นิกเกิล โดย ไม่ 
LOG (lattice-best-path[5.5.0~1494-e5a5]:main():lattice-best-path.cc:99) For utterance M0000000124_0073, best cost 53.4823 + 2894.39 = 2947.87 over 398 frames.
M0000000124_0073 ทำให้ ระหว่าง ทำ พัฒนา 
LOG (lattice-best-path[5.5.0~1494-e5a5]:main():lattice-best-path.cc:99) For utterance M0000000124_0074, best cost 34.2377 + 1918.54 = 1952.78 over 273 frames.
M0000000124_0074 รับ ไม่ 
LOG (lattice-best-path[5.5.0~1494-e5a5]:main():lattice-best-path.cc:99) For utterance M0000000124_0075, best cost 59.9812 + 2437.11 = 2497.09 over 330 frames.
M0000000124_0075 จาก สมการ ต้อง อายุ เท่าไร 
LOG (lattice-best-path[5.5.0~1494-e5a5]:main():lattice-best-path.cc:99) For utterance M0000000124_0076, best cost 55.3104 + 2471.8 = 2527.11 over 353 frames.
M0000000124_0076 อย่างไร เกณฑ์ การ รับ ไม่ 
LOG (lattice-best-path[5.5.0~1494-e5a5]:main():lattice-best-path.cc:99) For utterance M0000000124_0077, best cost 63.9741 + 2492.22 = 2556.2 over 344 frames.
M0000000124_0077 ไม่ มี ตลับ จาน แผ่นดิน ไม่ 
LOG (lattice-best-path[5.5.0~1494-e5a5]:main():lattice-best-path.cc:99) For utterance M0000000124_0078, best cost 47.441 + 2638.69 = 2686.13 over 350 frames.
M0000000124_0078 ยาก ต่อ สัตว์ ร้าย 
LOG (lattice-best-path[5.5.0~1494-e5a5]:main():lattice-best-path.cc:99) For utterance M0000000124_0079, best cost 40.7041 + 1768.63 = 1809.33 over 252 frames.
M0000000124_0079 เขา เป็น ใช้ ใหม่ 
LOG (lattice-best-path[5.5.0~1494-e5a5]:main():lattice-best-path.cc:99) For utterance M0000000124_0080, best cost 75.3705 + 2759.73 = 2835.1 over 374 frames.
M0000000124_0080 ยาว เปิด สาขา บาง ต้อง ทำ ใน 
LOG (lattice-best-path[5.5.0~1494-e5a5]:main():lattice-best-path.cc:99) For utterance M0000000124_0081, best cost 52.282 + 2924.86 = 2977.14 over 404 frames.
M0000000124_0081 เพราะ ช่วย สร้าง จะ ได้ ขโมย 
LOG (lattice-best-path[5.5.0~1494-e5a5]:main():lattice-best-path.cc:99) For utterance M0000000124_0082, best cost 72.2183 + 2722.39 = 2794.61 over 368 frames.
M0000000124_0082 และ จะ ไป เกิด การ ตรง ที่ แยก บัตร 
LOG (lattice-best-path[5.5.0~1494-e5a5]:main():lattice-best-path.cc:99) For utterance M0000000124_0083, best cost 47.1668 + 2050.8 = 2097.97 over 275 frames.
M0000000124_0083 กล้วย เกี่ยวข้อง ที่ ไม่ 
LOG (lattice-best-path[5.5.0~1494-e5a5]:main():lattice-best-path.cc:99) For utterance M0000000124_0084, best cost 43.007 + 2275.53 = 2318.54 over 312 frames.
M0000000124_0084 ที่ เป็น ใน บาง 
LOG (lattice-best-path[5.5.0~1494-e5a5]:main():lattice-best-path.cc:99) For utterance M0000000124_0085, best cost 47.818 + 2436.28 = 2484.1 over 344 frames.
M0000000124_0085 ถ้า เรา ได้ ที่ ไม่ 
LOG (lattice-best-path[5.5.0~1494-e5a5]:main():lattice-best-path.cc:99) For utterance M0000000124_0086, best cost 57.5516 + 1946.32 = 2003.87 over 269 frames.
M0000000124_0086 ว่า หนึ่ง จะ ได้ อยู่ เปล่าๆ 
LOG (lattice-best-path[5.5.0~1494-e5a5]:main():lattice-best-path.cc:99) For utterance M0000000124_0087, best cost 42.6192 + 2046.88 = 2089.5 over 284 frames.
M0000000124_0087 เปลี่ยน นโยบาย ไม่ 
LOG (lattice-best-path[5.5.0~1494-e5a5]:main():lattice-best-path.cc:99) For utterance M0000000124_0088, best cost 54.7004 + 2361.72 = 2416.42 over 332 frames.
M0000000124_0088 ใช้ หนูจิ๊ด จาก ที่ ใน 
LOG (lattice-best-path[5.5.0~1494-e5a5]:main():lattice-best-path.cc:99) For utterance M0000000124_0089, best cost 58.7373 + 2310.13 = 2368.87 over 329 frames.
M0000000124_0089 ต้อง สร้าง น้ำตาล ที่ ชง 
LOG (lattice-best-path[5.5.0~1494-e5a5]:main():lattice-best-path.cc:99) For utterance M0000000124_0090, best cost 45.6054 + 2354.77 = 2400.37 over 318 frames.
M0000000124_0090 ข้อมูล กระบืองาน หรือ สับ 
LOG (lattice-best-path[5.5.0~1494-e5a5]:main():lattice-best-path.cc:99) For utterance M0000000124_0091, best cost 41.6165 + 2095.49 = 2137.11 over 291 frames.
M0000000124_0091 ใส่ ลง สู่ รูปร่าง 
LOG (lattice-best-path[5.5.0~1494-e5a5]:main():lattice-best-path.cc:99) For utterance M0000000124_0092, best cost 31.0336 + 1822.81 = 1853.84 over 257 frames.
M0000000124_0092 ใส่ รูปร่าง 
LOG (lattice-best-path[5.5.0~1494-e5a5]:main():lattice-best-path.cc:99) For utterance M0000000124_0093, best cost 56.7858 + 1803.21 = 1860 over 251 frames.
M0000000124_0093 ออก เป็น ฝ่าย จาน หนึ่ง 
LOG (lattice-best-path[5.5.0~1494-e5a5]:main():lattice-best-path.cc:99) For utterance M0000000124_0094, best cost 42.717 + 2015.29 = 2058.01 over 279 frames.
M0000000124_0094 เอา ตรวจสอบ จำเป็น 
LOG (lattice-best-path[5.5.0~1494-e5a5]:main():lattice-best-path.cc:99) For utterance M0000000124_0095, best cost 54.2386 + 2322.17 = 2376.41 over 327 frames.
M0000000124_0095 ทำ ด้วย ชัยวัฒน์ ได้ ไม่ 
LOG (lattice-best-path[5.5.0~1494-e5a5]:main():lattice-best-path.cc:99) For utterance M0000000124_0096, best cost 51.8771 + 2064.16 = 2116.04 over 279 frames.
M0000000124_0096 รูป ที่ เป็น กิ่งไม้ หนึ่ง 
LOG (lattice-best-path[5.5.0~1494-e5a5]:main():lattice-best-path.cc:99) For utterance M0000000124_0097, best cost 56.6487 + 2358.49 = 2415.14 over 330 frames.
M0000000124_0097 บาง ส่วน ที่ ของ ให้ น้อย 
LOG (lattice-best-path[5.5.0~1494-e5a5]:main():lattice-best-path.cc:99) For utterance M0000000124_0098, best cost 73.2294 + 2445.93 = 2519.16 over 338 frames.
M0000000124_0098 มา ส่ง ให้ ที่ บันได มี ขลับ 
LOG (lattice-best-path[5.5.0~1494-e5a5]:main():lattice-best-path.cc:99) For utterance M0000000124_0099, best cost 42.1406 + 1907.84 = 1949.98 over 260 frames.
M0000000124_0099 เดียว รวดเร็ว ครบ 
LOG (lattice-best-path[5.5.0~1494-e5a5]:main():lattice-best-path.cc:99) For utterance M0000000124_0100, best cost 51.1469 + 2330.1 = 2381.25 over 327 frames.
M0000000124_0100 เดียว เป็น ที่รัก หนัก 
LOG (lattice-best-path[5.5.0~1494-e5a5]:main():lattice-best-path.cc:99) For utterance M0000000124_0101, best cost 77.4736 + 2951 = 3028.47 over 398 frames.
M0000000124_0101 อยู่ ใช้ ก๊าซ ของเหลว ไอ จะ ได้ ใจ หนึ่ง 
LOG (lattice-best-path[5.5.0~1494-e5a5]:main():lattice-best-path.cc:99) For utterance M0000000131_0000, best cost 30.8485 + 2434.56 = 2465.41 over 338 frames.
M0000000131_0000 กรุ 
LOG (lattice-best-path[5.5.0~1494-e5a5]:main():lattice-best-path.cc:99) For utterance M0000000131_0001, best cost 50.0714 + 3713.34 = 3763.41 over 491 frames.
M0000000131_0001 แท่ง รู กว้าง 
LOG (lattice-best-path[5.5.0~1494-e5a5]:main():lattice-best-path.cc:99) For utterance M0000000131_0002, best cost 54.7433 + 3599.67 = 3654.41 over 464 frames.
M0000000131_0002 โต เพราะ ร้อน 
LOG (lattice-best-path[5.5.0~1494-e5a5]:main():lattice-best-path.cc:99) For utterance M0000000131_0003, best cost 35.0038 + 2609.09 = 2644.09 over 328 frames.
M0000000131_0003 อีกครั้ง 
LOG (lattice-best-path[5.5.0~1494-e5a5]:main():lattice-best-path.cc:99) For utterance M0000000131_0004, best cost 50.862 + 2830.46 = 2881.32 over 384 frames.
M0000000131_0004 ของ เขา กับ หมู่คณะ 
LOG (lattice-best-path[5.5.0~1494-e5a5]:main():lattice-best-path.cc:99) For utterance M0000000131_0005, best cost 54.3939 + 2986.06 = 3040.45 over 396 frames.
M0000000131_0005 ออกรวง ไป ไซ หู 
LOG (lattice-best-path[5.5.0~1494-e5a5]:main():lattice-best-path.cc:99) For utterance M0000000131_0006, best cost 37.141 + 2400.78 = 2437.92 over 332 frames.
M0000000131_0006 คง ขั้วโลกเหนือ 
LOG (lattice-best-path[5.5.0~1494-e5a5]:main():lattice-best-path.cc:99) For utterance M0000000131_0007, best cost 29.4139 + 2067.6 = 2097.02 over 284 frames.
M0000000131_0007 ฯลฯ 
LOG (lattice-best-path[5.5.0~1494-e5a5]:main():lattice-best-path.cc:99) For utterance M0000000131_0008, best cost 43.8596 + 2167.29 = 2211.15 over 284 frames.
M0000000131_0008 กัน ประมาณ ทั้งสอง 
LOG (lattice-best-path[5.5.0~1494-e5a5]:main():lattice-best-path.cc:99) For utterance M0000000131_0009, best cost 42.9116 + 1997.15 = 2040.06 over 270 frames.
M0000000131_0009 แท่ง ของแข็ง ก๊าซ หรือ 
LOG (lattice-best-path[5.5.0~1494-e5a5]:main():lattice-best-path.cc:99) For utterance M0000000131_0010, best cost 30.4108 + 2077.74 = 2108.15 over 287 frames.
M0000000131_0010 ของ น้อย 
LOG (lattice-best-path[5.5.0~1494-e5a5]:main():lattice-best-path.cc:99) For utterance M0000000131_0011, best cost 34.3892 + 1593.71 = 1628.1 over 210 frames.
M0000000131_0011 รหัส ของ ครั้ง 
LOG (lattice-best-path[5.5.0~1494-e5a5]:main():lattice-best-path.cc:99) For utterance M0000000131_0012, best cost 41.0383 + 1543.08 = 1584.11 over 200 frames.
M0000000131_0012 อักษร ลง เที่ยว เครื่อง 
LOG (lattice-best-path[5.5.0~1494-e5a5]:main():lattice-best-path.cc:99) For utterance M0000000131_0013, best cost 44.203 + 2083.31 = 2127.52 over 250 frames.
M0000000131_0013 จนถึง ที่รัก หลงลืม 
LOG (lattice-best-path[5.5.0~1494-e5a5]:main():lattice-best-path.cc:99) For utterance M0000000131_0014, best cost 39.5372 + 1849.65 = 1889.18 over 238 frames.
M0000000131_0014 อักษร โอกาส ที่ 
LOG (lattice-best-path[5.5.0~1494-e5a5]:main():lattice-best-path.cc:99) For utterance M0000000131_0015, best cost 38.863 + 1548.72 = 1587.59 over 195 frames.
M0000000131_0015 ข้อ นั้น เรื่อง หลัก 
LOG (lattice-best-path[5.5.0~1494-e5a5]:main():lattice-best-path.cc:99) For utterance M0000000131_0016, best cost 46.8667 + 1583.8 = 1630.67 over 195 frames.
M0000000131_0016 อัน แคระแกร็น ไพเราะ มาก 
LOG (lattice-best-path[5.5.0~1494-e5a5]:main():lattice-best-path.cc:99) For utterance M0000000131_0017, best cost 42.8599 + 1488.17 = 1531.03 over 190 frames.
M0000000131_0017 อัน แคระแกร็น และ 
LOG (lattice-best-path[5.5.0~1494-e5a5]:main():lattice-best-path.cc:99) For utterance M0000000131_0018, best cost 34.5271 + 1528.08 = 1562.61 over 188 frames.
M0000000131_0018 จอมอนิเตอร์ มอง 
LOG (lattice-best-path[5.5.0~1494-e5a5]:main():lattice-best-path.cc:99) For utterance M0000000131_0019, best cost 36.1822 + 1456.64 = 1492.83 over 181 frames.
M0000000131_0019 อักษร และ ต่อมา 
LOG (lattice-best-path[5.5.0~1494-e5a5]:main():lattice-best-path.cc:99) For utterance M0000000131_0020, best cost 14.8138 + 1386.46 = 1401.27 over 166 frames.
M0000000131_0020 
LOG (lattice-best-path[5.5.0~1494-e5a5]:main():lattice-best-path.cc:99) For utterance M0000000131_0021, best cost 34.1809 + 1381.41 = 1415.59 over 174 frames.
M0000000131_0021 อะไร กี่ จาก 
LOG (lattice-best-path[5.5.0~1494-e5a5]:main():lattice-best-path.cc:99) For utterance M0000000131_0022, best cost 29.5681 + 1505.05 = 1534.61 over 193 frames.
M0000000131_0022 เอาชนะ และ 
LOG (lattice-best-path[5.5.0~1494-e5a5]:main():lattice-best-path.cc:99) For utterance M0000000131_0023, best cost 52.8539 + 2089.88 = 2142.74 over 257 frames.
M0000000131_0023 อะไร มั่นคง สมัย 
LOG (lattice-best-path[5.5.0~1494-e5a5]:main():lattice-best-path.cc:99) For utterance M0000000131_0024, best cost 31.7944 + 1525.26 = 1557.05 over 190 frames.
M0000000131_0024 อักษร กระรอก 
LOG (lattice-best-path[5.5.0~1494-e5a5]:main():lattice-best-path.cc:99) For utterance M0000000131_0025, best cost 18.4924 + 1071.42 = 1089.91 over 132 frames.
M0000000131_0025 ออก 
LOG (lattice-best-path[5.5.0~1494-e5a5]:main():lattice-best-path.cc:99) For utterance M0000000131_0026, best cost 32.5392 + 1904.97 = 1937.5 over 223 frames.
M0000000131_0026 ที่ ไม่ 
LOG (lattice-best-path[5.5.0~1494-e5a5]:main():lattice-best-path.cc:99) For utterance M0000000131_0027, best cost 46.7392 + 2449.88 = 2496.62 over 306 frames.
M0000000131_0027 เพราะ ของ กล่าวคือ ราก 
LOG (lattice-best-path[5.5.0~1494-e5a5]:main():lattice-best-path.cc:99) For utterance M0000000131_0028, best cost 35.3777 + 1532.67 = 1568.05 over 186 frames.
M0000000131_0028 อักษร จิระศักดิ์ 
LOG (lattice-best-path[5.5.0~1494-e5a5]:main():lattice-best-path.cc:99) For utterance M0000000131_0029, best cost 16.1655 + 1205.73 = 1221.9 over 152 frames.
M0000000131_0029 
LOG (lattice-best-path[5.5.0~1494-e5a5]:main():lattice-best-path.cc:99) For utterance M0000000131_0030, best cost 25.6602 + 1757.92 = 1783.58 over 224 frames.
M0000000131_0030 ออก รวง 
LOG (lattice-best-path[5.5.0~1494-e5a5]:main():lattice-best-path.cc:99) For utterance M0000000131_0031, best cost 30.5801 + 1338.74 = 1369.32 over 165 frames.
M0000000131_0031 อะไร อยู่ 
LOG (lattice-best-path[5.5.0~1494-e5a5]:main():lattice-best-path.cc:99) For utterance M0000000131_0032, best cost 27.9861 + 1482.27 = 1510.26 over 195 frames.
M0000000131_0032 โดย ละเลย 
LOG (lattice-best-path[5.5.0~1494-e5a5]:main():lattice-best-path.cc:99) For utterance M0000000131_0033, best cost 25.272 + 1147.14 = 1172.41 over 145 frames.
M0000000131_0033 อะไร 
LOG (lattice-best-path[5.5.0~1494-e5a5]:main():lattice-best-path.cc:99) For utterance M0000000131_0034, best cost 27.1232 + 1666.08 = 1693.21 over 227 frames.
M0000000131_0034 ร้อน 
LOG (lattice-best-path[5.5.0~1494-e5a5]:main():lattice-best-path.cc:99) For utterance M0000000131_0035, best cost 16.9187 + 1121.02 = 1137.94 over 140 frames.
M0000000131_0035 แล้ว 
LOG (lattice-best-path[5.5.0~1494-e5a5]:main():lattice-best-path.cc:99) For utterance M0000000131_0036, best cost 42.2295 + 1426.68 = 1468.91 over 178 frames.
M0000000131_0036 อัน ของเหลว อยู่ 
LOG (lattice-best-path[5.5.0~1494-e5a5]:main():lattice-best-path.cc:99) For utterance M0000000131_0037, best cost 28.6275 + 1141.35 = 1169.98 over 144 frames.
M0000000131_0037 อนุเคราะห์ ของ 
LOG (lattice-best-path[5.5.0~1494-e5a5]:main():lattice-best-path.cc:99) For utterance M0000000131_0038, best cost 40.9989 + 2211.84 = 2252.84 over 279 frames.
M0000000131_0038 ออก รวง ขั้วโลก 
LOG (lattice-best-path[5.5.0~1494-e5a5]:main():lattice-best-path.cc:99) For utterance M0000000131_0039, best cost 37.4414 + 1571.12 = 1608.56 over 197 frames.
M0000000131_0039 เอะอะ เรา สามารถ 
LOG (lattice-best-path[5.5.0~1494-e5a5]:main():lattice-best-path.cc:99) For utterance M0000000131_0040, best cost 34.8829 + 1562.62 = 1597.5 over 197 frames.
M0000000131_0040 และ รวดเร็ว มาก 
LOG (lattice-best-path[5.5.0~1494-e5a5]:main():lattice-best-path.cc:99) For utterance M0000000131_0041, best cost 40.0985 + 1773.87 = 1813.97 over 217 frames.
M0000000131_0041 อัตโนมัติ ร้อน ใน 
LOG (lattice-best-path[5.5.0~1494-e5a5]:main():lattice-best-path.cc:99) For utterance M0000000131_0042, best cost 33.2738 + 1521.44 = 1554.71 over 194 frames.
M0000000131_0042 อวัยวะ ถ่องแท้ 
LOG (lattice-best-path[5.5.0~1494-e5a5]:main():lattice-best-path.cc:99) For utterance M0000000131_0043, best cost 33.7128 + 1554.8 = 1588.51 over 203 frames.
M0000000131_0043 อัตโนมัติ ไม่ 
LOG (lattice-best-path[5.5.0~1494-e5a5]:main():lattice-best-path.cc:99) For utterance M0000000131_0044, best cost 26.8079 + 1239.76 = 1266.56 over 151 frames.
M0000000131_0044 ไป ด้วย 
LOG (lattice-best-path[5.5.0~1494-e5a5]:main():lattice-best-path.cc:99) For utterance M0000000131_0045, best cost 32.9463 + 1471.96 = 1504.91 over 185 frames.
M0000000131_0045 เปราะ กิ่งไม้ 
LOG (lattice-best-path[5.5.0~1494-e5a5]:main():lattice-best-path.cc:99) For utterance M0000000131_0046, best cost 22.1962 + 1110.12 = 1132.32 over 145 frames.
M0000000131_0046 อธิบาย 
LOG (lattice-best-path[5.5.0~1494-e5a5]:main():lattice-best-path.cc:99) For utterance M0000000131_0047, best cost 25.033 + 1453.8 = 1478.83 over 180 frames.
M0000000131_0047 อัตรา 
LOG (lattice-best-path[5.5.0~1494-e5a5]:main():lattice-best-path.cc:99) For utterance M0000000131_0048, best cost 41.9428 + 1749.45 = 1791.4 over 220 frames.
M0000000131_0048 อีก รู้ ฉลามลาย 
LOG (lattice-best-path[5.5.0~1494-e5a5]:main():lattice-best-path.cc:99) For utterance M0000000131_0049, best cost 28.9297 + 1486.03 = 1514.96 over 198 frames.
M0000000131_0049 อัตรา เรื่อย 
LOG (lattice-best-path[5.5.0~1494-e5a5]:main():lattice-best-path.cc:99) For utterance M0000000131_0050, best cost 35.2725 + 1670.38 = 1705.65 over 210 frames.
M0000000131_0050 อุตสาหกรรม เหมาะ 
LOG (lattice-best-path[5.5.0~1494-e5a5]:main():lattice-best-path.cc:99) For utterance M0000000131_0051, best cost 32.8037 + 1441.9 = 1474.71 over 183 frames.
M0000000131_0051 เอาเอง ข่าว 
LOG (lattice-best-path[5.5.0~1494-e5a5]:main():lattice-best-path.cc:99) For utterance M0000000131_0052, best cost 27.0554 + 1292.11 = 1319.16 over 161 frames.
M0000000131_0052 บ่อยครั้ง 
LOG (lattice-best-path[5.5.0~1494-e5a5]:main():lattice-best-path.cc:99) For utterance M0000000131_0053, best cost 34.703 + 1447.9 = 1482.6 over 177 frames.
M0000000131_0053 อินพุต จิระศักดิ์ 
LOG (lattice-best-path[5.5.0~1494-e5a5]:main():lattice-best-path.cc:99) For utterance M0000000131_0054, best cost 26.6031 + 1606.82 = 1633.42 over 205 frames.
M0000000131_0054 อิเล็กตรอน 
LOG (lattice-best-path[5.5.0~1494-e5a5]:main():lattice-best-path.cc:99) For utterance M0000000131_0055, best cost 29.7517 + 1419.61 = 1449.36 over 185 frames.
M0000000131_0055 อัตรา ว่องไว 
LOG (lattice-best-path[5.5.0~1494-e5a5]:main():lattice-best-path.cc:99) For utterance M0000000131_0056, best cost 47.2898 + 2285.85 = 2333.14 over 278 frames.
M0000000131_0056 จิระศักดิ์ ขึ้น อะไร 
LOG (lattice-best-path[5.5.0~1494-e5a5]:main():lattice-best-path.cc:99) For utterance M0000000131_0057, best cost 28.5301 + 913.68 = 942.21 over 120 frames.
M0000000131_0057 เรา ของ 
LOG (lattice-best-path[5.5.0~1494-e5a5]:main():lattice-best-path.cc:99) For utterance M0000000131_0058, best cost 29.1277 + 1587.78 = 1616.91 over 212 frames.
M0000000131_0058 บันได ไม่ 
LOG (lattice-best-path[5.5.0~1494-e5a5]:main():lattice-best-path.cc:99) For utterance M0000000131_0059, best cost 34.1692 + 1962.25 = 1996.42 over 251 frames.
M0000000131_0059 อุดอู้ 
LOG (lattice-best-path[5.5.0~1494-e5a5]:main():lattice-best-path.cc:99) For utterance M0000000131_0060, best cost 26.4844 + 1616.05 = 1642.53 over 197 frames.
M0000000131_0060 มากมาย 
LOG (lattice-best-path[5.5.0~1494-e5a5]:main():lattice-best-path.cc:99) For utterance M0000000131_0061, best cost 25.2558 + 1217.08 = 1242.33 over 148 frames.
M0000000131_0061 บน 
LOG (lattice-best-path[5.5.0~1494-e5a5]:main():lattice-best-path.cc:99) For utterance M0000000131_0062, best cost 41.758 + 1416.06 = 1457.82 over 177 frames.
M0000000131_0062 อัน วิเคราะห์ เคลื่อนไหว 
LOG (lattice-best-path[5.5.0~1494-e5a5]:main():lattice-best-path.cc:99) For utterance M0000000131_0063, best cost 27.4875 + 1447.43 = 1474.91 over 183 frames.
M0000000131_0063 อะไร 
LOG (lattice-best-path[5.5.0~1494-e5a5]:main():lattice-best-path.cc:99) For utterance M0000000131_0064, best cost 32.9825 + 1427.86 = 1460.84 over 181 frames.
M0000000131_0064 อักษร ผลิต 
LOG (lattice-best-path[5.5.0~1494-e5a5]:main():lattice-best-path.cc:99) For utterance M0000000131_0065, best cost 25.5129 + 1600.27 = 1625.79 over 193 frames.
M0000000131_0065 โกยสุโข 
LOG (lattice-best-path[5.5.0~1494-e5a5]:main():lattice-best-path.cc:99) For utterance M0000000131_0066, best cost 26.0526 + 1649.01 = 1675.06 over 210 frames.
M0000000131_0066 อนุเคราะห์ 
LOG (lattice-best-path[5.5.0~1494-e5a5]:main():lattice-best-path.cc:99) For utterance M0000000131_0067, best cost 17.6758 + 861.961 = 879.636 over 106 frames.
M0000000131_0067 ควินิน 
LOG (lattice-best-path[5.5.0~1494-e5a5]:main():lattice-best-path.cc:99) For utterance M0000000131_0068, best cost 36.8952 + 1431.4 = 1468.3 over 177 frames.
M0000000131_0068 แคระแกร็น ต้องการ 
LOG (lattice-best-path[5.5.0~1494-e5a5]:main():lattice-best-path.cc:99) For utterance M0000000131_0069, best cost 41.7631 + 1459.41 = 1501.17 over 188 frames.
M0000000131_0069 วิธี หลัง เคลื่อนไหว 
LOG (lattice-best-path[5.5.0~1494-e5a5]:main():lattice-best-path.cc:99) For utterance M0000000131_0070, best cost 21.665 + 1134.34 = 1156 over 140 frames.
M0000000131_0070 โดย วิธี 
LOG (lattice-best-path[5.5.0~1494-e5a5]:main():lattice-best-path.cc:99) For utterance M0000000131_0071, best cost 37.9701 + 1523.32 = 1561.29 over 181 frames.
M0000000131_0071 เหล่านี้ หู 
LOG (lattice-best-path[5.5.0~1494-e5a5]:main():lattice-best-path.cc:99) For utterance M0000000131_0072, best cost 15.5006 + 1553.19 = 1568.7 over 185 frames.
M0000000131_0072 
LOG (lattice-best-path[5.5.0~1494-e5a5]:main():lattice-best-path.cc:99) For utterance M0000000131_0073, best cost 33.2385 + 1602.26 = 1635.5 over 198 frames.
M0000000131_0073 ไพเราะ มาก นัก 
LOG (lattice-best-path[5.5.0~1494-e5a5]:main():lattice-best-path.cc:99) For utterance M0000000131_0074, best cost 33.2752 + 1308.27 = 1341.55 over 162 frames.
M0000000131_0074 อะไร เสมหะ 
LOG (lattice-best-path[5.5.0~1494-e5a5]:main():lattice-best-path.cc:99) For utterance M0000000131_0075, best cost 43.1083 + 1943.19 = 1986.3 over 235 frames.
M0000000131_0075 เอะอะ อวัยวะ 
LOG (lattice-best-path[5.5.0~1494-e5a5]:main():lattice-best-path.cc:99) For utterance M0000000131_0076, best cost 29.381 + 1500.54 = 1529.92 over 177 frames.
M0000000131_0076 ประมาณ 
LOG (lattice-best-path[5.5.0~1494-e5a5]:main():lattice-best-path.cc:99) For utterance M0000000131_0077, best cost 29.8852 + 1708.32 = 1738.2 over 208 frames.
M0000000131_0077 เอะอะ อาละวาด 
LOG (lattice-best-path[5.5.0~1494-e5a5]:main():lattice-best-path.cc:99) For utterance M0000000131_0078, best cost 17.2568 + 1638.98 = 1656.24 over 193 frames.
M0000000131_0078 
LOG (lattice-best-path[5.5.0~1494-e5a5]:main():lattice-best-path.cc:99) For utterance M0000000131_0079, best cost 32.1202 + 1330.2 = 1362.32 over 166 frames.
M0000000131_0079 อัตรา เอาชนะ 
LOG (lattice-best-path[5.5.0~1494-e5a5]:main():lattice-best-path.cc:99) For utterance M0000000131_0080, best cost 19.6974 + 2163.66 = 2183.36 over 278 frames.
M0000000131_0080 
LOG (lattice-best-path[5.5.0~1494-e5a5]:main():lattice-best-path.cc:99) For utterance M0000000131_0081, best cost 43.9044 + 2196.09 = 2239.99 over 267 frames.
M0000000131_0081 อย่างใด สมัย 
LOG (lattice-best-path[5.5.0~1494-e5a5]:main():lattice-best-path.cc:99) For utterance M0000000131_0082, best cost 33.8471 + 2095.7 = 2129.55 over 250 frames.
M0000000131_0082 อะไร ที่รัก 
LOG (lattice-best-path[5.5.0~1494-e5a5]:main():lattice-best-path.cc:99) For utterance M0000000131_0083, best cost 14.9176 + 1413.26 = 1428.18 over 168 frames.
M0000000131_0083 
LOG (lattice-best-path[5.5.0~1494-e5a5]:main():lattice-best-path.cc:99) For utterance M0000000131_0084, best cost 18.3606 + 1612.69 = 1631.05 over 200 frames.
M0000000131_0084 
LOG (lattice-best-path[5.5.0~1494-e5a5]:main():lattice-best-path.cc:99) For utterance M0000000131_0085, best cost 40.8989 + 1658.08 = 1698.98 over 203 frames.
M0000000131_0085 เอะอะ อาละวาด ที่ ไม่ 
LOG (lattice-best-path[5.5.0~1494-e5a5]:main():lattice-best-path.cc:99) For utterance M0000000131_0086, best cost 34.7891 + 1417.57 = 1452.36 over 170 frames.
M0000000131_0086 รายละเอียด เรา 
LOG (lattice-best-path[5.5.0~1494-e5a5]:main():lattice-best-path.cc:99) For utterance M0000000131_0087, best cost 41.29 + 1338.04 = 1379.33 over 164 frames.
M0000000131_0087 เปลี่ยน ประโยชน์ ใน 
LOG (lattice-best-path[5.5.0~1494-e5a5]:main():lattice-best-path.cc:99) For utterance M0000000131_0088, best cost 25.7587 + 1856 = 1881.76 over 230 frames.
M0000000131_0088 อัตโนมัติ 
LOG (lattice-best-path[5.5.0~1494-e5a5]:main():lattice-best-path.cc:99) For utterance M0000000131_0089, best cost 35.4746 + 1523.75 = 1559.22 over 183 frames.
M0000000131_0089 อุปกรณ์ รังสี ของ 
LOG (lattice-best-path[5.5.0~1494-e5a5]:main():lattice-best-path.cc:99) For utterance M0000000131_0090, best cost 16.612 + 1547.14 = 1563.75 over 191 frames.
M0000000131_0090 
LOG (lattice-best-path[5.5.0~1494-e5a5]:main():lattice-best-path.cc:99) For utterance M0000000131_0091, best cost 13.4476 + 1509.87 = 1523.32 over 176 frames.
M0000000131_0091 
LOG (lattice-best-path[5.5.0~1494-e5a5]:main():lattice-best-path.cc:99) For utterance M0000000131_0092, best cost 32.5744 + 1428.35 = 1460.92 over 184 frames.
M0000000131_0092 ใส่ ลง บอก 
LOG (lattice-best-path[5.5.0~1494-e5a5]:main():lattice-best-path.cc:99) For utterance M0000000131_0093, best cost 26.3728 + 1226.41 = 1252.78 over 152 frames.
M0000000131_0093 ระยะ หนึ่ง 
LOG (lattice-best-path[5.5.0~1494-e5a5]:main():lattice-best-path.cc:99) For utterance M0000000131_0094, best cost 18.406 + 1290.49 = 1308.9 over 155 frames.
M0000000131_0094 
LOG (lattice-best-path[5.5.0~1494-e5a5]:main():lattice-best-path.cc:99) For utterance M0000000131_0095, best cost 19.1872 + 1814.24 = 1833.42 over 231 frames.
M0000000131_0095 
LOG (lattice-best-path[5.5.0~1494-e5a5]:main():lattice-best-path.cc:99) For utterance M0000000131_0096, best cost 17.3886 + 1629.32 = 1646.7 over 198 frames.
M0000000131_0096 
LOG (lattice-best-path[5.5.0~1494-e5a5]:main():lattice-best-path.cc:99) For utterance M0000000131_0097, best cost 37.0124 + 1452.63 = 1489.64 over 179 frames.
M0000000131_0097 มัก เออออ กระรอก 
LOG (lattice-scale[5.5.0~1494-e5a5]:main():lattice-scale.cc:107) Done 510 lattices.
LOG (lattice-best-path[5.5.0~1494-e5a5]:main():lattice-best-path.cc:99) For utterance M0000000131_0098, best cost 20.9444 + 1573.71 = 1594.66 over 190 frames.
M0000000131_0098 เพราะ 
LOG (lattice-best-path[5.5.0~1494-e5a5]:main():lattice-best-path.cc:99) For utterance M0000000131_0099, best cost 41.598 + 1216.45 = 1258.05 over 154 frames.
M0000000131_0099 อัน ปลุกเร้า ไอเอฟ 
LOG (lattice-best-path[5.5.0~1494-e5a5]:main():lattice-best-path.cc:99) For utterance M0000000131_0100, best cost 36.0636 + 1321.04 = 1357.1 over 157 frames.
M0000000131_0100 ดร. ครั้งละ 
LOG (lattice-best-path[5.5.0~1494-e5a5]:main():lattice-best-path.cc:99) For utterance M0000000131_0101, best cost 38.1263 + 2019.77 = 2057.9 over 242 frames.
M0000000131_0101 ครั้นแล้ว อร่ามเหลือง 
LOG (lattice-add-penalty[5.5.0~1494-e5a5]:main():lattice-add-penalty.cc:62) Done adding word insertion penalty to 510 lattices.
LOG (lattice-best-path[5.5.0~1494-e5a5]:main():lattice-best-path.cc:124) Overall cost per frame is 7.62227 = 0.168907 [graph] + 7.45336 [acoustic] over 120161 frames.
LOG (lattice-best-path[5.5.0~1494-e5a5]:main():lattice-best-path.cc:128) Done 510 lattices, failed for 0
# Accounting: time=2 threads=1
# Ended (code 0) at Sun May  2 17:06:22 UTC 2021, elapsed time 2 seconds
