# lattice-scale --inv-acoustic-scale=7 "ark:gunzip -c exp/tri1/decode/lat.*.gz|" ark:- | lattice-add-penalty --word-ins-penalty=0.5 ark:- ark:- | lattice-best-path --word-symbol-table=exp/tri1/graph//words.txt ark:- ark,t:- | utils/int2sym.pl -f 2- exp/tri1/graph//words.txt | local/wer_hyp_filter > exp/tri1/decode/scoring_kaldi/penalty_0.5/7.txt 
# Started at Sun May  2 17:11:25 UTC 2021
#
lattice-add-penalty --word-ins-penalty=0.5 ark:- ark:- 
lattice-best-path --word-symbol-table=exp/tri1/graph//words.txt ark:- ark,t:- 
lattice-scale --inv-acoustic-scale=7 'ark:gunzip -c exp/tri1/decode/lat.*.gz|' ark:- 
LOG (lattice-best-path[5.5.0~1494-e5a5]:main():lattice-best-path.cc:99) For utterance M0000000085_0000, best cost 32.3834 + 1899.64 = 1932.02 over 127 frames.
M0000000085_0000 กงล้อ ที่ อีก 
LOG (lattice-best-path[5.5.0~1494-e5a5]:main():lattice-best-path.cc:99) For utterance M0000000085_0001, best cost 70.31 + 3375.52 = 3445.83 over 233 frames.
M0000000085_0001 แกว่ง ที่ เอา ล้าน อนึ่ง กัน 
LOG (lattice-best-path[5.5.0~1494-e5a5]:main():lattice-best-path.cc:99) For utterance M0000000085_0002, best cost 80.0896 + 3161.12 = 3241.21 over 224 frames.
M0000000085_0002 เอา ก็ ออก ได้ ไทย กล่าว หนึ่ง การ 
LOG (lattice-best-path[5.5.0~1494-e5a5]:main():lattice-best-path.cc:99) For utterance M0000000085_0003, best cost 63.0656 + 3106.83 = 3169.9 over 212 frames.
M0000000085_0003 ทรง ต่ำ ติด มัน ตรึง 
LOG (lattice-best-path[5.5.0~1494-e5a5]:main():lattice-best-path.cc:99) For utterance M0000000085_0004, best cost 62.165 + 2528.1 = 2590.26 over 179 frames.
M0000000085_0004 เขา ประมง ไอ กล่าว จาน 
LOG (lattice-best-path[5.5.0~1494-e5a5]:main():lattice-best-path.cc:99) For utterance M0000000085_0005, best cost 69.8743 + 2854.61 = 2924.49 over 198 frames.
M0000000085_0005 ออก คน เกย ใส่ มน การ 
LOG (lattice-best-path[5.5.0~1494-e5a5]:main():lattice-best-path.cc:99) For utterance M0000000085_0006, best cost 39.5287 + 2045.69 = 2085.22 over 140 frames.
M0000000085_0006 พวก รส เนื่อง 
LOG (lattice-best-path[5.5.0~1494-e5a5]:main():lattice-best-path.cc:99) For utterance M0000000085_0007, best cost 53.044 + 2306.65 = 2359.69 over 165 frames.
M0000000085_0007 นำ โค้ง ปาก ยาว หนึ่ง 
LOG (lattice-best-path[5.5.0~1494-e5a5]:main():lattice-best-path.cc:99) For utterance M0000000085_0008, best cost 63.5369 + 3014.95 = 3078.49 over 218 frames.
M0000000085_0008 นำเอา หนึ่ง นำ โค้ง สอง 
LOG (lattice-best-path[5.5.0~1494-e5a5]:main():lattice-best-path.cc:99) For utterance M0000000085_0009, best cost 52.0759 + 2407.48 = 2459.56 over 174 frames.
M0000000085_0009 ข้อ นั้น แสง ทั้ง หนึ่ง 
LOG (lattice-best-path[5.5.0~1494-e5a5]:main():lattice-best-path.cc:99) For utterance M0000000085_0010, best cost 37.6422 + 1939.27 = 1976.91 over 135 frames.
M0000000085_0010 คง หลอด น้อย 
LOG (lattice-best-path[5.5.0~1494-e5a5]:main():lattice-best-path.cc:99) For utterance M0000000085_0011, best cost 50.1749 + 2095.78 = 2145.96 over 153 frames.
M0000000085_0011 มา หาก คน สัตว์ 
LOG (lattice-best-path[5.5.0~1494-e5a5]:main():lattice-best-path.cc:99) For utterance M0000000085_0012, best cost 50.827 + 2500.73 = 2551.56 over 176 frames.
M0000000085_0012 สาร ต้น เขียน ซึ่ง 
LOG (lattice-best-path[5.5.0~1494-e5a5]:main():lattice-best-path.cc:99) For utterance M0000000085_0013, best cost 77.9869 + 3775.67 = 3853.66 over 261 frames.
M0000000085_0013 ต้อง สิ่ง ที่ แคระแกร็น สอง พลุ่ง ซึ่ง 
LOG (lattice-best-path[5.5.0~1494-e5a5]:main():lattice-best-path.cc:99) For utterance M0000000085_0014, best cost 44.3361 + 2343.12 = 2387.45 over 162 frames.
M0000000085_0014 ขอ ที่ ไถ 
LOG (lattice-best-path[5.5.0~1494-e5a5]:main():lattice-best-path.cc:99) For utterance M0000000085_0015, best cost 43.413 + 2192.59 = 2236 over 153 frames.
M0000000085_0015 ก่อนหลัง ตรง น้ำหนัก 
LOG (lattice-best-path[5.5.0~1494-e5a5]:main():lattice-best-path.cc:99) For utterance M0000000085_0016, best cost 64.2209 + 2668.96 = 2733.18 over 183 frames.
M0000000085_0016 ขอ นั่ง ติด ยก ละ 
LOG (lattice-best-path[5.5.0~1494-e5a5]:main():lattice-best-path.cc:99) For utterance M0000000085_0017, best cost 46.1188 + 2611.5 = 2657.62 over 189 frames.
M0000000085_0017 ขอ นั่ง ร้าย นานา 
LOG (lattice-best-path[5.5.0~1494-e5a5]:main():lattice-best-path.cc:99) For utterance M0000000085_0018, best cost 47.4239 + 2200.84 = 2248.26 over 150 frames.
M0000000085_0018 ของ กลีบ เริ่ม น้อย 
LOG (lattice-best-path[5.5.0~1494-e5a5]:main():lattice-best-path.cc:99) For utterance M0000000085_0019, best cost 47.3807 + 2781.02 = 2828.4 over 197 frames.
M0000000085_0019 ขยาย เป็นต้น และ หนัก 
LOG (lattice-best-path[5.5.0~1494-e5a5]:main():lattice-best-path.cc:99) For utterance M0000000085_0020, best cost 41.8701 + 2243.61 = 2285.49 over 162 frames.
M0000000085_0020 รูป ใดๆ ไป ใน 
LOG (lattice-best-path[5.5.0~1494-e5a5]:main():lattice-best-path.cc:99) For utterance M0000000085_0021, best cost 46.5575 + 2189.71 = 2236.27 over 165 frames.
M0000000085_0021 แปะ กิน จะ ทาง 
LOG (lattice-best-path[5.5.0~1494-e5a5]:main():lattice-best-path.cc:99) For utterance M0000000085_0022, best cost 41.4527 + 2011.46 = 2052.92 over 143 frames.
M0000000085_0022 จึง ได้ ไม่ เอะอะ 
LOG (lattice-best-path[5.5.0~1494-e5a5]:main():lattice-best-path.cc:99) For utterance M0000000085_0023, best cost 76.9835 + 2992.31 = 3069.29 over 216 frames.
M0000000085_0023 อาหาร อะไร มน คน ข่าย ไม้ 
LOG (lattice-best-path[5.5.0~1494-e5a5]:main():lattice-best-path.cc:99) For utterance M0000000085_0024, best cost 43.0523 + 1883.99 = 1927.04 over 129 frames.
M0000000085_0024 ของ เครื่อง องค์ น้อย 
LOG (lattice-best-path[5.5.0~1494-e5a5]:main():lattice-best-path.cc:99) For utterance M0000000085_0025, best cost 30.8026 + 1687.18 = 1717.98 over 119 frames.
M0000000085_0025 ติด หมด 
LOG (lattice-best-path[5.5.0~1494-e5a5]:main():lattice-best-path.cc:99) For utterance M0000000085_0026, best cost 46.33 + 2751.59 = 2797.92 over 188 frames.
M0000000085_0026 มี จะ ที่ ใหม่ๆ 
LOG (lattice-best-path[5.5.0~1494-e5a5]:main():lattice-best-path.cc:99) For utterance M0000000085_0027, best cost 82.7606 + 3257.62 = 3340.38 over 227 frames.
M0000000085_0027 เอา ซอส รส หลักเกณฑ์ ให้ น้อย จาน 
LOG (lattice-best-path[5.5.0~1494-e5a5]:main():lattice-best-path.cc:99) For utterance M0000000085_0028, best cost 52.2815 + 2703.36 = 2755.64 over 188 frames.
M0000000085_0028 ข้อ นั้น จึง เริ่ม นักปราชญ์ 
LOG (lattice-best-path[5.5.0~1494-e5a5]:main():lattice-best-path.cc:99) For utterance M0000000085_0029, best cost 39.4821 + 2088.86 = 2128.35 over 153 frames.
M0000000085_0029 จะ จะ หรือ อย่าง 
LOG (lattice-best-path[5.5.0~1494-e5a5]:main():lattice-best-path.cc:99) For utterance M0000000085_0030, best cost 44.1691 + 2262.46 = 2306.62 over 167 frames.
M0000000085_0030 รวม อะไร ใน บาง 
LOG (lattice-best-path[5.5.0~1494-e5a5]:main():lattice-best-path.cc:99) For utterance M0000000085_0031, best cost 51.0798 + 2427.62 = 2478.7 over 171 frames.
M0000000085_0031 อาหาร จังหวัด กิน ลง 
LOG (lattice-best-path[5.5.0~1494-e5a5]:main():lattice-best-path.cc:99) For utterance M0000000085_0032, best cost 60.3423 + 2361.32 = 2421.67 over 171 frames.
M0000000085_0032 ตย. เรา อีก นั่ง ใหม่ๆ 
LOG (lattice-best-path[5.5.0~1494-e5a5]:main():lattice-best-path.cc:99) For utterance M0000000085_0033, best cost 31.9129 + 1780.79 = 1812.7 over 126 frames.
M0000000085_0033 ใหม่ๆ จัดซื้อ 
LOG (lattice-best-path[5.5.0~1494-e5a5]:main():lattice-best-path.cc:99) For utterance M0000000085_0034, best cost 30.0694 + 2030.6 = 2060.67 over 150 frames.
M0000000085_0034 หลอด ปานกลาง 
LOG (lattice-best-path[5.5.0~1494-e5a5]:main():lattice-best-path.cc:99) For utterance M0000000085_0035, best cost 44.681 + 1870.7 = 1915.38 over 135 frames.
M0000000085_0035 ไม่ กิน แล้ว ออก 
LOG (lattice-best-path[5.5.0~1494-e5a5]:main():lattice-best-path.cc:99) For utterance M0000000085_0036, best cost 47.3348 + 2499.07 = 2546.41 over 179 frames.
M0000000085_0036 ของ เปลี่ยน ไม่ น้อง 
LOG (lattice-best-path[5.5.0~1494-e5a5]:main():lattice-best-path.cc:99) For utterance M0000000085_0037, best cost 44.8046 + 2005.98 = 2050.79 over 147 frames.
M0000000085_0037 ไม่ เอา เรา หลัก 
LOG (lattice-best-path[5.5.0~1494-e5a5]:main():lattice-best-path.cc:99) For utterance M0000000085_0038, best cost 41.4697 + 2135.87 = 2177.34 over 150 frames.
M0000000085_0038 ปรุง เขา ลอง 
LOG (lattice-best-path[5.5.0~1494-e5a5]:main():lattice-best-path.cc:99) For utterance M0000000085_0039, best cost 40.8932 + 2529.24 = 2570.13 over 177 frames.
M0000000085_0039 ย้าย องศา หนัก 
LOG (lattice-best-path[5.5.0~1494-e5a5]:main():lattice-best-path.cc:99) For utterance M0000000085_0040, best cost 49.5146 + 2228.94 = 2278.45 over 156 frames.
M0000000085_0040 ย้าย เป็นต้น ต้อง หนัก 
LOG (lattice-best-path[5.5.0~1494-e5a5]:main():lattice-best-path.cc:99) For utterance M0000000085_0041, best cost 73.1242 + 2950.48 = 3023.61 over 209 frames.
M0000000085_0041 แอดเดรส ตัว นั้น วัด ต้น อะไร 
LOG (lattice-best-path[5.5.0~1494-e5a5]:main():lattice-best-path.cc:99) For utterance M0000000085_0042, best cost 41.1483 + 2330.66 = 2371.81 over 162 frames.
M0000000085_0042 ย่าน ย้าย เป็น 
LOG (lattice-best-path[5.5.0~1494-e5a5]:main():lattice-best-path.cc:99) For utterance M0000000085_0043, best cost 49.6219 + 1992.18 = 2041.8 over 146 frames.
M0000000085_0043 ชั้น บน วาง ใหม่ๆ 
LOG (lattice-best-path[5.5.0~1494-e5a5]:main():lattice-best-path.cc:99) For utterance M0000000085_0044, best cost 34.4906 + 2001.85 = 2036.34 over 146 frames.
M0000000085_0044 เก็บ ต่างๆ ด้วย 
LOG (lattice-best-path[5.5.0~1494-e5a5]:main():lattice-best-path.cc:99) For utterance M0000000085_0045, best cost 56.2677 + 2707 = 2763.26 over 183 frames.
M0000000085_0045 ละ บัตร ที่ ดิบ หลายๆ 
LOG (lattice-best-path[5.5.0~1494-e5a5]:main():lattice-best-path.cc:99) For utterance M0000000085_0046, best cost 21.4522 + 2072.13 = 2093.59 over 144 frames.
M0000000085_0046 อธิบาย 
LOG (lattice-best-path[5.5.0~1494-e5a5]:main():lattice-best-path.cc:99) For utterance M0000000085_0047, best cost 50.9022 + 2331.47 = 2382.37 over 159 frames.
M0000000085_0047 จะ แกน ได้ เป็น ใดๆ 
LOG (lattice-best-path[5.5.0~1494-e5a5]:main():lattice-best-path.cc:99) For utterance M0000000085_0048, best cost 63.278 + 2643.39 = 2706.67 over 186 frames.
M0000000085_0048 มี บน หมด จะ ไหล ใหม่ๆ 
LOG (lattice-best-path[5.5.0~1494-e5a5]:main():lattice-best-path.cc:99) For utterance M0000000085_0049, best cost 38.0945 + 1893.59 = 1931.68 over 137 frames.
M0000000085_0049 ไม่ เอา เลย 
LOG (lattice-best-path[5.5.0~1494-e5a5]:main():lattice-best-path.cc:99) For utterance M0000000085_0050, best cost 45.2129 + 1981.38 = 2026.59 over 143 frames.
M0000000085_0050 ลด จัด ย่าน มาก 
LOG (lattice-best-path[5.5.0~1494-e5a5]:main():lattice-best-path.cc:99) For utterance M0000000085_0051, best cost 52.3717 + 2047.16 = 2099.54 over 144 frames.
M0000000085_0051 ปาก เช่น ไม่ นี้ ข่าว 
LOG (lattice-best-path[5.5.0~1494-e5a5]:main():lattice-best-path.cc:99) For utterance M0000000085_0052, best cost 43.3312 + 2195.2 = 2238.53 over 149 frames.
M0000000085_0052 เผ็ด เดิน ไป เพราะ 
LOG (lattice-best-path[5.5.0~1494-e5a5]:main():lattice-best-path.cc:99) For utterance M0000000085_0053, best cost 54.9443 + 2456.92 = 2511.87 over 173 frames.
M0000000085_0053 วันนี้ อะไร มัก แร่ธาตุ 
LOG (lattice-best-path[5.5.0~1494-e5a5]:main():lattice-best-path.cc:99) For utterance M0000000085_0054, best cost 36.4933 + 1837.39 = 1873.88 over 131 frames.
M0000000085_0054 ติด ด้วย ก่อน 
LOG (lattice-best-path[5.5.0~1494-e5a5]:main():lattice-best-path.cc:99) For utterance M0000000085_0055, best cost 29.9235 + 1943.26 = 1973.18 over 141 frames.
M0000000085_0055 พระองค์ ไว้ 
LOG (lattice-best-path[5.5.0~1494-e5a5]:main():lattice-best-path.cc:99) For utterance M0000000085_0056, best cost 91.9194 + 3387.78 = 3479.7 over 237 frames.
M0000000085_0056 จึง เครื่อง ด้าน หลัก หลัก ซึ่ง เดียว หรือ ไม่ 
LOG (lattice-best-path[5.5.0~1494-e5a5]:main():lattice-best-path.cc:99) For utterance M0000000085_0057, best cost 31.3211 + 1882.35 = 1913.67 over 134 frames.
M0000000085_0057 ไม่ ต้อง กลอน 
LOG (lattice-best-path[5.5.0~1494-e5a5]:main():lattice-best-path.cc:99) For utterance M0000000085_0058, best cost 45.1767 + 2118.58 = 2163.76 over 156 frames.
M0000000085_0058 หลัง การ ใน ไม้ 
LOG (lattice-best-path[5.5.0~1494-e5a5]:main():lattice-best-path.cc:99) For utterance M0000000085_0059, best cost 54.7793 + 2810.99 = 2865.76 over 192 frames.
M0000000085_0059 กับ เท่าๆ หมด สัตว์ ร้าย 
LOG (lattice-best-path[5.5.0~1494-e5a5]:main():lattice-best-path.cc:99) For utterance M0000000085_0060, best cost 61.7699 + 2705.44 = 2767.21 over 186 frames.
M0000000085_0060 ต้อง นำ องค์ รส มากมาย 
LOG (lattice-best-path[5.5.0~1494-e5a5]:main():lattice-best-path.cc:99) For utterance M0000000085_0061, best cost 41.6734 + 2337.92 = 2379.59 over 164 frames.
M0000000085_0061 อ้วน การ หรือ เพราะ 
LOG (lattice-best-path[5.5.0~1494-e5a5]:main():lattice-best-path.cc:99) For utterance M0000000085_0062, best cost 45.0969 + 2021.1 = 2066.2 over 144 frames.
M0000000085_0062 มี ของ เรียก ใหม่ๆ 
LOG (lattice-best-path[5.5.0~1494-e5a5]:main():lattice-best-path.cc:99) For utterance M0000000085_0063, best cost 51.2537 + 2194.2 = 2245.45 over 155 frames.
M0000000085_0063 ไม่ เหล่านี้ อะไร ไม้ 
LOG (lattice-best-path[5.5.0~1494-e5a5]:main():lattice-best-path.cc:99) For utterance M0000000085_0064, best cost 33.9333 + 2285.8 = 2319.73 over 161 frames.
M0000000085_0064 ซ้อน กัน เรียก 
LOG (lattice-best-path[5.5.0~1494-e5a5]:main():lattice-best-path.cc:99) For utterance M0000000085_0065, best cost 42.0522 + 2355.71 = 2397.76 over 164 frames.
M0000000085_0065 ข้อดี โชคลาง น้อย 
LOG (lattice-best-path[5.5.0~1494-e5a5]:main():lattice-best-path.cc:99) For utterance M0000000085_0066, best cost 42.0092 + 2109.31 = 2151.32 over 144 frames.
M0000000085_0066 เป็น เตรียม หมด 
LOG (lattice-best-path[5.5.0~1494-e5a5]:main():lattice-best-path.cc:99) For utterance M0000000085_0067, best cost 35.9188 + 2238.3 = 2274.22 over 161 frames.
M0000000085_0067 ของ มี อนึ่ง 
LOG (lattice-best-path[5.5.0~1494-e5a5]:main():lattice-best-path.cc:99) For utterance M0000000085_0068, best cost 52.1186 + 2625.92 = 2678.04 over 185 frames.
M0000000085_0068 ขอ จาน แบ่ง ต้องการ 
LOG (lattice-best-path[5.5.0~1494-e5a5]:main():lattice-best-path.cc:99) For utterance M0000000085_0069, best cost 43.3762 + 2237.85 = 2281.22 over 164 frames.
M0000000085_0069 มี ที่ หลัง เคลื่อนไหว 
LOG (lattice-best-path[5.5.0~1494-e5a5]:main():lattice-best-path.cc:99) For utterance M0000000085_0070, best cost 34.0528 + 2306.31 = 2340.36 over 162 frames.
M0000000085_0070 แคระแกร็น รังสี 
LOG (lattice-best-path[5.5.0~1494-e5a5]:main():lattice-best-path.cc:99) For utterance M0000000085_0071, best cost 67.2904 + 2446.99 = 2514.28 over 164 frames.
M0000000085_0071 ล้าน นี้ มี คง วิภา ใหม่ๆ 
LOG (lattice-best-path[5.5.0~1494-e5a5]:main():lattice-best-path.cc:99) For utterance M0000000085_0072, best cost 64.0271 + 2789.78 = 2853.8 over 191 frames.
M0000000085_0072 คน กิ่งไม้ กิน บ่อยๆ หลาย 
LOG (lattice-best-path[5.5.0~1494-e5a5]:main():lattice-best-path.cc:99) For utterance M0000000085_0073, best cost 61.8613 + 3174.9 = 3236.76 over 224 frames.
M0000000085_0073 ผ่าน ไอ ระหว่าง ร้านอาหาร หนัก 
LOG (lattice-best-path[5.5.0~1494-e5a5]:main():lattice-best-path.cc:99) For utterance M0000000085_0074, best cost 41.8376 + 2061.25 = 2103.09 over 144 frames.
M0000000085_0074 หลัก จะ ใหม่ๆ 
LOG (lattice-best-path[5.5.0~1494-e5a5]:main():lattice-best-path.cc:99) For utterance M0000000085_0075, best cost 51.9834 + 3003.35 = 3055.34 over 201 frames.
M0000000085_0075 ยา สำนักงาน ต่อ หลาย 
LOG (lattice-best-path[5.5.0~1494-e5a5]:main():lattice-best-path.cc:99) For utterance M0000000085_0076, best cost 64.3525 + 2658.14 = 2722.49 over 188 frames.
M0000000085_0076 ยัง ไม่ ดิน เนื้อหา หลัก ไม่ 
LOG (lattice-best-path[5.5.0~1494-e5a5]:main():lattice-best-path.cc:99) For utterance M0000000085_0077, best cost 38.8803 + 3332.23 = 3371.11 over 231 frames.
M0000000085_0077 หลังจากนั้น อะไร 
LOG (lattice-best-path[5.5.0~1494-e5a5]:main():lattice-best-path.cc:99) For utterance M0000000085_0078, best cost 65.4302 + 3040.59 = 3106.02 over 206 frames.
M0000000085_0078 ยาก เสื้อ ล้าน ออก อะไร 
LOG (lattice-best-path[5.5.0~1494-e5a5]:main():lattice-best-path.cc:99) For utterance M0000000085_0079, best cost 53.7263 + 2311.25 = 2364.97 over 176 frames.
M0000000085_0079 ข่าย สั้น ฉาย ไม้ 
LOG (lattice-best-path[5.5.0~1494-e5a5]:main():lattice-best-path.cc:99) For utterance M0000000085_0080, best cost 70.3456 + 3109.21 = 3179.55 over 218 frames.
M0000000085_0080 ยาก ด้วย สาขา บาง ดรัม ใน 
LOG (lattice-best-path[5.5.0~1494-e5a5]:main():lattice-best-path.cc:99) For utterance M0000000085_0081, best cost 76.1801 + 4115.48 = 4191.66 over 290 frames.
M0000000085_0081 โต ส่วน การ ยัง ได้ ใคร ไม้ 
LOG (lattice-best-path[5.5.0~1494-e5a5]:main():lattice-best-path.cc:99) For utterance M0000000085_0082, best cost 75.5767 + 3452.87 = 3528.45 over 243 frames.
M0000000085_0082 มัก จะ ไป ด้วย ล้าน ตรง เสีย หนัก 
LOG (lattice-best-path[5.5.0~1494-e5a5]:main():lattice-best-path.cc:99) For utterance M0000000085_0083, best cost 45.4376 + 2683.73 = 2729.17 over 191 frames.
M0000000085_0083 หรือ เดียว ใช้ บิน ไล่ 
LOG (lattice-best-path[5.5.0~1494-e5a5]:main():lattice-best-path.cc:99) For utterance M0000000085_0084, best cost 50.0378 + 2357.11 = 2407.15 over 164 frames.
M0000000085_0084 ซึ่ง จะ ที่ เป็น ใช้ บาง 
LOG (lattice-best-path[5.5.0~1494-e5a5]:main():lattice-best-path.cc:99) For utterance M0000000085_0085, best cost 61.5748 + 2767.7 = 2829.28 over 203 frames.
M0000000085_0085 เขา อาหาร และ ได้ ดี ร้าย 
LOG (lattice-best-path[5.5.0~1494-e5a5]:main():lattice-best-path.cc:99) For utterance M0000000085_0086, best cost 55.2351 + 2846.05 = 2901.29 over 203 frames.
M0000000085_0086 วัน ร้าย อายุ เปล่า 
LOG (lattice-best-path[5.5.0~1494-e5a5]:main():lattice-best-path.cc:99) For utterance M0000000085_0087, best cost 52.9424 + 2385.15 = 2438.09 over 176 frames.
M0000000085_0087 เปลี่ยน ใน ยก เป็น วัย 
LOG (lattice-best-path[5.5.0~1494-e5a5]:main():lattice-best-path.cc:99) For utterance M0000000085_0088, best cost 60.7059 + 2637.93 = 2698.63 over 179 frames.
M0000000085_0088 ใช้ หนู หยด จาก ที่ ใน 
LOG (lattice-best-path[5.5.0~1494-e5a5]:main():lattice-best-path.cc:99) For utterance M0000000085_0089, best cost 57.8939 + 2366.6 = 2424.49 over 167 frames.
M0000000085_0089 ต้อง ใส่ น้ำตาล ที่ สอน 
LOG (lattice-best-path[5.5.0~1494-e5a5]:main():lattice-best-path.cc:99) For utterance M0000000085_0090, best cost 33.6548 + 2924.08 = 2957.73 over 203 frames.
M0000000085_0090 แต่ละ เพราะ 
LOG (lattice-best-path[5.5.0~1494-e5a5]:main():lattice-best-path.cc:99) For utterance M0000000085_0091, best cost 22.5077 + 2434.45 = 2456.96 over 161 frames.
M0000000085_0091 บางๆ 
LOG (lattice-best-path[5.5.0~1494-e5a5]:main():lattice-best-path.cc:99) For utterance M0000000085_0092, best cost 38.329 + 2067.66 = 2105.98 over 147 frames.
M0000000085_0092 ใส่ มุง เรา 
LOG (lattice-best-path[5.5.0~1494-e5a5]:main():lattice-best-path.cc:99) For utterance M0000000085_0093, best cost 48.0101 + 2111.07 = 2159.08 over 152 frames.
M0000000085_0093 เอา กัน รายการ หนึ่ง 
LOG (lattice-best-path[5.5.0~1494-e5a5]:main():lattice-best-path.cc:99) For utterance M0000000085_0094, best cost 45.4721 + 2790.19 = 2835.66 over 198 frames.
M0000000085_0094 อ่าว รส รัฐ หนึ่ง 
LOG (lattice-best-path[5.5.0~1494-e5a5]:main():lattice-best-path.cc:99) For utterance M0000000085_0095, best cost 67.7747 + 2784.37 = 2852.15 over 200 frames.
M0000000085_0095 ทั้ง บน หลอดไฟ หวาน ใน ไม่ 
LOG (lattice-best-path[5.5.0~1494-e5a5]:main():lattice-best-path.cc:99) For utterance M0000000085_0096, best cost 44.8819 + 2978.25 = 3023.13 over 194 frames.
M0000000085_0096 กิน ไว้ หนึ่ง 
LOG (lattice-best-path[5.5.0~1494-e5a5]:main():lattice-best-path.cc:99) For utterance M0000000085_0097, best cost 56.282 + 2419.14 = 2475.42 over 167 frames.
M0000000085_0097 มา ส่ง ที่ ของแข็ง น้อย 
LOG (lattice-best-path[5.5.0~1494-e5a5]:main():lattice-best-path.cc:99) For utterance M0000000085_0098, best cost 61.2666 + 2671.53 = 2732.8 over 189 frames.
M0000000085_0098 มา ส่ง ที่ บันได เล็ก 
LOG (lattice-best-path[5.5.0~1494-e5a5]:main():lattice-best-path.cc:99) For utterance M0000000085_0099, best cost 51.0941 + 2031.9 = 2082.99 over 138 frames.
M0000000085_0099 เดียว ลง ไป เอา หลัก 
LOG (lattice-best-path[5.5.0~1494-e5a5]:main():lattice-best-path.cc:99) For utterance M0000000085_0100, best cost 50.6622 + 2856.23 = 2906.89 over 206 frames.
M0000000085_0100 เรือ เดิน เรา ล้าน หนัก 
LOG (lattice-best-path[5.5.0~1494-e5a5]:main():lattice-best-path.cc:99) For utterance M0000000085_0101, best cost 89.8799 + 3915.2 = 4005.08 over 266 frames.
M0000000085_0101 อยู่ ใส่ จะ ค่า แล้ว อะไร รายการ หนึ่ง 
LOG (lattice-best-path[5.5.0~1494-e5a5]:main():lattice-best-path.cc:99) For utterance M0000000105_0000, best cost 33.0727 + 2232.88 = 2265.95 over 178 frames.
M0000000105_0000 วาด หรือ 
LOG (lattice-best-path[5.5.0~1494-e5a5]:main():lattice-best-path.cc:99) For utterance M0000000105_0001, best cost 88.7373 + 4728.51 = 4817.25 over 366 frames.
M0000000105_0001 วาด ต่อ ล้าน นา หนึ่ง จาน 
LOG (lattice-best-path[5.5.0~1494-e5a5]:main():lattice-best-path.cc:99) For utterance M0000000105_0002, best cost 96.3391 + 4219.02 = 4315.36 over 314 frames.
M0000000105_0002 ออก ก็ เรา เกย ใคร เปล่า หนึ่ง สาร 
LOG (lattice-best-path[5.5.0~1494-e5a5]:main():lattice-best-path.cc:99) For utterance M0000000105_0003, best cost 64.7199 + 3514.05 = 3578.77 over 257 frames.
M0000000105_0003 ผสม ต่ำ ผลึก บัตร เครื่อง 
LOG (lattice-best-path[5.5.0~1494-e5a5]:main():lattice-best-path.cc:99) For utterance M0000000105_0004, best cost 89.7994 + 4000.01 = 4089.81 over 316 frames.
M0000000105_0004 เรา พัด หนู ไถ ใคร เปล่าๆ ก้าม 
LOG (lattice-best-path[5.5.0~1494-e5a5]:main():lattice-best-path.cc:99) For utterance M0000000105_0005, best cost 78.0493 + 4012.68 = 4090.73 over 309 frames.
M0000000105_0005 เอา หัว ไป สาย ดู จาน 
LOG (lattice-best-path[5.5.0~1494-e5a5]:main():lattice-best-path.cc:99) For utterance M0000000105_0006, best cost 41.7239 + 2877.18 = 2918.9 over 220 frames.
M0000000105_0006 พวก ควร เดิน 
LOG (lattice-best-path[5.5.0~1494-e5a5]:main():lattice-best-path.cc:99) For utterance M0000000105_0007, best cost 82.2322 + 3444.83 = 3527.06 over 271 frames.
M0000000105_0007 มัน แข็ง ว่า ออก แก่ เรา หนึ่ง 
LOG (lattice-best-path[5.5.0~1494-e5a5]:main():lattice-best-path.cc:99) For utterance M0000000105_0008, best cost 70.5004 + 4440.02 = 4510.52 over 350 frames.
M0000000105_0008 น้ำ เปล่าๆ หนึ่ง สำคัญ สอง 
LOG (lattice-best-path[5.5.0~1494-e5a5]:main():lattice-best-path.cc:99) For utterance M0000000105_0009, best cost 51.7033 + 3280.59 = 3332.29 over 252 frames.
M0000000105_0009 ของ สำคัญ ทั้ง หนึ่ง 
LOG (lattice-best-path[5.5.0~1494-e5a5]:main():lattice-best-path.cc:99) For utterance M0000000105_0010, best cost 40.4298 + 2905.08 = 2945.51 over 235 frames.
M0000000105_0010 ของ หลอด น้อย 
LOG (lattice-best-path[5.5.0~1494-e5a5]:main():lattice-best-path.cc:99) For utterance M0000000105_0011, best cost 49.6594 + 2292.96 = 2342.62 over 178 frames.
M0000000105_0011 มาก หาก คน รับ 
LOG (lattice-best-path[5.5.0~1494-e5a5]:main():lattice-best-path.cc:99) For utterance M0000000105_0012, best cost 51.676 + 2433.78 = 2485.45 over 172 frames.
M0000000105_0012 สาร โต๊ะ เสียง พรึง 
LOG (lattice-best-path[5.5.0~1494-e5a5]:main():lattice-best-path.cc:99) For utterance M0000000105_0013, best cost 112.186 + 8725.73 = 8837.92 over 646 frames.
M0000000105_0013 ไถ สอง ชิพ ของ แพทย์ สอง ผม ควร 
LOG (lattice-best-path[5.5.0~1494-e5a5]:main():lattice-best-path.cc:99) For utterance M0000000105_0014, best cost 47.3358 + 2773.26 = 2820.6 over 213 frames.
M0000000105_0014 ซอส โต ตัด 
LOG (lattice-best-path[5.5.0~1494-e5a5]:main():lattice-best-path.cc:99) For utterance M0000000105_0015, best cost 52.3884 + 3220.38 = 3272.77 over 252 frames.
M0000000105_0015 เพราะ นั่ง กรง นาน นัก 
LOG (lattice-best-path[5.5.0~1494-e5a5]:main():lattice-best-path.cc:99) For utterance M0000000105_0016, best cost 64.9248 + 3436.05 = 3500.97 over 252 frames.
M0000000105_0016 เพราะ นั่ง เป็น ประจุ มัก 
LOG (lattice-best-path[5.5.0~1494-e5a5]:main():lattice-best-path.cc:99) For utterance M0000000105_0017, best cost 59.5628 + 2467.11 = 2526.67 over 193 frames.
M0000000105_0017 พอ นั่ง ตาย แล หนัก 
LOG (lattice-best-path[5.5.0~1494-e5a5]:main():lattice-best-path.cc:99) For utterance M0000000105_0018, best cost 59.9821 + 3217.55 = 3277.53 over 238 frames.
M0000000105_0018 พบ ก่อน หรือ สรุป นอน 
LOG (lattice-best-path[5.5.0~1494-e5a5]:main():lattice-best-path.cc:99) For utterance M0000000105_0019, best cost 56.8171 + 3198.1 = 3254.91 over 236 frames.
M0000000105_0019 ก่อน หลาย ไป ตก นาน นัก 
LOG (lattice-best-path[5.5.0~1494-e5a5]:main():lattice-best-path.cc:99) For utterance M0000000105_0020, best cost 50.7839 + 2414.37 = 2465.15 over 190 frames.
M0000000105_0020 ปลูก บาป ไป นาย 
LOG (lattice-best-path[5.5.0~1494-e5a5]:main():lattice-best-path.cc:99) For utterance M0000000105_0021, best cost 39.683 + 1780.68 = 1820.37 over 142 frames.
M0000000105_0021 นา กิน ต่าง 
LOG (lattice-best-path[5.5.0~1494-e5a5]:main():lattice-best-path.cc:99) For utterance M0000000105_0022, best cost 50.9415 + 2266.85 = 2317.79 over 176 frames.
M0000000105_0022 เชิง ได้ ไม้ หาก 
LOG (lattice-best-path[5.5.0~1494-e5a5]:main():lattice-best-path.cc:99) For utterance M0000000105_0023, best cost 93.9174 + 3590.62 = 3684.53 over 273 frames.
M0000000105_0023 เพราะ หาร ไพเราะ ไว้ เหมือน คน ข่าย ไม้ 
LOG (lattice-best-path[5.5.0~1494-e5a5]:main():lattice-best-path.cc:99) For utterance M0000000105_0024, best cost 48.3868 + 2686.33 = 2734.71 over 201 frames.
M0000000105_0024 ออก เครื่อง ปรุง น้อย 
LOG (lattice-best-path[5.5.0~1494-e5a5]:main():lattice-best-path.cc:99) For utterance M0000000105_0025, best cost 28.9607 + 1506.84 = 1535.8 over 111 frames.
M0000000105_0025 เรียก หมด 
LOG (lattice-best-path[5.5.0~1494-e5a5]:main():lattice-best-path.cc:99) For utterance M0000000105_0026, best cost 70.2069 + 3722.81 = 3793.02 over 292 frames.
M0000000105_0026 มี น้ำ เตรียม ซุก ที่ ไม้ 
LOG (lattice-best-path[5.5.0~1494-e5a5]:main():lattice-best-path.cc:99) For utterance M0000000105_0027, best cost 86.2454 + 4907.24 = 4993.49 over 373 frames.
M0000000105_0027 เอา ซอส มัก ประเทศ ให้ นอน จาก 
LOG (lattice-best-path[5.5.0~1494-e5a5]:main():lattice-best-path.cc:99) For utterance M0000000105_0028, best cost 71.7849 + 3960.2 = 4031.98 over 298 frames.
M0000000105_0028 เพราะ นำ จึง เพิ่ม น้อย ครอบ 
LOG (lattice-best-path[5.5.0~1494-e5a5]:main():lattice-best-path.cc:99) For utterance M0000000105_0029, best cost 51.0665 + 2782.36 = 2833.43 over 216 frames.
M0000000105_0029 จะ ผศ. มือ ยัง 
LOG (lattice-best-path[5.5.0~1494-e5a5]:main():lattice-best-path.cc:99) For utterance M0000000105_0030, best cost 46.2633 + 2762.46 = 2808.73 over 212 frames.
M0000000105_0030 พวก อะไร ได้ บ้าง 
LOG (lattice-best-path[5.5.0~1494-e5a5]:main():lattice-best-path.cc:99) For utterance M0000000105_0031, best cost 66.0657 + 3230.14 = 3296.2 over 255 frames.
M0000000105_0031 ว่า หาร จะ มาก ที่ มุง 
LOG (lattice-best-path[5.5.0~1494-e5a5]:main():lattice-best-path.cc:99) For utterance M0000000105_0032, best cost 55.9566 + 3382.47 = 3438.42 over 267 frames.
M0000000105_0032 ต้อง อีก ด้าน ไม่ 
LOG (lattice-best-path[5.5.0~1494-e5a5]:main():lattice-best-path.cc:99) For utterance M0000000105_0033, best cost 46.3946 + 2698.25 = 2744.65 over 215 frames.
M0000000105_0033 เมื่อ ปลาย จะ เศษ 
LOG (lattice-best-path[5.5.0~1494-e5a5]:main():lattice-best-path.cc:99) For utterance M0000000105_0034, best cost 40.7727 + 2444.44 = 2485.22 over 198 frames.
M0000000105_0034 เปราะ นั้น สร้าง 
LOG (lattice-best-path[5.5.0~1494-e5a5]:main():lattice-best-path.cc:99) For utterance M0000000105_0035, best cost 43.0137 + 2954.95 = 2997.96 over 249 frames.
M0000000105_0035 ใหม่ๆ ทิ้ง แล้ว 
LOG (lattice-best-path[5.5.0~1494-e5a5]:main():lattice-best-path.cc:99) For utterance M0000000105_0036, best cost 55.9605 + 2824.36 = 2880.33 over 221 frames.
M0000000105_0036 ขอบ เตรียม เรือน รู้ 
LOG (lattice-best-path[5.5.0~1494-e5a5]:main():lattice-best-path.cc:99) For utterance M0000000105_0037, best cost 55.0791 + 2680.24 = 2735.32 over 209 frames.
M0000000105_0037 ใหม่ๆ เอา แล้ว ทราบ 
LOG (lattice-best-path[5.5.0~1494-e5a5]:main():lattice-best-path.cc:99) For utterance M0000000105_0038, best cost 46.1938 + 3850.13 = 3896.32 over 307 frames.
M0000000105_0038 ปลูก ข้าว อยู่ 
LOG (lattice-best-path[5.5.0~1494-e5a5]:main():lattice-best-path.cc:99) For utterance M0000000105_0039, best cost 57.6009 + 3013.24 = 3070.84 over 234 frames.
M0000000105_0039 หลาย ไป โต๊ะ ซอส หนัก 
LOG (lattice-best-path[5.5.0~1494-e5a5]:main():lattice-best-path.cc:99) For utterance M0000000105_0040, best cost 43.9736 + 3227.66 = 3271.63 over 245 frames.
M0000000105_0040 ได้ ไป ตก หนัก 
LOG (lattice-best-path[5.5.0~1494-e5a5]:main():lattice-best-path.cc:99) For utterance M0000000105_0041, best cost 96.7382 + 4928.66 = 5025.39 over 385 frames.
M0000000105_0041 เอา โป๊ะ ตัว นั้น มาก ออก ใบ ใบ 
LOG (lattice-best-path[5.5.0~1494-e5a5]:main():lattice-best-path.cc:99) For utterance M0000000105_0042, best cost 60.3072 + 3649.83 = 3710.14 over 279 frames.
M0000000105_0042 จะ ได้ ไป หรือ ของ แกน 
LOG (lattice-best-path[5.5.0~1494-e5a5]:main():lattice-best-path.cc:99) For utterance M0000000105_0043, best cost 53.6762 + 3317.39 = 3371.07 over 264 frames.
M0000000105_0043 ชั้น บน วาง ไม้ 
LOG (lattice-best-path[5.5.0~1494-e5a5]:main():lattice-best-path.cc:99) For utterance M0000000105_0044, best cost 51.2007 + 2443.36 = 2494.56 over 190 frames.
M0000000105_0044 เก็บ ต่าง รู้ ไว้ 
LOG (lattice-best-path[5.5.0~1494-e5a5]:main():lattice-best-path.cc:99) For utterance M0000000105_0045, best cost 62.9342 + 3509.98 = 3572.92 over 280 frames.
M0000000105_0045 ปรับ บัตร หรือ ดิบ ไม่ 
LOG (lattice-best-path[5.5.0~1494-e5a5]:main():lattice-best-path.cc:99) For utterance M0000000105_0046, best cost 40.539 + 2332.94 = 2373.47 over 187 frames.
M0000000105_0046 ที่ ไถ ไป 
LOG (lattice-best-path[5.5.0~1494-e5a5]:main():lattice-best-path.cc:99) For utterance M0000000105_0047, best cost 63.6448 + 3092.52 = 3156.16 over 236 frames.
M0000000105_0047 จะ แกน จาน บัตร แปะ 
LOG (lattice-best-path[5.5.0~1494-e5a5]:main():lattice-best-path.cc:99) For utterance M0000000105_0048, best cost 87.6764 + 4150.69 = 4238.37 over 325 frames.
M0000000105_0048 มี ไถ รม หมด ผ่าน ไหล ไม้ 
LOG (lattice-best-path[5.5.0~1494-e5a5]:main():lattice-best-path.cc:99) For utterance M0000000105_0049, best cost 46.6889 + 2795.56 = 2842.25 over 220 frames.
M0000000105_0049 ไม้ เอา น้อย 
LOG (lattice-best-path[5.5.0~1494-e5a5]:main():lattice-best-path.cc:99) For utterance M0000000105_0050, best cost 52.2441 + 2589.69 = 2641.94 over 205 frames.
M0000000105_0050 ปวด ช้า อาจ แหล่ง มาก 
LOG (lattice-best-path[5.5.0~1494-e5a5]:main():lattice-best-path.cc:99) For utterance M0000000105_0051, best cost 58.4644 + 3716.49 = 3774.95 over 305 frames.
M0000000105_0051 วาง เข็ม เหม็น เขา 
LOG (lattice-best-path[5.5.0~1494-e5a5]:main():lattice-best-path.cc:99) For utterance M0000000105_0052, best cost 46.7355 + 2862.74 = 2909.47 over 220 frames.
M0000000105_0052 เกิด เกิน ไป ปรับ 
LOG (lattice-best-path[5.5.0~1494-e5a5]:main():lattice-best-path.cc:99) For utterance M0000000105_0053, best cost 89.3918 + 4762.61 = 4852 over 376 frames.
M0000000105_0053 วัน มี ไถ เอา รอย มาก หรือ เพราะ 
LOG (lattice-best-path[5.5.0~1494-e5a5]:main():lattice-best-path.cc:99) For utterance M0000000105_0054, best cost 40.4687 + 2382.08 = 2422.54 over 194 frames.
M0000000105_0054 ติด ไว้ ก่อน 
LOG (lattice-best-path[5.5.0~1494-e5a5]:main():lattice-best-path.cc:99) For utterance M0000000105_0055, best cost 58.5692 + 2610.53 = 2669.1 over 202 frames.
M0000000105_0055 ผ่าน หาก โขลก มา ให้ 
LOG (lattice-best-path[5.5.0~1494-e5a5]:main():lattice-best-path.cc:99) For utterance M0000000105_0056, best cost 109.911 + 5754.71 = 5864.62 over 450 frames.
M0000000105_0056 ทิ้ง ขึ้น ก๊าซ รักษา อาจ ขึ้น ยก ได้ ไม้ 
LOG (lattice-best-path[5.5.0~1494-e5a5]:main():lattice-best-path.cc:99) For utterance M0000000105_0057, best cost 42.1236 + 2315.17 = 2357.3 over 187 frames.
M0000000105_0057 ไม้ ต้อง ผล 
LOG (lattice-best-path[5.5.0~1494-e5a5]:main():lattice-best-path.cc:99) For utterance M0000000105_0058, best cost 49.5196 + 2733.56 = 2783.08 over 215 frames.
M0000000105_0058 บางๆ ตาม ได้ ไม้ 
LOG (lattice-best-path[5.5.0~1494-e5a5]:main():lattice-best-path.cc:99) For utterance M0000000105_0059, best cost 64.6339 + 3518.73 = 3583.36 over 273 frames.
M0000000105_0059 กับ เพราะ วง สับ เท่าไร 
LOG (lattice-best-path[5.5.0~1494-e5a5]:main():lattice-best-path.cc:99) For utterance M0000000105_0060, best cost 70.527 + 4286.53 = 4357.06 over 331 frames.
M0000000105_0060 ต้ม ย่าน องค์ เผ็ด มากมาย 
LOG (lattice-best-path[5.5.0~1494-e5a5]:main():lattice-best-path.cc:99) For utterance M0000000105_0061, best cost 61.44 + 3312.51 = 3373.95 over 256 frames.
M0000000105_0061 ผล ปลาย ได้ มัน ขับ 
LOG (lattice-best-path[5.5.0~1494-e5a5]:main():lattice-best-path.cc:99) For utterance M0000000105_0062, best cost 51.4437 + 2596.64 = 2648.08 over 209 frames.
M0000000105_0062 มี พร้อมๆ พื้น ไอ 
LOG (lattice-best-path[5.5.0~1494-e5a5]:main():lattice-best-path.cc:99) For utterance M0000000105_0063, best cost 89.8056 + 3422.92 = 3512.73 over 264 frames.
M0000000105_0063 เนื้อ หนู ไถ มี หรือ ไอ รอย ไม้ 
LOG (lattice-best-path[5.5.0~1494-e5a5]:main():lattice-best-path.cc:99) For utterance M0000000105_0064, best cost 36.2362 + 2920.25 = 2956.48 over 220 frames.
M0000000105_0064 ตอน เปล่าๆ 
LOG (lattice-best-path[5.5.0~1494-e5a5]:main():lattice-best-path.cc:99) For utterance M0000000105_0065, best cost 70.2946 + 3500.83 = 3571.13 over 273 frames.
M0000000105_0065 ของ ทึบ ถูก เพราะ ลม น้อย 
LOG (lattice-best-path[5.5.0~1494-e5a5]:main():lattice-best-path.cc:99) For utterance M0000000105_0066, best cost 44.7012 + 2674.02 = 2718.72 over 194 frames.
M0000000105_0066 ประหยัด หมด รับ 
LOG (lattice-best-path[5.5.0~1494-e5a5]:main():lattice-best-path.cc:99) For utterance M0000000105_0067, best cost 49.4545 + 2773.36 = 2822.81 over 212 frames.
M0000000105_0067 ออก มี ไถ อนึ่ง 
LOG (lattice-best-path[5.5.0~1494-e5a5]:main():lattice-best-path.cc:99) For utterance M0000000105_0068, best cost 63.9578 + 3596.5 = 3660.46 over 279 frames.
M0000000105_0068 ออก จาน แบ่ง สอง การ 
LOG (lattice-best-path[5.5.0~1494-e5a5]:main():lattice-best-path.cc:99) For utterance M0000000105_0069, best cost 61.8086 + 3501.75 = 3563.56 over 272 frames.
M0000000105_0069 มี ที่ ล้าน หมื่น ไม้ 
LOG (lattice-best-path[5.5.0~1494-e5a5]:main():lattice-best-path.cc:99) For utterance M0000000105_0070, best cost 54.1807 + 2831.14 = 2885.32 over 219 frames.
M0000000105_0070 ออก เป็น รู น้อย สี 
LOG (lattice-best-path[5.5.0~1494-e5a5]:main():lattice-best-path.cc:99) For utterance M0000000105_0071, best cost 62.6765 + 4151.4 = 4214.08 over 320 frames.
M0000000105_0071 รัฐ หนึ่ง หรือ ขูด ไม้ 
LOG (lattice-best-path[5.5.0~1494-e5a5]:main():lattice-best-path.cc:99) For utterance M0000000105_0072, best cost 82.9553 + 4220.17 = 4303.13 over 332 frames.
M0000000105_0072 ผล ที่ เล่น มาก จึง บ่อยๆ ไม้ 
LOG (lattice-best-path[5.5.0~1494-e5a5]:main():lattice-best-path.cc:99) For utterance M0000000105_0073, best cost 88.4862 + 5017.01 = 5105.49 over 393 frames.
M0000000105_0073 ตาม ไป เปราะ วาง ทำ อาหาร ละ 
LOG (lattice-best-path[5.5.0~1494-e5a5]:main():lattice-best-path.cc:99) For utterance M0000000105_0074, best cost 54.2575 + 3236.4 = 3290.66 over 257 frames.
M0000000105_0074 ปรับ เดิน สำหรับ ไม่ 
LOG (lattice-best-path[5.5.0~1494-e5a5]:main():lattice-best-path.cc:99) For utterance M0000000105_0075, best cost 73.1629 + 4812.88 = 4886.05 over 378 frames.
M0000000105_0075 หลัก สำนักงาน ต้อง พายุ เท่าไร 
LOG (lattice-best-path[5.5.0~1494-e5a5]:main():lattice-best-path.cc:99) For utterance M0000000105_0076, best cost 77.12 + 4253.04 = 4330.16 over 330 frames.
M0000000105_0076 ยัง ไม่ จะ เลื่อน ประธาน ปรับ ไม้ 
LOG (lattice-best-path[5.5.0~1494-e5a5]:main():lattice-best-path.cc:99) For utterance M0000000105_0077, best cost 96.9613 + 5541.41 = 5638.38 over 435 frames.
M0000000105_0077 ไม่ มี อีก ต่าง หลัง การแพทย์ บัตร ไม้ 
LOG (lattice-best-path[5.5.0~1494-e5a5]:main():lattice-best-path.cc:99) For utterance M0000000105_0078, best cost 74.9354 + 4809.27 = 4884.2 over 373 frames.
M0000000105_0078 ยาก ร้อน ออก ข่าย เท่าไร 
LOG (lattice-best-path[5.5.0~1494-e5a5]:main():lattice-best-path.cc:99) For utterance M0000000105_0079, best cost 50.5611 + 3424.84 = 3475.4 over 266 frames.
M0000000105_0079 กลาย เป็น ฉาย ไม้ 
LOG (lattice-best-path[5.5.0~1494-e5a5]:main():lattice-best-path.cc:99) For utterance M0000000105_0080, best cost 97.3313 + 5123.83 = 5221.16 over 408 frames.
M0000000105_0080 ก๊าซ เปิด ซาก บาง ต้อง เท่าๆ ไม้ 
LOG (lattice-best-path[5.5.0~1494-e5a5]:main():lattice-best-path.cc:99) For utterance M0000000105_0081, best cost 100.823 + 4971.35 = 5072.17 over 394 frames.
M0000000105_0081 โต๊ะ สู่ ไว้ ต่าง ยาก หลาย ข่าย ไม่ 
LOG (lattice-best-path[5.5.0~1494-e5a5]:main():lattice-best-path.cc:99) For utterance M0000000105_0082, best cost 107.22 + 5437.26 = 5544.48 over 429 frames.
M0000000105_0082 นาย จะ ไป เปิด หวาน ตรง สี แยก นั้น 
LOG (lattice-best-path[5.5.0~1494-e5a5]:main():lattice-best-path.cc:99) For utterance M0000000105_0083, best cost 54.8982 + 3387.21 = 3442.11 over 257 frames.
M0000000105_0083 ยาว คล้าย ดี ใบ 
LOG (lattice-best-path[5.5.0~1494-e5a5]:main():lattice-best-path.cc:99) For utterance M0000000105_0084, best cost 67.6474 + 3533.27 = 3600.92 over 271 frames.
M0000000105_0084 ซิเทรต ยึด เดิน นาย บาง 
LOG (lattice-best-path[5.5.0~1494-e5a5]:main():lattice-best-path.cc:99) For utterance M0000000105_0085, best cost 84.1571 + 4283.85 = 4368.01 over 335 frames.
M0000000105_0085 ฝ่าย อาหาร ปลาย ได้ ดี ไถ ไม่ 
LOG (lattice-best-path[5.5.0~1494-e5a5]:main():lattice-best-path.cc:99) For utterance M0000000105_0086, best cost 80.5421 + 4202.91 = 4283.45 over 334 frames.
M0000000105_0086 หวาน หนึ่ง ข่าย หลายๆ เลือก กล่าว 
LOG (lattice-best-path[5.5.0~1494-e5a5]:main():lattice-best-path.cc:99) For utterance M0000000105_0087, best cost 63.3387 + 3349.9 = 3413.24 over 259 frames.
M0000000105_0087 เรือน นาย ยก ได้ ไม่ 
LOG (lattice-best-path[5.5.0~1494-e5a5]:main():lattice-best-path.cc:99) For utterance M0000000105_0088, best cost 65.5482 + 4048 = 4113.54 over 295 frames.
M0000000105_0088 ใช้ ฝึก จาก ที่ หนัก 
LOG (lattice-best-path[5.5.0~1494-e5a5]:main():lattice-best-path.cc:99) For utterance M0000000105_0089, best cost 73.9072 + 3286.43 = 3360.33 over 249 frames.
M0000000105_0089 ต้อง สาย นำ ต่าง ที่ ชอล์ก 
LOG (lattice-best-path[5.5.0~1494-e5a5]:main():lattice-best-path.cc:99) For utterance M0000000105_0090, best cost 80.716 + 4235.57 = 4316.29 over 328 frames.
M0000000105_0090 ทำ ปลูก ครบ ยัง นาย ขับ 
LOG (lattice-best-path[5.5.0~1494-e5a5]:main():lattice-best-path.cc:99) For utterance M0000000105_0091, best cost 73.4694 + 3386.5 = 3459.97 over 263 frames.
M0000000105_0091 ใส่ พุ่ง ถู ลด หรือ กล่าว 
LOG (lattice-best-path[5.5.0~1494-e5a5]:main():lattice-best-path.cc:99) For utterance M0000000105_0092, best cost 48.464 + 2977.02 = 3025.49 over 230 frames.
M0000000105_0092 ใส่ หนู หรือ เปล่าๆ 
LOG (lattice-best-path[5.5.0~1494-e5a5]:main():lattice-best-path.cc:99) For utterance M0000000105_0093, best cost 60.8262 + 3715.69 = 3776.51 over 289 frames.
M0000000105_0093 ออก ฝน ฝ่าย ตาม หนึ่ง 
LOG (lattice-best-path[5.5.0~1494-e5a5]:main():lattice-best-path.cc:99) For utterance M0000000105_0094, best cost 93.0715 + 7572.72 = 7665.79 over 615 frames.
M0000000105_0094 ไถ ออก กล้วย พอ ไถ จาน หนึ่ง 
LOG (lattice-best-path[5.5.0~1494-e5a5]:main():lattice-best-path.cc:99) For utterance M0000000105_0095, best cost 92.0291 + 4642.19 = 4734.22 over 363 frames.
M0000000105_0095 ทำ ทั่ว น้อย ข่าย หวาน บางๆ ไม้ 
LOG (lattice-best-path[5.5.0~1494-e5a5]:main():lattice-best-path.cc:99) For utterance M0000000105_0096, best cost 88.2624 + 4242.94 = 4331.21 over 337 frames.
M0000000105_0096 ดุ เขียน ลบ เป็น เกวียน ไม้ หนึ่ง 
LOG (lattice-best-path[5.5.0~1494-e5a5]:main():lattice-best-path.cc:99) For utterance M0000000105_0097, best cost 70.5939 + 3768.39 = 3838.99 over 294 frames.
M0000000105_0097 ว่า ส่ง ที่ เขา หาย น้อย 
LOG (lattice-best-path[5.5.0~1494-e5a5]:main():lattice-best-path.cc:99) For utterance M0000000105_0098, best cost 96.0928 + 5015.88 = 5111.98 over 390 frames.
M0000000105_0098 มาก ส่ง หาย ที่ บาง ด้าน ไม้ รับ 
LOG (lattice-best-path[5.5.0~1494-e5a5]:main():lattice-best-path.cc:99) For utterance M0000000105_0099, best cost 58.7312 + 3486.24 = 3544.97 over 273 frames.
M0000000105_0099 เดียว ลง ไป เอา รับ 
LOG (lattice-best-path[5.5.0~1494-e5a5]:main():lattice-best-path.cc:99) For utterance M0000000105_0100, best cost 81.0581 + 4667.29 = 4748.35 over 361 frames.
M0000000105_0100 เดียว เดิน ไป ออก ที่ ไถ หนัก 
LOG (lattice-best-path[5.5.0~1494-e5a5]:main():lattice-best-path.cc:99) For utterance M0000000105_0101, best cost 117.739 + 7068.35 = 7186.09 over 544 frames.
M0000000105_0101 อยู่ สาย จะ ขาด แล้ว อะไร ก่อน กลาย ก๊าซ หนึ่ง 
LOG (lattice-best-path[5.5.0~1494-e5a5]:main():lattice-best-path.cc:99) For utterance M0000000107_0000, best cost 32.7485 + 3148.64 = 3181.39 over 210 frames.
M0000000107_0000 หวาน ที่ 
LOG (lattice-best-path[5.5.0~1494-e5a5]:main():lattice-best-path.cc:99) For utterance M0000000107_0001, best cost 72.4436 + 6188.75 = 6261.2 over 423 frames.
M0000000107_0001 เรา เหล่า ล้าน หนึ่ง จาน 
LOG (lattice-best-path[5.5.0~1494-e5a5]:main():lattice-best-path.cc:99) For utterance M0000000107_0002, best cost 21.628 + 4759.82 = 4781.45 over 325 frames.
M0000000107_0002 
LOG (lattice-best-path[5.5.0~1494-e5a5]:main():lattice-best-path.cc:99) For utterance M0000000107_0003, best cost 33.5526 + 3838.98 = 3872.53 over 276 frames.
M0000000107_0003 ขึ้น เลื่อน 
LOG (lattice-best-path[5.5.0~1494-e5a5]:main():lattice-best-path.cc:99) For utterance M0000000107_0004, best cost 46.9671 + 3737.07 = 3784.04 over 260 frames.
M0000000107_0004 เขา เรา จาน 
LOG (lattice-best-path[5.5.0~1494-e5a5]:main():lattice-best-path.cc:99) For utterance M0000000107_0005, best cost 25.0669 + 3549.42 = 3574.49 over 236 frames.
M0000000107_0005 เรา 
LOG (lattice-best-path[5.5.0~1494-e5a5]:main():lattice-best-path.cc:99) For utterance M0000000107_0006, best cost 14.0004 + 2702.95 = 2716.95 over 177 frames.
M0000000107_0006 
LOG (lattice-best-path[5.5.0~1494-e5a5]:main():lattice-best-path.cc:99) For utterance M0000000107_0007, best cost 33.8522 + 3055.14 = 3088.99 over 207 frames.
M0000000107_0007 เรา หนึ่ง 
LOG (lattice-best-path[5.5.0~1494-e5a5]:main():lattice-best-path.cc:99) For utterance M0000000107_0008, best cost 49.8593 + 3904.17 = 3954.03 over 266 frames.
M0000000107_0008 นำเอา ตรึง สอง 
LOG (lattice-best-path[5.5.0~1494-e5a5]:main():lattice-best-path.cc:99) For utterance M0000000107_0009, best cost 16.1654 + 3497.17 = 3513.33 over 239 frames.
M0000000107_0009 
LOG (lattice-best-path[5.5.0~1494-e5a5]:main():lattice-best-path.cc:99) For utterance M0000000107_0010, best cost 29.2872 + 3390.14 = 3419.42 over 244 frames.
M0000000107_0010 เฉพาะ นอน 
LOG (lattice-best-path[5.5.0~1494-e5a5]:main():lattice-best-path.cc:99) For utterance M0000000107_0011, best cost 15.0429 + 2676.98 = 2692.02 over 176 frames.
M0000000107_0011 
LOG (lattice-best-path[5.5.0~1494-e5a5]:main():lattice-best-path.cc:99) For utterance M0000000107_0012, best cost 16.0271 + 3393.38 = 3409.41 over 230 frames.
M0000000107_0012 
LOG (lattice-best-path[5.5.0~1494-e5a5]:main():lattice-best-path.cc:99) For utterance M0000000107_0013, best cost 72.506 + 6415.01 = 6487.52 over 430 frames.
M0000000107_0013 ที่ ของ ช่อง พุ่ง เครื่อง 
LOG (lattice-best-path[5.5.0~1494-e5a5]:main():lattice-best-path.cc:99) For utterance M0000000107_0014, best cost 48.2329 + 3228.26 = 3276.5 over 219 frames.
M0000000107_0014 เพราะ บล๊อค ทิ้ง 
LOG (lattice-best-path[5.5.0~1494-e5a5]:main():lattice-best-path.cc:99) For utterance M0000000107_0015, best cost 19.0016 + 3355.88 = 3374.88 over 224 frames.
M0000000107_0015 
LOG (lattice-best-path[5.5.0~1494-e5a5]:main():lattice-best-path.cc:99) For utterance M0000000107_0016, best cost 18.0678 + 4101.58 = 4119.65 over 265 frames.
M0000000107_0016 
LOG (lattice-best-path[5.5.0~1494-e5a5]:main():lattice-best-path.cc:99) For utterance M0000000107_0017, best cost 25.8312 + 3190.15 = 3215.98 over 219 frames.
M0000000107_0017 ขอ 
LOG (lattice-best-path[5.5.0~1494-e5a5]:main():lattice-best-path.cc:99) For utterance M0000000107_0018, best cost 53.7432 + 2886.14 = 2939.88 over 197 frames.
M0000000107_0018 ของ เรา อีก เริ่ม นอน 
LOG (lattice-best-path[5.5.0~1494-e5a5]:main():lattice-best-path.cc:99) For utterance M0000000107_0019, best cost 51.4744 + 3713.14 = 3764.62 over 253 frames.
M0000000107_0019 ใหญ่ ออก ล้าน มัก 
LOG (lattice-best-path[5.5.0~1494-e5a5]:main():lattice-best-path.cc:99) For utterance M0000000107_0020, best cost 13.9287 + 2728.6 = 2742.53 over 179 frames.
M0000000107_0020 
LOG (lattice-best-path[5.5.0~1494-e5a5]:main():lattice-best-path.cc:99) For utterance M0000000107_0021, best cost 23.9261 + 2597.9 = 2621.83 over 174 frames.
M0000000107_0021 ดัง 
LOG (lattice-best-path[5.5.0~1494-e5a5]:main():lattice-best-path.cc:99) For utterance M0000000107_0022, best cost 43.8535 + 3973.89 = 4017.74 over 282 frames.
M0000000107_0022 เขียน อะไร ละ 
LOG (lattice-best-path[5.5.0~1494-e5a5]:main():lattice-best-path.cc:99) For utterance M0000000107_0023, best cost 38.351 + 4297.05 = 4335.41 over 295 frames.
M0000000107_0023 ไถ อาหาร 
LOG (lattice-best-path[5.5.0~1494-e5a5]:main():lattice-best-path.cc:99) For utterance M0000000107_0024, best cost 44.0191 + 2720.27 = 2764.29 over 188 frames.
M0000000107_0024 เกาะ เครื่องบิน ร้าย 
LOG (lattice-best-path[5.5.0~1494-e5a5]:main():lattice-best-path.cc:99) For utterance M0000000107_0025, best cost 27.6309 + 2380.6 = 2408.24 over 159 frames.
M0000000107_0025 เรียน ไอเอฟ 
LOG (lattice-best-path[5.5.0~1494-e5a5]:main():lattice-best-path.cc:99) For utterance M0000000107_0026, best cost 54.0043 + 3431.45 = 3485.45 over 233 frames.
M0000000107_0026 มี ละ ที่ หลาย 
LOG (lattice-best-path[5.5.0~1494-e5a5]:main():lattice-best-path.cc:99) For utterance M0000000107_0027, best cost 45.3239 + 3733.57 = 3778.9 over 259 frames.
M0000000107_0027 ประเทศไทย ใหม่ๆ 
LOG (lattice-best-path[5.5.0~1494-e5a5]:main():lattice-best-path.cc:99) For utterance M0000000107_0028, best cost 52.1078 + 3657.25 = 3709.36 over 249 frames.
M0000000107_0028 เครื่อง ใหม่ๆ ไถ 
LOG (lattice-best-path[5.5.0~1494-e5a5]:main():lattice-best-path.cc:99) For utterance M0000000107_0029, best cost 29.2422 + 2857.58 = 2886.82 over 202 frames.
M0000000107_0029 จะ สัตว์เลี้ยง 
LOG (lattice-best-path[5.5.0~1494-e5a5]:main():lattice-best-path.cc:99) For utterance M0000000107_0030, best cost 14.6011 + 3473.65 = 3488.25 over 236 frames.
M0000000107_0030 
LOG (lattice-best-path[5.5.0~1494-e5a5]:main():lattice-best-path.cc:99) For utterance M0000000107_0031, best cost 51.164 + 3390.81 = 3441.97 over 246 frames.
M0000000107_0031 อาหาร จังหวัด ดี ลง 
LOG (lattice-best-path[5.5.0~1494-e5a5]:main():lattice-best-path.cc:99) For utterance M0000000107_0032, best cost 57.1937 + 4231.74 = 4288.94 over 297 frames.
M0000000107_0032 ไถ ต้อง เรา อีก มากมาย 
LOG (lattice-best-path[5.5.0~1494-e5a5]:main():lattice-best-path.cc:99) For utterance M0000000107_0033, best cost 14.2832 + 2923.05 = 2937.33 over 209 frames.
M0000000107_0033 
LOG (lattice-best-path[5.5.0~1494-e5a5]:main():lattice-best-path.cc:99) For utterance M0000000107_0034, best cost 36.2664 + 2307.41 = 2343.67 over 158 frames.
M0000000107_0034 เรา มาก ดัง 
LOG (lattice-best-path[5.5.0~1494-e5a5]:main():lattice-best-path.cc:99) For utterance M0000000107_0035, best cost 19.8095 + 2502.57 = 2522.38 over 181 frames.
M0000000107_0035 แมลง 
LOG (lattice-best-path[5.5.0~1494-e5a5]:main():lattice-best-path.cc:99) For utterance M0000000107_0036, best cost 57.8485 + 2809.13 = 2866.98 over 208 frames.
M0000000107_0036 ไถ หอบ เรียง ใน นุ่ง 
LOG (lattice-best-path[5.5.0~1494-e5a5]:main():lattice-best-path.cc:99) For utterance M0000000107_0037, best cost 46.107 + 3208.87 = 3254.98 over 230 frames.
M0000000107_0037 ไม่ เอา แล้ว ทั้ง 
LOG (lattice-best-path[5.5.0~1494-e5a5]:main():lattice-best-path.cc:99) For utterance M0000000107_0038, best cost 36.2074 + 2634.15 = 2670.36 over 174 frames.
M0000000107_0038 เรา รู้ และ 
LOG (lattice-best-path[5.5.0~1494-e5a5]:main():lattice-best-path.cc:99) For utterance M0000000107_0039, best cost 23.1387 + 3350.9 = 3374.04 over 224 frames.
M0000000107_0039 ได้ 
LOG (lattice-best-path[5.5.0~1494-e5a5]:main():lattice-best-path.cc:99) For utterance M0000000107_0040, best cost 17.7216 + 3700.08 = 3717.81 over 257 frames.
M0000000107_0040 
LOG (lattice-best-path[5.5.0~1494-e5a5]:main():lattice-best-path.cc:99) For utterance M0000000107_0041, best cost 41.5985 + 3898.8 = 3940.4 over 263 frames.
M0000000107_0041 ต่อเนื่อง ไม้ 
LOG (lattice-best-path[5.5.0~1494-e5a5]:main():lattice-best-path.cc:99) For utterance M0000000107_0042, best cost 23.614 + 2900.24 = 2923.85 over 201 frames.
M0000000107_0042 ยัง 
LOG (lattice-best-path[5.5.0~1494-e5a5]:main():lattice-best-path.cc:99) For utterance M0000000107_0043, best cost 17.0445 + 2811.08 = 2828.12 over 189 frames.
M0000000107_0043 
LOG (lattice-best-path[5.5.0~1494-e5a5]:main():lattice-best-path.cc:99) For utterance M0000000107_0044, best cost 22.4018 + 2684.19 = 2706.59 over 181 frames.
M0000000107_0044 ด้วย 
LOG (lattice-best-path[5.5.0~1494-e5a5]:main():lattice-best-path.cc:99) For utterance M0000000107_0045, best cost 43.7024 + 3682.97 = 3726.68 over 251 frames.
M0000000107_0045 เรา บัตร ไม่ 
LOG (lattice-best-path[5.5.0~1494-e5a5]:main():lattice-best-path.cc:99) For utterance M0000000107_0046, best cost 29.6702 + 2782.26 = 2811.93 over 194 frames.
M0000000107_0046 เกาะ ขึ้นไป 
LOG (lattice-best-path[5.5.0~1494-e5a5]:main():lattice-best-path.cc:99) For utterance M0000000107_0047, best cost 33.1441 + 3066.28 = 3099.43 over 215 frames.
M0000000107_0047 จะ แกน 
LOG (lattice-best-path[5.5.0~1494-e5a5]:main():lattice-best-path.cc:99) For utterance M0000000107_0048, best cost 17.5755 + 3524.81 = 3542.39 over 237 frames.
M0000000107_0048 
LOG (lattice-best-path[5.5.0~1494-e5a5]:main():lattice-best-path.cc:99) For utterance M0000000107_0049, best cost 38.5206 + 2408.2 = 2446.72 over 178 frames.
M0000000107_0049 ไม่ อะไร เรื่อย 
LOG (lattice-best-path[5.5.0~1494-e5a5]:main():lattice-best-path.cc:99) For utterance M0000000107_0050, best cost 42.9469 + 2805.08 = 2848.03 over 195 frames.
M0000000107_0050 ชะ เตรียม มาก 
LOG (lattice-best-path[5.5.0~1494-e5a5]:main():lattice-best-path.cc:99) For utterance M0000000107_0051, best cost 24.6894 + 2783.39 = 2808.08 over 198 frames.
M0000000107_0051 ข่าว 
LOG (lattice-best-path[5.5.0~1494-e5a5]:main():lattice-best-path.cc:99) For utterance M0000000107_0052, best cost 39.9932 + 3080.12 = 3120.12 over 215 frames.
M0000000107_0052 เกิน ไป เอะอะ 
LOG (lattice-best-path[5.5.0~1494-e5a5]:main():lattice-best-path.cc:99) For utterance M0000000107_0053, best cost 59.6686 + 3339.11 = 3398.78 over 229 frames.
M0000000107_0053 วันนี้ เอา ใหม่ๆ รับ 
LOG (lattice-best-path[5.5.0~1494-e5a5]:main():lattice-best-path.cc:99) For utterance M0000000107_0054, best cost 31.2333 + 2352.37 = 2383.61 over 161 frames.
M0000000107_0054 เกรง ไมครอน 
LOG (lattice-best-path[5.5.0~1494-e5a5]:main():lattice-best-path.cc:99) For utterance M0000000107_0055, best cost 36.7317 + 2735.9 = 2772.63 over 193 frames.
M0000000107_0055 รหัส ของ ไว้ 
LOG (lattice-best-path[5.5.0~1494-e5a5]:main():lattice-best-path.cc:99) For utterance M0000000107_0056, best cost 58.0372 + 4991.51 = 5049.55 over 343 frames.
M0000000107_0056 แต่ ขึ้น เรียก เป็น วัย 
LOG (lattice-best-path[5.5.0~1494-e5a5]:main():lattice-best-path.cc:99) For utterance M0000000107_0057, best cost 36.3577 + 2195.45 = 2231.81 over 163 frames.
M0000000107_0057 ไม่ ตำรา ของ 
LOG (lattice-best-path[5.5.0~1494-e5a5]:main():lattice-best-path.cc:99) For utterance M0000000107_0058, best cost 39.2216 + 2605.23 = 2644.45 over 179 frames.
M0000000107_0058 จะ ไม่ ไม้ 
LOG (lattice-best-path[5.5.0~1494-e5a5]:main():lattice-best-path.cc:99) For utterance M0000000107_0059, best cost 15.8223 + 3167.01 = 3182.83 over 220 frames.
M0000000107_0059 
LOG (lattice-best-path[5.5.0~1494-e5a5]:main():lattice-best-path.cc:99) For utterance M0000000107_0060, best cost 18.5252 + 4660.91 = 4679.44 over 320 frames.
M0000000107_0060 
LOG (lattice-best-path[5.5.0~1494-e5a5]:main():lattice-best-path.cc:99) For utterance M0000000107_0061, best cost 50.7833 + 3192.25 = 3243.03 over 233 frames.
M0000000107_0061 ควร ได้ เป็น วัย ขับ 
LOG (lattice-best-path[5.5.0~1494-e5a5]:main():lattice-best-path.cc:99) For utterance M0000000107_0062, best cost 34.4085 + 2697.54 = 2731.95 over 192 frames.
M0000000107_0062 เตรียม ไม่ 
LOG (lattice-best-path[5.5.0~1494-e5a5]:main():lattice-best-path.cc:99) For utterance M0000000107_0063, best cost 56.5049 + 3113.4 = 3169.91 over 228 frames.
M0000000107_0063 เรียน รู้ มี ระยะ ไม่ 
LOG (lattice-best-path[5.5.0~1494-e5a5]:main():lattice-best-path.cc:99) For utterance M0000000107_0064, best cost 40.1106 + 2473.38 = 2513.49 over 176 frames.
M0000000107_0064 ชอล์ก การ ขีด 
LOG (lattice-best-path[5.5.0~1494-e5a5]:main():lattice-best-path.cc:99) For utterance M0000000107_0065, best cost 28.7617 + 3278.66 = 3307.42 over 216 frames.
M0000000107_0065 เท่าไร 
LOG (lattice-best-path[5.5.0~1494-e5a5]:main():lattice-best-path.cc:99) For utterance M0000000107_0066, best cost 18.3661 + 2893.88 = 2912.25 over 192 frames.
M0000000107_0066 เพราะ 
LOG (lattice-best-path[5.5.0~1494-e5a5]:main():lattice-best-path.cc:99) For utterance M0000000107_0067, best cost 30.8789 + 2917.63 = 2948.51 over 201 frames.
M0000000107_0067 ก่อนหลัง หนึ่ง 
LOG (lattice-best-path[5.5.0~1494-e5a5]:main():lattice-best-path.cc:99) For utterance M0000000107_0068, best cost 41.796 + 4297.45 = 4339.24 over 298 frames.
M0000000107_0068 เพราะ การ เปล่ง ต้องการ 
LOG (lattice-best-path[5.5.0~1494-e5a5]:main():lattice-best-path.cc:99) For utterance M0000000107_0069, best cost 42.3148 + 2695.41 = 2737.72 over 185 frames.
M0000000107_0069 ที่ เหล่า หลาย 
LOG (lattice-best-path[5.5.0~1494-e5a5]:main():lattice-best-path.cc:99) For utterance M0000000107_0070, best cost 39.7012 + 3171.4 = 3211.1 over 228 frames.
M0000000107_0070 เพราะ เกรง ลง น้อย ขึ้น 
LOG (lattice-best-path[5.5.0~1494-e5a5]:main():lattice-best-path.cc:99) For utterance M0000000107_0071, best cost 27.437 + 3442.45 = 3469.88 over 229 frames.
M0000000107_0071 หลาย 
LOG (lattice-best-path[5.5.0~1494-e5a5]:main():lattice-best-path.cc:99) For utterance M0000000107_0072, best cost 57.0446 + 3867.46 = 3924.51 over 277 frames.
M0000000107_0072 ผล ที ละ กิน บ่อยๆ 
LOG (lattice-best-path[5.5.0~1494-e5a5]:main():lattice-best-path.cc:99) For utterance M0000000107_0073, best cost 55.2429 + 4149.13 = 4204.37 over 284 frames.
M0000000107_0073 ให้ ระหว่าง ร้านอาหาร บัตร 
LOG (lattice-best-path[5.5.0~1494-e5a5]:main():lattice-best-path.cc:99) For utterance M0000000107_0074, best cost 15.533 + 3348.91 = 3364.44 over 228 frames.
M0000000107_0074 
LOG (lattice-best-path[5.5.0~1494-e5a5]:main():lattice-best-path.cc:99) For utterance M0000000107_0075, best cost 46.1014 + 4651.26 = 4697.36 over 320 frames.
M0000000107_0075 ยัง อยู่ เท่าไร 
LOG (lattice-best-path[5.5.0~1494-e5a5]:main():lattice-best-path.cc:99) For utterance M0000000107_0076, best cost 28.3456 + 3766.55 = 3794.9 over 248 frames.
M0000000107_0076 ยัง 
LOG (lattice-best-path[5.5.0~1494-e5a5]:main():lattice-best-path.cc:99) For utterance M0000000107_0077, best cost 77.2622 + 3976.39 = 4053.65 over 279 frames.
M0000000107_0077 ไม่ มี หลัง นั้น การ แห่ง ใน ไม่ 
LOG (lattice-best-path[5.5.0~1494-e5a5]:main():lattice-best-path.cc:99) For utterance M0000000107_0078, best cost 68.7777 + 4256.04 = 4324.82 over 292 frames.
M0000000107_0078 ยาก ฝรั่ง เกาะ ข่าย เท่าไร 
LOG (lattice-best-path[5.5.0~1494-e5a5]:main():lattice-best-path.cc:99) For utterance M0000000107_0079, best cost 23.7547 + 2831.39 = 2855.15 over 193 frames.
M0000000107_0079 ไว้ 
LOG (lattice-best-path[5.5.0~1494-e5a5]:main():lattice-best-path.cc:99) For utterance M0000000107_0080, best cost 64.848 + 4541.57 = 4606.42 over 306 frames.
M0000000107_0080 ย่าน ข้างล่าง กล่อง ทำลาย 
LOG (lattice-best-path[5.5.0~1494-e5a5]:main():lattice-best-path.cc:99) For utterance M0000000107_0081, best cost 70.306 + 5056.16 = 5126.47 over 347 frames.
M0000000107_0081 เพราะ ช่วย ดัง ยัง ได้ ข่าย ฯลฯ 
LOG (lattice-best-path[5.5.0~1494-e5a5]:main():lattice-best-path.cc:99) For utterance M0000000107_0082, best cost 32.8582 + 4812.12 = 4844.98 over 329 frames.
M0000000107_0082 เสีย 
LOG (lattice-best-path[5.5.0~1494-e5a5]:main():lattice-best-path.cc:99) For utterance M0000000107_0083, best cost 14.3489 + 3205.47 = 3219.82 over 208 frames.
M0000000107_0083 
LOG (lattice-best-path[5.5.0~1494-e5a5]:main():lattice-best-path.cc:99) For utterance M0000000107_0084, best cost 15.8702 + 3159.17 = 3175.04 over 212 frames.
M0000000107_0084 
LOG (lattice-best-path[5.5.0~1494-e5a5]:main():lattice-best-path.cc:99) For utterance M0000000107_0085, best cost 48.4711 + 3296.41 = 3344.88 over 238 frames.
M0000000107_0085 ข่าย อะไร ได้ อีกด้วย 
LOG (lattice-best-path[5.5.0~1494-e5a5]:main():lattice-best-path.cc:99) For utterance M0000000107_0086, best cost 27.0463 + 3452.69 = 3479.74 over 229 frames.
M0000000107_0086 ระยะ ออก 
LOG (lattice-best-path[5.5.0~1494-e5a5]:main():lattice-best-path.cc:99) For utterance M0000000107_0087, best cost 49.3549 + 3141.4 = 3190.76 over 223 frames.
M0000000107_0087 เรียง ใน ยก ใบไม้แห้ง 
LOG (lattice-best-path[5.5.0~1494-e5a5]:main():lattice-best-path.cc:99) For utterance M0000000107_0088, best cost 63.1103 + 2982.14 = 3045.25 over 206 frames.
M0000000107_0088 ใช้ นี้ ลด จาก ที่ ร้าย 
LOG (lattice-best-path[5.5.0~1494-e5a5]:main():lattice-best-path.cc:99) For utterance M0000000107_0089, best cost 37.7827 + 2624.02 = 2661.8 over 179 frames.
M0000000107_0089 อะไร นำ 
LOG (lattice-best-path[5.5.0~1494-e5a5]:main():lattice-best-path.cc:99) For utterance M0000000107_0090, best cost 58.4001 + 3400.75 = 3459.15 over 241 frames.
M0000000107_0090 ทำมุม ออก ยัง ใน รหัส 
LOG (lattice-best-path[5.5.0~1494-e5a5]:main():lattice-best-path.cc:99) For utterance M0000000107_0091, best cost 30.7919 + 3748.38 = 3779.17 over 258 frames.
M0000000107_0091 หรือ 
LOG (lattice-best-path[5.5.0~1494-e5a5]:main():lattice-best-path.cc:99) For utterance M0000000107_0092, best cost 25.8822 + 2497.43 = 2523.31 over 165 frames.
M0000000107_0092 กล่าว 
LOG (lattice-best-path[5.5.0~1494-e5a5]:main():lattice-best-path.cc:99) For utterance M0000000107_0093, best cost 54.7832 + 2984.77 = 3039.55 over 209 frames.
M0000000107_0093 เรา ตรึง ฝ่าย การ เรียน 
LOG (lattice-best-path[5.5.0~1494-e5a5]:main():lattice-best-path.cc:99) For utterance M0000000107_0094, best cost 53.7037 + 2864.28 = 2917.98 over 200 frames.
M0000000107_0094 เรา อ้วน เพราะ การ หนึ่ง 
LOG (lattice-best-path[5.5.0~1494-e5a5]:main():lattice-best-path.cc:99) For utterance M0000000107_0095, best cost 65.4487 + 3923.42 = 3988.87 over 275 frames.
M0000000107_0095 กำหนด หลอดไฟ หวัง ไม่ ร้าย 
LOG (lattice-best-path[5.5.0~1494-e5a5]:main():lattice-best-path.cc:99) For utterance M0000000107_0096, best cost 38.3284 + 3847.75 = 3886.08 over 264 frames.
M0000000107_0096 รวมถึง นก 
LOG (lattice-best-path[5.5.0~1494-e5a5]:main():lattice-best-path.cc:99) For utterance M0000000107_0097, best cost 41.4577 + 3187.56 = 3229.02 over 214 frames.
M0000000107_0097 รับส่ง ที่ ของ 
LOG (lattice-best-path[5.5.0~1494-e5a5]:main():lattice-best-path.cc:99) For utterance M0000000107_0098, best cost 71.4194 + 4515.5 = 4586.92 over 316 frames.
M0000000107_0098 หลัก ส่ง ที่ บาง อะไร ขับ 
LOG (lattice-best-path[5.5.0~1494-e5a5]:main():lattice-best-path.cc:99) For utterance M0000000107_0099, best cost 48.4244 + 2850.3 = 2898.73 over 184 frames.
M0000000107_0099 เดียว ลง ไป เอา 
LOG (lattice-best-path[5.5.0~1494-e5a5]:main():lattice-best-path.cc:99) For utterance M0000000107_0100, best cost 55.9345 + 3262.88 = 3318.81 over 219 frames.
M0000000107_0100 เดียว เรือ เรา ที่รัก 
LOG (lattice-best-path[5.5.0~1494-e5a5]:main():lattice-best-path.cc:99) For utterance M0000000107_0101, best cost 58.3753 + 6293.45 = 6351.83 over 424 frames.
M0000000107_0101 เร็ว อะไร เรา ได้ 
LOG (lattice-best-path[5.5.0~1494-e5a5]:main():lattice-best-path.cc:99) For utterance M0000000124_0000, best cost 31.4427 + 2551.55 = 2582.99 over 203 frames.
M0000000124_0000 ที่ ไถ 
LOG (lattice-best-path[5.5.0~1494-e5a5]:main():lattice-best-path.cc:99) For utterance M0000000124_0001, best cost 62.8661 + 3921.92 = 3984.78 over 282 frames.
M0000000124_0001 ที่ รัฐ นั้น อื่นๆ ชั้น 
LOG (lattice-best-path[5.5.0~1494-e5a5]:main():lattice-best-path.cc:99) For utterance M0000000124_0002, best cost 72.9482 + 4262.84 = 4335.79 over 321 frames.
M0000000124_0002 ก็ เกย ใช้ เรา หนึ่ง จาน 
LOG (lattice-best-path[5.5.0~1494-e5a5]:main():lattice-best-path.cc:99) For utterance M0000000124_0003, best cost 55.8083 + 3684.89 = 3740.7 over 284 frames.
M0000000124_0003 สวม ตาม ผลิต ใน ขึ้น 
LOG (lattice-best-path[5.5.0~1494-e5a5]:main():lattice-best-path.cc:99) For utterance M0000000124_0004, best cost 30.7154 + 3668.47 = 3699.19 over 267 frames.
M0000000124_0004 ไถ 
LOG (lattice-best-path[5.5.0~1494-e5a5]:main():lattice-best-path.cc:99) For utterance M0000000124_0005, best cost 56.9008 + 3621.62 = 3678.53 over 269 frames.
M0000000124_0005 ใช้ ใส่ หมุน จาน 
LOG (lattice-best-path[5.5.0~1494-e5a5]:main():lattice-best-path.cc:99) For utterance M0000000124_0006, best cost 22.8237 + 2788.99 = 2811.81 over 204 frames.
M0000000124_0006 หนึ่ง 
LOG (lattice-best-path[5.5.0~1494-e5a5]:main():lattice-best-path.cc:99) For utterance M0000000124_0007, best cost 47.0097 + 2419.6 = 2466.61 over 173 frames.
M0000000124_0007 นำ โค้ง เพราะ จะ เรือน 
LOG (lattice-best-path[5.5.0~1494-e5a5]:main():lattice-best-path.cc:99) For utterance M0000000124_0008, best cost 27.413 + 3419.2 = 3446.62 over 251 frames.
M0000000124_0008 สอง 
LOG (lattice-best-path[5.5.0~1494-e5a5]:main():lattice-best-path.cc:99) For utterance M0000000124_0009, best cost 23.5615 + 2789.67 = 2813.23 over 199 frames.
M0000000124_0009 อนึ่ง 
LOG (lattice-best-path[5.5.0~1494-e5a5]:main():lattice-best-path.cc:99) For utterance M0000000124_0010, best cost 40.4589 + 2927.61 = 2968.07 over 227 frames.
M0000000124_0010 ขอ หลอด น้อย 
LOG (lattice-best-path[5.5.0~1494-e5a5]:main():lattice-best-path.cc:99) For utterance M0000000124_0011, best cost 38.1239 + 2686.62 = 2724.75 over 199 frames.
M0000000124_0011 มาก ฝน ครบ 
LOG (lattice-best-path[5.5.0~1494-e5a5]:main():lattice-best-path.cc:99) For utterance M0000000124_0012, best cost 53.5617 + 3939.43 = 3992.99 over 287 frames.
M0000000124_0012 สาร ตรุษ เขียน เครื่อง 
LOG (lattice-best-path[5.5.0~1494-e5a5]:main():lattice-best-path.cc:99) For utterance M0000000124_0013, best cost 92.2933 + 5035.95 = 5128.24 over 371 frames.
M0000000124_0013 ตรง ซิเทรต ที่ เท่าๆ ให้ สอง แท่ง เครื่อง 
LOG (lattice-best-path[5.5.0~1494-e5a5]:main():lattice-best-path.cc:99) For utterance M0000000124_0014, best cost 29.8286 + 3965.54 = 3995.37 over 302 frames.
M0000000124_0014 แต่ ที่ 
LOG (lattice-best-path[5.5.0~1494-e5a5]:main():lattice-best-path.cc:99) For utterance M0000000124_0015, best cost 47.1624 + 3430.31 = 3477.48 over 264 frames.
M0000000124_0015 ขอ นั่ง งาน 
LOG (lattice-best-path[5.5.0~1494-e5a5]:main():lattice-best-path.cc:99) For utterance M0000000124_0016, best cost 24.326 + 3851.41 = 3875.74 over 278 frames.
M0000000124_0016 เรือน 
LOG (lattice-best-path[5.5.0~1494-e5a5]:main():lattice-best-path.cc:99) For utterance M0000000124_0017, best cost 43.6659 + 3819.84 = 3863.51 over 302 frames.
M0000000124_0017 ข้อ นั้น ต่างๆ นั้น 
LOG (lattice-best-path[5.5.0~1494-e5a5]:main():lattice-best-path.cc:99) For utterance M0000000124_0018, best cost 41.0491 + 3590.38 = 3631.43 over 275 frames.
M0000000124_0018 พอ กฤษณพงศ์ น้อย 
LOG (lattice-best-path[5.5.0~1494-e5a5]:main():lattice-best-path.cc:99) For utterance M0000000124_0019, best cost 56.2004 + 2826.38 = 2882.58 over 208 frames.
M0000000124_0019 พอ ใหญ่ เป็นต้น และ หนัก 
LOG (lattice-best-path[5.5.0~1494-e5a5]:main():lattice-best-path.cc:99) For utterance M0000000124_0020, best cost 41.8545 + 3056.36 = 3098.21 over 228 frames.
M0000000124_0020 รูป ปลา ไป ใน 
LOG (lattice-best-path[5.5.0~1494-e5a5]:main():lattice-best-path.cc:99) For utterance M0000000124_0021, best cost 41.0975 + 2842.63 = 2883.73 over 219 frames.
M0000000124_0021 นั้น ชิ้น จาน 
LOG (lattice-best-path[5.5.0~1494-e5a5]:main():lattice-best-path.cc:99) For utterance M0000000124_0022, best cost 36.9079 + 2751.11 = 2788.02 over 207 frames.
M0000000124_0022 พิมพ์ ได้ แม่เหล็ก 
LOG (lattice-best-path[5.5.0~1494-e5a5]:main():lattice-best-path.cc:99) For utterance M0000000124_0023, best cost 30.7341 + 3864.68 = 3895.41 over 284 frames.
M0000000124_0023 ขาย ใน 
LOG (lattice-best-path[5.5.0~1494-e5a5]:main():lattice-best-path.cc:99) For utterance M0000000124_0024, best cost 42.7955 + 3754.8 = 3797.6 over 287 frames.
M0000000124_0024 ขอ เครื่อง ผู้น้อย 
LOG (lattice-best-path[5.5.0~1494-e5a5]:main():lattice-best-path.cc:99) For utterance M0000000124_0025, best cost 29.3068 + 2162.61 = 2191.92 over 169 frames.
M0000000124_0025 เรียก หมด 
LOG (lattice-best-path[5.5.0~1494-e5a5]:main():lattice-best-path.cc:99) For utterance M0000000124_0026, best cost 62.8391 + 3536.14 = 3598.98 over 274 frames.
M0000000124_0026 มี นำ สิ่ง ซุก ที่ ใน 
LOG (lattice-best-path[5.5.0~1494-e5a5]:main():lattice-best-path.cc:99) For utterance M0000000124_0027, best cost 62.9692 + 3066.03 = 3129 over 224 frames.
M0000000124_0027 รศ. มัก ประเทศ ร้าย จาน 
LOG (lattice-best-path[5.5.0~1494-e5a5]:main():lattice-best-path.cc:99) For utterance M0000000124_0028, best cost 35.8639 + 3366.3 = 3402.17 over 251 frames.
M0000000124_0028 ขอ ขาด 
LOG (lattice-best-path[5.5.0~1494-e5a5]:main():lattice-best-path.cc:99) For utterance M0000000124_0029, best cost 43.9346 + 2927.57 = 2971.51 over 221 frames.
M0000000124_0029 จะ เสีย หรือ อย่าง 
LOG (lattice-best-path[5.5.0~1494-e5a5]:main():lattice-best-path.cc:99) For utterance M0000000124_0030, best cost 42.783 + 3076.15 = 3118.93 over 236 frames.
M0000000124_0030 อะไร จะ บาง 
LOG (lattice-best-path[5.5.0~1494-e5a5]:main():lattice-best-path.cc:99) For utterance M0000000124_0031, best cost 54.3501 + 2880.02 = 2934.37 over 212 frames.
M0000000124_0031 อาหาร จะ มา ที่ ตรง 
LOG (lattice-best-path[5.5.0~1494-e5a5]:main():lattice-best-path.cc:99) For utterance M0000000124_0032, best cost 46.4362 + 3450.41 = 3496.85 over 260 frames.
M0000000124_0032 ต้อง รอย น้ำ ใน 
LOG (lattice-best-path[5.5.0~1494-e5a5]:main():lattice-best-path.cc:99) For utterance M0000000124_0033, best cost 43.9515 + 2508.84 = 2552.79 over 196 frames.
M0000000124_0033 เมื่อ ร้าย จะ เศษ 
LOG (lattice-best-path[5.5.0~1494-e5a5]:main():lattice-best-path.cc:99) For utterance M0000000124_0034, best cost 32.9487 + 2893.81 = 2926.76 over 230 frames.
M0000000124_0034 เพราะ งาน จำ 
LOG (lattice-best-path[5.5.0~1494-e5a5]:main():lattice-best-path.cc:99) For utterance M0000000124_0035, best cost 36.748 + 2958.74 = 2995.49 over 230 frames.
M0000000124_0035 ไม่ ที่ แหล่ง 
LOG (lattice-best-path[5.5.0~1494-e5a5]:main():lattice-best-path.cc:99) For utterance M0000000124_0036, best cost 47.4559 + 2783.76 = 2831.22 over 212 frames.
M0000000124_0036 ขอบ เตรียม ใน อยู่ 
LOG (lattice-best-path[5.5.0~1494-e5a5]:main():lattice-best-path.cc:99) For utterance M0000000124_0037, best cost 47.6459 + 3078.72 = 3126.37 over 239 frames.
M0000000124_0037 ไม่ เอา เลือก รับ 
LOG (lattice-best-path[5.5.0~1494-e5a5]:main():lattice-best-path.cc:99) For utterance M0000000124_0038, best cost 31.9052 + 2863 = 2894.91 over 210 frames.
M0000000124_0038 ปลูก แท่ง 
LOG (lattice-best-path[5.5.0~1494-e5a5]:main():lattice-best-path.cc:99) For utterance M0000000124_0039, best cost 44.3909 + 3849.19 = 3893.58 over 287 frames.
M0000000124_0039 ได้ ไป ตรวจสอบ และ 
LOG (lattice-best-path[5.5.0~1494-e5a5]:main():lattice-best-path.cc:99) For utterance M0000000124_0040, best cost 54.3535 + 3811.45 = 3865.8 over 279 frames.
M0000000124_0040 ใหญ่ ไป โต สอง หน้า 
LOG (lattice-best-path[5.5.0~1494-e5a5]:main():lattice-best-path.cc:99) For utterance M0000000124_0041, best cost 73.5294 + 4532.14 = 4605.67 over 347 frames.
M0000000124_0041 โต ตัวนำ มัก ต่อ เรียง ใน 
LOG (lattice-best-path[5.5.0~1494-e5a5]:main():lattice-best-path.cc:99) For utterance M0000000124_0042, best cost 36.0726 + 3834.19 = 3870.26 over 279 frames.
M0000000124_0042 ยา ไถ 
LOG (lattice-best-path[5.5.0~1494-e5a5]:main():lattice-best-path.cc:99) For utterance M0000000124_0043, best cost 47.597 + 3500.47 = 3548.07 over 275 frames.
M0000000124_0043 ชั้น บน วาง ไม่ 
LOG (lattice-best-path[5.5.0~1494-e5a5]:main():lattice-best-path.cc:99) For utterance M0000000124_0044, best cost 36.0349 + 3111.48 = 3147.51 over 239 frames.
M0000000124_0044 เก็บ ต่างๆ ด้วย 
LOG (lattice-best-path[5.5.0~1494-e5a5]:main():lattice-best-path.cc:99) For utterance M0000000124_0045, best cost 53.3827 + 3790.37 = 3843.75 over 287 frames.
M0000000124_0045 ระบาย เคล็ด อีก ไม่ 
LOG (lattice-best-path[5.5.0~1494-e5a5]:main():lattice-best-path.cc:99) For utterance M0000000124_0046, best cost 31.6016 + 2604.08 = 2635.68 over 200 frames.
M0000000124_0046 เรา ที่ ไป 
LOG (lattice-best-path[5.5.0~1494-e5a5]:main():lattice-best-path.cc:99) For utterance M0000000124_0047, best cost 61.2147 + 3912.58 = 3973.79 over 305 frames.
M0000000124_0047 สัตว์ แกน จะ ใด ปาก 
LOG (lattice-best-path[5.5.0~1494-e5a5]:main():lattice-best-path.cc:99) For utterance M0000000124_0048, best cost 60.2122 + 3537.25 = 3597.46 over 272 frames.
M0000000124_0048 มี รม กระแส ร้าย ไม่ 
LOG (lattice-best-path[5.5.0~1494-e5a5]:main():lattice-best-path.cc:99) For utterance M0000000124_0049, best cost 41.14 + 3090.94 = 3132.08 over 239 frames.
M0000000124_0049 ไม่ อะไร เลย 
LOG (lattice-best-path[5.5.0~1494-e5a5]:main():lattice-best-path.cc:99) For utterance M0000000124_0050, best cost 40.707 + 3715.55 = 3756.26 over 287 frames.
M0000000124_0050 พระธาตุ เตรียม มาก 
LOG (lattice-best-path[5.5.0~1494-e5a5]:main():lattice-best-path.cc:99) For utterance M0000000124_0051, best cost 35.2747 + 2835.12 = 2870.39 over 215 frames.
M0000000124_0051 เหม็น ข่าว 
LOG (lattice-best-path[5.5.0~1494-e5a5]:main():lattice-best-path.cc:99) For utterance M0000000124_0052, best cost 47.8867 + 3452.74 = 3500.62 over 269 frames.
M0000000124_0052 เผ็ด เกิน ไป ขับ 
LOG (lattice-best-path[5.5.0~1494-e5a5]:main():lattice-best-path.cc:99) For utterance M0000000124_0053, best cost 58.7444 + 3699.68 = 3758.43 over 275 frames.
M0000000124_0053 วันนี้ รส มาก หรือ ขับ 
LOG (lattice-best-path[5.5.0~1494-e5a5]:main():lattice-best-path.cc:99) For utterance M0000000124_0054, best cost 39.3944 + 3206.13 = 3245.52 over 242 frames.
M0000000124_0054 ติด ไว้ ก่อน 
LOG (lattice-best-path[5.5.0~1494-e5a5]:main():lattice-best-path.cc:99) For utterance M0000000124_0055, best cost 49.6821 + 3705.42 = 3755.1 over 284 frames.
M0000000124_0055 ผ่าน หาร พอ น้อย 
LOG (lattice-best-path[5.5.0~1494-e5a5]:main():lattice-best-path.cc:99) For utterance M0000000124_0056, best cost 85.1808 + 4953.01 = 5038.2 over 362 frames.
M0000000124_0056 ทิ้ง ขึ้น การ ถึง เดียว ใด ไม่ 
LOG (lattice-best-path[5.5.0~1494-e5a5]:main():lattice-best-path.cc:99) For utterance M0000000124_0057, best cost 35.1118 + 3689.08 = 3724.19 over 287 frames.
M0000000124_0057 ไม่ ต้อง ไมครอน 
LOG (lattice-best-path[5.5.0~1494-e5a5]:main():lattice-best-path.cc:99) For utterance M0000000124_0058, best cost 49.3073 + 3718.04 = 3767.35 over 284 frames.
M0000000124_0058 ครั้ง จาน ได้ ไม่ 
LOG (lattice-best-path[5.5.0~1494-e5a5]:main():lattice-best-path.cc:99) For utterance M0000000124_0059, best cost 37.3292 + 4042.49 = 4079.82 over 299 frames.
M0000000124_0059 รับ ไถ 
LOG (lattice-best-path[5.5.0~1494-e5a5]:main():lattice-best-path.cc:99) For utterance M0000000124_0060, best cost 27.575 + 4085.49 = 4113.06 over 291 frames.
M0000000124_0060 มากมาย 
LOG (lattice-best-path[5.5.0~1494-e5a5]:main():lattice-best-path.cc:99) For utterance M0000000124_0061, best cost 27.2696 + 3684.34 = 3711.61 over 281 frames.
M0000000124_0061 รับ 
LOG (lattice-best-path[5.5.0~1494-e5a5]:main():lattice-best-path.cc:99) For utterance M0000000124_0062, best cost 44.5146 + 3350.36 = 3394.88 over 252 frames.
M0000000124_0062 มี พร้อม หรือ ไม่ 
LOG (lattice-best-path[5.5.0~1494-e5a5]:main():lattice-best-path.cc:99) For utterance M0000000124_0063, best cost 58.5962 + 3833.84 = 3892.44 over 296 frames.
M0000000124_0063 ไม่ หนู นี้ อะไร ไม่ 
LOG (lattice-best-path[5.5.0~1494-e5a5]:main():lattice-best-path.cc:99) For utterance M0000000124_0064, best cost 52.0914 + 3885.42 = 3937.51 over 267 frames.
M0000000124_0064 ไถ ก่อน ครั้ง ที่สุด 
LOG (lattice-best-path[5.5.0~1494-e5a5]:main():lattice-best-path.cc:99) For utterance M0000000124_0065, best cost 55.5644 + 3977.65 = 4033.22 over 294 frames.
M0000000124_0065 พอ ที่ ชุบ เริ่ม น้อย 
LOG (lattice-best-path[5.5.0~1494-e5a5]:main():lattice-best-path.cc:99) For utterance M0000000124_0066, best cost 56.1049 + 3437.43 = 3493.53 over 260 frames.
M0000000124_0066 ตรรก เทียบ หมด ขลับ 
LOG (lattice-best-path[5.5.0~1494-e5a5]:main():lattice-best-path.cc:99) For utterance M0000000124_0067, best cost 48.6683 + 3921.75 = 3970.42 over 285 frames.
M0000000124_0067 ไถ พอ มี อนึ่ง 
LOG (lattice-best-path[5.5.0~1494-e5a5]:main():lattice-best-path.cc:99) For utterance M0000000124_0068, best cost 67.1551 + 4214.31 = 4281.47 over 318 frames.
M0000000124_0068 ขอ จาน ดัง สอง จาน 
LOG (lattice-best-path[5.5.0~1494-e5a5]:main():lattice-best-path.cc:99) For utterance M0000000124_0069, best cost 67.5864 + 4079.71 = 4147.3 over 302 frames.
M0000000124_0069 มี ที่ หลัง เมื่อ ไม่ ไถ 
LOG (lattice-best-path[5.5.0~1494-e5a5]:main():lattice-best-path.cc:99) For utterance M0000000124_0070, best cost 46.569 + 3623.71 = 3670.28 over 278 frames.
M0000000124_0070 พอ มี หนู รังสี 
LOG (lattice-best-path[5.5.0~1494-e5a5]:main():lattice-best-path.cc:99) For utterance M0000000124_0071, best cost 57.5191 + 3673.32 = 3730.84 over 278 frames.
M0000000124_0071 หาร นี้ มี เขา ใน 
LOG (lattice-best-path[5.5.0~1494-e5a5]:main():lattice-best-path.cc:99) For utterance M0000000124_0072, best cost 59.7101 + 3232.25 = 3291.96 over 236 frames.
M0000000124_0072 ควร ที่ ไม่ ทิ้ง ด้วย ไม่ 
LOG (lattice-best-path[5.5.0~1494-e5a5]:main():lattice-best-path.cc:99) For utterance M0000000124_0073, best cost 68.3998 + 5379.74 = 5448.14 over 398 frames.
M0000000124_0073 เริ่ม วาง ทำ อาหาร นั้น 
LOG (lattice-best-path[5.5.0~1494-e5a5]:main():lattice-best-path.cc:99) For utterance M0000000124_0074, best cost 34.475 + 3555.32 = 3589.8 over 273 frames.
M0000000124_0074 รับ ไม่ 
LOG (lattice-best-path[5.5.0~1494-e5a5]:main():lattice-best-path.cc:99) For utterance M0000000124_0075, best cost 66.2838 + 4514.96 = 4581.25 over 330 frames.
M0000000124_0075 ยา สมการ ตรง อายุ เท่าไร 
LOG (lattice-best-path[5.5.0~1494-e5a5]:main():lattice-best-path.cc:99) For utterance M0000000124_0076, best cost 68.675 + 4561.3 = 4629.98 over 353 frames.
M0000000124_0076 ยัง ไม่ เตรียม จะ หาร รับ ไม่ 
LOG (lattice-best-path[5.5.0~1494-e5a5]:main():lattice-best-path.cc:99) For utterance M0000000124_0077, best cost 73.0507 + 4622.84 = 4695.9 over 344 frames.
M0000000124_0077 ไม่ มี ต่างๆ จาน แผ่น เป็น ไม่ 
LOG (lattice-best-path[5.5.0~1494-e5a5]:main():lattice-best-path.cc:99) For utterance M0000000124_0078, best cost 86.293 + 4883.51 = 4969.8 over 350 frames.
M0000000124_0078 ไถ ยาก เสื้อ การ ต่อ คล้าย เท่าไร 
LOG (lattice-best-path[5.5.0~1494-e5a5]:main():lattice-best-path.cc:99) For utterance M0000000124_0079, best cost 53.3003 + 3287.45 = 3340.75 over 252 frames.
M0000000124_0079 ขาด เรียง ฉาย ไม่ 
LOG (lattice-best-path[5.5.0~1494-e5a5]:main():lattice-best-path.cc:99) For utterance M0000000124_0080, best cost 97.9114 + 5097.82 = 5195.73 over 374 frames.
M0000000124_0080 ไถ ยาก เปิด ฝา ค่า บาง ต้อง ทำ ใน 
LOG (lattice-best-path[5.5.0~1494-e5a5]:main():lattice-best-path.cc:99) For utterance M0000000124_0081, best cost 51.8752 + 5460.98 = 5512.85 over 404 frames.
M0000000124_0081 ยัง ได้ คั้น ไม่ 
LOG (lattice-best-path[5.5.0~1494-e5a5]:main():lattice-best-path.cc:99) For utterance M0000000124_0082, best cost 97.3112 + 5049.25 = 5146.56 over 368 frames.
M0000000124_0082 ไถ นั้น จะ ไป เพื่อ การ ตรง สี แยก ใน 
LOG (lattice-best-path[5.5.0~1494-e5a5]:main():lattice-best-path.cc:99) For utterance M0000000124_0083, best cost 69.9429 + 3793.95 = 3863.89 over 275 frames.
M0000000124_0083 ไถ กล้วย เที่ยว ข่าย ที่ ไม่ 
LOG (lattice-best-path[5.5.0~1494-e5a5]:main():lattice-best-path.cc:99) For utterance M0000000124_0084, best cost 63.5603 + 4206.94 = 4270.5 over 312 frames.
M0000000124_0084 แท่ง เศษ ที่ เป็น ใน บาง 
LOG (lattice-best-path[5.5.0~1494-e5a5]:main():lattice-best-path.cc:99) For utterance M0000000124_0085, best cost 65.8869 + 4514.8 = 4580.69 over 344 frames.
M0000000124_0085 ข่าย อาหาร ร้าย ได้ ที่ ไม่ 
LOG (lattice-best-path[5.5.0~1494-e5a5]:main():lattice-best-path.cc:99) For utterance M0000000124_0086, best cost 73.1218 + 3608.02 = 3681.14 over 269 frames.
M0000000124_0086 หวาน หนึ่ง ขาด ได้ หยด เปล่า 
LOG (lattice-best-path[5.5.0~1494-e5a5]:main():lattice-best-path.cc:99) For utterance M0000000124_0087, best cost 57.1254 + 3787.66 = 3844.79 over 284 frames.
M0000000124_0087 เตรียม ใน ยก ได้ ไม่ 
LOG (lattice-best-path[5.5.0~1494-e5a5]:main():lattice-best-path.cc:99) For utterance M0000000124_0088, best cost 63.7445 + 4391.09 = 4454.84 over 332 frames.
M0000000124_0088 ใช้ หนู หยด จาก ที่ ใน 
LOG (lattice-best-path[5.5.0~1494-e5a5]:main():lattice-best-path.cc:99) For utterance M0000000124_0089, best cost 61.7853 + 4309.35 = 4371.13 over 329 frames.
M0000000124_0089 ต้อง สร้าง น้ำตาล ที่ โชคลาง 
LOG (lattice-best-path[5.5.0~1494-e5a5]:main():lattice-best-path.cc:99) For utterance M0000000124_0090, best cost 68.4897 + 4359.5 = 4427.99 over 318 frames.
M0000000124_0090 ทำมุม กรอก เล่น ใน หรือ สอบ 
LOG (lattice-best-path[5.5.0~1494-e5a5]:main():lattice-best-path.cc:99) For utterance M0000000124_0091, best cost 63.1428 + 3868.04 = 3931.18 over 291 frames.
M0000000124_0091 สาย พลุ่ง ชุด หรือ กล่าว 
LOG (lattice-best-path[5.5.0~1494-e5a5]:main():lattice-best-path.cc:99) For utterance M0000000124_0092, best cost 47.5441 + 3368.12 = 3415.66 over 257 frames.
M0000000124_0092 ใส่ หนู หรือ กล่าว 
LOG (lattice-best-path[5.5.0~1494-e5a5]:main():lattice-best-path.cc:99) For utterance M0000000124_0093, best cost 60.0273 + 3359.28 = 3419.31 over 251 frames.
M0000000124_0093 รอบ เป็น ฝ่าย จาน หนึ่ง 
LOG (lattice-best-path[5.5.0~1494-e5a5]:main():lattice-best-path.cc:99) For utterance M0000000124_0094, best cost 55.9142 + 3735.85 = 3791.76 over 279 frames.
M0000000124_0094 กล้วย ทั้งหมด ตาม หนึ่ง 
LOG (lattice-best-path[5.5.0~1494-e5a5]:main():lattice-best-path.cc:99) For utterance M0000000124_0095, best cost 72.0058 + 4291.1 = 4363.11 over 327 frames.
M0000000124_0095 ทำ ทั่ว หลอดไฟ หวาน ได้ ไม่ 
LOG (lattice-best-path[5.5.0~1494-e5a5]:main():lattice-best-path.cc:99) For utterance M0000000124_0096, best cost 81.5507 + 3794.77 = 3876.32 over 279 frames.
M0000000124_0096 รูป ชิ้น ลบ เปล่ง ขึ้น ร้าย หนึ่ง 
LOG (lattice-best-path[5.5.0~1494-e5a5]:main():lattice-best-path.cc:99) For utterance M0000000124_0097, best cost 62.9498 + 4388.6 = 4451.55 over 330 frames.
M0000000124_0097 มา ส่ง ที่ ออก ให้ น้อย 
LOG (lattice-best-path[5.5.0~1494-e5a5]:main():lattice-best-path.cc:99) For utterance M0000000124_0098, best cost 85.5291 + 4534.94 = 4620.47 over 338 frames.
M0000000124_0098 มา ส่ง ให้ ที่ บาง ได้ เมฆ รอบ 
LOG (lattice-best-path[5.5.0~1494-e5a5]:main():lattice-best-path.cc:99) For utterance M0000000124_0099, best cost 50.8363 + 3534.42 = 3585.26 over 260 frames.
M0000000124_0099 เดียว ลง ไป ออก รส 
LOG (lattice-best-path[5.5.0~1494-e5a5]:main():lattice-best-path.cc:99) For utterance M0000000124_0100, best cost 57.8994 + 4336.62 = 4394.52 over 327 frames.
M0000000124_0100 เดียว เดิน ที่ ระงับ 
LOG (lattice-best-path[5.5.0~1494-e5a5]:main():lattice-best-path.cc:99) For utterance M0000000124_0101, best cost 103.961 + 5442.57 = 5546.53 over 398 frames.
M0000000124_0101 อีก อยู่ ใส่ จะ ขาด เหลว อะไร กลับกลาย ใจ หนึ่ง 
LOG (lattice-best-path[5.5.0~1494-e5a5]:main():lattice-best-path.cc:99) For utterance M0000000131_0000, best cost 30.5207 + 4574.01 = 4604.53 over 338 frames.
M0000000131_0000 กงล้อ ที่ 
LOG (lattice-best-path[5.5.0~1494-e5a5]:main():lattice-best-path.cc:99) For utterance M0000000131_0001, best cost 59.5112 + 6987.09 = 7046.6 over 491 frames.
M0000000131_0001 ควร ที่ เอา รับ 
LOG (lattice-best-path[5.5.0~1494-e5a5]:main():lattice-best-path.cc:99) For utterance M0000000131_0002, best cost 28.5309 + 6790.28 = 6818.81 over 464 frames.
M0000000131_0002 
LOG (lattice-best-path[5.5.0~1494-e5a5]:main():lattice-best-path.cc:99) For utterance M0000000131_0003, best cost 43.8574 + 4879.84 = 4923.69 over 328 frames.
M0000000131_0003 ไถ ไถ 
LOG (lattice-best-path[5.5.0~1494-e5a5]:main():lattice-best-path.cc:99) For utterance M0000000131_0004, best cost 50.7238 + 5319.3 = 5370.02 over 384 frames.
M0000000131_0004 พ่น ข้าว การ 
LOG (lattice-best-path[5.5.0~1494-e5a5]:main():lattice-best-path.cc:99) For utterance M0000000131_0005, best cost 70.5096 + 5606.66 = 5677.17 over 396 frames.
M0000000131_0005 เอา พวก ได้ ไทย รูเจาะ 
LOG (lattice-best-path[5.5.0~1494-e5a5]:main():lattice-best-path.cc:99) For utterance M0000000131_0006, best cost 53.0601 + 4463.46 = 4516.52 over 332 frames.
M0000000131_0006 ดึง คง ควร เรือน 
LOG (lattice-best-path[5.5.0~1494-e5a5]:main():lattice-best-path.cc:99) For utterance M0000000131_0007, best cost 46.5562 + 3842.37 = 3888.92 over 284 frames.
M0000000131_0007 ฯลฯ การ อ่าน 
LOG (lattice-best-path[5.5.0~1494-e5a5]:main():lattice-best-path.cc:99) For utterance M0000000131_0008, best cost 40.0042 + 4054.2 = 4094.2 over 284 frames.
M0000000131_0008 ดัน กรง 
LOG (lattice-best-path[5.5.0~1494-e5a5]:main():lattice-best-path.cc:99) For utterance M0000000131_0009, best cost 34.4146 + 3774.55 = 3808.97 over 270 frames.
M0000000131_0009 พ่น หรือ 
LOG (lattice-best-path[5.5.0~1494-e5a5]:main():lattice-best-path.cc:99) For utterance M0000000131_0010, best cost 31.5704 + 3899.29 = 3930.86 over 287 frames.
M0000000131_0010 พ่น 
LOG (lattice-best-path[5.5.0~1494-e5a5]:main():lattice-best-path.cc:99) For utterance M0000000131_0011, best cost 58.1743 + 2961.7 = 3019.88 over 210 frames.
M0000000131_0011 ไถ ไถ รหัส คน 
LOG (lattice-best-path[5.5.0~1494-e5a5]:main():lattice-best-path.cc:99) For utterance M0000000131_0012, best cost 36.6434 + 2924.99 = 2961.63 over 200 frames.
M0000000131_0012 ไถ ไถ 
LOG (lattice-best-path[5.5.0~1494-e5a5]:main():lattice-best-path.cc:99) For utterance M0000000131_0013, best cost 73.8516 + 3911.91 = 3985.76 over 250 frames.
M0000000131_0013 ต้อง สิ่ง ที่ เอา เล็ก ส่ง หรือ 
LOG (lattice-best-path[5.5.0~1494-e5a5]:main():lattice-best-path.cc:99) For utterance M0000000131_0014, best cost 44.0092 + 3467.48 = 3511.49 over 238 frames.
M0000000131_0014 ไถ ไถ ที่ 
LOG (lattice-best-path[5.5.0~1494-e5a5]:main():lattice-best-path.cc:99) For utterance M0000000131_0015, best cost 29.1332 + 2928.11 = 2957.24 over 195 frames.
M0000000131_0015 แคระแกร็น 
LOG (lattice-best-path[5.5.0~1494-e5a5]:main():lattice-best-path.cc:99) For utterance M0000000131_0016, best cost 23.581 + 3002.81 = 3026.4 over 195 frames.
M0000000131_0016 มัก 
LOG (lattice-best-path[5.5.0~1494-e5a5]:main():lattice-best-path.cc:99) For utterance M0000000131_0017, best cost 52.0432 + 2799.47 = 2851.51 over 190 frames.
M0000000131_0017 ไถ คน อะไร ละ 
LOG (lattice-best-path[5.5.0~1494-e5a5]:main():lattice-best-path.cc:99) For utterance M0000000131_0018, best cost 38.0733 + 2873.83 = 2911.9 over 188 frames.
M0000000131_0018 ไถ ไถ 
LOG (lattice-best-path[5.5.0~1494-e5a5]:main():lattice-best-path.cc:99) For utterance M0000000131_0019, best cost 20.2613 + 2752.97 = 2773.23 over 181 frames.
M0000000131_0019 
LOG (lattice-best-path[5.5.0~1494-e5a5]:main():lattice-best-path.cc:99) For utterance M0000000131_0020, best cost 28.5858 + 2576.24 = 2604.82 over 166 frames.
M0000000131_0020 ปรก 
LOG (lattice-best-path[5.5.0~1494-e5a5]:main():lattice-best-path.cc:99) For utterance M0000000131_0021, best cost 47.5586 + 2575.02 = 2622.58 over 174 frames.
M0000000131_0021 ไถ มัก กิน จะ 
LOG (lattice-best-path[5.5.0~1494-e5a5]:main():lattice-best-path.cc:99) For utterance M0000000131_0022, best cost 44.3537 + 2812.88 = 2857.23 over 193 frames.
M0000000131_0022 ไถ จึง ได้ ระยะ 
LOG (lattice-best-path[5.5.0~1494-e5a5]:main():lattice-best-path.cc:99) For utterance M0000000131_0023, best cost 49.1097 + 3938.69 = 3987.8 over 257 frames.
M0000000131_0023 ไถ อาหาร อะไร 
LOG (lattice-best-path[5.5.0~1494-e5a5]:main():lattice-best-path.cc:99) For utterance M0000000131_0024, best cost 28.782 + 2869.54 = 2898.32 over 190 frames.
M0000000131_0024 ขอ 
LOG (lattice-best-path[5.5.0~1494-e5a5]:main():lattice-best-path.cc:99) For utterance M0000000131_0025, best cost 28.7223 + 1987.16 = 2015.88 over 132 frames.
M0000000131_0025 ไถ วิเคราะห์ 
LOG (lattice-best-path[5.5.0~1494-e5a5]:main():lattice-best-path.cc:99) For utterance M0000000131_0026, best cost 15.5479 + 3640.82 = 3656.37 over 223 frames.
M0000000131_0026 
LOG (lattice-best-path[5.5.0~1494-e5a5]:main():lattice-best-path.cc:99) For utterance M0000000131_0027, best cost 35.381 + 4611.25 = 4646.63 over 306 frames.
M0000000131_0027 ไถ ออก 
LOG (lattice-best-path[5.5.0~1494-e5a5]:main():lattice-best-path.cc:99) For utterance M0000000131_0028, best cost 34.7795 + 2874.08 = 2908.86 over 186 frames.
M0000000131_0028 ไถ ไถ 
LOG (lattice-best-path[5.5.0~1494-e5a5]:main():lattice-best-path.cc:99) For utterance M0000000131_0029, best cost 13.1567 + 2261.04 = 2274.2 over 152 frames.
M0000000131_0029 
LOG (lattice-best-path[5.5.0~1494-e5a5]:main():lattice-best-path.cc:99) For utterance M0000000131_0030, best cost 38.1683 + 3277.59 = 3315.76 over 224 frames.
M0000000131_0030 ไถ ไถ 
LOG (lattice-best-path[5.5.0~1494-e5a5]:main():lattice-best-path.cc:99) For utterance M0000000131_0031, best cost 34.2095 + 2524.37 = 2558.58 over 165 frames.
M0000000131_0031 กิน ลง 
LOG (lattice-best-path[5.5.0~1494-e5a5]:main():lattice-best-path.cc:99) For utterance M0000000131_0032, best cost 36.4612 + 2791.17 = 2827.63 over 195 frames.
M0000000131_0032 ไถ ด้วย ละเลย 
LOG (lattice-best-path[5.5.0~1494-e5a5]:main():lattice-best-path.cc:99) For utterance M0000000131_0033, best cost 43.3193 + 2143.92 = 2187.24 over 145 frames.
M0000000131_0033 ไถ ร้าย หรือ เศษ 
LOG (lattice-best-path[5.5.0~1494-e5a5]:main():lattice-best-path.cc:99) For utterance M0000000131_0034, best cost 40.1974 + 3114 = 3154.19 over 227 frames.
M0000000131_0034 กรง จะ หรือ 
LOG (lattice-best-path[5.5.0~1494-e5a5]:main():lattice-best-path.cc:99) For utterance M0000000131_0035, best cost 35.7539 + 2092.67 = 2128.43 over 140 frames.
M0000000131_0035 ไถ วิธี แล้ว 
LOG (lattice-best-path[5.5.0~1494-e5a5]:main():lattice-best-path.cc:99) For utterance M0000000131_0036, best cost 39.0024 + 2690.51 = 2729.51 over 178 frames.
M0000000131_0036 หรือ ไม่ ลง 
LOG (lattice-best-path[5.5.0~1494-e5a5]:main():lattice-best-path.cc:99) For utterance M0000000131_0037, best cost 16.208 + 2150.61 = 2166.82 over 144 frames.
M0000000131_0037 
LOG (lattice-best-path[5.5.0~1494-e5a5]:main():lattice-best-path.cc:99) For utterance M0000000131_0038, best cost 37.8351 + 4147.14 = 4184.97 over 279 frames.
M0000000131_0038 ไถ ไถ 
LOG (lattice-best-path[5.5.0~1494-e5a5]:main():lattice-best-path.cc:99) For utterance M0000000131_0039, best cost 26.2547 + 2952.21 = 2978.46 over 197 frames.
M0000000131_0039 ยา 
LOG (lattice-best-path[5.5.0~1494-e5a5]:main():lattice-best-path.cc:99) For utterance M0000000131_0040, best cost 27.8374 + 2924.74 = 2952.58 over 197 frames.
M0000000131_0040 ยา 
LOG (lattice-best-path[5.5.0~1494-e5a5]:main():lattice-best-path.cc:99) For utterance M0000000131_0041, best cost 18.5334 + 3331.78 = 3350.32 over 217 frames.
M0000000131_0041 
LOG (lattice-best-path[5.5.0~1494-e5a5]:main():lattice-best-path.cc:99) For utterance M0000000131_0042, best cost 34.1357 + 2875.12 = 2909.26 over 194 frames.
M0000000131_0042 ไถ ใหญ่ 
LOG (lattice-best-path[5.5.0~1494-e5a5]:main():lattice-best-path.cc:99) For utterance M0000000131_0043, best cost 57.2172 + 2895.58 = 2952.8 over 203 frames.
M0000000131_0043 ไถ จน บน วาง ไว้ 
LOG (lattice-best-path[5.5.0~1494-e5a5]:main():lattice-best-path.cc:99) For utterance M0000000131_0044, best cost 23.276 + 2327.6 = 2350.88 over 151 frames.
M0000000131_0044 ด้วย 
LOG (lattice-best-path[5.5.0~1494-e5a5]:main():lattice-best-path.cc:99) For utterance M0000000131_0045, best cost 32.7813 + 2760.3 = 2793.08 over 185 frames.
M0000000131_0045 ไถ เปราะ 
LOG (lattice-best-path[5.5.0~1494-e5a5]:main():lattice-best-path.cc:99) For utterance M0000000131_0046, best cost 30.8001 + 2074.82 = 2105.62 over 145 frames.
M0000000131_0046 ไถ อธิบาย 
LOG (lattice-best-path[5.5.0~1494-e5a5]:main():lattice-best-path.cc:99) For utterance M0000000131_0047, best cost 33.6009 + 2708.94 = 2742.54 over 180 frames.
M0000000131_0047 ไถ เรื่อยๆ 
LOG (lattice-best-path[5.5.0~1494-e5a5]:main():lattice-best-path.cc:99) For utterance M0000000131_0048, best cost 59.2192 + 3277.24 = 3336.46 over 220 frames.
M0000000131_0048 ไถ มี รส เท่าไร ใหม่ๆ 
LOG (lattice-best-path[5.5.0~1494-e5a5]:main():lattice-best-path.cc:99) For utterance M0000000131_0049, best cost 39.28 + 2810.23 = 2849.51 over 198 frames.
M0000000131_0049 ไถ อะไร เรื่อย 
LOG (lattice-best-path[5.5.0~1494-e5a5]:main():lattice-best-path.cc:99) For utterance M0000000131_0050, best cost 36.2004 + 3115.36 = 3151.56 over 210 frames.
M0000000131_0050 ไถ ไถ 
LOG (lattice-best-path[5.5.0~1494-e5a5]:main():lattice-best-path.cc:99) For utterance M0000000131_0051, best cost 23.0012 + 2728.14 = 2751.14 over 183 frames.
M0000000131_0051 เขา 
LOG (lattice-best-path[5.5.0~1494-e5a5]:main():lattice-best-path.cc:99) For utterance M0000000131_0052, best cost 22.0745 + 2419.52 = 2441.6 over 161 frames.
M0000000131_0052 เพราะ 
LOG (lattice-best-path[5.5.0~1494-e5a5]:main():lattice-best-path.cc:99) For utterance M0000000131_0053, best cost 16.7142 + 2720.75 = 2737.47 over 177 frames.
M0000000131_0053 
LOG (lattice-best-path[5.5.0~1494-e5a5]:main():lattice-best-path.cc:99) For utterance M0000000131_0054, best cost 34.9769 + 3020.26 = 3055.23 over 205 frames.
M0000000131_0054 ไถ ไถ 
LOG (lattice-best-path[5.5.0~1494-e5a5]:main():lattice-best-path.cc:99) For utterance M0000000131_0055, best cost 24.2022 + 2672.42 = 2696.62 over 185 frames.
M0000000131_0055 อีก 
LOG (lattice-best-path[5.5.0~1494-e5a5]:main():lattice-best-path.cc:99) For utterance M0000000131_0056, best cost 37.3015 + 4309.36 = 4346.66 over 278 frames.
M0000000131_0056 ไถ ไถ 
LOG (lattice-best-path[5.5.0~1494-e5a5]:main():lattice-best-path.cc:99) For utterance M0000000131_0057, best cost 14.3528 + 1737.82 = 1752.17 over 120 frames.
M0000000131_0057 
LOG (lattice-best-path[5.5.0~1494-e5a5]:main():lattice-best-path.cc:99) For utterance M0000000131_0058, best cost 36.3497 + 2967.17 = 3003.52 over 212 frames.
M0000000131_0058 ไถ ไถ 
LOG (lattice-best-path[5.5.0~1494-e5a5]:main():lattice-best-path.cc:99) For utterance M0000000131_0059, best cost 36.9093 + 3650.61 = 3687.52 over 251 frames.
M0000000131_0059 ไถ ไถ 
LOG (lattice-best-path[5.5.0~1494-e5a5]:main():lattice-best-path.cc:99) For utterance M0000000131_0060, best cost 15.2812 + 3018.71 = 3034 over 197 frames.
M0000000131_0060 
LOG (lattice-best-path[5.5.0~1494-e5a5]:main():lattice-best-path.cc:99) For utterance M0000000131_0061, best cost 33.4937 + 2244.7 = 2278.19 over 148 frames.
M0000000131_0061 ไถ บน 
LOG (lattice-best-path[5.5.0~1494-e5a5]:main():lattice-best-path.cc:99) For utterance M0000000131_0062, best cost 35.7148 + 2680.95 = 2716.66 over 177 frames.
M0000000131_0062 ไถ บีบ 
LOG (lattice-best-path[5.5.0~1494-e5a5]:main():lattice-best-path.cc:99) For utterance M0000000131_0063, best cost 26.3464 + 2715.57 = 2741.92 over 183 frames.
M0000000131_0063 หวาน 
LOG (lattice-best-path[5.5.0~1494-e5a5]:main():lattice-best-path.cc:99) For utterance M0000000131_0064, best cost 37.3567 + 2704.41 = 2741.76 over 181 frames.
M0000000131_0064 ตาราง หรือ อีก 
LOG (lattice-best-path[5.5.0~1494-e5a5]:main():lattice-best-path.cc:99) For utterance M0000000131_0065, best cost 28.2887 + 2979.91 = 3008.2 over 193 frames.
M0000000131_0065 ชุบ 
LOG (lattice-best-path[5.5.0~1494-e5a5]:main():lattice-best-path.cc:99) For utterance M0000000131_0066, best cost 33.4966 + 3072.52 = 3106.02 over 210 frames.
M0000000131_0066 ไถ ไถ 
LOG (lattice-best-path[5.5.0~1494-e5a5]:main():lattice-best-path.cc:99) For utterance M0000000131_0067, best cost 31.9264 + 1601.6 = 1633.52 over 106 frames.
M0000000131_0067 ของ มี เอาเอง 
LOG (lattice-best-path[5.5.0~1494-e5a5]:main():lattice-best-path.cc:99) For utterance M0000000131_0068, best cost 17.1363 + 2707.95 = 2725.08 over 177 frames.
M0000000131_0068 
LOG (lattice-best-path[5.5.0~1494-e5a5]:main():lattice-best-path.cc:99) For utterance M0000000131_0069, best cost 57.6533 + 2745.14 = 2802.79 over 188 frames.
M0000000131_0069 บิน ที่ หลัง หรือ ใหม่ๆ 
LOG (lattice-best-path[5.5.0~1494-e5a5]:main():lattice-best-path.cc:99) For utterance M0000000131_0070, best cost 12.4765 + 2131.53 = 2144 over 140 frames.
M0000000131_0070 
LOG (lattice-best-path[5.5.0~1494-e5a5]:main():lattice-best-path.cc:99) For utterance M0000000131_0071, best cost 16.0065 + 2883.45 = 2899.46 over 181 frames.
M0000000131_0071 
LOG (lattice-best-path[5.5.0~1494-e5a5]:main():lattice-best-path.cc:99) For utterance M0000000131_0072, best cost 15.9701 + 2903.14 = 2919.11 over 185 frames.
M0000000131_0072 
LOG (lattice-best-path[5.5.0~1494-e5a5]:main():lattice-best-path.cc:99) For utterance M0000000131_0073, best cost 28.6512 + 3002.28 = 3030.93 over 198 frames.
M0000000131_0073 รัฐ 
LOG (lattice-best-path[5.5.0~1494-e5a5]:main():lattice-best-path.cc:99) For utterance M0000000131_0074, best cost 13.3638 + 2477.7 = 2491.07 over 162 frames.
M0000000131_0074 
LOG (lattice-best-path[5.5.0~1494-e5a5]:main():lattice-best-path.cc:99) For utterance M0000000131_0075, best cost 36.9149 + 3667.72 = 3704.64 over 235 frames.
M0000000131_0075 อยู่ ไหล 
LOG (lattice-best-path[5.5.0~1494-e5a5]:main():lattice-best-path.cc:99) For utterance M0000000131_0076, best cost 16.6166 + 2844.22 = 2860.84 over 177 frames.
M0000000131_0076 
LOG (lattice-best-path[5.5.0~1494-e5a5]:main():lattice-best-path.cc:99) For utterance M0000000131_0077, best cost 18.5544 + 3215.62 = 3234.17 over 208 frames.
M0000000131_0077 
LOG (lattice-best-path[5.5.0~1494-e5a5]:main():lattice-best-path.cc:99) For utterance M0000000131_0078, best cost 33.4382 + 3044.45 = 3077.89 over 193 frames.
M0000000131_0078 เพราะ เอะอะ 
LOG (lattice-best-path[5.5.0~1494-e5a5]:main():lattice-best-path.cc:99) For utterance M0000000131_0079, best cost 18.0024 + 2511.8 = 2529.8 over 166 frames.
M0000000131_0079 
LOG (lattice-best-path[5.5.0~1494-e5a5]:main():lattice-best-path.cc:99) For utterance M0000000131_0080, best cost 19.6505 + 4048.82 = 4068.47 over 278 frames.
M0000000131_0080 
LOG (lattice-scale[5.5.0~1494-e5a5]:main():lattice-scale.cc:107) Done 510 lattices.
LOG (lattice-best-path[5.5.0~1494-e5a5]:main():lattice-best-path.cc:99) For utterance M0000000131_0081, best cost 33.8501 + 4158.77 = 4192.62 over 267 frames.
M0000000131_0081 อย่าง 
LOG (lattice-best-path[5.5.0~1494-e5a5]:main():lattice-best-path.cc:99) For utterance M0000000131_0082, best cost 60.4905 + 3910.93 = 3971.42 over 250 frames.
M0000000131_0082 ไถ ไถ สี เอะอะ 
LOG (lattice-best-path[5.5.0~1494-e5a5]:main():lattice-best-path.cc:99) For utterance M0000000131_0083, best cost 13.4179 + 2663.99 = 2677.41 over 168 frames.
M0000000131_0083 
LOG (lattice-best-path[5.5.0~1494-e5a5]:main():lattice-best-path.cc:99) For utterance M0000000131_0084, best cost 16.858 + 3020.25 = 3037.11 over 200 frames.
M0000000131_0084 
LOG (lattice-best-path[5.5.0~1494-e5a5]:main():lattice-best-path.cc:99) For utterance M0000000131_0085, best cost 18.3178 + 3147.93 = 3166.25 over 203 frames.
M0000000131_0085 
LOG (lattice-best-path[5.5.0~1494-e5a5]:main():lattice-best-path.cc:99) For utterance M0000000131_0086, best cost 16.56 + 2667.27 = 2683.83 over 170 frames.
M0000000131_0086 
LOG (lattice-best-path[5.5.0~1494-e5a5]:main():lattice-best-path.cc:99) For utterance M0000000131_0087, best cost 41.4607 + 2514.09 = 2555.55 over 164 frames.
M0000000131_0087 เปลี่ยน อายุ 
LOG (lattice-best-path[5.5.0~1494-e5a5]:main():lattice-best-path.cc:99) For utterance M0000000131_0088, best cost 12.6731 + 3492.83 = 3505.5 over 230 frames.
M0000000131_0088 
LOG (lattice-best-path[5.5.0~1494-e5a5]:main():lattice-best-path.cc:99) For utterance M0000000131_0089, best cost 19.8995 + 2870.69 = 2890.59 over 183 frames.
M0000000131_0089 
LOG (lattice-best-path[5.5.0~1494-e5a5]:main():lattice-best-path.cc:99) For utterance M0000000131_0090, best cost 18.3339 + 2862.68 = 2881.01 over 191 frames.
M0000000131_0090 
LOG (lattice-best-path[5.5.0~1494-e5a5]:main():lattice-best-path.cc:99) For utterance M0000000131_0091, best cost 13.5698 + 2809.1 = 2822.67 over 176 frames.
M0000000131_0091 
LOG (lattice-best-path[5.5.0~1494-e5a5]:main():lattice-best-path.cc:99) For utterance M0000000131_0092, best cost 31.1276 + 2688.64 = 2719.77 over 184 frames.
M0000000131_0092 ตั้ง เรา 
LOG (lattice-best-path[5.5.0~1494-e5a5]:main():lattice-best-path.cc:99) For utterance M0000000131_0093, best cost 33.2495 + 2284.5 = 2317.75 over 152 frames.
M0000000131_0093 ประจำ หนึ่ง 
LOG (lattice-best-path[5.5.0~1494-e5a5]:main():lattice-best-path.cc:99) For utterance M0000000131_0094, best cost 18.3631 + 2419.25 = 2437.61 over 155 frames.
M0000000131_0094 
LOG (lattice-best-path[5.5.0~1494-e5a5]:main():lattice-best-path.cc:99) For utterance M0000000131_0095, best cost 17.6836 + 3361.39 = 3379.07 over 231 frames.
M0000000131_0095 
LOG (lattice-best-path[5.5.0~1494-e5a5]:main():lattice-best-path.cc:99) For utterance M0000000131_0096, best cost 26.6153 + 3046.97 = 3073.59 over 198 frames.
M0000000131_0096 ใหม่ๆ 
LOG (lattice-best-path[5.5.0~1494-e5a5]:main():lattice-best-path.cc:99) For utterance M0000000131_0097, best cost 16.5081 + 2733.19 = 2749.7 over 179 frames.
M0000000131_0097 
LOG (lattice-best-path[5.5.0~1494-e5a5]:main():lattice-best-path.cc:99) For utterance M0000000131_0098, best cost 16.9023 + 2922.16 = 2939.07 over 190 frames.
M0000000131_0098 
LOG (lattice-best-path[5.5.0~1494-e5a5]:main():lattice-best-path.cc:99) For utterance M0000000131_0099, best cost 16.3988 + 2314.04 = 2330.44 over 154 frames.
M0000000131_0099 
LOG (lattice-best-path[5.5.0~1494-e5a5]:main():lattice-best-path.cc:99) For utterance M0000000131_0100, best cost 34.143 + 2496.78 = 2530.93 over 157 frames.
M0000000131_0100 รัฐ ละ 
LOG (lattice-add-penalty[5.5.0~1494-e5a5]:main():lattice-add-penalty.cc:62) Done adding word insertion penalty to 510 lattices.
LOG (lattice-best-path[5.5.0~1494-e5a5]:main():lattice-best-path.cc:99) For utterance M0000000131_0101, best cost 37.6456 + 3818.93 = 3856.57 over 242 frames.
M0000000131_0101 เจาะ หนึ่ง 
LOG (lattice-best-path[5.5.0~1494-e5a5]:main():lattice-best-path.cc:124) Overall cost per frame is 14.0775 = 0.203181 [graph] + 13.8744 [acoustic] over 120161 frames.
LOG (lattice-best-path[5.5.0~1494-e5a5]:main():lattice-best-path.cc:128) Done 510 lattices, failed for 0
# Accounting: time=1 threads=1
# Ended (code 0) at Sun May  2 17:11:26 UTC 2021, elapsed time 1 seconds
