# lattice-scale --inv-acoustic-scale=15 "ark:gunzip -c exp/tri1/decode/lat.*.gz|" ark:- | lattice-add-penalty --word-ins-penalty=0.5 ark:- ark:- | lattice-best-path --word-symbol-table=exp/tri1/graph//words.txt ark:- ark,t:- | utils/int2sym.pl -f 2- exp/tri1/graph//words.txt | local/wer_hyp_filter > exp/tri1/decode/scoring_kaldi/penalty_0.5/15.txt 
# Started at Sun May  2 17:11:28 UTC 2021
#
lattice-add-penalty --word-ins-penalty=0.5 ark:- ark:- 
lattice-scale --inv-acoustic-scale=15 'ark:gunzip -c exp/tri1/decode/lat.*.gz|' ark:- 
lattice-best-path --word-symbol-table=exp/tri1/graph//words.txt ark:- ark,t:- 
LOG (lattice-best-path[5.5.0~1494-e5a5]:main():lattice-best-path.cc:99) For utterance M0000000085_0000, best cost 32.3834 + 886.497 = 918.881 over 127 frames.
M0000000085_0000 กงล้อ ที่ อีก 
LOG (lattice-best-path[5.5.0~1494-e5a5]:main():lattice-best-path.cc:99) For utterance M0000000085_0001, best cost 67.2621 + 1578.24 = 1645.5 over 233 frames.
M0000000085_0001 กงล้อ ที่ เอา ล้าน อนึ่ง กัน 
LOG (lattice-best-path[5.5.0~1494-e5a5]:main():lattice-best-path.cc:99) For utterance M0000000085_0002, best cost 53.7525 + 1491.31 = 1545.06 over 224 frames.
M0000000085_0002 เอา ออก ไป ใช้ กล่าวถึง การ 
LOG (lattice-best-path[5.5.0~1494-e5a5]:main():lattice-best-path.cc:99) For utterance M0000000085_0003, best cost 29.8608 + 1474.11 = 1503.97 over 212 frames.
M0000000085_0003 ทรง ตาม 
LOG (lattice-best-path[5.5.0~1494-e5a5]:main():lattice-best-path.cc:99) For utterance M0000000085_0004, best cost 46.8263 + 1188.67 = 1235.5 over 179 frames.
M0000000085_0004 เขา ประมง กระดาษ การ 
LOG (lattice-best-path[5.5.0~1494-e5a5]:main():lattice-best-path.cc:99) For utterance M0000000085_0005, best cost 60.068 + 1337.04 = 1397.1 over 198 frames.
M0000000085_0005 ออก กลไก ใส่ มน การ 
LOG (lattice-best-path[5.5.0~1494-e5a5]:main():lattice-best-path.cc:99) For utterance M0000000085_0006, best cost 21.8224 + 964.376 = 986.199 over 140 frames.
M0000000085_0006 พวก 
LOG (lattice-best-path[5.5.0~1494-e5a5]:main():lattice-best-path.cc:99) For utterance M0000000085_0007, best cost 53.044 + 1076.44 = 1129.48 over 165 frames.
M0000000085_0007 นำ โค้ง ปาก ยาว หนึ่ง 
LOG (lattice-best-path[5.5.0~1494-e5a5]:main():lattice-best-path.cc:99) For utterance M0000000085_0008, best cost 59.4917 + 1409.22 = 1468.72 over 218 frames.
M0000000085_0008 นำเอา หนึ่ง นั้น โค้ง สอง 
LOG (lattice-best-path[5.5.0~1494-e5a5]:main():lattice-best-path.cc:99) For utterance M0000000085_0009, best cost 28.628 + 1145.22 = 1173.85 over 174 frames.
M0000000085_0009 ข้อ นั้น 
LOG (lattice-best-path[5.5.0~1494-e5a5]:main():lattice-best-path.cc:99) For utterance M0000000085_0010, best cost 37.6422 + 904.992 = 942.634 over 135 frames.
M0000000085_0010 คง หลอด น้อย 
LOG (lattice-best-path[5.5.0~1494-e5a5]:main():lattice-best-path.cc:99) For utterance M0000000085_0011, best cost 33.3044 + 988.372 = 1021.68 over 153 frames.
M0000000085_0011 มา ทาง กล 
LOG (lattice-best-path[5.5.0~1494-e5a5]:main():lattice-best-path.cc:99) For utterance M0000000085_0012, best cost 23.9154 + 1191.56 = 1215.47 over 176 frames.
M0000000085_0012 ตาม 
LOG (lattice-best-path[5.5.0~1494-e5a5]:main():lattice-best-path.cc:99) For utterance M0000000085_0013, best cost 55.6342 + 1781.03 = 1836.66 over 261 frames.
M0000000085_0013 ต้อง สิ่ง ที่ ออก ซึ่ง 
LOG (lattice-best-path[5.5.0~1494-e5a5]:main():lattice-best-path.cc:99) For utterance M0000000085_0014, best cost 23.5751 + 1107.86 = 1131.44 over 162 frames.
M0000000085_0014 ที่ 
LOG (lattice-best-path[5.5.0~1494-e5a5]:main():lattice-best-path.cc:99) For utterance M0000000085_0015, best cost 43.413 + 1023.21 = 1066.62 over 153 frames.
M0000000085_0015 ก่อนหลัง ตรง น้ำหนัก 
LOG (lattice-best-path[5.5.0~1494-e5a5]:main():lattice-best-path.cc:99) For utterance M0000000085_0016, best cost 23.2669 + 1274.57 = 1297.84 over 183 frames.
M0000000085_0016 ขอนแก่น 
LOG (lattice-best-path[5.5.0~1494-e5a5]:main():lattice-best-path.cc:99) For utterance M0000000085_0017, best cost 30.4778 + 1228.91 = 1259.39 over 189 frames.
M0000000085_0017 ข้อ นั้น 
LOG (lattice-best-path[5.5.0~1494-e5a5]:main():lattice-best-path.cc:99) For utterance M0000000085_0018, best cost 47.4239 + 1027.06 = 1074.48 over 150 frames.
M0000000085_0018 ของ กลีบ เริ่ม น้อย 
LOG (lattice-best-path[5.5.0~1494-e5a5]:main():lattice-best-path.cc:99) For utterance M0000000085_0019, best cost 42.1682 + 1302.48 = 1344.65 over 197 frames.
M0000000085_0019 ขยาย เป็นต้น คณะ 
LOG (lattice-best-path[5.5.0~1494-e5a5]:main():lattice-best-path.cc:99) For utterance M0000000085_0020, best cost 36.0934 + 1051.43 = 1087.53 over 162 frames.
M0000000085_0020 รูป อะไร ใน 
LOG (lattice-best-path[5.5.0~1494-e5a5]:main():lattice-best-path.cc:99) For utterance M0000000085_0021, best cost 28.0264 + 1035.59 = 1063.62 over 165 frames.
M0000000085_0021 ตัดสิน การ 
LOG (lattice-best-path[5.5.0~1494-e5a5]:main():lattice-best-path.cc:99) For utterance M0000000085_0022, best cost 39.428 + 939.637 = 979.065 over 143 frames.
M0000000085_0022 จึง ได้ ไม่ อาจ 
LOG (lattice-best-path[5.5.0~1494-e5a5]:main():lattice-best-path.cc:99) For utterance M0000000085_0023, best cost 36.174 + 1431.49 = 1467.66 over 216 frames.
M0000000085_0023 อาหาร ภายใน 
LOG (lattice-best-path[5.5.0~1494-e5a5]:main():lattice-best-path.cc:99) For utterance M0000000085_0024, best cost 43.0523 + 879.197 = 922.249 over 129 frames.
M0000000085_0024 ของ เครื่อง องค์ น้อย 
LOG (lattice-best-path[5.5.0~1494-e5a5]:main():lattice-best-path.cc:99) For utterance M0000000085_0025, best cost 29.9117 + 787.988 = 817.899 over 119 frames.
M0000000085_0025 คิด หมด 
LOG (lattice-best-path[5.5.0~1494-e5a5]:main():lattice-best-path.cc:99) For utterance M0000000085_0026, best cost 46.33 + 1284.07 = 1330.4 over 188 frames.
M0000000085_0026 มี จะ ที่ ใหม่ๆ 
LOG (lattice-best-path[5.5.0~1494-e5a5]:main():lattice-best-path.cc:99) For utterance M0000000085_0027, best cost 36.0571 + 1553.53 = 1589.59 over 227 frames.
M0000000085_0027 เอา ซอส 
LOG (lattice-best-path[5.5.0~1494-e5a5]:main():lattice-best-path.cc:99) For utterance M0000000085_0028, best cost 35.2711 + 1273.23 = 1308.5 over 188 frames.
M0000000085_0028 ข้อ นั้น จึง 
LOG (lattice-best-path[5.5.0~1494-e5a5]:main():lattice-best-path.cc:99) For utterance M0000000085_0029, best cost 35.7368 + 977.222 = 1012.96 over 153 frames.
M0000000085_0029 จะ เฉลี่ย อย่าง 
LOG (lattice-best-path[5.5.0~1494-e5a5]:main():lattice-best-path.cc:99) For utterance M0000000085_0030, best cost 44.1691 + 1055.81 = 1099.98 over 167 frames.
M0000000085_0030 รวม อะไร ใน บาง 
LOG (lattice-best-path[5.5.0~1494-e5a5]:main():lattice-best-path.cc:99) For utterance M0000000085_0031, best cost 23.2029 + 1156.11 = 1179.32 over 171 frames.
M0000000085_0031 อาหาร 
LOG (lattice-best-path[5.5.0~1494-e5a5]:main():lattice-best-path.cc:99) For utterance M0000000085_0032, best cost 29.4813 + 1126.23 = 1155.71 over 171 frames.
M0000000085_0032 ผล อะไร 
LOG (lattice-best-path[5.5.0~1494-e5a5]:main():lattice-best-path.cc:99) For utterance M0000000085_0033, best cost 25.0196 + 835.358 = 860.377 over 126 frames.
M0000000085_0033 ใหม่ๆ 
LOG (lattice-best-path[5.5.0~1494-e5a5]:main():lattice-best-path.cc:99) For utterance M0000000085_0034, best cost 30.0694 + 947.612 = 977.681 over 150 frames.
M0000000085_0034 หลอด ปานกลาง 
LOG (lattice-best-path[5.5.0~1494-e5a5]:main():lattice-best-path.cc:99) For utterance M0000000085_0035, best cost 19.3187 + 893.538 = 912.857 over 135 frames.
M0000000085_0035 แมลง 
LOG (lattice-best-path[5.5.0~1494-e5a5]:main():lattice-best-path.cc:99) For utterance M0000000085_0036, best cost 33.4674 + 1177.76 = 1211.23 over 179 frames.
M0000000085_0036 ของ เปลี่ยน 
LOG (lattice-best-path[5.5.0~1494-e5a5]:main():lattice-best-path.cc:99) For utterance M0000000085_0037, best cost 37.4533 + 940.138 = 977.591 over 147 frames.
M0000000085_0037 ไม่ เอา และ 
LOG (lattice-best-path[5.5.0~1494-e5a5]:main():lattice-best-path.cc:99) For utterance M0000000085_0038, best cost 13.1994 + 1014.54 = 1027.74 over 150 frames.
M0000000085_0038 
LOG (lattice-best-path[5.5.0~1494-e5a5]:main():lattice-best-path.cc:99) For utterance M0000000085_0039, best cost 37.1951 + 1182.75 = 1219.94 over 177 frames.
M0000000085_0039 ได้ องศา หนัก 
LOG (lattice-best-path[5.5.0~1494-e5a5]:main():lattice-best-path.cc:99) For utterance M0000000085_0040, best cost 22.505 + 1060.71 = 1083.21 over 156 frames.
M0000000085_0040 ยา 
LOG (lattice-best-path[5.5.0~1494-e5a5]:main():lattice-best-path.cc:99) For utterance M0000000085_0041, best cost 37.5261 + 1402.78 = 1440.3 over 209 frames.
M0000000085_0041 แอดเดรส ตัวนำ 
LOG (lattice-best-path[5.5.0~1494-e5a5]:main():lattice-best-path.cc:99) For utterance M0000000085_0042, best cost 32.088 + 1096.42 = 1128.51 over 162 frames.
M0000000085_0042 ย่าน ยา 
LOG (lattice-best-path[5.5.0~1494-e5a5]:main():lattice-best-path.cc:99) For utterance M0000000085_0043, best cost 36.8522 + 940.043 = 976.895 over 146 frames.
M0000000085_0043 ชั้น ระหว่าง ไว้ 
LOG (lattice-best-path[5.5.0~1494-e5a5]:main():lattice-best-path.cc:99) For utterance M0000000085_0044, best cost 31.5353 + 936.205 = 967.74 over 146 frames.
M0000000085_0044 จะ ต่างๆ ด้วย 
LOG (lattice-best-path[5.5.0~1494-e5a5]:main():lattice-best-path.cc:99) For utterance M0000000085_0045, best cost 14.0717 + 1295.75 = 1309.82 over 183 frames.
M0000000085_0045 
LOG (lattice-best-path[5.5.0~1494-e5a5]:main():lattice-best-path.cc:99) For utterance M0000000085_0046, best cost 21.4522 + 966.996 = 988.448 over 144 frames.
M0000000085_0046 อธิบาย 
LOG (lattice-best-path[5.5.0~1494-e5a5]:main():lattice-best-path.cc:99) For utterance M0000000085_0047, best cost 15.2889 + 1115.85 = 1131.14 over 159 frames.
M0000000085_0047 
LOG (lattice-best-path[5.5.0~1494-e5a5]:main():lattice-best-path.cc:99) For utterance M0000000085_0048, best cost 56.9382 + 1238.26 = 1295.2 over 186 frames.
M0000000085_0048 มี บน หมด อะไร ไม่ 
LOG (lattice-best-path[5.5.0~1494-e5a5]:main():lattice-best-path.cc:99) For utterance M0000000085_0049, best cost 21.4152 + 894.668 = 916.083 over 137 frames.
M0000000085_0049 ไม่ 
LOG (lattice-best-path[5.5.0~1494-e5a5]:main():lattice-best-path.cc:99) For utterance M0000000085_0050, best cost 24.6832 + 938.038 = 962.721 over 143 frames.
M0000000085_0050 ระยะ มาก 
LOG (lattice-best-path[5.5.0~1494-e5a5]:main():lattice-best-path.cc:99) For utterance M0000000085_0051, best cost 20.8468 + 980.141 = 1000.99 over 144 frames.
M0000000085_0051 ข่าว 
LOG (lattice-best-path[5.5.0~1494-e5a5]:main():lattice-best-path.cc:99) For utterance M0000000085_0052, best cost 13.6796 + 1048.9 = 1062.58 over 149 frames.
M0000000085_0052 
LOG (lattice-best-path[5.5.0~1494-e5a5]:main():lattice-best-path.cc:99) For utterance M0000000085_0053, best cost 48.9935 + 1151.53 = 1200.52 over 173 frames.
M0000000085_0053 วันนี้ อะไร แมลง 
LOG (lattice-best-path[5.5.0~1494-e5a5]:main():lattice-best-path.cc:99) For utterance M0000000085_0054, best cost 21.3178 + 866.379 = 887.696 over 131 frames.
M0000000085_0054 อิเล็กตรอน 
LOG (lattice-best-path[5.5.0~1494-e5a5]:main():lattice-best-path.cc:99) For utterance M0000000085_0055, best cost 22.9088 + 913.216 = 936.125 over 141 frames.
M0000000085_0055 ไว้ 
LOG (lattice-best-path[5.5.0~1494-e5a5]:main():lattice-best-path.cc:99) For utterance M0000000085_0056, best cost 57.2103 + 1605.93 = 1663.14 over 237 frames.
M0000000085_0056 จึง เครื่อง ได้ และ คล้ายคลึง อย่างไร 
LOG (lattice-best-path[5.5.0~1494-e5a5]:main():lattice-best-path.cc:99) For utterance M0000000085_0057, best cost 31.3211 + 878.43 = 909.751 over 134 frames.
M0000000085_0057 ไม่ ต้อง กลอน 
LOG (lattice-best-path[5.5.0~1494-e5a5]:main():lattice-best-path.cc:99) For utterance M0000000085_0058, best cost 28.0919 + 1001.54 = 1029.63 over 156 frames.
M0000000085_0058 หลังจากนั้น ไว้ 
LOG (lattice-best-path[5.5.0~1494-e5a5]:main():lattice-best-path.cc:99) For utterance M0000000085_0059, best cost 40.9817 + 1320.41 = 1361.39 over 192 frames.
M0000000085_0059 กับ ข้อมูล สัตว์ ร้าย 
LOG (lattice-best-path[5.5.0~1494-e5a5]:main():lattice-best-path.cc:99) For utterance M0000000085_0060, best cost 26.6933 + 1285.51 = 1312.21 over 186 frames.
M0000000085_0060 มากมาย 
LOG (lattice-best-path[5.5.0~1494-e5a5]:main():lattice-best-path.cc:99) For utterance M0000000085_0061, best cost 13.4178 + 1114.25 = 1127.67 over 164 frames.
M0000000085_0061 
LOG (lattice-best-path[5.5.0~1494-e5a5]:main():lattice-best-path.cc:99) For utterance M0000000085_0062, best cost 38.1604 + 947.684 = 985.845 over 144 frames.
M0000000085_0062 มี ของ เรียง ใน 
LOG (lattice-best-path[5.5.0~1494-e5a5]:main():lattice-best-path.cc:99) For utterance M0000000085_0063, best cost 40.1668 + 1029.97 = 1070.13 over 155 frames.
M0000000085_0063 ไม่ เหล่านี้ อะไร 
LOG (lattice-best-path[5.5.0~1494-e5a5]:main():lattice-best-path.cc:99) For utterance M0000000085_0064, best cost 23.0638 + 1071.86 = 1094.93 over 161 frames.
M0000000085_0064 เรียก 
LOG (lattice-best-path[5.5.0~1494-e5a5]:main():lattice-best-path.cc:99) For utterance M0000000085_0065, best cost 25.1501 + 1113.89 = 1139.04 over 164 frames.
M0000000085_0065 ขอ 
LOG (lattice-best-path[5.5.0~1494-e5a5]:main():lattice-best-path.cc:99) For utterance M0000000085_0066, best cost 19.8665 + 1001.57 = 1021.44 over 144 frames.
M0000000085_0066 เป็น 
LOG (lattice-best-path[5.5.0~1494-e5a5]:main():lattice-best-path.cc:99) For utterance M0000000085_0067, best cost 35.9188 + 1044.54 = 1080.46 over 161 frames.
M0000000085_0067 ของ มี อนึ่ง 
LOG (lattice-best-path[5.5.0~1494-e5a5]:main():lattice-best-path.cc:99) For utterance M0000000085_0068, best cost 40.4154 + 1235.09 = 1275.5 over 185 frames.
M0000000085_0068 โครงการ แบ่ง ต้องการ 
LOG (lattice-best-path[5.5.0~1494-e5a5]:main():lattice-best-path.cc:99) For utterance M0000000085_0069, best cost 43.3762 + 1044.33 = 1087.7 over 164 frames.
M0000000085_0069 มี ที่ หลัง เคลื่อนไหว 
LOG (lattice-best-path[5.5.0~1494-e5a5]:main():lattice-best-path.cc:99) For utterance M0000000085_0070, best cost 20.7476 + 1088.46 = 1109.21 over 162 frames.
M0000000085_0070 ควร 
LOG (lattice-best-path[5.5.0~1494-e5a5]:main():lattice-best-path.cc:99) For utterance M0000000085_0071, best cost 44.3903 + 1156.54 = 1200.93 over 164 frames.
M0000000085_0071 เหล่านี้ มี คง วิจัย 
LOG (lattice-best-path[5.5.0~1494-e5a5]:main():lattice-best-path.cc:99) For utterance M0000000085_0072, best cost 43.4476 + 1322.16 = 1365.61 over 191 frames.
M0000000085_0072 ผล กิ่งไม้ กิน 
LOG (lattice-best-path[5.5.0~1494-e5a5]:main():lattice-best-path.cc:99) For utterance M0000000085_0073, best cost 56.6329 + 1484.14 = 1540.77 over 224 frames.
M0000000085_0073 ผ่าน ไป ระหว่าง ร้านอาหาร หนัก 
LOG (lattice-best-path[5.5.0~1494-e5a5]:main():lattice-best-path.cc:99) For utterance M0000000085_0074, best cost 22.1625 + 975.799 = 997.961 over 144 frames.
M0000000085_0074 หลัก 
LOG (lattice-best-path[5.5.0~1494-e5a5]:main():lattice-best-path.cc:99) For utterance M0000000085_0075, best cost 36.1457 + 1413.2 = 1449.34 over 201 frames.
M0000000085_0075 ยา สำนักงาน 
LOG (lattice-best-path[5.5.0~1494-e5a5]:main():lattice-best-path.cc:99) For utterance M0000000085_0076, best cost 64.3525 + 1240.46 = 1304.82 over 188 frames.
M0000000085_0076 ยัง ไม่ ดิน เนื้อหา หลัก ไม่ 
LOG (lattice-best-path[5.5.0~1494-e5a5]:main():lattice-best-path.cc:99) For utterance M0000000085_0077, best cost 38.8803 + 1555.04 = 1593.92 over 231 frames.
M0000000085_0077 หลังจากนั้น อะไร 
LOG (lattice-best-path[5.5.0~1494-e5a5]:main():lattice-best-path.cc:99) For utterance M0000000085_0078, best cost 41.926 + 1440.1 = 1482.03 over 206 frames.
M0000000085_0078 ยา เสีย ล้าน 
LOG (lattice-best-path[5.5.0~1494-e5a5]:main():lattice-best-path.cc:99) For utterance M0000000085_0079, best cost 43.9492 + 1085.71 = 1129.66 over 176 frames.
M0000000085_0079 ข่าย เกรียงชัย ไม้ 
LOG (lattice-best-path[5.5.0~1494-e5a5]:main():lattice-best-path.cc:99) For utterance M0000000085_0080, best cost 47.2562 + 1468.78 = 1516.04 over 218 frames.
M0000000085_0080 ยา เครื่องซักผ้า บางๆ 
LOG (lattice-best-path[5.5.0~1494-e5a5]:main():lattice-best-path.cc:99) For utterance M0000000085_0081, best cost 63.6907 + 1929.88 = 1993.57 over 290 frames.
M0000000085_0081 โต๊ะ ส่วน การ ยัง ได้ อะไร 
LOG (lattice-best-path[5.5.0~1494-e5a5]:main():lattice-best-path.cc:99) For utterance M0000000085_0082, best cost 69.0959 + 1615.34 = 1684.44 over 243 frames.
M0000000085_0082 มัก จะ ไป ด้วย หลัก ต้อง เสีย หนัก 
LOG (lattice-best-path[5.5.0~1494-e5a5]:main():lattice-best-path.cc:99) For utterance M0000000085_0083, best cost 45.4376 + 1252.41 = 1297.85 over 191 frames.
M0000000085_0083 หรือ เดียว ใช้ บิน ไล่ 
LOG (lattice-best-path[5.5.0~1494-e5a5]:main():lattice-best-path.cc:99) For utterance M0000000085_0084, best cost 23.3587 + 1120.13 = 1143.49 over 164 frames.
M0000000085_0084 บาง 
LOG (lattice-best-path[5.5.0~1494-e5a5]:main():lattice-best-path.cc:99) For utterance M0000000085_0085, best cost 51.6369 + 1299.48 = 1351.11 over 203 frames.
M0000000085_0085 เขา อ่าน และ ได้ ที่ ได้ 
LOG (lattice-best-path[5.5.0~1494-e5a5]:main():lattice-best-path.cc:99) For utterance M0000000085_0086, best cost 42.4071 + 1339.54 = 1381.95 over 203 frames.
M0000000085_0086 บันได อายุ กล่าว 
LOG (lattice-best-path[5.5.0~1494-e5a5]:main():lattice-best-path.cc:99) For utterance M0000000085_0087, best cost 47.1827 + 1116.8 = 1163.99 over 176 frames.
M0000000085_0087 เปลี่ยน ใน ยกเลิก ไว้ 
LOG (lattice-best-path[5.5.0~1494-e5a5]:main():lattice-best-path.cc:99) For utterance M0000000085_0088, best cost 35.7429 + 1252.08 = 1287.83 over 179 frames.
M0000000085_0088 จาก ที่ ใน 
LOG (lattice-best-path[5.5.0~1494-e5a5]:main():lattice-best-path.cc:99) For utterance M0000000085_0089, best cost 53.6888 + 1108.11 = 1161.8 over 167 frames.
M0000000085_0089 ต้อง ใช้ น้ำตาล ที่ สอน 
LOG (lattice-best-path[5.5.0~1494-e5a5]:main():lattice-best-path.cc:99) For utterance M0000000085_0090, best cost 17.2918 + 1373.66 = 1390.96 over 203 frames.
M0000000085_0090 
LOG (lattice-best-path[5.5.0~1494-e5a5]:main():lattice-best-path.cc:99) For utterance M0000000085_0091, best cost 12.1916 + 1141.96 = 1154.15 over 161 frames.
M0000000085_0091 
LOG (lattice-best-path[5.5.0~1494-e5a5]:main():lattice-best-path.cc:99) For utterance M0000000085_0092, best cost 38.329 + 964.906 = 1003.23 over 147 frames.
M0000000085_0092 ใส่ มุง เรา 
LOG (lattice-best-path[5.5.0~1494-e5a5]:main():lattice-best-path.cc:99) For utterance M0000000085_0093, best cost 42.6255 + 988.343 = 1030.97 over 152 frames.
M0000000085_0093 อะโซคริน รายการ หนึ่ง 
LOG (lattice-best-path[5.5.0~1494-e5a5]:main():lattice-best-path.cc:99) For utterance M0000000085_0094, best cost 22.9432 + 1322.25 = 1345.19 over 198 frames.
M0000000085_0094 ออก 
LOG (lattice-best-path[5.5.0~1494-e5a5]:main():lattice-best-path.cc:99) For utterance M0000000085_0095, best cost 67.7747 + 1299.37 = 1367.15 over 200 frames.
M0000000085_0095 ทั้ง บน หลอดไฟ หวาน ใน ไม่ 
LOG (lattice-best-path[5.5.0~1494-e5a5]:main():lattice-best-path.cc:99) For utterance M0000000085_0096, best cost 15.6741 + 1408.86 = 1424.53 over 194 frames.
M0000000085_0096 
LOG (lattice-best-path[5.5.0~1494-e5a5]:main():lattice-best-path.cc:99) For utterance M0000000085_0097, best cost 31.4117 + 1151.67 = 1183.09 over 167 frames.
M0000000085_0097 มัก น้อย 
LOG (lattice-best-path[5.5.0~1494-e5a5]:main():lattice-best-path.cc:99) For utterance M0000000085_0098, best cost 45.5063 + 1257.87 = 1303.38 over 189 frames.
M0000000085_0098 รับส่ง ที่ บันได 
LOG (lattice-best-path[5.5.0~1494-e5a5]:main():lattice-best-path.cc:99) For utterance M0000000085_0099, best cost 34.9526 + 959.269 = 994.222 over 138 frames.
M0000000085_0099 เดียว ลง 
LOG (lattice-best-path[5.5.0~1494-e5a5]:main():lattice-best-path.cc:99) For utterance M0000000085_0100, best cost 50.6622 + 1332.91 = 1383.57 over 206 frames.
M0000000085_0100 เรือ เดิน เรา ล้าน หนัก 
LOG (lattice-best-path[5.5.0~1494-e5a5]:main():lattice-best-path.cc:99) For utterance M0000000085_0101, best cost 63.8537 + 1845.88 = 1909.74 over 266 frames.
M0000000085_0101 อยู่ ใช้ อาคาร และ การ หนึ่ง 
LOG (lattice-best-path[5.5.0~1494-e5a5]:main():lattice-best-path.cc:99) For utterance M0000000105_0000, best cost 13.1839 + 1061.06 = 1074.24 over 178 frames.
M0000000105_0000 
LOG (lattice-best-path[5.5.0~1494-e5a5]:main():lattice-best-path.cc:99) For utterance M0000000105_0001, best cost 64.6442 + 2224.94 = 2289.58 over 366 frames.
M0000000105_0001 ก่อนหลัง นา หนึ่ง จาน 
LOG (lattice-best-path[5.5.0~1494-e5a5]:main():lattice-best-path.cc:99) For utterance M0000000105_0002, best cost 77.4115 + 1983.32 = 2060.73 over 314 frames.
M0000000105_0002 เขา ก็ เรา เกย เคย กล่าว หนึ่ง 
LOG (lattice-best-path[5.5.0~1494-e5a5]:main():lattice-best-path.cc:99) For utterance M0000000105_0003, best cost 48.0905 + 1656.3 = 1704.4 over 257 frames.
M0000000105_0003 ผสม ตำรวจ หรือ เครื่อง 
LOG (lattice-best-path[5.5.0~1494-e5a5]:main():lattice-best-path.cc:99) For utterance M0000000105_0004, best cost 73.5224 + 1875.98 = 1949.51 over 316 frames.
M0000000105_0004 เรา พัด หนู ให้ เปล่าๆ ตาม 
LOG (lattice-best-path[5.5.0~1494-e5a5]:main():lattice-best-path.cc:99) For utterance M0000000105_0005, best cost 64.8685 + 1882.31 = 1947.18 over 309 frames.
M0000000105_0005 หัว ไป ไซ หู จาน 
LOG (lattice-best-path[5.5.0~1494-e5a5]:main():lattice-best-path.cc:99) For utterance M0000000105_0006, best cost 41.7239 + 1342.68 = 1384.41 over 220 frames.
M0000000105_0006 พวก ควร เดิน 
LOG (lattice-best-path[5.5.0~1494-e5a5]:main():lattice-best-path.cc:99) For utterance M0000000105_0007, best cost 55.3517 + 1623.47 = 1678.82 over 271 frames.
M0000000105_0007 แสง วาง ยาว หนึ่ง 
LOG (lattice-best-path[5.5.0~1494-e5a5]:main():lattice-best-path.cc:99) For utterance M0000000105_0008, best cost 70.1752 + 2072.22 = 2142.4 over 350 frames.
M0000000105_0008 น้ำ เปล่า หนึ่ง สำคัญ สอง 
LOG (lattice-best-path[5.5.0~1494-e5a5]:main():lattice-best-path.cc:99) For utterance M0000000105_0009, best cost 51.7033 + 1530.94 = 1582.64 over 252 frames.
M0000000105_0009 ของ สำคัญ ทั้ง หนึ่ง 
LOG (lattice-best-path[5.5.0~1494-e5a5]:main():lattice-best-path.cc:99) For utterance M0000000105_0010, best cost 40.4298 + 1355.7 = 1396.13 over 235 frames.
M0000000105_0010 ของ หลอด น้อย 
LOG (lattice-best-path[5.5.0~1494-e5a5]:main():lattice-best-path.cc:99) For utterance M0000000105_0011, best cost 49.6594 + 1070.05 = 1119.71 over 178 frames.
M0000000105_0011 มาก หาก คน รับ 
LOG (lattice-best-path[5.5.0~1494-e5a5]:main():lattice-best-path.cc:99) For utterance M0000000105_0012, best cost 51.676 + 1135.76 = 1187.44 over 172 frames.
M0000000105_0012 สาร โต๊ะ เสียง พรึง 
LOG (lattice-best-path[5.5.0~1494-e5a5]:main():lattice-best-path.cc:99) For utterance M0000000105_0013, best cost 101.612 + 4078.09 = 4179.7 over 646 frames.
M0000000105_0013 ไถ ท้องเฟ้อ ของ แพทย์ สอง ผม ควร 
LOG (lattice-best-path[5.5.0~1494-e5a5]:main():lattice-best-path.cc:99) For utterance M0000000105_0014, best cost 25.2485 + 1308.79 = 1334.04 over 213 frames.
M0000000105_0014 และ 
LOG (lattice-best-path[5.5.0~1494-e5a5]:main():lattice-best-path.cc:99) For utterance M0000000105_0015, best cost 49.8261 + 1505.08 = 1554.91 over 252 frames.
M0000000105_0015 เพราะ นั้น กรง นาน นัก 
LOG (lattice-best-path[5.5.0~1494-e5a5]:main():lattice-best-path.cc:99) For utterance M0000000105_0016, best cost 52.503 + 1612.65 = 1665.16 over 252 frames.
M0000000105_0016 ก่อนหลัง ประจุ หนัก 
LOG (lattice-best-path[5.5.0~1494-e5a5]:main():lattice-best-path.cc:99) For utterance M0000000105_0017, best cost 55.0604 + 1155.33 = 1210.39 over 193 frames.
M0000000105_0017 ข้อ นั้น ตาย แล หนัก 
LOG (lattice-best-path[5.5.0~1494-e5a5]:main():lattice-best-path.cc:99) For utterance M0000000105_0018, best cost 58.7178 + 1502.63 = 1561.34 over 238 frames.
M0000000105_0018 พบ ก็ หรือ สรุป นอน 
LOG (lattice-best-path[5.5.0~1494-e5a5]:main():lattice-best-path.cc:99) For utterance M0000000105_0019, best cost 52.8888 + 1495.98 = 1548.87 over 236 frames.
M0000000105_0019 พอ ยาเหน็บ ไป ตก นาน นัก 
LOG (lattice-best-path[5.5.0~1494-e5a5]:main():lattice-best-path.cc:99) For utterance M0000000105_0020, best cost 44.7923 + 1131.45 = 1176.24 over 190 frames.
M0000000105_0020 รูป บาป ไป ใน 
LOG (lattice-best-path[5.5.0~1494-e5a5]:main():lattice-best-path.cc:99) For utterance M0000000105_0021, best cost 38.7909 + 831.514 = 870.305 over 142 frames.
M0000000105_0021 นา กิน ดัง 
LOG (lattice-best-path[5.5.0~1494-e5a5]:main():lattice-best-path.cc:99) For utterance M0000000105_0022, best cost 40.9056 + 1066.79 = 1107.7 over 176 frames.
M0000000105_0022 เชื่อม ได้ ใหม่ๆ 
LOG (lattice-best-path[5.5.0~1494-e5a5]:main():lattice-best-path.cc:99) For utterance M0000000105_0023, best cost 35.2548 + 1718.06 = 1753.32 over 273 frames.
M0000000105_0023 อาหาร ไม่ 
LOG (lattice-best-path[5.5.0~1494-e5a5]:main():lattice-best-path.cc:99) For utterance M0000000105_0024, best cost 44.9231 + 1255.29 = 1300.21 over 201 frames.
M0000000105_0024 ของ เครื่อง ปรุง น้อย 
LOG (lattice-best-path[5.5.0~1494-e5a5]:main():lattice-best-path.cc:99) For utterance M0000000105_0025, best cost 28.9607 + 703.194 = 732.154 over 111 frames.
M0000000105_0025 เรียก หมด 
LOG (lattice-best-path[5.5.0~1494-e5a5]:main():lattice-best-path.cc:99) For utterance M0000000105_0026, best cost 65.1171 + 1741.7 = 1806.81 over 292 frames.
M0000000105_0026 มี น้ำ เตรียม ซุก ที่ ไม่ 
LOG (lattice-best-path[5.5.0~1494-e5a5]:main():lattice-best-path.cc:99) For utterance M0000000105_0027, best cost 76.1084 + 2295.35 = 2371.46 over 373 frames.
M0000000105_0027 เอา ซอส ประเทศ ให้ นอน จาก 
LOG (lattice-best-path[5.5.0~1494-e5a5]:main():lattice-best-path.cc:99) For utterance M0000000105_0028, best cost 71.7849 + 1848.09 = 1919.88 over 298 frames.
M0000000105_0028 เพราะ นำ จึง เพิ่ม น้อย ครอบ 
LOG (lattice-best-path[5.5.0~1494-e5a5]:main():lattice-best-path.cc:99) For utterance M0000000105_0029, best cost 49.058 + 1299.8 = 1348.86 over 216 frames.
M0000000105_0029 จะ ผศ. คือ ยัง 
LOG (lattice-best-path[5.5.0~1494-e5a5]:main():lattice-best-path.cc:99) For utterance M0000000105_0030, best cost 45.9262 + 1289.42 = 1335.34 over 212 frames.
M0000000105_0030 ผล อะไร ได้ บ้าง 
LOG (lattice-best-path[5.5.0~1494-e5a5]:main():lattice-best-path.cc:99) For utterance M0000000105_0031, best cost 57.7062 + 1513.69 = 1571.4 over 255 frames.
M0000000105_0031 อาหาร จะ มาก ที่ มุง 
LOG (lattice-best-path[5.5.0~1494-e5a5]:main():lattice-best-path.cc:99) For utterance M0000000105_0032, best cost 55.9566 + 1578.48 = 1634.44 over 267 frames.
M0000000105_0032 ต้อง อีก ด้าน ไม่ 
LOG (lattice-best-path[5.5.0~1494-e5a5]:main():lattice-best-path.cc:99) For utterance M0000000105_0033, best cost 40.4803 + 1263.01 = 1303.49 over 215 frames.
M0000000105_0033 ไอ จะ เศษ 
LOG (lattice-best-path[5.5.0~1494-e5a5]:main():lattice-best-path.cc:99) For utterance M0000000105_0034, best cost 35.9684 + 1143.46 = 1179.43 over 198 frames.
M0000000105_0034 เพราะ นั้น สร้าง 
LOG (lattice-best-path[5.5.0~1494-e5a5]:main():lattice-best-path.cc:99) For utterance M0000000105_0035, best cost 43.0137 + 1378.97 = 1421.99 over 249 frames.
M0000000105_0035 ใหม่ๆ ทิ้ง แล้ว 
LOG (lattice-best-path[5.5.0~1494-e5a5]:main():lattice-best-path.cc:99) For utterance M0000000105_0036, best cost 35.9057 + 1335.24 = 1371.15 over 221 frames.
M0000000105_0036 ของ เตรียม 
LOG (lattice-best-path[5.5.0~1494-e5a5]:main():lattice-best-path.cc:99) For utterance M0000000105_0037, best cost 44.8237 + 1258.95 = 1303.77 over 209 frames.
M0000000105_0037 ใหม่ๆ เอา แล้ว 
LOG (lattice-best-path[5.5.0~1494-e5a5]:main():lattice-best-path.cc:99) For utterance M0000000105_0038, best cost 46.1938 + 1796.73 = 1842.92 over 307 frames.
M0000000105_0038 ปลูก ข้าว อยู่ 
LOG (lattice-best-path[5.5.0~1494-e5a5]:main():lattice-best-path.cc:99) For utterance M0000000105_0039, best cost 43.4615 + 1415.92 = 1459.38 over 234 frames.
M0000000105_0039 หลาย ไป ตก หนัก 
LOG (lattice-best-path[5.5.0~1494-e5a5]:main():lattice-best-path.cc:99) For utterance M0000000105_0040, best cost 43.9736 + 1506.24 = 1550.21 over 245 frames.
M0000000105_0040 ได้ ไป ตก หนัก 
LOG (lattice-best-path[5.5.0~1494-e5a5]:main():lattice-best-path.cc:99) For utterance M0000000105_0041, best cost 71.3818 + 2318.82 = 2390.2 over 385 frames.
M0000000105_0041 เอา โป๊ะ ตัว นั้น มาก 
LOG (lattice-best-path[5.5.0~1494-e5a5]:main():lattice-best-path.cc:99) For utterance M0000000105_0042, best cost 60.3072 + 1703.26 = 1763.56 over 279 frames.
M0000000105_0042 จะ ได้ ไป หรือ ของ แกน 
LOG (lattice-best-path[5.5.0~1494-e5a5]:main():lattice-best-path.cc:99) For utterance M0000000105_0043, best cost 50.2565 + 1550.12 = 1600.37 over 264 frames.
M0000000105_0043 ชั้น บน วาง ไว้ 
LOG (lattice-best-path[5.5.0~1494-e5a5]:main():lattice-best-path.cc:99) For utterance M0000000105_0044, best cost 40.2192 + 1146.24 = 1186.45 over 190 frames.
M0000000105_0044 เก็บ ต่าง ด้วย 
LOG (lattice-best-path[5.5.0~1494-e5a5]:main():lattice-best-path.cc:99) For utterance M0000000105_0045, best cost 61.7445 + 1638.71 = 1700.45 over 280 frames.
M0000000105_0045 รอบ บัตร หรือ ดิบ ไม่ 
LOG (lattice-best-path[5.5.0~1494-e5a5]:main():lattice-best-path.cc:99) For utterance M0000000105_0046, best cost 30.2175 + 1095.81 = 1126.03 over 187 frames.
M0000000105_0046 ที่ ไป 
LOG (lattice-best-path[5.5.0~1494-e5a5]:main():lattice-best-path.cc:99) For utterance M0000000105_0047, best cost 56.7197 + 1446.93 = 1503.65 over 236 frames.
M0000000105_0047 จะ แกน จาน บัตร ออก 
LOG (lattice-best-path[5.5.0~1494-e5a5]:main():lattice-best-path.cc:99) For utterance M0000000105_0048, best cost 68.6743 + 1952.28 = 2020.95 over 325 frames.
M0000000105_0048 รม หมด ผ่าน ไม่ ไม่ 
LOG (lattice-best-path[5.5.0~1494-e5a5]:main():lattice-best-path.cc:99) For utterance M0000000105_0049, best cost 46.6889 + 1304.59 = 1351.28 over 220 frames.
M0000000105_0049 ไม้ เอา น้อย 
LOG (lattice-best-path[5.5.0~1494-e5a5]:main():lattice-best-path.cc:99) For utterance M0000000105_0050, best cost 41.8906 + 1216.54 = 1258.43 over 205 frames.
M0000000105_0050 ตรวจวัด แหล่ง มาก 
LOG (lattice-best-path[5.5.0~1494-e5a5]:main():lattice-best-path.cc:99) For utterance M0000000105_0051, best cost 49.8961 + 1739.92 = 1789.82 over 305 frames.
M0000000105_0051 ว่า เข็ม นั้น เขา 
LOG (lattice-best-path[5.5.0~1494-e5a5]:main():lattice-best-path.cc:99) For utterance M0000000105_0052, best cost 46.7355 + 1335.94 = 1382.68 over 220 frames.
M0000000105_0052 เกิด เกิน ไป ปรับ 
LOG (lattice-best-path[5.5.0~1494-e5a5]:main():lattice-best-path.cc:99) For utterance M0000000105_0053, best cost 78.0836 + 2228.95 = 2307.03 over 376 frames.
M0000000105_0053 วัน มี เอา รอย มาก หรือ เพราะ 
LOG (lattice-best-path[5.5.0~1494-e5a5]:main():lattice-best-path.cc:99) For utterance M0000000105_0054, best cost 39.9646 + 1111.97 = 1151.93 over 194 frames.
M0000000105_0054 ปิด ไว้ ก่อน 
LOG (lattice-best-path[5.5.0~1494-e5a5]:main():lattice-best-path.cc:99) For utterance M0000000105_0055, best cost 41.4163 + 1229.75 = 1271.16 over 202 frames.
M0000000105_0055 ผ่าน หาก ไม่ 
LOG (lattice-best-path[5.5.0~1494-e5a5]:main():lattice-best-path.cc:99) For utterance M0000000105_0056, best cost 94.3551 + 2694.94 = 2789.3 over 450 frames.
M0000000105_0056 ทิ้ง ขึ้น การ รักษา พรึง เดียว ได้ ไม้ 
LOG (lattice-best-path[5.5.0~1494-e5a5]:main():lattice-best-path.cc:99) For utterance M0000000105_0057, best cost 30.9237 + 1088.8 = 1119.72 over 187 frames.
M0000000105_0057 ไม่ ต้อง 
LOG (lattice-best-path[5.5.0~1494-e5a5]:main():lattice-best-path.cc:99) For utterance M0000000105_0058, best cost 49.5196 + 1275.66 = 1325.18 over 215 frames.
M0000000105_0058 บางๆ ตาม ได้ ไม้ 
LOG (lattice-best-path[5.5.0~1494-e5a5]:main():lattice-best-path.cc:99) For utterance M0000000105_0059, best cost 47.0497 + 1654.17 = 1701.22 over 273 frames.
M0000000105_0059 กับ เรา เท่าไร 
LOG (lattice-best-path[5.5.0~1494-e5a5]:main():lattice-best-path.cc:99) For utterance M0000000105_0060, best cost 70.527 + 2000.38 = 2070.91 over 331 frames.
M0000000105_0060 ต้ม ย่าน องค์ เผ็ด มากมาย 
LOG (lattice-best-path[5.5.0~1494-e5a5]:main():lattice-best-path.cc:99) For utterance M0000000105_0061, best cost 45.1005 + 1558.16 = 1603.26 over 256 frames.
M0000000105_0061 ผล ตาย ได้ ไมครอน 
LOG (lattice-best-path[5.5.0~1494-e5a5]:main():lattice-best-path.cc:99) For utterance M0000000105_0062, best cost 48.149 + 1214.38 = 1262.53 over 209 frames.
M0000000105_0062 มี พร้อมๆ พื้น ใน 
LOG (lattice-best-path[5.5.0~1494-e5a5]:main():lattice-best-path.cc:99) For utterance M0000000105_0063, best cost 54.9273 + 1620.44 = 1675.37 over 264 frames.
M0000000105_0063 เอา รอย ไม้ 
LOG (lattice-best-path[5.5.0~1494-e5a5]:main():lattice-best-path.cc:99) For utterance M0000000105_0064, best cost 36.2362 + 1362.78 = 1399.02 over 220 frames.
M0000000105_0064 ตอน เปล่าๆ 
LOG (lattice-best-path[5.5.0~1494-e5a5]:main():lattice-best-path.cc:99) For utterance M0000000105_0065, best cost 47.4198 + 1646.99 = 1694.41 over 273 frames.
M0000000105_0065 ของ ถูก น้อย 
LOG (lattice-best-path[5.5.0~1494-e5a5]:main():lattice-best-path.cc:99) For utterance M0000000105_0066, best cost 44.7012 + 1247.88 = 1292.58 over 194 frames.
M0000000105_0066 ประหยัด หมด รับ 
LOG (lattice-best-path[5.5.0~1494-e5a5]:main():lattice-best-path.cc:99) For utterance M0000000105_0067, best cost 36.6896 + 1304.77 = 1341.46 over 212 frames.
M0000000105_0067 ออก อนึ่ง 
LOG (lattice-best-path[5.5.0~1494-e5a5]:main():lattice-best-path.cc:99) For utterance M0000000105_0068, best cost 63.9578 + 1678.37 = 1742.32 over 279 frames.
M0000000105_0068 ออก จาน แบ่ง สอง การ 
LOG (lattice-best-path[5.5.0~1494-e5a5]:main():lattice-best-path.cc:99) For utterance M0000000105_0069, best cost 61.8086 + 1634.15 = 1695.96 over 272 frames.
M0000000105_0069 มี ที่ ล้าน หมื่น ไม้ 
LOG (lattice-best-path[5.5.0~1494-e5a5]:main():lattice-best-path.cc:99) For utterance M0000000105_0070, best cost 54.1807 + 1321.2 = 1375.38 over 219 frames.
M0000000105_0070 ออก เป็น รู น้อย สี 
LOG (lattice-best-path[5.5.0~1494-e5a5]:main():lattice-best-path.cc:99) For utterance M0000000105_0071, best cost 46.5667 + 1951.1 = 1997.67 over 320 frames.
M0000000105_0071 ขูด ไม้ 
LOG (lattice-best-path[5.5.0~1494-e5a5]:main():lattice-best-path.cc:99) For utterance M0000000105_0072, best cost 80.0619 + 1971.94 = 2052 over 332 frames.
M0000000105_0072 ผล ที่ เรียน มาก จึง บ่อยๆ ไม้ 
LOG (lattice-best-path[5.5.0~1494-e5a5]:main():lattice-best-path.cc:99) For utterance M0000000105_0073, best cost 72.7863 + 2353.07 = 2425.85 over 393 frames.
M0000000105_0073 ตาม เพราะ วาง ทำ อาหาร 
LOG (lattice-best-path[5.5.0~1494-e5a5]:main():lattice-best-path.cc:99) For utterance M0000000105_0074, best cost 51.5955 + 1512.96 = 1564.55 over 257 frames.
M0000000105_0074 ปรับ หรือ สำหรับ ไม่ 
LOG (lattice-best-path[5.5.0~1494-e5a5]:main():lattice-best-path.cc:99) For utterance M0000000105_0075, best cost 72.3664 + 2246.42 = 2318.78 over 378 frames.
M0000000105_0075 หลัก สำนักงาน ต้อง อายุ เท่าไร 
LOG (lattice-best-path[5.5.0~1494-e5a5]:main():lattice-best-path.cc:99) For utterance M0000000105_0076, best cost 66.6177 + 1991.93 = 2058.55 over 330 frames.
M0000000105_0076 ยัง ไม่ ทัน ประธาน ปรับ ไม่ 
LOG (lattice-best-path[5.5.0~1494-e5a5]:main():lattice-best-path.cc:99) For utterance M0000000105_0077, best cost 90.8547 + 2590.55 = 2681.41 over 435 frames.
M0000000105_0077 ไม่ มี ที่ ตั้ง หลัง การแพทย์ บัตร ไม้ 
LOG (lattice-best-path[5.5.0~1494-e5a5]:main():lattice-best-path.cc:99) For utterance M0000000105_0078, best cost 72.6062 + 2245.72 = 2318.33 over 373 frames.
M0000000105_0078 หลัก ร้อน ออก ข่าย เท่าไร 
LOG (lattice-best-path[5.5.0~1494-e5a5]:main():lattice-best-path.cc:99) For utterance M0000000105_0079, best cost 50.5611 + 1598.26 = 1648.82 over 266 frames.
M0000000105_0079 กลาย เป็น ฉาย ไม้ 
LOG (lattice-best-path[5.5.0~1494-e5a5]:main():lattice-best-path.cc:99) For utterance M0000000105_0080, best cost 74.1413 + 2407.87 = 2482.01 over 408 frames.
M0000000105_0080 ก๊าซ เปิด บาง ต้อง ทำลาย 
LOG (lattice-best-path[5.5.0~1494-e5a5]:main():lattice-best-path.cc:99) For utterance M0000000105_0081, best cost 100.823 + 2319.96 = 2420.79 over 394 frames.
M0000000105_0081 โต๊ะ สู่ ไว้ ต่าง ยาก หลาย ข่าย ไม่ 
LOG (lattice-best-path[5.5.0~1494-e5a5]:main():lattice-best-path.cc:99) For utterance M0000000105_0082, best cost 99.3917 + 2544.19 = 2643.58 over 429 frames.
M0000000105_0082 นาย จะ ไป เปิด หวาน ตรง สี แยก บัตร 
LOG (lattice-best-path[5.5.0~1494-e5a5]:main():lattice-best-path.cc:99) For utterance M0000000105_0083, best cost 35.2143 + 1593.59 = 1628.8 over 257 frames.
M0000000105_0083 ดี ใบ 
LOG (lattice-best-path[5.5.0~1494-e5a5]:main():lattice-best-path.cc:99) For utterance M0000000105_0084, best cost 38.5063 + 1669.14 = 1707.65 over 271 frames.
M0000000105_0084 เป็น ได้ บ้าง 
LOG (lattice-best-path[5.5.0~1494-e5a5]:main():lattice-best-path.cc:99) For utterance M0000000105_0085, best cost 62.7627 + 2014.44 = 2077.2 over 335 frames.
M0000000105_0085 อาหาร ปลาย ได้ ไม่ 
LOG (lattice-best-path[5.5.0~1494-e5a5]:main():lattice-best-path.cc:99) For utterance M0000000105_0086, best cost 63.4339 + 1975.64 = 2039.08 over 334 frames.
M0000000105_0086 หวาน หนึ่ง ข่าย หลาย อย่าง 
LOG (lattice-best-path[5.5.0~1494-e5a5]:main():lattice-best-path.cc:99) For utterance M0000000105_0087, best cost 62.4953 + 1563.86 = 1626.35 over 259 frames.
M0000000105_0087 เรียน นาย ยก ได้ ไม่ 
LOG (lattice-best-path[5.5.0~1494-e5a5]:main():lattice-best-path.cc:99) For utterance M0000000105_0088, best cost 54.054 + 1894.87 = 1948.92 over 295 frames.
M0000000105_0088 ใช้ จาก ที่ หนัก 
LOG (lattice-best-path[5.5.0~1494-e5a5]:main():lattice-best-path.cc:99) For utterance M0000000105_0089, best cost 43.0897 + 1554.4 = 1597.49 over 249 frames.
M0000000105_0089 ต้อง สาย 
LOG (lattice-best-path[5.5.0~1494-e5a5]:main():lattice-best-path.cc:99) For utterance M0000000105_0090, best cost 68.5417 + 1985.94 = 2054.48 over 328 frames.
M0000000105_0090 ทำ ปลูก ยัง ใน สับ 
LOG (lattice-best-path[5.5.0~1494-e5a5]:main():lattice-best-path.cc:99) For utterance M0000000105_0091, best cost 73.4694 + 1580.36 = 1653.83 over 263 frames.
M0000000105_0091 ใส่ พุ่ง ถู ลด หรือ กล่าว 
LOG (lattice-best-path[5.5.0~1494-e5a5]:main():lattice-best-path.cc:99) For utterance M0000000105_0092, best cost 48.464 + 1389.28 = 1437.74 over 230 frames.
M0000000105_0092 ใส่ หนู หรือ เปล่าๆ 
LOG (lattice-best-path[5.5.0~1494-e5a5]:main():lattice-best-path.cc:99) For utterance M0000000105_0093, best cost 60.8262 + 1733.99 = 1794.81 over 289 frames.
M0000000105_0093 ออก ฝน ฝ่าย ตาม หนึ่ง 
LOG (lattice-best-path[5.5.0~1494-e5a5]:main():lattice-best-path.cc:99) For utterance M0000000105_0094, best cost 75.7854 + 3546.03 = 3621.82 over 615 frames.
M0000000105_0094 ไถ ออก กล้วย เพราะ การ ดึง 
LOG (lattice-best-path[5.5.0~1494-e5a5]:main():lattice-best-path.cc:99) For utterance M0000000105_0095, best cost 86.7246 + 2171.58 = 2258.3 over 363 frames.
M0000000105_0095 ทำ ทั่ว น้อย ข่าย หวาน บาง ไว้ 
LOG (lattice-best-path[5.5.0~1494-e5a5]:main():lattice-best-path.cc:99) For utterance M0000000105_0096, best cost 76.9739 + 1991.3 = 2068.28 over 337 frames.
M0000000105_0096 เช่น ลบ เป็น เกวียน ไม้ หนึ่ง 
LOG (lattice-best-path[5.5.0~1494-e5a5]:main():lattice-best-path.cc:99) For utterance M0000000105_0097, best cost 62.0741 + 1766.44 = 1828.51 over 294 frames.
M0000000105_0097 ว่า ส่ง ที่ ออกไป น้อย 
LOG (lattice-best-path[5.5.0~1494-e5a5]:main():lattice-best-path.cc:99) For utterance M0000000105_0098, best cost 96.0928 + 2340.75 = 2436.84 over 390 frames.
M0000000105_0098 มาก ส่ง หาย ที่ บาง ด้าน ไม้ รับ 
LOG (lattice-best-path[5.5.0~1494-e5a5]:main():lattice-best-path.cc:99) For utterance M0000000105_0099, best cost 58.7312 + 1626.91 = 1685.64 over 273 frames.
M0000000105_0099 เดียว ลง ไป เอา รับ 
LOG (lattice-best-path[5.5.0~1494-e5a5]:main():lattice-best-path.cc:99) For utterance M0000000105_0100, best cost 76.3498 + 2182.7 = 2259.05 over 361 frames.
M0000000105_0100 เดียว เดิน ไป ออก ที่ เปล่าๆ หนัก 
LOG (lattice-best-path[5.5.0~1494-e5a5]:main():lattice-best-path.cc:99) For utterance M0000000105_0101, best cost 101.584 + 3312.89 = 3414.48 over 544 frames.
M0000000105_0101 อยู่ สาย จะ ขาด แล้ว อะไร ก่อน อาการ หนึ่ง 
LOG (lattice-best-path[5.5.0~1494-e5a5]:main():lattice-best-path.cc:99) For utterance M0000000107_0000, best cost 15.6278 + 1478.36 = 1493.99 over 210 frames.
M0000000107_0000 
LOG (lattice-best-path[5.5.0~1494-e5a5]:main():lattice-best-path.cc:99) For utterance M0000000107_0001, best cost 35.4344 + 2913.78 = 2949.21 over 423 frames.
M0000000107_0001 เรา 
LOG (lattice-best-path[5.5.0~1494-e5a5]:main():lattice-best-path.cc:99) For utterance M0000000107_0002, best cost 21.628 + 2221.25 = 2242.88 over 325 frames.
M0000000107_0002 
LOG (lattice-best-path[5.5.0~1494-e5a5]:main():lattice-best-path.cc:99) For utterance M0000000107_0003, best cost 31.5575 + 1793.25 = 1824.8 over 276 frames.
M0000000107_0003 ขึ้น เลือด 
LOG (lattice-best-path[5.5.0~1494-e5a5]:main():lattice-best-path.cc:99) For utterance M0000000107_0004, best cost 19.027 + 1761.11 = 1780.14 over 260 frames.
M0000000107_0004 
LOG (lattice-best-path[5.5.0~1494-e5a5]:main():lattice-best-path.cc:99) For utterance M0000000107_0005, best cost 17.5078 + 1660.56 = 1678.07 over 236 frames.
M0000000107_0005 
LOG (lattice-best-path[5.5.0~1494-e5a5]:main():lattice-best-path.cc:99) For utterance M0000000107_0006, best cost 14.0004 + 1261.38 = 1275.38 over 177 frames.
M0000000107_0006 
LOG (lattice-best-path[5.5.0~1494-e5a5]:main():lattice-best-path.cc:99) For utterance M0000000107_0007, best cost 17.1674 + 1437.1 = 1454.27 over 207 frames.
M0000000107_0007 
LOG (lattice-best-path[5.5.0~1494-e5a5]:main():lattice-best-path.cc:99) For utterance M0000000107_0008, best cost 16.423 + 1843.73 = 1860.15 over 266 frames.
M0000000107_0008 
LOG (lattice-best-path[5.5.0~1494-e5a5]:main():lattice-best-path.cc:99) For utterance M0000000107_0009, best cost 16.1654 + 1632.01 = 1648.18 over 239 frames.
M0000000107_0009 
LOG (lattice-best-path[5.5.0~1494-e5a5]:main():lattice-best-path.cc:99) For utterance M0000000107_0010, best cost 15.594 + 1592.54 = 1608.13 over 244 frames.
M0000000107_0010 
LOG (lattice-best-path[5.5.0~1494-e5a5]:main():lattice-best-path.cc:99) For utterance M0000000107_0011, best cost 15.0429 + 1249.26 = 1264.3 over 176 frames.
M0000000107_0011 
LOG (lattice-best-path[5.5.0~1494-e5a5]:main():lattice-best-path.cc:99) For utterance M0000000107_0012, best cost 16.0271 + 1583.58 = 1599.6 over 230 frames.
M0000000107_0012 
LOG (lattice-best-path[5.5.0~1494-e5a5]:main():lattice-best-path.cc:99) For utterance M0000000107_0013, best cost 29.5641 + 3026.44 = 3056.01 over 430 frames.
M0000000107_0013 
LOG (lattice-best-path[5.5.0~1494-e5a5]:main():lattice-best-path.cc:99) For utterance M0000000107_0014, best cost 25.0172 + 1519.87 = 1544.88 over 219 frames.
M0000000107_0014 ที่ 
LOG (lattice-best-path[5.5.0~1494-e5a5]:main():lattice-best-path.cc:99) For utterance M0000000107_0015, best cost 19.0016 + 1566.08 = 1585.08 over 224 frames.
M0000000107_0015 
LOG (lattice-best-path[5.5.0~1494-e5a5]:main():lattice-best-path.cc:99) For utterance M0000000107_0016, best cost 18.0678 + 1914.07 = 1932.14 over 265 frames.
M0000000107_0016 
LOG (lattice-best-path[5.5.0~1494-e5a5]:main():lattice-best-path.cc:99) For utterance M0000000107_0017, best cost 17.2538 + 1493.14 = 1510.39 over 219 frames.
M0000000107_0017 
LOG (lattice-best-path[5.5.0~1494-e5a5]:main():lattice-best-path.cc:99) For utterance M0000000107_0018, best cost 21.1937 + 1370.97 = 1392.16 over 197 frames.
M0000000107_0018 เพราะ 
LOG (lattice-best-path[5.5.0~1494-e5a5]:main():lattice-best-path.cc:99) For utterance M0000000107_0019, best cost 17.7538 + 1754.46 = 1772.22 over 253 frames.
M0000000107_0019 
LOG (lattice-best-path[5.5.0~1494-e5a5]:main():lattice-best-path.cc:99) For utterance M0000000107_0020, best cost 13.9287 + 1273.35 = 1287.28 over 179 frames.
M0000000107_0020 
LOG (lattice-best-path[5.5.0~1494-e5a5]:main():lattice-best-path.cc:99) For utterance M0000000107_0021, best cost 13.8459 + 1219.6 = 1233.45 over 174 frames.
M0000000107_0021 
LOG (lattice-best-path[5.5.0~1494-e5a5]:main():lattice-best-path.cc:99) For utterance M0000000107_0022, best cost 35.5015 + 1859.9 = 1895.4 over 282 frames.
M0000000107_0022 เตรียม ได้ ระยะ 
LOG (lattice-best-path[5.5.0~1494-e5a5]:main():lattice-best-path.cc:99) For utterance M0000000107_0023, best cost 18.1759 + 2019.72 = 2037.89 over 295 frames.
M0000000107_0023 
LOG (lattice-best-path[5.5.0~1494-e5a5]:main():lattice-best-path.cc:99) For utterance M0000000107_0024, best cost 13.9931 + 1296.11 = 1310.1 over 188 frames.
M0000000107_0024 
LOG (lattice-best-path[5.5.0~1494-e5a5]:main():lattice-best-path.cc:99) For utterance M0000000107_0025, best cost 12.0959 + 1120.04 = 1132.14 over 159 frames.
M0000000107_0025 
LOG (lattice-best-path[5.5.0~1494-e5a5]:main():lattice-best-path.cc:99) For utterance M0000000107_0026, best cost 17.3188 + 1625.34 = 1642.66 over 233 frames.
M0000000107_0026 
LOG (lattice-best-path[5.5.0~1494-e5a5]:main():lattice-best-path.cc:99) For utterance M0000000107_0027, best cost 19.4918 + 1757.45 = 1776.94 over 259 frames.
M0000000107_0027 
LOG (lattice-best-path[5.5.0~1494-e5a5]:main():lattice-best-path.cc:99) For utterance M0000000107_0028, best cost 16.1925 + 1731.25 = 1747.44 over 249 frames.
M0000000107_0028 
LOG (lattice-best-path[5.5.0~1494-e5a5]:main():lattice-best-path.cc:99) For utterance M0000000107_0029, best cost 29.2422 + 1333.54 = 1362.78 over 202 frames.
M0000000107_0029 จะ สัตว์เลี้ยง 
LOG (lattice-best-path[5.5.0~1494-e5a5]:main():lattice-best-path.cc:99) For utterance M0000000107_0030, best cost 14.6011 + 1621.04 = 1635.64 over 236 frames.
M0000000107_0030 
LOG (lattice-best-path[5.5.0~1494-e5a5]:main():lattice-best-path.cc:99) For utterance M0000000107_0031, best cost 19.1339 + 1611.07 = 1630.21 over 246 frames.
M0000000107_0031 
LOG (lattice-best-path[5.5.0~1494-e5a5]:main():lattice-best-path.cc:99) For utterance M0000000107_0032, best cost 32.0274 + 1988.38 = 2020.4 over 297 frames.
M0000000107_0032 ไถ 
LOG (lattice-best-path[5.5.0~1494-e5a5]:main():lattice-best-path.cc:99) For utterance M0000000107_0033, best cost 14.2832 + 1364.09 = 1378.37 over 209 frames.
M0000000107_0033 
LOG (lattice-best-path[5.5.0~1494-e5a5]:main():lattice-best-path.cc:99) For utterance M0000000107_0034, best cost 15.0952 + 1089.72 = 1104.81 over 158 frames.
M0000000107_0034 
LOG (lattice-best-path[5.5.0~1494-e5a5]:main():lattice-best-path.cc:99) For utterance M0000000107_0035, best cost 19.8095 + 1167.87 = 1187.68 over 181 frames.
M0000000107_0035 แมลง 
LOG (lattice-best-path[5.5.0~1494-e5a5]:main():lattice-best-path.cc:99) For utterance M0000000107_0036, best cost 36.107 + 1323.15 = 1359.25 over 208 frames.
M0000000107_0036 เพาะเลี้ยง ใน ลง 
LOG (lattice-best-path[5.5.0~1494-e5a5]:main():lattice-best-path.cc:99) For utterance M0000000107_0037, best cost 45.833 + 1497.74 = 1543.58 over 230 frames.
M0000000107_0037 ไม่ เอา แล้ว ทำ 
LOG (lattice-best-path[5.5.0~1494-e5a5]:main():lattice-best-path.cc:99) For utterance M0000000107_0038, best cost 15.3805 + 1241.18 = 1256.56 over 174 frames.
M0000000107_0038 
LOG (lattice-best-path[5.5.0~1494-e5a5]:main():lattice-best-path.cc:99) For utterance M0000000107_0039, best cost 17.4454 + 1567.78 = 1585.23 over 224 frames.
M0000000107_0039 
LOG (lattice-best-path[5.5.0~1494-e5a5]:main():lattice-best-path.cc:99) For utterance M0000000107_0040, best cost 17.7216 + 1726.71 = 1744.43 over 257 frames.
M0000000107_0040 
LOG (lattice-best-path[5.5.0~1494-e5a5]:main():lattice-best-path.cc:99) For utterance M0000000107_0041, best cost 19.4123 + 1832.28 = 1851.7 over 263 frames.
M0000000107_0041 
LOG (lattice-best-path[5.5.0~1494-e5a5]:main():lattice-best-path.cc:99) For utterance M0000000107_0042, best cost 23.614 + 1353.44 = 1377.06 over 201 frames.
M0000000107_0042 ยัง 
LOG (lattice-best-path[5.5.0~1494-e5a5]:main():lattice-best-path.cc:99) For utterance M0000000107_0043, best cost 17.0445 + 1311.84 = 1328.88 over 189 frames.
M0000000107_0043 
LOG (lattice-best-path[5.5.0~1494-e5a5]:main():lattice-best-path.cc:99) For utterance M0000000107_0044, best cost 13.9677 + 1257.27 = 1271.24 over 181 frames.
M0000000107_0044 
LOG (lattice-best-path[5.5.0~1494-e5a5]:main():lattice-best-path.cc:99) For utterance M0000000107_0045, best cost 26.7249 + 1727.55 = 1754.27 over 251 frames.
M0000000107_0045 ไม่ 
LOG (lattice-best-path[5.5.0~1494-e5a5]:main():lattice-best-path.cc:99) For utterance M0000000107_0046, best cost 13.9646 + 1310.88 = 1324.85 over 194 frames.
M0000000107_0046 
LOG (lattice-best-path[5.5.0~1494-e5a5]:main():lattice-best-path.cc:99) For utterance M0000000107_0047, best cost 15.8694 + 1442.51 = 1458.38 over 215 frames.
M0000000107_0047 
LOG (lattice-best-path[5.5.0~1494-e5a5]:main():lattice-best-path.cc:99) For utterance M0000000107_0048, best cost 17.5755 + 1644.91 = 1662.49 over 237 frames.
M0000000107_0048 
LOG (lattice-best-path[5.5.0~1494-e5a5]:main():lattice-best-path.cc:99) For utterance M0000000107_0049, best cost 38.5206 + 1123.83 = 1162.35 over 178 frames.
M0000000107_0049 ไม่ อะไร เรื่อย 
LOG (lattice-best-path[5.5.0~1494-e5a5]:main():lattice-best-path.cc:99) For utterance M0000000107_0050, best cost 16.7572 + 1326.24 = 1343 over 195 frames.
M0000000107_0050 
LOG (lattice-best-path[5.5.0~1494-e5a5]:main():lattice-best-path.cc:99) For utterance M0000000107_0051, best cost 15.6325 + 1307.44 = 1323.07 over 198 frames.
M0000000107_0051 
LOG (lattice-best-path[5.5.0~1494-e5a5]:main():lattice-best-path.cc:99) For utterance M0000000107_0052, best cost 15.6278 + 1456.94 = 1472.57 over 215 frames.
M0000000107_0052 
LOG (lattice-best-path[5.5.0~1494-e5a5]:main():lattice-best-path.cc:99) For utterance M0000000107_0053, best cost 17.6178 + 1587.29 = 1604.91 over 229 frames.
M0000000107_0053 
LOG (lattice-best-path[5.5.0~1494-e5a5]:main():lattice-best-path.cc:99) For utterance M0000000107_0054, best cost 22.1034 + 1103.8 = 1125.91 over 161 frames.
M0000000107_0054 ไมครอน 
LOG (lattice-best-path[5.5.0~1494-e5a5]:main():lattice-best-path.cc:99) For utterance M0000000107_0055, best cost 19.1003 + 1292 = 1311.1 over 193 frames.
M0000000107_0055 
LOG (lattice-best-path[5.5.0~1494-e5a5]:main():lattice-best-path.cc:99) For utterance M0000000107_0056, best cost 42.5442 + 2338.93 = 2381.48 over 343 frames.
M0000000107_0056 กลางคืน อะไร 
LOG (lattice-best-path[5.5.0~1494-e5a5]:main():lattice-best-path.cc:99) For utterance M0000000107_0057, best cost 11.7726 + 1040.54 = 1052.32 over 163 frames.
M0000000107_0057 
LOG (lattice-best-path[5.5.0~1494-e5a5]:main():lattice-best-path.cc:99) For utterance M0000000107_0058, best cost 16.6811 + 1229.28 = 1245.96 over 179 frames.
M0000000107_0058 
LOG (lattice-best-path[5.5.0~1494-e5a5]:main():lattice-best-path.cc:99) For utterance M0000000107_0059, best cost 15.8223 + 1477.94 = 1493.76 over 220 frames.
M0000000107_0059 
LOG (lattice-best-path[5.5.0~1494-e5a5]:main():lattice-best-path.cc:99) For utterance M0000000107_0060, best cost 18.5252 + 2175.09 = 2193.62 over 320 frames.
M0000000107_0060 
LOG (lattice-best-path[5.5.0~1494-e5a5]:main():lattice-best-path.cc:99) For utterance M0000000107_0061, best cost 15.9927 + 1512.75 = 1528.74 over 233 frames.
M0000000107_0061 
LOG (lattice-best-path[5.5.0~1494-e5a5]:main():lattice-best-path.cc:99) For utterance M0000000107_0062, best cost 34.4085 + 1258.85 = 1293.26 over 192 frames.
M0000000107_0062 เตรียม ไม่ 
LOG (lattice-best-path[5.5.0~1494-e5a5]:main():lattice-best-path.cc:99) For utterance M0000000107_0063, best cost 36.5534 + 1471.51 = 1508.06 over 228 frames.
M0000000107_0063 เรียน เรียก 
LOG (lattice-best-path[5.5.0~1494-e5a5]:main():lattice-best-path.cc:99) For utterance M0000000107_0064, best cost 26.4332 + 1160.72 = 1187.15 over 176 frames.
M0000000107_0064 โทรพิมพ์ 
LOG (lattice-best-path[5.5.0~1494-e5a5]:main():lattice-best-path.cc:99) For utterance M0000000107_0065, best cost 15.5386 + 1536.51 = 1552.04 over 216 frames.
M0000000107_0065 
LOG (lattice-best-path[5.5.0~1494-e5a5]:main():lattice-best-path.cc:99) For utterance M0000000107_0066, best cost 18.3661 + 1350.48 = 1368.85 over 192 frames.
M0000000107_0066 เพราะ 
LOG (lattice-best-path[5.5.0~1494-e5a5]:main():lattice-best-path.cc:99) For utterance M0000000107_0067, best cost 17.1206 + 1374.92 = 1392.04 over 201 frames.
M0000000107_0067 
LOG (lattice-best-path[5.5.0~1494-e5a5]:main():lattice-best-path.cc:99) For utterance M0000000107_0068, best cost 19.8343 + 2021.38 = 2041.21 over 298 frames.
M0000000107_0068 
LOG (lattice-best-path[5.5.0~1494-e5a5]:main():lattice-best-path.cc:99) For utterance M0000000107_0069, best cost 18.1741 + 1272.89 = 1291.06 over 185 frames.
M0000000107_0069 
LOG (lattice-best-path[5.5.0~1494-e5a5]:main():lattice-best-path.cc:99) For utterance M0000000107_0070, best cost 16.0223 + 1501.19 = 1517.22 over 228 frames.
M0000000107_0070 
LOG (lattice-best-path[5.5.0~1494-e5a5]:main():lattice-best-path.cc:99) For utterance M0000000107_0071, best cost 17.5651 + 1612.43 = 1629.99 over 229 frames.
M0000000107_0071 
LOG (lattice-best-path[5.5.0~1494-e5a5]:main():lattice-best-path.cc:99) For utterance M0000000107_0072, best cost 38.361 + 1820.14 = 1858.5 over 277 frames.
M0000000107_0072 ผล ที่ และ 
LOG (lattice-best-path[5.5.0~1494-e5a5]:main():lattice-best-path.cc:99) For utterance M0000000107_0073, best cost 19.6364 + 1966.56 = 1986.19 over 284 frames.
M0000000107_0073 
LOG (lattice-best-path[5.5.0~1494-e5a5]:main():lattice-best-path.cc:99) For utterance M0000000107_0074, best cost 15.533 + 1562.82 = 1578.36 over 228 frames.
M0000000107_0074 
LOG (lattice-best-path[5.5.0~1494-e5a5]:main():lattice-best-path.cc:99) For utterance M0000000107_0075, best cost 41.2785 + 2173.8 = 2215.08 over 320 frames.
M0000000107_0075 อยู่ เท่าไร 
LOG (lattice-best-path[5.5.0~1494-e5a5]:main():lattice-best-path.cc:99) For utterance M0000000107_0076, best cost 19.9233 + 1765.85 = 1785.77 over 248 frames.
M0000000107_0076 
LOG (lattice-best-path[5.5.0~1494-e5a5]:main():lattice-best-path.cc:99) For utterance M0000000107_0077, best cost 60.1233 + 1870.04 = 1930.17 over 279 frames.
M0000000107_0077 ไม่ มี การ แห่ง ใน ไม่ 
LOG (lattice-best-path[5.5.0~1494-e5a5]:main():lattice-best-path.cc:99) For utterance M0000000107_0078, best cost 21.2753 + 2025.1 = 2046.37 over 292 frames.
M0000000107_0078 
LOG (lattice-best-path[5.5.0~1494-e5a5]:main():lattice-best-path.cc:99) For utterance M0000000107_0079, best cost 23.7547 + 1321.32 = 1345.07 over 193 frames.
M0000000107_0079 ไว้ 
LOG (lattice-best-path[5.5.0~1494-e5a5]:main():lattice-best-path.cc:99) For utterance M0000000107_0080, best cost 21.5021 + 2149.04 = 2170.54 over 306 frames.
M0000000107_0080 
LOG (lattice-best-path[5.5.0~1494-e5a5]:main():lattice-best-path.cc:99) For utterance M0000000107_0081, best cost 35.9303 + 2382.46 = 2418.39 over 347 frames.
M0000000107_0081 ยัง ได้ 
LOG (lattice-best-path[5.5.0~1494-e5a5]:main():lattice-best-path.cc:99) For utterance M0000000107_0082, best cost 21.8677 + 2256.4 = 2278.27 over 329 frames.
M0000000107_0082 
LOG (lattice-best-path[5.5.0~1494-e5a5]:main():lattice-best-path.cc:99) For utterance M0000000107_0083, best cost 14.3489 + 1495.89 = 1510.24 over 208 frames.
M0000000107_0083 
LOG (lattice-best-path[5.5.0~1494-e5a5]:main():lattice-best-path.cc:99) For utterance M0000000107_0084, best cost 15.8702 + 1474.28 = 1490.15 over 212 frames.
M0000000107_0084 
LOG (lattice-best-path[5.5.0~1494-e5a5]:main():lattice-best-path.cc:99) For utterance M0000000107_0085, best cost 48.4711 + 1538.33 = 1586.8 over 238 frames.
M0000000107_0085 ข่าย อะไร ได้ อีกด้วย 
LOG (lattice-best-path[5.5.0~1494-e5a5]:main():lattice-best-path.cc:99) For utterance M0000000107_0086, best cost 22.0531 + 1614.97 = 1637.03 over 229 frames.
M0000000107_0086 ออก 
LOG (lattice-best-path[5.5.0~1494-e5a5]:main():lattice-best-path.cc:99) For utterance M0000000107_0087, best cost 37.0765 + 1474.03 = 1511.11 over 223 frames.
M0000000107_0087 เรียง ใน ลง 
LOG (lattice-best-path[5.5.0~1494-e5a5]:main():lattice-best-path.cc:99) For utterance M0000000107_0088, best cost 46.7196 + 1402.35 = 1449.07 over 206 frames.
M0000000107_0088 ใช้ มี วงจร ที่ ได้ 
LOG (lattice-best-path[5.5.0~1494-e5a5]:main():lattice-best-path.cc:99) For utterance M0000000107_0089, best cost 17.0216 + 1236.06 = 1253.08 over 179 frames.
M0000000107_0089 
LOG (lattice-best-path[5.5.0~1494-e5a5]:main():lattice-best-path.cc:99) For utterance M0000000107_0090, best cost 53.9799 + 1591.22 = 1645.2 over 241 frames.
M0000000107_0090 ทำมุม ออก อย่างไร รหัส 
LOG (lattice-best-path[5.5.0~1494-e5a5]:main():lattice-best-path.cc:99) For utterance M0000000107_0091, best cost 17.8563 + 1757.57 = 1775.42 over 258 frames.
M0000000107_0091 
LOG (lattice-best-path[5.5.0~1494-e5a5]:main():lattice-best-path.cc:99) For utterance M0000000107_0092, best cost 15.2485 + 1174.5 = 1189.75 over 165 frames.
M0000000107_0092 
LOG (lattice-best-path[5.5.0~1494-e5a5]:main():lattice-best-path.cc:99) For utterance M0000000107_0093, best cost 23.015 + 1413.17 = 1436.18 over 209 frames.
M0000000107_0093 เรา 
LOG (lattice-best-path[5.5.0~1494-e5a5]:main():lattice-best-path.cc:99) For utterance M0000000107_0094, best cost 15.4085 + 1367.23 = 1382.64 over 200 frames.
M0000000107_0094 
LOG (lattice-best-path[5.5.0~1494-e5a5]:main():lattice-best-path.cc:99) For utterance M0000000107_0095, best cost 17.7792 + 1866.31 = 1884.09 over 275 frames.
M0000000107_0095 
LOG (lattice-best-path[5.5.0~1494-e5a5]:main():lattice-best-path.cc:99) For utterance M0000000107_0096, best cost 25.9468 + 1807.98 = 1833.93 over 264 frames.
M0000000107_0096 รูป 
LOG (lattice-best-path[5.5.0~1494-e5a5]:main():lattice-best-path.cc:99) For utterance M0000000107_0097, best cost 17.0584 + 1502.87 = 1519.93 over 214 frames.
M0000000107_0097 
LOG (lattice-best-path[5.5.0~1494-e5a5]:main():lattice-best-path.cc:99) For utterance M0000000107_0098, best cost 18.4882 + 2147.3 = 2165.79 over 316 frames.
M0000000107_0098 
LOG (lattice-best-path[5.5.0~1494-e5a5]:main():lattice-best-path.cc:99) For utterance M0000000107_0099, best cost 23.1429 + 1349.24 = 1372.38 over 184 frames.
M0000000107_0099 เรือ 
LOG (lattice-best-path[5.5.0~1494-e5a5]:main():lattice-best-path.cc:99) For utterance M0000000107_0100, best cost 30.7618 + 1537.17 = 1567.93 over 219 frames.
M0000000107_0100 เดียว 
LOG (lattice-best-path[5.5.0~1494-e5a5]:main():lattice-best-path.cc:99) For utterance M0000000107_0101, best cost 26.5148 + 2962.18 = 2988.69 over 424 frames.
M0000000107_0101 
LOG (lattice-best-path[5.5.0~1494-e5a5]:main():lattice-best-path.cc:99) For utterance M0000000124_0000, best cost 24.5344 + 1197.46 = 1222 over 203 frames.
M0000000124_0000 ดีบี 
LOG (lattice-best-path[5.5.0~1494-e5a5]:main():lattice-best-path.cc:99) For utterance M0000000124_0001, best cost 46.8909 + 1839.7 = 1886.59 over 282 frames.
M0000000124_0001 ที่รัก นั้น ชั้น 
LOG (lattice-best-path[5.5.0~1494-e5a5]:main():lattice-best-path.cc:99) For utterance M0000000124_0002, best cost 35.5597 + 2014.11 = 2049.67 over 321 frames.
M0000000124_0002 จาน 
LOG (lattice-best-path[5.5.0~1494-e5a5]:main():lattice-best-path.cc:99) For utterance M0000000124_0003, best cost 22.766 + 1744.42 = 1767.19 over 284 frames.
M0000000124_0003 ขึ้น 
LOG (lattice-best-path[5.5.0~1494-e5a5]:main():lattice-best-path.cc:99) For utterance M0000000124_0004, best cost 19.2796 + 1720.65 = 1739.93 over 267 frames.
M0000000124_0004 
LOG (lattice-best-path[5.5.0~1494-e5a5]:main():lattice-best-path.cc:99) For utterance M0000000124_0005, best cost 27.1988 + 1712.71 = 1739.9 over 269 frames.
M0000000124_0005 การ 
LOG (lattice-best-path[5.5.0~1494-e5a5]:main():lattice-best-path.cc:99) For utterance M0000000124_0006, best cost 22.8237 + 1301.53 = 1324.35 over 204 frames.
M0000000124_0006 หนึ่ง 
LOG (lattice-best-path[5.5.0~1494-e5a5]:main():lattice-best-path.cc:99) For utterance M0000000124_0007, best cost 15.4034 + 1149.59 = 1164.99 over 173 frames.
M0000000124_0007 
LOG (lattice-best-path[5.5.0~1494-e5a5]:main():lattice-best-path.cc:99) For utterance M0000000124_0008, best cost 25.1372 + 1597.8 = 1622.93 over 251 frames.
M0000000124_0008 ทรง 
LOG (lattice-best-path[5.5.0~1494-e5a5]:main():lattice-best-path.cc:99) For utterance M0000000124_0009, best cost 23.5615 + 1301.85 = 1325.41 over 199 frames.
M0000000124_0009 อนึ่ง 
LOG (lattice-best-path[5.5.0~1494-e5a5]:main():lattice-best-path.cc:99) For utterance M0000000124_0010, best cost 23.6349 + 1378.09 = 1401.72 over 227 frames.
M0000000124_0010 ขอ 
LOG (lattice-best-path[5.5.0~1494-e5a5]:main():lattice-best-path.cc:99) For utterance M0000000124_0011, best cost 29.2437 + 1260.18 = 1289.42 over 199 frames.
M0000000124_0011 มาก รอบ 
LOG (lattice-best-path[5.5.0~1494-e5a5]:main():lattice-best-path.cc:99) For utterance M0000000124_0012, best cost 24.5758 + 1864.35 = 1888.93 over 287 frames.
M0000000124_0012 เรือน 
LOG (lattice-best-path[5.5.0~1494-e5a5]:main():lattice-best-path.cc:99) For utterance M0000000124_0013, best cost 40.9926 + 2387.11 = 2428.1 over 371 frames.
M0000000124_0013 ที่ ของ เรือน 
LOG (lattice-best-path[5.5.0~1494-e5a5]:main():lattice-best-path.cc:99) For utterance M0000000124_0014, best cost 29.8286 + 1850.59 = 1880.42 over 302 frames.
M0000000124_0014 แต่ ที่ 
LOG (lattice-best-path[5.5.0~1494-e5a5]:main():lattice-best-path.cc:99) For utterance M0000000124_0015, best cost 31.4378 + 1610.07 = 1641.51 over 264 frames.
M0000000124_0015 แคระแกร็น หนัก 
LOG (lattice-best-path[5.5.0~1494-e5a5]:main():lattice-best-path.cc:99) For utterance M0000000124_0016, best cost 24.326 + 1797.33 = 1821.65 over 278 frames.
M0000000124_0016 เรือน 
LOG (lattice-best-path[5.5.0~1494-e5a5]:main():lattice-best-path.cc:99) For utterance M0000000124_0017, best cost 22.5749 + 1801.03 = 1823.6 over 302 frames.
M0000000124_0017 และ 
LOG (lattice-best-path[5.5.0~1494-e5a5]:main():lattice-best-path.cc:99) For utterance M0000000124_0018, best cost 27.9318 + 1685.18 = 1713.11 over 275 frames.
M0000000124_0018 น้อย 
LOG (lattice-best-path[5.5.0~1494-e5a5]:main():lattice-best-path.cc:99) For utterance M0000000124_0019, best cost 44.6586 + 1329.03 = 1373.68 over 208 frames.
M0000000124_0019 พอ ย้าย โต๊ะ นานา 
LOG (lattice-best-path[5.5.0~1494-e5a5]:main():lattice-best-path.cc:99) For utterance M0000000124_0020, best cost 35.4254 + 1431.71 = 1467.14 over 228 frames.
M0000000124_0020 รูปร่าง ไป ใน 
LOG (lattice-best-path[5.5.0~1494-e5a5]:main():lattice-best-path.cc:99) For utterance M0000000124_0021, best cost 31.4918 + 1333.44 = 1364.93 over 219 frames.
M0000000124_0021 หน้าที่ จาน 
LOG (lattice-best-path[5.5.0~1494-e5a5]:main():lattice-best-path.cc:99) For utterance M0000000124_0022, best cost 36.9079 + 1283.85 = 1320.76 over 207 frames.
M0000000124_0022 พิมพ์ ได้ แม่เหล็ก 
LOG (lattice-best-path[5.5.0~1494-e5a5]:main():lattice-best-path.cc:99) For utterance M0000000124_0023, best cost 24.1185 + 1809.67 = 1833.79 over 284 frames.
M0000000124_0023 ใน 
LOG (lattice-best-path[5.5.0~1494-e5a5]:main():lattice-best-path.cc:99) For utterance M0000000124_0024, best cost 37.6849 + 1755.22 = 1792.91 over 287 frames.
M0000000124_0024 ของ เครื่อง ผู้น้อย 
LOG (lattice-best-path[5.5.0~1494-e5a5]:main():lattice-best-path.cc:99) For utterance M0000000124_0025, best cost 24.5913 + 1013.57 = 1038.16 over 169 frames.
M0000000124_0025 หมด 
LOG (lattice-best-path[5.5.0~1494-e5a5]:main():lattice-best-path.cc:99) For utterance M0000000124_0026, best cost 36.1695 + 1670.93 = 1707.1 over 274 frames.
M0000000124_0026 มี ที่ ใน 
LOG (lattice-best-path[5.5.0~1494-e5a5]:main():lattice-best-path.cc:99) For utterance M0000000124_0027, best cost 18.5875 + 1462.93 = 1481.52 over 224 frames.
M0000000124_0027 
LOG (lattice-best-path[5.5.0~1494-e5a5]:main():lattice-best-path.cc:99) For utterance M0000000124_0028, best cost 24.0571 + 1579.22 = 1603.28 over 251 frames.
M0000000124_0028 ขาด 
LOG (lattice-best-path[5.5.0~1494-e5a5]:main():lattice-best-path.cc:99) For utterance M0000000124_0029, best cost 22.4949 + 1379.81 = 1402.31 over 221 frames.
M0000000124_0029 อย่าง 
LOG (lattice-best-path[5.5.0~1494-e5a5]:main():lattice-best-path.cc:99) For utterance M0000000124_0030, best cost 24.8804 + 1444.68 = 1469.56 over 236 frames.
M0000000124_0030 บาง 
LOG (lattice-best-path[5.5.0~1494-e5a5]:main():lattice-best-path.cc:99) For utterance M0000000124_0031, best cost 49.4752 + 1346.96 = 1396.43 over 212 frames.
M0000000124_0031 อาหาร สมัย ที่ ตรง 
LOG (lattice-best-path[5.5.0~1494-e5a5]:main():lattice-best-path.cc:99) For utterance M0000000124_0032, best cost 30.5655 + 1619.92 = 1650.48 over 260 frames.
M0000000124_0032 น้ำ ใน 
LOG (lattice-best-path[5.5.0~1494-e5a5]:main():lattice-best-path.cc:99) For utterance M0000000124_0033, best cost 38.5797 + 1174.91 = 1213.49 over 196 frames.
M0000000124_0033 เมื่อ ร้าย เกษตร 
LOG (lattice-best-path[5.5.0~1494-e5a5]:main():lattice-best-path.cc:99) For utterance M0000000124_0034, best cost 32.9487 + 1350.44 = 1383.39 over 230 frames.
M0000000124_0034 เพราะ งาน จำ 
LOG (lattice-best-path[5.5.0~1494-e5a5]:main():lattice-best-path.cc:99) For utterance M0000000124_0035, best cost 20.8505 + 1395.25 = 1416.1 over 230 frames.
M0000000124_0035 แมลง 
LOG (lattice-best-path[5.5.0~1494-e5a5]:main():lattice-best-path.cc:99) For utterance M0000000124_0036, best cost 47.26 + 1299.22 = 1346.48 over 212 frames.
M0000000124_0036 ขอบ เปลี่ยน ใน อยู่ 
LOG (lattice-best-path[5.5.0~1494-e5a5]:main():lattice-best-path.cc:99) For utterance M0000000124_0037, best cost 25.3025 + 1454.15 = 1479.45 over 239 frames.
M0000000124_0037 รับ 
LOG (lattice-best-path[5.5.0~1494-e5a5]:main():lattice-best-path.cc:99) For utterance M0000000124_0038, best cost 13.99 + 1353.28 = 1367.27 over 210 frames.
M0000000124_0038 
LOG (lattice-best-path[5.5.0~1494-e5a5]:main():lattice-best-path.cc:99) For utterance M0000000124_0039, best cost 20.9992 + 1811.42 = 1832.42 over 287 frames.
M0000000124_0039 และ 
LOG (lattice-best-path[5.5.0~1494-e5a5]:main():lattice-best-path.cc:99) For utterance M0000000124_0040, best cost 43.6801 + 1788.63 = 1832.31 over 279 frames.
M0000000124_0040 ใหญ่ ไป ตรวจสอบ ได้ 
LOG (lattice-best-path[5.5.0~1494-e5a5]:main():lattice-best-path.cc:99) For utterance M0000000124_0041, best cost 35.5634 + 2141.71 = 2177.27 over 347 frames.
M0000000124_0041 ดร. ใน 
LOG (lattice-best-path[5.5.0~1494-e5a5]:main():lattice-best-path.cc:99) For utterance M0000000124_0042, best cost 16.5228 + 1803.14 = 1819.66 over 279 frames.
M0000000124_0042 
LOG (lattice-best-path[5.5.0~1494-e5a5]:main():lattice-best-path.cc:99) For utterance M0000000124_0043, best cost 47.597 + 1633.55 = 1681.15 over 275 frames.
M0000000124_0043 ชั้น บน วาง ไม่ 
LOG (lattice-best-path[5.5.0~1494-e5a5]:main():lattice-best-path.cc:99) For utterance M0000000124_0044, best cost 29.0441 + 1458.84 = 1487.88 over 239 frames.
M0000000124_0044 ต่างๆ ด้วย 
LOG (lattice-best-path[5.5.0~1494-e5a5]:main():lattice-best-path.cc:99) For utterance M0000000124_0045, best cost 39.6796 + 1776.08 = 1815.76 over 287 frames.
M0000000124_0045 ระบาย เทคนิค ใน 
LOG (lattice-best-path[5.5.0~1494-e5a5]:main():lattice-best-path.cc:99) For utterance M0000000124_0046, best cost 28.4521 + 1217.54 = 1245.99 over 200 frames.
M0000000124_0046 ที่ ไป 
LOG (lattice-best-path[5.5.0~1494-e5a5]:main():lattice-best-path.cc:99) For utterance M0000000124_0047, best cost 22.3813 + 1853.1 = 1875.49 over 305 frames.
M0000000124_0047 เพราะ 
LOG (lattice-best-path[5.5.0~1494-e5a5]:main():lattice-best-path.cc:99) For utterance M0000000124_0048, best cost 45.2002 + 1662.77 = 1707.97 over 272 frames.
M0000000124_0048 มี รส อะไร ไม่ 
LOG (lattice-best-path[5.5.0~1494-e5a5]:main():lattice-best-path.cc:99) For utterance M0000000124_0049, best cost 27.8095 + 1453.37 = 1481.18 over 239 frames.
M0000000124_0049 ไม่ เรื่อย 
LOG (lattice-best-path[5.5.0~1494-e5a5]:main():lattice-best-path.cc:99) For utterance M0000000124_0050, best cost 40.707 + 1733.92 = 1774.63 over 287 frames.
M0000000124_0050 พระธาตุ เตรียม มาก 
LOG (lattice-best-path[5.5.0~1494-e5a5]:main():lattice-best-path.cc:99) For utterance M0000000124_0051, best cost 27.8733 + 1328.06 = 1355.94 over 215 frames.
M0000000124_0051 ข่าว 
LOG (lattice-best-path[5.5.0~1494-e5a5]:main():lattice-best-path.cc:99) For utterance M0000000124_0052, best cost 47.8867 + 1611.28 = 1659.16 over 269 frames.
M0000000124_0052 เผ็ด เกิน ไป ขับ 
LOG (lattice-best-path[5.5.0~1494-e5a5]:main():lattice-best-path.cc:99) For utterance M0000000124_0053, best cost 42.034 + 1740.83 = 1782.87 over 275 frames.
M0000000124_0053 วันนี้ และ รับ 
LOG (lattice-best-path[5.5.0~1494-e5a5]:main():lattice-best-path.cc:99) For utterance M0000000124_0054, best cost 31.2541 + 1501.97 = 1533.22 over 242 frames.
M0000000124_0054 ไว้ ก่อน 
LOG (lattice-best-path[5.5.0~1494-e5a5]:main():lattice-best-path.cc:99) For utterance M0000000124_0055, best cost 24.9128 + 1750.52 = 1775.43 over 284 frames.
M0000000124_0055 น้อย 
LOG (lattice-best-path[5.5.0~1494-e5a5]:main():lattice-best-path.cc:99) For utterance M0000000124_0056, best cost 48.9363 + 2341.94 = 2390.88 over 362 frames.
M0000000124_0056 ทิ้ง ขึ้น ใหม่ 
LOG (lattice-best-path[5.5.0~1494-e5a5]:main():lattice-best-path.cc:99) For utterance M0000000124_0057, best cost 35.1118 + 1721.57 = 1756.68 over 287 frames.
M0000000124_0057 ไม่ ต้อง ไมครอน 
LOG (lattice-best-path[5.5.0~1494-e5a5]:main():lattice-best-path.cc:99) For utterance M0000000124_0058, best cost 30.3499 + 1745.14 = 1775.49 over 284 frames.
M0000000124_0058 แต่ ไม่ 
LOG (lattice-best-path[5.5.0~1494-e5a5]:main():lattice-best-path.cc:99) For utterance M0000000124_0059, best cost 26.8667 + 1892.35 = 1919.22 over 299 frames.
M0000000124_0059 ไถ 
LOG (lattice-best-path[5.5.0~1494-e5a5]:main():lattice-best-path.cc:99) For utterance M0000000124_0060, best cost 27.575 + 1906.56 = 1934.14 over 291 frames.
M0000000124_0060 มากมาย 
LOG (lattice-best-path[5.5.0~1494-e5a5]:main():lattice-best-path.cc:99) For utterance M0000000124_0061, best cost 27.2696 + 1719.36 = 1746.63 over 281 frames.
M0000000124_0061 รับ 
LOG (lattice-best-path[5.5.0~1494-e5a5]:main():lattice-best-path.cc:99) For utterance M0000000124_0062, best cost 38.7312 + 1566.72 = 1605.45 over 252 frames.
M0000000124_0062 มี ร้องเพลง ไม่ 
LOG (lattice-best-path[5.5.0~1494-e5a5]:main():lattice-best-path.cc:99) For utterance M0000000124_0063, best cost 58.5962 + 1789.13 = 1847.72 over 296 frames.
M0000000124_0063 ไม่ หนู นี้ อะไร ไม่ 
LOG (lattice-best-path[5.5.0~1494-e5a5]:main():lattice-best-path.cc:99) For utterance M0000000124_0064, best cost 36.7145 + 1821 = 1857.71 over 267 frames.
M0000000124_0064 ไถ ที่สุด 
LOG (lattice-best-path[5.5.0~1494-e5a5]:main():lattice-best-path.cc:99) For utterance M0000000124_0065, best cost 55.5644 + 1856.24 = 1911.8 over 294 frames.
M0000000124_0065 พอ ที่ ชุบ เริ่ม น้อย 
LOG (lattice-best-path[5.5.0~1494-e5a5]:main():lattice-best-path.cc:99) For utterance M0000000124_0066, best cost 44.9071 + 1612.26 = 1657.17 over 260 frames.
M0000000124_0066 อาเจียน หมด ขลับ 
LOG (lattice-best-path[5.5.0~1494-e5a5]:main():lattice-best-path.cc:99) For utterance M0000000124_0067, best cost 48.6683 + 1830.15 = 1878.82 over 285 frames.
M0000000124_0067 ไถ พอ มี อนึ่ง 
LOG (lattice-best-path[5.5.0~1494-e5a5]:main():lattice-best-path.cc:99) For utterance M0000000124_0068, best cost 28.4822 + 1992.54 = 2021.02 over 318 frames.
M0000000124_0068 ต้องการ 
LOG (lattice-best-path[5.5.0~1494-e5a5]:main():lattice-best-path.cc:99) For utterance M0000000124_0069, best cost 67.5864 + 1903.86 = 1971.45 over 302 frames.
M0000000124_0069 มี ที่ หลัง เมื่อ ไม่ ไถ 
LOG (lattice-best-path[5.5.0~1494-e5a5]:main():lattice-best-path.cc:99) For utterance M0000000124_0070, best cost 46.569 + 1691.06 = 1737.63 over 278 frames.
M0000000124_0070 พอ มี หนู รังสี 
LOG (lattice-best-path[5.5.0~1494-e5a5]:main():lattice-best-path.cc:99) For utterance M0000000124_0071, best cost 52.4702 + 1717.42 = 1769.89 over 278 frames.
M0000000124_0071 การ นี้ มี เขา ใน 
LOG (lattice-best-path[5.5.0~1494-e5a5]:main():lattice-best-path.cc:99) For utterance M0000000124_0072, best cost 57.9044 + 1509.61 = 1567.51 over 236 frames.
M0000000124_0072 ควร ที่ ไม่ ที่ น้อย ไม่ 
LOG (lattice-best-path[5.5.0~1494-e5a5]:main():lattice-best-path.cc:99) For utterance M0000000124_0073, best cost 43.3094 + 2529.55 = 2572.86 over 398 frames.
M0000000124_0073 หา อาหาร นั้น 
LOG (lattice-best-path[5.5.0~1494-e5a5]:main():lattice-best-path.cc:99) For utterance M0000000124_0074, best cost 24.9311 + 1666.08 = 1691.01 over 273 frames.
M0000000124_0074 ไม่ 
LOG (lattice-best-path[5.5.0~1494-e5a5]:main():lattice-best-path.cc:99) For utterance M0000000124_0075, best cost 58.9811 + 2112.76 = 2171.74 over 330 frames.
M0000000124_0075 ยา สมการ อยู่ เท่าไร 
LOG (lattice-best-path[5.5.0~1494-e5a5]:main():lattice-best-path.cc:99) For utterance M0000000124_0076, best cost 55.4654 + 2139.49 = 2194.95 over 353 frames.
M0000000124_0076 ยัง ไม่ เตรียม อาหาร ไม่ 
LOG (lattice-best-path[5.5.0~1494-e5a5]:main():lattice-best-path.cc:99) For utterance M0000000124_0077, best cost 52.9851 + 2172.11 = 2225.1 over 344 frames.
M0000000124_0077 ไม่ มี ต่างๆ ไม่ 
LOG (lattice-best-path[5.5.0~1494-e5a5]:main():lattice-best-path.cc:99) For utterance M0000000124_0078, best cost 44.9049 + 2305.5 = 2350.4 over 350 frames.
M0000000124_0078 ยาก เท่าไร 
LOG (lattice-best-path[5.5.0~1494-e5a5]:main():lattice-best-path.cc:99) For utterance M0000000124_0079, best cost 34.2235 + 1548.1 = 1582.33 over 252 frames.
M0000000124_0079 เกรียงชัย ไม่ 
LOG (lattice-best-path[5.5.0~1494-e5a5]:main():lattice-best-path.cc:99) For utterance M0000000124_0080, best cost 74.4366 + 2396.22 = 2470.66 over 374 frames.
M0000000124_0080 ยา เปิด สาขา บาง ต้อง ทำ ใน 
LOG (lattice-best-path[5.5.0~1494-e5a5]:main():lattice-best-path.cc:99) For utterance M0000000124_0081, best cost 44.9815 + 2553.12 = 2598.1 over 404 frames.
M0000000124_0081 ยัง ได้ ขณะนี้ 
LOG (lattice-best-path[5.5.0~1494-e5a5]:main():lattice-best-path.cc:99) For utterance M0000000124_0082, best cost 76.4569 + 2370.16 = 2446.61 over 368 frames.
M0000000124_0082 หน้าจอ ไป ประการ ตรง สี แยก บัตร 
LOG (lattice-best-path[5.5.0~1494-e5a5]:main():lattice-best-path.cc:99) For utterance M0000000124_0083, best cost 61.4789 + 1775.86 = 1837.34 over 275 frames.
M0000000124_0083 ไถ ด้วย เที่ยว ข่าย ที่ ไม่ 
LOG (lattice-best-path[5.5.0~1494-e5a5]:main():lattice-best-path.cc:99) For utterance M0000000124_0084, best cost 42.8011 + 1975.31 = 2018.11 over 312 frames.
M0000000124_0084 ที่ เป็น ใน บาง 
LOG (lattice-best-path[5.5.0~1494-e5a5]:main():lattice-best-path.cc:99) For utterance M0000000124_0085, best cost 40.5849 + 2129.5 = 2170.09 over 344 frames.
M0000000124_0085 ได้ ที่ ไม่ 
LOG (lattice-best-path[5.5.0~1494-e5a5]:main():lattice-best-path.cc:99) For utterance M0000000124_0086, best cost 63.2002 + 1691.15 = 1754.35 over 269 frames.
M0000000124_0086 มา หนึ่ง ขาด ระยะ เปล่า 
LOG (lattice-best-path[5.5.0~1494-e5a5]:main():lattice-best-path.cc:99) For utterance M0000000124_0087, best cost 57.1254 + 1767.58 = 1824.7 over 284 frames.
M0000000124_0087 เตรียม ใน ยก ได้ ไม่ 
LOG (lattice-best-path[5.5.0~1494-e5a5]:main():lattice-best-path.cc:99) For utterance M0000000124_0088, best cost 54.6919 + 2057.74 = 2112.43 over 332 frames.
M0000000124_0088 ใช้ หนูจิ๊ด จาก ที่ ใน 
LOG (lattice-best-path[5.5.0~1494-e5a5]:main():lattice-best-path.cc:99) For utterance M0000000124_0089, best cost 58.6375 + 2013.49 = 2072.13 over 329 frames.
M0000000124_0089 ต้อง สร้าง น้ำตาล ที่ ชง 
LOG (lattice-best-path[5.5.0~1494-e5a5]:main():lattice-best-path.cc:99) For utterance M0000000124_0090, best cost 50.0479 + 2050.07 = 2100.12 over 318 frames.
M0000000124_0090 ทำมุม กระบืองาน หรือ สอบ 
LOG (lattice-best-path[5.5.0~1494-e5a5]:main():lattice-best-path.cc:99) For utterance M0000000124_0091, best cost 53.1126 + 1812.97 = 1866.09 over 291 frames.
M0000000124_0091 สาย ตรง ชุด เรา 
LOG (lattice-best-path[5.5.0~1494-e5a5]:main():lattice-best-path.cc:99) For utterance M0000000124_0092, best cost 47.5441 + 1571.79 = 1619.33 over 257 frames.
M0000000124_0092 ใส่ หนู หรือ กล่าว 
LOG (lattice-best-path[5.5.0~1494-e5a5]:main():lattice-best-path.cc:99) For utterance M0000000124_0093, best cost 26.4343 + 1594.66 = 1621.1 over 251 frames.
M0000000124_0093 หนึ่ง 
LOG (lattice-best-path[5.5.0~1494-e5a5]:main():lattice-best-path.cc:99) For utterance M0000000124_0094, best cost 50.924 + 1746.9 = 1797.82 over 279 frames.
M0000000124_0094 กล้วย ทั้งหมด จาก หนึ่ง 
LOG (lattice-best-path[5.5.0~1494-e5a5]:main():lattice-best-path.cc:99) For utterance M0000000124_0095, best cost 72.0058 + 2002.51 = 2074.52 over 327 frames.
M0000000124_0095 ทำ ทั่ว หลอดไฟ หวาน ได้ ไม่ 
LOG (lattice-best-path[5.5.0~1494-e5a5]:main():lattice-best-path.cc:99) For utterance M0000000124_0096, best cost 47.63 + 1796.09 = 1843.72 over 279 frames.
M0000000124_0096 รูป ชิ้น หมายถึง 
LOG (lattice-best-path[5.5.0~1494-e5a5]:main():lattice-best-path.cc:99) For utterance M0000000124_0097, best cost 36.8678 + 2071.51 = 2108.38 over 330 frames.
M0000000124_0097 ให้ น้อย 
LOG (lattice-best-path[5.5.0~1494-e5a5]:main():lattice-best-path.cc:99) For utterance M0000000124_0098, best cost 73.3477 + 2126.05 = 2199.4 over 338 frames.
M0000000124_0098 มา ส่ง ให้ ที่ บาง ได้ ไมครอน 
LOG (lattice-best-path[5.5.0~1494-e5a5]:main():lattice-best-path.cc:99) For utterance M0000000124_0099, best cost 50.8363 + 1649.4 = 1700.23 over 260 frames.
M0000000124_0099 เดียว ลง ไป ออก รส 
LOG (lattice-best-path[5.5.0~1494-e5a5]:main():lattice-best-path.cc:99) For utterance M0000000124_0100, best cost 57.8994 + 2023.76 = 2081.66 over 327 frames.
M0000000124_0100 เดียว เดิน ที่ ระงับ 
LOG (lattice-best-path[5.5.0~1494-e5a5]:main():lattice-best-path.cc:99) For utterance M0000000124_0101, best cost 95.4305 + 2545.4 = 2640.83 over 398 frames.
M0000000124_0101 อยู่ ใส่ จะ ขาด เหลว อะไร กลับกลาย ใจ หนึ่ง 
LOG (lattice-best-path[5.5.0~1494-e5a5]:main():lattice-best-path.cc:99) For utterance M0000000131_0000, best cost 30.5207 + 2134.54 = 2165.06 over 338 frames.
M0000000131_0000 กงล้อ ที่ 
LOG (lattice-best-path[5.5.0~1494-e5a5]:main():lattice-best-path.cc:99) For utterance M0000000131_0001, best cost 35.974 + 3278.75 = 3314.72 over 491 frames.
M0000000131_0001 ควร 
LOG (lattice-best-path[5.5.0~1494-e5a5]:main():lattice-best-path.cc:99) For utterance M0000000131_0002, best cost 28.5309 + 3168.8 = 3197.33 over 464 frames.
M0000000131_0002 
LOG (lattice-best-path[5.5.0~1494-e5a5]:main():lattice-best-path.cc:99) For utterance M0000000131_0003, best cost 41.3097 + 2279.64 = 2320.95 over 328 frames.
M0000000131_0003 ไถ ข่าว 
LOG (lattice-best-path[5.5.0~1494-e5a5]:main():lattice-best-path.cc:99) For utterance M0000000131_0004, best cost 42.5737 + 2487 = 2529.57 over 384 frames.
M0000000131_0004 เขา การ 
LOG (lattice-best-path[5.5.0~1494-e5a5]:main():lattice-best-path.cc:99) For utterance M0000000131_0005, best cost 47.2066 + 2631.96 = 2679.17 over 396 frames.
M0000000131_0005 เอา พวก 
LOG (lattice-best-path[5.5.0~1494-e5a5]:main():lattice-best-path.cc:99) For utterance M0000000131_0006, best cost 44.0393 + 2089.29 = 2133.33 over 332 frames.
M0000000131_0006 คง ควร เรือน 
LOG (lattice-best-path[5.5.0~1494-e5a5]:main():lattice-best-path.cc:99) For utterance M0000000131_0007, best cost 29.9273 + 1805.39 = 1835.31 over 284 frames.
M0000000131_0007 การ อ่าน 
LOG (lattice-best-path[5.5.0~1494-e5a5]:main():lattice-best-path.cc:99) For utterance M0000000131_0008, best cost 26.3681 + 1899.54 = 1925.91 over 284 frames.
M0000000131_0008 กรง 
LOG (lattice-best-path[5.5.0~1494-e5a5]:main():lattice-best-path.cc:99) For utterance M0000000131_0009, best cost 14.8615 + 1775.41 = 1790.27 over 270 frames.
M0000000131_0009 
LOG (lattice-best-path[5.5.0~1494-e5a5]:main():lattice-best-path.cc:99) For utterance M0000000131_0010, best cost 16.27 + 1828.91 = 1845.18 over 287 frames.
M0000000131_0010 
LOG (lattice-best-path[5.5.0~1494-e5a5]:main():lattice-best-path.cc:99) For utterance M0000000131_0011, best cost 18.573 + 1410.9 = 1429.48 over 210 frames.
M0000000131_0011 
LOG (lattice-best-path[5.5.0~1494-e5a5]:main():lattice-best-path.cc:99) For utterance M0000000131_0012, best cost 16.8231 + 1376.05 = 1392.88 over 200 frames.
M0000000131_0012 
LOG (lattice-best-path[5.5.0~1494-e5a5]:main():lattice-best-path.cc:99) For utterance M0000000131_0013, best cost 17.6563 + 1866.76 = 1884.41 over 250 frames.
M0000000131_0013 
LOG (lattice-best-path[5.5.0~1494-e5a5]:main():lattice-best-path.cc:99) For utterance M0000000131_0014, best cost 44.0092 + 1618.16 = 1662.17 over 238 frames.
M0000000131_0014 ไถ ไถ ที่ 
LOG (lattice-best-path[5.5.0~1494-e5a5]:main():lattice-best-path.cc:99) For utterance M0000000131_0015, best cost 16.8252 + 1378.66 = 1395.49 over 195 frames.
M0000000131_0015 
LOG (lattice-best-path[5.5.0~1494-e5a5]:main():lattice-best-path.cc:99) For utterance M0000000131_0016, best cost 15.3529 + 1406.54 = 1421.9 over 195 frames.
M0000000131_0016 
LOG (lattice-best-path[5.5.0~1494-e5a5]:main():lattice-best-path.cc:99) For utterance M0000000131_0017, best cost 16.7293 + 1328.86 = 1345.59 over 190 frames.
M0000000131_0017 
LOG (lattice-best-path[5.5.0~1494-e5a5]:main():lattice-best-path.cc:99) For utterance M0000000131_0018, best cost 17.1269 + 1352.52 = 1369.65 over 188 frames.
M0000000131_0018 
LOG (lattice-best-path[5.5.0~1494-e5a5]:main():lattice-best-path.cc:99) For utterance M0000000131_0019, best cost 20.2613 + 1284.72 = 1304.98 over 181 frames.
M0000000131_0019 
LOG (lattice-best-path[5.5.0~1494-e5a5]:main():lattice-best-path.cc:99) For utterance M0000000131_0020, best cost 14.9265 + 1210.06 = 1224.99 over 166 frames.
M0000000131_0020 
LOG (lattice-best-path[5.5.0~1494-e5a5]:main():lattice-best-path.cc:99) For utterance M0000000131_0021, best cost 32.3159 + 1212.64 = 1244.95 over 174 frames.
M0000000131_0021 ไถ ด้าน 
LOG (lattice-best-path[5.5.0~1494-e5a5]:main():lattice-best-path.cc:99) For utterance M0000000131_0022, best cost 13.578 + 1334.26 = 1347.84 over 193 frames.
M0000000131_0022 
LOG (lattice-best-path[5.5.0~1494-e5a5]:main():lattice-best-path.cc:99) For utterance M0000000131_0023, best cost 17.7087 + 1860.81 = 1878.52 over 257 frames.
M0000000131_0023 
LOG (lattice-best-path[5.5.0~1494-e5a5]:main():lattice-best-path.cc:99) For utterance M0000000131_0024, best cost 16.7448 + 1347.04 = 1363.78 over 190 frames.
M0000000131_0024 
LOG (lattice-best-path[5.5.0~1494-e5a5]:main():lattice-best-path.cc:99) For utterance M0000000131_0025, best cost 13.1124 + 942.719 = 955.831 over 132 frames.
M0000000131_0025 
LOG (lattice-best-path[5.5.0~1494-e5a5]:main():lattice-best-path.cc:99) For utterance M0000000131_0026, best cost 15.5479 + 1699.05 = 1714.6 over 223 frames.
M0000000131_0026 
LOG (lattice-best-path[5.5.0~1494-e5a5]:main():lattice-best-path.cc:99) For utterance M0000000131_0027, best cost 18.0707 + 2165.58 = 2183.65 over 306 frames.
M0000000131_0027 
LOG (lattice-best-path[5.5.0~1494-e5a5]:main():lattice-best-path.cc:99) For utterance M0000000131_0028, best cost 15.3151 + 1352.47 = 1367.79 over 186 frames.
M0000000131_0028 
LOG (lattice-best-path[5.5.0~1494-e5a5]:main():lattice-best-path.cc:99) For utterance M0000000131_0029, best cost 13.1567 + 1055.15 = 1068.31 over 152 frames.
M0000000131_0029 
LOG (lattice-best-path[5.5.0~1494-e5a5]:main():lattice-best-path.cc:99) For utterance M0000000131_0030, best cost 38.1683 + 1529.54 = 1567.71 over 224 frames.
M0000000131_0030 ไถ ไถ 
LOG (lattice-best-path[5.5.0~1494-e5a5]:main():lattice-best-path.cc:99) For utterance M0000000131_0031, best cost 14.8444 + 1191.67 = 1206.52 over 165 frames.
M0000000131_0031 
LOG (lattice-best-path[5.5.0~1494-e5a5]:main():lattice-best-path.cc:99) For utterance M0000000131_0032, best cost 15.1029 + 1319.06 = 1334.16 over 195 frames.
M0000000131_0032 
LOG (lattice-best-path[5.5.0~1494-e5a5]:main():lattice-best-path.cc:99) For utterance M0000000131_0033, best cost 11.6884 + 1023 = 1034.69 over 145 frames.
M0000000131_0033 
LOG (lattice-best-path[5.5.0~1494-e5a5]:main():lattice-best-path.cc:99) For utterance M0000000131_0034, best cost 17.4551 + 1465.9 = 1483.36 over 227 frames.
M0000000131_0034 
LOG (lattice-best-path[5.5.0~1494-e5a5]:main():lattice-best-path.cc:99) For utterance M0000000131_0035, best cost 25.6449 + 984.283 = 1009.93 over 140 frames.
M0000000131_0035 ที่ แล้ว 
LOG (lattice-best-path[5.5.0~1494-e5a5]:main():lattice-best-path.cc:99) For utterance M0000000131_0036, best cost 18.1449 + 1267.3 = 1285.44 over 178 frames.
M0000000131_0036 
LOG (lattice-best-path[5.5.0~1494-e5a5]:main():lattice-best-path.cc:99) For utterance M0000000131_0037, best cost 16.208 + 1003.62 = 1019.83 over 144 frames.
M0000000131_0037 
LOG (lattice-best-path[5.5.0~1494-e5a5]:main():lattice-best-path.cc:99) For utterance M0000000131_0038, best cost 37.8351 + 1935.33 = 1973.17 over 279 frames.
M0000000131_0038 ไถ ไถ 
LOG (lattice-best-path[5.5.0~1494-e5a5]:main():lattice-best-path.cc:99) For utterance M0000000131_0039, best cost 16.7731 + 1386.6 = 1403.37 over 197 frames.
M0000000131_0039 
LOG (lattice-best-path[5.5.0~1494-e5a5]:main():lattice-best-path.cc:99) For utterance M0000000131_0040, best cost 16.7224 + 1370.36 = 1387.08 over 197 frames.
M0000000131_0040 
LOG (lattice-best-path[5.5.0~1494-e5a5]:main():lattice-best-path.cc:99) For utterance M0000000131_0041, best cost 18.5334 + 1554.83 = 1573.36 over 217 frames.
M0000000131_0041 
LOG (lattice-best-path[5.5.0~1494-e5a5]:main():lattice-best-path.cc:99) For utterance M0000000131_0042, best cost 15.136 + 1351.64 = 1366.77 over 194 frames.
M0000000131_0042 
LOG (lattice-best-path[5.5.0~1494-e5a5]:main():lattice-best-path.cc:99) For utterance M0000000131_0043, best cost 13.7067 + 1381.83 = 1395.54 over 203 frames.
M0000000131_0043 
LOG (lattice-best-path[5.5.0~1494-e5a5]:main():lattice-best-path.cc:99) For utterance M0000000131_0044, best cost 23.276 + 1086.22 = 1109.49 over 151 frames.
M0000000131_0044 ด้วย 
LOG (lattice-best-path[5.5.0~1494-e5a5]:main():lattice-best-path.cc:99) For utterance M0000000131_0045, best cost 13.612 + 1302.95 = 1316.57 over 185 frames.
M0000000131_0045 
LOG (lattice-best-path[5.5.0~1494-e5a5]:main():lattice-best-path.cc:99) For utterance M0000000131_0046, best cost 14.5848 + 982.075 = 996.66 over 145 frames.
M0000000131_0046 
LOG (lattice-best-path[5.5.0~1494-e5a5]:main():lattice-best-path.cc:99) For utterance M0000000131_0047, best cost 18.6496 + 1274.32 = 1292.97 over 180 frames.
M0000000131_0047 
LOG (lattice-best-path[5.5.0~1494-e5a5]:main():lattice-best-path.cc:99) For utterance M0000000131_0048, best cost 15.5554 + 1558.45 = 1574.01 over 220 frames.
M0000000131_0048 
LOG (lattice-best-path[5.5.0~1494-e5a5]:main():lattice-best-path.cc:99) For utterance M0000000131_0049, best cost 16.6006 + 1327.04 = 1343.64 over 198 frames.
M0000000131_0049 
LOG (lattice-best-path[5.5.0~1494-e5a5]:main():lattice-best-path.cc:99) For utterance M0000000131_0050, best cost 16.7622 + 1464.95 = 1481.71 over 210 frames.
M0000000131_0050 
LOG (lattice-best-path[5.5.0~1494-e5a5]:main():lattice-best-path.cc:99) For utterance M0000000131_0051, best cost 15.1275 + 1277.57 = 1292.7 over 183 frames.
M0000000131_0051 
LOG (lattice-best-path[5.5.0~1494-e5a5]:main():lattice-best-path.cc:99) For utterance M0000000131_0052, best cost 16.425 + 1131.75 = 1148.18 over 161 frames.
M0000000131_0052 
LOG (lattice-best-path[5.5.0~1494-e5a5]:main():lattice-best-path.cc:99) For utterance M0000000131_0053, best cost 16.7142 + 1269.68 = 1286.4 over 177 frames.
M0000000131_0053 
LOG (lattice-best-path[5.5.0~1494-e5a5]:main():lattice-best-path.cc:99) For utterance M0000000131_0054, best cost 34.9769 + 1409.45 = 1444.43 over 205 frames.
M0000000131_0054 ไถ ไถ 
LOG (lattice-best-path[5.5.0~1494-e5a5]:main():lattice-best-path.cc:99) For utterance M0000000131_0055, best cost 14.9867 + 1251.5 = 1266.48 over 185 frames.
M0000000131_0055 
LOG (lattice-best-path[5.5.0~1494-e5a5]:main():lattice-best-path.cc:99) For utterance M0000000131_0056, best cost 16.313 + 2025.73 = 2042.04 over 278 frames.
M0000000131_0056 
LOG (lattice-best-path[5.5.0~1494-e5a5]:main():lattice-best-path.cc:99) For utterance M0000000131_0057, best cost 14.3528 + 810.983 = 825.336 over 120 frames.
M0000000131_0057 
LOG (lattice-best-path[5.5.0~1494-e5a5]:main():lattice-best-path.cc:99) For utterance M0000000131_0058, best cost 15.3884 + 1397.48 = 1412.86 over 212 frames.
M0000000131_0058 
LOG (lattice-best-path[5.5.0~1494-e5a5]:main():lattice-best-path.cc:99) For utterance M0000000131_0059, best cost 36.9093 + 1703.62 = 1740.53 over 251 frames.
M0000000131_0059 ไถ ไถ 
LOG (lattice-best-path[5.5.0~1494-e5a5]:main():lattice-best-path.cc:99) For utterance M0000000131_0060, best cost 15.2812 + 1408.73 = 1424.01 over 197 frames.
M0000000131_0060 
LOG (lattice-best-path[5.5.0~1494-e5a5]:main():lattice-best-path.cc:99) For utterance M0000000131_0061, best cost 14.776 + 1063.7 = 1078.47 over 148 frames.
M0000000131_0061 
LOG (lattice-best-path[5.5.0~1494-e5a5]:main():lattice-best-path.cc:99) For utterance M0000000131_0062, best cost 14.9951 + 1263.62 = 1278.62 over 177 frames.
M0000000131_0062 
LOG (lattice-best-path[5.5.0~1494-e5a5]:main():lattice-best-path.cc:99) For utterance M0000000131_0063, best cost 13.5414 + 1279.74 = 1293.28 over 183 frames.
M0000000131_0063 
LOG (lattice-best-path[5.5.0~1494-e5a5]:main():lattice-best-path.cc:99) For utterance M0000000131_0064, best cost 13.5785 + 1276.47 = 1290.05 over 181 frames.
M0000000131_0064 
LOG (lattice-best-path[5.5.0~1494-e5a5]:main():lattice-best-path.cc:99) For utterance M0000000131_0065, best cost 13.7292 + 1400.82 = 1414.55 over 193 frames.
M0000000131_0065 
LOG (lattice-best-path[5.5.0~1494-e5a5]:main():lattice-best-path.cc:99) For utterance M0000000131_0066, best cost 33.4966 + 1433.84 = 1467.34 over 210 frames.
M0000000131_0066 ไถ ไถ 
LOG (lattice-best-path[5.5.0~1494-e5a5]:main():lattice-best-path.cc:99) For utterance M0000000131_0067, best cost 25.014 + 751.947 = 776.961 over 106 frames.
M0000000131_0067 ของ เอาเอง 
LOG (lattice-best-path[5.5.0~1494-e5a5]:main():lattice-best-path.cc:99) For utterance M0000000131_0068, best cost 17.1363 + 1263.71 = 1280.84 over 177 frames.
M0000000131_0068 
LOG (lattice-best-path[5.5.0~1494-e5a5]:main():lattice-best-path.cc:99) For utterance M0000000131_0069, best cost 15.6192 + 1312.47 = 1328.09 over 188 frames.
M0000000131_0069 
LOG (lattice-best-path[5.5.0~1494-e5a5]:main():lattice-best-path.cc:99) For utterance M0000000131_0070, best cost 12.4765 + 994.713 = 1007.19 over 140 frames.
M0000000131_0070 
LOG (lattice-best-path[5.5.0~1494-e5a5]:main():lattice-best-path.cc:99) For utterance M0000000131_0071, best cost 16.0065 + 1345.61 = 1361.62 over 181 frames.
M0000000131_0071 
LOG (lattice-best-path[5.5.0~1494-e5a5]:main():lattice-best-path.cc:99) For utterance M0000000131_0072, best cost 15.9701 + 1354.8 = 1370.77 over 185 frames.
M0000000131_0072 
LOG (lattice-best-path[5.5.0~1494-e5a5]:main():lattice-best-path.cc:99) For utterance M0000000131_0073, best cost 18.3393 + 1407.52 = 1425.86 over 198 frames.
M0000000131_0073 
LOG (lattice-best-path[5.5.0~1494-e5a5]:main():lattice-best-path.cc:99) For utterance M0000000131_0074, best cost 13.3638 + 1156.26 = 1169.62 over 162 frames.
M0000000131_0074 
LOG (lattice-best-path[5.5.0~1494-e5a5]:main():lattice-best-path.cc:99) For utterance M0000000131_0075, best cost 15.7859 + 1724.13 = 1739.91 over 235 frames.
M0000000131_0075 
LOG (lattice-best-path[5.5.0~1494-e5a5]:main():lattice-best-path.cc:99) For utterance M0000000131_0076, best cost 16.6166 + 1327.3 = 1343.92 over 177 frames.
M0000000131_0076 
LOG (lattice-best-path[5.5.0~1494-e5a5]:main():lattice-best-path.cc:99) For utterance M0000000131_0077, best cost 18.5544 + 1500.62 = 1519.18 over 208 frames.
M0000000131_0077 
LOG (lattice-best-path[5.5.0~1494-e5a5]:main():lattice-best-path.cc:99) For utterance M0000000131_0078, best cost 18.2909 + 1428.22 = 1446.52 over 193 frames.
M0000000131_0078 
LOG (lattice-best-path[5.5.0~1494-e5a5]:main():lattice-best-path.cc:99) For utterance M0000000131_0079, best cost 18.0024 + 1172.17 = 1190.18 over 166 frames.
M0000000131_0079 
LOG (lattice-best-path[5.5.0~1494-e5a5]:main():lattice-best-path.cc:99) For utterance M0000000131_0080, best cost 19.6505 + 1889.45 = 1909.1 over 278 frames.
M0000000131_0080 
LOG (lattice-best-path[5.5.0~1494-e5a5]:main():lattice-best-path.cc:99) For utterance M0000000131_0081, best cost 20.6735 + 1948.06 = 1968.74 over 267 frames.
M0000000131_0081 
LOG (lattice-scale[5.5.0~1494-e5a5]:main():lattice-scale.cc:107) Done 510 lattices.
LOG (lattice-best-path[5.5.0~1494-e5a5]:main():lattice-best-path.cc:99) For utterance M0000000131_0082, best cost 19.1581 + 1856.09 = 1875.24 over 250 frames.
M0000000131_0082 
LOG (lattice-best-path[5.5.0~1494-e5a5]:main():lattice-best-path.cc:99) For utterance M0000000131_0083, best cost 13.4179 + 1243.19 = 1256.61 over 168 frames.
M0000000131_0083 
LOG (lattice-best-path[5.5.0~1494-e5a5]:main():lattice-best-path.cc:99) For utterance M0000000131_0084, best cost 16.858 + 1409.45 = 1426.31 over 200 frames.
M0000000131_0084 
LOG (lattice-best-path[5.5.0~1494-e5a5]:main():lattice-best-path.cc:99) For utterance M0000000131_0085, best cost 18.3178 + 1469.03 = 1487.35 over 203 frames.
M0000000131_0085 
LOG (lattice-best-path[5.5.0~1494-e5a5]:main():lattice-best-path.cc:99) For utterance M0000000131_0086, best cost 16.56 + 1244.72 = 1261.28 over 170 frames.
M0000000131_0086 
LOG (lattice-best-path[5.5.0~1494-e5a5]:main():lattice-best-path.cc:99) For utterance M0000000131_0087, best cost 17.9782 + 1194.18 = 1212.16 over 164 frames.
M0000000131_0087 
LOG (lattice-best-path[5.5.0~1494-e5a5]:main():lattice-best-path.cc:99) For utterance M0000000131_0088, best cost 12.6731 + 1629.99 = 1642.66 over 230 frames.
M0000000131_0088 
LOG (lattice-best-path[5.5.0~1494-e5a5]:main():lattice-best-path.cc:99) For utterance M0000000131_0089, best cost 19.8995 + 1339.66 = 1359.56 over 183 frames.
M0000000131_0089 
LOG (lattice-best-path[5.5.0~1494-e5a5]:main():lattice-best-path.cc:99) For utterance M0000000131_0090, best cost 18.3339 + 1335.92 = 1354.25 over 191 frames.
M0000000131_0090 
LOG (lattice-best-path[5.5.0~1494-e5a5]:main():lattice-best-path.cc:99) For utterance M0000000131_0091, best cost 13.5698 + 1310.91 = 1324.48 over 176 frames.
M0000000131_0091 
LOG (lattice-best-path[5.5.0~1494-e5a5]:main():lattice-best-path.cc:99) For utterance M0000000131_0092, best cost 15.1704 + 1267.63 = 1282.8 over 184 frames.
M0000000131_0092 
LOG (lattice-best-path[5.5.0~1494-e5a5]:main():lattice-best-path.cc:99) For utterance M0000000131_0093, best cost 13.8634 + 1080.79 = 1094.66 over 152 frames.
M0000000131_0093 
LOG (lattice-best-path[5.5.0~1494-e5a5]:main():lattice-best-path.cc:99) For utterance M0000000131_0094, best cost 18.3631 + 1128.98 = 1147.34 over 155 frames.
M0000000131_0094 
LOG (lattice-best-path[5.5.0~1494-e5a5]:main():lattice-best-path.cc:99) For utterance M0000000131_0095, best cost 17.6836 + 1568.65 = 1586.33 over 231 frames.
M0000000131_0095 
LOG (lattice-best-path[5.5.0~1494-e5a5]:main():lattice-best-path.cc:99) For utterance M0000000131_0096, best cost 14.4435 + 1427.77 = 1442.21 over 198 frames.
M0000000131_0096 
LOG (lattice-best-path[5.5.0~1494-e5a5]:main():lattice-best-path.cc:99) For utterance M0000000131_0097, best cost 16.5081 + 1275.49 = 1292 over 179 frames.
M0000000131_0097 
LOG (lattice-best-path[5.5.0~1494-e5a5]:main():lattice-best-path.cc:99) For utterance M0000000131_0098, best cost 16.9023 + 1363.68 = 1380.58 over 190 frames.
M0000000131_0098 
LOG (lattice-best-path[5.5.0~1494-e5a5]:main():lattice-best-path.cc:99) For utterance M0000000131_0099, best cost 16.3988 + 1079.88 = 1096.28 over 154 frames.
M0000000131_0099 
LOG (lattice-best-path[5.5.0~1494-e5a5]:main():lattice-best-path.cc:99) For utterance M0000000131_0100, best cost 14.8977 + 1175.35 = 1190.25 over 157 frames.
M0000000131_0100 
LOG (lattice-add-penalty[5.5.0~1494-e5a5]:main():lattice-add-penalty.cc:62) Done adding word insertion penalty to 510 lattices.
LOG (lattice-best-path[5.5.0~1494-e5a5]:main():lattice-best-path.cc:99) For utterance M0000000131_0101, best cost 20.4191 + 1794.66 = 1815.08 over 242 frames.
M0000000131_0101 
LOG (lattice-best-path[5.5.0~1494-e5a5]:main():lattice-best-path.cc:124) Overall cost per frame is 6.66244 = 0.14784 [graph] + 6.5146 [acoustic] over 120161 frames.
LOG (lattice-best-path[5.5.0~1494-e5a5]:main():lattice-best-path.cc:128) Done 510 lattices, failed for 0
# Accounting: time=1 threads=1
# Ended (code 0) at Sun May  2 17:11:29 UTC 2021, elapsed time 1 seconds
