# lattice-scale --inv-acoustic-scale=8 "ark:gunzip -c exp/tri1/decode/lat.*.gz|" ark:- | lattice-add-penalty --word-ins-penalty=0.5 ark:- ark:- | lattice-best-path --word-symbol-table=exp/tri1/graph//words.txt ark:- ark,t:- | utils/int2sym.pl -f 2- exp/tri1/graph//words.txt | local/wer_hyp_filter > exp/tri1/decode/scoring_kaldi/penalty_0.5/8.txt 
# Started at Sun May  2 17:11:25 UTC 2021
#
lattice-add-penalty --word-ins-penalty=0.5 ark:- ark:- 
lattice-best-path --word-symbol-table=exp/tri1/graph//words.txt ark:- ark,t:- 
lattice-scale --inv-acoustic-scale=8 'ark:gunzip -c exp/tri1/decode/lat.*.gz|' ark:- 
LOG (lattice-best-path[5.5.0~1494-e5a5]:main():lattice-best-path.cc:99) For utterance M0000000085_0000, best cost 32.3834 + 1662.18 = 1694.57 over 127 frames.
M0000000085_0000 กงล้อ ที่ อีก 
LOG (lattice-best-path[5.5.0~1494-e5a5]:main():lattice-best-path.cc:99) For utterance M0000000085_0001, best cost 70.31 + 2953.58 = 3023.89 over 233 frames.
M0000000085_0001 แกว่ง ที่ เอา ล้าน อนึ่ง กัน 
LOG (lattice-best-path[5.5.0~1494-e5a5]:main():lattice-best-path.cc:99) For utterance M0000000085_0002, best cost 67.9729 + 2776.97 = 2844.94 over 224 frames.
M0000000085_0002 เอา ก็ ออก ได้ ไทย กล่าวถึง การ 
LOG (lattice-best-path[5.5.0~1494-e5a5]:main():lattice-best-path.cc:99) For utterance M0000000085_0003, best cost 61.2521 + 2720.22 = 2781.47 over 212 frames.
M0000000085_0003 ทรง ต่ำ ขึ้น เคล็ด ตรึง 
LOG (lattice-best-path[5.5.0~1494-e5a5]:main():lattice-best-path.cc:99) For utterance M0000000085_0004, best cost 58.5048 + 2215.32 = 2273.82 over 179 frames.
M0000000085_0004 เขา ประมง ไอ ใดๆ การ 
LOG (lattice-best-path[5.5.0~1494-e5a5]:main():lattice-best-path.cc:99) For utterance M0000000085_0005, best cost 60.068 + 2506.94 = 2567.01 over 198 frames.
M0000000085_0005 ออก กลไก ใส่ มน การ 
LOG (lattice-best-path[5.5.0~1494-e5a5]:main():lattice-best-path.cc:99) For utterance M0000000085_0006, best cost 39.5287 + 1789.98 = 1829.51 over 140 frames.
M0000000085_0006 พวก รส เนื่อง 
LOG (lattice-best-path[5.5.0~1494-e5a5]:main():lattice-best-path.cc:99) For utterance M0000000085_0007, best cost 53.044 + 2018.32 = 2071.36 over 165 frames.
M0000000085_0007 นำ โค้ง ปาก ยาว หนึ่ง 
LOG (lattice-best-path[5.5.0~1494-e5a5]:main():lattice-best-path.cc:99) For utterance M0000000085_0008, best cost 63.5369 + 2638.08 = 2701.62 over 218 frames.
M0000000085_0008 นำเอา หนึ่ง นำ โค้ง สอง 
LOG (lattice-best-path[5.5.0~1494-e5a5]:main():lattice-best-path.cc:99) For utterance M0000000085_0009, best cost 52.0759 + 2106.55 = 2158.62 over 174 frames.
M0000000085_0009 ข้อ นั้น แสง ทั้ง หนึ่ง 
LOG (lattice-best-path[5.5.0~1494-e5a5]:main():lattice-best-path.cc:99) For utterance M0000000085_0010, best cost 37.6422 + 1696.86 = 1734.5 over 135 frames.
M0000000085_0010 คง หลอด น้อย 
LOG (lattice-best-path[5.5.0~1494-e5a5]:main():lattice-best-path.cc:99) For utterance M0000000085_0011, best cost 50.1749 + 1833.81 = 1883.99 over 153 frames.
M0000000085_0011 มา หาก คน สัตว์ 
LOG (lattice-best-path[5.5.0~1494-e5a5]:main():lattice-best-path.cc:99) For utterance M0000000085_0012, best cost 50.827 + 2188.14 = 2238.96 over 176 frames.
M0000000085_0012 สาร ต้น เขียน ซึ่ง 
LOG (lattice-best-path[5.5.0~1494-e5a5]:main():lattice-best-path.cc:99) For utterance M0000000085_0013, best cost 77.9869 + 3303.71 = 3381.7 over 261 frames.
M0000000085_0013 ต้อง สิ่ง ที่ แคระแกร็น สอง พลุ่ง ซึ่ง 
LOG (lattice-best-path[5.5.0~1494-e5a5]:main():lattice-best-path.cc:99) For utterance M0000000085_0014, best cost 44.3361 + 2050.23 = 2094.56 over 162 frames.
M0000000085_0014 ขอ ที่ ไถ 
LOG (lattice-best-path[5.5.0~1494-e5a5]:main():lattice-best-path.cc:99) For utterance M0000000085_0015, best cost 43.413 + 1918.51 = 1961.93 over 153 frames.
M0000000085_0015 ก่อนหลัง ตรง น้ำหนัก 
LOG (lattice-best-path[5.5.0~1494-e5a5]:main():lattice-best-path.cc:99) For utterance M0000000085_0016, best cost 64.2209 + 2335.34 = 2399.56 over 183 frames.
M0000000085_0016 ขอ นั่ง ติด ยก ละ 
LOG (lattice-best-path[5.5.0~1494-e5a5]:main():lattice-best-path.cc:99) For utterance M0000000085_0017, best cost 38.9201 + 2292.16 = 2331.08 over 189 frames.
M0000000085_0017 ข้อ นั้น ร้าย นานา 
LOG (lattice-best-path[5.5.0~1494-e5a5]:main():lattice-best-path.cc:99) For utterance M0000000085_0018, best cost 47.4239 + 1925.74 = 1973.16 over 150 frames.
M0000000085_0018 ของ กลีบ เริ่ม น้อย 
LOG (lattice-best-path[5.5.0~1494-e5a5]:main():lattice-best-path.cc:99) For utterance M0000000085_0019, best cost 47.3807 + 2433.39 = 2480.77 over 197 frames.
M0000000085_0019 ขยาย เป็นต้น และ หนัก 
LOG (lattice-best-path[5.5.0~1494-e5a5]:main():lattice-best-path.cc:99) For utterance M0000000085_0020, best cost 41.8701 + 1963.16 = 2005.03 over 162 frames.
M0000000085_0020 รูป ใดๆ ไป ใน 
LOG (lattice-best-path[5.5.0~1494-e5a5]:main():lattice-best-path.cc:99) For utterance M0000000085_0021, best cost 46.5575 + 1915.99 = 1962.55 over 165 frames.
M0000000085_0021 แปะ กิน จะ ทาง 
LOG (lattice-best-path[5.5.0~1494-e5a5]:main():lattice-best-path.cc:99) For utterance M0000000085_0022, best cost 39.428 + 1761.82 = 1801.25 over 143 frames.
M0000000085_0022 จึง ได้ ไม่ อาจ 
LOG (lattice-best-path[5.5.0~1494-e5a5]:main():lattice-best-path.cc:99) For utterance M0000000085_0023, best cost 76.9835 + 2618.27 = 2695.25 over 216 frames.
M0000000085_0023 อาหาร อะไร มน คน ข่าย ไม้ 
LOG (lattice-best-path[5.5.0~1494-e5a5]:main():lattice-best-path.cc:99) For utterance M0000000085_0024, best cost 43.0523 + 1648.49 = 1691.55 over 129 frames.
M0000000085_0024 ของ เครื่อง องค์ น้อย 
LOG (lattice-best-path[5.5.0~1494-e5a5]:main():lattice-best-path.cc:99) For utterance M0000000085_0025, best cost 30.8026 + 1476.28 = 1507.08 over 119 frames.
M0000000085_0025 ติด หมด 
LOG (lattice-best-path[5.5.0~1494-e5a5]:main():lattice-best-path.cc:99) For utterance M0000000085_0026, best cost 46.33 + 2407.64 = 2453.97 over 188 frames.
M0000000085_0026 มี จะ ที่ ใหม่ๆ 
LOG (lattice-best-path[5.5.0~1494-e5a5]:main():lattice-best-path.cc:99) For utterance M0000000085_0027, best cost 82.7606 + 2850.42 = 2933.18 over 227 frames.
M0000000085_0027 เอา ซอส รส หลักเกณฑ์ ให้ น้อย จาน 
LOG (lattice-best-path[5.5.0~1494-e5a5]:main():lattice-best-path.cc:99) For utterance M0000000085_0028, best cost 52.2815 + 2365.44 = 2417.72 over 188 frames.
M0000000085_0028 ข้อ นั้น จึง เริ่ม นักปราชญ์ 
LOG (lattice-best-path[5.5.0~1494-e5a5]:main():lattice-best-path.cc:99) For utterance M0000000085_0029, best cost 39.4821 + 1827.76 = 1867.24 over 153 frames.
M0000000085_0029 จะ จะ หรือ อย่าง 
LOG (lattice-best-path[5.5.0~1494-e5a5]:main():lattice-best-path.cc:99) For utterance M0000000085_0030, best cost 44.1691 + 1979.65 = 2023.82 over 167 frames.
M0000000085_0030 รวม อะไร ใน บาง 
LOG (lattice-best-path[5.5.0~1494-e5a5]:main():lattice-best-path.cc:99) For utterance M0000000085_0031, best cost 51.0798 + 2124.16 = 2175.24 over 171 frames.
M0000000085_0031 อาหาร จังหวัด กิน ลง 
LOG (lattice-best-path[5.5.0~1494-e5a5]:main():lattice-best-path.cc:99) For utterance M0000000085_0032, best cost 59.9238 + 2066.57 = 2126.5 over 171 frames.
M0000000085_0032 ตย. เรา อีก หนัก ใหม่ๆ 
LOG (lattice-best-path[5.5.0~1494-e5a5]:main():lattice-best-path.cc:99) For utterance M0000000085_0033, best cost 31.9129 + 1558.19 = 1590.1 over 126 frames.
M0000000085_0033 ใหม่ๆ จัดซื้อ 
LOG (lattice-best-path[5.5.0~1494-e5a5]:main():lattice-best-path.cc:99) For utterance M0000000085_0034, best cost 30.0694 + 1776.77 = 1806.84 over 150 frames.
M0000000085_0034 หลอด ปานกลาง 
LOG (lattice-best-path[5.5.0~1494-e5a5]:main():lattice-best-path.cc:99) For utterance M0000000085_0035, best cost 44.681 + 1636.86 = 1681.54 over 135 frames.
M0000000085_0035 ไม่ กิน แล้ว ออก 
LOG (lattice-best-path[5.5.0~1494-e5a5]:main():lattice-best-path.cc:99) For utterance M0000000085_0036, best cost 47.3348 + 2186.69 = 2234.02 over 179 frames.
M0000000085_0036 ของ เปลี่ยน ไม่ น้อง 
LOG (lattice-best-path[5.5.0~1494-e5a5]:main():lattice-best-path.cc:99) For utterance M0000000085_0037, best cost 44.8046 + 1755.24 = 1800.04 over 147 frames.
M0000000085_0037 ไม่ เอา เรา หลัก 
LOG (lattice-best-path[5.5.0~1494-e5a5]:main():lattice-best-path.cc:99) For utterance M0000000085_0038, best cost 41.4697 + 1868.88 = 1910.35 over 150 frames.
M0000000085_0038 ปรุง เขา ลอง 
LOG (lattice-best-path[5.5.0~1494-e5a5]:main():lattice-best-path.cc:99) For utterance M0000000085_0039, best cost 40.8932 + 2213.08 = 2253.98 over 177 frames.
M0000000085_0039 ย้าย องศา หนัก 
LOG (lattice-best-path[5.5.0~1494-e5a5]:main():lattice-best-path.cc:99) For utterance M0000000085_0040, best cost 49.5146 + 1950.32 = 1999.84 over 156 frames.
M0000000085_0040 ย้าย เป็นต้น ต้อง หนัก 
LOG (lattice-best-path[5.5.0~1494-e5a5]:main():lattice-best-path.cc:99) For utterance M0000000085_0041, best cost 58.1148 + 2596.02 = 2654.14 over 209 frames.
M0000000085_0041 แอดเดรส ตัวหนอน ไมครอน อะไร 
LOG (lattice-best-path[5.5.0~1494-e5a5]:main():lattice-best-path.cc:99) For utterance M0000000085_0042, best cost 41.1483 + 2039.33 = 2080.48 over 162 frames.
M0000000085_0042 ย่าน ย้าย เป็น 
LOG (lattice-best-path[5.5.0~1494-e5a5]:main():lattice-best-path.cc:99) For utterance M0000000085_0043, best cost 49.6219 + 1743.15 = 1792.78 over 146 frames.
M0000000085_0043 ชั้น บน วาง ใหม่ๆ 
LOG (lattice-best-path[5.5.0~1494-e5a5]:main():lattice-best-path.cc:99) For utterance M0000000085_0044, best cost 34.4906 + 1751.62 = 1786.11 over 146 frames.
M0000000085_0044 เก็บ ต่างๆ ด้วย 
LOG (lattice-best-path[5.5.0~1494-e5a5]:main():lattice-best-path.cc:99) For utterance M0000000085_0045, best cost 56.2677 + 2368.62 = 2424.89 over 183 frames.
M0000000085_0045 ละ บัตร ที่ ดิบ หลายๆ 
LOG (lattice-best-path[5.5.0~1494-e5a5]:main():lattice-best-path.cc:99) For utterance M0000000085_0046, best cost 21.4522 + 1813.12 = 1834.57 over 144 frames.
M0000000085_0046 อธิบาย 
LOG (lattice-best-path[5.5.0~1494-e5a5]:main():lattice-best-path.cc:99) For utterance M0000000085_0047, best cost 45.5235 + 2045.2 = 2090.72 over 159 frames.
M0000000085_0047 สัตว์เลี้ยง ได้ เป็น ใดๆ 
LOG (lattice-best-path[5.5.0~1494-e5a5]:main():lattice-best-path.cc:99) For utterance M0000000085_0048, best cost 63.278 + 2312.97 = 2376.25 over 186 frames.
M0000000085_0048 มี บน หมด จะ ไหล ใหม่ๆ 
LOG (lattice-best-path[5.5.0~1494-e5a5]:main():lattice-best-path.cc:99) For utterance M0000000085_0049, best cost 38.0945 + 1656.89 = 1694.98 over 137 frames.
M0000000085_0049 ไม่ เอา เลย 
LOG (lattice-best-path[5.5.0~1494-e5a5]:main():lattice-best-path.cc:99) For utterance M0000000085_0050, best cost 45.2129 + 1733.71 = 1778.92 over 143 frames.
M0000000085_0050 ลด จัด ย่าน มาก 
LOG (lattice-best-path[5.5.0~1494-e5a5]:main():lattice-best-path.cc:99) For utterance M0000000085_0051, best cost 46.9369 + 1796.37 = 1843.3 over 144 frames.
M0000000085_0051 ปาก เช่น เหม็น ข่าว 
LOG (lattice-best-path[5.5.0~1494-e5a5]:main():lattice-best-path.cc:99) For utterance M0000000085_0052, best cost 43.3312 + 1920.8 = 1964.13 over 149 frames.
M0000000085_0052 เผ็ด เดิน ไป เพราะ 
LOG (lattice-best-path[5.5.0~1494-e5a5]:main():lattice-best-path.cc:99) For utterance M0000000085_0053, best cost 54.9443 + 2149.81 = 2204.75 over 173 frames.
M0000000085_0053 วันนี้ อะไร มัก แร่ธาตุ 
LOG (lattice-best-path[5.5.0~1494-e5a5]:main():lattice-best-path.cc:99) For utterance M0000000085_0054, best cost 36.4933 + 1607.71 = 1644.21 over 131 frames.
M0000000085_0054 ติด ด้วย ก่อน 
LOG (lattice-best-path[5.5.0~1494-e5a5]:main():lattice-best-path.cc:99) For utterance M0000000085_0055, best cost 29.9235 + 1700.35 = 1730.27 over 141 frames.
M0000000085_0055 พระองค์ ไว้ 
LOG (lattice-best-path[5.5.0~1494-e5a5]:main():lattice-best-path.cc:99) For utterance M0000000085_0056, best cost 91.9194 + 2964.31 = 3056.23 over 237 frames.
M0000000085_0056 จึง เครื่อง ด้าน หลัก หลัก ซึ่ง เดียว หรือ ไม่ 
LOG (lattice-best-path[5.5.0~1494-e5a5]:main():lattice-best-path.cc:99) For utterance M0000000085_0057, best cost 31.3211 + 1647.06 = 1678.38 over 134 frames.
M0000000085_0057 ไม่ ต้อง กลอน 
LOG (lattice-best-path[5.5.0~1494-e5a5]:main():lattice-best-path.cc:99) For utterance M0000000085_0058, best cost 45.1767 + 1853.76 = 1898.94 over 156 frames.
M0000000085_0058 หลัง การ ใน ไม้ 
LOG (lattice-best-path[5.5.0~1494-e5a5]:main():lattice-best-path.cc:99) For utterance M0000000085_0059, best cost 54.7793 + 2459.61 = 2514.39 over 192 frames.
M0000000085_0059 กับ เท่าๆ หมด สัตว์ ร้าย 
LOG (lattice-best-path[5.5.0~1494-e5a5]:main():lattice-best-path.cc:99) For utterance M0000000085_0060, best cost 53.8955 + 2374.79 = 2428.69 over 186 frames.
M0000000085_0060 ดรัม องค์ รส มากมาย 
LOG (lattice-best-path[5.5.0~1494-e5a5]:main():lattice-best-path.cc:99) For utterance M0000000085_0061, best cost 41.6734 + 2045.68 = 2087.35 over 164 frames.
M0000000085_0061 อ้วน การ หรือ เพราะ 
LOG (lattice-best-path[5.5.0~1494-e5a5]:main():lattice-best-path.cc:99) For utterance M0000000085_0062, best cost 45.0969 + 1768.47 = 1813.56 over 144 frames.
M0000000085_0062 มี ของ เรียก ใหม่ๆ 
LOG (lattice-best-path[5.5.0~1494-e5a5]:main():lattice-best-path.cc:99) For utterance M0000000085_0063, best cost 51.2537 + 1919.92 = 1971.18 over 155 frames.
M0000000085_0063 ไม่ เหล่านี้ อะไร ไม้ 
LOG (lattice-best-path[5.5.0~1494-e5a5]:main():lattice-best-path.cc:99) For utterance M0000000085_0064, best cost 23.0638 + 2009.74 = 2032.81 over 161 frames.
M0000000085_0064 เรียก 
LOG (lattice-best-path[5.5.0~1494-e5a5]:main():lattice-best-path.cc:99) For utterance M0000000085_0065, best cost 42.0522 + 2061.24 = 2103.29 over 164 frames.
M0000000085_0065 ข้อดี โชคลาง น้อย 
LOG (lattice-best-path[5.5.0~1494-e5a5]:main():lattice-best-path.cc:99) For utterance M0000000085_0066, best cost 42.0092 + 1845.64 = 1887.65 over 144 frames.
M0000000085_0066 เป็น เตรียม หมด 
LOG (lattice-best-path[5.5.0~1494-e5a5]:main():lattice-best-path.cc:99) For utterance M0000000085_0067, best cost 35.9188 + 1958.51 = 1994.43 over 161 frames.
M0000000085_0067 ของ มี อนึ่ง 
LOG (lattice-best-path[5.5.0~1494-e5a5]:main():lattice-best-path.cc:99) For utterance M0000000085_0068, best cost 52.1186 + 2297.68 = 2349.8 over 185 frames.
M0000000085_0068 ขอ จาน แบ่ง ต้องการ 
LOG (lattice-best-path[5.5.0~1494-e5a5]:main():lattice-best-path.cc:99) For utterance M0000000085_0069, best cost 43.3762 + 1958.11 = 2001.49 over 164 frames.
M0000000085_0069 มี ที่ หลัง เคลื่อนไหว 
LOG (lattice-best-path[5.5.0~1494-e5a5]:main():lattice-best-path.cc:99) For utterance M0000000085_0070, best cost 34.0528 + 2018.02 = 2052.07 over 162 frames.
M0000000085_0070 แคระแกร็น รังสี 
LOG (lattice-best-path[5.5.0~1494-e5a5]:main():lattice-best-path.cc:99) For utterance M0000000085_0071, best cost 64.3298 + 2143.9 = 2208.23 over 164 frames.
M0000000085_0071 ล้าน นี้ มี คง วิภา ไม่ 
LOG (lattice-best-path[5.5.0~1494-e5a5]:main():lattice-best-path.cc:99) For utterance M0000000085_0072, best cost 64.0271 + 2441.05 = 2505.08 over 191 frames.
M0000000085_0072 คน กิ่งไม้ กิน บ่อยๆ หลาย 
LOG (lattice-best-path[5.5.0~1494-e5a5]:main():lattice-best-path.cc:99) For utterance M0000000085_0073, best cost 56.6329 + 2782.77 = 2839.4 over 224 frames.
M0000000085_0073 ผ่าน ไป ระหว่าง ร้านอาหาร หนัก 
LOG (lattice-best-path[5.5.0~1494-e5a5]:main():lattice-best-path.cc:99) For utterance M0000000085_0074, best cost 34.1691 + 1810.84 = 1845.01 over 144 frames.
M0000000085_0074 หลัก สมัย 
LOG (lattice-best-path[5.5.0~1494-e5a5]:main():lattice-best-path.cc:99) For utterance M0000000085_0075, best cost 51.9834 + 2627.93 = 2679.92 over 201 frames.
M0000000085_0075 ยา สำนักงาน ต่อ หลาย 
LOG (lattice-best-path[5.5.0~1494-e5a5]:main():lattice-best-path.cc:99) For utterance M0000000085_0076, best cost 64.3525 + 2325.87 = 2390.22 over 188 frames.
M0000000085_0076 ยัง ไม่ ดิน เนื้อหา หลัก ไม่ 
LOG (lattice-best-path[5.5.0~1494-e5a5]:main():lattice-best-path.cc:99) For utterance M0000000085_0077, best cost 38.8803 + 2915.7 = 2954.58 over 231 frames.
M0000000085_0077 หลังจากนั้น อะไร 
LOG (lattice-best-path[5.5.0~1494-e5a5]:main():lattice-best-path.cc:99) For utterance M0000000085_0078, best cost 65.4302 + 2660.52 = 2725.95 over 206 frames.
M0000000085_0078 ยาก เสื้อ ล้าน ออก อะไร 
LOG (lattice-best-path[5.5.0~1494-e5a5]:main():lattice-best-path.cc:99) For utterance M0000000085_0079, best cost 53.7263 + 2022.34 = 2076.07 over 176 frames.
M0000000085_0079 ข่าย สั้น ฉาย ไม้ 
LOG (lattice-best-path[5.5.0~1494-e5a5]:main():lattice-best-path.cc:99) For utterance M0000000085_0080, best cost 70.3456 + 2720.55 = 2790.9 over 218 frames.
M0000000085_0080 ยาก ด้วย สาขา บาง ดรัม ใน 
LOG (lattice-best-path[5.5.0~1494-e5a5]:main():lattice-best-path.cc:99) For utterance M0000000085_0081, best cost 73.8362 + 3603.3 = 3677.14 over 290 frames.
M0000000085_0081 โต๊ะ ส่วน การ ยัง ได้ คล้าย ไม้ 
LOG (lattice-best-path[5.5.0~1494-e5a5]:main():lattice-best-path.cc:99) For utterance M0000000085_0082, best cost 71.2212 + 3025.41 = 3096.63 over 243 frames.
M0000000085_0082 มัก จะ ไป ด้วย ล้าน ต้อง เสีย หนัก 
LOG (lattice-best-path[5.5.0~1494-e5a5]:main():lattice-best-path.cc:99) For utterance M0000000085_0083, best cost 45.4376 + 2348.27 = 2393.7 over 191 frames.
M0000000085_0083 หรือ เดียว ใช้ บิน ไล่ 
LOG (lattice-best-path[5.5.0~1494-e5a5]:main():lattice-best-path.cc:99) For utterance M0000000085_0084, best cost 50.0378 + 2062.47 = 2112.51 over 164 frames.
M0000000085_0084 ซึ่ง จะ ที่ เป็น ใช้ บาง 
LOG (lattice-best-path[5.5.0~1494-e5a5]:main():lattice-best-path.cc:99) For utterance M0000000085_0085, best cost 61.5748 + 2421.74 = 2483.32 over 203 frames.
M0000000085_0085 เขา อาหาร และ ได้ ดี ร้าย 
LOG (lattice-best-path[5.5.0~1494-e5a5]:main():lattice-best-path.cc:99) For utterance M0000000085_0086, best cost 55.2351 + 2490.29 = 2545.53 over 203 frames.
M0000000085_0086 วัน ร้าย อายุ เปล่า 
LOG (lattice-best-path[5.5.0~1494-e5a5]:main():lattice-best-path.cc:99) For utterance M0000000085_0087, best cost 52.9424 + 2087 = 2139.94 over 176 frames.
M0000000085_0087 เปลี่ยน ใน ยก เป็น วัย 
LOG (lattice-best-path[5.5.0~1494-e5a5]:main():lattice-best-path.cc:99) For utterance M0000000085_0088, best cost 60.7059 + 2308.19 = 2368.89 over 179 frames.
M0000000085_0088 ใช้ หนู หยด จาก ที่ ใน 
LOG (lattice-best-path[5.5.0~1494-e5a5]:main():lattice-best-path.cc:99) For utterance M0000000085_0089, best cost 57.8939 + 2070.77 = 2128.67 over 167 frames.
M0000000085_0089 ต้อง ใส่ น้ำตาล ที่ สอน 
LOG (lattice-best-path[5.5.0~1494-e5a5]:main():lattice-best-path.cc:99) For utterance M0000000085_0090, best cost 33.6548 + 2558.57 = 2592.22 over 203 frames.
M0000000085_0090 แต่ละ เพราะ 
LOG (lattice-best-path[5.5.0~1494-e5a5]:main():lattice-best-path.cc:99) For utterance M0000000085_0091, best cost 22.5077 + 2130.15 = 2152.65 over 161 frames.
M0000000085_0091 บางๆ 
LOG (lattice-best-path[5.5.0~1494-e5a5]:main():lattice-best-path.cc:99) For utterance M0000000085_0092, best cost 38.329 + 1809.2 = 1847.53 over 147 frames.
M0000000085_0092 ใส่ มุง เรา 
LOG (lattice-best-path[5.5.0~1494-e5a5]:main():lattice-best-path.cc:99) For utterance M0000000085_0093, best cost 48.0101 + 1847.19 = 1895.2 over 152 frames.
M0000000085_0093 เอา กัน รายการ หนึ่ง 
LOG (lattice-best-path[5.5.0~1494-e5a5]:main():lattice-best-path.cc:99) For utterance M0000000085_0094, best cost 45.4721 + 2441.42 = 2486.89 over 198 frames.
M0000000085_0094 อ่าว รส รัฐ หนึ่ง 
LOG (lattice-best-path[5.5.0~1494-e5a5]:main():lattice-best-path.cc:99) For utterance M0000000085_0095, best cost 67.7747 + 2436.33 = 2504.1 over 200 frames.
M0000000085_0095 ทั้ง บน หลอดไฟ หวาน ใน ไม่ 
LOG (lattice-best-path[5.5.0~1494-e5a5]:main():lattice-best-path.cc:99) For utterance M0000000085_0096, best cost 44.8819 + 2605.96 = 2650.85 over 194 frames.
M0000000085_0096 กิน ไว้ หนึ่ง 
LOG (lattice-best-path[5.5.0~1494-e5a5]:main():lattice-best-path.cc:99) For utterance M0000000085_0097, best cost 56.282 + 2116.75 = 2173.03 over 167 frames.
M0000000085_0097 มา ส่ง ที่ ของแข็ง น้อย 
LOG (lattice-best-path[5.5.0~1494-e5a5]:main():lattice-best-path.cc:99) For utterance M0000000085_0098, best cost 61.2666 + 2337.59 = 2398.86 over 189 frames.
M0000000085_0098 มา ส่ง ที่ บันได เล็ก 
LOG (lattice-best-path[5.5.0~1494-e5a5]:main():lattice-best-path.cc:99) For utterance M0000000085_0099, best cost 51.0941 + 1777.91 = 1829.01 over 138 frames.
M0000000085_0099 เดียว ลง ไป เอา หลัก 
LOG (lattice-best-path[5.5.0~1494-e5a5]:main():lattice-best-path.cc:99) For utterance M0000000085_0100, best cost 50.6622 + 2499.2 = 2549.87 over 206 frames.
M0000000085_0100 เรือ เดิน เรา ล้าน หนัก 
LOG (lattice-best-path[5.5.0~1494-e5a5]:main():lattice-best-path.cc:99) For utterance M0000000085_0101, best cost 89.8799 + 3425.8 = 3515.68 over 266 frames.
M0000000085_0101 อยู่ ใส่ จะ ค่า แล้ว อะไร รายการ หนึ่ง 
LOG (lattice-best-path[5.5.0~1494-e5a5]:main():lattice-best-path.cc:99) For utterance M0000000105_0000, best cost 33.0727 + 1953.77 = 1986.84 over 178 frames.
M0000000105_0000 วาด หรือ 
LOG (lattice-best-path[5.5.0~1494-e5a5]:main():lattice-best-path.cc:99) For utterance M0000000105_0001, best cost 79.5194 + 4146.1 = 4225.61 over 366 frames.
M0000000105_0001 วาด ก่อนหลัง นา หนึ่ง จาน 
LOG (lattice-best-path[5.5.0~1494-e5a5]:main():lattice-best-path.cc:99) For utterance M0000000105_0002, best cost 96.3391 + 3691.64 = 3787.98 over 314 frames.
M0000000105_0002 ออก ก็ เรา เกย ใคร เปล่า หนึ่ง สาร 
LOG (lattice-best-path[5.5.0~1494-e5a5]:main():lattice-best-path.cc:99) For utterance M0000000105_0003, best cost 64.7199 + 3074.8 = 3139.52 over 257 frames.
M0000000105_0003 ผสม ต่ำ ผลึก บัตร เครื่อง 
LOG (lattice-best-path[5.5.0~1494-e5a5]:main():lattice-best-path.cc:99) For utterance M0000000105_0004, best cost 79.3463 + 3509.35 = 3588.7 over 316 frames.
M0000000105_0004 เรา พัด หนู ใกล้ เปล่าๆ ก้าม 
LOG (lattice-best-path[5.5.0~1494-e5a5]:main():lattice-best-path.cc:99) For utterance M0000000105_0005, best cost 70.937 + 3518 = 3588.93 over 309 frames.
M0000000105_0005 เอา หัว ไป ไซ หู จาน 
LOG (lattice-best-path[5.5.0~1494-e5a5]:main():lattice-best-path.cc:99) For utterance M0000000105_0006, best cost 41.7239 + 2517.53 = 2559.26 over 220 frames.
M0000000105_0006 พวก ควร เดิน 
LOG (lattice-best-path[5.5.0~1494-e5a5]:main():lattice-best-path.cc:99) For utterance M0000000105_0007, best cost 72.2438 + 3024.1 = 3096.35 over 271 frames.
M0000000105_0007 มัน แข็ง ว่า ออก ยาว หนึ่ง 
LOG (lattice-best-path[5.5.0~1494-e5a5]:main():lattice-best-path.cc:99) For utterance M0000000105_0008, best cost 70.5004 + 3885.02 = 3955.52 over 350 frames.
M0000000105_0008 น้ำ เปล่าๆ หนึ่ง สำคัญ สอง 
LOG (lattice-best-path[5.5.0~1494-e5a5]:main():lattice-best-path.cc:99) For utterance M0000000105_0009, best cost 51.7033 + 2870.51 = 2922.22 over 252 frames.
M0000000105_0009 ของ สำคัญ ทั้ง หนึ่ง 
LOG (lattice-best-path[5.5.0~1494-e5a5]:main():lattice-best-path.cc:99) For utterance M0000000105_0010, best cost 40.4298 + 2541.94 = 2582.37 over 235 frames.
M0000000105_0010 ของ หลอด น้อย 
LOG (lattice-best-path[5.5.0~1494-e5a5]:main():lattice-best-path.cc:99) For utterance M0000000105_0011, best cost 49.6594 + 2006.34 = 2056 over 178 frames.
M0000000105_0011 มาก หาก คน รับ 
LOG (lattice-best-path[5.5.0~1494-e5a5]:main():lattice-best-path.cc:99) For utterance M0000000105_0012, best cost 51.676 + 2129.56 = 2181.23 over 172 frames.
M0000000105_0012 สาร โต๊ะ เสียง พรึง 
LOG (lattice-best-path[5.5.0~1494-e5a5]:main():lattice-best-path.cc:99) For utterance M0000000105_0013, best cost 112.186 + 7635.02 = 7747.2 over 646 frames.
M0000000105_0013 ไถ สอง ชิพ ของ แพทย์ สอง ผม ควร 
LOG (lattice-best-path[5.5.0~1494-e5a5]:main():lattice-best-path.cc:99) For utterance M0000000105_0014, best cost 34.2416 + 2439.2 = 2473.44 over 213 frames.
M0000000105_0014 ซอส และ 
LOG (lattice-best-path[5.5.0~1494-e5a5]:main():lattice-best-path.cc:99) For utterance M0000000105_0015, best cost 52.3884 + 2817.83 = 2870.22 over 252 frames.
M0000000105_0015 เพราะ นั่ง กรง นาน นัก 
LOG (lattice-best-path[5.5.0~1494-e5a5]:main():lattice-best-path.cc:99) For utterance M0000000105_0016, best cost 64.9248 + 3006.54 = 3071.47 over 252 frames.
M0000000105_0016 เพราะ นั่ง เป็น ประจุ มัก 
LOG (lattice-best-path[5.5.0~1494-e5a5]:main():lattice-best-path.cc:99) For utterance M0000000105_0017, best cost 59.5628 + 2158.72 = 2218.28 over 193 frames.
M0000000105_0017 พอ นั่ง ตาย แล หนัก 
LOG (lattice-best-path[5.5.0~1494-e5a5]:main():lattice-best-path.cc:99) For utterance M0000000105_0018, best cost 59.9821 + 2815.36 = 2875.34 over 238 frames.
M0000000105_0018 พบ ก่อน หรือ สรุป นอน 
LOG (lattice-best-path[5.5.0~1494-e5a5]:main():lattice-best-path.cc:99) For utterance M0000000105_0019, best cost 56.8171 + 2798.33 = 2855.15 over 236 frames.
M0000000105_0019 ก่อน หลาย ไป ตก นาน นัก 
LOG (lattice-best-path[5.5.0~1494-e5a5]:main():lattice-best-path.cc:99) For utterance M0000000105_0020, best cost 50.7839 + 2112.57 = 2163.35 over 190 frames.
M0000000105_0020 ปลูก บาป ไป นาย 
LOG (lattice-best-path[5.5.0~1494-e5a5]:main():lattice-best-path.cc:99) For utterance M0000000105_0021, best cost 39.683 + 1558.1 = 1597.78 over 142 frames.
M0000000105_0021 นา กิน ต่าง 
LOG (lattice-best-path[5.5.0~1494-e5a5]:main():lattice-best-path.cc:99) For utterance M0000000105_0022, best cost 50.9415 + 1983.49 = 2034.44 over 176 frames.
M0000000105_0022 เชิง ได้ ไม้ หาก 
LOG (lattice-best-path[5.5.0~1494-e5a5]:main():lattice-best-path.cc:99) For utterance M0000000105_0023, best cost 84.1747 + 3150.83 = 3235 over 273 frames.
M0000000105_0023 เพราะ หาร อะไร เหมือน คน ข่าย ไม้ 
LOG (lattice-best-path[5.5.0~1494-e5a5]:main():lattice-best-path.cc:99) For utterance M0000000105_0024, best cost 44.9231 + 2353.67 = 2398.59 over 201 frames.
M0000000105_0024 ของ เครื่อง ปรุง น้อย 
LOG (lattice-best-path[5.5.0~1494-e5a5]:main():lattice-best-path.cc:99) For utterance M0000000105_0025, best cost 28.9607 + 1318.49 = 1347.45 over 111 frames.
M0000000105_0025 เรียก หมด 
LOG (lattice-best-path[5.5.0~1494-e5a5]:main():lattice-best-path.cc:99) For utterance M0000000105_0026, best cost 70.2069 + 3257.46 = 3327.67 over 292 frames.
M0000000105_0026 มี น้ำ เตรียม ซุก ที่ ไม้ 
LOG (lattice-best-path[5.5.0~1494-e5a5]:main():lattice-best-path.cc:99) For utterance M0000000105_0027, best cost 76.1084 + 4303.78 = 4379.89 over 373 frames.
M0000000105_0027 เอา ซอส ประเทศ ให้ นอน จาก 
LOG (lattice-best-path[5.5.0~1494-e5a5]:main():lattice-best-path.cc:99) For utterance M0000000105_0028, best cost 71.7849 + 3465.17 = 3536.96 over 298 frames.
M0000000105_0028 เพราะ นำ จึง เพิ่ม น้อย ครอบ 
LOG (lattice-best-path[5.5.0~1494-e5a5]:main():lattice-best-path.cc:99) For utterance M0000000105_0029, best cost 51.0665 + 2434.57 = 2485.63 over 216 frames.
M0000000105_0029 จะ ผศ. มือ ยัง 
LOG (lattice-best-path[5.5.0~1494-e5a5]:main():lattice-best-path.cc:99) For utterance M0000000105_0030, best cost 46.2633 + 2417.15 = 2463.42 over 212 frames.
M0000000105_0030 พวก อะไร ได้ บ้าง 
LOG (lattice-best-path[5.5.0~1494-e5a5]:main():lattice-best-path.cc:99) For utterance M0000000105_0031, best cost 66.0657 + 2826.37 = 2892.43 over 255 frames.
M0000000105_0031 ว่า หาร จะ มาก ที่ มุง 
LOG (lattice-best-path[5.5.0~1494-e5a5]:main():lattice-best-path.cc:99) For utterance M0000000105_0032, best cost 55.9566 + 2959.66 = 3015.62 over 267 frames.
M0000000105_0032 ต้อง อีก ด้าน ไม่ 
LOG (lattice-best-path[5.5.0~1494-e5a5]:main():lattice-best-path.cc:99) For utterance M0000000105_0033, best cost 46.3946 + 2360.97 = 2407.36 over 215 frames.
M0000000105_0033 เมื่อ ปลาย จะ เศษ 
LOG (lattice-best-path[5.5.0~1494-e5a5]:main():lattice-best-path.cc:99) For utterance M0000000105_0034, best cost 40.7727 + 2138.89 = 2179.66 over 198 frames.
M0000000105_0034 เปราะ นั้น สร้าง 
LOG (lattice-best-path[5.5.0~1494-e5a5]:main():lattice-best-path.cc:99) For utterance M0000000105_0035, best cost 43.0137 + 2585.58 = 2628.59 over 249 frames.
M0000000105_0035 ใหม่ๆ ทิ้ง แล้ว 
LOG (lattice-best-path[5.5.0~1494-e5a5]:main():lattice-best-path.cc:99) For utterance M0000000105_0036, best cost 55.9605 + 2471.32 = 2527.28 over 221 frames.
M0000000105_0036 ขอบ เตรียม เรือน รู้ 
LOG (lattice-best-path[5.5.0~1494-e5a5]:main():lattice-best-path.cc:99) For utterance M0000000105_0037, best cost 52.1322 + 2348.11 = 2400.24 over 209 frames.
M0000000105_0037 ใหม่ๆ เอา แล้ว เพราะ 
LOG (lattice-best-path[5.5.0~1494-e5a5]:main():lattice-best-path.cc:99) For utterance M0000000105_0038, best cost 46.1938 + 3368.86 = 3415.06 over 307 frames.
M0000000105_0038 ปลูก ข้าว อยู่ 
LOG (lattice-best-path[5.5.0~1494-e5a5]:main():lattice-best-path.cc:99) For utterance M0000000105_0039, best cost 57.6009 + 2636.58 = 2694.18 over 234 frames.
M0000000105_0039 หลาย ไป โต๊ะ ซอส หนัก 
LOG (lattice-best-path[5.5.0~1494-e5a5]:main():lattice-best-path.cc:99) For utterance M0000000105_0040, best cost 43.9736 + 2824.2 = 2868.18 over 245 frames.
M0000000105_0040 ได้ ไป ตก หนัก 
LOG (lattice-best-path[5.5.0~1494-e5a5]:main():lattice-best-path.cc:99) For utterance M0000000105_0041, best cost 91.516 + 4317.28 = 4408.8 over 385 frames.
M0000000105_0041 เอา โป๊ะ ตัว นั้น มาก ออก ได้ ใบ 
LOG (lattice-best-path[5.5.0~1494-e5a5]:main():lattice-best-path.cc:99) For utterance M0000000105_0042, best cost 60.3072 + 3193.6 = 3253.91 over 279 frames.
M0000000105_0042 จะ ได้ ไป หรือ ของ แกน 
LOG (lattice-best-path[5.5.0~1494-e5a5]:main():lattice-best-path.cc:99) For utterance M0000000105_0043, best cost 53.6762 + 2902.72 = 2956.4 over 264 frames.
M0000000105_0043 ชั้น บน วาง ไม้ 
LOG (lattice-best-path[5.5.0~1494-e5a5]:main():lattice-best-path.cc:99) For utterance M0000000105_0044, best cost 51.2007 + 2137.94 = 2189.14 over 190 frames.
M0000000105_0044 เก็บ ต่าง รู้ ไว้ 
LOG (lattice-best-path[5.5.0~1494-e5a5]:main():lattice-best-path.cc:99) For utterance M0000000105_0045, best cost 62.9342 + 3071.23 = 3134.17 over 280 frames.
M0000000105_0045 ปรับ บัตร หรือ ดิบ ไม่ 
LOG (lattice-best-path[5.5.0~1494-e5a5]:main():lattice-best-path.cc:99) For utterance M0000000105_0046, best cost 40.539 + 2041.32 = 2081.86 over 187 frames.
M0000000105_0046 ที่ ไถ ไป 
LOG (lattice-best-path[5.5.0~1494-e5a5]:main():lattice-best-path.cc:99) For utterance M0000000105_0047, best cost 63.6448 + 2705.95 = 2769.6 over 236 frames.
M0000000105_0047 จะ แกน จาน บัตร แปะ 
LOG (lattice-best-path[5.5.0~1494-e5a5]:main():lattice-best-path.cc:99) For utterance M0000000105_0048, best cost 85.0909 + 3634.12 = 3719.21 over 325 frames.
M0000000105_0048 มี ไถ รม หมด ผ่าน ไม่ ไม้ 
LOG (lattice-best-path[5.5.0~1494-e5a5]:main():lattice-best-path.cc:99) For utterance M0000000105_0049, best cost 46.6889 + 2446.11 = 2492.8 over 220 frames.
M0000000105_0049 ไม้ เอา น้อย 
LOG (lattice-best-path[5.5.0~1494-e5a5]:main():lattice-best-path.cc:99) For utterance M0000000105_0050, best cost 52.2441 + 2265.98 = 2318.23 over 205 frames.
M0000000105_0050 ปวด ช้า อาจ แหล่ง มาก 
LOG (lattice-best-path[5.5.0~1494-e5a5]:main():lattice-best-path.cc:99) For utterance M0000000105_0051, best cost 58.4644 + 3251.93 = 3310.39 over 305 frames.
M0000000105_0051 วาง เข็ม เหม็น เขา 
LOG (lattice-best-path[5.5.0~1494-e5a5]:main():lattice-best-path.cc:99) For utterance M0000000105_0052, best cost 46.7355 + 2504.89 = 2551.63 over 220 frames.
M0000000105_0052 เกิด เกิน ไป ปรับ 
LOG (lattice-best-path[5.5.0~1494-e5a5]:main():lattice-best-path.cc:99) For utterance M0000000105_0053, best cost 89.3918 + 4167.28 = 4256.67 over 376 frames.
M0000000105_0053 วัน มี ไถ เอา รอย มาก หรือ เพราะ 
LOG (lattice-best-path[5.5.0~1494-e5a5]:main():lattice-best-path.cc:99) For utterance M0000000105_0054, best cost 40.4687 + 2084.32 = 2124.78 over 194 frames.
M0000000105_0054 ติด ไว้ ก่อน 
LOG (lattice-best-path[5.5.0~1494-e5a5]:main():lattice-best-path.cc:99) For utterance M0000000105_0055, best cost 58.5692 + 2284.21 = 2342.78 over 202 frames.
M0000000105_0055 ผ่าน หาก โขลก มา ให้ 
LOG (lattice-best-path[5.5.0~1494-e5a5]:main():lattice-best-path.cc:99) For utterance M0000000105_0056, best cost 103.439 + 5041.29 = 5144.72 over 450 frames.
M0000000105_0056 ทิ้ง ขึ้น การ รักษา อาจ ขึ้น ยก ได้ ไม้ 
LOG (lattice-best-path[5.5.0~1494-e5a5]:main():lattice-best-path.cc:99) For utterance M0000000105_0057, best cost 42.1236 + 2025.78 = 2067.9 over 187 frames.
M0000000105_0057 ไม้ ต้อง ผล 
LOG (lattice-best-path[5.5.0~1494-e5a5]:main():lattice-best-path.cc:99) For utterance M0000000105_0058, best cost 49.5196 + 2391.87 = 2441.39 over 215 frames.
M0000000105_0058 บางๆ ตาม ได้ ไม้ 
LOG (lattice-best-path[5.5.0~1494-e5a5]:main():lattice-best-path.cc:99) For utterance M0000000105_0059, best cost 64.6339 + 3078.89 = 3143.52 over 273 frames.
M0000000105_0059 กับ เพราะ วง สับ เท่าไร 
LOG (lattice-best-path[5.5.0~1494-e5a5]:main():lattice-best-path.cc:99) For utterance M0000000105_0060, best cost 70.527 + 3750.72 = 3821.24 over 331 frames.
M0000000105_0060 ต้ม ย่าน องค์ เผ็ด มากมาย 
LOG (lattice-best-path[5.5.0~1494-e5a5]:main():lattice-best-path.cc:99) For utterance M0000000105_0061, best cost 57.7459 + 2901.93 = 2959.67 over 256 frames.
M0000000105_0061 ผล ตาย ได้ มัน ขับ 
LOG (lattice-best-path[5.5.0~1494-e5a5]:main():lattice-best-path.cc:99) For utterance M0000000105_0062, best cost 51.4437 + 2272.06 = 2323.5 over 209 frames.
M0000000105_0062 มี พร้อมๆ พื้น ไอ 
LOG (lattice-best-path[5.5.0~1494-e5a5]:main():lattice-best-path.cc:99) For utterance M0000000105_0063, best cost 80.8859 + 3003.36 = 3084.25 over 264 frames.
M0000000105_0063 เรือ หนู มี หรือ ไอ รอย ไม้ 
LOG (lattice-best-path[5.5.0~1494-e5a5]:main():lattice-best-path.cc:99) For utterance M0000000105_0064, best cost 36.2362 + 2555.22 = 2591.45 over 220 frames.
M0000000105_0064 ตอน เปล่าๆ 
LOG (lattice-best-path[5.5.0~1494-e5a5]:main():lattice-best-path.cc:99) For utterance M0000000105_0065, best cost 62.1415 + 3070.61 = 3132.76 over 273 frames.
M0000000105_0065 ของ ทึบ ถูก ขอม น้อย 
LOG (lattice-best-path[5.5.0~1494-e5a5]:main():lattice-best-path.cc:99) For utterance M0000000105_0066, best cost 44.7012 + 2339.77 = 2384.47 over 194 frames.
M0000000105_0066 ประหยัด หมด รับ 
LOG (lattice-best-path[5.5.0~1494-e5a5]:main():lattice-best-path.cc:99) For utterance M0000000105_0067, best cost 49.4545 + 2426.69 = 2476.14 over 212 frames.
M0000000105_0067 ออก มี ไถ อนึ่ง 
LOG (lattice-best-path[5.5.0~1494-e5a5]:main():lattice-best-path.cc:99) For utterance M0000000105_0068, best cost 63.9578 + 3146.94 = 3210.89 over 279 frames.
M0000000105_0068 ออก จาน แบ่ง สอง การ 
LOG (lattice-best-path[5.5.0~1494-e5a5]:main():lattice-best-path.cc:99) For utterance M0000000105_0069, best cost 61.8086 + 3064.03 = 3125.84 over 272 frames.
M0000000105_0069 มี ที่ ล้าน หมื่น ไม้ 
LOG (lattice-best-path[5.5.0~1494-e5a5]:main():lattice-best-path.cc:99) For utterance M0000000105_0070, best cost 54.1807 + 2477.24 = 2531.42 over 219 frames.
M0000000105_0070 ออก เป็น รู น้อย สี 
LOG (lattice-best-path[5.5.0~1494-e5a5]:main():lattice-best-path.cc:99) For utterance M0000000105_0071, best cost 62.6765 + 3632.48 = 3695.16 over 320 frames.
M0000000105_0071 รัฐ หนึ่ง หรือ ขูด ไม้ 
LOG (lattice-best-path[5.5.0~1494-e5a5]:main():lattice-best-path.cc:99) For utterance M0000000105_0072, best cost 82.9553 + 3692.65 = 3775.61 over 332 frames.
M0000000105_0072 ผล ที่ เล่น มาก จึง บ่อยๆ ไม้ 
LOG (lattice-best-path[5.5.0~1494-e5a5]:main():lattice-best-path.cc:99) For utterance M0000000105_0073, best cost 88.4862 + 4389.88 = 4478.37 over 393 frames.
M0000000105_0073 ตาม ไป เปราะ วาง ทำ อาหาร ละ 
LOG (lattice-best-path[5.5.0~1494-e5a5]:main():lattice-best-path.cc:99) For utterance M0000000105_0074, best cost 54.2575 + 2831.85 = 2886.11 over 257 frames.
M0000000105_0074 ปรับ เดิน สำหรับ ไม่ 
LOG (lattice-best-path[5.5.0~1494-e5a5]:main():lattice-best-path.cc:99) For utterance M0000000105_0075, best cost 72.3664 + 4212.03 = 4284.4 over 378 frames.
M0000000105_0075 หลัก สำนักงาน ต้อง อายุ เท่าไร 
LOG (lattice-best-path[5.5.0~1494-e5a5]:main():lattice-best-path.cc:99) For utterance M0000000105_0076, best cost 77.12 + 3721.41 = 3798.53 over 330 frames.
M0000000105_0076 ยัง ไม่ จะ เลื่อน ประธาน ปรับ ไม้ 
LOG (lattice-best-path[5.5.0~1494-e5a5]:main():lattice-best-path.cc:99) For utterance M0000000105_0077, best cost 96.9613 + 4848.74 = 4945.7 over 435 frames.
M0000000105_0077 ไม่ มี อีก ต่าง หลัง การแพทย์ บัตร ไม้ 
LOG (lattice-best-path[5.5.0~1494-e5a5]:main():lattice-best-path.cc:99) For utterance M0000000105_0078, best cost 74.9354 + 4208.11 = 4283.04 over 373 frames.
M0000000105_0078 ยาก ร้อน ออก ข่าย เท่าไร 
LOG (lattice-best-path[5.5.0~1494-e5a5]:main():lattice-best-path.cc:99) For utterance M0000000105_0079, best cost 50.5611 + 2996.73 = 3047.3 over 266 frames.
M0000000105_0079 กลาย เป็น ฉาย ไม้ 
LOG (lattice-best-path[5.5.0~1494-e5a5]:main():lattice-best-path.cc:99) For utterance M0000000105_0080, best cost 85.4576 + 4494.82 = 4580.28 over 408 frames.
M0000000105_0080 ก๊าซ เปิด ซาก บาง ต้อง ทำลาย 
LOG (lattice-best-path[5.5.0~1494-e5a5]:main():lattice-best-path.cc:99) For utterance M0000000105_0081, best cost 100.823 + 4349.93 = 4450.75 over 394 frames.
M0000000105_0081 โต๊ะ สู่ ไว้ ต่าง ยาก หลาย ข่าย ไม่ 
LOG (lattice-best-path[5.5.0~1494-e5a5]:main():lattice-best-path.cc:99) For utterance M0000000105_0082, best cost 107.22 + 4757.61 = 4864.83 over 429 frames.
M0000000105_0082 นาย จะ ไป เปิด หวาน ตรง สี แยก นั้น 
LOG (lattice-best-path[5.5.0~1494-e5a5]:main():lattice-best-path.cc:99) For utterance M0000000105_0083, best cost 54.8982 + 2963.81 = 3018.71 over 257 frames.
M0000000105_0083 ยาว คล้าย ดี ใบ 
LOG (lattice-best-path[5.5.0~1494-e5a5]:main():lattice-best-path.cc:99) For utterance M0000000105_0084, best cost 60.2257 + 3098.86 = 3159.09 over 271 frames.
M0000000105_0084 ซิเทรต แย็ค เป็น นาย บาง 
LOG (lattice-best-path[5.5.0~1494-e5a5]:main():lattice-best-path.cc:99) For utterance M0000000105_0085, best cost 84.1571 + 3748.37 = 3832.52 over 335 frames.
M0000000105_0085 ฝ่าย อาหาร ปลาย ได้ ดี ไถ ไม่ 
LOG (lattice-best-path[5.5.0~1494-e5a5]:main():lattice-best-path.cc:99) For utterance M0000000105_0086, best cost 76.9446 + 3680.73 = 3757.68 over 334 frames.
M0000000105_0086 หวาน หนึ่ง ข่าย ได้ เลือก กล่าว 
LOG (lattice-best-path[5.5.0~1494-e5a5]:main():lattice-best-path.cc:99) For utterance M0000000105_0087, best cost 63.3387 + 2931.16 = 2994.5 over 259 frames.
M0000000105_0087 เรือน นาย ยก ได้ ไม่ 
LOG (lattice-best-path[5.5.0~1494-e5a5]:main():lattice-best-path.cc:99) For utterance M0000000105_0088, best cost 54.054 + 3552.88 = 3606.93 over 295 frames.
M0000000105_0088 ใช้ จาก ที่ หนัก 
LOG (lattice-best-path[5.5.0~1494-e5a5]:main():lattice-best-path.cc:99) For utterance M0000000105_0089, best cost 73.9072 + 2875.62 = 2949.53 over 249 frames.
M0000000105_0089 ต้อง สาย นำ ต่าง ที่ ชอล์ก 
LOG (lattice-best-path[5.5.0~1494-e5a5]:main():lattice-best-path.cc:99) For utterance M0000000105_0090, best cost 80.716 + 3706.12 = 3786.84 over 328 frames.
M0000000105_0090 ทำ ปลูก ครบ ยัง นาย ขับ 
LOG (lattice-best-path[5.5.0~1494-e5a5]:main():lattice-best-path.cc:99) For utterance M0000000105_0091, best cost 73.4694 + 2963.18 = 3036.65 over 263 frames.
M0000000105_0091 ใส่ พุ่ง ถู ลด หรือ กล่าว 
LOG (lattice-best-path[5.5.0~1494-e5a5]:main():lattice-best-path.cc:99) For utterance M0000000105_0092, best cost 48.464 + 2604.9 = 2653.36 over 230 frames.
M0000000105_0092 ใส่ หนู หรือ เปล่าๆ 
LOG (lattice-best-path[5.5.0~1494-e5a5]:main():lattice-best-path.cc:99) For utterance M0000000105_0093, best cost 60.8262 + 3251.23 = 3312.05 over 289 frames.
M0000000105_0093 ออก ฝน ฝ่าย ตาม หนึ่ง 
LOG (lattice-best-path[5.5.0~1494-e5a5]:main():lattice-best-path.cc:99) For utterance M0000000105_0094, best cost 93.0715 + 6626.13 = 6719.2 over 615 frames.
M0000000105_0094 ไถ ออก กล้วย พอ ไถ จาน หนึ่ง 
LOG (lattice-best-path[5.5.0~1494-e5a5]:main():lattice-best-path.cc:99) For utterance M0000000105_0095, best cost 92.0291 + 4061.92 = 4153.94 over 363 frames.
M0000000105_0095 ทำ ทั่ว น้อย ข่าย หวาน บางๆ ไม้ 
LOG (lattice-best-path[5.5.0~1494-e5a5]:main():lattice-best-path.cc:99) For utterance M0000000105_0096, best cost 88.2624 + 3712.58 = 3800.84 over 337 frames.
M0000000105_0096 ดุ เขียน ลบ เป็น เกวียน ไม้ หนึ่ง 
LOG (lattice-best-path[5.5.0~1494-e5a5]:main():lattice-best-path.cc:99) For utterance M0000000105_0097, best cost 70.5939 + 3297.34 = 3367.94 over 294 frames.
M0000000105_0097 ว่า ส่ง ที่ เขา หาย น้อย 
LOG (lattice-best-path[5.5.0~1494-e5a5]:main():lattice-best-path.cc:99) For utterance M0000000105_0098, best cost 96.0928 + 4388.9 = 4484.99 over 390 frames.
M0000000105_0098 มาก ส่ง หาย ที่ บาง ด้าน ไม้ รับ 
LOG (lattice-best-path[5.5.0~1494-e5a5]:main():lattice-best-path.cc:99) For utterance M0000000105_0099, best cost 58.7312 + 3050.46 = 3109.19 over 273 frames.
M0000000105_0099 เดียว ลง ไป เอา รับ 
LOG (lattice-best-path[5.5.0~1494-e5a5]:main():lattice-best-path.cc:99) For utterance M0000000105_0100, best cost 81.0581 + 4083.88 = 4164.94 over 361 frames.
M0000000105_0100 เดียว เดิน ไป ออก ที่ ไถ หนัก 
LOG (lattice-best-path[5.5.0~1494-e5a5]:main():lattice-best-path.cc:99) For utterance M0000000105_0101, best cost 117.739 + 6184.81 = 6302.55 over 544 frames.
M0000000105_0101 อยู่ สาย จะ ขาด แล้ว อะไร ก่อน กลาย ก๊าซ หนึ่ง 
LOG (lattice-best-path[5.5.0~1494-e5a5]:main():lattice-best-path.cc:99) For utterance M0000000107_0000, best cost 22.413 + 2764.86 = 2787.28 over 210 frames.
M0000000107_0000 ที่ 
LOG (lattice-best-path[5.5.0~1494-e5a5]:main():lattice-best-path.cc:99) For utterance M0000000107_0001, best cost 72.4436 + 5415.16 = 5487.6 over 423 frames.
M0000000107_0001 เรา เหล่า ล้าน หนึ่ง จาน 
LOG (lattice-best-path[5.5.0~1494-e5a5]:main():lattice-best-path.cc:99) For utterance M0000000107_0002, best cost 21.628 + 4164.85 = 4186.47 over 325 frames.
M0000000107_0002 
LOG (lattice-best-path[5.5.0~1494-e5a5]:main():lattice-best-path.cc:99) For utterance M0000000107_0003, best cost 33.5526 + 3359.11 = 3392.66 over 276 frames.
M0000000107_0003 ขึ้น เลื่อน 
LOG (lattice-best-path[5.5.0~1494-e5a5]:main():lattice-best-path.cc:99) For utterance M0000000107_0004, best cost 46.9671 + 3269.94 = 3316.91 over 260 frames.
M0000000107_0004 เขา เรา จาน 
LOG (lattice-best-path[5.5.0~1494-e5a5]:main():lattice-best-path.cc:99) For utterance M0000000107_0005, best cost 25.0669 + 3105.74 = 3130.81 over 236 frames.
M0000000107_0005 เรา 
LOG (lattice-best-path[5.5.0~1494-e5a5]:main():lattice-best-path.cc:99) For utterance M0000000107_0006, best cost 14.0004 + 2365.08 = 2379.08 over 177 frames.
M0000000107_0006 
LOG (lattice-best-path[5.5.0~1494-e5a5]:main():lattice-best-path.cc:99) For utterance M0000000107_0007, best cost 24.3491 + 2682.06 = 2706.41 over 207 frames.
M0000000107_0007 ฯลฯ 
LOG (lattice-best-path[5.5.0~1494-e5a5]:main():lattice-best-path.cc:99) For utterance M0000000107_0008, best cost 38.8876 + 3425.83 = 3464.72 over 266 frames.
M0000000107_0008 นำเอา ตรึง 
LOG (lattice-best-path[5.5.0~1494-e5a5]:main():lattice-best-path.cc:99) For utterance M0000000107_0009, best cost 16.1654 + 3060.02 = 3076.19 over 239 frames.
M0000000107_0009 
LOG (lattice-best-path[5.5.0~1494-e5a5]:main():lattice-best-path.cc:99) For utterance M0000000107_0010, best cost 29.2872 + 2966.37 = 2995.66 over 244 frames.
M0000000107_0010 เฉพาะ นอน 
LOG (lattice-best-path[5.5.0~1494-e5a5]:main():lattice-best-path.cc:99) For utterance M0000000107_0011, best cost 15.0429 + 2342.35 = 2357.4 over 176 frames.
M0000000107_0011 
LOG (lattice-best-path[5.5.0~1494-e5a5]:main():lattice-best-path.cc:99) For utterance M0000000107_0012, best cost 16.0271 + 2969.21 = 2985.23 over 230 frames.
M0000000107_0012 
LOG (lattice-best-path[5.5.0~1494-e5a5]:main():lattice-best-path.cc:99) For utterance M0000000107_0013, best cost 72.506 + 5613.14 = 5685.64 over 430 frames.
M0000000107_0013 ที่ ของ ช่อง พุ่ง เครื่อง 
LOG (lattice-best-path[5.5.0~1494-e5a5]:main():lattice-best-path.cc:99) For utterance M0000000107_0014, best cost 43.5814 + 2828.88 = 2872.46 over 219 frames.
M0000000107_0014 เพราะ บล๊อค ที่ 
LOG (lattice-best-path[5.5.0~1494-e5a5]:main():lattice-best-path.cc:99) For utterance M0000000107_0015, best cost 19.0016 + 2936.39 = 2955.4 over 224 frames.
M0000000107_0015 
LOG (lattice-best-path[5.5.0~1494-e5a5]:main():lattice-best-path.cc:99) For utterance M0000000107_0016, best cost 18.0678 + 3588.88 = 3606.95 over 265 frames.
M0000000107_0016 
LOG (lattice-best-path[5.5.0~1494-e5a5]:main():lattice-best-path.cc:99) For utterance M0000000107_0017, best cost 17.2538 + 2799.63 = 2816.88 over 219 frames.
M0000000107_0017 
LOG (lattice-best-path[5.5.0~1494-e5a5]:main():lattice-best-path.cc:99) For utterance M0000000107_0018, best cost 53.7432 + 2525.37 = 2579.12 over 197 frames.
M0000000107_0018 ของ เรา อีก เริ่ม นอน 
LOG (lattice-best-path[5.5.0~1494-e5a5]:main():lattice-best-path.cc:99) For utterance M0000000107_0019, best cost 51.4744 + 3249 = 3300.47 over 253 frames.
M0000000107_0019 ใหญ่ ออก ล้าน มัก 
LOG (lattice-best-path[5.5.0~1494-e5a5]:main():lattice-best-path.cc:99) For utterance M0000000107_0020, best cost 13.9287 + 2387.53 = 2401.46 over 179 frames.
M0000000107_0020 
LOG (lattice-best-path[5.5.0~1494-e5a5]:main():lattice-best-path.cc:99) For utterance M0000000107_0021, best cost 23.9261 + 2273.16 = 2297.09 over 174 frames.
M0000000107_0021 ดัง 
LOG (lattice-best-path[5.5.0~1494-e5a5]:main():lattice-best-path.cc:99) For utterance M0000000107_0022, best cost 43.8535 + 3477.15 = 3521.01 over 282 frames.
M0000000107_0022 เขียน อะไร ละ 
LOG (lattice-best-path[5.5.0~1494-e5a5]:main():lattice-best-path.cc:99) For utterance M0000000107_0023, best cost 38.351 + 3759.92 = 3798.27 over 295 frames.
M0000000107_0023 ไถ อาหาร 
LOG (lattice-best-path[5.5.0~1494-e5a5]:main():lattice-best-path.cc:99) For utterance M0000000107_0024, best cost 44.0191 + 2380.24 = 2424.25 over 188 frames.
M0000000107_0024 เกาะ เครื่องบิน ร้าย 
LOG (lattice-best-path[5.5.0~1494-e5a5]:main():lattice-best-path.cc:99) For utterance M0000000107_0025, best cost 27.6309 + 2083.03 = 2110.66 over 159 frames.
M0000000107_0025 เรียน ไอเอฟ 
LOG (lattice-best-path[5.5.0~1494-e5a5]:main():lattice-best-path.cc:99) For utterance M0000000107_0026, best cost 48.2355 + 3007.89 = 3056.12 over 233 frames.
M0000000107_0026 มี หลักเกณฑ์ ที่ หลาย 
LOG (lattice-best-path[5.5.0~1494-e5a5]:main():lattice-best-path.cc:99) For utterance M0000000107_0027, best cost 45.3239 + 3266.88 = 3312.2 over 259 frames.
M0000000107_0027 ประเทศไทย ใหม่ๆ 
LOG (lattice-best-path[5.5.0~1494-e5a5]:main():lattice-best-path.cc:99) For utterance M0000000107_0028, best cost 52.1078 + 3200.09 = 3252.2 over 249 frames.
M0000000107_0028 เครื่อง ใหม่ๆ ไถ 
LOG (lattice-best-path[5.5.0~1494-e5a5]:main():lattice-best-path.cc:99) For utterance M0000000107_0029, best cost 29.2422 + 2500.38 = 2529.63 over 202 frames.
M0000000107_0029 จะ สัตว์เลี้ยง 
LOG (lattice-best-path[5.5.0~1494-e5a5]:main():lattice-best-path.cc:99) For utterance M0000000107_0030, best cost 14.6011 + 3039.44 = 3054.05 over 236 frames.
M0000000107_0030 
LOG (lattice-best-path[5.5.0~1494-e5a5]:main():lattice-best-path.cc:99) For utterance M0000000107_0031, best cost 51.164 + 2966.96 = 3018.12 over 246 frames.
M0000000107_0031 อาหาร จังหวัด ดี ลง 
LOG (lattice-best-path[5.5.0~1494-e5a5]:main():lattice-best-path.cc:99) For utterance M0000000107_0032, best cost 57.1937 + 3702.78 = 3759.97 over 297 frames.
M0000000107_0032 ไถ ต้อง เรา อีก มากมาย 
LOG (lattice-best-path[5.5.0~1494-e5a5]:main():lattice-best-path.cc:99) For utterance M0000000107_0033, best cost 14.2832 + 2557.67 = 2571.95 over 209 frames.
M0000000107_0033 
LOG (lattice-best-path[5.5.0~1494-e5a5]:main():lattice-best-path.cc:99) For utterance M0000000107_0034, best cost 36.2664 + 2018.98 = 2055.25 over 158 frames.
M0000000107_0034 เรา มาก ดัง 
LOG (lattice-best-path[5.5.0~1494-e5a5]:main():lattice-best-path.cc:99) For utterance M0000000107_0035, best cost 19.8095 + 2189.75 = 2209.56 over 181 frames.
M0000000107_0035 แมลง 
LOG (lattice-best-path[5.5.0~1494-e5a5]:main():lattice-best-path.cc:99) For utterance M0000000107_0036, best cost 41.8349 + 2472.86 = 2514.69 over 208 frames.
M0000000107_0036 เพราะ เรียง ใน นุ่ง 
LOG (lattice-best-path[5.5.0~1494-e5a5]:main():lattice-best-path.cc:99) For utterance M0000000107_0037, best cost 46.107 + 2807.76 = 2853.87 over 230 frames.
M0000000107_0037 ไม่ เอา แล้ว ทั้ง 
LOG (lattice-best-path[5.5.0~1494-e5a5]:main():lattice-best-path.cc:99) For utterance M0000000107_0038, best cost 36.2074 + 2304.88 = 2341.09 over 174 frames.
M0000000107_0038 เรา รู้ และ 
LOG (lattice-best-path[5.5.0~1494-e5a5]:main():lattice-best-path.cc:99) For utterance M0000000107_0039, best cost 23.1387 + 2932.04 = 2955.18 over 224 frames.
M0000000107_0039 ได้ 
LOG (lattice-best-path[5.5.0~1494-e5a5]:main():lattice-best-path.cc:99) For utterance M0000000107_0040, best cost 17.7216 + 3237.57 = 3255.3 over 257 frames.
M0000000107_0040 
LOG (lattice-best-path[5.5.0~1494-e5a5]:main():lattice-best-path.cc:99) For utterance M0000000107_0041, best cost 27.4519 + 3423.85 = 3451.3 over 263 frames.
M0000000107_0041 ไว้ 
LOG (lattice-best-path[5.5.0~1494-e5a5]:main():lattice-best-path.cc:99) For utterance M0000000107_0042, best cost 23.614 + 2537.71 = 2561.32 over 201 frames.
M0000000107_0042 ยัง 
LOG (lattice-best-path[5.5.0~1494-e5a5]:main():lattice-best-path.cc:99) For utterance M0000000107_0043, best cost 17.0445 + 2459.69 = 2476.74 over 189 frames.
M0000000107_0043 
LOG (lattice-best-path[5.5.0~1494-e5a5]:main():lattice-best-path.cc:99) For utterance M0000000107_0044, best cost 22.4018 + 2348.66 = 2371.07 over 181 frames.
M0000000107_0044 ด้วย 
LOG (lattice-best-path[5.5.0~1494-e5a5]:main():lattice-best-path.cc:99) For utterance M0000000107_0045, best cost 26.7249 + 3239.15 = 3265.88 over 251 frames.
M0000000107_0045 ไม่ 
LOG (lattice-best-path[5.5.0~1494-e5a5]:main():lattice-best-path.cc:99) For utterance M0000000107_0046, best cost 29.6702 + 2434.47 = 2464.14 over 194 frames.
M0000000107_0046 เกาะ ขึ้นไป 
LOG (lattice-best-path[5.5.0~1494-e5a5]:main():lattice-best-path.cc:99) For utterance M0000000107_0047, best cost 33.1441 + 2683 = 2716.14 over 215 frames.
M0000000107_0047 จะ แกน 
LOG (lattice-best-path[5.5.0~1494-e5a5]:main():lattice-best-path.cc:99) For utterance M0000000107_0048, best cost 17.5755 + 3084.21 = 3101.78 over 237 frames.
M0000000107_0048 
LOG (lattice-best-path[5.5.0~1494-e5a5]:main():lattice-best-path.cc:99) For utterance M0000000107_0049, best cost 38.5206 + 2107.18 = 2145.7 over 178 frames.
M0000000107_0049 ไม่ อะไร เรื่อย 
LOG (lattice-best-path[5.5.0~1494-e5a5]:main():lattice-best-path.cc:99) For utterance M0000000107_0050, best cost 30.5118 + 2466.6 = 2497.11 over 195 frames.
M0000000107_0050 เรือ มาก 
LOG (lattice-best-path[5.5.0~1494-e5a5]:main():lattice-best-path.cc:99) For utterance M0000000107_0051, best cost 24.6894 + 2435.46 = 2460.15 over 198 frames.
M0000000107_0051 ข่าว 
LOG (lattice-best-path[5.5.0~1494-e5a5]:main():lattice-best-path.cc:99) For utterance M0000000107_0052, best cost 39.9932 + 2695.11 = 2735.1 over 215 frames.
M0000000107_0052 เกิน ไป เอะอะ 
LOG (lattice-best-path[5.5.0~1494-e5a5]:main():lattice-best-path.cc:99) For utterance M0000000107_0053, best cost 50.2109 + 2930.49 = 2980.7 over 229 frames.
M0000000107_0053 บั้นเอว ใหม่ๆ รับ 
LOG (lattice-best-path[5.5.0~1494-e5a5]:main():lattice-best-path.cc:99) For utterance M0000000107_0054, best cost 31.2333 + 2058.33 = 2089.56 over 161 frames.
M0000000107_0054 เกรง ไมครอน 
LOG (lattice-best-path[5.5.0~1494-e5a5]:main():lattice-best-path.cc:99) For utterance M0000000107_0055, best cost 36.7317 + 2393.91 = 2430.64 over 193 frames.
M0000000107_0055 รหัส ของ ไว้ 
LOG (lattice-best-path[5.5.0~1494-e5a5]:main():lattice-best-path.cc:99) For utterance M0000000107_0056, best cost 58.0372 + 4367.57 = 4425.61 over 343 frames.
M0000000107_0056 แต่ ขึ้น เรียก เป็น วัย 
LOG (lattice-best-path[5.5.0~1494-e5a5]:main():lattice-best-path.cc:99) For utterance M0000000107_0057, best cost 36.3577 + 1921.02 = 1957.38 over 163 frames.
M0000000107_0057 ไม่ ตำรา ของ 
LOG (lattice-best-path[5.5.0~1494-e5a5]:main():lattice-best-path.cc:99) For utterance M0000000107_0058, best cost 39.2216 + 2279.58 = 2318.8 over 179 frames.
M0000000107_0058 จะ ไม่ ไม้ 
LOG (lattice-best-path[5.5.0~1494-e5a5]:main():lattice-best-path.cc:99) For utterance M0000000107_0059, best cost 15.8223 + 2771.13 = 2786.95 over 220 frames.
M0000000107_0059 
LOG (lattice-best-path[5.5.0~1494-e5a5]:main():lattice-best-path.cc:99) For utterance M0000000107_0060, best cost 18.5252 + 4078.3 = 4096.83 over 320 frames.
M0000000107_0060 
LOG (lattice-best-path[5.5.0~1494-e5a5]:main():lattice-best-path.cc:99) For utterance M0000000107_0061, best cost 48.7471 + 2795.18 = 2843.93 over 233 frames.
M0000000107_0061 ควร ได้ เป็น วัย เขา 
LOG (lattice-best-path[5.5.0~1494-e5a5]:main():lattice-best-path.cc:99) For utterance M0000000107_0062, best cost 34.4085 + 2360.35 = 2394.76 over 192 frames.
M0000000107_0062 เตรียม ไม่ 
LOG (lattice-best-path[5.5.0~1494-e5a5]:main():lattice-best-path.cc:99) For utterance M0000000107_0063, best cost 56.5049 + 2724.23 = 2780.73 over 228 frames.
M0000000107_0063 เรียน รู้ มี ระยะ ไม่ 
LOG (lattice-best-path[5.5.0~1494-e5a5]:main():lattice-best-path.cc:99) For utterance M0000000107_0064, best cost 26.4332 + 2176.34 = 2202.78 over 176 frames.
M0000000107_0064 โทรพิมพ์ 
LOG (lattice-best-path[5.5.0~1494-e5a5]:main():lattice-best-path.cc:99) For utterance M0000000107_0065, best cost 15.5386 + 2880.95 = 2896.49 over 216 frames.
M0000000107_0065 
LOG (lattice-best-path[5.5.0~1494-e5a5]:main():lattice-best-path.cc:99) For utterance M0000000107_0066, best cost 18.3661 + 2532.15 = 2550.51 over 192 frames.
M0000000107_0066 เพราะ 
LOG (lattice-best-path[5.5.0~1494-e5a5]:main():lattice-best-path.cc:99) For utterance M0000000107_0067, best cost 30.8789 + 2552.92 = 2583.8 over 201 frames.
M0000000107_0067 ก่อนหลัง หนึ่ง 
LOG (lattice-best-path[5.5.0~1494-e5a5]:main():lattice-best-path.cc:99) For utterance M0000000107_0068, best cost 41.796 + 3760.27 = 3802.06 over 298 frames.
M0000000107_0068 เพราะ การ เปล่ง ต้องการ 
LOG (lattice-best-path[5.5.0~1494-e5a5]:main():lattice-best-path.cc:99) For utterance M0000000107_0069, best cost 42.3148 + 2358.48 = 2400.8 over 185 frames.
M0000000107_0069 ที่ เหล่า หลาย 
LOG (lattice-best-path[5.5.0~1494-e5a5]:main():lattice-best-path.cc:99) For utterance M0000000107_0070, best cost 39.7012 + 2774.97 = 2814.67 over 228 frames.
M0000000107_0070 เพราะ เกรง ลง น้อย ขึ้น 
LOG (lattice-best-path[5.5.0~1494-e5a5]:main():lattice-best-path.cc:99) For utterance M0000000107_0071, best cost 27.437 + 3012.14 = 3039.58 over 229 frames.
M0000000107_0071 หลาย 
LOG (lattice-best-path[5.5.0~1494-e5a5]:main():lattice-best-path.cc:99) For utterance M0000000107_0072, best cost 57.0446 + 3384.03 = 3441.07 over 277 frames.
M0000000107_0072 ผล ที ละ กิน บ่อยๆ 
LOG (lattice-best-path[5.5.0~1494-e5a5]:main():lattice-best-path.cc:99) For utterance M0000000107_0073, best cost 55.2429 + 3630.49 = 3685.73 over 284 frames.
M0000000107_0073 ให้ ระหว่าง ร้านอาหาร บัตร 
LOG (lattice-best-path[5.5.0~1494-e5a5]:main():lattice-best-path.cc:99) For utterance M0000000107_0074, best cost 15.533 + 2930.3 = 2945.83 over 228 frames.
M0000000107_0074 
LOG (lattice-best-path[5.5.0~1494-e5a5]:main():lattice-best-path.cc:99) For utterance M0000000107_0075, best cost 46.1014 + 4069.85 = 4115.96 over 320 frames.
M0000000107_0075 ยัง อยู่ เท่าไร 
LOG (lattice-best-path[5.5.0~1494-e5a5]:main():lattice-best-path.cc:99) For utterance M0000000107_0076, best cost 28.3456 + 3295.73 = 3324.08 over 248 frames.
M0000000107_0076 ยัง 
LOG (lattice-best-path[5.5.0~1494-e5a5]:main():lattice-best-path.cc:99) For utterance M0000000107_0077, best cost 77.2622 + 3479.34 = 3556.6 over 279 frames.
M0000000107_0077 ไม่ มี หลัง นั้น การ แห่ง ใน ไม่ 
LOG (lattice-best-path[5.5.0~1494-e5a5]:main():lattice-best-path.cc:99) For utterance M0000000107_0078, best cost 68.7777 + 3724.04 = 3792.81 over 292 frames.
M0000000107_0078 ยาก ฝรั่ง เกาะ ข่าย เท่าไร 
LOG (lattice-best-path[5.5.0~1494-e5a5]:main():lattice-best-path.cc:99) For utterance M0000000107_0079, best cost 23.7547 + 2477.47 = 2501.22 over 193 frames.
M0000000107_0079 ไว้ 
LOG (lattice-best-path[5.5.0~1494-e5a5]:main():lattice-best-path.cc:99) For utterance M0000000107_0080, best cost 64.848 + 3973.88 = 4038.72 over 306 frames.
M0000000107_0080 ย่าน ข้างล่าง กล่อง ทำลาย 
LOG (lattice-best-path[5.5.0~1494-e5a5]:main():lattice-best-path.cc:99) For utterance M0000000107_0081, best cost 64.1027 + 4429.75 = 4493.85 over 347 frames.
M0000000107_0081 เพราะ ช่วย ดัง ยัง ได้ รายละเอียด 
LOG (lattice-best-path[5.5.0~1494-e5a5]:main():lattice-best-path.cc:99) For utterance M0000000107_0082, best cost 32.8582 + 4210.6 = 4243.46 over 329 frames.
M0000000107_0082 เสีย 
LOG (lattice-best-path[5.5.0~1494-e5a5]:main():lattice-best-path.cc:99) For utterance M0000000107_0083, best cost 14.3489 + 2804.79 = 2819.14 over 208 frames.
M0000000107_0083 
LOG (lattice-best-path[5.5.0~1494-e5a5]:main():lattice-best-path.cc:99) For utterance M0000000107_0084, best cost 15.8702 + 2764.28 = 2780.15 over 212 frames.
M0000000107_0084 
LOG (lattice-best-path[5.5.0~1494-e5a5]:main():lattice-best-path.cc:99) For utterance M0000000107_0085, best cost 48.4711 + 2884.36 = 2932.83 over 238 frames.
M0000000107_0085 ข่าย อะไร ได้ อีกด้วย 
LOG (lattice-best-path[5.5.0~1494-e5a5]:main():lattice-best-path.cc:99) For utterance M0000000107_0086, best cost 27.0463 + 3021.11 = 3048.15 over 229 frames.
M0000000107_0086 ระยะ ออก 
LOG (lattice-best-path[5.5.0~1494-e5a5]:main():lattice-best-path.cc:99) For utterance M0000000107_0087, best cost 42.8336 + 2754.51 = 2797.34 over 223 frames.
M0000000107_0087 เรียน นโยบาย แมลง 
LOG (lattice-best-path[5.5.0~1494-e5a5]:main():lattice-best-path.cc:99) For utterance M0000000107_0088, best cost 63.1103 + 2609.37 = 2672.48 over 206 frames.
M0000000107_0088 ใช้ นี้ ลด จาก ที่ ร้าย 
LOG (lattice-best-path[5.5.0~1494-e5a5]:main():lattice-best-path.cc:99) For utterance M0000000107_0089, best cost 37.7827 + 2296.02 = 2333.8 over 179 frames.
M0000000107_0089 อะไร นำ 
LOG (lattice-best-path[5.5.0~1494-e5a5]:main():lattice-best-path.cc:99) For utterance M0000000107_0090, best cost 58.4001 + 2975.66 = 3034.06 over 241 frames.
M0000000107_0090 ทำมุม ออก ยัง ใน รหัส 
LOG (lattice-best-path[5.5.0~1494-e5a5]:main():lattice-best-path.cc:99) For utterance M0000000107_0091, best cost 30.7919 + 3279.83 = 3310.62 over 258 frames.
M0000000107_0091 หรือ 
LOG (lattice-best-path[5.5.0~1494-e5a5]:main():lattice-best-path.cc:99) For utterance M0000000107_0092, best cost 25.8822 + 2185.25 = 2211.14 over 165 frames.
M0000000107_0092 กล่าว 
LOG (lattice-best-path[5.5.0~1494-e5a5]:main():lattice-best-path.cc:99) For utterance M0000000107_0093, best cost 46.9447 + 2618.7 = 2665.64 over 209 frames.
M0000000107_0093 เรา ฝ่าย การ เรียน 
LOG (lattice-best-path[5.5.0~1494-e5a5]:main():lattice-best-path.cc:99) For utterance M0000000107_0094, best cost 53.7037 + 2506.25 = 2559.95 over 200 frames.
M0000000107_0094 เรา อ้วน เพราะ การ หนึ่ง 
LOG (lattice-best-path[5.5.0~1494-e5a5]:main():lattice-best-path.cc:99) For utterance M0000000107_0095, best cost 60.8092 + 3437.15 = 3497.96 over 275 frames.
M0000000107_0095 กำหนด หลอดไฟ หวัง ใน ระยะ 
LOG (lattice-best-path[5.5.0~1494-e5a5]:main():lattice-best-path.cc:99) For utterance M0000000107_0096, best cost 38.3284 + 3366.78 = 3405.11 over 264 frames.
M0000000107_0096 รวมถึง นก 
LOG (lattice-best-path[5.5.0~1494-e5a5]:main():lattice-best-path.cc:99) For utterance M0000000107_0097, best cost 41.4577 + 2789.12 = 2830.58 over 214 frames.
M0000000107_0097 รับส่ง ที่ ของ 
LOG (lattice-best-path[5.5.0~1494-e5a5]:main():lattice-best-path.cc:99) For utterance M0000000107_0098, best cost 51.8707 + 3970.26 = 4022.13 over 316 frames.
M0000000107_0098 หลัก ส่ง ที่ บัตร 
LOG (lattice-best-path[5.5.0~1494-e5a5]:main():lattice-best-path.cc:99) For utterance M0000000107_0099, best cost 48.4244 + 2494.01 = 2542.44 over 184 frames.
M0000000107_0099 เดียว ลง ไป เอา 
LOG (lattice-best-path[5.5.0~1494-e5a5]:main():lattice-best-path.cc:99) For utterance M0000000107_0100, best cost 42.415 + 2868.02 = 2910.44 over 219 frames.
M0000000107_0100 เดียว ที่รัก 
LOG (lattice-best-path[5.5.0~1494-e5a5]:main():lattice-best-path.cc:99) For utterance M0000000107_0101, best cost 58.3753 + 5506.77 = 5565.15 over 424 frames.
M0000000107_0101 เร็ว อะไร เรา ได้ 
LOG (lattice-best-path[5.5.0~1494-e5a5]:main():lattice-best-path.cc:99) For utterance M0000000124_0000, best cost 31.4427 + 2232.6 = 2264.05 over 203 frames.
M0000000124_0000 ที่ ไถ 
LOG (lattice-best-path[5.5.0~1494-e5a5]:main():lattice-best-path.cc:99) For utterance M0000000124_0001, best cost 62.8661 + 3431.68 = 3494.54 over 282 frames.
M0000000124_0001 ที่ รัฐ นั้น อื่นๆ ชั้น 
LOG (lattice-best-path[5.5.0~1494-e5a5]:main():lattice-best-path.cc:99) For utterance M0000000124_0002, best cost 72.9482 + 3729.99 = 3802.94 over 321 frames.
M0000000124_0002 ก็ เกย ใช้ เรา หนึ่ง จาน 
LOG (lattice-best-path[5.5.0~1494-e5a5]:main():lattice-best-path.cc:99) For utterance M0000000124_0003, best cost 55.8083 + 3224.28 = 3280.09 over 284 frames.
M0000000124_0003 สวม ตาม ผลิต ใน ขึ้น 
LOG (lattice-best-path[5.5.0~1494-e5a5]:main():lattice-best-path.cc:99) For utterance M0000000124_0004, best cost 30.7154 + 3209.91 = 3240.63 over 267 frames.
M0000000124_0004 ไถ 
LOG (lattice-best-path[5.5.0~1494-e5a5]:main():lattice-best-path.cc:99) For utterance M0000000124_0005, best cost 56.9008 + 3168.92 = 3225.82 over 269 frames.
M0000000124_0005 ใช้ ใส่ หมุน จาน 
LOG (lattice-best-path[5.5.0~1494-e5a5]:main():lattice-best-path.cc:99) For utterance M0000000124_0006, best cost 22.8237 + 2440.36 = 2463.19 over 204 frames.
M0000000124_0006 หนึ่ง 
LOG (lattice-best-path[5.5.0~1494-e5a5]:main():lattice-best-path.cc:99) For utterance M0000000124_0007, best cost 35.496 + 2128.5 = 2163.99 over 173 frames.
M0000000124_0007 มัก จะ เรือน 
LOG (lattice-best-path[5.5.0~1494-e5a5]:main():lattice-best-path.cc:99) For utterance M0000000124_0008, best cost 27.413 + 2991.8 = 3019.22 over 251 frames.
M0000000124_0008 สอง 
LOG (lattice-best-path[5.5.0~1494-e5a5]:main():lattice-best-path.cc:99) For utterance M0000000124_0009, best cost 23.5615 + 2440.96 = 2464.52 over 199 frames.
M0000000124_0009 อนึ่ง 
LOG (lattice-best-path[5.5.0~1494-e5a5]:main():lattice-best-path.cc:99) For utterance M0000000124_0010, best cost 32.8366 + 2568.56 = 2601.39 over 227 frames.
M0000000124_0010 ขอ หลอดไฟ 
LOG (lattice-best-path[5.5.0~1494-e5a5]:main():lattice-best-path.cc:99) For utterance M0000000124_0011, best cost 38.1239 + 2350.8 = 2388.92 over 199 frames.
M0000000124_0011 มาก ฝน ครบ 
LOG (lattice-best-path[5.5.0~1494-e5a5]:main():lattice-best-path.cc:99) For utterance M0000000124_0012, best cost 53.5617 + 3447 = 3500.56 over 287 frames.
M0000000124_0012 สาร ตรุษ เขียน เครื่อง 
LOG (lattice-best-path[5.5.0~1494-e5a5]:main():lattice-best-path.cc:99) For utterance M0000000124_0013, best cost 92.2933 + 4406.45 = 4498.75 over 371 frames.
M0000000124_0013 ตรง ซิเทรต ที่ เท่าๆ ให้ สอง แท่ง เครื่อง 
LOG (lattice-best-path[5.5.0~1494-e5a5]:main():lattice-best-path.cc:99) For utterance M0000000124_0014, best cost 29.8286 + 3469.85 = 3499.68 over 302 frames.
M0000000124_0014 แต่ ที่ 
LOG (lattice-best-path[5.5.0~1494-e5a5]:main():lattice-best-path.cc:99) For utterance M0000000124_0015, best cost 47.1624 + 3001.52 = 3048.69 over 264 frames.
M0000000124_0015 ขอ นั่ง งาน 
LOG (lattice-best-path[5.5.0~1494-e5a5]:main():lattice-best-path.cc:99) For utterance M0000000124_0016, best cost 24.326 + 3369.99 = 3394.31 over 278 frames.
M0000000124_0016 เรือน 
LOG (lattice-best-path[5.5.0~1494-e5a5]:main():lattice-best-path.cc:99) For utterance M0000000124_0017, best cost 43.6659 + 3342.36 = 3386.03 over 302 frames.
M0000000124_0017 ข้อ นั้น ต่างๆ นั้น 
LOG (lattice-best-path[5.5.0~1494-e5a5]:main():lattice-best-path.cc:99) For utterance M0000000124_0018, best cost 33.967 + 3148.49 = 3182.46 over 275 frames.
M0000000124_0018 เริ่ม น้อย 
LOG (lattice-best-path[5.5.0~1494-e5a5]:main():lattice-best-path.cc:99) For utterance M0000000124_0019, best cost 56.2004 + 2473.08 = 2529.28 over 208 frames.
M0000000124_0019 พอ ใหญ่ เป็นต้น และ หนัก 
LOG (lattice-best-path[5.5.0~1494-e5a5]:main():lattice-best-path.cc:99) For utterance M0000000124_0020, best cost 41.8545 + 2674.31 = 2716.17 over 228 frames.
M0000000124_0020 รูป ปลา ไป ใน 
LOG (lattice-best-path[5.5.0~1494-e5a5]:main():lattice-best-path.cc:99) For utterance M0000000124_0021, best cost 41.0975 + 2487.31 = 2528.4 over 219 frames.
M0000000124_0021 นั้น ชิ้น จาน 
LOG (lattice-best-path[5.5.0~1494-e5a5]:main():lattice-best-path.cc:99) For utterance M0000000124_0022, best cost 36.9079 + 2407.22 = 2444.13 over 207 frames.
M0000000124_0022 พิมพ์ ได้ แม่เหล็ก 
LOG (lattice-best-path[5.5.0~1494-e5a5]:main():lattice-best-path.cc:99) For utterance M0000000124_0023, best cost 30.7341 + 3381.59 = 3412.32 over 284 frames.
M0000000124_0023 ขาย ใน 
LOG (lattice-best-path[5.5.0~1494-e5a5]:main():lattice-best-path.cc:99) For utterance M0000000124_0024, best cost 42.7955 + 3285.45 = 3328.25 over 287 frames.
M0000000124_0024 ขอ เครื่อง ผู้น้อย 
LOG (lattice-best-path[5.5.0~1494-e5a5]:main():lattice-best-path.cc:99) For utterance M0000000124_0025, best cost 29.3068 + 1892.28 = 1921.59 over 169 frames.
M0000000124_0025 เรียก หมด 
LOG (lattice-best-path[5.5.0~1494-e5a5]:main():lattice-best-path.cc:99) For utterance M0000000124_0026, best cost 62.8391 + 3094.12 = 3156.96 over 274 frames.
M0000000124_0026 มี นำ สิ่ง ซุก ที่ ใน 
LOG (lattice-best-path[5.5.0~1494-e5a5]:main():lattice-best-path.cc:99) For utterance M0000000124_0027, best cost 62.9692 + 2682.78 = 2745.75 over 224 frames.
M0000000124_0027 รศ. มัก ประเทศ ร้าย จาน 
LOG (lattice-best-path[5.5.0~1494-e5a5]:main():lattice-best-path.cc:99) For utterance M0000000124_0028, best cost 35.8639 + 2945.52 = 2981.38 over 251 frames.
M0000000124_0028 ขอ ขาด 
LOG (lattice-best-path[5.5.0~1494-e5a5]:main():lattice-best-path.cc:99) For utterance M0000000124_0029, best cost 43.9346 + 2561.63 = 2605.56 over 221 frames.
M0000000124_0029 จะ เสีย หรือ อย่าง 
LOG (lattice-best-path[5.5.0~1494-e5a5]:main():lattice-best-path.cc:99) For utterance M0000000124_0030, best cost 32.0476 + 2701.15 = 2733.2 over 236 frames.
M0000000124_0030 จะ บาง 
LOG (lattice-best-path[5.5.0~1494-e5a5]:main():lattice-best-path.cc:99) For utterance M0000000124_0031, best cost 54.3501 + 2520.02 = 2574.37 over 212 frames.
M0000000124_0031 อาหาร จะ มา ที่ ตรง 
LOG (lattice-best-path[5.5.0~1494-e5a5]:main():lattice-best-path.cc:99) For utterance M0000000124_0032, best cost 46.4362 + 3019.11 = 3065.55 over 260 frames.
M0000000124_0032 ต้อง รอย น้ำ ใน 
LOG (lattice-best-path[5.5.0~1494-e5a5]:main():lattice-best-path.cc:99) For utterance M0000000124_0033, best cost 43.9515 + 2195.24 = 2239.19 over 196 frames.
M0000000124_0033 เมื่อ ร้าย จะ เศษ 
LOG (lattice-best-path[5.5.0~1494-e5a5]:main():lattice-best-path.cc:99) For utterance M0000000124_0034, best cost 32.9487 + 2532.08 = 2565.03 over 230 frames.
M0000000124_0034 เพราะ งาน จำ 
LOG (lattice-best-path[5.5.0~1494-e5a5]:main():lattice-best-path.cc:99) For utterance M0000000124_0035, best cost 36.748 + 2588.9 = 2625.65 over 230 frames.
M0000000124_0035 ไม่ ที่ แหล่ง 
LOG (lattice-best-path[5.5.0~1494-e5a5]:main():lattice-best-path.cc:99) For utterance M0000000124_0036, best cost 47.4559 + 2435.79 = 2483.25 over 212 frames.
M0000000124_0036 ขอบ เตรียม ใน อยู่ 
LOG (lattice-best-path[5.5.0~1494-e5a5]:main():lattice-best-path.cc:99) For utterance M0000000124_0037, best cost 47.6459 + 2693.88 = 2741.53 over 239 frames.
M0000000124_0037 ไม่ เอา เลือก รับ 
LOG (lattice-best-path[5.5.0~1494-e5a5]:main():lattice-best-path.cc:99) For utterance M0000000124_0038, best cost 31.9052 + 2505.13 = 2537.03 over 210 frames.
M0000000124_0038 ปลูก แท่ง 
LOG (lattice-best-path[5.5.0~1494-e5a5]:main():lattice-best-path.cc:99) For utterance M0000000124_0039, best cost 44.3909 + 3368.04 = 3412.43 over 287 frames.
M0000000124_0039 ได้ ไป ตรวจสอบ และ 
LOG (lattice-best-path[5.5.0~1494-e5a5]:main():lattice-best-path.cc:99) For utterance M0000000124_0040, best cost 54.3535 + 3335.02 = 3389.37 over 279 frames.
M0000000124_0040 ใหญ่ ไป โต สอง หน้า 
LOG (lattice-best-path[5.5.0~1494-e5a5]:main():lattice-best-path.cc:99) For utterance M0000000124_0041, best cost 56.4153 + 3981.13 = 4037.54 over 347 frames.
M0000000124_0041 ตัวนำ ไมครอน เรียง ใน 
LOG (lattice-best-path[5.5.0~1494-e5a5]:main():lattice-best-path.cc:99) For utterance M0000000124_0042, best cost 36.0726 + 3354.92 = 3390.99 over 279 frames.
M0000000124_0042 ยา ไถ 
LOG (lattice-best-path[5.5.0~1494-e5a5]:main():lattice-best-path.cc:99) For utterance M0000000124_0043, best cost 47.597 + 3062.91 = 3110.51 over 275 frames.
M0000000124_0043 ชั้น บน วาง ไม่ 
LOG (lattice-best-path[5.5.0~1494-e5a5]:main():lattice-best-path.cc:99) For utterance M0000000124_0044, best cost 36.0349 + 2722.54 = 2758.58 over 239 frames.
M0000000124_0044 เก็บ ต่างๆ ด้วย 
LOG (lattice-best-path[5.5.0~1494-e5a5]:main():lattice-best-path.cc:99) For utterance M0000000124_0045, best cost 43.9516 + 3325.77 = 3369.72 over 287 frames.
M0000000124_0045 ระบาย เทคนิค ไม่ 
LOG (lattice-best-path[5.5.0~1494-e5a5]:main():lattice-best-path.cc:99) For utterance M0000000124_0046, best cost 31.6016 + 2278.57 = 2310.17 over 200 frames.
M0000000124_0046 เรา ที่ ไป 
LOG (lattice-best-path[5.5.0~1494-e5a5]:main():lattice-best-path.cc:99) For utterance M0000000124_0047, best cost 54.1886 + 3430.41 = 3484.6 over 305 frames.
M0000000124_0047 สัตว์ แกน จะ ภาค 
LOG (lattice-best-path[5.5.0~1494-e5a5]:main():lattice-best-path.cc:99) For utterance M0000000124_0048, best cost 60.2122 + 3095.09 = 3155.31 over 272 frames.
M0000000124_0048 มี รม กระแส ร้าย ไม่ 
LOG (lattice-best-path[5.5.0~1494-e5a5]:main():lattice-best-path.cc:99) For utterance M0000000124_0049, best cost 41.14 + 2704.57 = 2745.71 over 239 frames.
M0000000124_0049 ไม่ อะไร เลย 
LOG (lattice-best-path[5.5.0~1494-e5a5]:main():lattice-best-path.cc:99) For utterance M0000000124_0050, best cost 40.707 + 3251.11 = 3291.81 over 287 frames.
M0000000124_0050 พระธาตุ เตรียม มาก 
LOG (lattice-best-path[5.5.0~1494-e5a5]:main():lattice-best-path.cc:99) For utterance M0000000124_0051, best cost 35.2747 + 2480.73 = 2516 over 215 frames.
M0000000124_0051 เหม็น ข่าว 
LOG (lattice-best-path[5.5.0~1494-e5a5]:main():lattice-best-path.cc:99) For utterance M0000000124_0052, best cost 47.8867 + 3021.14 = 3069.03 over 269 frames.
M0000000124_0052 เผ็ด เกิน ไป ขับ 
LOG (lattice-best-path[5.5.0~1494-e5a5]:main():lattice-best-path.cc:99) For utterance M0000000124_0053, best cost 58.7444 + 3237.22 = 3295.97 over 275 frames.
M0000000124_0053 วันนี้ รส มาก หรือ ขับ 
LOG (lattice-best-path[5.5.0~1494-e5a5]:main():lattice-best-path.cc:99) For utterance M0000000124_0054, best cost 39.3944 + 2805.36 = 2844.75 over 242 frames.
M0000000124_0054 ติด ไว้ ก่อน 
LOG (lattice-best-path[5.5.0~1494-e5a5]:main():lattice-best-path.cc:99) For utterance M0000000124_0055, best cost 49.6821 + 3242.24 = 3291.92 over 284 frames.
M0000000124_0055 ผ่าน หาร พอ น้อย 
LOG (lattice-best-path[5.5.0~1494-e5a5]:main():lattice-best-path.cc:99) For utterance M0000000124_0056, best cost 85.1808 + 4333.89 = 4419.07 over 362 frames.
M0000000124_0056 ทิ้ง ขึ้น การ ถึง เดียว ใด ไม่ 
LOG (lattice-best-path[5.5.0~1494-e5a5]:main():lattice-best-path.cc:99) For utterance M0000000124_0057, best cost 35.1118 + 3227.94 = 3263.05 over 287 frames.
M0000000124_0057 ไม่ ต้อง ไมครอน 
LOG (lattice-best-path[5.5.0~1494-e5a5]:main():lattice-best-path.cc:99) For utterance M0000000124_0058, best cost 34.2607 + 3267.95 = 3302.21 over 284 frames.
M0000000124_0058 เรือ ใน 
LOG (lattice-best-path[5.5.0~1494-e5a5]:main():lattice-best-path.cc:99) For utterance M0000000124_0059, best cost 37.3292 + 3537.18 = 3574.51 over 299 frames.
M0000000124_0059 รับ ไถ 
LOG (lattice-best-path[5.5.0~1494-e5a5]:main():lattice-best-path.cc:99) For utterance M0000000124_0060, best cost 27.575 + 3574.8 = 3602.38 over 291 frames.
M0000000124_0060 มากมาย 
LOG (lattice-best-path[5.5.0~1494-e5a5]:main():lattice-best-path.cc:99) For utterance M0000000124_0061, best cost 27.2696 + 3223.79 = 3251.06 over 281 frames.
M0000000124_0061 รับ 
LOG (lattice-best-path[5.5.0~1494-e5a5]:main():lattice-best-path.cc:99) For utterance M0000000124_0062, best cost 44.5146 + 2931.57 = 2976.08 over 252 frames.
M0000000124_0062 มี พร้อม หรือ ไม่ 
LOG (lattice-best-path[5.5.0~1494-e5a5]:main():lattice-best-path.cc:99) For utterance M0000000124_0063, best cost 58.5962 + 3354.61 = 3413.21 over 296 frames.
M0000000124_0063 ไม่ หนู นี้ อะไร ไม่ 
LOG (lattice-best-path[5.5.0~1494-e5a5]:main():lattice-best-path.cc:99) For utterance M0000000124_0064, best cost 36.7145 + 3414.37 = 3451.08 over 267 frames.
M0000000124_0064 ไถ ที่สุด 
LOG (lattice-best-path[5.5.0~1494-e5a5]:main():lattice-best-path.cc:99) For utterance M0000000124_0065, best cost 55.5644 + 3480.45 = 3536.01 over 294 frames.
M0000000124_0065 พอ ที่ ชุบ เริ่ม น้อย 
LOG (lattice-best-path[5.5.0~1494-e5a5]:main():lattice-best-path.cc:99) For utterance M0000000124_0066, best cost 56.1049 + 3007.75 = 3063.85 over 260 frames.
M0000000124_0066 ตรรก เทียบ หมด ขลับ 
LOG (lattice-best-path[5.5.0~1494-e5a5]:main():lattice-best-path.cc:99) For utterance M0000000124_0067, best cost 48.6683 + 3431.53 = 3480.2 over 285 frames.
M0000000124_0067 ไถ พอ มี อนึ่ง 
LOG (lattice-best-path[5.5.0~1494-e5a5]:main():lattice-best-path.cc:99) For utterance M0000000124_0068, best cost 67.1551 + 3687.52 = 3754.68 over 318 frames.
M0000000124_0068 ขอ จาน ดัง สอง จาน 
LOG (lattice-best-path[5.5.0~1494-e5a5]:main():lattice-best-path.cc:99) For utterance M0000000124_0069, best cost 67.5864 + 3569.75 = 3637.33 over 302 frames.
M0000000124_0069 มี ที่ หลัง เมื่อ ไม่ ไถ 
LOG (lattice-best-path[5.5.0~1494-e5a5]:main():lattice-best-path.cc:99) For utterance M0000000124_0070, best cost 46.569 + 3170.75 = 3217.31 over 278 frames.
M0000000124_0070 พอ มี หนู รังสี 
LOG (lattice-best-path[5.5.0~1494-e5a5]:main():lattice-best-path.cc:99) For utterance M0000000124_0071, best cost 57.5191 + 3214.16 = 3271.68 over 278 frames.
M0000000124_0071 หาร นี้ มี เขา ใน 
LOG (lattice-best-path[5.5.0~1494-e5a5]:main():lattice-best-path.cc:99) For utterance M0000000124_0072, best cost 59.7101 + 2828.22 = 2887.93 over 236 frames.
M0000000124_0072 ควร ที่ ไม่ ทิ้ง ด้วย ไม่ 
LOG (lattice-best-path[5.5.0~1494-e5a5]:main():lattice-best-path.cc:99) For utterance M0000000124_0073, best cost 68.3998 + 4707.27 = 4775.67 over 398 frames.
M0000000124_0073 เริ่ม วาง ทำ อาหาร นั้น 
LOG (lattice-best-path[5.5.0~1494-e5a5]:main():lattice-best-path.cc:99) For utterance M0000000124_0074, best cost 34.475 + 3110.91 = 3145.38 over 273 frames.
M0000000124_0074 รับ ไม่ 
LOG (lattice-best-path[5.5.0~1494-e5a5]:main():lattice-best-path.cc:99) For utterance M0000000124_0075, best cost 66.2838 + 3950.59 = 4016.88 over 330 frames.
M0000000124_0075 ยา สมการ ตรง อายุ เท่าไร 
LOG (lattice-best-path[5.5.0~1494-e5a5]:main():lattice-best-path.cc:99) For utterance M0000000124_0076, best cost 68.675 + 3991.14 = 4059.81 over 353 frames.
M0000000124_0076 ยัง ไม่ เตรียม จะ หาร รับ ไม่ 
LOG (lattice-best-path[5.5.0~1494-e5a5]:main():lattice-best-path.cc:99) For utterance M0000000124_0077, best cost 65.2447 + 4052.25 = 4117.49 over 344 frames.
M0000000124_0077 ไม่ มี ต่างๆ เห็น ได ไม่ 
LOG (lattice-best-path[5.5.0~1494-e5a5]:main():lattice-best-path.cc:99) For utterance M0000000124_0078, best cost 86.293 + 4273.07 = 4359.36 over 350 frames.
M0000000124_0078 ไถ ยาก เสื้อ การ ต่อ คล้าย เท่าไร 
LOG (lattice-best-path[5.5.0~1494-e5a5]:main():lattice-best-path.cc:99) For utterance M0000000124_0079, best cost 53.3003 + 2876.52 = 2929.82 over 252 frames.
M0000000124_0079 ขาด เรียง ฉาย ไม่ 
LOG (lattice-best-path[5.5.0~1494-e5a5]:main():lattice-best-path.cc:99) For utterance M0000000124_0080, best cost 87.3245 + 4470.74 = 4558.07 over 374 frames.
M0000000124_0080 ไถ ยา เปิด สาขา บาง ต้อง ทำ ใน 
LOG (lattice-best-path[5.5.0~1494-e5a5]:main():lattice-best-path.cc:99) For utterance M0000000124_0081, best cost 51.8752 + 4778.36 = 4830.23 over 404 frames.
M0000000124_0081 ยัง ได้ คั้น ไม่ 
LOG (lattice-best-path[5.5.0~1494-e5a5]:main():lattice-best-path.cc:99) For utterance M0000000124_0082, best cost 86.866 + 4427.6 = 4514.46 over 368 frames.
M0000000124_0082 นั้น จะ ไป เพื่อ การ ตรง สี แยก ใน 
LOG (lattice-best-path[5.5.0~1494-e5a5]:main():lattice-best-path.cc:99) For utterance M0000000124_0083, best cost 69.9429 + 3319.7 = 3389.65 over 275 frames.
M0000000124_0083 ไถ กล้วย เที่ยว ข่าย ที่ ไม่ 
LOG (lattice-best-path[5.5.0~1494-e5a5]:main():lattice-best-path.cc:99) For utterance M0000000124_0084, best cost 63.5603 + 3681.07 = 3744.64 over 312 frames.
M0000000124_0084 แท่ง เศษ ที่ เป็น ใน บาง 
LOG (lattice-best-path[5.5.0~1494-e5a5]:main():lattice-best-path.cc:99) For utterance M0000000124_0085, best cost 65.8869 + 3950.45 = 4016.34 over 344 frames.
M0000000124_0085 ข่าย อาหาร ร้าย ได้ ที่ ไม่ 
LOG (lattice-best-path[5.5.0~1494-e5a5]:main():lattice-best-path.cc:99) For utterance M0000000124_0086, best cost 73.1218 + 3157.02 = 3230.14 over 269 frames.
M0000000124_0086 หวาน หนึ่ง ขาด ได้ หยด เปล่า 
LOG (lattice-best-path[5.5.0~1494-e5a5]:main():lattice-best-path.cc:99) For utterance M0000000124_0087, best cost 57.1254 + 3314.2 = 3371.33 over 284 frames.
M0000000124_0087 เตรียม ใน ยก ได้ ไม่ 
LOG (lattice-best-path[5.5.0~1494-e5a5]:main():lattice-best-path.cc:99) For utterance M0000000124_0088, best cost 63.7445 + 3842.21 = 3905.95 over 332 frames.
M0000000124_0088 ใช้ หนู หยด จาก ที่ ใน 
LOG (lattice-best-path[5.5.0~1494-e5a5]:main():lattice-best-path.cc:99) For utterance M0000000124_0089, best cost 61.7853 + 3770.68 = 3832.47 over 329 frames.
M0000000124_0089 ต้อง สร้าง น้ำตาล ที่ โชคลาง 
LOG (lattice-best-path[5.5.0~1494-e5a5]:main():lattice-best-path.cc:99) For utterance M0000000124_0090, best cost 68.4897 + 3814.56 = 3883.05 over 318 frames.
M0000000124_0090 ทำมุม กรอก เล่น ใน หรือ สอบ 
LOG (lattice-best-path[5.5.0~1494-e5a5]:main():lattice-best-path.cc:99) For utterance M0000000124_0091, best cost 63.1428 + 3384.53 = 3447.68 over 291 frames.
M0000000124_0091 สาย พลุ่ง ชุด หรือ กล่าว 
LOG (lattice-best-path[5.5.0~1494-e5a5]:main():lattice-best-path.cc:99) For utterance M0000000124_0092, best cost 47.5441 + 2947.11 = 2994.65 over 257 frames.
M0000000124_0092 ใส่ หนู หรือ กล่าว 
LOG (lattice-best-path[5.5.0~1494-e5a5]:main():lattice-best-path.cc:99) For utterance M0000000124_0093, best cost 60.0273 + 2939.37 = 2999.4 over 251 frames.
M0000000124_0093 รอบ เป็น ฝ่าย จาน หนึ่ง 
LOG (lattice-best-path[5.5.0~1494-e5a5]:main():lattice-best-path.cc:99) For utterance M0000000124_0094, best cost 55.9142 + 3268.87 = 3324.78 over 279 frames.
M0000000124_0094 กล้วย ทั้งหมด ตาม หนึ่ง 
LOG (lattice-best-path[5.5.0~1494-e5a5]:main():lattice-best-path.cc:99) For utterance M0000000124_0095, best cost 72.0058 + 3754.71 = 3826.72 over 327 frames.
M0000000124_0095 ทำ ทั่ว หลอดไฟ หวาน ได้ ไม่ 
LOG (lattice-best-path[5.5.0~1494-e5a5]:main():lattice-best-path.cc:99) For utterance M0000000124_0096, best cost 81.5507 + 3320.42 = 3401.97 over 279 frames.
M0000000124_0096 รูป ชิ้น ลบ เปล่ง ขึ้น ร้าย หนึ่ง 
LOG (lattice-best-path[5.5.0~1494-e5a5]:main():lattice-best-path.cc:99) For utterance M0000000124_0097, best cost 62.9498 + 3840.03 = 3902.98 over 330 frames.
M0000000124_0097 มา ส่ง ที่ ออก ให้ น้อย 
LOG (lattice-best-path[5.5.0~1494-e5a5]:main():lattice-best-path.cc:99) For utterance M0000000124_0098, best cost 85.5291 + 3968.07 = 4053.6 over 338 frames.
M0000000124_0098 มา ส่ง ให้ ที่ บาง ได้ เมฆ รอบ 
LOG (lattice-best-path[5.5.0~1494-e5a5]:main():lattice-best-path.cc:99) For utterance M0000000124_0099, best cost 50.8363 + 3092.62 = 3143.46 over 260 frames.
M0000000124_0099 เดียว ลง ไป ออก รส 
LOG (lattice-best-path[5.5.0~1494-e5a5]:main():lattice-best-path.cc:99) For utterance M0000000124_0100, best cost 57.8994 + 3794.54 = 3852.44 over 327 frames.
M0000000124_0100 เดียว เดิน ที่ ระงับ 
LOG (lattice-best-path[5.5.0~1494-e5a5]:main():lattice-best-path.cc:99) For utterance M0000000124_0101, best cost 103.961 + 4762.25 = 4866.21 over 398 frames.
M0000000124_0101 อีก อยู่ ใส่ จะ ขาด เหลว อะไร กลับกลาย ใจ หนึ่ง 
LOG (lattice-best-path[5.5.0~1494-e5a5]:main():lattice-best-path.cc:99) For utterance M0000000131_0000, best cost 30.5207 + 4002.26 = 4032.78 over 338 frames.
M0000000131_0000 กงล้อ ที่ 
LOG (lattice-best-path[5.5.0~1494-e5a5]:main():lattice-best-path.cc:99) For utterance M0000000131_0001, best cost 59.5112 + 6113.7 = 6173.21 over 491 frames.
M0000000131_0001 ควร ที่ เอา รับ 
LOG (lattice-best-path[5.5.0~1494-e5a5]:main():lattice-best-path.cc:99) For utterance M0000000131_0002, best cost 28.5309 + 5941.49 = 5970.03 over 464 frames.
M0000000131_0002 
LOG (lattice-best-path[5.5.0~1494-e5a5]:main():lattice-best-path.cc:99) For utterance M0000000131_0003, best cost 43.8574 + 4269.86 = 4313.71 over 328 frames.
M0000000131_0003 ไถ ไถ 
LOG (lattice-best-path[5.5.0~1494-e5a5]:main():lattice-best-path.cc:99) For utterance M0000000131_0004, best cost 50.7238 + 4654.38 = 4705.11 over 384 frames.
M0000000131_0004 พ่น ข้าว การ 
LOG (lattice-best-path[5.5.0~1494-e5a5]:main():lattice-best-path.cc:99) For utterance M0000000131_0005, best cost 70.5096 + 4905.83 = 4976.34 over 396 frames.
M0000000131_0005 เอา พวก ได้ ไทย รูเจาะ 
LOG (lattice-best-path[5.5.0~1494-e5a5]:main():lattice-best-path.cc:99) For utterance M0000000131_0006, best cost 51.692 + 3906.81 = 3958.5 over 332 frames.
M0000000131_0006 หนึ่ง คง ควร เรือน 
LOG (lattice-best-path[5.5.0~1494-e5a5]:main():lattice-best-path.cc:99) For utterance M0000000131_0007, best cost 46.5562 + 3362.07 = 3408.63 over 284 frames.
M0000000131_0007 ฯลฯ การ อ่าน 
LOG (lattice-best-path[5.5.0~1494-e5a5]:main():lattice-best-path.cc:99) For utterance M0000000131_0008, best cost 40.0042 + 3547.42 = 3587.43 over 284 frames.
M0000000131_0008 ดัน กรง 
LOG (lattice-best-path[5.5.0~1494-e5a5]:main():lattice-best-path.cc:99) For utterance M0000000131_0009, best cost 22.9884 + 3313.93 = 3336.91 over 270 frames.
M0000000131_0009 หรือ 
LOG (lattice-best-path[5.5.0~1494-e5a5]:main():lattice-best-path.cc:99) For utterance M0000000131_0010, best cost 31.5704 + 3411.88 = 3443.45 over 287 frames.
M0000000131_0010 พ่น 
LOG (lattice-best-path[5.5.0~1494-e5a5]:main():lattice-best-path.cc:99) For utterance M0000000131_0011, best cost 50.4655 + 2598.73 = 2649.2 over 210 frames.
M0000000131_0011 ไถ ไถ รหัส 
LOG (lattice-best-path[5.5.0~1494-e5a5]:main():lattice-best-path.cc:99) For utterance M0000000131_0012, best cost 36.6434 + 2559.36 = 2596.01 over 200 frames.
M0000000131_0012 ไถ ไถ 
LOG (lattice-best-path[5.5.0~1494-e5a5]:main():lattice-best-path.cc:99) For utterance M0000000131_0013, best cost 73.8516 + 3422.92 = 3496.77 over 250 frames.
M0000000131_0013 ต้อง สิ่ง ที่ เอา เล็ก ส่ง หรือ 
LOG (lattice-best-path[5.5.0~1494-e5a5]:main():lattice-best-path.cc:99) For utterance M0000000131_0014, best cost 44.0092 + 3034.04 = 3078.05 over 238 frames.
M0000000131_0014 ไถ ไถ ที่ 
LOG (lattice-best-path[5.5.0~1494-e5a5]:main():lattice-best-path.cc:99) For utterance M0000000131_0015, best cost 29.1332 + 2562.09 = 2591.23 over 195 frames.
M0000000131_0015 แคระแกร็น 
LOG (lattice-best-path[5.5.0~1494-e5a5]:main():lattice-best-path.cc:99) For utterance M0000000131_0016, best cost 23.581 + 2627.46 = 2651.04 over 195 frames.
M0000000131_0016 มัก 
LOG (lattice-best-path[5.5.0~1494-e5a5]:main():lattice-best-path.cc:99) For utterance M0000000131_0017, best cost 43.4305 + 2457.4 = 2500.83 over 190 frames.
M0000000131_0017 ไถ แคระแกร็น ละ 
LOG (lattice-best-path[5.5.0~1494-e5a5]:main():lattice-best-path.cc:99) For utterance M0000000131_0018, best cost 38.0733 + 2514.6 = 2552.67 over 188 frames.
M0000000131_0018 ไถ ไถ 
LOG (lattice-best-path[5.5.0~1494-e5a5]:main():lattice-best-path.cc:99) For utterance M0000000131_0019, best cost 20.2613 + 2408.85 = 2429.11 over 181 frames.
M0000000131_0019 
LOG (lattice-best-path[5.5.0~1494-e5a5]:main():lattice-best-path.cc:99) For utterance M0000000131_0020, best cost 28.5858 + 2254.21 = 2282.79 over 166 frames.
M0000000131_0020 ปรก 
LOG (lattice-best-path[5.5.0~1494-e5a5]:main():lattice-best-path.cc:99) For utterance M0000000131_0021, best cost 47.5586 + 2253.14 = 2300.7 over 174 frames.
M0000000131_0021 ไถ มัก กิน จะ 
LOG (lattice-best-path[5.5.0~1494-e5a5]:main():lattice-best-path.cc:99) For utterance M0000000131_0022, best cost 44.3537 + 2461.27 = 2505.62 over 193 frames.
M0000000131_0022 ไถ จึง ได้ ระยะ 
LOG (lattice-best-path[5.5.0~1494-e5a5]:main():lattice-best-path.cc:99) For utterance M0000000131_0023, best cost 37.1564 + 3456.88 = 3494.03 over 257 frames.
M0000000131_0023 ไถ อาหาร 
LOG (lattice-best-path[5.5.0~1494-e5a5]:main():lattice-best-path.cc:99) For utterance M0000000131_0024, best cost 28.782 + 2510.85 = 2539.63 over 190 frames.
M0000000131_0024 ขอ 
LOG (lattice-best-path[5.5.0~1494-e5a5]:main():lattice-best-path.cc:99) For utterance M0000000131_0025, best cost 28.7223 + 1738.77 = 1767.49 over 132 frames.
M0000000131_0025 ไถ วิเคราะห์ 
LOG (lattice-best-path[5.5.0~1494-e5a5]:main():lattice-best-path.cc:99) For utterance M0000000131_0026, best cost 15.5479 + 3185.72 = 3201.26 over 223 frames.
M0000000131_0026 
LOG (lattice-best-path[5.5.0~1494-e5a5]:main():lattice-best-path.cc:99) For utterance M0000000131_0027, best cost 35.381 + 4034.85 = 4070.23 over 306 frames.
M0000000131_0027 ไถ ออก 
LOG (lattice-best-path[5.5.0~1494-e5a5]:main():lattice-best-path.cc:99) For utterance M0000000131_0028, best cost 34.7795 + 2514.82 = 2549.6 over 186 frames.
M0000000131_0028 ไถ ไถ 
LOG (lattice-best-path[5.5.0~1494-e5a5]:main():lattice-best-path.cc:99) For utterance M0000000131_0029, best cost 13.1567 + 1978.41 = 1991.57 over 152 frames.
M0000000131_0029 
LOG (lattice-best-path[5.5.0~1494-e5a5]:main():lattice-best-path.cc:99) For utterance M0000000131_0030, best cost 38.1683 + 2867.89 = 2906.06 over 224 frames.
M0000000131_0030 ไถ ไถ 
LOG (lattice-best-path[5.5.0~1494-e5a5]:main():lattice-best-path.cc:99) For utterance M0000000131_0031, best cost 32.2558 + 2210.55 = 2242.8 over 165 frames.
M0000000131_0031 ทิ้ง ลง 
LOG (lattice-best-path[5.5.0~1494-e5a5]:main():lattice-best-path.cc:99) For utterance M0000000131_0032, best cost 36.4612 + 2442.27 = 2478.73 over 195 frames.
M0000000131_0032 ไถ ด้วย ละเลย 
LOG (lattice-best-path[5.5.0~1494-e5a5]:main():lattice-best-path.cc:99) For utterance M0000000131_0033, best cost 43.3193 + 1875.93 = 1919.25 over 145 frames.
M0000000131_0033 ไถ ร้าย หรือ เศษ 
LOG (lattice-best-path[5.5.0~1494-e5a5]:main():lattice-best-path.cc:99) For utterance M0000000131_0034, best cost 28.9579 + 2735.44 = 2764.4 over 227 frames.
M0000000131_0034 เปราะ 
LOG (lattice-best-path[5.5.0~1494-e5a5]:main():lattice-best-path.cc:99) For utterance M0000000131_0035, best cost 35.7539 + 1831.09 = 1866.84 over 140 frames.
M0000000131_0035 ไถ วิธี แล้ว 
LOG (lattice-best-path[5.5.0~1494-e5a5]:main():lattice-best-path.cc:99) For utterance M0000000131_0036, best cost 39.0024 + 2354.19 = 2393.19 over 178 frames.
M0000000131_0036 หรือ ไม่ ลง 
LOG (lattice-best-path[5.5.0~1494-e5a5]:main():lattice-best-path.cc:99) For utterance M0000000131_0037, best cost 16.208 + 1881.79 = 1897.99 over 144 frames.
M0000000131_0037 
LOG (lattice-best-path[5.5.0~1494-e5a5]:main():lattice-best-path.cc:99) For utterance M0000000131_0038, best cost 37.8351 + 3628.75 = 3666.58 over 279 frames.
M0000000131_0038 ไถ ไถ 
LOG (lattice-best-path[5.5.0~1494-e5a5]:main():lattice-best-path.cc:99) For utterance M0000000131_0039, best cost 26.2547 + 2583.18 = 2609.44 over 197 frames.
M0000000131_0039 ยา 
LOG (lattice-best-path[5.5.0~1494-e5a5]:main():lattice-best-path.cc:99) For utterance M0000000131_0040, best cost 16.7224 + 2569.42 = 2586.15 over 197 frames.
M0000000131_0040 
LOG (lattice-best-path[5.5.0~1494-e5a5]:main():lattice-best-path.cc:99) For utterance M0000000131_0041, best cost 18.5334 + 2915.31 = 2933.84 over 217 frames.
M0000000131_0041 
LOG (lattice-best-path[5.5.0~1494-e5a5]:main():lattice-best-path.cc:99) For utterance M0000000131_0042, best cost 15.136 + 2534.32 = 2549.45 over 194 frames.
M0000000131_0042 
LOG (lattice-best-path[5.5.0~1494-e5a5]:main():lattice-best-path.cc:99) For utterance M0000000131_0043, best cost 57.2172 + 2533.63 = 2590.85 over 203 frames.
M0000000131_0043 ไถ จน บน วาง ไว้ 
LOG (lattice-best-path[5.5.0~1494-e5a5]:main():lattice-best-path.cc:99) For utterance M0000000131_0044, best cost 23.276 + 2036.65 = 2059.93 over 151 frames.
M0000000131_0044 ด้วย 
LOG (lattice-best-path[5.5.0~1494-e5a5]:main():lattice-best-path.cc:99) For utterance M0000000131_0045, best cost 32.7813 + 2415.27 = 2448.05 over 185 frames.
M0000000131_0045 ไถ เปราะ 
LOG (lattice-best-path[5.5.0~1494-e5a5]:main():lattice-best-path.cc:99) For utterance M0000000131_0046, best cost 30.8001 + 1815.47 = 1846.27 over 145 frames.
M0000000131_0046 ไถ อธิบาย 
LOG (lattice-best-path[5.5.0~1494-e5a5]:main():lattice-best-path.cc:99) For utterance M0000000131_0047, best cost 33.6009 + 2370.33 = 2403.93 over 180 frames.
M0000000131_0047 ไถ เรื่อยๆ 
LOG (lattice-best-path[5.5.0~1494-e5a5]:main():lattice-best-path.cc:99) For utterance M0000000131_0048, best cost 52.4601 + 2874.24 = 2926.7 over 220 frames.
M0000000131_0048 มี รส เท่าไร ใหม่ๆ 
LOG (lattice-best-path[5.5.0~1494-e5a5]:main():lattice-best-path.cc:99) For utterance M0000000131_0049, best cost 39.28 + 2458.95 = 2498.23 over 198 frames.
M0000000131_0049 ไถ อะไร เรื่อย 
LOG (lattice-best-path[5.5.0~1494-e5a5]:main():lattice-best-path.cc:99) For utterance M0000000131_0050, best cost 36.2004 + 2725.94 = 2762.14 over 210 frames.
M0000000131_0050 ไถ ไถ 
LOG (lattice-best-path[5.5.0~1494-e5a5]:main():lattice-best-path.cc:99) For utterance M0000000131_0051, best cost 23.0012 + 2387.12 = 2410.12 over 183 frames.
M0000000131_0051 เขา 
LOG (lattice-best-path[5.5.0~1494-e5a5]:main():lattice-best-path.cc:99) For utterance M0000000131_0052, best cost 16.425 + 2122.04 = 2138.46 over 161 frames.
M0000000131_0052 
LOG (lattice-best-path[5.5.0~1494-e5a5]:main():lattice-best-path.cc:99) For utterance M0000000131_0053, best cost 16.7142 + 2380.66 = 2397.37 over 177 frames.
M0000000131_0053 
LOG (lattice-best-path[5.5.0~1494-e5a5]:main():lattice-best-path.cc:99) For utterance M0000000131_0054, best cost 34.9769 + 2642.72 = 2677.7 over 205 frames.
M0000000131_0054 ไถ ไถ 
LOG (lattice-best-path[5.5.0~1494-e5a5]:main():lattice-best-path.cc:99) For utterance M0000000131_0055, best cost 14.9867 + 2346.55 = 2361.54 over 185 frames.
M0000000131_0055 
LOG (lattice-best-path[5.5.0~1494-e5a5]:main():lattice-best-path.cc:99) For utterance M0000000131_0056, best cost 37.3015 + 3770.69 = 3807.99 over 278 frames.
M0000000131_0056 ไถ ไถ 
LOG (lattice-best-path[5.5.0~1494-e5a5]:main():lattice-best-path.cc:99) For utterance M0000000131_0057, best cost 14.3528 + 1520.59 = 1534.95 over 120 frames.
M0000000131_0057 
LOG (lattice-best-path[5.5.0~1494-e5a5]:main():lattice-best-path.cc:99) For utterance M0000000131_0058, best cost 36.3497 + 2596.27 = 2632.62 over 212 frames.
M0000000131_0058 ไถ ไถ 
LOG (lattice-best-path[5.5.0~1494-e5a5]:main():lattice-best-path.cc:99) For utterance M0000000131_0059, best cost 36.9093 + 3194.28 = 3231.19 over 251 frames.
M0000000131_0059 ไถ ไถ 
LOG (lattice-best-path[5.5.0~1494-e5a5]:main():lattice-best-path.cc:99) For utterance M0000000131_0060, best cost 15.2812 + 2641.37 = 2656.66 over 197 frames.
M0000000131_0060 
LOG (lattice-best-path[5.5.0~1494-e5a5]:main():lattice-best-path.cc:99) For utterance M0000000131_0061, best cost 33.4937 + 1964.11 = 1997.61 over 148 frames.
M0000000131_0061 ไถ บน 
LOG (lattice-best-path[5.5.0~1494-e5a5]:main():lattice-best-path.cc:99) For utterance M0000000131_0062, best cost 35.7148 + 2345.83 = 2381.54 over 177 frames.
M0000000131_0062 ไถ บีบ 
LOG (lattice-best-path[5.5.0~1494-e5a5]:main():lattice-best-path.cc:99) For utterance M0000000131_0063, best cost 26.3464 + 2376.13 = 2402.47 over 183 frames.
M0000000131_0063 หวาน 
LOG (lattice-scale[5.5.0~1494-e5a5]:main():lattice-scale.cc:107) Done 510 lattices.
LOG (lattice-best-path[5.5.0~1494-e5a5]:main():lattice-best-path.cc:99) For utterance M0000000131_0064, best cost 37.3567 + 2366.36 = 2403.71 over 181 frames.
M0000000131_0064 ตาราง หรือ อีก 
LOG (lattice-best-path[5.5.0~1494-e5a5]:main():lattice-best-path.cc:99) For utterance M0000000131_0065, best cost 28.2887 + 2607.42 = 2635.71 over 193 frames.
M0000000131_0065 ชุบ 
LOG (lattice-best-path[5.5.0~1494-e5a5]:main():lattice-best-path.cc:99) For utterance M0000000131_0066, best cost 33.4966 + 2688.46 = 2721.95 over 210 frames.
M0000000131_0066 ไถ ไถ 
LOG (lattice-best-path[5.5.0~1494-e5a5]:main():lattice-best-path.cc:99) For utterance M0000000131_0067, best cost 31.9264 + 1401.4 = 1433.32 over 106 frames.
M0000000131_0067 ของ มี เอาเอง 
LOG (lattice-best-path[5.5.0~1494-e5a5]:main():lattice-best-path.cc:99) For utterance M0000000131_0068, best cost 17.1363 + 2369.45 = 2386.59 over 177 frames.
M0000000131_0068 
LOG (lattice-best-path[5.5.0~1494-e5a5]:main():lattice-best-path.cc:99) For utterance M0000000131_0069, best cost 57.6533 + 2402 = 2459.65 over 188 frames.
M0000000131_0069 บิน ที่ หลัง หรือ ใหม่ๆ 
LOG (lattice-best-path[5.5.0~1494-e5a5]:main():lattice-best-path.cc:99) For utterance M0000000131_0070, best cost 12.4765 + 1865.09 = 1877.56 over 140 frames.
M0000000131_0070 
LOG (lattice-best-path[5.5.0~1494-e5a5]:main():lattice-best-path.cc:99) For utterance M0000000131_0071, best cost 16.0065 + 2523.02 = 2539.03 over 181 frames.
M0000000131_0071 
LOG (lattice-best-path[5.5.0~1494-e5a5]:main():lattice-best-path.cc:99) For utterance M0000000131_0072, best cost 15.9701 + 2540.25 = 2556.22 over 185 frames.
M0000000131_0072 
LOG (lattice-best-path[5.5.0~1494-e5a5]:main():lattice-best-path.cc:99) For utterance M0000000131_0073, best cost 28.6512 + 2626.99 = 2655.64 over 198 frames.
M0000000131_0073 รัฐ 
LOG (lattice-best-path[5.5.0~1494-e5a5]:main():lattice-best-path.cc:99) For utterance M0000000131_0074, best cost 13.3638 + 2167.99 = 2181.35 over 162 frames.
M0000000131_0074 
LOG (lattice-best-path[5.5.0~1494-e5a5]:main():lattice-best-path.cc:99) For utterance M0000000131_0075, best cost 36.9149 + 3209.26 = 3246.17 over 235 frames.
M0000000131_0075 อยู่ ไหล 
LOG (lattice-best-path[5.5.0~1494-e5a5]:main():lattice-best-path.cc:99) For utterance M0000000131_0076, best cost 16.6166 + 2488.7 = 2505.31 over 177 frames.
M0000000131_0076 
LOG (lattice-best-path[5.5.0~1494-e5a5]:main():lattice-best-path.cc:99) For utterance M0000000131_0077, best cost 18.5544 + 2813.66 = 2832.22 over 208 frames.
M0000000131_0077 
LOG (lattice-best-path[5.5.0~1494-e5a5]:main():lattice-best-path.cc:99) For utterance M0000000131_0078, best cost 18.2909 + 2677.92 = 2696.21 over 193 frames.
M0000000131_0078 
LOG (lattice-best-path[5.5.0~1494-e5a5]:main():lattice-best-path.cc:99) For utterance M0000000131_0079, best cost 18.0024 + 2197.83 = 2215.83 over 166 frames.
M0000000131_0079 
LOG (lattice-best-path[5.5.0~1494-e5a5]:main():lattice-best-path.cc:99) For utterance M0000000131_0080, best cost 19.6505 + 3542.71 = 3562.36 over 278 frames.
M0000000131_0080 
LOG (lattice-best-path[5.5.0~1494-e5a5]:main():lattice-best-path.cc:99) For utterance M0000000131_0081, best cost 33.8501 + 3638.93 = 3672.78 over 267 frames.
M0000000131_0081 อย่าง 
LOG (lattice-add-penalty[5.5.0~1494-e5a5]:main():lattice-add-penalty.cc:62) Done adding word insertion penalty to 510 lattices.
LOG (lattice-best-path[5.5.0~1494-e5a5]:main():lattice-best-path.cc:99) For utterance M0000000131_0082, best cost 60.4905 + 3422.06 = 3482.55 over 250 frames.
M0000000131_0082 ไถ ไถ สี เอะอะ 
LOG (lattice-best-path[5.5.0~1494-e5a5]:main():lattice-best-path.cc:99) For utterance M0000000131_0083, best cost 13.4179 + 2330.99 = 2344.41 over 168 frames.
M0000000131_0083 
LOG (lattice-best-path[5.5.0~1494-e5a5]:main():lattice-best-path.cc:99) For utterance M0000000131_0084, best cost 16.858 + 2642.72 = 2659.57 over 200 frames.
M0000000131_0084 
LOG (lattice-best-path[5.5.0~1494-e5a5]:main():lattice-best-path.cc:99) For utterance M0000000131_0085, best cost 18.3178 + 2754.44 = 2772.75 over 203 frames.
M0000000131_0085 
LOG (lattice-best-path[5.5.0~1494-e5a5]:main():lattice-best-path.cc:99) For utterance M0000000131_0086, best cost 16.56 + 2333.86 = 2350.42 over 170 frames.
M0000000131_0086 
LOG (lattice-best-path[5.5.0~1494-e5a5]:main():lattice-best-path.cc:99) For utterance M0000000131_0087, best cost 41.4607 + 2199.83 = 2241.29 over 164 frames.
M0000000131_0087 เปลี่ยน อายุ 
LOG (lattice-best-path[5.5.0~1494-e5a5]:main():lattice-best-path.cc:99) For utterance M0000000131_0088, best cost 12.6731 + 3056.22 = 3068.9 over 230 frames.
M0000000131_0088 
LOG (lattice-best-path[5.5.0~1494-e5a5]:main():lattice-best-path.cc:99) For utterance M0000000131_0089, best cost 19.8995 + 2511.86 = 2531.76 over 183 frames.
M0000000131_0089 
LOG (lattice-best-path[5.5.0~1494-e5a5]:main():lattice-best-path.cc:99) For utterance M0000000131_0090, best cost 18.3339 + 2504.84 = 2523.18 over 191 frames.
M0000000131_0090 
LOG (lattice-best-path[5.5.0~1494-e5a5]:main():lattice-best-path.cc:99) For utterance M0000000131_0091, best cost 13.5698 + 2457.97 = 2471.54 over 176 frames.
M0000000131_0091 
LOG (lattice-best-path[5.5.0~1494-e5a5]:main():lattice-best-path.cc:99) For utterance M0000000131_0092, best cost 31.1276 + 2352.56 = 2383.69 over 184 frames.
M0000000131_0092 ตั้ง เรา 
LOG (lattice-best-path[5.5.0~1494-e5a5]:main():lattice-best-path.cc:99) For utterance M0000000131_0093, best cost 33.2495 + 1998.93 = 2032.18 over 152 frames.
M0000000131_0093 ประจำ หนึ่ง 
LOG (lattice-best-path[5.5.0~1494-e5a5]:main():lattice-best-path.cc:99) For utterance M0000000131_0094, best cost 18.3631 + 2116.84 = 2135.2 over 155 frames.
M0000000131_0094 
LOG (lattice-best-path[5.5.0~1494-e5a5]:main():lattice-best-path.cc:99) For utterance M0000000131_0095, best cost 17.6836 + 2941.21 = 2958.9 over 231 frames.
M0000000131_0095 
LOG (lattice-best-path[5.5.0~1494-e5a5]:main():lattice-best-path.cc:99) For utterance M0000000131_0096, best cost 14.4435 + 2677.06 = 2691.51 over 198 frames.
M0000000131_0096 
LOG (lattice-best-path[5.5.0~1494-e5a5]:main():lattice-best-path.cc:99) For utterance M0000000131_0097, best cost 16.5081 + 2391.54 = 2408.05 over 179 frames.
M0000000131_0097 
LOG (lattice-best-path[5.5.0~1494-e5a5]:main():lattice-best-path.cc:99) For utterance M0000000131_0098, best cost 16.9023 + 2556.89 = 2573.79 over 190 frames.
M0000000131_0098 
LOG (lattice-best-path[5.5.0~1494-e5a5]:main():lattice-best-path.cc:99) For utterance M0000000131_0099, best cost 16.3988 + 2024.78 = 2041.18 over 154 frames.
M0000000131_0099 
LOG (lattice-best-path[5.5.0~1494-e5a5]:main():lattice-best-path.cc:99) For utterance M0000000131_0100, best cost 14.8977 + 2203.78 = 2218.68 over 157 frames.
M0000000131_0100 
LOG (lattice-best-path[5.5.0~1494-e5a5]:main():lattice-best-path.cc:99) For utterance M0000000131_0101, best cost 37.6456 + 3341.56 = 3379.21 over 242 frames.
M0000000131_0101 เจาะ หนึ่ง 
LOG (lattice-best-path[5.5.0~1494-e5a5]:main():lattice-best-path.cc:124) Overall cost per frame is 12.3429 = 0.197031 [graph] + 12.1458 [acoustic] over 120161 frames.
LOG (lattice-best-path[5.5.0~1494-e5a5]:main():lattice-best-path.cc:128) Done 510 lattices, failed for 0
# Accounting: time=1 threads=1
# Ended (code 0) at Sun May  2 17:11:26 UTC 2021, elapsed time 1 seconds
