# compute-plp-feats --verbose=2 --config=config/plp.conf scp,p:plp_ky/make_plp_log/wav_train.2.scp ark:- | copy-feats --compress=true ark:- ark,scp:/kaldi/egs/king3/easy-kaldi/plp_ky/raw_plp_train.2.ark,/kaldi/egs/king3/easy-kaldi/plp_ky/raw_plp_train.2.scp 
# Started at Sun Feb  7 09:35:55 UTC 2021
#
compute-plp-feats --verbose=2 --config=config/plp.conf scp,p:plp_ky/make_plp_log/wav_train.2.scp ark:- 
copy-feats --compress=true ark:- ark,scp:/kaldi/egs/king3/easy-kaldi/plp_ky/raw_plp_train.2.ark,/kaldi/egs/king3/easy-kaldi/plp_ky/raw_plp_train.2.scp 
VLOG[2] (compute-plp-feats[5.5.0~1494-e5a5]:main():compute-plp-feats.cc:182) Processed features for key ky_M0000000005_0068
VLOG[2] (compute-plp-feats[5.5.0~1494-e5a5]:main():compute-plp-feats.cc:182) Processed features for key ky_M0000000005_0069
VLOG[2] (compute-plp-feats[5.5.0~1494-e5a5]:main():compute-plp-feats.cc:182) Processed features for key ky_M0000000005_0070
VLOG[2] (compute-plp-feats[5.5.0~1494-e5a5]:main():compute-plp-feats.cc:182) Processed features for key ky_M0000000005_0071
VLOG[2] (compute-plp-feats[5.5.0~1494-e5a5]:main():compute-plp-feats.cc:182) Processed features for key ky_M0000000005_0072
VLOG[2] (compute-plp-feats[5.5.0~1494-e5a5]:main():compute-plp-feats.cc:182) Processed features for key ky_M0000000005_0073
VLOG[2] (compute-plp-feats[5.5.0~1494-e5a5]:main():compute-plp-feats.cc:182) Processed features for key ky_M0000000005_0074
VLOG[2] (compute-plp-feats[5.5.0~1494-e5a5]:main():compute-plp-feats.cc:182) Processed features for key ky_M0000000005_0075
VLOG[2] (compute-plp-feats[5.5.0~1494-e5a5]:main():compute-plp-feats.cc:182) Processed features for key ky_M0000000005_0076
LOG (compute-plp-feats[5.5.0~1494-e5a5]:main():compute-plp-feats.cc:181) Processed 10 utterances
VLOG[2] (compute-plp-feats[5.5.0~1494-e5a5]:main():compute-plp-feats.cc:182) Processed features for key ky_M0000000005_0077
VLOG[2] (compute-plp-feats[5.5.0~1494-e5a5]:main():compute-plp-feats.cc:182) Processed features for key ky_M0000000005_0078
VLOG[2] (compute-plp-feats[5.5.0~1494-e5a5]:main():compute-plp-feats.cc:182) Processed features for key ky_M0000000005_0079
VLOG[2] (compute-plp-feats[5.5.0~1494-e5a5]:main():compute-plp-feats.cc:182) Processed features for key ky_M0000000005_0080
VLOG[2] (compute-plp-feats[5.5.0~1494-e5a5]:main():compute-plp-feats.cc:182) Processed features for key ky_M0000000005_0081
VLOG[2] (compute-plp-feats[5.5.0~1494-e5a5]:main():compute-plp-feats.cc:182) Processed features for key ky_M0000000005_0082
VLOG[2] (compute-plp-feats[5.5.0~1494-e5a5]:main():compute-plp-feats.cc:182) Processed features for key ky_M0000000005_0083
VLOG[2] (compute-plp-feats[5.5.0~1494-e5a5]:main():compute-plp-feats.cc:182) Processed features for key ky_M0000000005_0084
VLOG[2] (compute-plp-feats[5.5.0~1494-e5a5]:main():compute-plp-feats.cc:182) Processed features for key ky_M0000000005_0085
VLOG[2] (compute-plp-feats[5.5.0~1494-e5a5]:main():compute-plp-feats.cc:182) Processed features for key ky_M0000000005_0086
LOG (compute-plp-feats[5.5.0~1494-e5a5]:main():compute-plp-feats.cc:181) Processed 20 utterances
VLOG[2] (compute-plp-feats[5.5.0~1494-e5a5]:main():compute-plp-feats.cc:182) Processed features for key ky_M0000000005_0087
VLOG[2] (compute-plp-feats[5.5.0~1494-e5a5]:main():compute-plp-feats.cc:182) Processed features for key ky_M0000000005_0088
VLOG[2] (compute-plp-feats[5.5.0~1494-e5a5]:main():compute-plp-feats.cc:182) Processed features for key ky_M0000000005_0089
VLOG[2] (compute-plp-feats[5.5.0~1494-e5a5]:main():compute-plp-feats.cc:182) Processed features for key ky_M0000000005_0090
VLOG[2] (compute-plp-feats[5.5.0~1494-e5a5]:main():compute-plp-feats.cc:182) Processed features for key ky_M0000000005_0091
VLOG[2] (compute-plp-feats[5.5.0~1494-e5a5]:main():compute-plp-feats.cc:182) Processed features for key ky_M0000000005_0092
VLOG[2] (compute-plp-feats[5.5.0~1494-e5a5]:main():compute-plp-feats.cc:182) Processed features for key ky_M0000000005_0093
VLOG[2] (compute-plp-feats[5.5.0~1494-e5a5]:main():compute-plp-feats.cc:182) Processed features for key ky_M0000000005_0094
VLOG[2] (compute-plp-feats[5.5.0~1494-e5a5]:main():compute-plp-feats.cc:182) Processed features for key ky_M0000000005_0095
VLOG[2] (compute-plp-feats[5.5.0~1494-e5a5]:main():compute-plp-feats.cc:182) Processed features for key ky_M0000000005_0096
LOG (compute-plp-feats[5.5.0~1494-e5a5]:main():compute-plp-feats.cc:181) Processed 30 utterances
VLOG[2] (compute-plp-feats[5.5.0~1494-e5a5]:main():compute-plp-feats.cc:182) Processed features for key ky_M0000000005_0097
VLOG[2] (compute-plp-feats[5.5.0~1494-e5a5]:main():compute-plp-feats.cc:182) Processed features for key ky_M0000000005_0098
VLOG[2] (compute-plp-feats[5.5.0~1494-e5a5]:main():compute-plp-feats.cc:182) Processed features for key ky_M0000000005_0099
VLOG[2] (compute-plp-feats[5.5.0~1494-e5a5]:main():compute-plp-feats.cc:182) Processed features for key ky_M0000000090_0000
VLOG[2] (compute-plp-feats[5.5.0~1494-e5a5]:main():compute-plp-feats.cc:182) Processed features for key ky_M0000000090_0001
VLOG[2] (compute-plp-feats[5.5.0~1494-e5a5]:main():compute-plp-feats.cc:182) Processed features for key ky_M0000000090_0002
VLOG[2] (compute-plp-feats[5.5.0~1494-e5a5]:main():compute-plp-feats.cc:182) Processed features for key ky_M0000000090_0003
VLOG[2] (compute-plp-feats[5.5.0~1494-e5a5]:main():compute-plp-feats.cc:182) Processed features for key ky_M0000000090_0004
VLOG[2] (compute-plp-feats[5.5.0~1494-e5a5]:main():compute-plp-feats.cc:182) Processed features for key ky_M0000000090_0005
VLOG[2] (compute-plp-feats[5.5.0~1494-e5a5]:main():compute-plp-feats.cc:182) Processed features for key ky_M0000000090_0006
LOG (compute-plp-feats[5.5.0~1494-e5a5]:main():compute-plp-feats.cc:181) Processed 40 utterances
VLOG[2] (compute-plp-feats[5.5.0~1494-e5a5]:main():compute-plp-feats.cc:182) Processed features for key ky_M0000000090_0007
VLOG[2] (compute-plp-feats[5.5.0~1494-e5a5]:main():compute-plp-feats.cc:182) Processed features for key ky_M0000000090_0008
VLOG[2] (compute-plp-feats[5.5.0~1494-e5a5]:main():compute-plp-feats.cc:182) Processed features for key ky_M0000000090_0009
VLOG[2] (compute-plp-feats[5.5.0~1494-e5a5]:main():compute-plp-feats.cc:182) Processed features for key ky_M0000000090_0010
VLOG[2] (compute-plp-feats[5.5.0~1494-e5a5]:main():compute-plp-feats.cc:182) Processed features for key ky_M0000000090_0011
VLOG[2] (compute-plp-feats[5.5.0~1494-e5a5]:main():compute-plp-feats.cc:182) Processed features for key ky_M0000000090_0012
VLOG[2] (compute-plp-feats[5.5.0~1494-e5a5]:main():compute-plp-feats.cc:182) Processed features for key ky_M0000000090_0013
VLOG[2] (compute-plp-feats[5.5.0~1494-e5a5]:main():compute-plp-feats.cc:182) Processed features for key ky_M0000000090_0014
VLOG[2] (compute-plp-feats[5.5.0~1494-e5a5]:main():compute-plp-feats.cc:182) Processed features for key ky_M0000000090_0015
VLOG[2] (compute-plp-feats[5.5.0~1494-e5a5]:main():compute-plp-feats.cc:182) Processed features for key ky_M0000000090_0016
LOG (compute-plp-feats[5.5.0~1494-e5a5]:main():compute-plp-feats.cc:181) Processed 50 utterances
VLOG[2] (compute-plp-feats[5.5.0~1494-e5a5]:main():compute-plp-feats.cc:182) Processed features for key ky_M0000000090_0017
VLOG[2] (compute-plp-feats[5.5.0~1494-e5a5]:main():compute-plp-feats.cc:182) Processed features for key ky_M0000000090_0018
VLOG[2] (compute-plp-feats[5.5.0~1494-e5a5]:main():compute-plp-feats.cc:182) Processed features for key ky_M0000000090_0019
VLOG[2] (compute-plp-feats[5.5.0~1494-e5a5]:main():compute-plp-feats.cc:182) Processed features for key ky_M0000000090_0020
VLOG[2] (compute-plp-feats[5.5.0~1494-e5a5]:main():compute-plp-feats.cc:182) Processed features for key ky_M0000000090_0021
VLOG[2] (compute-plp-feats[5.5.0~1494-e5a5]:main():compute-plp-feats.cc:182) Processed features for key ky_M0000000090_0022
VLOG[2] (compute-plp-feats[5.5.0~1494-e5a5]:main():compute-plp-feats.cc:182) Processed features for key ky_M0000000090_0023
VLOG[2] (compute-plp-feats[5.5.0~1494-e5a5]:main():compute-plp-feats.cc:182) Processed features for key ky_M0000000090_0024
VLOG[2] (compute-plp-feats[5.5.0~1494-e5a5]:main():compute-plp-feats.cc:182) Processed features for key ky_M0000000090_0025
VLOG[2] (compute-plp-feats[5.5.0~1494-e5a5]:main():compute-plp-feats.cc:182) Processed features for key ky_M0000000090_0026
LOG (compute-plp-feats[5.5.0~1494-e5a5]:main():compute-plp-feats.cc:181) Processed 60 utterances
VLOG[2] (compute-plp-feats[5.5.0~1494-e5a5]:main():compute-plp-feats.cc:182) Processed features for key ky_M0000000090_0027
VLOG[2] (compute-plp-feats[5.5.0~1494-e5a5]:main():compute-plp-feats.cc:182) Processed features for key ky_M0000000090_0028
VLOG[2] (compute-plp-feats[5.5.0~1494-e5a5]:main():compute-plp-feats.cc:182) Processed features for key ky_M0000000090_0029
VLOG[2] (compute-plp-feats[5.5.0~1494-e5a5]:main():compute-plp-feats.cc:182) Processed features for key ky_M0000000090_0030
VLOG[2] (compute-plp-feats[5.5.0~1494-e5a5]:main():compute-plp-feats.cc:182) Processed features for key ky_M0000000090_0031
VLOG[2] (compute-plp-feats[5.5.0~1494-e5a5]:main():compute-plp-feats.cc:182) Processed features for key ky_M0000000090_0032
VLOG[2] (compute-plp-feats[5.5.0~1494-e5a5]:main():compute-plp-feats.cc:182) Processed features for key ky_M0000000090_0033
VLOG[2] (compute-plp-feats[5.5.0~1494-e5a5]:main():compute-plp-feats.cc:182) Processed features for key ky_M0000000090_0034
VLOG[2] (compute-plp-feats[5.5.0~1494-e5a5]:main():compute-plp-feats.cc:182) Processed features for key ky_M0000000090_0035
VLOG[2] (compute-plp-feats[5.5.0~1494-e5a5]:main():compute-plp-feats.cc:182) Processed features for key ky_M0000000090_0036
LOG (compute-plp-feats[5.5.0~1494-e5a5]:main():compute-plp-feats.cc:181) Processed 70 utterances
VLOG[2] (compute-plp-feats[5.5.0~1494-e5a5]:main():compute-plp-feats.cc:182) Processed features for key ky_M0000000090_0037
VLOG[2] (compute-plp-feats[5.5.0~1494-e5a5]:main():compute-plp-feats.cc:182) Processed features for key ky_M0000000090_0038
VLOG[2] (compute-plp-feats[5.5.0~1494-e5a5]:main():compute-plp-feats.cc:182) Processed features for key ky_M0000000090_0039
VLOG[2] (compute-plp-feats[5.5.0~1494-e5a5]:main():compute-plp-feats.cc:182) Processed features for key ky_M0000000090_0040
VLOG[2] (compute-plp-feats[5.5.0~1494-e5a5]:main():compute-plp-feats.cc:182) Processed features for key ky_M0000000090_0041
VLOG[2] (compute-plp-feats[5.5.0~1494-e5a5]:main():compute-plp-feats.cc:182) Processed features for key ky_M0000000090_0042
VLOG[2] (compute-plp-feats[5.5.0~1494-e5a5]:main():compute-plp-feats.cc:182) Processed features for key ky_M0000000090_0043
VLOG[2] (compute-plp-feats[5.5.0~1494-e5a5]:main():compute-plp-feats.cc:182) Processed features for key ky_M0000000090_0044
VLOG[2] (compute-plp-feats[5.5.0~1494-e5a5]:main():compute-plp-feats.cc:182) Processed features for key ky_M0000000090_0045
VLOG[2] (compute-plp-feats[5.5.0~1494-e5a5]:main():compute-plp-feats.cc:182) Processed features for key ky_M0000000090_0046
LOG (compute-plp-feats[5.5.0~1494-e5a5]:main():compute-plp-feats.cc:181) Processed 80 utterances
VLOG[2] (compute-plp-feats[5.5.0~1494-e5a5]:main():compute-plp-feats.cc:182) Processed features for key ky_M0000000090_0047
VLOG[2] (compute-plp-feats[5.5.0~1494-e5a5]:main():compute-plp-feats.cc:182) Processed features for key ky_M0000000090_0048
VLOG[2] (compute-plp-feats[5.5.0~1494-e5a5]:main():compute-plp-feats.cc:182) Processed features for key ky_M0000000090_0049
VLOG[2] (compute-plp-feats[5.5.0~1494-e5a5]:main():compute-plp-feats.cc:182) Processed features for key ky_M0000000090_0050
VLOG[2] (compute-plp-feats[5.5.0~1494-e5a5]:main():compute-plp-feats.cc:182) Processed features for key ky_M0000000090_0051
VLOG[2] (compute-plp-feats[5.5.0~1494-e5a5]:main():compute-plp-feats.cc:182) Processed features for key ky_M0000000090_0052
VLOG[2] (compute-plp-feats[5.5.0~1494-e5a5]:main():compute-plp-feats.cc:182) Processed features for key ky_M0000000090_0053
VLOG[2] (compute-plp-feats[5.5.0~1494-e5a5]:main():compute-plp-feats.cc:182) Processed features for key ky_M0000000090_0054
VLOG[2] (compute-plp-feats[5.5.0~1494-e5a5]:main():compute-plp-feats.cc:182) Processed features for key ky_M0000000090_0055
VLOG[2] (compute-plp-feats[5.5.0~1494-e5a5]:main():compute-plp-feats.cc:182) Processed features for key ky_M0000000090_0056
LOG (compute-plp-feats[5.5.0~1494-e5a5]:main():compute-plp-feats.cc:181) Processed 90 utterances
VLOG[2] (compute-plp-feats[5.5.0~1494-e5a5]:main():compute-plp-feats.cc:182) Processed features for key ky_M0000000090_0057
VLOG[2] (compute-plp-feats[5.5.0~1494-e5a5]:main():compute-plp-feats.cc:182) Processed features for key ky_M0000000090_0058
VLOG[2] (compute-plp-feats[5.5.0~1494-e5a5]:main():compute-plp-feats.cc:182) Processed features for key ky_M0000000090_0059
VLOG[2] (compute-plp-feats[5.5.0~1494-e5a5]:main():compute-plp-feats.cc:182) Processed features for key ky_M0000000090_0060
VLOG[2] (compute-plp-feats[5.5.0~1494-e5a5]:main():compute-plp-feats.cc:182) Processed features for key ky_M0000000090_0061
VLOG[2] (compute-plp-feats[5.5.0~1494-e5a5]:main():compute-plp-feats.cc:182) Processed features for key ky_M0000000090_0062
VLOG[2] (compute-plp-feats[5.5.0~1494-e5a5]:main():compute-plp-feats.cc:182) Processed features for key ky_M0000000090_0063
VLOG[2] (compute-plp-feats[5.5.0~1494-e5a5]:main():compute-plp-feats.cc:182) Processed features for key ky_M0000000090_0064
VLOG[2] (compute-plp-feats[5.5.0~1494-e5a5]:main():compute-plp-feats.cc:182) Processed features for key ky_M0000000090_0065
VLOG[2] (compute-plp-feats[5.5.0~1494-e5a5]:main():compute-plp-feats.cc:182) Processed features for key ky_M0000000090_0066
LOG (compute-plp-feats[5.5.0~1494-e5a5]:main():compute-plp-feats.cc:181) Processed 100 utterances
VLOG[2] (compute-plp-feats[5.5.0~1494-e5a5]:main():compute-plp-feats.cc:182) Processed features for key ky_M0000000090_0067
VLOG[2] (compute-plp-feats[5.5.0~1494-e5a5]:main():compute-plp-feats.cc:182) Processed features for key ky_M0000000090_0068
VLOG[2] (compute-plp-feats[5.5.0~1494-e5a5]:main():compute-plp-feats.cc:182) Processed features for key ky_M0000000090_0069
VLOG[2] (compute-plp-feats[5.5.0~1494-e5a5]:main():compute-plp-feats.cc:182) Processed features for key ky_M0000000090_0070
VLOG[2] (compute-plp-feats[5.5.0~1494-e5a5]:main():compute-plp-feats.cc:182) Processed features for key ky_M0000000090_0071
VLOG[2] (compute-plp-feats[5.5.0~1494-e5a5]:main():compute-plp-feats.cc:182) Processed features for key ky_M0000000090_0072
VLOG[2] (compute-plp-feats[5.5.0~1494-e5a5]:main():compute-plp-feats.cc:182) Processed features for key ky_M0000000090_0073
VLOG[2] (compute-plp-feats[5.5.0~1494-e5a5]:main():compute-plp-feats.cc:182) Processed features for key ky_M0000000090_0074
VLOG[2] (compute-plp-feats[5.5.0~1494-e5a5]:main():compute-plp-feats.cc:182) Processed features for key ky_M0000000090_0075
VLOG[2] (compute-plp-feats[5.5.0~1494-e5a5]:main():compute-plp-feats.cc:182) Processed features for key ky_M0000000090_0076
LOG (compute-plp-feats[5.5.0~1494-e5a5]:main():compute-plp-feats.cc:181) Processed 110 utterances
VLOG[2] (compute-plp-feats[5.5.0~1494-e5a5]:main():compute-plp-feats.cc:182) Processed features for key ky_M0000000090_0077
VLOG[2] (compute-plp-feats[5.5.0~1494-e5a5]:main():compute-plp-feats.cc:182) Processed features for key ky_M0000000090_0078
VLOG[2] (compute-plp-feats[5.5.0~1494-e5a5]:main():compute-plp-feats.cc:182) Processed features for key ky_M0000000090_0079
VLOG[2] (compute-plp-feats[5.5.0~1494-e5a5]:main():compute-plp-feats.cc:182) Processed features for key ky_M0000000090_0080
VLOG[2] (compute-plp-feats[5.5.0~1494-e5a5]:main():compute-plp-feats.cc:182) Processed features for key ky_M0000000090_0081
VLOG[2] (compute-plp-feats[5.5.0~1494-e5a5]:main():compute-plp-feats.cc:182) Processed features for key ky_M0000000090_0082
VLOG[2] (compute-plp-feats[5.5.0~1494-e5a5]:main():compute-plp-feats.cc:182) Processed features for key ky_M0000000090_0083
VLOG[2] (compute-plp-feats[5.5.0~1494-e5a5]:main():compute-plp-feats.cc:182) Processed features for key ky_M0000000090_0084
VLOG[2] (compute-plp-feats[5.5.0~1494-e5a5]:main():compute-plp-feats.cc:182) Processed features for key ky_M0000000090_0085
VLOG[2] (compute-plp-feats[5.5.0~1494-e5a5]:main():compute-plp-feats.cc:182) Processed features for key ky_M0000000090_0086
LOG (compute-plp-feats[5.5.0~1494-e5a5]:main():compute-plp-feats.cc:181) Processed 120 utterances
VLOG[2] (compute-plp-feats[5.5.0~1494-e5a5]:main():compute-plp-feats.cc:182) Processed features for key ky_M0000000090_0087
VLOG[2] (compute-plp-feats[5.5.0~1494-e5a5]:main():compute-plp-feats.cc:182) Processed features for key ky_M0000000090_0088
VLOG[2] (compute-plp-feats[5.5.0~1494-e5a5]:main():compute-plp-feats.cc:182) Processed features for key ky_M0000000090_0089
VLOG[2] (compute-plp-feats[5.5.0~1494-e5a5]:main():compute-plp-feats.cc:182) Processed features for key ky_M0000000090_0090
VLOG[2] (compute-plp-feats[5.5.0~1494-e5a5]:main():compute-plp-feats.cc:182) Processed features for key ky_M0000000090_0091
VLOG[2] (compute-plp-feats[5.5.0~1494-e5a5]:main():compute-plp-feats.cc:182) Processed features for key ky_M0000000090_0092
VLOG[2] (compute-plp-feats[5.5.0~1494-e5a5]:main():compute-plp-feats.cc:182) Processed features for key ky_M0000000090_0093
VLOG[2] (compute-plp-feats[5.5.0~1494-e5a5]:main():compute-plp-feats.cc:182) Processed features for key ky_M0000000090_0094
VLOG[2] (compute-plp-feats[5.5.0~1494-e5a5]:main():compute-plp-feats.cc:182) Processed features for key ky_M0000000090_0095
VLOG[2] (compute-plp-feats[5.5.0~1494-e5a5]:main():compute-plp-feats.cc:182) Processed features for key ky_M0000000090_0096
LOG (compute-plp-feats[5.5.0~1494-e5a5]:main():compute-plp-feats.cc:181) Processed 130 utterances
VLOG[2] (compute-plp-feats[5.5.0~1494-e5a5]:main():compute-plp-feats.cc:182) Processed features for key ky_M0000000090_0097
VLOG[2] (compute-plp-feats[5.5.0~1494-e5a5]:main():compute-plp-feats.cc:182) Processed features for key ky_M0000000090_0098
VLOG[2] (compute-plp-feats[5.5.0~1494-e5a5]:main():compute-plp-feats.cc:182) Processed features for key ky_M0000000090_0099
VLOG[2] (compute-plp-feats[5.5.0~1494-e5a5]:main():compute-plp-feats.cc:182) Processed features for key ky_M0000000090_0100
VLOG[2] (compute-plp-feats[5.5.0~1494-e5a5]:main():compute-plp-feats.cc:182) Processed features for key ky_M0000000090_0101
VLOG[2] (compute-plp-feats[5.5.0~1494-e5a5]:main():compute-plp-feats.cc:182) Processed features for key ky_M0000000090_0102
VLOG[2] (compute-plp-feats[5.5.0~1494-e5a5]:main():compute-plp-feats.cc:182) Processed features for key ky_M0000000090_0103
VLOG[2] (compute-plp-feats[5.5.0~1494-e5a5]:main():compute-plp-feats.cc:182) Processed features for key ky_M0000000090_0104
VLOG[2] (compute-plp-feats[5.5.0~1494-e5a5]:main():compute-plp-feats.cc:182) Processed features for key ky_M0000000090_0105
VLOG[2] (compute-plp-feats[5.5.0~1494-e5a5]:main():compute-plp-feats.cc:182) Processed features for key ky_M0000000090_0106
LOG (compute-plp-feats[5.5.0~1494-e5a5]:main():compute-plp-feats.cc:181) Processed 140 utterances
VLOG[2] (compute-plp-feats[5.5.0~1494-e5a5]:main():compute-plp-feats.cc:182) Processed features for key ky_M0000000104_0000
VLOG[2] (compute-plp-feats[5.5.0~1494-e5a5]:main():compute-plp-feats.cc:182) Processed features for key ky_M0000000104_0001
VLOG[2] (compute-plp-feats[5.5.0~1494-e5a5]:main():compute-plp-feats.cc:182) Processed features for key ky_M0000000104_0002
VLOG[2] (compute-plp-feats[5.5.0~1494-e5a5]:main():compute-plp-feats.cc:182) Processed features for key ky_M0000000104_0003
VLOG[2] (compute-plp-feats[5.5.0~1494-e5a5]:main():compute-plp-feats.cc:182) Processed features for key ky_M0000000104_0004
VLOG[2] (compute-plp-feats[5.5.0~1494-e5a5]:main():compute-plp-feats.cc:182) Processed features for key ky_M0000000104_0005
VLOG[2] (compute-plp-feats[5.5.0~1494-e5a5]:main():compute-plp-feats.cc:182) Processed features for key ky_M0000000104_0006
VLOG[2] (compute-plp-feats[5.5.0~1494-e5a5]:main():compute-plp-feats.cc:182) Processed features for key ky_M0000000104_0007
VLOG[2] (compute-plp-feats[5.5.0~1494-e5a5]:main():compute-plp-feats.cc:182) Processed features for key ky_M0000000104_0008
VLOG[2] (compute-plp-feats[5.5.0~1494-e5a5]:main():compute-plp-feats.cc:182) Processed features for key ky_M0000000104_0009
LOG (compute-plp-feats[5.5.0~1494-e5a5]:main():compute-plp-feats.cc:181) Processed 150 utterances
VLOG[2] (compute-plp-feats[5.5.0~1494-e5a5]:main():compute-plp-feats.cc:182) Processed features for key ky_M0000000104_0010
VLOG[2] (compute-plp-feats[5.5.0~1494-e5a5]:main():compute-plp-feats.cc:182) Processed features for key ky_M0000000104_0011
VLOG[2] (compute-plp-feats[5.5.0~1494-e5a5]:main():compute-plp-feats.cc:182) Processed features for key ky_M0000000104_0012
VLOG[2] (compute-plp-feats[5.5.0~1494-e5a5]:main():compute-plp-feats.cc:182) Processed features for key ky_M0000000104_0013
VLOG[2] (compute-plp-feats[5.5.0~1494-e5a5]:main():compute-plp-feats.cc:182) Processed features for key ky_M0000000104_0014
VLOG[2] (compute-plp-feats[5.5.0~1494-e5a5]:main():compute-plp-feats.cc:182) Processed features for key ky_M0000000104_0015
VLOG[2] (compute-plp-feats[5.5.0~1494-e5a5]:main():compute-plp-feats.cc:182) Processed features for key ky_M0000000104_0016
VLOG[2] (compute-plp-feats[5.5.0~1494-e5a5]:main():compute-plp-feats.cc:182) Processed features for key ky_M0000000104_0017
VLOG[2] (compute-plp-feats[5.5.0~1494-e5a5]:main():compute-plp-feats.cc:182) Processed features for key ky_M0000000104_0018
VLOG[2] (compute-plp-feats[5.5.0~1494-e5a5]:main():compute-plp-feats.cc:182) Processed features for key ky_M0000000104_0019
LOG (compute-plp-feats[5.5.0~1494-e5a5]:main():compute-plp-feats.cc:181) Processed 160 utterances
VLOG[2] (compute-plp-feats[5.5.0~1494-e5a5]:main():compute-plp-feats.cc:182) Processed features for key ky_M0000000104_0020
VLOG[2] (compute-plp-feats[5.5.0~1494-e5a5]:main():compute-plp-feats.cc:182) Processed features for key ky_M0000000104_0021
VLOG[2] (compute-plp-feats[5.5.0~1494-e5a5]:main():compute-plp-feats.cc:182) Processed features for key ky_M0000000104_0022
VLOG[2] (compute-plp-feats[5.5.0~1494-e5a5]:main():compute-plp-feats.cc:182) Processed features for key ky_M0000000104_0023
VLOG[2] (compute-plp-feats[5.5.0~1494-e5a5]:main():compute-plp-feats.cc:182) Processed features for key ky_M0000000104_0024
VLOG[2] (compute-plp-feats[5.5.0~1494-e5a5]:main():compute-plp-feats.cc:182) Processed features for key ky_M0000000104_0025
VLOG[2] (compute-plp-feats[5.5.0~1494-e5a5]:main():compute-plp-feats.cc:182) Processed features for key ky_M0000000104_0026
VLOG[2] (compute-plp-feats[5.5.0~1494-e5a5]:main():compute-plp-feats.cc:182) Processed features for key ky_M0000000104_0027
VLOG[2] (compute-plp-feats[5.5.0~1494-e5a5]:main():compute-plp-feats.cc:182) Processed features for key ky_M0000000104_0028
VLOG[2] (compute-plp-feats[5.5.0~1494-e5a5]:main():compute-plp-feats.cc:182) Processed features for key ky_M0000000104_0029
LOG (compute-plp-feats[5.5.0~1494-e5a5]:main():compute-plp-feats.cc:181) Processed 170 utterances
VLOG[2] (compute-plp-feats[5.5.0~1494-e5a5]:main():compute-plp-feats.cc:182) Processed features for key ky_M0000000104_0030
VLOG[2] (compute-plp-feats[5.5.0~1494-e5a5]:main():compute-plp-feats.cc:182) Processed features for key ky_M0000000104_0031
VLOG[2] (compute-plp-feats[5.5.0~1494-e5a5]:main():compute-plp-feats.cc:182) Processed features for key ky_M0000000104_0032
VLOG[2] (compute-plp-feats[5.5.0~1494-e5a5]:main():compute-plp-feats.cc:182) Processed features for key ky_M0000000104_0033
VLOG[2] (compute-plp-feats[5.5.0~1494-e5a5]:main():compute-plp-feats.cc:182) Processed features for key ky_M0000000104_0034
VLOG[2] (compute-plp-feats[5.5.0~1494-e5a5]:main():compute-plp-feats.cc:182) Processed features for key ky_M0000000104_0035
VLOG[2] (compute-plp-feats[5.5.0~1494-e5a5]:main():compute-plp-feats.cc:182) Processed features for key ky_M0000000104_0036
VLOG[2] (compute-plp-feats[5.5.0~1494-e5a5]:main():compute-plp-feats.cc:182) Processed features for key ky_M0000000104_0037
VLOG[2] (compute-plp-feats[5.5.0~1494-e5a5]:main():compute-plp-feats.cc:182) Processed features for key ky_M0000000104_0038
VLOG[2] (compute-plp-feats[5.5.0~1494-e5a5]:main():compute-plp-feats.cc:182) Processed features for key ky_M0000000104_0039
LOG (compute-plp-feats[5.5.0~1494-e5a5]:main():compute-plp-feats.cc:181) Processed 180 utterances
VLOG[2] (compute-plp-feats[5.5.0~1494-e5a5]:main():compute-plp-feats.cc:182) Processed features for key ky_M0000000104_0040
VLOG[2] (compute-plp-feats[5.5.0~1494-e5a5]:main():compute-plp-feats.cc:182) Processed features for key ky_M0000000104_0041
VLOG[2] (compute-plp-feats[5.5.0~1494-e5a5]:main():compute-plp-feats.cc:182) Processed features for key ky_M0000000104_0042
VLOG[2] (compute-plp-feats[5.5.0~1494-e5a5]:main():compute-plp-feats.cc:182) Processed features for key ky_M0000000104_0043
VLOG[2] (compute-plp-feats[5.5.0~1494-e5a5]:main():compute-plp-feats.cc:182) Processed features for key ky_M0000000104_0044
VLOG[2] (compute-plp-feats[5.5.0~1494-e5a5]:main():compute-plp-feats.cc:182) Processed features for key ky_M0000000104_0045
VLOG[2] (compute-plp-feats[5.5.0~1494-e5a5]:main():compute-plp-feats.cc:182) Processed features for key ky_M0000000104_0046
VLOG[2] (compute-plp-feats[5.5.0~1494-e5a5]:main():compute-plp-feats.cc:182) Processed features for key ky_M0000000104_0047
VLOG[2] (compute-plp-feats[5.5.0~1494-e5a5]:main():compute-plp-feats.cc:182) Processed features for key ky_M0000000104_0048
VLOG[2] (compute-plp-feats[5.5.0~1494-e5a5]:main():compute-plp-feats.cc:182) Processed features for key ky_M0000000104_0049
LOG (compute-plp-feats[5.5.0~1494-e5a5]:main():compute-plp-feats.cc:181) Processed 190 utterances
VLOG[2] (compute-plp-feats[5.5.0~1494-e5a5]:main():compute-plp-feats.cc:182) Processed features for key ky_M0000000104_0050
VLOG[2] (compute-plp-feats[5.5.0~1494-e5a5]:main():compute-plp-feats.cc:182) Processed features for key ky_M0000000104_0051
VLOG[2] (compute-plp-feats[5.5.0~1494-e5a5]:main():compute-plp-feats.cc:182) Processed features for key ky_M0000000104_0052
VLOG[2] (compute-plp-feats[5.5.0~1494-e5a5]:main():compute-plp-feats.cc:182) Processed features for key ky_M0000000104_0053
VLOG[2] (compute-plp-feats[5.5.0~1494-e5a5]:main():compute-plp-feats.cc:182) Processed features for key ky_M0000000104_0054
VLOG[2] (compute-plp-feats[5.5.0~1494-e5a5]:main():compute-plp-feats.cc:182) Processed features for key ky_M0000000104_0055
VLOG[2] (compute-plp-feats[5.5.0~1494-e5a5]:main():compute-plp-feats.cc:182) Processed features for key ky_M0000000104_0056
VLOG[2] (compute-plp-feats[5.5.0~1494-e5a5]:main():compute-plp-feats.cc:182) Processed features for key ky_M0000000104_0057
VLOG[2] (compute-plp-feats[5.5.0~1494-e5a5]:main():compute-plp-feats.cc:182) Processed features for key ky_M0000000104_0058
VLOG[2] (compute-plp-feats[5.5.0~1494-e5a5]:main():compute-plp-feats.cc:182) Processed features for key ky_M0000000104_0059
LOG (compute-plp-feats[5.5.0~1494-e5a5]:main():compute-plp-feats.cc:181) Processed 200 utterances
VLOG[2] (compute-plp-feats[5.5.0~1494-e5a5]:main():compute-plp-feats.cc:182) Processed features for key ky_M0000000104_0060
VLOG[2] (compute-plp-feats[5.5.0~1494-e5a5]:main():compute-plp-feats.cc:182) Processed features for key ky_M0000000104_0061
VLOG[2] (compute-plp-feats[5.5.0~1494-e5a5]:main():compute-plp-feats.cc:182) Processed features for key ky_M0000000104_0062
VLOG[2] (compute-plp-feats[5.5.0~1494-e5a5]:main():compute-plp-feats.cc:182) Processed features for key ky_M0000000104_0063
VLOG[2] (compute-plp-feats[5.5.0~1494-e5a5]:main():compute-plp-feats.cc:182) Processed features for key ky_M0000000104_0064
VLOG[2] (compute-plp-feats[5.5.0~1494-e5a5]:main():compute-plp-feats.cc:182) Processed features for key ky_M0000000104_0065
VLOG[2] (compute-plp-feats[5.5.0~1494-e5a5]:main():compute-plp-feats.cc:182) Processed features for key ky_M0000000104_0066
VLOG[2] (compute-plp-feats[5.5.0~1494-e5a5]:main():compute-plp-feats.cc:182) Processed features for key ky_M0000000104_0067
VLOG[2] (compute-plp-feats[5.5.0~1494-e5a5]:main():compute-plp-feats.cc:182) Processed features for key ky_M0000000104_0068
VLOG[2] (compute-plp-feats[5.5.0~1494-e5a5]:main():compute-plp-feats.cc:182) Processed features for key ky_M0000000104_0069
LOG (compute-plp-feats[5.5.0~1494-e5a5]:main():compute-plp-feats.cc:181) Processed 210 utterances
VLOG[2] (compute-plp-feats[5.5.0~1494-e5a5]:main():compute-plp-feats.cc:182) Processed features for key ky_M0000000104_0070
VLOG[2] (compute-plp-feats[5.5.0~1494-e5a5]:main():compute-plp-feats.cc:182) Processed features for key ky_M0000000104_0071
VLOG[2] (compute-plp-feats[5.5.0~1494-e5a5]:main():compute-plp-feats.cc:182) Processed features for key ky_M0000000104_0072
VLOG[2] (compute-plp-feats[5.5.0~1494-e5a5]:main():compute-plp-feats.cc:182) Processed features for key ky_M0000000104_0073
VLOG[2] (compute-plp-feats[5.5.0~1494-e5a5]:main():compute-plp-feats.cc:182) Processed features for key ky_M0000000104_0074
VLOG[2] (compute-plp-feats[5.5.0~1494-e5a5]:main():compute-plp-feats.cc:182) Processed features for key ky_M0000000104_0075
VLOG[2] (compute-plp-feats[5.5.0~1494-e5a5]:main():compute-plp-feats.cc:182) Processed features for key ky_M0000000104_0076
VLOG[2] (compute-plp-feats[5.5.0~1494-e5a5]:main():compute-plp-feats.cc:182) Processed features for key ky_M0000000104_0077
VLOG[2] (compute-plp-feats[5.5.0~1494-e5a5]:main():compute-plp-feats.cc:182) Processed features for key ky_M0000000104_0078
VLOG[2] (compute-plp-feats[5.5.0~1494-e5a5]:main():compute-plp-feats.cc:182) Processed features for key ky_M0000000104_0079
LOG (compute-plp-feats[5.5.0~1494-e5a5]:main():compute-plp-feats.cc:181) Processed 220 utterances
VLOG[2] (compute-plp-feats[5.5.0~1494-e5a5]:main():compute-plp-feats.cc:182) Processed features for key ky_M0000000104_0080
VLOG[2] (compute-plp-feats[5.5.0~1494-e5a5]:main():compute-plp-feats.cc:182) Processed features for key ky_M0000000104_0081
VLOG[2] (compute-plp-feats[5.5.0~1494-e5a5]:main():compute-plp-feats.cc:182) Processed features for key ky_M0000000104_0082
VLOG[2] (compute-plp-feats[5.5.0~1494-e5a5]:main():compute-plp-feats.cc:182) Processed features for key ky_M0000000104_0083
VLOG[2] (compute-plp-feats[5.5.0~1494-e5a5]:main():compute-plp-feats.cc:182) Processed features for key ky_M0000000104_0084
VLOG[2] (compute-plp-feats[5.5.0~1494-e5a5]:main():compute-plp-feats.cc:182) Processed features for key ky_M0000000104_0085
VLOG[2] (compute-plp-feats[5.5.0~1494-e5a5]:main():compute-plp-feats.cc:182) Processed features for key ky_M0000000104_0086
VLOG[2] (compute-plp-feats[5.5.0~1494-e5a5]:main():compute-plp-feats.cc:182) Processed features for key ky_M0000000104_0087
VLOG[2] (compute-plp-feats[5.5.0~1494-e5a5]:main():compute-plp-feats.cc:182) Processed features for key ky_M0000000104_0088
VLOG[2] (compute-plp-feats[5.5.0~1494-e5a5]:main():compute-plp-feats.cc:182) Processed features for key ky_M0000000104_0089
LOG (compute-plp-feats[5.5.0~1494-e5a5]:main():compute-plp-feats.cc:181) Processed 230 utterances
VLOG[2] (compute-plp-feats[5.5.0~1494-e5a5]:main():compute-plp-feats.cc:182) Processed features for key ky_M0000000104_0090
VLOG[2] (compute-plp-feats[5.5.0~1494-e5a5]:main():compute-plp-feats.cc:182) Processed features for key ky_M0000000104_0091
VLOG[2] (compute-plp-feats[5.5.0~1494-e5a5]:main():compute-plp-feats.cc:182) Processed features for key ky_M0000000104_0092
VLOG[2] (compute-plp-feats[5.5.0~1494-e5a5]:main():compute-plp-feats.cc:182) Processed features for key ky_M0000000104_0093
VLOG[2] (compute-plp-feats[5.5.0~1494-e5a5]:main():compute-plp-feats.cc:182) Processed features for key ky_M0000000104_0094
VLOG[2] (compute-plp-feats[5.5.0~1494-e5a5]:main():compute-plp-feats.cc:182) Processed features for key ky_M0000000104_0095
VLOG[2] (compute-plp-feats[5.5.0~1494-e5a5]:main():compute-plp-feats.cc:182) Processed features for key ky_M0000000104_0096
VLOG[2] (compute-plp-feats[5.5.0~1494-e5a5]:main():compute-plp-feats.cc:182) Processed features for key ky_M0000000104_0097
VLOG[2] (compute-plp-feats[5.5.0~1494-e5a5]:main():compute-plp-feats.cc:182) Processed features for key ky_M0000000104_0098
VLOG[2] (compute-plp-feats[5.5.0~1494-e5a5]:main():compute-plp-feats.cc:182) Processed features for key ky_M0000000104_0099
LOG (compute-plp-feats[5.5.0~1494-e5a5]:main():compute-plp-feats.cc:181) Processed 240 utterances
VLOG[2] (compute-plp-feats[5.5.0~1494-e5a5]:main():compute-plp-feats.cc:182) Processed features for key ky_M0000000104_0100
VLOG[2] (compute-plp-feats[5.5.0~1494-e5a5]:main():compute-plp-feats.cc:182) Processed features for key ky_M0000000104_0101
VLOG[2] (compute-plp-feats[5.5.0~1494-e5a5]:main():compute-plp-feats.cc:182) Processed features for key ky_M0000000104_0102
VLOG[2] (compute-plp-feats[5.5.0~1494-e5a5]:main():compute-plp-feats.cc:182) Processed features for key ky_M0000000104_0103
VLOG[2] (compute-plp-feats[5.5.0~1494-e5a5]:main():compute-plp-feats.cc:182) Processed features for key ky_M0000000104_0104
VLOG[2] (compute-plp-feats[5.5.0~1494-e5a5]:main():compute-plp-feats.cc:182) Processed features for key ky_M0000000104_0105
VLOG[2] (compute-plp-feats[5.5.0~1494-e5a5]:main():compute-plp-feats.cc:182) Processed features for key ky_M0000000104_0106
VLOG[2] (compute-plp-feats[5.5.0~1494-e5a5]:main():compute-plp-feats.cc:182) Processed features for key ky_M0000000109_0000
VLOG[2] (compute-plp-feats[5.5.0~1494-e5a5]:main():compute-plp-feats.cc:182) Processed features for key ky_M0000000109_0001
VLOG[2] (compute-plp-feats[5.5.0~1494-e5a5]:main():compute-plp-feats.cc:182) Processed features for key ky_M0000000109_0002
LOG (compute-plp-feats[5.5.0~1494-e5a5]:main():compute-plp-feats.cc:181) Processed 250 utterances
VLOG[2] (compute-plp-feats[5.5.0~1494-e5a5]:main():compute-plp-feats.cc:182) Processed features for key ky_M0000000109_0003
VLOG[2] (compute-plp-feats[5.5.0~1494-e5a5]:main():compute-plp-feats.cc:182) Processed features for key ky_M0000000109_0004
VLOG[2] (compute-plp-feats[5.5.0~1494-e5a5]:main():compute-plp-feats.cc:182) Processed features for key ky_M0000000109_0005
VLOG[2] (compute-plp-feats[5.5.0~1494-e5a5]:main():compute-plp-feats.cc:182) Processed features for key ky_M0000000109_0006
VLOG[2] (compute-plp-feats[5.5.0~1494-e5a5]:main():compute-plp-feats.cc:182) Processed features for key ky_M0000000109_0007
VLOG[2] (compute-plp-feats[5.5.0~1494-e5a5]:main():compute-plp-feats.cc:182) Processed features for key ky_M0000000109_0008
VLOG[2] (compute-plp-feats[5.5.0~1494-e5a5]:main():compute-plp-feats.cc:182) Processed features for key ky_M0000000109_0009
VLOG[2] (compute-plp-feats[5.5.0~1494-e5a5]:main():compute-plp-feats.cc:182) Processed features for key ky_M0000000109_0010
VLOG[2] (compute-plp-feats[5.5.0~1494-e5a5]:main():compute-plp-feats.cc:182) Processed features for key ky_M0000000109_0011
VLOG[2] (compute-plp-feats[5.5.0~1494-e5a5]:main():compute-plp-feats.cc:182) Processed features for key ky_M0000000109_0012
LOG (compute-plp-feats[5.5.0~1494-e5a5]:main():compute-plp-feats.cc:181) Processed 260 utterances
VLOG[2] (compute-plp-feats[5.5.0~1494-e5a5]:main():compute-plp-feats.cc:182) Processed features for key ky_M0000000109_0013
VLOG[2] (compute-plp-feats[5.5.0~1494-e5a5]:main():compute-plp-feats.cc:182) Processed features for key ky_M0000000109_0014
VLOG[2] (compute-plp-feats[5.5.0~1494-e5a5]:main():compute-plp-feats.cc:182) Processed features for key ky_M0000000109_0015
VLOG[2] (compute-plp-feats[5.5.0~1494-e5a5]:main():compute-plp-feats.cc:182) Processed features for key ky_M0000000109_0016
VLOG[2] (compute-plp-feats[5.5.0~1494-e5a5]:main():compute-plp-feats.cc:182) Processed features for key ky_M0000000109_0017
VLOG[2] (compute-plp-feats[5.5.0~1494-e5a5]:main():compute-plp-feats.cc:182) Processed features for key ky_M0000000109_0018
VLOG[2] (compute-plp-feats[5.5.0~1494-e5a5]:main():compute-plp-feats.cc:182) Processed features for key ky_M0000000109_0019
VLOG[2] (compute-plp-feats[5.5.0~1494-e5a5]:main():compute-plp-feats.cc:182) Processed features for key ky_M0000000109_0020
VLOG[2] (compute-plp-feats[5.5.0~1494-e5a5]:main():compute-plp-feats.cc:182) Processed features for key ky_M0000000109_0021
VLOG[2] (compute-plp-feats[5.5.0~1494-e5a5]:main():compute-plp-feats.cc:182) Processed features for key ky_M0000000109_0022
LOG (compute-plp-feats[5.5.0~1494-e5a5]:main():compute-plp-feats.cc:181) Processed 270 utterances
VLOG[2] (compute-plp-feats[5.5.0~1494-e5a5]:main():compute-plp-feats.cc:182) Processed features for key ky_M0000000109_0023
VLOG[2] (compute-plp-feats[5.5.0~1494-e5a5]:main():compute-plp-feats.cc:182) Processed features for key ky_M0000000109_0024
VLOG[2] (compute-plp-feats[5.5.0~1494-e5a5]:main():compute-plp-feats.cc:182) Processed features for key ky_M0000000109_0025
VLOG[2] (compute-plp-feats[5.5.0~1494-e5a5]:main():compute-plp-feats.cc:182) Processed features for key ky_M0000000109_0026
VLOG[2] (compute-plp-feats[5.5.0~1494-e5a5]:main():compute-plp-feats.cc:182) Processed features for key ky_M0000000109_0027
VLOG[2] (compute-plp-feats[5.5.0~1494-e5a5]:main():compute-plp-feats.cc:182) Processed features for key ky_M0000000109_0028
VLOG[2] (compute-plp-feats[5.5.0~1494-e5a5]:main():compute-plp-feats.cc:182) Processed features for key ky_M0000000109_0029
VLOG[2] (compute-plp-feats[5.5.0~1494-e5a5]:main():compute-plp-feats.cc:182) Processed features for key ky_M0000000109_0030
VLOG[2] (compute-plp-feats[5.5.0~1494-e5a5]:main():compute-plp-feats.cc:182) Processed features for key ky_M0000000109_0031
VLOG[2] (compute-plp-feats[5.5.0~1494-e5a5]:main():compute-plp-feats.cc:182) Processed features for key ky_M0000000109_0032
LOG (compute-plp-feats[5.5.0~1494-e5a5]:main():compute-plp-feats.cc:181) Processed 280 utterances
VLOG[2] (compute-plp-feats[5.5.0~1494-e5a5]:main():compute-plp-feats.cc:182) Processed features for key ky_M0000000109_0033
VLOG[2] (compute-plp-feats[5.5.0~1494-e5a5]:main():compute-plp-feats.cc:182) Processed features for key ky_M0000000109_0034
VLOG[2] (compute-plp-feats[5.5.0~1494-e5a5]:main():compute-plp-feats.cc:182) Processed features for key ky_M0000000109_0035
VLOG[2] (compute-plp-feats[5.5.0~1494-e5a5]:main():compute-plp-feats.cc:182) Processed features for key ky_M0000000109_0036
VLOG[2] (compute-plp-feats[5.5.0~1494-e5a5]:main():compute-plp-feats.cc:182) Processed features for key ky_M0000000109_0037
VLOG[2] (compute-plp-feats[5.5.0~1494-e5a5]:main():compute-plp-feats.cc:182) Processed features for key ky_M0000000109_0038
VLOG[2] (compute-plp-feats[5.5.0~1494-e5a5]:main():compute-plp-feats.cc:182) Processed features for key ky_M0000000109_0039
VLOG[2] (compute-plp-feats[5.5.0~1494-e5a5]:main():compute-plp-feats.cc:182) Processed features for key ky_M0000000109_0040
VLOG[2] (compute-plp-feats[5.5.0~1494-e5a5]:main():compute-plp-feats.cc:182) Processed features for key ky_M0000000109_0041
VLOG[2] (compute-plp-feats[5.5.0~1494-e5a5]:main():compute-plp-feats.cc:182) Processed features for key ky_M0000000109_0042
LOG (compute-plp-feats[5.5.0~1494-e5a5]:main():compute-plp-feats.cc:181) Processed 290 utterances
VLOG[2] (compute-plp-feats[5.5.0~1494-e5a5]:main():compute-plp-feats.cc:182) Processed features for key ky_M0000000109_0043
VLOG[2] (compute-plp-feats[5.5.0~1494-e5a5]:main():compute-plp-feats.cc:182) Processed features for key ky_M0000000109_0044
VLOG[2] (compute-plp-feats[5.5.0~1494-e5a5]:main():compute-plp-feats.cc:182) Processed features for key ky_M0000000109_0045
VLOG[2] (compute-plp-feats[5.5.0~1494-e5a5]:main():compute-plp-feats.cc:182) Processed features for key ky_M0000000109_0046
VLOG[2] (compute-plp-feats[5.5.0~1494-e5a5]:main():compute-plp-feats.cc:182) Processed features for key ky_M0000000109_0047
VLOG[2] (compute-plp-feats[5.5.0~1494-e5a5]:main():compute-plp-feats.cc:182) Processed features for key ky_M0000000109_0048
VLOG[2] (compute-plp-feats[5.5.0~1494-e5a5]:main():compute-plp-feats.cc:182) Processed features for key ky_M0000000109_0049
VLOG[2] (compute-plp-feats[5.5.0~1494-e5a5]:main():compute-plp-feats.cc:182) Processed features for key ky_M0000000109_0050
VLOG[2] (compute-plp-feats[5.5.0~1494-e5a5]:main():compute-plp-feats.cc:182) Processed features for key ky_M0000000109_0051
VLOG[2] (compute-plp-feats[5.5.0~1494-e5a5]:main():compute-plp-feats.cc:182) Processed features for key ky_M0000000109_0052
LOG (compute-plp-feats[5.5.0~1494-e5a5]:main():compute-plp-feats.cc:181) Processed 300 utterances
VLOG[2] (compute-plp-feats[5.5.0~1494-e5a5]:main():compute-plp-feats.cc:182) Processed features for key ky_M0000000109_0053
VLOG[2] (compute-plp-feats[5.5.0~1494-e5a5]:main():compute-plp-feats.cc:182) Processed features for key ky_M0000000109_0054
VLOG[2] (compute-plp-feats[5.5.0~1494-e5a5]:main():compute-plp-feats.cc:182) Processed features for key ky_M0000000109_0055
VLOG[2] (compute-plp-feats[5.5.0~1494-e5a5]:main():compute-plp-feats.cc:182) Processed features for key ky_M0000000109_0056
VLOG[2] (compute-plp-feats[5.5.0~1494-e5a5]:main():compute-plp-feats.cc:182) Processed features for key ky_M0000000109_0057
VLOG[2] (compute-plp-feats[5.5.0~1494-e5a5]:main():compute-plp-feats.cc:182) Processed features for key ky_M0000000109_0058
VLOG[2] (compute-plp-feats[5.5.0~1494-e5a5]:main():compute-plp-feats.cc:182) Processed features for key ky_M0000000109_0059
VLOG[2] (compute-plp-feats[5.5.0~1494-e5a5]:main():compute-plp-feats.cc:182) Processed features for key ky_M0000000109_0060
VLOG[2] (compute-plp-feats[5.5.0~1494-e5a5]:main():compute-plp-feats.cc:182) Processed features for key ky_M0000000109_0061
VLOG[2] (compute-plp-feats[5.5.0~1494-e5a5]:main():compute-plp-feats.cc:182) Processed features for key ky_M0000000109_0062
LOG (compute-plp-feats[5.5.0~1494-e5a5]:main():compute-plp-feats.cc:181) Processed 310 utterances
VLOG[2] (compute-plp-feats[5.5.0~1494-e5a5]:main():compute-plp-feats.cc:182) Processed features for key ky_M0000000109_0063
VLOG[2] (compute-plp-feats[5.5.0~1494-e5a5]:main():compute-plp-feats.cc:182) Processed features for key ky_M0000000109_0064
VLOG[2] (compute-plp-feats[5.5.0~1494-e5a5]:main():compute-plp-feats.cc:182) Processed features for key ky_M0000000109_0065
VLOG[2] (compute-plp-feats[5.5.0~1494-e5a5]:main():compute-plp-feats.cc:182) Processed features for key ky_M0000000109_0066
VLOG[2] (compute-plp-feats[5.5.0~1494-e5a5]:main():compute-plp-feats.cc:182) Processed features for key ky_M0000000109_0067
VLOG[2] (compute-plp-feats[5.5.0~1494-e5a5]:main():compute-plp-feats.cc:182) Processed features for key ky_M0000000109_0068
VLOG[2] (compute-plp-feats[5.5.0~1494-e5a5]:main():compute-plp-feats.cc:182) Processed features for key ky_M0000000109_0069
VLOG[2] (compute-plp-feats[5.5.0~1494-e5a5]:main():compute-plp-feats.cc:182) Processed features for key ky_M0000000109_0070
VLOG[2] (compute-plp-feats[5.5.0~1494-e5a5]:main():compute-plp-feats.cc:182) Processed features for key ky_M0000000109_0071
VLOG[2] (compute-plp-feats[5.5.0~1494-e5a5]:main():compute-plp-feats.cc:182) Processed features for key ky_M0000000109_0072
LOG (compute-plp-feats[5.5.0~1494-e5a5]:main():compute-plp-feats.cc:181) Processed 320 utterances
VLOG[2] (compute-plp-feats[5.5.0~1494-e5a5]:main():compute-plp-feats.cc:182) Processed features for key ky_M0000000109_0073
VLOG[2] (compute-plp-feats[5.5.0~1494-e5a5]:main():compute-plp-feats.cc:182) Processed features for key ky_M0000000109_0074
VLOG[2] (compute-plp-feats[5.5.0~1494-e5a5]:main():compute-plp-feats.cc:182) Processed features for key ky_M0000000109_0075
VLOG[2] (compute-plp-feats[5.5.0~1494-e5a5]:main():compute-plp-feats.cc:182) Processed features for key ky_M0000000109_0076
VLOG[2] (compute-plp-feats[5.5.0~1494-e5a5]:main():compute-plp-feats.cc:182) Processed features for key ky_M0000000109_0077
VLOG[2] (compute-plp-feats[5.5.0~1494-e5a5]:main():compute-plp-feats.cc:182) Processed features for key ky_M0000000109_0078
VLOG[2] (compute-plp-feats[5.5.0~1494-e5a5]:main():compute-plp-feats.cc:182) Processed features for key ky_M0000000109_0079
VLOG[2] (compute-plp-feats[5.5.0~1494-e5a5]:main():compute-plp-feats.cc:182) Processed features for key ky_M0000000109_0080
VLOG[2] (compute-plp-feats[5.5.0~1494-e5a5]:main():compute-plp-feats.cc:182) Processed features for key ky_M0000000109_0081
VLOG[2] (compute-plp-feats[5.5.0~1494-e5a5]:main():compute-plp-feats.cc:182) Processed features for key ky_M0000000109_0082
LOG (compute-plp-feats[5.5.0~1494-e5a5]:main():compute-plp-feats.cc:181) Processed 330 utterances
VLOG[2] (compute-plp-feats[5.5.0~1494-e5a5]:main():compute-plp-feats.cc:182) Processed features for key ky_M0000000109_0083
VLOG[2] (compute-plp-feats[5.5.0~1494-e5a5]:main():compute-plp-feats.cc:182) Processed features for key ky_M0000000109_0084
VLOG[2] (compute-plp-feats[5.5.0~1494-e5a5]:main():compute-plp-feats.cc:182) Processed features for key ky_M0000000109_0085
VLOG[2] (compute-plp-feats[5.5.0~1494-e5a5]:main():compute-plp-feats.cc:182) Processed features for key ky_M0000000109_0086
VLOG[2] (compute-plp-feats[5.5.0~1494-e5a5]:main():compute-plp-feats.cc:182) Processed features for key ky_M0000000109_0087
VLOG[2] (compute-plp-feats[5.5.0~1494-e5a5]:main():compute-plp-feats.cc:182) Processed features for key ky_M0000000109_0088
VLOG[2] (compute-plp-feats[5.5.0~1494-e5a5]:main():compute-plp-feats.cc:182) Processed features for key ky_M0000000109_0089
VLOG[2] (compute-plp-feats[5.5.0~1494-e5a5]:main():compute-plp-feats.cc:182) Processed features for key ky_M0000000109_0090
VLOG[2] (compute-plp-feats[5.5.0~1494-e5a5]:main():compute-plp-feats.cc:182) Processed features for key ky_M0000000109_0091
VLOG[2] (compute-plp-feats[5.5.0~1494-e5a5]:main():compute-plp-feats.cc:182) Processed features for key ky_M0000000109_0092
LOG (compute-plp-feats[5.5.0~1494-e5a5]:main():compute-plp-feats.cc:181) Processed 340 utterances
VLOG[2] (compute-plp-feats[5.5.0~1494-e5a5]:main():compute-plp-feats.cc:182) Processed features for key ky_M0000000109_0093
VLOG[2] (compute-plp-feats[5.5.0~1494-e5a5]:main():compute-plp-feats.cc:182) Processed features for key ky_M0000000109_0094
VLOG[2] (compute-plp-feats[5.5.0~1494-e5a5]:main():compute-plp-feats.cc:182) Processed features for key ky_M0000000109_0095
VLOG[2] (compute-plp-feats[5.5.0~1494-e5a5]:main():compute-plp-feats.cc:182) Processed features for key ky_M0000000109_0096
VLOG[2] (compute-plp-feats[5.5.0~1494-e5a5]:main():compute-plp-feats.cc:182) Processed features for key ky_M0000000109_0097
VLOG[2] (compute-plp-feats[5.5.0~1494-e5a5]:main():compute-plp-feats.cc:182) Processed features for key ky_M0000000109_0098
VLOG[2] (compute-plp-feats[5.5.0~1494-e5a5]:main():compute-plp-feats.cc:182) Processed features for key ky_M0000000109_0099
VLOG[2] (compute-plp-feats[5.5.0~1494-e5a5]:main():compute-plp-feats.cc:182) Processed features for key ky_M0000000109_0100
VLOG[2] (compute-plp-feats[5.5.0~1494-e5a5]:main():compute-plp-feats.cc:182) Processed features for key ky_M0000000109_0101
VLOG[2] (compute-plp-feats[5.5.0~1494-e5a5]:main():compute-plp-feats.cc:182) Processed features for key ky_M0000000109_0102
LOG (compute-plp-feats[5.5.0~1494-e5a5]:main():compute-plp-feats.cc:181) Processed 350 utterances
VLOG[2] (compute-plp-feats[5.5.0~1494-e5a5]:main():compute-plp-feats.cc:182) Processed features for key ky_M0000000109_0103
VLOG[2] (compute-plp-feats[5.5.0~1494-e5a5]:main():compute-plp-feats.cc:182) Processed features for key ky_M0000000109_0104
VLOG[2] (compute-plp-feats[5.5.0~1494-e5a5]:main():compute-plp-feats.cc:182) Processed features for key ky_M0000000109_0105
VLOG[2] (compute-plp-feats[5.5.0~1494-e5a5]:main():compute-plp-feats.cc:182) Processed features for key ky_M0000000109_0106
VLOG[2] (compute-plp-feats[5.5.0~1494-e5a5]:main():compute-plp-feats.cc:182) Processed features for key ky_M0000000112_0000
VLOG[2] (compute-plp-feats[5.5.0~1494-e5a5]:main():compute-plp-feats.cc:182) Processed features for key ky_M0000000112_0001
VLOG[2] (compute-plp-feats[5.5.0~1494-e5a5]:main():compute-plp-feats.cc:182) Processed features for key ky_M0000000112_0002
VLOG[2] (compute-plp-feats[5.5.0~1494-e5a5]:main():compute-plp-feats.cc:182) Processed features for key ky_M0000000112_0003
VLOG[2] (compute-plp-feats[5.5.0~1494-e5a5]:main():compute-plp-feats.cc:182) Processed features for key ky_M0000000112_0004
VLOG[2] (compute-plp-feats[5.5.0~1494-e5a5]:main():compute-plp-feats.cc:182) Processed features for key ky_M0000000112_0005
LOG (compute-plp-feats[5.5.0~1494-e5a5]:main():compute-plp-feats.cc:181) Processed 360 utterances
VLOG[2] (compute-plp-feats[5.5.0~1494-e5a5]:main():compute-plp-feats.cc:182) Processed features for key ky_M0000000112_0006
VLOG[2] (compute-plp-feats[5.5.0~1494-e5a5]:main():compute-plp-feats.cc:182) Processed features for key ky_M0000000112_0007
VLOG[2] (compute-plp-feats[5.5.0~1494-e5a5]:main():compute-plp-feats.cc:182) Processed features for key ky_M0000000112_0008
VLOG[2] (compute-plp-feats[5.5.0~1494-e5a5]:main():compute-plp-feats.cc:182) Processed features for key ky_M0000000112_0009
VLOG[2] (compute-plp-feats[5.5.0~1494-e5a5]:main():compute-plp-feats.cc:182) Processed features for key ky_M0000000112_0010
VLOG[2] (compute-plp-feats[5.5.0~1494-e5a5]:main():compute-plp-feats.cc:182) Processed features for key ky_M0000000112_0011
VLOG[2] (compute-plp-feats[5.5.0~1494-e5a5]:main():compute-plp-feats.cc:182) Processed features for key ky_M0000000112_0012
VLOG[2] (compute-plp-feats[5.5.0~1494-e5a5]:main():compute-plp-feats.cc:182) Processed features for key ky_M0000000112_0013
VLOG[2] (compute-plp-feats[5.5.0~1494-e5a5]:main():compute-plp-feats.cc:182) Processed features for key ky_M0000000112_0014
VLOG[2] (compute-plp-feats[5.5.0~1494-e5a5]:main():compute-plp-feats.cc:182) Processed features for key ky_M0000000112_0015
LOG (compute-plp-feats[5.5.0~1494-e5a5]:main():compute-plp-feats.cc:181) Processed 370 utterances
VLOG[2] (compute-plp-feats[5.5.0~1494-e5a5]:main():compute-plp-feats.cc:182) Processed features for key ky_M0000000112_0016
VLOG[2] (compute-plp-feats[5.5.0~1494-e5a5]:main():compute-plp-feats.cc:182) Processed features for key ky_M0000000112_0017
VLOG[2] (compute-plp-feats[5.5.0~1494-e5a5]:main():compute-plp-feats.cc:182) Processed features for key ky_M0000000112_0018
VLOG[2] (compute-plp-feats[5.5.0~1494-e5a5]:main():compute-plp-feats.cc:182) Processed features for key ky_M0000000112_0019
VLOG[2] (compute-plp-feats[5.5.0~1494-e5a5]:main():compute-plp-feats.cc:182) Processed features for key ky_M0000000112_0020
VLOG[2] (compute-plp-feats[5.5.0~1494-e5a5]:main():compute-plp-feats.cc:182) Processed features for key ky_M0000000112_0021
VLOG[2] (compute-plp-feats[5.5.0~1494-e5a5]:main():compute-plp-feats.cc:182) Processed features for key ky_M0000000112_0022
VLOG[2] (compute-plp-feats[5.5.0~1494-e5a5]:main():compute-plp-feats.cc:182) Processed features for key ky_M0000000112_0023
VLOG[2] (compute-plp-feats[5.5.0~1494-e5a5]:main():compute-plp-feats.cc:182) Processed features for key ky_M0000000112_0024
VLOG[2] (compute-plp-feats[5.5.0~1494-e5a5]:main():compute-plp-feats.cc:182) Processed features for key ky_M0000000112_0025
LOG (compute-plp-feats[5.5.0~1494-e5a5]:main():compute-plp-feats.cc:181) Processed 380 utterances
VLOG[2] (compute-plp-feats[5.5.0~1494-e5a5]:main():compute-plp-feats.cc:182) Processed features for key ky_M0000000112_0026
VLOG[2] (compute-plp-feats[5.5.0~1494-e5a5]:main():compute-plp-feats.cc:182) Processed features for key ky_M0000000112_0027
VLOG[2] (compute-plp-feats[5.5.0~1494-e5a5]:main():compute-plp-feats.cc:182) Processed features for key ky_M0000000112_0028
VLOG[2] (compute-plp-feats[5.5.0~1494-e5a5]:main():compute-plp-feats.cc:182) Processed features for key ky_M0000000112_0029
VLOG[2] (compute-plp-feats[5.5.0~1494-e5a5]:main():compute-plp-feats.cc:182) Processed features for key ky_M0000000112_0030
VLOG[2] (compute-plp-feats[5.5.0~1494-e5a5]:main():compute-plp-feats.cc:182) Processed features for key ky_M0000000112_0031
VLOG[2] (compute-plp-feats[5.5.0~1494-e5a5]:main():compute-plp-feats.cc:182) Processed features for key ky_M0000000112_0032
VLOG[2] (compute-plp-feats[5.5.0~1494-e5a5]:main():compute-plp-feats.cc:182) Processed features for key ky_M0000000112_0033
VLOG[2] (compute-plp-feats[5.5.0~1494-e5a5]:main():compute-plp-feats.cc:182) Processed features for key ky_M0000000112_0034
VLOG[2] (compute-plp-feats[5.5.0~1494-e5a5]:main():compute-plp-feats.cc:182) Processed features for key ky_M0000000112_0035
LOG (compute-plp-feats[5.5.0~1494-e5a5]:main():compute-plp-feats.cc:181) Processed 390 utterances
VLOG[2] (compute-plp-feats[5.5.0~1494-e5a5]:main():compute-plp-feats.cc:182) Processed features for key ky_M0000000112_0036
VLOG[2] (compute-plp-feats[5.5.0~1494-e5a5]:main():compute-plp-feats.cc:182) Processed features for key ky_M0000000112_0037
VLOG[2] (compute-plp-feats[5.5.0~1494-e5a5]:main():compute-plp-feats.cc:182) Processed features for key ky_M0000000112_0038
VLOG[2] (compute-plp-feats[5.5.0~1494-e5a5]:main():compute-plp-feats.cc:182) Processed features for key ky_M0000000112_0039
VLOG[2] (compute-plp-feats[5.5.0~1494-e5a5]:main():compute-plp-feats.cc:182) Processed features for key ky_M0000000112_0040
VLOG[2] (compute-plp-feats[5.5.0~1494-e5a5]:main():compute-plp-feats.cc:182) Processed features for key ky_M0000000112_0041
VLOG[2] (compute-plp-feats[5.5.0~1494-e5a5]:main():compute-plp-feats.cc:182) Processed features for key ky_M0000000112_0042
VLOG[2] (compute-plp-feats[5.5.0~1494-e5a5]:main():compute-plp-feats.cc:182) Processed features for key ky_M0000000112_0043
VLOG[2] (compute-plp-feats[5.5.0~1494-e5a5]:main():compute-plp-feats.cc:182) Processed features for key ky_M0000000112_0044
VLOG[2] (compute-plp-feats[5.5.0~1494-e5a5]:main():compute-plp-feats.cc:182) Processed features for key ky_M0000000112_0045
LOG (compute-plp-feats[5.5.0~1494-e5a5]:main():compute-plp-feats.cc:181) Processed 400 utterances
VLOG[2] (compute-plp-feats[5.5.0~1494-e5a5]:main():compute-plp-feats.cc:182) Processed features for key ky_M0000000112_0046
VLOG[2] (compute-plp-feats[5.5.0~1494-e5a5]:main():compute-plp-feats.cc:182) Processed features for key ky_M0000000112_0047
VLOG[2] (compute-plp-feats[5.5.0~1494-e5a5]:main():compute-plp-feats.cc:182) Processed features for key ky_M0000000112_0048
VLOG[2] (compute-plp-feats[5.5.0~1494-e5a5]:main():compute-plp-feats.cc:182) Processed features for key ky_M0000000112_0049
VLOG[2] (compute-plp-feats[5.5.0~1494-e5a5]:main():compute-plp-feats.cc:182) Processed features for key ky_M0000000112_0050
VLOG[2] (compute-plp-feats[5.5.0~1494-e5a5]:main():compute-plp-feats.cc:182) Processed features for key ky_M0000000112_0051
VLOG[2] (compute-plp-feats[5.5.0~1494-e5a5]:main():compute-plp-feats.cc:182) Processed features for key ky_M0000000112_0052
VLOG[2] (compute-plp-feats[5.5.0~1494-e5a5]:main():compute-plp-feats.cc:182) Processed features for key ky_M0000000112_0053
VLOG[2] (compute-plp-feats[5.5.0~1494-e5a5]:main():compute-plp-feats.cc:182) Processed features for key ky_M0000000112_0054
VLOG[2] (compute-plp-feats[5.5.0~1494-e5a5]:main():compute-plp-feats.cc:182) Processed features for key ky_M0000000112_0055
LOG (compute-plp-feats[5.5.0~1494-e5a5]:main():compute-plp-feats.cc:181) Processed 410 utterances
VLOG[2] (compute-plp-feats[5.5.0~1494-e5a5]:main():compute-plp-feats.cc:182) Processed features for key ky_M0000000112_0056
VLOG[2] (compute-plp-feats[5.5.0~1494-e5a5]:main():compute-plp-feats.cc:182) Processed features for key ky_M0000000112_0057
VLOG[2] (compute-plp-feats[5.5.0~1494-e5a5]:main():compute-plp-feats.cc:182) Processed features for key ky_M0000000112_0058
VLOG[2] (compute-plp-feats[5.5.0~1494-e5a5]:main():compute-plp-feats.cc:182) Processed features for key ky_M0000000112_0059
VLOG[2] (compute-plp-feats[5.5.0~1494-e5a5]:main():compute-plp-feats.cc:182) Processed features for key ky_M0000000112_0060
VLOG[2] (compute-plp-feats[5.5.0~1494-e5a5]:main():compute-plp-feats.cc:182) Processed features for key ky_M0000000112_0061
VLOG[2] (compute-plp-feats[5.5.0~1494-e5a5]:main():compute-plp-feats.cc:182) Processed features for key ky_M0000000112_0062
VLOG[2] (compute-plp-feats[5.5.0~1494-e5a5]:main():compute-plp-feats.cc:182) Processed features for key ky_M0000000112_0063
VLOG[2] (compute-plp-feats[5.5.0~1494-e5a5]:main():compute-plp-feats.cc:182) Processed features for key ky_M0000000112_0064
VLOG[2] (compute-plp-feats[5.5.0~1494-e5a5]:main():compute-plp-feats.cc:182) Processed features for key ky_M0000000112_0065
LOG (compute-plp-feats[5.5.0~1494-e5a5]:main():compute-plp-feats.cc:181) Processed 420 utterances
VLOG[2] (compute-plp-feats[5.5.0~1494-e5a5]:main():compute-plp-feats.cc:182) Processed features for key ky_M0000000112_0066
VLOG[2] (compute-plp-feats[5.5.0~1494-e5a5]:main():compute-plp-feats.cc:182) Processed features for key ky_M0000000112_0067
VLOG[2] (compute-plp-feats[5.5.0~1494-e5a5]:main():compute-plp-feats.cc:182) Processed features for key ky_M0000000112_0068
VLOG[2] (compute-plp-feats[5.5.0~1494-e5a5]:main():compute-plp-feats.cc:182) Processed features for key ky_M0000000112_0069
VLOG[2] (compute-plp-feats[5.5.0~1494-e5a5]:main():compute-plp-feats.cc:182) Processed features for key ky_M0000000112_0070
VLOG[2] (compute-plp-feats[5.5.0~1494-e5a5]:main():compute-plp-feats.cc:182) Processed features for key ky_M0000000112_0071
VLOG[2] (compute-plp-feats[5.5.0~1494-e5a5]:main():compute-plp-feats.cc:182) Processed features for key ky_M0000000112_0072
VLOG[2] (compute-plp-feats[5.5.0~1494-e5a5]:main():compute-plp-feats.cc:182) Processed features for key ky_M0000000112_0073
VLOG[2] (compute-plp-feats[5.5.0~1494-e5a5]:main():compute-plp-feats.cc:182) Processed features for key ky_M0000000112_0074
VLOG[2] (compute-plp-feats[5.5.0~1494-e5a5]:main():compute-plp-feats.cc:182) Processed features for key ky_M0000000112_0075
LOG (compute-plp-feats[5.5.0~1494-e5a5]:main():compute-plp-feats.cc:181) Processed 430 utterances
VLOG[2] (compute-plp-feats[5.5.0~1494-e5a5]:main():compute-plp-feats.cc:182) Processed features for key ky_M0000000112_0076
VLOG[2] (compute-plp-feats[5.5.0~1494-e5a5]:main():compute-plp-feats.cc:182) Processed features for key ky_M0000000112_0077
VLOG[2] (compute-plp-feats[5.5.0~1494-e5a5]:main():compute-plp-feats.cc:182) Processed features for key ky_M0000000112_0078
VLOG[2] (compute-plp-feats[5.5.0~1494-e5a5]:main():compute-plp-feats.cc:182) Processed features for key ky_M0000000112_0079
VLOG[2] (compute-plp-feats[5.5.0~1494-e5a5]:main():compute-plp-feats.cc:182) Processed features for key ky_M0000000112_0080
VLOG[2] (compute-plp-feats[5.5.0~1494-e5a5]:main():compute-plp-feats.cc:182) Processed features for key ky_M0000000112_0081
VLOG[2] (compute-plp-feats[5.5.0~1494-e5a5]:main():compute-plp-feats.cc:182) Processed features for key ky_M0000000112_0082
VLOG[2] (compute-plp-feats[5.5.0~1494-e5a5]:main():compute-plp-feats.cc:182) Processed features for key ky_M0000000112_0083
VLOG[2] (compute-plp-feats[5.5.0~1494-e5a5]:main():compute-plp-feats.cc:182) Processed features for key ky_M0000000112_0084
VLOG[2] (compute-plp-feats[5.5.0~1494-e5a5]:main():compute-plp-feats.cc:182) Processed features for key ky_M0000000112_0085
LOG (compute-plp-feats[5.5.0~1494-e5a5]:main():compute-plp-feats.cc:181) Processed 440 utterances
VLOG[2] (compute-plp-feats[5.5.0~1494-e5a5]:main():compute-plp-feats.cc:182) Processed features for key ky_M0000000112_0086
VLOG[2] (compute-plp-feats[5.5.0~1494-e5a5]:main():compute-plp-feats.cc:182) Processed features for key ky_M0000000112_0087
VLOG[2] (compute-plp-feats[5.5.0~1494-e5a5]:main():compute-plp-feats.cc:182) Processed features for key ky_M0000000112_0088
VLOG[2] (compute-plp-feats[5.5.0~1494-e5a5]:main():compute-plp-feats.cc:182) Processed features for key ky_M0000000112_0089
VLOG[2] (compute-plp-feats[5.5.0~1494-e5a5]:main():compute-plp-feats.cc:182) Processed features for key ky_M0000000112_0090
VLOG[2] (compute-plp-feats[5.5.0~1494-e5a5]:main():compute-plp-feats.cc:182) Processed features for key ky_M0000000112_0091
VLOG[2] (compute-plp-feats[5.5.0~1494-e5a5]:main():compute-plp-feats.cc:182) Processed features for key ky_M0000000112_0092
VLOG[2] (compute-plp-feats[5.5.0~1494-e5a5]:main():compute-plp-feats.cc:182) Processed features for key ky_M0000000112_0093
VLOG[2] (compute-plp-feats[5.5.0~1494-e5a5]:main():compute-plp-feats.cc:182) Processed features for key ky_M0000000112_0094
VLOG[2] (compute-plp-feats[5.5.0~1494-e5a5]:main():compute-plp-feats.cc:182) Processed features for key ky_M0000000112_0095
LOG (compute-plp-feats[5.5.0~1494-e5a5]:main():compute-plp-feats.cc:181) Processed 450 utterances
VLOG[2] (compute-plp-feats[5.5.0~1494-e5a5]:main():compute-plp-feats.cc:182) Processed features for key ky_M0000000112_0096
VLOG[2] (compute-plp-feats[5.5.0~1494-e5a5]:main():compute-plp-feats.cc:182) Processed features for key ky_M0000000112_0097
VLOG[2] (compute-plp-feats[5.5.0~1494-e5a5]:main():compute-plp-feats.cc:182) Processed features for key ky_M0000000112_0098
VLOG[2] (compute-plp-feats[5.5.0~1494-e5a5]:main():compute-plp-feats.cc:182) Processed features for key ky_M0000000112_0099
VLOG[2] (compute-plp-feats[5.5.0~1494-e5a5]:main():compute-plp-feats.cc:182) Processed features for key ky_M0000000112_0100
VLOG[2] (compute-plp-feats[5.5.0~1494-e5a5]:main():compute-plp-feats.cc:182) Processed features for key ky_M0000000112_0101
VLOG[2] (compute-plp-feats[5.5.0~1494-e5a5]:main():compute-plp-feats.cc:182) Processed features for key ky_M0000000112_0102
VLOG[2] (compute-plp-feats[5.5.0~1494-e5a5]:main():compute-plp-feats.cc:182) Processed features for key ky_M0000000112_0103
VLOG[2] (compute-plp-feats[5.5.0~1494-e5a5]:main():compute-plp-feats.cc:182) Processed features for key ky_M0000000112_0104
VLOG[2] (compute-plp-feats[5.5.0~1494-e5a5]:main():compute-plp-feats.cc:182) Processed features for key ky_M0000000112_0105
LOG (compute-plp-feats[5.5.0~1494-e5a5]:main():compute-plp-feats.cc:181) Processed 460 utterances
VLOG[2] (compute-plp-feats[5.5.0~1494-e5a5]:main():compute-plp-feats.cc:182) Processed features for key ky_M0000000112_0106
VLOG[2] (compute-plp-feats[5.5.0~1494-e5a5]:main():compute-plp-feats.cc:182) Processed features for key ky_M0000000115_0000
VLOG[2] (compute-plp-feats[5.5.0~1494-e5a5]:main():compute-plp-feats.cc:182) Processed features for key ky_M0000000115_0001
VLOG[2] (compute-plp-feats[5.5.0~1494-e5a5]:main():compute-plp-feats.cc:182) Processed features for key ky_M0000000115_0002
VLOG[2] (compute-plp-feats[5.5.0~1494-e5a5]:main():compute-plp-feats.cc:182) Processed features for key ky_M0000000115_0003
VLOG[2] (compute-plp-feats[5.5.0~1494-e5a5]:main():compute-plp-feats.cc:182) Processed features for key ky_M0000000115_0004
VLOG[2] (compute-plp-feats[5.5.0~1494-e5a5]:main():compute-plp-feats.cc:182) Processed features for key ky_M0000000115_0005
VLOG[2] (compute-plp-feats[5.5.0~1494-e5a5]:main():compute-plp-feats.cc:182) Processed features for key ky_M0000000115_0006
VLOG[2] (compute-plp-feats[5.5.0~1494-e5a5]:main():compute-plp-feats.cc:182) Processed features for key ky_M0000000115_0007
VLOG[2] (compute-plp-feats[5.5.0~1494-e5a5]:main():compute-plp-feats.cc:182) Processed features for key ky_M0000000115_0008
LOG (compute-plp-feats[5.5.0~1494-e5a5]:main():compute-plp-feats.cc:181) Processed 470 utterances
VLOG[2] (compute-plp-feats[5.5.0~1494-e5a5]:main():compute-plp-feats.cc:182) Processed features for key ky_M0000000115_0009
VLOG[2] (compute-plp-feats[5.5.0~1494-e5a5]:main():compute-plp-feats.cc:182) Processed features for key ky_M0000000115_0010
VLOG[2] (compute-plp-feats[5.5.0~1494-e5a5]:main():compute-plp-feats.cc:182) Processed features for key ky_M0000000115_0011
VLOG[2] (compute-plp-feats[5.5.0~1494-e5a5]:main():compute-plp-feats.cc:182) Processed features for key ky_M0000000115_0012
VLOG[2] (compute-plp-feats[5.5.0~1494-e5a5]:main():compute-plp-feats.cc:182) Processed features for key ky_M0000000115_0013
VLOG[2] (compute-plp-feats[5.5.0~1494-e5a5]:main():compute-plp-feats.cc:182) Processed features for key ky_M0000000115_0014
VLOG[2] (compute-plp-feats[5.5.0~1494-e5a5]:main():compute-plp-feats.cc:182) Processed features for key ky_M0000000115_0015
VLOG[2] (compute-plp-feats[5.5.0~1494-e5a5]:main():compute-plp-feats.cc:182) Processed features for key ky_M0000000115_0016
VLOG[2] (compute-plp-feats[5.5.0~1494-e5a5]:main():compute-plp-feats.cc:182) Processed features for key ky_M0000000115_0017
VLOG[2] (compute-plp-feats[5.5.0~1494-e5a5]:main():compute-plp-feats.cc:182) Processed features for key ky_M0000000115_0018
LOG (compute-plp-feats[5.5.0~1494-e5a5]:main():compute-plp-feats.cc:181) Processed 480 utterances
VLOG[2] (compute-plp-feats[5.5.0~1494-e5a5]:main():compute-plp-feats.cc:182) Processed features for key ky_M0000000115_0019
VLOG[2] (compute-plp-feats[5.5.0~1494-e5a5]:main():compute-plp-feats.cc:182) Processed features for key ky_M0000000115_0020
VLOG[2] (compute-plp-feats[5.5.0~1494-e5a5]:main():compute-plp-feats.cc:182) Processed features for key ky_M0000000115_0021
VLOG[2] (compute-plp-feats[5.5.0~1494-e5a5]:main():compute-plp-feats.cc:182) Processed features for key ky_M0000000115_0022
VLOG[2] (compute-plp-feats[5.5.0~1494-e5a5]:main():compute-plp-feats.cc:182) Processed features for key ky_M0000000115_0023
VLOG[2] (compute-plp-feats[5.5.0~1494-e5a5]:main():compute-plp-feats.cc:182) Processed features for key ky_M0000000115_0024
VLOG[2] (compute-plp-feats[5.5.0~1494-e5a5]:main():compute-plp-feats.cc:182) Processed features for key ky_M0000000115_0025
VLOG[2] (compute-plp-feats[5.5.0~1494-e5a5]:main():compute-plp-feats.cc:182) Processed features for key ky_M0000000115_0026
VLOG[2] (compute-plp-feats[5.5.0~1494-e5a5]:main():compute-plp-feats.cc:182) Processed features for key ky_M0000000115_0027
VLOG[2] (compute-plp-feats[5.5.0~1494-e5a5]:main():compute-plp-feats.cc:182) Processed features for key ky_M0000000115_0028
LOG (compute-plp-feats[5.5.0~1494-e5a5]:main():compute-plp-feats.cc:181) Processed 490 utterances
VLOG[2] (compute-plp-feats[5.5.0~1494-e5a5]:main():compute-plp-feats.cc:182) Processed features for key ky_M0000000115_0029
VLOG[2] (compute-plp-feats[5.5.0~1494-e5a5]:main():compute-plp-feats.cc:182) Processed features for key ky_M0000000115_0030
VLOG[2] (compute-plp-feats[5.5.0~1494-e5a5]:main():compute-plp-feats.cc:182) Processed features for key ky_M0000000115_0031
VLOG[2] (compute-plp-feats[5.5.0~1494-e5a5]:main():compute-plp-feats.cc:182) Processed features for key ky_M0000000115_0032
VLOG[2] (compute-plp-feats[5.5.0~1494-e5a5]:main():compute-plp-feats.cc:182) Processed features for key ky_M0000000115_0033
VLOG[2] (compute-plp-feats[5.5.0~1494-e5a5]:main():compute-plp-feats.cc:182) Processed features for key ky_M0000000115_0034
VLOG[2] (compute-plp-feats[5.5.0~1494-e5a5]:main():compute-plp-feats.cc:182) Processed features for key ky_M0000000115_0035
VLOG[2] (compute-plp-feats[5.5.0~1494-e5a5]:main():compute-plp-feats.cc:182) Processed features for key ky_M0000000115_0036
VLOG[2] (compute-plp-feats[5.5.0~1494-e5a5]:main():compute-plp-feats.cc:182) Processed features for key ky_M0000000115_0037
VLOG[2] (compute-plp-feats[5.5.0~1494-e5a5]:main():compute-plp-feats.cc:182) Processed features for key ky_M0000000115_0038
LOG (compute-plp-feats[5.5.0~1494-e5a5]:main():compute-plp-feats.cc:181) Processed 500 utterances
VLOG[2] (compute-plp-feats[5.5.0~1494-e5a5]:main():compute-plp-feats.cc:182) Processed features for key ky_M0000000115_0039
VLOG[2] (compute-plp-feats[5.5.0~1494-e5a5]:main():compute-plp-feats.cc:182) Processed features for key ky_M0000000115_0040
VLOG[2] (compute-plp-feats[5.5.0~1494-e5a5]:main():compute-plp-feats.cc:182) Processed features for key ky_M0000000115_0041
VLOG[2] (compute-plp-feats[5.5.0~1494-e5a5]:main():compute-plp-feats.cc:182) Processed features for key ky_M0000000115_0042
VLOG[2] (compute-plp-feats[5.5.0~1494-e5a5]:main():compute-plp-feats.cc:182) Processed features for key ky_M0000000115_0043
VLOG[2] (compute-plp-feats[5.5.0~1494-e5a5]:main():compute-plp-feats.cc:182) Processed features for key ky_M0000000115_0044
VLOG[2] (compute-plp-feats[5.5.0~1494-e5a5]:main():compute-plp-feats.cc:182) Processed features for key ky_M0000000115_0045
VLOG[2] (compute-plp-feats[5.5.0~1494-e5a5]:main():compute-plp-feats.cc:182) Processed features for key ky_M0000000115_0046
VLOG[2] (compute-plp-feats[5.5.0~1494-e5a5]:main():compute-plp-feats.cc:182) Processed features for key ky_M0000000115_0047
VLOG[2] (compute-plp-feats[5.5.0~1494-e5a5]:main():compute-plp-feats.cc:182) Processed features for key ky_M0000000115_0048
LOG (compute-plp-feats[5.5.0~1494-e5a5]:main():compute-plp-feats.cc:181) Processed 510 utterances
VLOG[2] (compute-plp-feats[5.5.0~1494-e5a5]:main():compute-plp-feats.cc:182) Processed features for key ky_M0000000115_0049
VLOG[2] (compute-plp-feats[5.5.0~1494-e5a5]:main():compute-plp-feats.cc:182) Processed features for key ky_M0000000115_0050
VLOG[2] (compute-plp-feats[5.5.0~1494-e5a5]:main():compute-plp-feats.cc:182) Processed features for key ky_M0000000115_0051
VLOG[2] (compute-plp-feats[5.5.0~1494-e5a5]:main():compute-plp-feats.cc:182) Processed features for key ky_M0000000115_0052
VLOG[2] (compute-plp-feats[5.5.0~1494-e5a5]:main():compute-plp-feats.cc:182) Processed features for key ky_M0000000115_0053
VLOG[2] (compute-plp-feats[5.5.0~1494-e5a5]:main():compute-plp-feats.cc:182) Processed features for key ky_M0000000115_0054
VLOG[2] (compute-plp-feats[5.5.0~1494-e5a5]:main():compute-plp-feats.cc:182) Processed features for key ky_M0000000115_0055
VLOG[2] (compute-plp-feats[5.5.0~1494-e5a5]:main():compute-plp-feats.cc:182) Processed features for key ky_M0000000115_0056
VLOG[2] (compute-plp-feats[5.5.0~1494-e5a5]:main():compute-plp-feats.cc:182) Processed features for key ky_M0000000115_0057
VLOG[2] (compute-plp-feats[5.5.0~1494-e5a5]:main():compute-plp-feats.cc:182) Processed features for key ky_M0000000115_0058
LOG (compute-plp-feats[5.5.0~1494-e5a5]:main():compute-plp-feats.cc:181) Processed 520 utterances
VLOG[2] (compute-plp-feats[5.5.0~1494-e5a5]:main():compute-plp-feats.cc:182) Processed features for key ky_M0000000115_0059
VLOG[2] (compute-plp-feats[5.5.0~1494-e5a5]:main():compute-plp-feats.cc:182) Processed features for key ky_M0000000115_0060
VLOG[2] (compute-plp-feats[5.5.0~1494-e5a5]:main():compute-plp-feats.cc:182) Processed features for key ky_M0000000115_0061
VLOG[2] (compute-plp-feats[5.5.0~1494-e5a5]:main():compute-plp-feats.cc:182) Processed features for key ky_M0000000115_0062
VLOG[2] (compute-plp-feats[5.5.0~1494-e5a5]:main():compute-plp-feats.cc:182) Processed features for key ky_M0000000115_0063
VLOG[2] (compute-plp-feats[5.5.0~1494-e5a5]:main():compute-plp-feats.cc:182) Processed features for key ky_M0000000115_0064
VLOG[2] (compute-plp-feats[5.5.0~1494-e5a5]:main():compute-plp-feats.cc:182) Processed features for key ky_M0000000115_0065
VLOG[2] (compute-plp-feats[5.5.0~1494-e5a5]:main():compute-plp-feats.cc:182) Processed features for key ky_M0000000115_0066
VLOG[2] (compute-plp-feats[5.5.0~1494-e5a5]:main():compute-plp-feats.cc:182) Processed features for key ky_M0000000115_0067
VLOG[2] (compute-plp-feats[5.5.0~1494-e5a5]:main():compute-plp-feats.cc:182) Processed features for key ky_M0000000115_0068
LOG (compute-plp-feats[5.5.0~1494-e5a5]:main():compute-plp-feats.cc:181) Processed 530 utterances
VLOG[2] (compute-plp-feats[5.5.0~1494-e5a5]:main():compute-plp-feats.cc:182) Processed features for key ky_M0000000115_0069
VLOG[2] (compute-plp-feats[5.5.0~1494-e5a5]:main():compute-plp-feats.cc:182) Processed features for key ky_M0000000115_0070
VLOG[2] (compute-plp-feats[5.5.0~1494-e5a5]:main():compute-plp-feats.cc:182) Processed features for key ky_M0000000115_0071
VLOG[2] (compute-plp-feats[5.5.0~1494-e5a5]:main():compute-plp-feats.cc:182) Processed features for key ky_M0000000115_0072
VLOG[2] (compute-plp-feats[5.5.0~1494-e5a5]:main():compute-plp-feats.cc:182) Processed features for key ky_M0000000115_0073
VLOG[2] (compute-plp-feats[5.5.0~1494-e5a5]:main():compute-plp-feats.cc:182) Processed features for key ky_M0000000115_0074
VLOG[2] (compute-plp-feats[5.5.0~1494-e5a5]:main():compute-plp-feats.cc:182) Processed features for key ky_M0000000115_0075
VLOG[2] (compute-plp-feats[5.5.0~1494-e5a5]:main():compute-plp-feats.cc:182) Processed features for key ky_M0000000115_0076
VLOG[2] (compute-plp-feats[5.5.0~1494-e5a5]:main():compute-plp-feats.cc:182) Processed features for key ky_M0000000115_0077
VLOG[2] (compute-plp-feats[5.5.0~1494-e5a5]:main():compute-plp-feats.cc:182) Processed features for key ky_M0000000115_0078
LOG (compute-plp-feats[5.5.0~1494-e5a5]:main():compute-plp-feats.cc:181) Processed 540 utterances
VLOG[2] (compute-plp-feats[5.5.0~1494-e5a5]:main():compute-plp-feats.cc:182) Processed features for key ky_M0000000115_0079
VLOG[2] (compute-plp-feats[5.5.0~1494-e5a5]:main():compute-plp-feats.cc:182) Processed features for key ky_M0000000115_0080
VLOG[2] (compute-plp-feats[5.5.0~1494-e5a5]:main():compute-plp-feats.cc:182) Processed features for key ky_M0000000115_0081
VLOG[2] (compute-plp-feats[5.5.0~1494-e5a5]:main():compute-plp-feats.cc:182) Processed features for key ky_M0000000115_0082
VLOG[2] (compute-plp-feats[5.5.0~1494-e5a5]:main():compute-plp-feats.cc:182) Processed features for key ky_M0000000115_0083
VLOG[2] (compute-plp-feats[5.5.0~1494-e5a5]:main():compute-plp-feats.cc:182) Processed features for key ky_M0000000115_0084
VLOG[2] (compute-plp-feats[5.5.0~1494-e5a5]:main():compute-plp-feats.cc:182) Processed features for key ky_M0000000115_0085
VLOG[2] (compute-plp-feats[5.5.0~1494-e5a5]:main():compute-plp-feats.cc:182) Processed features for key ky_M0000000115_0086
VLOG[2] (compute-plp-feats[5.5.0~1494-e5a5]:main():compute-plp-feats.cc:182) Processed features for key ky_M0000000115_0087
VLOG[2] (compute-plp-feats[5.5.0~1494-e5a5]:main():compute-plp-feats.cc:182) Processed features for key ky_M0000000115_0088
LOG (compute-plp-feats[5.5.0~1494-e5a5]:main():compute-plp-feats.cc:181) Processed 550 utterances
VLOG[2] (compute-plp-feats[5.5.0~1494-e5a5]:main():compute-plp-feats.cc:182) Processed features for key ky_M0000000115_0089
VLOG[2] (compute-plp-feats[5.5.0~1494-e5a5]:main():compute-plp-feats.cc:182) Processed features for key ky_M0000000115_0090
VLOG[2] (compute-plp-feats[5.5.0~1494-e5a5]:main():compute-plp-feats.cc:182) Processed features for key ky_M0000000115_0091
VLOG[2] (compute-plp-feats[5.5.0~1494-e5a5]:main():compute-plp-feats.cc:182) Processed features for key ky_M0000000115_0092
VLOG[2] (compute-plp-feats[5.5.0~1494-e5a5]:main():compute-plp-feats.cc:182) Processed features for key ky_M0000000115_0093
VLOG[2] (compute-plp-feats[5.5.0~1494-e5a5]:main():compute-plp-feats.cc:182) Processed features for key ky_M0000000115_0094
VLOG[2] (compute-plp-feats[5.5.0~1494-e5a5]:main():compute-plp-feats.cc:182) Processed features for key ky_M0000000115_0095
VLOG[2] (compute-plp-feats[5.5.0~1494-e5a5]:main():compute-plp-feats.cc:182) Processed features for key ky_M0000000115_0096
VLOG[2] (compute-plp-feats[5.5.0~1494-e5a5]:main():compute-plp-feats.cc:182) Processed features for key ky_M0000000115_0097
VLOG[2] (compute-plp-feats[5.5.0~1494-e5a5]:main():compute-plp-feats.cc:182) Processed features for key ky_M0000000115_0098
LOG (compute-plp-feats[5.5.0~1494-e5a5]:main():compute-plp-feats.cc:181) Processed 560 utterances
VLOG[2] (compute-plp-feats[5.5.0~1494-e5a5]:main():compute-plp-feats.cc:182) Processed features for key ky_M0000000115_0099
VLOG[2] (compute-plp-feats[5.5.0~1494-e5a5]:main():compute-plp-feats.cc:182) Processed features for key ky_M0000000115_0100
VLOG[2] (compute-plp-feats[5.5.0~1494-e5a5]:main():compute-plp-feats.cc:182) Processed features for key ky_M0000000115_0101
VLOG[2] (compute-plp-feats[5.5.0~1494-e5a5]:main():compute-plp-feats.cc:182) Processed features for key ky_M0000000115_0102
VLOG[2] (compute-plp-feats[5.5.0~1494-e5a5]:main():compute-plp-feats.cc:182) Processed features for key ky_M0000000115_0103
VLOG[2] (compute-plp-feats[5.5.0~1494-e5a5]:main():compute-plp-feats.cc:182) Processed features for key ky_M0000000115_0104
VLOG[2] (compute-plp-feats[5.5.0~1494-e5a5]:main():compute-plp-feats.cc:182) Processed features for key ky_M0000000115_0105
VLOG[2] (compute-plp-feats[5.5.0~1494-e5a5]:main():compute-plp-feats.cc:182) Processed features for key ky_M0000000115_0106
LOG (compute-plp-feats[5.5.0~1494-e5a5]:main():compute-plp-feats.cc:185)  Done 567 out of 567 utterances.
LOG (copy-feats[5.5.0~1494-e5a5]:main():copy-feats.cc:143) Copied 567 feature matrices.
# Accounting: time=4 threads=1
# Ended (code 0) at Sun Feb  7 09:35:59 UTC 2021, elapsed time 4 seconds
