# compute-plp-feats --verbose=2 --config=config/plp.conf scp,p:plp_ky/make_plp_log/wav_train.1.scp ark:- | copy-feats --compress=true ark:- ark,scp:/kaldi/egs/king3/easy-kaldi/plp_ky/raw_plp_train.1.ark,/kaldi/egs/king3/easy-kaldi/plp_ky/raw_plp_train.1.scp 
# Started at Sun Feb  7 09:35:55 UTC 2021
#
compute-plp-feats --verbose=2 --config=config/plp.conf scp,p:plp_ky/make_plp_log/wav_train.1.scp ark:- 
copy-feats --compress=true ark:- ark,scp:/kaldi/egs/king3/easy-kaldi/plp_ky/raw_plp_train.1.ark,/kaldi/egs/king3/easy-kaldi/plp_ky/raw_plp_train.1.scp 
VLOG[2] (compute-plp-feats[5.5.0~1494-e5a5]:main():compute-plp-feats.cc:182) Processed features for key ky_F0000000000_0000
VLOG[2] (compute-plp-feats[5.5.0~1494-e5a5]:main():compute-plp-feats.cc:182) Processed features for key ky_F0000000000_0001
VLOG[2] (compute-plp-feats[5.5.0~1494-e5a5]:main():compute-plp-feats.cc:182) Processed features for key ky_F0000000000_0002
VLOG[2] (compute-plp-feats[5.5.0~1494-e5a5]:main():compute-plp-feats.cc:182) Processed features for key ky_F0000000000_0003
VLOG[2] (compute-plp-feats[5.5.0~1494-e5a5]:main():compute-plp-feats.cc:182) Processed features for key ky_F0000000000_0004
VLOG[2] (compute-plp-feats[5.5.0~1494-e5a5]:main():compute-plp-feats.cc:182) Processed features for key ky_F0000000000_0005
VLOG[2] (compute-plp-feats[5.5.0~1494-e5a5]:main():compute-plp-feats.cc:182) Processed features for key ky_F0000000000_0006
VLOG[2] (compute-plp-feats[5.5.0~1494-e5a5]:main():compute-plp-feats.cc:182) Processed features for key ky_F0000000000_0007
VLOG[2] (compute-plp-feats[5.5.0~1494-e5a5]:main():compute-plp-feats.cc:182) Processed features for key ky_F0000000000_0008
LOG (compute-plp-feats[5.5.0~1494-e5a5]:main():compute-plp-feats.cc:181) Processed 10 utterances
VLOG[2] (compute-plp-feats[5.5.0~1494-e5a5]:main():compute-plp-feats.cc:182) Processed features for key ky_F0000000000_0009
VLOG[2] (compute-plp-feats[5.5.0~1494-e5a5]:main():compute-plp-feats.cc:182) Processed features for key ky_F0000000000_0010
VLOG[2] (compute-plp-feats[5.5.0~1494-e5a5]:main():compute-plp-feats.cc:182) Processed features for key ky_F0000000000_0011
VLOG[2] (compute-plp-feats[5.5.0~1494-e5a5]:main():compute-plp-feats.cc:182) Processed features for key ky_F0000000000_0012
VLOG[2] (compute-plp-feats[5.5.0~1494-e5a5]:main():compute-plp-feats.cc:182) Processed features for key ky_F0000000000_0013
VLOG[2] (compute-plp-feats[5.5.0~1494-e5a5]:main():compute-plp-feats.cc:182) Processed features for key ky_F0000000000_0014
VLOG[2] (compute-plp-feats[5.5.0~1494-e5a5]:main():compute-plp-feats.cc:182) Processed features for key ky_F0000000000_0015
VLOG[2] (compute-plp-feats[5.5.0~1494-e5a5]:main():compute-plp-feats.cc:182) Processed features for key ky_F0000000000_0016
VLOG[2] (compute-plp-feats[5.5.0~1494-e5a5]:main():compute-plp-feats.cc:182) Processed features for key ky_F0000000000_0017
VLOG[2] (compute-plp-feats[5.5.0~1494-e5a5]:main():compute-plp-feats.cc:182) Processed features for key ky_F0000000000_0018
LOG (compute-plp-feats[5.5.0~1494-e5a5]:main():compute-plp-feats.cc:181) Processed 20 utterances
VLOG[2] (compute-plp-feats[5.5.0~1494-e5a5]:main():compute-plp-feats.cc:182) Processed features for key ky_F0000000000_0019
VLOG[2] (compute-plp-feats[5.5.0~1494-e5a5]:main():compute-plp-feats.cc:182) Processed features for key ky_F0000000000_0020
VLOG[2] (compute-plp-feats[5.5.0~1494-e5a5]:main():compute-plp-feats.cc:182) Processed features for key ky_F0000000000_0021
VLOG[2] (compute-plp-feats[5.5.0~1494-e5a5]:main():compute-plp-feats.cc:182) Processed features for key ky_F0000000000_0022
VLOG[2] (compute-plp-feats[5.5.0~1494-e5a5]:main():compute-plp-feats.cc:182) Processed features for key ky_F0000000000_0023
VLOG[2] (compute-plp-feats[5.5.0~1494-e5a5]:main():compute-plp-feats.cc:182) Processed features for key ky_F0000000000_0024
VLOG[2] (compute-plp-feats[5.5.0~1494-e5a5]:main():compute-plp-feats.cc:182) Processed features for key ky_F0000000000_0025
VLOG[2] (compute-plp-feats[5.5.0~1494-e5a5]:main():compute-plp-feats.cc:182) Processed features for key ky_F0000000000_0026
VLOG[2] (compute-plp-feats[5.5.0~1494-e5a5]:main():compute-plp-feats.cc:182) Processed features for key ky_F0000000000_0027
VLOG[2] (compute-plp-feats[5.5.0~1494-e5a5]:main():compute-plp-feats.cc:182) Processed features for key ky_F0000000000_0028
LOG (compute-plp-feats[5.5.0~1494-e5a5]:main():compute-plp-feats.cc:181) Processed 30 utterances
VLOG[2] (compute-plp-feats[5.5.0~1494-e5a5]:main():compute-plp-feats.cc:182) Processed features for key ky_F0000000000_0029
VLOG[2] (compute-plp-feats[5.5.0~1494-e5a5]:main():compute-plp-feats.cc:182) Processed features for key ky_F0000000000_0030
VLOG[2] (compute-plp-feats[5.5.0~1494-e5a5]:main():compute-plp-feats.cc:182) Processed features for key ky_F0000000000_0031
VLOG[2] (compute-plp-feats[5.5.0~1494-e5a5]:main():compute-plp-feats.cc:182) Processed features for key ky_F0000000000_0032
VLOG[2] (compute-plp-feats[5.5.0~1494-e5a5]:main():compute-plp-feats.cc:182) Processed features for key ky_F0000000000_0033
VLOG[2] (compute-plp-feats[5.5.0~1494-e5a5]:main():compute-plp-feats.cc:182) Processed features for key ky_F0000000000_0034
VLOG[2] (compute-plp-feats[5.5.0~1494-e5a5]:main():compute-plp-feats.cc:182) Processed features for key ky_F0000000000_0035
VLOG[2] (compute-plp-feats[5.5.0~1494-e5a5]:main():compute-plp-feats.cc:182) Processed features for key ky_F0000000000_0036
VLOG[2] (compute-plp-feats[5.5.0~1494-e5a5]:main():compute-plp-feats.cc:182) Processed features for key ky_F0000000000_0037
VLOG[2] (compute-plp-feats[5.5.0~1494-e5a5]:main():compute-plp-feats.cc:182) Processed features for key ky_F0000000000_0038
LOG (compute-plp-feats[5.5.0~1494-e5a5]:main():compute-plp-feats.cc:181) Processed 40 utterances
VLOG[2] (compute-plp-feats[5.5.0~1494-e5a5]:main():compute-plp-feats.cc:182) Processed features for key ky_F0000000000_0039
VLOG[2] (compute-plp-feats[5.5.0~1494-e5a5]:main():compute-plp-feats.cc:182) Processed features for key ky_F0000000000_0040
VLOG[2] (compute-plp-feats[5.5.0~1494-e5a5]:main():compute-plp-feats.cc:182) Processed features for key ky_F0000000000_0041
VLOG[2] (compute-plp-feats[5.5.0~1494-e5a5]:main():compute-plp-feats.cc:182) Processed features for key ky_F0000000000_0042
VLOG[2] (compute-plp-feats[5.5.0~1494-e5a5]:main():compute-plp-feats.cc:182) Processed features for key ky_F0000000000_0043
VLOG[2] (compute-plp-feats[5.5.0~1494-e5a5]:main():compute-plp-feats.cc:182) Processed features for key ky_F0000000000_0044
VLOG[2] (compute-plp-feats[5.5.0~1494-e5a5]:main():compute-plp-feats.cc:182) Processed features for key ky_F0000000000_0045
VLOG[2] (compute-plp-feats[5.5.0~1494-e5a5]:main():compute-plp-feats.cc:182) Processed features for key ky_F0000000000_0046
VLOG[2] (compute-plp-feats[5.5.0~1494-e5a5]:main():compute-plp-feats.cc:182) Processed features for key ky_F0000000000_0047
VLOG[2] (compute-plp-feats[5.5.0~1494-e5a5]:main():compute-plp-feats.cc:182) Processed features for key ky_F0000000000_0048
LOG (compute-plp-feats[5.5.0~1494-e5a5]:main():compute-plp-feats.cc:181) Processed 50 utterances
VLOG[2] (compute-plp-feats[5.5.0~1494-e5a5]:main():compute-plp-feats.cc:182) Processed features for key ky_F0000000000_0049
VLOG[2] (compute-plp-feats[5.5.0~1494-e5a5]:main():compute-plp-feats.cc:182) Processed features for key ky_F0000000000_0050
VLOG[2] (compute-plp-feats[5.5.0~1494-e5a5]:main():compute-plp-feats.cc:182) Processed features for key ky_F0000000000_0051
VLOG[2] (compute-plp-feats[5.5.0~1494-e5a5]:main():compute-plp-feats.cc:182) Processed features for key ky_F0000000000_0052
VLOG[2] (compute-plp-feats[5.5.0~1494-e5a5]:main():compute-plp-feats.cc:182) Processed features for key ky_F0000000000_0053
VLOG[2] (compute-plp-feats[5.5.0~1494-e5a5]:main():compute-plp-feats.cc:182) Processed features for key ky_F0000000000_0054
VLOG[2] (compute-plp-feats[5.5.0~1494-e5a5]:main():compute-plp-feats.cc:182) Processed features for key ky_F0000000000_0055
VLOG[2] (compute-plp-feats[5.5.0~1494-e5a5]:main():compute-plp-feats.cc:182) Processed features for key ky_F0000000000_0056
VLOG[2] (compute-plp-feats[5.5.0~1494-e5a5]:main():compute-plp-feats.cc:182) Processed features for key ky_F0000000000_0057
VLOG[2] (compute-plp-feats[5.5.0~1494-e5a5]:main():compute-plp-feats.cc:182) Processed features for key ky_F0000000000_0058
LOG (compute-plp-feats[5.5.0~1494-e5a5]:main():compute-plp-feats.cc:181) Processed 60 utterances
VLOG[2] (compute-plp-feats[5.5.0~1494-e5a5]:main():compute-plp-feats.cc:182) Processed features for key ky_F0000000000_0059
VLOG[2] (compute-plp-feats[5.5.0~1494-e5a5]:main():compute-plp-feats.cc:182) Processed features for key ky_F0000000000_0060
VLOG[2] (compute-plp-feats[5.5.0~1494-e5a5]:main():compute-plp-feats.cc:182) Processed features for key ky_F0000000000_0061
VLOG[2] (compute-plp-feats[5.5.0~1494-e5a5]:main():compute-plp-feats.cc:182) Processed features for key ky_F0000000000_0062
VLOG[2] (compute-plp-feats[5.5.0~1494-e5a5]:main():compute-plp-feats.cc:182) Processed features for key ky_F0000000000_0063
VLOG[2] (compute-plp-feats[5.5.0~1494-e5a5]:main():compute-plp-feats.cc:182) Processed features for key ky_F0000000000_0064
VLOG[2] (compute-plp-feats[5.5.0~1494-e5a5]:main():compute-plp-feats.cc:182) Processed features for key ky_F0000000000_0065
VLOG[2] (compute-plp-feats[5.5.0~1494-e5a5]:main():compute-plp-feats.cc:182) Processed features for key ky_F0000000000_0066
VLOG[2] (compute-plp-feats[5.5.0~1494-e5a5]:main():compute-plp-feats.cc:182) Processed features for key ky_F0000000000_0067
VLOG[2] (compute-plp-feats[5.5.0~1494-e5a5]:main():compute-plp-feats.cc:182) Processed features for key ky_F0000000000_0068
LOG (compute-plp-feats[5.5.0~1494-e5a5]:main():compute-plp-feats.cc:181) Processed 70 utterances
VLOG[2] (compute-plp-feats[5.5.0~1494-e5a5]:main():compute-plp-feats.cc:182) Processed features for key ky_F0000000000_0069
VLOG[2] (compute-plp-feats[5.5.0~1494-e5a5]:main():compute-plp-feats.cc:182) Processed features for key ky_F0000000000_0070
VLOG[2] (compute-plp-feats[5.5.0~1494-e5a5]:main():compute-plp-feats.cc:182) Processed features for key ky_F0000000000_0071
VLOG[2] (compute-plp-feats[5.5.0~1494-e5a5]:main():compute-plp-feats.cc:182) Processed features for key ky_F0000000000_0072
VLOG[2] (compute-plp-feats[5.5.0~1494-e5a5]:main():compute-plp-feats.cc:182) Processed features for key ky_F0000000000_0073
VLOG[2] (compute-plp-feats[5.5.0~1494-e5a5]:main():compute-plp-feats.cc:182) Processed features for key ky_F0000000000_0074
VLOG[2] (compute-plp-feats[5.5.0~1494-e5a5]:main():compute-plp-feats.cc:182) Processed features for key ky_F0000000000_0075
VLOG[2] (compute-plp-feats[5.5.0~1494-e5a5]:main():compute-plp-feats.cc:182) Processed features for key ky_F0000000000_0076
VLOG[2] (compute-plp-feats[5.5.0~1494-e5a5]:main():compute-plp-feats.cc:182) Processed features for key ky_F0000000000_0077
VLOG[2] (compute-plp-feats[5.5.0~1494-e5a5]:main():compute-plp-feats.cc:182) Processed features for key ky_F0000000000_0078
LOG (compute-plp-feats[5.5.0~1494-e5a5]:main():compute-plp-feats.cc:181) Processed 80 utterances
VLOG[2] (compute-plp-feats[5.5.0~1494-e5a5]:main():compute-plp-feats.cc:182) Processed features for key ky_F0000000000_0079
VLOG[2] (compute-plp-feats[5.5.0~1494-e5a5]:main():compute-plp-feats.cc:182) Processed features for key ky_F0000000000_0080
VLOG[2] (compute-plp-feats[5.5.0~1494-e5a5]:main():compute-plp-feats.cc:182) Processed features for key ky_F0000000000_0081
VLOG[2] (compute-plp-feats[5.5.0~1494-e5a5]:main():compute-plp-feats.cc:182) Processed features for key ky_F0000000000_0082
VLOG[2] (compute-plp-feats[5.5.0~1494-e5a5]:main():compute-plp-feats.cc:182) Processed features for key ky_F0000000000_0083
VLOG[2] (compute-plp-feats[5.5.0~1494-e5a5]:main():compute-plp-feats.cc:182) Processed features for key ky_F0000000000_0084
VLOG[2] (compute-plp-feats[5.5.0~1494-e5a5]:main():compute-plp-feats.cc:182) Processed features for key ky_F0000000000_0085
VLOG[2] (compute-plp-feats[5.5.0~1494-e5a5]:main():compute-plp-feats.cc:182) Processed features for key ky_F0000000000_0086
VLOG[2] (compute-plp-feats[5.5.0~1494-e5a5]:main():compute-plp-feats.cc:182) Processed features for key ky_F0000000000_0087
VLOG[2] (compute-plp-feats[5.5.0~1494-e5a5]:main():compute-plp-feats.cc:182) Processed features for key ky_F0000000000_0088
LOG (compute-plp-feats[5.5.0~1494-e5a5]:main():compute-plp-feats.cc:181) Processed 90 utterances
VLOG[2] (compute-plp-feats[5.5.0~1494-e5a5]:main():compute-plp-feats.cc:182) Processed features for key ky_F0000000000_0089
VLOG[2] (compute-plp-feats[5.5.0~1494-e5a5]:main():compute-plp-feats.cc:182) Processed features for key ky_F0000000000_0090
VLOG[2] (compute-plp-feats[5.5.0~1494-e5a5]:main():compute-plp-feats.cc:182) Processed features for key ky_F0000000000_0091
VLOG[2] (compute-plp-feats[5.5.0~1494-e5a5]:main():compute-plp-feats.cc:182) Processed features for key ky_F0000000000_0092
VLOG[2] (compute-plp-feats[5.5.0~1494-e5a5]:main():compute-plp-feats.cc:182) Processed features for key ky_F0000000000_0093
VLOG[2] (compute-plp-feats[5.5.0~1494-e5a5]:main():compute-plp-feats.cc:182) Processed features for key ky_F0000000000_0094
VLOG[2] (compute-plp-feats[5.5.0~1494-e5a5]:main():compute-plp-feats.cc:182) Processed features for key ky_F0000000000_0095
VLOG[2] (compute-plp-feats[5.5.0~1494-e5a5]:main():compute-plp-feats.cc:182) Processed features for key ky_F0000000000_0096
VLOG[2] (compute-plp-feats[5.5.0~1494-e5a5]:main():compute-plp-feats.cc:182) Processed features for key ky_F0000000000_0097
VLOG[2] (compute-plp-feats[5.5.0~1494-e5a5]:main():compute-plp-feats.cc:182) Processed features for key ky_F0000000000_0098
LOG (compute-plp-feats[5.5.0~1494-e5a5]:main():compute-plp-feats.cc:181) Processed 100 utterances
VLOG[2] (compute-plp-feats[5.5.0~1494-e5a5]:main():compute-plp-feats.cc:182) Processed features for key ky_F0000000000_0099
VLOG[2] (compute-plp-feats[5.5.0~1494-e5a5]:main():compute-plp-feats.cc:182) Processed features for key ky_F0000000001_0000
VLOG[2] (compute-plp-feats[5.5.0~1494-e5a5]:main():compute-plp-feats.cc:182) Processed features for key ky_F0000000001_0001
VLOG[2] (compute-plp-feats[5.5.0~1494-e5a5]:main():compute-plp-feats.cc:182) Processed features for key ky_F0000000001_0002
VLOG[2] (compute-plp-feats[5.5.0~1494-e5a5]:main():compute-plp-feats.cc:182) Processed features for key ky_F0000000001_0003
VLOG[2] (compute-plp-feats[5.5.0~1494-e5a5]:main():compute-plp-feats.cc:182) Processed features for key ky_F0000000001_0004
VLOG[2] (compute-plp-feats[5.5.0~1494-e5a5]:main():compute-plp-feats.cc:182) Processed features for key ky_F0000000001_0005
VLOG[2] (compute-plp-feats[5.5.0~1494-e5a5]:main():compute-plp-feats.cc:182) Processed features for key ky_F0000000001_0006
VLOG[2] (compute-plp-feats[5.5.0~1494-e5a5]:main():compute-plp-feats.cc:182) Processed features for key ky_F0000000001_0007
VLOG[2] (compute-plp-feats[5.5.0~1494-e5a5]:main():compute-plp-feats.cc:182) Processed features for key ky_F0000000001_0008
LOG (compute-plp-feats[5.5.0~1494-e5a5]:main():compute-plp-feats.cc:181) Processed 110 utterances
VLOG[2] (compute-plp-feats[5.5.0~1494-e5a5]:main():compute-plp-feats.cc:182) Processed features for key ky_F0000000001_0009
VLOG[2] (compute-plp-feats[5.5.0~1494-e5a5]:main():compute-plp-feats.cc:182) Processed features for key ky_F0000000001_0010
VLOG[2] (compute-plp-feats[5.5.0~1494-e5a5]:main():compute-plp-feats.cc:182) Processed features for key ky_F0000000001_0011
VLOG[2] (compute-plp-feats[5.5.0~1494-e5a5]:main():compute-plp-feats.cc:182) Processed features for key ky_F0000000001_0012
VLOG[2] (compute-plp-feats[5.5.0~1494-e5a5]:main():compute-plp-feats.cc:182) Processed features for key ky_F0000000001_0013
VLOG[2] (compute-plp-feats[5.5.0~1494-e5a5]:main():compute-plp-feats.cc:182) Processed features for key ky_F0000000001_0014
VLOG[2] (compute-plp-feats[5.5.0~1494-e5a5]:main():compute-plp-feats.cc:182) Processed features for key ky_F0000000001_0015
VLOG[2] (compute-plp-feats[5.5.0~1494-e5a5]:main():compute-plp-feats.cc:182) Processed features for key ky_F0000000001_0016
VLOG[2] (compute-plp-feats[5.5.0~1494-e5a5]:main():compute-plp-feats.cc:182) Processed features for key ky_F0000000001_0017
VLOG[2] (compute-plp-feats[5.5.0~1494-e5a5]:main():compute-plp-feats.cc:182) Processed features for key ky_F0000000001_0018
LOG (compute-plp-feats[5.5.0~1494-e5a5]:main():compute-plp-feats.cc:181) Processed 120 utterances
VLOG[2] (compute-plp-feats[5.5.0~1494-e5a5]:main():compute-plp-feats.cc:182) Processed features for key ky_F0000000001_0019
VLOG[2] (compute-plp-feats[5.5.0~1494-e5a5]:main():compute-plp-feats.cc:182) Processed features for key ky_F0000000001_0020
VLOG[2] (compute-plp-feats[5.5.0~1494-e5a5]:main():compute-plp-feats.cc:182) Processed features for key ky_F0000000001_0021
VLOG[2] (compute-plp-feats[5.5.0~1494-e5a5]:main():compute-plp-feats.cc:182) Processed features for key ky_F0000000001_0022
VLOG[2] (compute-plp-feats[5.5.0~1494-e5a5]:main():compute-plp-feats.cc:182) Processed features for key ky_F0000000001_0023
VLOG[2] (compute-plp-feats[5.5.0~1494-e5a5]:main():compute-plp-feats.cc:182) Processed features for key ky_F0000000001_0024
VLOG[2] (compute-plp-feats[5.5.0~1494-e5a5]:main():compute-plp-feats.cc:182) Processed features for key ky_F0000000001_0025
VLOG[2] (compute-plp-feats[5.5.0~1494-e5a5]:main():compute-plp-feats.cc:182) Processed features for key ky_F0000000001_0026
VLOG[2] (compute-plp-feats[5.5.0~1494-e5a5]:main():compute-plp-feats.cc:182) Processed features for key ky_F0000000001_0027
VLOG[2] (compute-plp-feats[5.5.0~1494-e5a5]:main():compute-plp-feats.cc:182) Processed features for key ky_F0000000001_0028
LOG (compute-plp-feats[5.5.0~1494-e5a5]:main():compute-plp-feats.cc:181) Processed 130 utterances
VLOG[2] (compute-plp-feats[5.5.0~1494-e5a5]:main():compute-plp-feats.cc:182) Processed features for key ky_F0000000001_0029
VLOG[2] (compute-plp-feats[5.5.0~1494-e5a5]:main():compute-plp-feats.cc:182) Processed features for key ky_F0000000001_0030
VLOG[2] (compute-plp-feats[5.5.0~1494-e5a5]:main():compute-plp-feats.cc:182) Processed features for key ky_F0000000001_0031
VLOG[2] (compute-plp-feats[5.5.0~1494-e5a5]:main():compute-plp-feats.cc:182) Processed features for key ky_F0000000001_0032
VLOG[2] (compute-plp-feats[5.5.0~1494-e5a5]:main():compute-plp-feats.cc:182) Processed features for key ky_F0000000001_0033
VLOG[2] (compute-plp-feats[5.5.0~1494-e5a5]:main():compute-plp-feats.cc:182) Processed features for key ky_F0000000001_0034
VLOG[2] (compute-plp-feats[5.5.0~1494-e5a5]:main():compute-plp-feats.cc:182) Processed features for key ky_F0000000001_0035
VLOG[2] (compute-plp-feats[5.5.0~1494-e5a5]:main():compute-plp-feats.cc:182) Processed features for key ky_F0000000001_0036
VLOG[2] (compute-plp-feats[5.5.0~1494-e5a5]:main():compute-plp-feats.cc:182) Processed features for key ky_F0000000001_0037
VLOG[2] (compute-plp-feats[5.5.0~1494-e5a5]:main():compute-plp-feats.cc:182) Processed features for key ky_F0000000001_0038
LOG (compute-plp-feats[5.5.0~1494-e5a5]:main():compute-plp-feats.cc:181) Processed 140 utterances
VLOG[2] (compute-plp-feats[5.5.0~1494-e5a5]:main():compute-plp-feats.cc:182) Processed features for key ky_F0000000001_0039
VLOG[2] (compute-plp-feats[5.5.0~1494-e5a5]:main():compute-plp-feats.cc:182) Processed features for key ky_F0000000001_0040
VLOG[2] (compute-plp-feats[5.5.0~1494-e5a5]:main():compute-plp-feats.cc:182) Processed features for key ky_F0000000001_0041
VLOG[2] (compute-plp-feats[5.5.0~1494-e5a5]:main():compute-plp-feats.cc:182) Processed features for key ky_F0000000001_0042
VLOG[2] (compute-plp-feats[5.5.0~1494-e5a5]:main():compute-plp-feats.cc:182) Processed features for key ky_F0000000001_0043
VLOG[2] (compute-plp-feats[5.5.0~1494-e5a5]:main():compute-plp-feats.cc:182) Processed features for key ky_F0000000001_0044
VLOG[2] (compute-plp-feats[5.5.0~1494-e5a5]:main():compute-plp-feats.cc:182) Processed features for key ky_F0000000001_0045
VLOG[2] (compute-plp-feats[5.5.0~1494-e5a5]:main():compute-plp-feats.cc:182) Processed features for key ky_F0000000001_0046
VLOG[2] (compute-plp-feats[5.5.0~1494-e5a5]:main():compute-plp-feats.cc:182) Processed features for key ky_F0000000001_0047
VLOG[2] (compute-plp-feats[5.5.0~1494-e5a5]:main():compute-plp-feats.cc:182) Processed features for key ky_F0000000001_0048
LOG (compute-plp-feats[5.5.0~1494-e5a5]:main():compute-plp-feats.cc:181) Processed 150 utterances
VLOG[2] (compute-plp-feats[5.5.0~1494-e5a5]:main():compute-plp-feats.cc:182) Processed features for key ky_F0000000001_0049
VLOG[2] (compute-plp-feats[5.5.0~1494-e5a5]:main():compute-plp-feats.cc:182) Processed features for key ky_F0000000001_0050
VLOG[2] (compute-plp-feats[5.5.0~1494-e5a5]:main():compute-plp-feats.cc:182) Processed features for key ky_F0000000001_0051
VLOG[2] (compute-plp-feats[5.5.0~1494-e5a5]:main():compute-plp-feats.cc:182) Processed features for key ky_F0000000001_0052
VLOG[2] (compute-plp-feats[5.5.0~1494-e5a5]:main():compute-plp-feats.cc:182) Processed features for key ky_F0000000001_0053
VLOG[2] (compute-plp-feats[5.5.0~1494-e5a5]:main():compute-plp-feats.cc:182) Processed features for key ky_F0000000001_0054
VLOG[2] (compute-plp-feats[5.5.0~1494-e5a5]:main():compute-plp-feats.cc:182) Processed features for key ky_F0000000001_0055
VLOG[2] (compute-plp-feats[5.5.0~1494-e5a5]:main():compute-plp-feats.cc:182) Processed features for key ky_F0000000001_0056
VLOG[2] (compute-plp-feats[5.5.0~1494-e5a5]:main():compute-plp-feats.cc:182) Processed features for key ky_F0000000001_0057
VLOG[2] (compute-plp-feats[5.5.0~1494-e5a5]:main():compute-plp-feats.cc:182) Processed features for key ky_F0000000001_0058
LOG (compute-plp-feats[5.5.0~1494-e5a5]:main():compute-plp-feats.cc:181) Processed 160 utterances
VLOG[2] (compute-plp-feats[5.5.0~1494-e5a5]:main():compute-plp-feats.cc:182) Processed features for key ky_F0000000001_0059
VLOG[2] (compute-plp-feats[5.5.0~1494-e5a5]:main():compute-plp-feats.cc:182) Processed features for key ky_F0000000001_0060
VLOG[2] (compute-plp-feats[5.5.0~1494-e5a5]:main():compute-plp-feats.cc:182) Processed features for key ky_F0000000001_0061
VLOG[2] (compute-plp-feats[5.5.0~1494-e5a5]:main():compute-plp-feats.cc:182) Processed features for key ky_F0000000001_0062
VLOG[2] (compute-plp-feats[5.5.0~1494-e5a5]:main():compute-plp-feats.cc:182) Processed features for key ky_F0000000001_0063
VLOG[2] (compute-plp-feats[5.5.0~1494-e5a5]:main():compute-plp-feats.cc:182) Processed features for key ky_F0000000001_0064
VLOG[2] (compute-plp-feats[5.5.0~1494-e5a5]:main():compute-plp-feats.cc:182) Processed features for key ky_F0000000001_0065
VLOG[2] (compute-plp-feats[5.5.0~1494-e5a5]:main():compute-plp-feats.cc:182) Processed features for key ky_F0000000001_0066
VLOG[2] (compute-plp-feats[5.5.0~1494-e5a5]:main():compute-plp-feats.cc:182) Processed features for key ky_F0000000001_0067
VLOG[2] (compute-plp-feats[5.5.0~1494-e5a5]:main():compute-plp-feats.cc:182) Processed features for key ky_F0000000001_0068
LOG (compute-plp-feats[5.5.0~1494-e5a5]:main():compute-plp-feats.cc:181) Processed 170 utterances
VLOG[2] (compute-plp-feats[5.5.0~1494-e5a5]:main():compute-plp-feats.cc:182) Processed features for key ky_F0000000001_0069
VLOG[2] (compute-plp-feats[5.5.0~1494-e5a5]:main():compute-plp-feats.cc:182) Processed features for key ky_F0000000001_0070
VLOG[2] (compute-plp-feats[5.5.0~1494-e5a5]:main():compute-plp-feats.cc:182) Processed features for key ky_F0000000001_0071
VLOG[2] (compute-plp-feats[5.5.0~1494-e5a5]:main():compute-plp-feats.cc:182) Processed features for key ky_F0000000001_0072
VLOG[2] (compute-plp-feats[5.5.0~1494-e5a5]:main():compute-plp-feats.cc:182) Processed features for key ky_F0000000001_0073
VLOG[2] (compute-plp-feats[5.5.0~1494-e5a5]:main():compute-plp-feats.cc:182) Processed features for key ky_F0000000001_0074
VLOG[2] (compute-plp-feats[5.5.0~1494-e5a5]:main():compute-plp-feats.cc:182) Processed features for key ky_F0000000001_0075
VLOG[2] (compute-plp-feats[5.5.0~1494-e5a5]:main():compute-plp-feats.cc:182) Processed features for key ky_F0000000001_0076
VLOG[2] (compute-plp-feats[5.5.0~1494-e5a5]:main():compute-plp-feats.cc:182) Processed features for key ky_F0000000001_0077
VLOG[2] (compute-plp-feats[5.5.0~1494-e5a5]:main():compute-plp-feats.cc:182) Processed features for key ky_F0000000001_0078
LOG (compute-plp-feats[5.5.0~1494-e5a5]:main():compute-plp-feats.cc:181) Processed 180 utterances
VLOG[2] (compute-plp-feats[5.5.0~1494-e5a5]:main():compute-plp-feats.cc:182) Processed features for key ky_F0000000001_0079
VLOG[2] (compute-plp-feats[5.5.0~1494-e5a5]:main():compute-plp-feats.cc:182) Processed features for key ky_F0000000001_0080
VLOG[2] (compute-plp-feats[5.5.0~1494-e5a5]:main():compute-plp-feats.cc:182) Processed features for key ky_F0000000001_0081
VLOG[2] (compute-plp-feats[5.5.0~1494-e5a5]:main():compute-plp-feats.cc:182) Processed features for key ky_F0000000001_0082
VLOG[2] (compute-plp-feats[5.5.0~1494-e5a5]:main():compute-plp-feats.cc:182) Processed features for key ky_F0000000001_0083
VLOG[2] (compute-plp-feats[5.5.0~1494-e5a5]:main():compute-plp-feats.cc:182) Processed features for key ky_F0000000001_0084
VLOG[2] (compute-plp-feats[5.5.0~1494-e5a5]:main():compute-plp-feats.cc:182) Processed features for key ky_F0000000001_0085
VLOG[2] (compute-plp-feats[5.5.0~1494-e5a5]:main():compute-plp-feats.cc:182) Processed features for key ky_F0000000001_0086
VLOG[2] (compute-plp-feats[5.5.0~1494-e5a5]:main():compute-plp-feats.cc:182) Processed features for key ky_F0000000001_0087
VLOG[2] (compute-plp-feats[5.5.0~1494-e5a5]:main():compute-plp-feats.cc:182) Processed features for key ky_F0000000001_0088
LOG (compute-plp-feats[5.5.0~1494-e5a5]:main():compute-plp-feats.cc:181) Processed 190 utterances
VLOG[2] (compute-plp-feats[5.5.0~1494-e5a5]:main():compute-plp-feats.cc:182) Processed features for key ky_F0000000001_0089
VLOG[2] (compute-plp-feats[5.5.0~1494-e5a5]:main():compute-plp-feats.cc:182) Processed features for key ky_F0000000001_0090
VLOG[2] (compute-plp-feats[5.5.0~1494-e5a5]:main():compute-plp-feats.cc:182) Processed features for key ky_F0000000001_0091
VLOG[2] (compute-plp-feats[5.5.0~1494-e5a5]:main():compute-plp-feats.cc:182) Processed features for key ky_F0000000001_0092
VLOG[2] (compute-plp-feats[5.5.0~1494-e5a5]:main():compute-plp-feats.cc:182) Processed features for key ky_F0000000001_0093
VLOG[2] (compute-plp-feats[5.5.0~1494-e5a5]:main():compute-plp-feats.cc:182) Processed features for key ky_F0000000001_0094
VLOG[2] (compute-plp-feats[5.5.0~1494-e5a5]:main():compute-plp-feats.cc:182) Processed features for key ky_F0000000001_0095
VLOG[2] (compute-plp-feats[5.5.0~1494-e5a5]:main():compute-plp-feats.cc:182) Processed features for key ky_F0000000001_0096
VLOG[2] (compute-plp-feats[5.5.0~1494-e5a5]:main():compute-plp-feats.cc:182) Processed features for key ky_F0000000001_0097
VLOG[2] (compute-plp-feats[5.5.0~1494-e5a5]:main():compute-plp-feats.cc:182) Processed features for key ky_F0000000001_0098
LOG (compute-plp-feats[5.5.0~1494-e5a5]:main():compute-plp-feats.cc:181) Processed 200 utterances
VLOG[2] (compute-plp-feats[5.5.0~1494-e5a5]:main():compute-plp-feats.cc:182) Processed features for key ky_F0000000001_0099
VLOG[2] (compute-plp-feats[5.5.0~1494-e5a5]:main():compute-plp-feats.cc:182) Processed features for key ky_M0000000002_0000
VLOG[2] (compute-plp-feats[5.5.0~1494-e5a5]:main():compute-plp-feats.cc:182) Processed features for key ky_M0000000002_0001
VLOG[2] (compute-plp-feats[5.5.0~1494-e5a5]:main():compute-plp-feats.cc:182) Processed features for key ky_M0000000002_0002
VLOG[2] (compute-plp-feats[5.5.0~1494-e5a5]:main():compute-plp-feats.cc:182) Processed features for key ky_M0000000002_0003
VLOG[2] (compute-plp-feats[5.5.0~1494-e5a5]:main():compute-plp-feats.cc:182) Processed features for key ky_M0000000002_0004
VLOG[2] (compute-plp-feats[5.5.0~1494-e5a5]:main():compute-plp-feats.cc:182) Processed features for key ky_M0000000002_0005
VLOG[2] (compute-plp-feats[5.5.0~1494-e5a5]:main():compute-plp-feats.cc:182) Processed features for key ky_M0000000002_0006
VLOG[2] (compute-plp-feats[5.5.0~1494-e5a5]:main():compute-plp-feats.cc:182) Processed features for key ky_M0000000002_0007
VLOG[2] (compute-plp-feats[5.5.0~1494-e5a5]:main():compute-plp-feats.cc:182) Processed features for key ky_M0000000002_0008
LOG (compute-plp-feats[5.5.0~1494-e5a5]:main():compute-plp-feats.cc:181) Processed 210 utterances
VLOG[2] (compute-plp-feats[5.5.0~1494-e5a5]:main():compute-plp-feats.cc:182) Processed features for key ky_M0000000002_0009
VLOG[2] (compute-plp-feats[5.5.0~1494-e5a5]:main():compute-plp-feats.cc:182) Processed features for key ky_M0000000002_0010
VLOG[2] (compute-plp-feats[5.5.0~1494-e5a5]:main():compute-plp-feats.cc:182) Processed features for key ky_M0000000002_0011
VLOG[2] (compute-plp-feats[5.5.0~1494-e5a5]:main():compute-plp-feats.cc:182) Processed features for key ky_M0000000002_0012
VLOG[2] (compute-plp-feats[5.5.0~1494-e5a5]:main():compute-plp-feats.cc:182) Processed features for key ky_M0000000002_0013
VLOG[2] (compute-plp-feats[5.5.0~1494-e5a5]:main():compute-plp-feats.cc:182) Processed features for key ky_M0000000002_0014
VLOG[2] (compute-plp-feats[5.5.0~1494-e5a5]:main():compute-plp-feats.cc:182) Processed features for key ky_M0000000002_0015
VLOG[2] (compute-plp-feats[5.5.0~1494-e5a5]:main():compute-plp-feats.cc:182) Processed features for key ky_M0000000002_0016
VLOG[2] (compute-plp-feats[5.5.0~1494-e5a5]:main():compute-plp-feats.cc:182) Processed features for key ky_M0000000002_0017
VLOG[2] (compute-plp-feats[5.5.0~1494-e5a5]:main():compute-plp-feats.cc:182) Processed features for key ky_M0000000002_0018
LOG (compute-plp-feats[5.5.0~1494-e5a5]:main():compute-plp-feats.cc:181) Processed 220 utterances
VLOG[2] (compute-plp-feats[5.5.0~1494-e5a5]:main():compute-plp-feats.cc:182) Processed features for key ky_M0000000002_0019
VLOG[2] (compute-plp-feats[5.5.0~1494-e5a5]:main():compute-plp-feats.cc:182) Processed features for key ky_M0000000002_0020
VLOG[2] (compute-plp-feats[5.5.0~1494-e5a5]:main():compute-plp-feats.cc:182) Processed features for key ky_M0000000002_0021
VLOG[2] (compute-plp-feats[5.5.0~1494-e5a5]:main():compute-plp-feats.cc:182) Processed features for key ky_M0000000002_0022
VLOG[2] (compute-plp-feats[5.5.0~1494-e5a5]:main():compute-plp-feats.cc:182) Processed features for key ky_M0000000002_0023
VLOG[2] (compute-plp-feats[5.5.0~1494-e5a5]:main():compute-plp-feats.cc:182) Processed features for key ky_M0000000002_0024
VLOG[2] (compute-plp-feats[5.5.0~1494-e5a5]:main():compute-plp-feats.cc:182) Processed features for key ky_M0000000002_0025
VLOG[2] (compute-plp-feats[5.5.0~1494-e5a5]:main():compute-plp-feats.cc:182) Processed features for key ky_M0000000002_0026
VLOG[2] (compute-plp-feats[5.5.0~1494-e5a5]:main():compute-plp-feats.cc:182) Processed features for key ky_M0000000002_0027
VLOG[2] (compute-plp-feats[5.5.0~1494-e5a5]:main():compute-plp-feats.cc:182) Processed features for key ky_M0000000002_0028
LOG (compute-plp-feats[5.5.0~1494-e5a5]:main():compute-plp-feats.cc:181) Processed 230 utterances
VLOG[2] (compute-plp-feats[5.5.0~1494-e5a5]:main():compute-plp-feats.cc:182) Processed features for key ky_M0000000002_0029
VLOG[2] (compute-plp-feats[5.5.0~1494-e5a5]:main():compute-plp-feats.cc:182) Processed features for key ky_M0000000002_0030
VLOG[2] (compute-plp-feats[5.5.0~1494-e5a5]:main():compute-plp-feats.cc:182) Processed features for key ky_M0000000002_0031
VLOG[2] (compute-plp-feats[5.5.0~1494-e5a5]:main():compute-plp-feats.cc:182) Processed features for key ky_M0000000002_0032
VLOG[2] (compute-plp-feats[5.5.0~1494-e5a5]:main():compute-plp-feats.cc:182) Processed features for key ky_M0000000002_0033
VLOG[2] (compute-plp-feats[5.5.0~1494-e5a5]:main():compute-plp-feats.cc:182) Processed features for key ky_M0000000002_0034
VLOG[2] (compute-plp-feats[5.5.0~1494-e5a5]:main():compute-plp-feats.cc:182) Processed features for key ky_M0000000002_0035
VLOG[2] (compute-plp-feats[5.5.0~1494-e5a5]:main():compute-plp-feats.cc:182) Processed features for key ky_M0000000002_0036
VLOG[2] (compute-plp-feats[5.5.0~1494-e5a5]:main():compute-plp-feats.cc:182) Processed features for key ky_M0000000002_0037
VLOG[2] (compute-plp-feats[5.5.0~1494-e5a5]:main():compute-plp-feats.cc:182) Processed features for key ky_M0000000002_0038
LOG (compute-plp-feats[5.5.0~1494-e5a5]:main():compute-plp-feats.cc:181) Processed 240 utterances
VLOG[2] (compute-plp-feats[5.5.0~1494-e5a5]:main():compute-plp-feats.cc:182) Processed features for key ky_M0000000002_0039
VLOG[2] (compute-plp-feats[5.5.0~1494-e5a5]:main():compute-plp-feats.cc:182) Processed features for key ky_M0000000002_0040
VLOG[2] (compute-plp-feats[5.5.0~1494-e5a5]:main():compute-plp-feats.cc:182) Processed features for key ky_M0000000002_0041
VLOG[2] (compute-plp-feats[5.5.0~1494-e5a5]:main():compute-plp-feats.cc:182) Processed features for key ky_M0000000002_0042
VLOG[2] (compute-plp-feats[5.5.0~1494-e5a5]:main():compute-plp-feats.cc:182) Processed features for key ky_M0000000002_0043
VLOG[2] (compute-plp-feats[5.5.0~1494-e5a5]:main():compute-plp-feats.cc:182) Processed features for key ky_M0000000002_0044
VLOG[2] (compute-plp-feats[5.5.0~1494-e5a5]:main():compute-plp-feats.cc:182) Processed features for key ky_M0000000002_0045
VLOG[2] (compute-plp-feats[5.5.0~1494-e5a5]:main():compute-plp-feats.cc:182) Processed features for key ky_M0000000002_0046
VLOG[2] (compute-plp-feats[5.5.0~1494-e5a5]:main():compute-plp-feats.cc:182) Processed features for key ky_M0000000002_0047
VLOG[2] (compute-plp-feats[5.5.0~1494-e5a5]:main():compute-plp-feats.cc:182) Processed features for key ky_M0000000002_0048
LOG (compute-plp-feats[5.5.0~1494-e5a5]:main():compute-plp-feats.cc:181) Processed 250 utterances
VLOG[2] (compute-plp-feats[5.5.0~1494-e5a5]:main():compute-plp-feats.cc:182) Processed features for key ky_M0000000002_0049
VLOG[2] (compute-plp-feats[5.5.0~1494-e5a5]:main():compute-plp-feats.cc:182) Processed features for key ky_M0000000002_0050
VLOG[2] (compute-plp-feats[5.5.0~1494-e5a5]:main():compute-plp-feats.cc:182) Processed features for key ky_M0000000002_0051
VLOG[2] (compute-plp-feats[5.5.0~1494-e5a5]:main():compute-plp-feats.cc:182) Processed features for key ky_M0000000002_0052
VLOG[2] (compute-plp-feats[5.5.0~1494-e5a5]:main():compute-plp-feats.cc:182) Processed features for key ky_M0000000002_0053
VLOG[2] (compute-plp-feats[5.5.0~1494-e5a5]:main():compute-plp-feats.cc:182) Processed features for key ky_M0000000002_0054
VLOG[2] (compute-plp-feats[5.5.0~1494-e5a5]:main():compute-plp-feats.cc:182) Processed features for key ky_M0000000002_0055
VLOG[2] (compute-plp-feats[5.5.0~1494-e5a5]:main():compute-plp-feats.cc:182) Processed features for key ky_M0000000002_0056
VLOG[2] (compute-plp-feats[5.5.0~1494-e5a5]:main():compute-plp-feats.cc:182) Processed features for key ky_M0000000002_0057
VLOG[2] (compute-plp-feats[5.5.0~1494-e5a5]:main():compute-plp-feats.cc:182) Processed features for key ky_M0000000002_0058
LOG (compute-plp-feats[5.5.0~1494-e5a5]:main():compute-plp-feats.cc:181) Processed 260 utterances
VLOG[2] (compute-plp-feats[5.5.0~1494-e5a5]:main():compute-plp-feats.cc:182) Processed features for key ky_M0000000002_0059
VLOG[2] (compute-plp-feats[5.5.0~1494-e5a5]:main():compute-plp-feats.cc:182) Processed features for key ky_M0000000002_0060
VLOG[2] (compute-plp-feats[5.5.0~1494-e5a5]:main():compute-plp-feats.cc:182) Processed features for key ky_M0000000002_0061
VLOG[2] (compute-plp-feats[5.5.0~1494-e5a5]:main():compute-plp-feats.cc:182) Processed features for key ky_M0000000002_0062
VLOG[2] (compute-plp-feats[5.5.0~1494-e5a5]:main():compute-plp-feats.cc:182) Processed features for key ky_M0000000002_0063
VLOG[2] (compute-plp-feats[5.5.0~1494-e5a5]:main():compute-plp-feats.cc:182) Processed features for key ky_M0000000002_0064
VLOG[2] (compute-plp-feats[5.5.0~1494-e5a5]:main():compute-plp-feats.cc:182) Processed features for key ky_M0000000002_0065
VLOG[2] (compute-plp-feats[5.5.0~1494-e5a5]:main():compute-plp-feats.cc:182) Processed features for key ky_M0000000002_0066
VLOG[2] (compute-plp-feats[5.5.0~1494-e5a5]:main():compute-plp-feats.cc:182) Processed features for key ky_M0000000002_0067
VLOG[2] (compute-plp-feats[5.5.0~1494-e5a5]:main():compute-plp-feats.cc:182) Processed features for key ky_M0000000002_0068
LOG (compute-plp-feats[5.5.0~1494-e5a5]:main():compute-plp-feats.cc:181) Processed 270 utterances
VLOG[2] (compute-plp-feats[5.5.0~1494-e5a5]:main():compute-plp-feats.cc:182) Processed features for key ky_M0000000002_0069
VLOG[2] (compute-plp-feats[5.5.0~1494-e5a5]:main():compute-plp-feats.cc:182) Processed features for key ky_M0000000002_0070
VLOG[2] (compute-plp-feats[5.5.0~1494-e5a5]:main():compute-plp-feats.cc:182) Processed features for key ky_M0000000002_0071
VLOG[2] (compute-plp-feats[5.5.0~1494-e5a5]:main():compute-plp-feats.cc:182) Processed features for key ky_M0000000002_0072
VLOG[2] (compute-plp-feats[5.5.0~1494-e5a5]:main():compute-plp-feats.cc:182) Processed features for key ky_M0000000002_0073
VLOG[2] (compute-plp-feats[5.5.0~1494-e5a5]:main():compute-plp-feats.cc:182) Processed features for key ky_M0000000002_0074
VLOG[2] (compute-plp-feats[5.5.0~1494-e5a5]:main():compute-plp-feats.cc:182) Processed features for key ky_M0000000002_0075
VLOG[2] (compute-plp-feats[5.5.0~1494-e5a5]:main():compute-plp-feats.cc:182) Processed features for key ky_M0000000002_0076
VLOG[2] (compute-plp-feats[5.5.0~1494-e5a5]:main():compute-plp-feats.cc:182) Processed features for key ky_M0000000002_0077
VLOG[2] (compute-plp-feats[5.5.0~1494-e5a5]:main():compute-plp-feats.cc:182) Processed features for key ky_M0000000002_0078
LOG (compute-plp-feats[5.5.0~1494-e5a5]:main():compute-plp-feats.cc:181) Processed 280 utterances
VLOG[2] (compute-plp-feats[5.5.0~1494-e5a5]:main():compute-plp-feats.cc:182) Processed features for key ky_M0000000002_0079
VLOG[2] (compute-plp-feats[5.5.0~1494-e5a5]:main():compute-plp-feats.cc:182) Processed features for key ky_M0000000002_0080
VLOG[2] (compute-plp-feats[5.5.0~1494-e5a5]:main():compute-plp-feats.cc:182) Processed features for key ky_M0000000002_0081
VLOG[2] (compute-plp-feats[5.5.0~1494-e5a5]:main():compute-plp-feats.cc:182) Processed features for key ky_M0000000002_0082
VLOG[2] (compute-plp-feats[5.5.0~1494-e5a5]:main():compute-plp-feats.cc:182) Processed features for key ky_M0000000002_0083
VLOG[2] (compute-plp-feats[5.5.0~1494-e5a5]:main():compute-plp-feats.cc:182) Processed features for key ky_M0000000002_0084
VLOG[2] (compute-plp-feats[5.5.0~1494-e5a5]:main():compute-plp-feats.cc:182) Processed features for key ky_M0000000002_0085
VLOG[2] (compute-plp-feats[5.5.0~1494-e5a5]:main():compute-plp-feats.cc:182) Processed features for key ky_M0000000002_0086
VLOG[2] (compute-plp-feats[5.5.0~1494-e5a5]:main():compute-plp-feats.cc:182) Processed features for key ky_M0000000002_0087
VLOG[2] (compute-plp-feats[5.5.0~1494-e5a5]:main():compute-plp-feats.cc:182) Processed features for key ky_M0000000002_0088
LOG (compute-plp-feats[5.5.0~1494-e5a5]:main():compute-plp-feats.cc:181) Processed 290 utterances
VLOG[2] (compute-plp-feats[5.5.0~1494-e5a5]:main():compute-plp-feats.cc:182) Processed features for key ky_M0000000002_0089
VLOG[2] (compute-plp-feats[5.5.0~1494-e5a5]:main():compute-plp-feats.cc:182) Processed features for key ky_M0000000002_0090
VLOG[2] (compute-plp-feats[5.5.0~1494-e5a5]:main():compute-plp-feats.cc:182) Processed features for key ky_M0000000002_0091
VLOG[2] (compute-plp-feats[5.5.0~1494-e5a5]:main():compute-plp-feats.cc:182) Processed features for key ky_M0000000002_0092
VLOG[2] (compute-plp-feats[5.5.0~1494-e5a5]:main():compute-plp-feats.cc:182) Processed features for key ky_M0000000002_0093
VLOG[2] (compute-plp-feats[5.5.0~1494-e5a5]:main():compute-plp-feats.cc:182) Processed features for key ky_M0000000002_0094
VLOG[2] (compute-plp-feats[5.5.0~1494-e5a5]:main():compute-plp-feats.cc:182) Processed features for key ky_M0000000002_0095
VLOG[2] (compute-plp-feats[5.5.0~1494-e5a5]:main():compute-plp-feats.cc:182) Processed features for key ky_M0000000002_0096
VLOG[2] (compute-plp-feats[5.5.0~1494-e5a5]:main():compute-plp-feats.cc:182) Processed features for key ky_M0000000002_0097
VLOG[2] (compute-plp-feats[5.5.0~1494-e5a5]:main():compute-plp-feats.cc:182) Processed features for key ky_M0000000002_0098
LOG (compute-plp-feats[5.5.0~1494-e5a5]:main():compute-plp-feats.cc:181) Processed 300 utterances
VLOG[2] (compute-plp-feats[5.5.0~1494-e5a5]:main():compute-plp-feats.cc:182) Processed features for key ky_M0000000002_0099
VLOG[2] (compute-plp-feats[5.5.0~1494-e5a5]:main():compute-plp-feats.cc:182) Processed features for key ky_M0000000003_0000
VLOG[2] (compute-plp-feats[5.5.0~1494-e5a5]:main():compute-plp-feats.cc:182) Processed features for key ky_M0000000003_0001
VLOG[2] (compute-plp-feats[5.5.0~1494-e5a5]:main():compute-plp-feats.cc:182) Processed features for key ky_M0000000003_0002
VLOG[2] (compute-plp-feats[5.5.0~1494-e5a5]:main():compute-plp-feats.cc:182) Processed features for key ky_M0000000003_0003
VLOG[2] (compute-plp-feats[5.5.0~1494-e5a5]:main():compute-plp-feats.cc:182) Processed features for key ky_M0000000003_0004
VLOG[2] (compute-plp-feats[5.5.0~1494-e5a5]:main():compute-plp-feats.cc:182) Processed features for key ky_M0000000003_0005
VLOG[2] (compute-plp-feats[5.5.0~1494-e5a5]:main():compute-plp-feats.cc:182) Processed features for key ky_M0000000003_0006
VLOG[2] (compute-plp-feats[5.5.0~1494-e5a5]:main():compute-plp-feats.cc:182) Processed features for key ky_M0000000003_0007
VLOG[2] (compute-plp-feats[5.5.0~1494-e5a5]:main():compute-plp-feats.cc:182) Processed features for key ky_M0000000003_0008
LOG (compute-plp-feats[5.5.0~1494-e5a5]:main():compute-plp-feats.cc:181) Processed 310 utterances
VLOG[2] (compute-plp-feats[5.5.0~1494-e5a5]:main():compute-plp-feats.cc:182) Processed features for key ky_M0000000003_0009
VLOG[2] (compute-plp-feats[5.5.0~1494-e5a5]:main():compute-plp-feats.cc:182) Processed features for key ky_M0000000003_0010
VLOG[2] (compute-plp-feats[5.5.0~1494-e5a5]:main():compute-plp-feats.cc:182) Processed features for key ky_M0000000003_0011
VLOG[2] (compute-plp-feats[5.5.0~1494-e5a5]:main():compute-plp-feats.cc:182) Processed features for key ky_M0000000003_0012
VLOG[2] (compute-plp-feats[5.5.0~1494-e5a5]:main():compute-plp-feats.cc:182) Processed features for key ky_M0000000003_0013
VLOG[2] (compute-plp-feats[5.5.0~1494-e5a5]:main():compute-plp-feats.cc:182) Processed features for key ky_M0000000003_0014
VLOG[2] (compute-plp-feats[5.5.0~1494-e5a5]:main():compute-plp-feats.cc:182) Processed features for key ky_M0000000003_0015
VLOG[2] (compute-plp-feats[5.5.0~1494-e5a5]:main():compute-plp-feats.cc:182) Processed features for key ky_M0000000003_0016
VLOG[2] (compute-plp-feats[5.5.0~1494-e5a5]:main():compute-plp-feats.cc:182) Processed features for key ky_M0000000003_0017
VLOG[2] (compute-plp-feats[5.5.0~1494-e5a5]:main():compute-plp-feats.cc:182) Processed features for key ky_M0000000003_0018
LOG (compute-plp-feats[5.5.0~1494-e5a5]:main():compute-plp-feats.cc:181) Processed 320 utterances
VLOG[2] (compute-plp-feats[5.5.0~1494-e5a5]:main():compute-plp-feats.cc:182) Processed features for key ky_M0000000003_0019
VLOG[2] (compute-plp-feats[5.5.0~1494-e5a5]:main():compute-plp-feats.cc:182) Processed features for key ky_M0000000003_0020
VLOG[2] (compute-plp-feats[5.5.0~1494-e5a5]:main():compute-plp-feats.cc:182) Processed features for key ky_M0000000003_0021
VLOG[2] (compute-plp-feats[5.5.0~1494-e5a5]:main():compute-plp-feats.cc:182) Processed features for key ky_M0000000003_0022
VLOG[2] (compute-plp-feats[5.5.0~1494-e5a5]:main():compute-plp-feats.cc:182) Processed features for key ky_M0000000003_0023
VLOG[2] (compute-plp-feats[5.5.0~1494-e5a5]:main():compute-plp-feats.cc:182) Processed features for key ky_M0000000003_0024
VLOG[2] (compute-plp-feats[5.5.0~1494-e5a5]:main():compute-plp-feats.cc:182) Processed features for key ky_M0000000003_0025
VLOG[2] (compute-plp-feats[5.5.0~1494-e5a5]:main():compute-plp-feats.cc:182) Processed features for key ky_M0000000003_0026
VLOG[2] (compute-plp-feats[5.5.0~1494-e5a5]:main():compute-plp-feats.cc:182) Processed features for key ky_M0000000003_0027
VLOG[2] (compute-plp-feats[5.5.0~1494-e5a5]:main():compute-plp-feats.cc:182) Processed features for key ky_M0000000003_0028
LOG (compute-plp-feats[5.5.0~1494-e5a5]:main():compute-plp-feats.cc:181) Processed 330 utterances
VLOG[2] (compute-plp-feats[5.5.0~1494-e5a5]:main():compute-plp-feats.cc:182) Processed features for key ky_M0000000003_0029
VLOG[2] (compute-plp-feats[5.5.0~1494-e5a5]:main():compute-plp-feats.cc:182) Processed features for key ky_M0000000003_0030
VLOG[2] (compute-plp-feats[5.5.0~1494-e5a5]:main():compute-plp-feats.cc:182) Processed features for key ky_M0000000003_0031
VLOG[2] (compute-plp-feats[5.5.0~1494-e5a5]:main():compute-plp-feats.cc:182) Processed features for key ky_M0000000003_0032
VLOG[2] (compute-plp-feats[5.5.0~1494-e5a5]:main():compute-plp-feats.cc:182) Processed features for key ky_M0000000003_0033
VLOG[2] (compute-plp-feats[5.5.0~1494-e5a5]:main():compute-plp-feats.cc:182) Processed features for key ky_M0000000003_0034
VLOG[2] (compute-plp-feats[5.5.0~1494-e5a5]:main():compute-plp-feats.cc:182) Processed features for key ky_M0000000003_0035
VLOG[2] (compute-plp-feats[5.5.0~1494-e5a5]:main():compute-plp-feats.cc:182) Processed features for key ky_M0000000003_0036
VLOG[2] (compute-plp-feats[5.5.0~1494-e5a5]:main():compute-plp-feats.cc:182) Processed features for key ky_M0000000003_0037
VLOG[2] (compute-plp-feats[5.5.0~1494-e5a5]:main():compute-plp-feats.cc:182) Processed features for key ky_M0000000003_0038
LOG (compute-plp-feats[5.5.0~1494-e5a5]:main():compute-plp-feats.cc:181) Processed 340 utterances
VLOG[2] (compute-plp-feats[5.5.0~1494-e5a5]:main():compute-plp-feats.cc:182) Processed features for key ky_M0000000003_0039
VLOG[2] (compute-plp-feats[5.5.0~1494-e5a5]:main():compute-plp-feats.cc:182) Processed features for key ky_M0000000003_0040
VLOG[2] (compute-plp-feats[5.5.0~1494-e5a5]:main():compute-plp-feats.cc:182) Processed features for key ky_M0000000003_0041
VLOG[2] (compute-plp-feats[5.5.0~1494-e5a5]:main():compute-plp-feats.cc:182) Processed features for key ky_M0000000003_0042
VLOG[2] (compute-plp-feats[5.5.0~1494-e5a5]:main():compute-plp-feats.cc:182) Processed features for key ky_M0000000003_0043
VLOG[2] (compute-plp-feats[5.5.0~1494-e5a5]:main():compute-plp-feats.cc:182) Processed features for key ky_M0000000003_0044
VLOG[2] (compute-plp-feats[5.5.0~1494-e5a5]:main():compute-plp-feats.cc:182) Processed features for key ky_M0000000003_0045
VLOG[2] (compute-plp-feats[5.5.0~1494-e5a5]:main():compute-plp-feats.cc:182) Processed features for key ky_M0000000003_0046
VLOG[2] (compute-plp-feats[5.5.0~1494-e5a5]:main():compute-plp-feats.cc:182) Processed features for key ky_M0000000003_0047
VLOG[2] (compute-plp-feats[5.5.0~1494-e5a5]:main():compute-plp-feats.cc:182) Processed features for key ky_M0000000003_0048
LOG (compute-plp-feats[5.5.0~1494-e5a5]:main():compute-plp-feats.cc:181) Processed 350 utterances
VLOG[2] (compute-plp-feats[5.5.0~1494-e5a5]:main():compute-plp-feats.cc:182) Processed features for key ky_M0000000003_0049
VLOG[2] (compute-plp-feats[5.5.0~1494-e5a5]:main():compute-plp-feats.cc:182) Processed features for key ky_M0000000003_0050
VLOG[2] (compute-plp-feats[5.5.0~1494-e5a5]:main():compute-plp-feats.cc:182) Processed features for key ky_M0000000003_0051
VLOG[2] (compute-plp-feats[5.5.0~1494-e5a5]:main():compute-plp-feats.cc:182) Processed features for key ky_M0000000003_0052
VLOG[2] (compute-plp-feats[5.5.0~1494-e5a5]:main():compute-plp-feats.cc:182) Processed features for key ky_M0000000003_0053
VLOG[2] (compute-plp-feats[5.5.0~1494-e5a5]:main():compute-plp-feats.cc:182) Processed features for key ky_M0000000003_0054
VLOG[2] (compute-plp-feats[5.5.0~1494-e5a5]:main():compute-plp-feats.cc:182) Processed features for key ky_M0000000003_0055
VLOG[2] (compute-plp-feats[5.5.0~1494-e5a5]:main():compute-plp-feats.cc:182) Processed features for key ky_M0000000003_0056
VLOG[2] (compute-plp-feats[5.5.0~1494-e5a5]:main():compute-plp-feats.cc:182) Processed features for key ky_M0000000003_0057
VLOG[2] (compute-plp-feats[5.5.0~1494-e5a5]:main():compute-plp-feats.cc:182) Processed features for key ky_M0000000003_0058
LOG (compute-plp-feats[5.5.0~1494-e5a5]:main():compute-plp-feats.cc:181) Processed 360 utterances
VLOG[2] (compute-plp-feats[5.5.0~1494-e5a5]:main():compute-plp-feats.cc:182) Processed features for key ky_M0000000003_0059
VLOG[2] (compute-plp-feats[5.5.0~1494-e5a5]:main():compute-plp-feats.cc:182) Processed features for key ky_M0000000003_0060
VLOG[2] (compute-plp-feats[5.5.0~1494-e5a5]:main():compute-plp-feats.cc:182) Processed features for key ky_M0000000003_0061
VLOG[2] (compute-plp-feats[5.5.0~1494-e5a5]:main():compute-plp-feats.cc:182) Processed features for key ky_M0000000003_0062
VLOG[2] (compute-plp-feats[5.5.0~1494-e5a5]:main():compute-plp-feats.cc:182) Processed features for key ky_M0000000003_0063
VLOG[2] (compute-plp-feats[5.5.0~1494-e5a5]:main():compute-plp-feats.cc:182) Processed features for key ky_M0000000003_0064
VLOG[2] (compute-plp-feats[5.5.0~1494-e5a5]:main():compute-plp-feats.cc:182) Processed features for key ky_M0000000003_0065
VLOG[2] (compute-plp-feats[5.5.0~1494-e5a5]:main():compute-plp-feats.cc:182) Processed features for key ky_M0000000003_0066
VLOG[2] (compute-plp-feats[5.5.0~1494-e5a5]:main():compute-plp-feats.cc:182) Processed features for key ky_M0000000003_0067
VLOG[2] (compute-plp-feats[5.5.0~1494-e5a5]:main():compute-plp-feats.cc:182) Processed features for key ky_M0000000003_0068
LOG (compute-plp-feats[5.5.0~1494-e5a5]:main():compute-plp-feats.cc:181) Processed 370 utterances
VLOG[2] (compute-plp-feats[5.5.0~1494-e5a5]:main():compute-plp-feats.cc:182) Processed features for key ky_M0000000003_0069
VLOG[2] (compute-plp-feats[5.5.0~1494-e5a5]:main():compute-plp-feats.cc:182) Processed features for key ky_M0000000003_0070
VLOG[2] (compute-plp-feats[5.5.0~1494-e5a5]:main():compute-plp-feats.cc:182) Processed features for key ky_M0000000003_0071
VLOG[2] (compute-plp-feats[5.5.0~1494-e5a5]:main():compute-plp-feats.cc:182) Processed features for key ky_M0000000003_0072
VLOG[2] (compute-plp-feats[5.5.0~1494-e5a5]:main():compute-plp-feats.cc:182) Processed features for key ky_M0000000003_0073
VLOG[2] (compute-plp-feats[5.5.0~1494-e5a5]:main():compute-plp-feats.cc:182) Processed features for key ky_M0000000003_0074
VLOG[2] (compute-plp-feats[5.5.0~1494-e5a5]:main():compute-plp-feats.cc:182) Processed features for key ky_M0000000003_0075
VLOG[2] (compute-plp-feats[5.5.0~1494-e5a5]:main():compute-plp-feats.cc:182) Processed features for key ky_M0000000003_0076
VLOG[2] (compute-plp-feats[5.5.0~1494-e5a5]:main():compute-plp-feats.cc:182) Processed features for key ky_M0000000003_0077
VLOG[2] (compute-plp-feats[5.5.0~1494-e5a5]:main():compute-plp-feats.cc:182) Processed features for key ky_M0000000003_0078
LOG (compute-plp-feats[5.5.0~1494-e5a5]:main():compute-plp-feats.cc:181) Processed 380 utterances
VLOG[2] (compute-plp-feats[5.5.0~1494-e5a5]:main():compute-plp-feats.cc:182) Processed features for key ky_M0000000003_0079
VLOG[2] (compute-plp-feats[5.5.0~1494-e5a5]:main():compute-plp-feats.cc:182) Processed features for key ky_M0000000003_0080
VLOG[2] (compute-plp-feats[5.5.0~1494-e5a5]:main():compute-plp-feats.cc:182) Processed features for key ky_M0000000003_0081
VLOG[2] (compute-plp-feats[5.5.0~1494-e5a5]:main():compute-plp-feats.cc:182) Processed features for key ky_M0000000003_0082
VLOG[2] (compute-plp-feats[5.5.0~1494-e5a5]:main():compute-plp-feats.cc:182) Processed features for key ky_M0000000003_0083
VLOG[2] (compute-plp-feats[5.5.0~1494-e5a5]:main():compute-plp-feats.cc:182) Processed features for key ky_M0000000003_0084
VLOG[2] (compute-plp-feats[5.5.0~1494-e5a5]:main():compute-plp-feats.cc:182) Processed features for key ky_M0000000003_0085
VLOG[2] (compute-plp-feats[5.5.0~1494-e5a5]:main():compute-plp-feats.cc:182) Processed features for key ky_M0000000003_0086
VLOG[2] (compute-plp-feats[5.5.0~1494-e5a5]:main():compute-plp-feats.cc:182) Processed features for key ky_M0000000003_0087
VLOG[2] (compute-plp-feats[5.5.0~1494-e5a5]:main():compute-plp-feats.cc:182) Processed features for key ky_M0000000003_0088
LOG (compute-plp-feats[5.5.0~1494-e5a5]:main():compute-plp-feats.cc:181) Processed 390 utterances
VLOG[2] (compute-plp-feats[5.5.0~1494-e5a5]:main():compute-plp-feats.cc:182) Processed features for key ky_M0000000003_0089
VLOG[2] (compute-plp-feats[5.5.0~1494-e5a5]:main():compute-plp-feats.cc:182) Processed features for key ky_M0000000003_0090
VLOG[2] (compute-plp-feats[5.5.0~1494-e5a5]:main():compute-plp-feats.cc:182) Processed features for key ky_M0000000003_0091
VLOG[2] (compute-plp-feats[5.5.0~1494-e5a5]:main():compute-plp-feats.cc:182) Processed features for key ky_M0000000003_0092
VLOG[2] (compute-plp-feats[5.5.0~1494-e5a5]:main():compute-plp-feats.cc:182) Processed features for key ky_M0000000003_0093
VLOG[2] (compute-plp-feats[5.5.0~1494-e5a5]:main():compute-plp-feats.cc:182) Processed features for key ky_M0000000003_0094
VLOG[2] (compute-plp-feats[5.5.0~1494-e5a5]:main():compute-plp-feats.cc:182) Processed features for key ky_M0000000003_0095
VLOG[2] (compute-plp-feats[5.5.0~1494-e5a5]:main():compute-plp-feats.cc:182) Processed features for key ky_M0000000003_0096
VLOG[2] (compute-plp-feats[5.5.0~1494-e5a5]:main():compute-plp-feats.cc:182) Processed features for key ky_M0000000003_0097
VLOG[2] (compute-plp-feats[5.5.0~1494-e5a5]:main():compute-plp-feats.cc:182) Processed features for key ky_M0000000003_0098
LOG (compute-plp-feats[5.5.0~1494-e5a5]:main():compute-plp-feats.cc:181) Processed 400 utterances
VLOG[2] (compute-plp-feats[5.5.0~1494-e5a5]:main():compute-plp-feats.cc:182) Processed features for key ky_M0000000003_0099
VLOG[2] (compute-plp-feats[5.5.0~1494-e5a5]:main():compute-plp-feats.cc:182) Processed features for key ky_M0000000004_0000
VLOG[2] (compute-plp-feats[5.5.0~1494-e5a5]:main():compute-plp-feats.cc:182) Processed features for key ky_M0000000004_0001
VLOG[2] (compute-plp-feats[5.5.0~1494-e5a5]:main():compute-plp-feats.cc:182) Processed features for key ky_M0000000004_0002
VLOG[2] (compute-plp-feats[5.5.0~1494-e5a5]:main():compute-plp-feats.cc:182) Processed features for key ky_M0000000004_0003
VLOG[2] (compute-plp-feats[5.5.0~1494-e5a5]:main():compute-plp-feats.cc:182) Processed features for key ky_M0000000004_0004
VLOG[2] (compute-plp-feats[5.5.0~1494-e5a5]:main():compute-plp-feats.cc:182) Processed features for key ky_M0000000004_0005
VLOG[2] (compute-plp-feats[5.5.0~1494-e5a5]:main():compute-plp-feats.cc:182) Processed features for key ky_M0000000004_0006
VLOG[2] (compute-plp-feats[5.5.0~1494-e5a5]:main():compute-plp-feats.cc:182) Processed features for key ky_M0000000004_0007
VLOG[2] (compute-plp-feats[5.5.0~1494-e5a5]:main():compute-plp-feats.cc:182) Processed features for key ky_M0000000004_0008
LOG (compute-plp-feats[5.5.0~1494-e5a5]:main():compute-plp-feats.cc:181) Processed 410 utterances
VLOG[2] (compute-plp-feats[5.5.0~1494-e5a5]:main():compute-plp-feats.cc:182) Processed features for key ky_M0000000004_0009
VLOG[2] (compute-plp-feats[5.5.0~1494-e5a5]:main():compute-plp-feats.cc:182) Processed features for key ky_M0000000004_0010
VLOG[2] (compute-plp-feats[5.5.0~1494-e5a5]:main():compute-plp-feats.cc:182) Processed features for key ky_M0000000004_0011
VLOG[2] (compute-plp-feats[5.5.0~1494-e5a5]:main():compute-plp-feats.cc:182) Processed features for key ky_M0000000004_0012
VLOG[2] (compute-plp-feats[5.5.0~1494-e5a5]:main():compute-plp-feats.cc:182) Processed features for key ky_M0000000004_0013
VLOG[2] (compute-plp-feats[5.5.0~1494-e5a5]:main():compute-plp-feats.cc:182) Processed features for key ky_M0000000004_0014
VLOG[2] (compute-plp-feats[5.5.0~1494-e5a5]:main():compute-plp-feats.cc:182) Processed features for key ky_M0000000004_0015
VLOG[2] (compute-plp-feats[5.5.0~1494-e5a5]:main():compute-plp-feats.cc:182) Processed features for key ky_M0000000004_0016
VLOG[2] (compute-plp-feats[5.5.0~1494-e5a5]:main():compute-plp-feats.cc:182) Processed features for key ky_M0000000004_0017
VLOG[2] (compute-plp-feats[5.5.0~1494-e5a5]:main():compute-plp-feats.cc:182) Processed features for key ky_M0000000004_0018
LOG (compute-plp-feats[5.5.0~1494-e5a5]:main():compute-plp-feats.cc:181) Processed 420 utterances
VLOG[2] (compute-plp-feats[5.5.0~1494-e5a5]:main():compute-plp-feats.cc:182) Processed features for key ky_M0000000004_0019
VLOG[2] (compute-plp-feats[5.5.0~1494-e5a5]:main():compute-plp-feats.cc:182) Processed features for key ky_M0000000004_0020
VLOG[2] (compute-plp-feats[5.5.0~1494-e5a5]:main():compute-plp-feats.cc:182) Processed features for key ky_M0000000004_0021
VLOG[2] (compute-plp-feats[5.5.0~1494-e5a5]:main():compute-plp-feats.cc:182) Processed features for key ky_M0000000004_0022
VLOG[2] (compute-plp-feats[5.5.0~1494-e5a5]:main():compute-plp-feats.cc:182) Processed features for key ky_M0000000004_0023
VLOG[2] (compute-plp-feats[5.5.0~1494-e5a5]:main():compute-plp-feats.cc:182) Processed features for key ky_M0000000004_0024
VLOG[2] (compute-plp-feats[5.5.0~1494-e5a5]:main():compute-plp-feats.cc:182) Processed features for key ky_M0000000004_0025
VLOG[2] (compute-plp-feats[5.5.0~1494-e5a5]:main():compute-plp-feats.cc:182) Processed features for key ky_M0000000004_0026
VLOG[2] (compute-plp-feats[5.5.0~1494-e5a5]:main():compute-plp-feats.cc:182) Processed features for key ky_M0000000004_0027
VLOG[2] (compute-plp-feats[5.5.0~1494-e5a5]:main():compute-plp-feats.cc:182) Processed features for key ky_M0000000004_0028
LOG (compute-plp-feats[5.5.0~1494-e5a5]:main():compute-plp-feats.cc:181) Processed 430 utterances
VLOG[2] (compute-plp-feats[5.5.0~1494-e5a5]:main():compute-plp-feats.cc:182) Processed features for key ky_M0000000004_0029
VLOG[2] (compute-plp-feats[5.5.0~1494-e5a5]:main():compute-plp-feats.cc:182) Processed features for key ky_M0000000004_0030
VLOG[2] (compute-plp-feats[5.5.0~1494-e5a5]:main():compute-plp-feats.cc:182) Processed features for key ky_M0000000004_0031
VLOG[2] (compute-plp-feats[5.5.0~1494-e5a5]:main():compute-plp-feats.cc:182) Processed features for key ky_M0000000004_0032
VLOG[2] (compute-plp-feats[5.5.0~1494-e5a5]:main():compute-plp-feats.cc:182) Processed features for key ky_M0000000004_0033
VLOG[2] (compute-plp-feats[5.5.0~1494-e5a5]:main():compute-plp-feats.cc:182) Processed features for key ky_M0000000004_0034
VLOG[2] (compute-plp-feats[5.5.0~1494-e5a5]:main():compute-plp-feats.cc:182) Processed features for key ky_M0000000004_0035
VLOG[2] (compute-plp-feats[5.5.0~1494-e5a5]:main():compute-plp-feats.cc:182) Processed features for key ky_M0000000004_0036
VLOG[2] (compute-plp-feats[5.5.0~1494-e5a5]:main():compute-plp-feats.cc:182) Processed features for key ky_M0000000004_0037
VLOG[2] (compute-plp-feats[5.5.0~1494-e5a5]:main():compute-plp-feats.cc:182) Processed features for key ky_M0000000004_0038
LOG (compute-plp-feats[5.5.0~1494-e5a5]:main():compute-plp-feats.cc:181) Processed 440 utterances
VLOG[2] (compute-plp-feats[5.5.0~1494-e5a5]:main():compute-plp-feats.cc:182) Processed features for key ky_M0000000004_0039
VLOG[2] (compute-plp-feats[5.5.0~1494-e5a5]:main():compute-plp-feats.cc:182) Processed features for key ky_M0000000004_0040
VLOG[2] (compute-plp-feats[5.5.0~1494-e5a5]:main():compute-plp-feats.cc:182) Processed features for key ky_M0000000004_0041
VLOG[2] (compute-plp-feats[5.5.0~1494-e5a5]:main():compute-plp-feats.cc:182) Processed features for key ky_M0000000004_0042
VLOG[2] (compute-plp-feats[5.5.0~1494-e5a5]:main():compute-plp-feats.cc:182) Processed features for key ky_M0000000004_0043
VLOG[2] (compute-plp-feats[5.5.0~1494-e5a5]:main():compute-plp-feats.cc:182) Processed features for key ky_M0000000004_0044
VLOG[2] (compute-plp-feats[5.5.0~1494-e5a5]:main():compute-plp-feats.cc:182) Processed features for key ky_M0000000004_0045
VLOG[2] (compute-plp-feats[5.5.0~1494-e5a5]:main():compute-plp-feats.cc:182) Processed features for key ky_M0000000004_0046
VLOG[2] (compute-plp-feats[5.5.0~1494-e5a5]:main():compute-plp-feats.cc:182) Processed features for key ky_M0000000004_0047
VLOG[2] (compute-plp-feats[5.5.0~1494-e5a5]:main():compute-plp-feats.cc:182) Processed features for key ky_M0000000004_0048
LOG (compute-plp-feats[5.5.0~1494-e5a5]:main():compute-plp-feats.cc:181) Processed 450 utterances
VLOG[2] (compute-plp-feats[5.5.0~1494-e5a5]:main():compute-plp-feats.cc:182) Processed features for key ky_M0000000004_0049
VLOG[2] (compute-plp-feats[5.5.0~1494-e5a5]:main():compute-plp-feats.cc:182) Processed features for key ky_M0000000004_0050
VLOG[2] (compute-plp-feats[5.5.0~1494-e5a5]:main():compute-plp-feats.cc:182) Processed features for key ky_M0000000004_0051
VLOG[2] (compute-plp-feats[5.5.0~1494-e5a5]:main():compute-plp-feats.cc:182) Processed features for key ky_M0000000004_0052
VLOG[2] (compute-plp-feats[5.5.0~1494-e5a5]:main():compute-plp-feats.cc:182) Processed features for key ky_M0000000004_0053
VLOG[2] (compute-plp-feats[5.5.0~1494-e5a5]:main():compute-plp-feats.cc:182) Processed features for key ky_M0000000004_0054
VLOG[2] (compute-plp-feats[5.5.0~1494-e5a5]:main():compute-plp-feats.cc:182) Processed features for key ky_M0000000004_0055
VLOG[2] (compute-plp-feats[5.5.0~1494-e5a5]:main():compute-plp-feats.cc:182) Processed features for key ky_M0000000004_0056
VLOG[2] (compute-plp-feats[5.5.0~1494-e5a5]:main():compute-plp-feats.cc:182) Processed features for key ky_M0000000004_0057
VLOG[2] (compute-plp-feats[5.5.0~1494-e5a5]:main():compute-plp-feats.cc:182) Processed features for key ky_M0000000004_0058
LOG (compute-plp-feats[5.5.0~1494-e5a5]:main():compute-plp-feats.cc:181) Processed 460 utterances
VLOG[2] (compute-plp-feats[5.5.0~1494-e5a5]:main():compute-plp-feats.cc:182) Processed features for key ky_M0000000004_0059
VLOG[2] (compute-plp-feats[5.5.0~1494-e5a5]:main():compute-plp-feats.cc:182) Processed features for key ky_M0000000004_0060
VLOG[2] (compute-plp-feats[5.5.0~1494-e5a5]:main():compute-plp-feats.cc:182) Processed features for key ky_M0000000004_0061
VLOG[2] (compute-plp-feats[5.5.0~1494-e5a5]:main():compute-plp-feats.cc:182) Processed features for key ky_M0000000004_0062
VLOG[2] (compute-plp-feats[5.5.0~1494-e5a5]:main():compute-plp-feats.cc:182) Processed features for key ky_M0000000004_0063
VLOG[2] (compute-plp-feats[5.5.0~1494-e5a5]:main():compute-plp-feats.cc:182) Processed features for key ky_M0000000004_0064
VLOG[2] (compute-plp-feats[5.5.0~1494-e5a5]:main():compute-plp-feats.cc:182) Processed features for key ky_M0000000004_0065
VLOG[2] (compute-plp-feats[5.5.0~1494-e5a5]:main():compute-plp-feats.cc:182) Processed features for key ky_M0000000004_0066
VLOG[2] (compute-plp-feats[5.5.0~1494-e5a5]:main():compute-plp-feats.cc:182) Processed features for key ky_M0000000004_0067
VLOG[2] (compute-plp-feats[5.5.0~1494-e5a5]:main():compute-plp-feats.cc:182) Processed features for key ky_M0000000004_0068
LOG (compute-plp-feats[5.5.0~1494-e5a5]:main():compute-plp-feats.cc:181) Processed 470 utterances
VLOG[2] (compute-plp-feats[5.5.0~1494-e5a5]:main():compute-plp-feats.cc:182) Processed features for key ky_M0000000004_0069
VLOG[2] (compute-plp-feats[5.5.0~1494-e5a5]:main():compute-plp-feats.cc:182) Processed features for key ky_M0000000004_0070
VLOG[2] (compute-plp-feats[5.5.0~1494-e5a5]:main():compute-plp-feats.cc:182) Processed features for key ky_M0000000004_0071
VLOG[2] (compute-plp-feats[5.5.0~1494-e5a5]:main():compute-plp-feats.cc:182) Processed features for key ky_M0000000004_0072
VLOG[2] (compute-plp-feats[5.5.0~1494-e5a5]:main():compute-plp-feats.cc:182) Processed features for key ky_M0000000004_0073
VLOG[2] (compute-plp-feats[5.5.0~1494-e5a5]:main():compute-plp-feats.cc:182) Processed features for key ky_M0000000004_0074
VLOG[2] (compute-plp-feats[5.5.0~1494-e5a5]:main():compute-plp-feats.cc:182) Processed features for key ky_M0000000004_0075
VLOG[2] (compute-plp-feats[5.5.0~1494-e5a5]:main():compute-plp-feats.cc:182) Processed features for key ky_M0000000004_0076
VLOG[2] (compute-plp-feats[5.5.0~1494-e5a5]:main():compute-plp-feats.cc:182) Processed features for key ky_M0000000004_0077
VLOG[2] (compute-plp-feats[5.5.0~1494-e5a5]:main():compute-plp-feats.cc:182) Processed features for key ky_M0000000004_0078
LOG (compute-plp-feats[5.5.0~1494-e5a5]:main():compute-plp-feats.cc:181) Processed 480 utterances
VLOG[2] (compute-plp-feats[5.5.0~1494-e5a5]:main():compute-plp-feats.cc:182) Processed features for key ky_M0000000004_0079
VLOG[2] (compute-plp-feats[5.5.0~1494-e5a5]:main():compute-plp-feats.cc:182) Processed features for key ky_M0000000004_0080
VLOG[2] (compute-plp-feats[5.5.0~1494-e5a5]:main():compute-plp-feats.cc:182) Processed features for key ky_M0000000004_0081
VLOG[2] (compute-plp-feats[5.5.0~1494-e5a5]:main():compute-plp-feats.cc:182) Processed features for key ky_M0000000004_0082
VLOG[2] (compute-plp-feats[5.5.0~1494-e5a5]:main():compute-plp-feats.cc:182) Processed features for key ky_M0000000004_0083
VLOG[2] (compute-plp-feats[5.5.0~1494-e5a5]:main():compute-plp-feats.cc:182) Processed features for key ky_M0000000004_0084
VLOG[2] (compute-plp-feats[5.5.0~1494-e5a5]:main():compute-plp-feats.cc:182) Processed features for key ky_M0000000004_0085
VLOG[2] (compute-plp-feats[5.5.0~1494-e5a5]:main():compute-plp-feats.cc:182) Processed features for key ky_M0000000004_0086
VLOG[2] (compute-plp-feats[5.5.0~1494-e5a5]:main():compute-plp-feats.cc:182) Processed features for key ky_M0000000004_0087
VLOG[2] (compute-plp-feats[5.5.0~1494-e5a5]:main():compute-plp-feats.cc:182) Processed features for key ky_M0000000004_0088
LOG (compute-plp-feats[5.5.0~1494-e5a5]:main():compute-plp-feats.cc:181) Processed 490 utterances
VLOG[2] (compute-plp-feats[5.5.0~1494-e5a5]:main():compute-plp-feats.cc:182) Processed features for key ky_M0000000004_0089
VLOG[2] (compute-plp-feats[5.5.0~1494-e5a5]:main():compute-plp-feats.cc:182) Processed features for key ky_M0000000004_0090
VLOG[2] (compute-plp-feats[5.5.0~1494-e5a5]:main():compute-plp-feats.cc:182) Processed features for key ky_M0000000004_0091
VLOG[2] (compute-plp-feats[5.5.0~1494-e5a5]:main():compute-plp-feats.cc:182) Processed features for key ky_M0000000004_0092
VLOG[2] (compute-plp-feats[5.5.0~1494-e5a5]:main():compute-plp-feats.cc:182) Processed features for key ky_M0000000004_0093
VLOG[2] (compute-plp-feats[5.5.0~1494-e5a5]:main():compute-plp-feats.cc:182) Processed features for key ky_M0000000004_0094
VLOG[2] (compute-plp-feats[5.5.0~1494-e5a5]:main():compute-plp-feats.cc:182) Processed features for key ky_M0000000004_0095
VLOG[2] (compute-plp-feats[5.5.0~1494-e5a5]:main():compute-plp-feats.cc:182) Processed features for key ky_M0000000004_0096
VLOG[2] (compute-plp-feats[5.5.0~1494-e5a5]:main():compute-plp-feats.cc:182) Processed features for key ky_M0000000004_0097
VLOG[2] (compute-plp-feats[5.5.0~1494-e5a5]:main():compute-plp-feats.cc:182) Processed features for key ky_M0000000004_0098
LOG (compute-plp-feats[5.5.0~1494-e5a5]:main():compute-plp-feats.cc:181) Processed 500 utterances
VLOG[2] (compute-plp-feats[5.5.0~1494-e5a5]:main():compute-plp-feats.cc:182) Processed features for key ky_M0000000004_0099
VLOG[2] (compute-plp-feats[5.5.0~1494-e5a5]:main():compute-plp-feats.cc:182) Processed features for key ky_M0000000005_0000
VLOG[2] (compute-plp-feats[5.5.0~1494-e5a5]:main():compute-plp-feats.cc:182) Processed features for key ky_M0000000005_0001
VLOG[2] (compute-plp-feats[5.5.0~1494-e5a5]:main():compute-plp-feats.cc:182) Processed features for key ky_M0000000005_0002
VLOG[2] (compute-plp-feats[5.5.0~1494-e5a5]:main():compute-plp-feats.cc:182) Processed features for key ky_M0000000005_0003
VLOG[2] (compute-plp-feats[5.5.0~1494-e5a5]:main():compute-plp-feats.cc:182) Processed features for key ky_M0000000005_0004
VLOG[2] (compute-plp-feats[5.5.0~1494-e5a5]:main():compute-plp-feats.cc:182) Processed features for key ky_M0000000005_0005
VLOG[2] (compute-plp-feats[5.5.0~1494-e5a5]:main():compute-plp-feats.cc:182) Processed features for key ky_M0000000005_0006
VLOG[2] (compute-plp-feats[5.5.0~1494-e5a5]:main():compute-plp-feats.cc:182) Processed features for key ky_M0000000005_0007
VLOG[2] (compute-plp-feats[5.5.0~1494-e5a5]:main():compute-plp-feats.cc:182) Processed features for key ky_M0000000005_0008
LOG (compute-plp-feats[5.5.0~1494-e5a5]:main():compute-plp-feats.cc:181) Processed 510 utterances
VLOG[2] (compute-plp-feats[5.5.0~1494-e5a5]:main():compute-plp-feats.cc:182) Processed features for key ky_M0000000005_0009
VLOG[2] (compute-plp-feats[5.5.0~1494-e5a5]:main():compute-plp-feats.cc:182) Processed features for key ky_M0000000005_0010
VLOG[2] (compute-plp-feats[5.5.0~1494-e5a5]:main():compute-plp-feats.cc:182) Processed features for key ky_M0000000005_0011
VLOG[2] (compute-plp-feats[5.5.0~1494-e5a5]:main():compute-plp-feats.cc:182) Processed features for key ky_M0000000005_0012
VLOG[2] (compute-plp-feats[5.5.0~1494-e5a5]:main():compute-plp-feats.cc:182) Processed features for key ky_M0000000005_0013
VLOG[2] (compute-plp-feats[5.5.0~1494-e5a5]:main():compute-plp-feats.cc:182) Processed features for key ky_M0000000005_0014
VLOG[2] (compute-plp-feats[5.5.0~1494-e5a5]:main():compute-plp-feats.cc:182) Processed features for key ky_M0000000005_0015
VLOG[2] (compute-plp-feats[5.5.0~1494-e5a5]:main():compute-plp-feats.cc:182) Processed features for key ky_M0000000005_0016
VLOG[2] (compute-plp-feats[5.5.0~1494-e5a5]:main():compute-plp-feats.cc:182) Processed features for key ky_M0000000005_0017
VLOG[2] (compute-plp-feats[5.5.0~1494-e5a5]:main():compute-plp-feats.cc:182) Processed features for key ky_M0000000005_0018
LOG (compute-plp-feats[5.5.0~1494-e5a5]:main():compute-plp-feats.cc:181) Processed 520 utterances
VLOG[2] (compute-plp-feats[5.5.0~1494-e5a5]:main():compute-plp-feats.cc:182) Processed features for key ky_M0000000005_0019
VLOG[2] (compute-plp-feats[5.5.0~1494-e5a5]:main():compute-plp-feats.cc:182) Processed features for key ky_M0000000005_0020
VLOG[2] (compute-plp-feats[5.5.0~1494-e5a5]:main():compute-plp-feats.cc:182) Processed features for key ky_M0000000005_0021
VLOG[2] (compute-plp-feats[5.5.0~1494-e5a5]:main():compute-plp-feats.cc:182) Processed features for key ky_M0000000005_0022
VLOG[2] (compute-plp-feats[5.5.0~1494-e5a5]:main():compute-plp-feats.cc:182) Processed features for key ky_M0000000005_0024
VLOG[2] (compute-plp-feats[5.5.0~1494-e5a5]:main():compute-plp-feats.cc:182) Processed features for key ky_M0000000005_0025
VLOG[2] (compute-plp-feats[5.5.0~1494-e5a5]:main():compute-plp-feats.cc:182) Processed features for key ky_M0000000005_0026
VLOG[2] (compute-plp-feats[5.5.0~1494-e5a5]:main():compute-plp-feats.cc:182) Processed features for key ky_M0000000005_0027
VLOG[2] (compute-plp-feats[5.5.0~1494-e5a5]:main():compute-plp-feats.cc:182) Processed features for key ky_M0000000005_0028
VLOG[2] (compute-plp-feats[5.5.0~1494-e5a5]:main():compute-plp-feats.cc:182) Processed features for key ky_M0000000005_0029
LOG (compute-plp-feats[5.5.0~1494-e5a5]:main():compute-plp-feats.cc:181) Processed 530 utterances
VLOG[2] (compute-plp-feats[5.5.0~1494-e5a5]:main():compute-plp-feats.cc:182) Processed features for key ky_M0000000005_0030
VLOG[2] (compute-plp-feats[5.5.0~1494-e5a5]:main():compute-plp-feats.cc:182) Processed features for key ky_M0000000005_0031
VLOG[2] (compute-plp-feats[5.5.0~1494-e5a5]:main():compute-plp-feats.cc:182) Processed features for key ky_M0000000005_0032
VLOG[2] (compute-plp-feats[5.5.0~1494-e5a5]:main():compute-plp-feats.cc:182) Processed features for key ky_M0000000005_0033
VLOG[2] (compute-plp-feats[5.5.0~1494-e5a5]:main():compute-plp-feats.cc:182) Processed features for key ky_M0000000005_0034
VLOG[2] (compute-plp-feats[5.5.0~1494-e5a5]:main():compute-plp-feats.cc:182) Processed features for key ky_M0000000005_0035
VLOG[2] (compute-plp-feats[5.5.0~1494-e5a5]:main():compute-plp-feats.cc:182) Processed features for key ky_M0000000005_0036
VLOG[2] (compute-plp-feats[5.5.0~1494-e5a5]:main():compute-plp-feats.cc:182) Processed features for key ky_M0000000005_0037
VLOG[2] (compute-plp-feats[5.5.0~1494-e5a5]:main():compute-plp-feats.cc:182) Processed features for key ky_M0000000005_0038
VLOG[2] (compute-plp-feats[5.5.0~1494-e5a5]:main():compute-plp-feats.cc:182) Processed features for key ky_M0000000005_0039
LOG (compute-plp-feats[5.5.0~1494-e5a5]:main():compute-plp-feats.cc:181) Processed 540 utterances
VLOG[2] (compute-plp-feats[5.5.0~1494-e5a5]:main():compute-plp-feats.cc:182) Processed features for key ky_M0000000005_0040
VLOG[2] (compute-plp-feats[5.5.0~1494-e5a5]:main():compute-plp-feats.cc:182) Processed features for key ky_M0000000005_0041
VLOG[2] (compute-plp-feats[5.5.0~1494-e5a5]:main():compute-plp-feats.cc:182) Processed features for key ky_M0000000005_0042
VLOG[2] (compute-plp-feats[5.5.0~1494-e5a5]:main():compute-plp-feats.cc:182) Processed features for key ky_M0000000005_0043
VLOG[2] (compute-plp-feats[5.5.0~1494-e5a5]:main():compute-plp-feats.cc:182) Processed features for key ky_M0000000005_0044
VLOG[2] (compute-plp-feats[5.5.0~1494-e5a5]:main():compute-plp-feats.cc:182) Processed features for key ky_M0000000005_0045
VLOG[2] (compute-plp-feats[5.5.0~1494-e5a5]:main():compute-plp-feats.cc:182) Processed features for key ky_M0000000005_0046
VLOG[2] (compute-plp-feats[5.5.0~1494-e5a5]:main():compute-plp-feats.cc:182) Processed features for key ky_M0000000005_0047
VLOG[2] (compute-plp-feats[5.5.0~1494-e5a5]:main():compute-plp-feats.cc:182) Processed features for key ky_M0000000005_0048
VLOG[2] (compute-plp-feats[5.5.0~1494-e5a5]:main():compute-plp-feats.cc:182) Processed features for key ky_M0000000005_0049
LOG (compute-plp-feats[5.5.0~1494-e5a5]:main():compute-plp-feats.cc:181) Processed 550 utterances
VLOG[2] (compute-plp-feats[5.5.0~1494-e5a5]:main():compute-plp-feats.cc:182) Processed features for key ky_M0000000005_0050
VLOG[2] (compute-plp-feats[5.5.0~1494-e5a5]:main():compute-plp-feats.cc:182) Processed features for key ky_M0000000005_0051
VLOG[2] (compute-plp-feats[5.5.0~1494-e5a5]:main():compute-plp-feats.cc:182) Processed features for key ky_M0000000005_0052
VLOG[2] (compute-plp-feats[5.5.0~1494-e5a5]:main():compute-plp-feats.cc:182) Processed features for key ky_M0000000005_0053
VLOG[2] (compute-plp-feats[5.5.0~1494-e5a5]:main():compute-plp-feats.cc:182) Processed features for key ky_M0000000005_0054
VLOG[2] (compute-plp-feats[5.5.0~1494-e5a5]:main():compute-plp-feats.cc:182) Processed features for key ky_M0000000005_0055
VLOG[2] (compute-plp-feats[5.5.0~1494-e5a5]:main():compute-plp-feats.cc:182) Processed features for key ky_M0000000005_0056
VLOG[2] (compute-plp-feats[5.5.0~1494-e5a5]:main():compute-plp-feats.cc:182) Processed features for key ky_M0000000005_0057
VLOG[2] (compute-plp-feats[5.5.0~1494-e5a5]:main():compute-plp-feats.cc:182) Processed features for key ky_M0000000005_0058
VLOG[2] (compute-plp-feats[5.5.0~1494-e5a5]:main():compute-plp-feats.cc:182) Processed features for key ky_M0000000005_0059
LOG (compute-plp-feats[5.5.0~1494-e5a5]:main():compute-plp-feats.cc:181) Processed 560 utterances
VLOG[2] (compute-plp-feats[5.5.0~1494-e5a5]:main():compute-plp-feats.cc:182) Processed features for key ky_M0000000005_0060
VLOG[2] (compute-plp-feats[5.5.0~1494-e5a5]:main():compute-plp-feats.cc:182) Processed features for key ky_M0000000005_0061
VLOG[2] (compute-plp-feats[5.5.0~1494-e5a5]:main():compute-plp-feats.cc:182) Processed features for key ky_M0000000005_0062
VLOG[2] (compute-plp-feats[5.5.0~1494-e5a5]:main():compute-plp-feats.cc:182) Processed features for key ky_M0000000005_0063
VLOG[2] (compute-plp-feats[5.5.0~1494-e5a5]:main():compute-plp-feats.cc:182) Processed features for key ky_M0000000005_0064
VLOG[2] (compute-plp-feats[5.5.0~1494-e5a5]:main():compute-plp-feats.cc:182) Processed features for key ky_M0000000005_0065
VLOG[2] (compute-plp-feats[5.5.0~1494-e5a5]:main():compute-plp-feats.cc:182) Processed features for key ky_M0000000005_0066
VLOG[2] (compute-plp-feats[5.5.0~1494-e5a5]:main():compute-plp-feats.cc:182) Processed features for key ky_M0000000005_0067
LOG (compute-plp-feats[5.5.0~1494-e5a5]:main():compute-plp-feats.cc:185)  Done 567 out of 567 utterances.
LOG (copy-feats[5.5.0~1494-e5a5]:main():copy-feats.cc:143) Copied 567 feature matrices.
# Accounting: time=5 threads=1
# Ended (code 0) at Sun Feb  7 09:36:00 UTC 2021, elapsed time 5 seconds
