# gunzip -c exp/tri1/decode/depth_stats_tmp.*.gz | steps/diagnostic/analyze_lattice_depth_stats.py exp/tri1/graph/ 
# Started at Sun May  2 17:11:21 UTC 2021
#
The total amount of data analyzed assuming 100 frames per second is 0.3 hours
Overall, lattice depth (10,50,90-percentile)=(1,7,26) and mean=11.6
Phone SIL accounts for 54.0% of frames, with lattice depth (10,50,90-percentile)=(1,6,22) and mean=10.1
Nonsilence phones as a group account for 46.0% of frames, with lattice depth (10,50,90-percentile)=(2,8,30) and mean=13.3
Phone j^_E accounts for 4.8% of frames, with lattice depth (10,50,90-percentile)=(2,8,30) and mean=13.7
Phone aa_I accounts for 3.5% of frames, with lattice depth (10,50,90-percentile)=(2,8,25) and mean=11.7
Phone a_I accounts for 3.3% of frames, with lattice depth (10,50,90-percentile)=(3,9,33) and mean=14.4
Phone ng^_E accounts for 2.7% of frames, with lattice depth (10,50,90-percentile)=(2,8,36) and mean=14.1
Phone n^_E accounts for 2.4% of frames, with lattice depth (10,50,90-percentile)=(2,9,39) and mean=14.7
Phone t^_S accounts for 1.8% of frames, with lattice depth (10,50,90-percentile)=(1,4,13) and mean=5.0
Phone @@_I accounts for 1.5% of frames, with lattice depth (10,50,90-percentile)=(1,6,21) and mean=9.5
Phone m_B accounts for 1.4% of frames, with lattice depth (10,50,90-percentile)=(2,7,28) and mean=11.5
Phone r_B accounts for 1.3% of frames, with lattice depth (10,50,90-percentile)=(4,12,39) and mean=19.5
Phone ii_E accounts for 1.2% of frames, with lattice depth (10,50,90-percentile)=(1,6,26) and mean=10.4
Phone w^_E accounts for 1.1% of frames, with lattice depth (10,50,90-percentile)=(2,8,31) and mean=13.6
Phone kh_B accounts for 1.1% of frames, with lattice depth (10,50,90-percentile)=(3,9,29) and mean=12.9
Phone n_B accounts for 0.9% of frames, with lattice depth (10,50,90-percentile)=(3,9,33) and mean=15.2
Phone k^_E accounts for 0.8% of frames, with lattice depth (10,50,90-percentile)=(2,10,36) and mean=15.9
Phone o_I accounts for 0.8% of frames, with lattice depth (10,50,90-percentile)=(2,10,27) and mean=14.3
Phone t^_E accounts for 0.8% of frames, with lattice depth (10,50,90-percentile)=(3,11,38) and mean=15.9
Phone s_B accounts for 0.7% of frames, with lattice depth (10,50,90-percentile)=(3,8,32) and mean=12.8
Phone th_B accounts for 0.7% of frames, with lattice depth (10,50,90-percentile)=(2,7,26) and mean=11.7
Phone z_B accounts for 0.7% of frames, with lattice depth (10,50,90-percentile)=(3,8,27) and mean=12.3
Phone l_B accounts for 0.6% of frames, with lattice depth (10,50,90-percentile)=(3,12,37) and mean=17.2
Phone v_I accounts for 0.5% of frames, with lattice depth (10,50,90-percentile)=(3,7,40) and mean=14.5
Phone m^_E accounts for 0.5% of frames, with lattice depth (10,50,90-percentile)=(1,6,39) and mean=14.1
# Accounting: time=0 threads=1
# Ended (code 0) at Sun May  2 17:11:21 UTC 2021, elapsed time 0 seconds
