# build-tree --verbose=1 --max-leaves=2000 --cluster-thresh=-1 exp/tri1/treeacc data/lang/phones/roots.int exp/tri1/questions.qst data/lang/topo exp/tri1/tree 
# Started at Wed Nov  4 15:58:47 UTC 2020
#
build-tree --verbose=1 --max-leaves=2000 --cluster-thresh=-1 exp/tri1/treeacc data/lang/phones/roots.int exp/tri1/questions.qst data/lang/topo exp/tri1/tree 
LOG (build-tree[5.5.0~1494-e5a5]:main():build-tree.cc:104) Number of separate statistics is 110
LOG (build-tree[5.5.0~1494-e5a5]:BuildTree():build-tree.cc:161) BuildTree: before building trees, map has 9 leaves.
LOG (build-tree[5.5.0~1494-e5a5]:SplitDecisionTree():build-tree-utils.cc:577) DoDecisionTreeSplit: split 38 times, #leaves now 47
LOG (build-tree[5.5.0~1494-e5a5]:BuildTree():build-tree.cc:187) Setting clustering threshold to smallest split 300.379
VLOG[1] (build-tree[5.5.0~1494-e5a5]:BuildTree():build-tree.cc:196) After decision tree split, num-leaves = 47, like-impr = 5.92035 per frame over 55366 frames.
VLOG[1] (build-tree[5.5.0~1494-e5a5]:BuildTree():build-tree.cc:200) Including just phones that were split, improvement is 5.92035 per frame over 55366 frames.
LOG (build-tree[5.5.0~1494-e5a5]:BuildTree():build-tree.cc:215) BuildTree: removed 5 leaves.
VLOG[1] (build-tree[5.5.0~1494-e5a5]:ClusterEventMapToNClustersRestrictedByMap():build-tree-utils.cc:914) Number of non-empty clusters in map = 9
VLOG[1] (build-tree[5.5.0~1494-e5a5]:ClusterEventMapToNClustersRestrictedByMap():build-tree-utils.cc:915) Number of non-empty clusters = 42
LOG (build-tree[5.5.0~1494-e5a5]:BuildTree():build-tree.cc:231) BuildTree: Rounded num leaves to multiple of 8 by removing 2 leaves.
VLOG[1] (build-tree[5.5.0~1494-e5a5]:BuildTree():build-tree.cc:256) Objf change due to clustering -0.0370715 per frame.
VLOG[1] (build-tree[5.5.0~1494-e5a5]:BuildTree():build-tree.cc:259) Normalizing over only split phones, this is: -0.0370715 per frame.
VLOG[1] (build-tree[5.5.0~1494-e5a5]:BuildTree():build-tree.cc:262) Num-leaves is now 40
VLOG[1] (build-tree[5.5.0~1494-e5a5]:main():build-tree.cc:143) For pdf-id 29, low count 67
WARNING (build-tree[5.5.0~1494-e5a5]:main():build-tree.cc:185) Saw no stats for following phones: 2 3 4 5 6 7 9 10 13 14 16 17 19 20 21 23 24 25 26 27 29 30 32 33 34 35 37 
LOG (build-tree[5.5.0~1494-e5a5]:main():build-tree.cc:189) Wrote tree
# Accounting: time=0 threads=1
# Ended (code 0) at Wed Nov  4 15:58:47 UTC 2020, elapsed time 0 seconds
