# gmm-acc-stats-ali exp/tri3b/19.mdl "ark,s,cs:apply-cmvn  --utt2spk=ark:data/train/split4/2/utt2spk scp:data/train/split4/2/cmvn.scp scp:data/train/split4/2/feats.scp ark:- | splice-feats  ark:- ark:- | transform-feats exp/tri2b_ali/final.mat ark:- ark:- | transform-feats --utt2spk=ark:data/train/split4/2/utt2spk ark:exp/tri3b/trans.2 ark:- ark:- |" "ark,s,cs:gunzip -c exp/tri3b/ali.2.gz|" exp/tri3b/19.2.acc 
# Started at Mon May 17 09:32:55 UTC 2021
#
gmm-acc-stats-ali exp/tri3b/19.mdl 'ark,s,cs:apply-cmvn  --utt2spk=ark:data/train/split4/2/utt2spk scp:data/train/split4/2/cmvn.scp scp:data/train/split4/2/feats.scp ark:- | splice-feats  ark:- ark:- | transform-feats exp/tri2b_ali/final.mat ark:- ark:- | transform-feats --utt2spk=ark:data/train/split4/2/utt2spk ark:exp/tri3b/trans.2 ark:- ark:- |' 'ark,s,cs:gunzip -c exp/tri3b/ali.2.gz|' exp/tri3b/19.2.acc 
transform-feats --utt2spk=ark:data/train/split4/2/utt2spk ark:exp/tri3b/trans.2 ark:- ark:- 
transform-feats exp/tri2b_ali/final.mat ark:- ark:- 
splice-feats ark:- ark:- 
apply-cmvn --utt2spk=ark:data/train/split4/2/utt2spk scp:data/train/split4/2/cmvn.scp scp:data/train/split4/2/feats.scp ark:- 
LOG (gmm-acc-stats-ali[5.5.0~1494-e5a5]:main():gmm-acc-stats-ali.cc:105) Processed 50 utterances; for utterance M0000000021_0049 avg. like is -39.2014 over 507 frames.
LOG (gmm-acc-stats-ali[5.5.0~1494-e5a5]:main():gmm-acc-stats-ali.cc:105) Processed 100 utterances; for utterance M0000000021_0099 avg. like is -36.9214 over 589 frames.
LOG (gmm-acc-stats-ali[5.5.0~1494-e5a5]:main():gmm-acc-stats-ali.cc:105) Processed 150 utterances; for utterance M0000000022_0047 avg. like is -55.0369 over 185 frames.
LOG (gmm-acc-stats-ali[5.5.0~1494-e5a5]:main():gmm-acc-stats-ali.cc:105) Processed 200 utterances; for utterance M0000000022_0097 avg. like is -50.8926 over 155 frames.
LOG (gmm-acc-stats-ali[5.5.0~1494-e5a5]:main():gmm-acc-stats-ali.cc:105) Processed 250 utterances; for utterance M0000000023_0046 avg. like is -45.3135 over 267 frames.
LOG (gmm-acc-stats-ali[5.5.0~1494-e5a5]:main():gmm-acc-stats-ali.cc:105) Processed 300 utterances; for utterance M0000000023_0096 avg. like is -51.6334 over 181 frames.
LOG (gmm-acc-stats-ali[5.5.0~1494-e5a5]:main():gmm-acc-stats-ali.cc:105) Processed 350 utterances; for utterance M0000000024_0045 avg. like is -42.0722 over 310 frames.
LOG (gmm-acc-stats-ali[5.5.0~1494-e5a5]:main():gmm-acc-stats-ali.cc:105) Processed 400 utterances; for utterance M0000000024_0095 avg. like is -39.417 over 298 frames.
LOG (gmm-acc-stats-ali[5.5.0~1494-e5a5]:main():gmm-acc-stats-ali.cc:105) Processed 450 utterances; for utterance M0000000025_0044 avg. like is -42.2576 over 268 frames.
LOG (gmm-acc-stats-ali[5.5.0~1494-e5a5]:main():gmm-acc-stats-ali.cc:105) Processed 500 utterances; for utterance M0000000025_0094 avg. like is -38.9329 over 294 frames.
LOG (gmm-acc-stats-ali[5.5.0~1494-e5a5]:main():gmm-acc-stats-ali.cc:105) Processed 550 utterances; for utterance M0000000026_0043 avg. like is -38.6828 over 366 frames.
LOG (gmm-acc-stats-ali[5.5.0~1494-e5a5]:main():gmm-acc-stats-ali.cc:105) Processed 600 utterances; for utterance M0000000026_0093 avg. like is -39.045 over 330 frames.
LOG (gmm-acc-stats-ali[5.5.0~1494-e5a5]:main():gmm-acc-stats-ali.cc:105) Processed 650 utterances; for utterance M0000000027_0042 avg. like is -47.7407 over 318 frames.
LOG (gmm-acc-stats-ali[5.5.0~1494-e5a5]:main():gmm-acc-stats-ali.cc:105) Processed 700 utterances; for utterance M0000000027_0092 avg. like is -44.5996 over 327 frames.
LOG (gmm-acc-stats-ali[5.5.0~1494-e5a5]:main():gmm-acc-stats-ali.cc:105) Processed 750 utterances; for utterance M0000000028_0040 avg. like is -41.5154 over 150 frames.
LOG (gmm-acc-stats-ali[5.5.0~1494-e5a5]:main():gmm-acc-stats-ali.cc:105) Processed 800 utterances; for utterance M0000000028_0090 avg. like is -39.3858 over 226 frames.
LOG (gmm-acc-stats-ali[5.5.0~1494-e5a5]:main():gmm-acc-stats-ali.cc:105) Processed 850 utterances; for utterance M0000000029_0023 avg. like is -33.3459 over 206 frames.
LOG (gmm-acc-stats-ali[5.5.0~1494-e5a5]:main():gmm-acc-stats-ali.cc:105) Processed 900 utterances; for utterance M0000000029_0073 avg. like is -40.4699 over 235 frames.
LOG (gmm-acc-stats-ali[5.5.0~1494-e5a5]:main():gmm-acc-stats-ali.cc:105) Processed 950 utterances; for utterance M0000000030_0021 avg. like is -41.6142 over 175 frames.
LOG (gmm-acc-stats-ali[5.5.0~1494-e5a5]:main():gmm-acc-stats-ali.cc:105) Processed 1000 utterances; for utterance M0000000030_0071 avg. like is -57.2596 over 211 frames.
LOG (gmm-acc-stats-ali[5.5.0~1494-e5a5]:main():gmm-acc-stats-ali.cc:105) Processed 1050 utterances; for utterance M0000000031_0018 avg. like is -51.3753 over 262 frames.
WARNING (gmm-acc-stats-ali[5.5.0~1494-e5a5]:main():gmm-acc-stats-ali.cc:79) No alignment for utterance M0000000031_0043
LOG (gmm-acc-stats-ali[5.5.0~1494-e5a5]:main():gmm-acc-stats-ali.cc:105) Processed 1100 utterances; for utterance M0000000031_0069 avg. like is -49.669 over 238 frames.
LOG (gmm-acc-stats-ali[5.5.0~1494-e5a5]:main():gmm-acc-stats-ali.cc:105) Processed 1150 utterances; for utterance M0000000032_0015 avg. like is -43.6279 over 214 frames.
LOG (gmm-acc-stats-ali[5.5.0~1494-e5a5]:main():gmm-acc-stats-ali.cc:105) Processed 1200 utterances; for utterance M0000000032_0065 avg. like is -46.8165 over 190 frames.
LOG (gmm-acc-stats-ali[5.5.0~1494-e5a5]:main():gmm-acc-stats-ali.cc:105) Processed 1250 utterances; for utterance M0000000033_0012 avg. like is -52.0372 over 352 frames.
LOG (gmm-acc-stats-ali[5.5.0~1494-e5a5]:main():gmm-acc-stats-ali.cc:105) Processed 1300 utterances; for utterance M0000000033_0062 avg. like is -54.5773 over 221 frames.
LOG (gmm-acc-stats-ali[5.5.0~1494-e5a5]:main():gmm-acc-stats-ali.cc:105) Processed 1350 utterances; for utterance M0000000034_0010 avg. like is -47.7645 over 347 frames.
LOG (gmm-acc-stats-ali[5.5.0~1494-e5a5]:main():gmm-acc-stats-ali.cc:105) Processed 1400 utterances; for utterance M0000000034_0060 avg. like is -48.6631 over 191 frames.
LOG (gmm-acc-stats-ali[5.5.0~1494-e5a5]:main():gmm-acc-stats-ali.cc:105) Processed 1450 utterances; for utterance M0000000035_0008 avg. like is -44.2497 over 235 frames.
LOG (gmm-acc-stats-ali[5.5.0~1494-e5a5]:main():gmm-acc-stats-ali.cc:105) Processed 1500 utterances; for utterance M0000000035_0058 avg. like is -41.4543 over 129 frames.
LOG (gmm-acc-stats-ali[5.5.0~1494-e5a5]:main():gmm-acc-stats-ali.cc:105) Processed 1550 utterances; for utterance M0000000036_0006 avg. like is -49.0395 over 589 frames.
LOG (gmm-acc-stats-ali[5.5.0~1494-e5a5]:main():gmm-acc-stats-ali.cc:105) Processed 1600 utterances; for utterance M0000000036_0056 avg. like is -53.0239 over 239 frames.
LOG (gmm-acc-stats-ali[5.5.0~1494-e5a5]:main():gmm-acc-stats-ali.cc:105) Processed 1650 utterances; for utterance M0000000037_0004 avg. like is -49.036 over 226 frames.
LOG (gmm-acc-stats-ali[5.5.0~1494-e5a5]:main():gmm-acc-stats-ali.cc:105) Processed 1700 utterances; for utterance M0000000037_0054 avg. like is -54.1694 over 215 frames.
LOG (gmm-acc-stats-ali[5.5.0~1494-e5a5]:main():gmm-acc-stats-ali.cc:105) Processed 1750 utterances; for utterance M0000000038_0002 avg. like is -41.957 over 210 frames.
LOG (gmm-acc-stats-ali[5.5.0~1494-e5a5]:main():gmm-acc-stats-ali.cc:105) Processed 1800 utterances; for utterance M0000000038_0052 avg. like is -45.4442 over 183 frames.
LOG (gmm-acc-stats-ali[5.5.0~1494-e5a5]:main():gmm-acc-stats-ali.cc:105) Processed 1850 utterances; for utterance M0000000039_0000 avg. like is -61.1119 over 252 frames.
LOG (gmm-acc-stats-ali[5.5.0~1494-e5a5]:main():gmm-acc-stats-ali.cc:105) Processed 1900 utterances; for utterance M0000000039_0050 avg. like is -48.5313 over 472 frames.
LOG (gmm-acc-stats-ali[5.5.0~1494-e5a5]:main():gmm-acc-stats-ali.cc:105) Processed 1950 utterances; for utterance M0000000039_0100 avg. like is -55.6745 over 382 frames.
LOG (gmm-acc-stats-ali[5.5.0~1494-e5a5]:main():gmm-acc-stats-ali.cc:105) Processed 2000 utterances; for utterance M0000000040_0048 avg. like is -44.5553 over 193 frames.
LOG (gmm-acc-stats-ali[5.5.0~1494-e5a5]:main():gmm-acc-stats-ali.cc:105) Processed 2050 utterances; for utterance M0000000040_0098 avg. like is -51.7694 over 212 frames.
LOG (gmm-acc-stats-ali[5.5.0~1494-e5a5]:main():gmm-acc-stats-ali.cc:105) Processed 2100 utterances; for utterance M0000000041_0031 avg. like is -43.0107 over 206 frames.
LOG (gmm-acc-stats-ali[5.5.0~1494-e5a5]:main():gmm-acc-stats-ali.cc:105) Processed 2150 utterances; for utterance M0000000041_0082 avg. like is -40.0851 over 204 frames.
LOG (gmm-acc-stats-ali[5.5.0~1494-e5a5]:main():gmm-acc-stats-ali.cc:105) Processed 2200 utterances; for utterance M0000000042_0015 avg. like is -42.347 over 249 frames.
LOG (gmm-acc-stats-ali[5.5.0~1494-e5a5]:main():gmm-acc-stats-ali.cc:105) Processed 2250 utterances; for utterance M0000000042_0065 avg. like is -45.1434 over 221 frames.
LOG (gmm-acc-stats-ali[5.5.0~1494-e5a5]:main():gmm-acc-stats-ali.cc:105) Processed 2300 utterances; for utterance M0000000042_0115 avg. like is -42.9142 over 221 frames.
LOG (gmm-acc-stats-ali[5.5.0~1494-e5a5]:main():gmm-acc-stats-ali.cc:105) Processed 2350 utterances; for utterance M0000000043_0048 avg. like is -44.6155 over 222 frames.
LOG (gmm-acc-stats-ali[5.5.0~1494-e5a5]:main():gmm-acc-stats-ali.cc:105) Processed 2400 utterances; for utterance M0000000043_0098 avg. like is -43.7905 over 200 frames.
LOG (gmm-acc-stats-ali[5.5.0~1494-e5a5]:main():gmm-acc-stats-ali.cc:105) Processed 2450 utterances; for utterance M0000000044_0046 avg. like is -38.7333 over 400 frames.
LOG (gmm-acc-stats-ali[5.5.0~1494-e5a5]:main():gmm-acc-stats-ali.cc:105) Processed 2500 utterances; for utterance M0000000044_0096 avg. like is -36.6965 over 361 frames.
LOG (gmm-acc-stats-ali[5.5.0~1494-e5a5]:main():gmm-acc-stats-ali.cc:105) Processed 2550 utterances; for utterance M0000000045_0040 avg. like is -45.77 over 181 frames.
LOG (gmm-acc-stats-ali[5.5.0~1494-e5a5]:main():gmm-acc-stats-ali.cc:105) Processed 2600 utterances; for utterance M0000000045_0090 avg. like is -45.9253 over 314 frames.
LOG (gmm-acc-stats-ali[5.5.0~1494-e5a5]:main():gmm-acc-stats-ali.cc:105) Processed 2650 utterances; for utterance M0000000046_0038 avg. like is -36.5122 over 385 frames.
LOG (gmm-acc-stats-ali[5.5.0~1494-e5a5]:main():gmm-acc-stats-ali.cc:105) Processed 2700 utterances; for utterance M0000000046_0088 avg. like is -40.9677 over 429 frames.
LOG (gmm-acc-stats-ali[5.5.0~1494-e5a5]:main():gmm-acc-stats-ali.cc:105) Processed 2750 utterances; for utterance M0000000047_0036 avg. like is -48.1123 over 260 frames.
LOG (gmm-acc-stats-ali[5.5.0~1494-e5a5]:main():gmm-acc-stats-ali.cc:105) Processed 2800 utterances; for utterance M0000000047_0086 avg. like is -48.9997 over 209 frames.
LOG (gmm-acc-stats-ali[5.5.0~1494-e5a5]:main():gmm-acc-stats-ali.cc:105) Processed 2850 utterances; for utterance M0000000048_0034 avg. like is -41.7937 over 191 frames.
LOG (gmm-acc-stats-ali[5.5.0~1494-e5a5]:main():gmm-acc-stats-ali.cc:105) Processed 2900 utterances; for utterance M0000000048_0084 avg. like is -43.975 over 208 frames.
LOG (gmm-acc-stats-ali[5.5.0~1494-e5a5]:main():gmm-acc-stats-ali.cc:105) Processed 2950 utterances; for utterance M0000000049_0017 avg. like is -42.3464 over 368 frames.
LOG (gmm-acc-stats-ali[5.5.0~1494-e5a5]:main():gmm-acc-stats-ali.cc:105) Processed 3000 utterances; for utterance M0000000049_0067 avg. like is -41.5688 over 345 frames.
LOG (gmm-acc-stats-ali[5.5.0~1494-e5a5]:main():gmm-acc-stats-ali.cc:105) Processed 3050 utterances; for utterance M0000000050_0015 avg. like is -43.7732 over 222 frames.
LOG (gmm-acc-stats-ali[5.5.0~1494-e5a5]:main():gmm-acc-stats-ali.cc:105) Processed 3100 utterances; for utterance M0000000050_0065 avg. like is -45.3851 over 244 frames.
LOG (gmm-acc-stats-ali[5.5.0~1494-e5a5]:main():gmm-acc-stats-ali.cc:105) Processed 3150 utterances; for utterance M0000000051_0013 avg. like is -47.1598 over 379 frames.
LOG (gmm-acc-stats-ali[5.5.0~1494-e5a5]:main():gmm-acc-stats-ali.cc:105) Processed 3200 utterances; for utterance M0000000051_0063 avg. like is -39.7421 over 345 frames.
LOG (gmm-acc-stats-ali[5.5.0~1494-e5a5]:main():gmm-acc-stats-ali.cc:105) Processed 3250 utterances; for utterance M0000000052_0011 avg. like is -43.2615 over 363 frames.
LOG (gmm-acc-stats-ali[5.5.0~1494-e5a5]:main():gmm-acc-stats-ali.cc:105) Processed 3300 utterances; for utterance M0000000052_0061 avg. like is -43.728 over 258 frames.
LOG (gmm-acc-stats-ali[5.5.0~1494-e5a5]:main():gmm-acc-stats-ali.cc:105) Processed 3350 utterances; for utterance M0000000053_0009 avg. like is -39.7568 over 570 frames.
LOG (gmm-acc-stats-ali[5.5.0~1494-e5a5]:main():gmm-acc-stats-ali.cc:105) Processed 3400 utterances; for utterance M0000000053_0059 avg. like is -45.0927 over 472 frames.
LOG (gmm-acc-stats-ali[5.5.0~1494-e5a5]:main():gmm-acc-stats-ali.cc:105) Processed 3450 utterances; for utterance M0000000054_0007 avg. like is -44.134 over 576 frames.
LOG (gmm-acc-stats-ali[5.5.0~1494-e5a5]:main():gmm-acc-stats-ali.cc:105) Processed 3500 utterances; for utterance M0000000054_0057 avg. like is -45.3457 over 672 frames.
LOG (gmm-acc-stats-ali[5.5.0~1494-e5a5]:main():gmm-acc-stats-ali.cc:105) Processed 3550 utterances; for utterance M0000000055_0005 avg. like is -46.3823 over 312 frames.
LOG (gmm-acc-stats-ali[5.5.0~1494-e5a5]:main():gmm-acc-stats-ali.cc:105) Processed 3600 utterances; for utterance M0000000055_0055 avg. like is -42.6203 over 176 frames.
LOG (gmm-acc-stats-ali[5.5.0~1494-e5a5]:main():gmm-acc-stats-ali.cc:105) Processed 3650 utterances; for utterance M0000000056_0003 avg. like is -43.8162 over 511 frames.
LOG (gmm-acc-stats-ali[5.5.0~1494-e5a5]:main():gmm-acc-stats-ali.cc:105) Processed 3700 utterances; for utterance M0000000056_0053 avg. like is -42.2215 over 313 frames.
LOG (gmm-acc-stats-ali[5.5.0~1494-e5a5]:main():gmm-acc-stats-ali.cc:105) Processed 3750 utterances; for utterance M0000000057_0001 avg. like is -44.4039 over 423 frames.
LOG (gmm-acc-stats-ali[5.5.0~1494-e5a5]:main():gmm-acc-stats-ali.cc:105) Processed 3800 utterances; for utterance M0000000057_0051 avg. like is -41.0038 over 285 frames.
LOG (gmm-acc-stats-ali[5.5.0~1494-e5a5]:main():gmm-acc-stats-ali.cc:105) Processed 3850 utterances; for utterance M0000000057_0101 avg. like is -41.9699 over 202 frames.
LOG (gmm-acc-stats-ali[5.5.0~1494-e5a5]:main():gmm-acc-stats-ali.cc:105) Processed 3900 utterances; for utterance M0000000058_0049 avg. like is -47.0433 over 127 frames.
LOG (apply-cmvn[5.5.0~1494-e5a5]:main():apply-cmvn.cc:162) Applied cepstral mean normalization to 3953 utterances, errors on 0
LOG (transform-feats[5.5.0~1494-e5a5]:main():transform-feats.cc:158) Overall average [pseudo-]logdet is -28.1793 over 1.11647e+06 frames.
LOG (transform-feats[5.5.0~1494-e5a5]:main():transform-feats.cc:161) Applied transform to 3953 utterances; 0 had errors.
LOG (transform-feats[5.5.0~1494-e5a5]:main():transform-feats.cc:158) Overall average logdet is 3.43721 over 1.11647e+06 frames.
LOG (transform-feats[5.5.0~1494-e5a5]:main():transform-feats.cc:161) Applied transform to 3953 utterances; 0 had errors.
LOG (gmm-acc-stats-ali[5.5.0~1494-e5a5]:main():gmm-acc-stats-ali.cc:105) Processed 3950 utterances; for utterance M0000000058_0099 avg. like is -45.1622 over 164 frames.
LOG (gmm-acc-stats-ali[5.5.0~1494-e5a5]:main():gmm-acc-stats-ali.cc:112) Done 3952 files, 1 with errors.
LOG (gmm-acc-stats-ali[5.5.0~1494-e5a5]:main():gmm-acc-stats-ali.cc:115) Overall avg like per frame (Gaussian only) = -44.388 over 1116264 frames.
LOG (gmm-acc-stats-ali[5.5.0~1494-e5a5]:main():gmm-acc-stats-ali.cc:123) Written accs.
# Accounting: time=12 threads=1
# Ended (code 0) at Mon May 17 09:33:07 UTC 2021, elapsed time 12 seconds
