# acc-tree-stats --ci-phones=1:2:3:4:5 exp/tri2b_ali/final.mdl "ark,s,cs:apply-cmvn  --utt2spk=ark:data/train/split4/1/utt2spk scp:data/train/split4/1/cmvn.scp scp:data/train/split4/1/feats.scp ark:- | splice-feats  ark:- ark:- | transform-feats exp/tri2b_ali/final.mat ark:- ark:- | transform-feats --utt2spk=ark:data/train/split4/1/utt2spk ark,s,cs:exp/tri3b/trans.1 ark:- ark:- |" "ark:gunzip -c exp/tri2b_ali/ali.1.gz|" exp/tri3b/1.treeacc 
# Started at Mon May 17 09:19:24 UTC 2021
#
acc-tree-stats --ci-phones=1:2:3:4:5 exp/tri2b_ali/final.mdl 'ark,s,cs:apply-cmvn  --utt2spk=ark:data/train/split4/1/utt2spk scp:data/train/split4/1/cmvn.scp scp:data/train/split4/1/feats.scp ark:- | splice-feats  ark:- ark:- | transform-feats exp/tri2b_ali/final.mat ark:- ark:- | transform-feats --utt2spk=ark:data/train/split4/1/utt2spk ark,s,cs:exp/tri3b/trans.1 ark:- ark:- |' 'ark:gunzip -c exp/tri2b_ali/ali.1.gz|' exp/tri3b/1.treeacc 
apply-cmvn --utt2spk=ark:data/train/split4/1/utt2spk scp:data/train/split4/1/cmvn.scp scp:data/train/split4/1/feats.scp ark:- 
transform-feats --utt2spk=ark:data/train/split4/1/utt2spk ark,s,cs:exp/tri3b/trans.1 ark:- ark:- 
splice-feats ark:- ark:- 
transform-feats exp/tri2b_ali/final.mat ark:- ark:- 
LOG (acc-tree-stats[5.5.0~1494-e5a5]:main():acc-tree-stats.cc:101) Processed 1000 utterances.
LOG (acc-tree-stats[5.5.0~1494-e5a5]:main():acc-tree-stats.cc:101) Processed 2000 utterances.
LOG (acc-tree-stats[5.5.0~1494-e5a5]:main():acc-tree-stats.cc:101) Processed 3000 utterances.
LOG (acc-tree-stats[5.5.0~1494-e5a5]:main():acc-tree-stats.cc:101) Processed 4000 utterances.
LOG (apply-cmvn[5.5.0~1494-e5a5]:main():apply-cmvn.cc:162) Applied cepstral mean normalization to 4021 utterances, errors on 0
LOG (transform-feats[5.5.0~1494-e5a5]:main():transform-feats.cc:158) Overall average [pseudo-]logdet is -28.1793 over 1.77534e+06 frames.
LOG (transform-feats[5.5.0~1494-e5a5]:main():transform-feats.cc:161) Applied transform to 4021 utterances; 0 had errors.
LOG (transform-feats[5.5.0~1494-e5a5]:main():transform-feats.cc:158) Overall average logdet is 2.23883 over 1.77534e+06 frames.
LOG (transform-feats[5.5.0~1494-e5a5]:main():transform-feats.cc:161) Applied transform to 4021 utterances; 0 had errors.
LOG (acc-tree-stats[5.5.0~1494-e5a5]:main():acc-tree-stats.cc:118) Accumulated stats for 4015 files, 6 failed due to no alignment, 0 failed for other reasons.
LOG (acc-tree-stats[5.5.0~1494-e5a5]:main():acc-tree-stats.cc:121) Number of separate stats (context-dependent states) is 38411
# Accounting: time=6 threads=1
# Ended (code 0) at Mon May 17 09:19:30 UTC 2021, elapsed time 6 seconds
