# ali-to-post "ark:gunzip -c exp/tri3b/ali.1.gz|" ark:- | weight-silence-post 0.0 1:2:3:4:5 exp/tri3b/2.mdl ark:- ark:- | gmm-est-fmllr --fmllr-update-type=full --spk2utt=ark:data/train/split4/1/spk2utt exp/tri3b/2.mdl "ark,s,cs:apply-cmvn  --utt2spk=ark:data/train/split4/1/utt2spk scp:data/train/split4/1/cmvn.scp scp:data/train/split4/1/feats.scp ark:- | splice-feats  ark:- ark:- | transform-feats exp/tri2b_ali/final.mat ark:- ark:- | transform-feats --utt2spk=ark:data/train/split4/1/utt2spk ark,s,cs:exp/tri3b/trans.1 ark:- ark:- |" ark:- ark:exp/tri3b/tmp_trans.1 
# Started at Mon May 17 09:20:15 UTC 2021
#
ali-to-post 'ark:gunzip -c exp/tri3b/ali.1.gz|' ark:- 
weight-silence-post 0.0 1:2:3:4:5 exp/tri3b/2.mdl ark:- ark:- 
gmm-est-fmllr --fmllr-update-type=full --spk2utt=ark:data/train/split4/1/spk2utt exp/tri3b/2.mdl 'ark,s,cs:apply-cmvn  --utt2spk=ark:data/train/split4/1/utt2spk scp:data/train/split4/1/cmvn.scp scp:data/train/split4/1/feats.scp ark:- | splice-feats  ark:- ark:- | transform-feats exp/tri2b_ali/final.mat ark:- ark:- | transform-feats --utt2spk=ark:data/train/split4/1/utt2spk ark,s,cs:exp/tri3b/trans.1 ark:- ark:- |' ark:- ark:exp/tri3b/tmp_trans.1 
splice-feats ark:- ark:- 
apply-cmvn --utt2spk=ark:data/train/split4/1/utt2spk scp:data/train/split4/1/cmvn.scp scp:data/train/split4/1/feats.scp ark:- 
transform-feats --utt2spk=ark:data/train/split4/1/utt2spk ark,s,cs:exp/tri3b/trans.1 ark:- ark:- 
transform-feats exp/tri2b_ali/final.mat ark:- ark:- 
LOG (gmm-est-fmllr[5.5.0~1494-e5a5]:ComputeFmllrMatrixDiagGmmFull():fmllr-diag-gmm.cc:262) fMLLR objf improvement is 1.25195 per frame over 18639 frames.
LOG (gmm-est-fmllr[5.5.0~1494-e5a5]:main():gmm-est-fmllr.cc:143) For speaker CCF001, auxf-impr from fMLLR is 1.25195, over 18639 frames.
LOG (gmm-est-fmllr[5.5.0~1494-e5a5]:ComputeFmllrMatrixDiagGmmFull():fmllr-diag-gmm.cc:262) fMLLR objf improvement is 1.23742 per frame over 17405 frames.
LOG (gmm-est-fmllr[5.5.0~1494-e5a5]:main():gmm-est-fmllr.cc:143) For speaker CCF002, auxf-impr from fMLLR is 1.23742, over 17405 frames.
LOG (gmm-est-fmllr[5.5.0~1494-e5a5]:ComputeFmllrMatrixDiagGmmFull():fmllr-diag-gmm.cc:262) fMLLR objf improvement is 1.08646 per frame over 15945 frames.
LOG (gmm-est-fmllr[5.5.0~1494-e5a5]:main():gmm-est-fmllr.cc:143) For speaker CCF004, auxf-impr from fMLLR is 1.08646, over 15945 frames.
LOG (gmm-est-fmllr[5.5.0~1494-e5a5]:ComputeFmllrMatrixDiagGmmFull():fmllr-diag-gmm.cc:262) fMLLR objf improvement is 1.12798 per frame over 18767 frames.
LOG (gmm-est-fmllr[5.5.0~1494-e5a5]:main():gmm-est-fmllr.cc:143) For speaker CCF005, auxf-impr from fMLLR is 1.12798, over 18767 frames.
LOG (gmm-est-fmllr[5.5.0~1494-e5a5]:ComputeFmllrMatrixDiagGmmFull():fmllr-diag-gmm.cc:262) fMLLR objf improvement is 1.27163 per frame over 19626 frames.
LOG (gmm-est-fmllr[5.5.0~1494-e5a5]:main():gmm-est-fmllr.cc:143) For speaker CCF007, auxf-impr from fMLLR is 1.27163, over 19626 frames.
LOG (gmm-est-fmllr[5.5.0~1494-e5a5]:ComputeFmllrMatrixDiagGmmFull():fmllr-diag-gmm.cc:262) fMLLR objf improvement is 1.06956 per frame over 16135 frames.
LOG (gmm-est-fmllr[5.5.0~1494-e5a5]:main():gmm-est-fmllr.cc:143) For speaker CCF008, auxf-impr from fMLLR is 1.06956, over 16135 frames.
LOG (ali-to-post[5.5.0~1494-e5a5]:main():ali-to-post.cc:73) Converted 4015 alignments.
LOG (weight-silence-post[5.5.0~1494-e5a5]:main():weight-silence-post.cc:95) Done 4015 posteriors.
WARNING (gmm-est-fmllr[5.5.0~1494-e5a5]:main():gmm-est-fmllr.cc:118) Did not find posteriors for utterance CCF009_Pa009_018
LOG (gmm-est-fmllr[5.5.0~1494-e5a5]:ComputeFmllrMatrixDiagGmmFull():fmllr-diag-gmm.cc:262) fMLLR objf improvement is 1.17911 per frame over 18178 frames.
LOG (gmm-est-fmllr[5.5.0~1494-e5a5]:main():gmm-est-fmllr.cc:143) For speaker CCF009, auxf-impr from fMLLR is 1.17911, over 18178 frames.
LOG (gmm-est-fmllr[5.5.0~1494-e5a5]:ComputeFmllrMatrixDiagGmmFull():fmllr-diag-gmm.cc:262) fMLLR objf improvement is 1.1066 per frame over 19699 frames.
LOG (gmm-est-fmllr[5.5.0~1494-e5a5]:main():gmm-est-fmllr.cc:143) For speaker CCF011, auxf-impr from fMLLR is 1.1066, over 19699 frames.
LOG (gmm-est-fmllr[5.5.0~1494-e5a5]:ComputeFmllrMatrixDiagGmmFull():fmllr-diag-gmm.cc:262) fMLLR objf improvement is 0.866978 per frame over 19126 frames.
LOG (gmm-est-fmllr[5.5.0~1494-e5a5]:main():gmm-est-fmllr.cc:143) For speaker CCF014, auxf-impr from fMLLR is 0.866978, over 19126 frames.
LOG (gmm-est-fmllr[5.5.0~1494-e5a5]:ComputeFmllrMatrixDiagGmmFull():fmllr-diag-gmm.cc:262) fMLLR objf improvement is 1.19405 per frame over 17343 frames.
LOG (gmm-est-fmllr[5.5.0~1494-e5a5]:main():gmm-est-fmllr.cc:143) For speaker CCF017, auxf-impr from fMLLR is 1.19405, over 17343 frames.
LOG (gmm-est-fmllr[5.5.0~1494-e5a5]:ComputeFmllrMatrixDiagGmmFull():fmllr-diag-gmm.cc:262) fMLLR objf improvement is 1.43623 per frame over 20587 frames.
LOG (gmm-est-fmllr[5.5.0~1494-e5a5]:main():gmm-est-fmllr.cc:143) For speaker CCF020, auxf-impr from fMLLR is 1.43623, over 20587 frames.
LOG (gmm-est-fmllr[5.5.0~1494-e5a5]:ComputeFmllrMatrixDiagGmmFull():fmllr-diag-gmm.cc:262) fMLLR objf improvement is 1.25229 per frame over 15845 frames.
LOG (gmm-est-fmllr[5.5.0~1494-e5a5]:main():gmm-est-fmllr.cc:143) For speaker CCF024, auxf-impr from fMLLR is 1.25229, over 15845 frames.
LOG (gmm-est-fmllr[5.5.0~1494-e5a5]:ComputeFmllrMatrixDiagGmmFull():fmllr-diag-gmm.cc:262) fMLLR objf improvement is 0.630952 per frame over 17017 frames.
LOG (gmm-est-fmllr[5.5.0~1494-e5a5]:main():gmm-est-fmllr.cc:143) For speaker CCM025, auxf-impr from fMLLR is 0.630952, over 17017 frames.
LOG (gmm-est-fmllr[5.5.0~1494-e5a5]:ComputeFmllrMatrixDiagGmmFull():fmllr-diag-gmm.cc:262) fMLLR objf improvement is 0.622888 per frame over 19411 frames.
LOG (gmm-est-fmllr[5.5.0~1494-e5a5]:main():gmm-est-fmllr.cc:143) For speaker CCM027, auxf-impr from fMLLR is 0.622888, over 19411 frames.
LOG (gmm-est-fmllr[5.5.0~1494-e5a5]:ComputeFmllrMatrixDiagGmmFull():fmllr-diag-gmm.cc:262) fMLLR objf improvement is 0.727343 per frame over 17452 frames.
LOG (gmm-est-fmllr[5.5.0~1494-e5a5]:main():gmm-est-fmllr.cc:143) For speaker CCM030, auxf-impr from fMLLR is 0.727343, over 17452 frames.
LOG (gmm-est-fmllr[5.5.0~1494-e5a5]:ComputeFmllrMatrixDiagGmmFull():fmllr-diag-gmm.cc:262) fMLLR objf improvement is 0.656402 per frame over 17069 frames.
LOG (gmm-est-fmllr[5.5.0~1494-e5a5]:main():gmm-est-fmllr.cc:143) For speaker CCM032, auxf-impr from fMLLR is 0.656402, over 17069 frames.
LOG (gmm-est-fmllr[5.5.0~1494-e5a5]:ComputeFmllrMatrixDiagGmmFull():fmllr-diag-gmm.cc:262) fMLLR objf improvement is 0.609256 per frame over 14282 frames.
LOG (gmm-est-fmllr[5.5.0~1494-e5a5]:main():gmm-est-fmllr.cc:143) For speaker CCM034, auxf-impr from fMLLR is 0.609256, over 14282 frames.
LOG (gmm-est-fmllr[5.5.0~1494-e5a5]:ComputeFmllrMatrixDiagGmmFull():fmllr-diag-gmm.cc:262) fMLLR objf improvement is 0.583689 per frame over 18100 frames.
LOG (gmm-est-fmllr[5.5.0~1494-e5a5]:main():gmm-est-fmllr.cc:143) For speaker CCM036, auxf-impr from fMLLR is 0.583689, over 18100 frames.
LOG (gmm-est-fmllr[5.5.0~1494-e5a5]:ComputeFmllrMatrixDiagGmmFull():fmllr-diag-gmm.cc:262) fMLLR objf improvement is 0.71064 per frame over 23182 frames.
LOG (gmm-est-fmllr[5.5.0~1494-e5a5]:main():gmm-est-fmllr.cc:143) For speaker CCM037, auxf-impr from fMLLR is 0.71064, over 23182 frames.
LOG (gmm-est-fmllr[5.5.0~1494-e5a5]:ComputeFmllrMatrixDiagGmmFull():fmllr-diag-gmm.cc:262) fMLLR objf improvement is 0.643133 per frame over 14391 frames.
LOG (gmm-est-fmllr[5.5.0~1494-e5a5]:main():gmm-est-fmllr.cc:143) For speaker CCM040, auxf-impr from fMLLR is 0.643133, over 14391 frames.
WARNING (gmm-est-fmllr[5.5.0~1494-e5a5]:main():gmm-est-fmllr.cc:118) Did not find posteriors for utterance CCM043_Pa043_031
LOG (gmm-est-fmllr[5.5.0~1494-e5a5]:ComputeFmllrMatrixDiagGmmFull():fmllr-diag-gmm.cc:262) fMLLR objf improvement is 0.573316 per frame over 15229 frames.
LOG (gmm-est-fmllr[5.5.0~1494-e5a5]:main():gmm-est-fmllr.cc:143) For speaker CCM043, auxf-impr from fMLLR is 0.573316, over 15229 frames.
LOG (gmm-est-fmllr[5.5.0~1494-e5a5]:ComputeFmllrMatrixDiagGmmFull():fmllr-diag-gmm.cc:262) fMLLR objf improvement is 0.672271 per frame over 13340 frames.
LOG (gmm-est-fmllr[5.5.0~1494-e5a5]:main():gmm-est-fmllr.cc:143) For speaker CCM044, auxf-impr from fMLLR is 0.672271, over 13340 frames.
LOG (gmm-est-fmllr[5.5.0~1494-e5a5]:ComputeFmllrMatrixDiagGmmFull():fmllr-diag-gmm.cc:262) fMLLR objf improvement is 0.74091 per frame over 16390 frames.
LOG (gmm-est-fmllr[5.5.0~1494-e5a5]:main():gmm-est-fmllr.cc:143) For speaker CCM046, auxf-impr from fMLLR is 0.74091, over 16390 frames.
LOG (gmm-est-fmllr[5.5.0~1494-e5a5]:ComputeFmllrMatrixDiagGmmFull():fmllr-diag-gmm.cc:262) fMLLR objf improvement is 0.524317 per frame over 17793 frames.
LOG (gmm-est-fmllr[5.5.0~1494-e5a5]:main():gmm-est-fmllr.cc:143) For speaker CCM047, auxf-impr from fMLLR is 0.524317, over 17793 frames.
LOG (gmm-est-fmllr[5.5.0~1494-e5a5]:ComputeFmllrMatrixDiagGmmFull():fmllr-diag-gmm.cc:262) fMLLR objf improvement is 1.21208 per frame over 16514 frames.
LOG (gmm-est-fmllr[5.5.0~1494-e5a5]:main():gmm-est-fmllr.cc:143) For speaker COF001, auxf-impr from fMLLR is 1.21208, over 16514 frames.
LOG (gmm-est-fmllr[5.5.0~1494-e5a5]:ComputeFmllrMatrixDiagGmmFull():fmllr-diag-gmm.cc:262) fMLLR objf improvement is 1.33199 per frame over 15364 frames.
LOG (gmm-est-fmllr[5.5.0~1494-e5a5]:main():gmm-est-fmllr.cc:143) For speaker COF002, auxf-impr from fMLLR is 1.33199, over 15364 frames.
LOG (gmm-est-fmllr[5.5.0~1494-e5a5]:ComputeFmllrMatrixDiagGmmFull():fmllr-diag-gmm.cc:262) fMLLR objf improvement is 1.1105 per frame over 16940 frames.
LOG (gmm-est-fmllr[5.5.0~1494-e5a5]:main():gmm-est-fmllr.cc:143) For speaker COF004, auxf-impr from fMLLR is 1.1105, over 16940 frames.
LOG (gmm-est-fmllr[5.5.0~1494-e5a5]:ComputeFmllrMatrixDiagGmmFull():fmllr-diag-gmm.cc:262) fMLLR objf improvement is 1.11341 per frame over 18089 frames.
LOG (gmm-est-fmllr[5.5.0~1494-e5a5]:main():gmm-est-fmllr.cc:143) For speaker COF005, auxf-impr from fMLLR is 1.11341, over 18089 frames.
LOG (gmm-est-fmllr[5.5.0~1494-e5a5]:ComputeFmllrMatrixDiagGmmFull():fmllr-diag-gmm.cc:262) fMLLR objf improvement is 1.22633 per frame over 18136 frames.
LOG (gmm-est-fmllr[5.5.0~1494-e5a5]:main():gmm-est-fmllr.cc:143) For speaker COF007, auxf-impr from fMLLR is 1.22633, over 18136 frames.
LOG (gmm-est-fmllr[5.5.0~1494-e5a5]:ComputeFmllrMatrixDiagGmmFull():fmllr-diag-gmm.cc:262) fMLLR objf improvement is 0.98563 per frame over 16145 frames.
LOG (gmm-est-fmllr[5.5.0~1494-e5a5]:main():gmm-est-fmllr.cc:143) For speaker COF008, auxf-impr from fMLLR is 0.98563, over 16145 frames.
WARNING (gmm-est-fmllr[5.5.0~1494-e5a5]:main():gmm-est-fmllr.cc:118) Did not find posteriors for utterance COF009_Pa009_018
LOG (gmm-est-fmllr[5.5.0~1494-e5a5]:ComputeFmllrMatrixDiagGmmFull():fmllr-diag-gmm.cc:262) fMLLR objf improvement is 1.17209 per frame over 18409 frames.
LOG (gmm-est-fmllr[5.5.0~1494-e5a5]:main():gmm-est-fmllr.cc:143) For speaker COF009, auxf-impr from fMLLR is 1.17209, over 18409 frames.
LOG (gmm-est-fmllr[5.5.0~1494-e5a5]:ComputeFmllrMatrixDiagGmmFull():fmllr-diag-gmm.cc:262) fMLLR objf improvement is 1.07576 per frame over 18761 frames.
LOG (gmm-est-fmllr[5.5.0~1494-e5a5]:main():gmm-est-fmllr.cc:143) For speaker COF011, auxf-impr from fMLLR is 1.07576, over 18761 frames.
LOG (gmm-est-fmllr[5.5.0~1494-e5a5]:ComputeFmllrMatrixDiagGmmFull():fmllr-diag-gmm.cc:262) fMLLR objf improvement is 0.915488 per frame over 19413 frames.
LOG (gmm-est-fmllr[5.5.0~1494-e5a5]:main():gmm-est-fmllr.cc:143) For speaker COF014, auxf-impr from fMLLR is 0.915488, over 19413 frames.
LOG (gmm-est-fmllr[5.5.0~1494-e5a5]:ComputeFmllrMatrixDiagGmmFull():fmllr-diag-gmm.cc:262) fMLLR objf improvement is 1.16828 per frame over 18013 frames.
LOG (gmm-est-fmllr[5.5.0~1494-e5a5]:main():gmm-est-fmllr.cc:143) For speaker COF017, auxf-impr from fMLLR is 1.16828, over 18013 frames.
LOG (gmm-est-fmllr[5.5.0~1494-e5a5]:ComputeFmllrMatrixDiagGmmFull():fmllr-diag-gmm.cc:262) fMLLR objf improvement is 1.50242 per frame over 19987 frames.
LOG (gmm-est-fmllr[5.5.0~1494-e5a5]:main():gmm-est-fmllr.cc:143) For speaker COF020, auxf-impr from fMLLR is 1.50242, over 19987 frames.
LOG (gmm-est-fmllr[5.5.0~1494-e5a5]:ComputeFmllrMatrixDiagGmmFull():fmllr-diag-gmm.cc:262) fMLLR objf improvement is 1.32328 per frame over 15500 frames.
LOG (gmm-est-fmllr[5.5.0~1494-e5a5]:main():gmm-est-fmllr.cc:143) For speaker COF024, auxf-impr from fMLLR is 1.32328, over 15500 frames.
LOG (gmm-est-fmllr[5.5.0~1494-e5a5]:ComputeFmllrMatrixDiagGmmFull():fmllr-diag-gmm.cc:262) fMLLR objf improvement is 0.664559 per frame over 16060 frames.
LOG (gmm-est-fmllr[5.5.0~1494-e5a5]:main():gmm-est-fmllr.cc:143) For speaker COM025, auxf-impr from fMLLR is 0.664559, over 16060 frames.
LOG (gmm-est-fmllr[5.5.0~1494-e5a5]:ComputeFmllrMatrixDiagGmmFull():fmllr-diag-gmm.cc:262) fMLLR objf improvement is 0.525215 per frame over 17543 frames.
LOG (gmm-est-fmllr[5.5.0~1494-e5a5]:main():gmm-est-fmllr.cc:143) For speaker COM027, auxf-impr from fMLLR is 0.525216, over 17543 frames.
LOG (gmm-est-fmllr[5.5.0~1494-e5a5]:ComputeFmllrMatrixDiagGmmFull():fmllr-diag-gmm.cc:262) fMLLR objf improvement is 0.765969 per frame over 16622 frames.
LOG (gmm-est-fmllr[5.5.0~1494-e5a5]:main():gmm-est-fmllr.cc:143) For speaker COM030, auxf-impr from fMLLR is 0.765969, over 16622 frames.
LOG (gmm-est-fmllr[5.5.0~1494-e5a5]:ComputeFmllrMatrixDiagGmmFull():fmllr-diag-gmm.cc:262) fMLLR objf improvement is 0.651525 per frame over 16107 frames.
LOG (gmm-est-fmllr[5.5.0~1494-e5a5]:main():gmm-est-fmllr.cc:143) For speaker COM032, auxf-impr from fMLLR is 0.651525, over 16107 frames.
LOG (gmm-est-fmllr[5.5.0~1494-e5a5]:ComputeFmllrMatrixDiagGmmFull():fmllr-diag-gmm.cc:262) fMLLR objf improvement is 0.5773 per frame over 14505 frames.
LOG (gmm-est-fmllr[5.5.0~1494-e5a5]:main():gmm-est-fmllr.cc:143) For speaker COM034, auxf-impr from fMLLR is 0.5773, over 14505 frames.
LOG (gmm-est-fmllr[5.5.0~1494-e5a5]:ComputeFmllrMatrixDiagGmmFull():fmllr-diag-gmm.cc:262) fMLLR objf improvement is 0.683775 per frame over 18395 frames.
LOG (gmm-est-fmllr[5.5.0~1494-e5a5]:main():gmm-est-fmllr.cc:143) For speaker COM036, auxf-impr from fMLLR is 0.683775, over 18395 frames.
LOG (gmm-est-fmllr[5.5.0~1494-e5a5]:ComputeFmllrMatrixDiagGmmFull():fmllr-diag-gmm.cc:262) fMLLR objf improvement is 0.761487 per frame over 23132 frames.
LOG (gmm-est-fmllr[5.5.0~1494-e5a5]:main():gmm-est-fmllr.cc:143) For speaker COM037, auxf-impr from fMLLR is 0.761487, over 23132 frames.
LOG (gmm-est-fmllr[5.5.0~1494-e5a5]:ComputeFmllrMatrixDiagGmmFull():fmllr-diag-gmm.cc:262) fMLLR objf improvement is 0.650548 per frame over 13380 frames.
LOG (gmm-est-fmllr[5.5.0~1494-e5a5]:main():gmm-est-fmllr.cc:143) For speaker COM040, auxf-impr from fMLLR is 0.650548, over 13380 frames.
WARNING (gmm-est-fmllr[5.5.0~1494-e5a5]:main():gmm-est-fmllr.cc:118) Did not find posteriors for utterance COM043_Pa043_031
LOG (gmm-est-fmllr[5.5.0~1494-e5a5]:ComputeFmllrMatrixDiagGmmFull():fmllr-diag-gmm.cc:262) fMLLR objf improvement is 0.517442 per frame over 15653 frames.
LOG (gmm-est-fmllr[5.5.0~1494-e5a5]:main():gmm-est-fmllr.cc:143) For speaker COM043, auxf-impr from fMLLR is 0.517442, over 15653 frames.
LOG (gmm-est-fmllr[5.5.0~1494-e5a5]:ComputeFmllrMatrixDiagGmmFull():fmllr-diag-gmm.cc:262) fMLLR objf improvement is 0.568239 per frame over 13533 frames.
LOG (gmm-est-fmllr[5.5.0~1494-e5a5]:main():gmm-est-fmllr.cc:143) For speaker COM044, auxf-impr from fMLLR is 0.568239, over 13533 frames.
LOG (gmm-est-fmllr[5.5.0~1494-e5a5]:ComputeFmllrMatrixDiagGmmFull():fmllr-diag-gmm.cc:262) fMLLR objf improvement is 0.76388 per frame over 15257 frames.
LOG (gmm-est-fmllr[5.5.0~1494-e5a5]:main():gmm-est-fmllr.cc:143) For speaker COM046, auxf-impr from fMLLR is 0.76388, over 15257 frames.
LOG (gmm-est-fmllr[5.5.0~1494-e5a5]:ComputeFmllrMatrixDiagGmmFull():fmllr-diag-gmm.cc:262) fMLLR objf improvement is 0.497068 per frame over 16788 frames.
LOG (gmm-est-fmllr[5.5.0~1494-e5a5]:main():gmm-est-fmllr.cc:143) For speaker COM047, auxf-impr from fMLLR is 0.497068, over 16788 frames.
LOG (gmm-est-fmllr[5.5.0~1494-e5a5]:ComputeFmllrMatrixDiagGmmFull():fmllr-diag-gmm.cc:262) fMLLR objf improvement is 1.05224 per frame over 27580 frames.
LOG (gmm-est-fmllr[5.5.0~1494-e5a5]:main():gmm-est-fmllr.cc:143) For speaker F0000000006, auxf-impr from fMLLR is 1.05224, over 27580 frames.
LOG (gmm-est-fmllr[5.5.0~1494-e5a5]:ComputeFmllrMatrixDiagGmmFull():fmllr-diag-gmm.cc:262) fMLLR objf improvement is 1.03709 per frame over 16828 frames.
LOG (gmm-est-fmllr[5.5.0~1494-e5a5]:main():gmm-est-fmllr.cc:143) For speaker F0000000007, auxf-impr from fMLLR is 1.03709, over 16828 frames.
LOG (gmm-est-fmllr[5.5.0~1494-e5a5]:ComputeFmllrMatrixDiagGmmFull():fmllr-diag-gmm.cc:262) fMLLR objf improvement is 2.21016 per frame over 16271 frames.
LOG (gmm-est-fmllr[5.5.0~1494-e5a5]:main():gmm-est-fmllr.cc:143) For speaker F0000000008, auxf-impr from fMLLR is 2.21016, over 16271 frames.
LOG (gmm-est-fmllr[5.5.0~1494-e5a5]:ComputeFmllrMatrixDiagGmmFull():fmllr-diag-gmm.cc:262) fMLLR objf improvement is 0.971146 per frame over 21589 frames.
LOG (gmm-est-fmllr[5.5.0~1494-e5a5]:main():gmm-est-fmllr.cc:143) For speaker F0000000009, auxf-impr from fMLLR is 0.971146, over 21589 frames.
LOG (gmm-est-fmllr[5.5.0~1494-e5a5]:ComputeFmllrMatrixDiagGmmFull():fmllr-diag-gmm.cc:262) fMLLR objf improvement is 0.975264 per frame over 20034 frames.
LOG (gmm-est-fmllr[5.5.0~1494-e5a5]:main():gmm-est-fmllr.cc:143) For speaker F0000000010, auxf-impr from fMLLR is 0.975264, over 20034 frames.
LOG (gmm-est-fmllr[5.5.0~1494-e5a5]:ComputeFmllrMatrixDiagGmmFull():fmllr-diag-gmm.cc:262) fMLLR objf improvement is 1.08854 per frame over 24217 frames.
LOG (gmm-est-fmllr[5.5.0~1494-e5a5]:main():gmm-est-fmllr.cc:143) For speaker F0000000011, auxf-impr from fMLLR is 1.08854, over 24217 frames.
LOG (gmm-est-fmllr[5.5.0~1494-e5a5]:ComputeFmllrMatrixDiagGmmFull():fmllr-diag-gmm.cc:262) fMLLR objf improvement is 0.847235 per frame over 23277 frames.
LOG (gmm-est-fmllr[5.5.0~1494-e5a5]:main():gmm-est-fmllr.cc:143) For speaker F0000000012, auxf-impr from fMLLR is 0.847235, over 23277 frames.
LOG (gmm-est-fmllr[5.5.0~1494-e5a5]:ComputeFmllrMatrixDiagGmmFull():fmllr-diag-gmm.cc:262) fMLLR objf improvement is 1.11527 per frame over 19632 frames.
LOG (gmm-est-fmllr[5.5.0~1494-e5a5]:main():gmm-est-fmllr.cc:143) For speaker F0000000013, auxf-impr from fMLLR is 1.11527, over 19632 frames.
LOG (gmm-est-fmllr[5.5.0~1494-e5a5]:ComputeFmllrMatrixDiagGmmFull():fmllr-diag-gmm.cc:262) fMLLR objf improvement is 1.56776 per frame over 25851 frames.
LOG (gmm-est-fmllr[5.5.0~1494-e5a5]:main():gmm-est-fmllr.cc:143) For speaker F0000000014, auxf-impr from fMLLR is 1.56776, over 25851 frames.
LOG (gmm-est-fmllr[5.5.0~1494-e5a5]:ComputeFmllrMatrixDiagGmmFull():fmllr-diag-gmm.cc:262) fMLLR objf improvement is 0.921493 per frame over 25317 frames.
LOG (gmm-est-fmllr[5.5.0~1494-e5a5]:main():gmm-est-fmllr.cc:143) For speaker F0000000015, auxf-impr from fMLLR is 0.921493, over 25317 frames.
LOG (gmm-est-fmllr[5.5.0~1494-e5a5]:ComputeFmllrMatrixDiagGmmFull():fmllr-diag-gmm.cc:262) fMLLR objf improvement is 1.16816 per frame over 28252 frames.
LOG (gmm-est-fmllr[5.5.0~1494-e5a5]:main():gmm-est-fmllr.cc:143) For speaker F0000000016, auxf-impr from fMLLR is 1.16816, over 28252 frames.
LOG (gmm-est-fmllr[5.5.0~1494-e5a5]:ComputeFmllrMatrixDiagGmmFull():fmllr-diag-gmm.cc:262) fMLLR objf improvement is 2.11532 per frame over 18119 frames.
LOG (gmm-est-fmllr[5.5.0~1494-e5a5]:main():gmm-est-fmllr.cc:143) For speaker F0000000077, auxf-impr from fMLLR is 2.11532, over 18119 frames.
WARNING (gmm-est-fmllr[5.5.0~1494-e5a5]:main():gmm-est-fmllr.cc:118) Did not find posteriors for utterance F0000000080_0005
WARNING (gmm-est-fmllr[5.5.0~1494-e5a5]:main():gmm-est-fmllr.cc:118) Did not find posteriors for utterance F0000000080_0008
LOG (gmm-est-fmllr[5.5.0~1494-e5a5]:ComputeFmllrMatrixDiagGmmFull():fmllr-diag-gmm.cc:262) fMLLR objf improvement is 1.13049 per frame over 23560 frames.
LOG (gmm-est-fmllr[5.5.0~1494-e5a5]:main():gmm-est-fmllr.cc:143) For speaker F0000000080, auxf-impr from fMLLR is 1.13049, over 23560 frames.
LOG (gmm-est-fmllr[5.5.0~1494-e5a5]:ComputeFmllrMatrixDiagGmmFull():fmllr-diag-gmm.cc:262) fMLLR objf improvement is 1.61344 per frame over 27103 frames.
LOG (gmm-est-fmllr[5.5.0~1494-e5a5]:main():gmm-est-fmllr.cc:143) For speaker F0000000082, auxf-impr from fMLLR is 1.61344, over 27103 frames.
LOG (gmm-est-fmllr[5.5.0~1494-e5a5]:ComputeFmllrMatrixDiagGmmFull():fmllr-diag-gmm.cc:262) fMLLR objf improvement is 1.36757 per frame over 14459 frames.
LOG (gmm-est-fmllr[5.5.0~1494-e5a5]:main():gmm-est-fmllr.cc:143) For speaker F0000000088, auxf-impr from fMLLR is 1.36757, over 14459 frames.
LOG (gmm-est-fmllr[5.5.0~1494-e5a5]:ComputeFmllrMatrixDiagGmmFull():fmllr-diag-gmm.cc:262) fMLLR objf improvement is 1.07763 per frame over 15024 frames.
LOG (gmm-est-fmllr[5.5.0~1494-e5a5]:main():gmm-est-fmllr.cc:143) For speaker F0000000089, auxf-impr from fMLLR is 1.07763, over 15024 frames.
LOG (gmm-est-fmllr[5.5.0~1494-e5a5]:ComputeFmllrMatrixDiagGmmFull():fmllr-diag-gmm.cc:262) fMLLR objf improvement is 2.20138 per frame over 19487 frames.
LOG (gmm-est-fmllr[5.5.0~1494-e5a5]:main():gmm-est-fmllr.cc:143) For speaker F0000000100, auxf-impr from fMLLR is 2.20138, over 19487 frames.
LOG (gmm-est-fmllr[5.5.0~1494-e5a5]:ComputeFmllrMatrixDiagGmmFull():fmllr-diag-gmm.cc:262) fMLLR objf improvement is 1.02703 per frame over 14886 frames.
LOG (gmm-est-fmllr[5.5.0~1494-e5a5]:main():gmm-est-fmllr.cc:143) For speaker F0000000108, auxf-impr from fMLLR is 1.02703, over 14886 frames.
LOG (gmm-est-fmllr[5.5.0~1494-e5a5]:ComputeFmllrMatrixDiagGmmFull():fmllr-diag-gmm.cc:262) fMLLR objf improvement is 0.690859 per frame over 13791 frames.
LOG (gmm-est-fmllr[5.5.0~1494-e5a5]:main():gmm-est-fmllr.cc:143) For speaker F0000000120, auxf-impr from fMLLR is 0.690859, over 13791 frames.
LOG (gmm-est-fmllr[5.5.0~1494-e5a5]:ComputeFmllrMatrixDiagGmmFull():fmllr-diag-gmm.cc:262) fMLLR objf improvement is 0.948509 per frame over 17100 frames.
LOG (gmm-est-fmllr[5.5.0~1494-e5a5]:main():gmm-est-fmllr.cc:143) For speaker M0000000017, auxf-impr from fMLLR is 0.948509, over 17100 frames.
LOG (gmm-est-fmllr[5.5.0~1494-e5a5]:ComputeFmllrMatrixDiagGmmFull():fmllr-diag-gmm.cc:262) fMLLR objf improvement is 3.14858 per frame over 25034 frames.
LOG (gmm-est-fmllr[5.5.0~1494-e5a5]:main():gmm-est-fmllr.cc:143) For speaker M0000000018, auxf-impr from fMLLR is 3.14858, over 25034 frames.
LOG (gmm-est-fmllr[5.5.0~1494-e5a5]:ComputeFmllrMatrixDiagGmmFull():fmllr-diag-gmm.cc:262) fMLLR objf improvement is 1.13686 per frame over 23854 frames.
LOG (gmm-est-fmllr[5.5.0~1494-e5a5]:main():gmm-est-fmllr.cc:143) For speaker M0000000019, auxf-impr from fMLLR is 1.13686, over 23854 frames.
LOG (apply-cmvn[5.5.0~1494-e5a5]:main():apply-cmvn.cc:162) Applied cepstral mean normalization to 4021 utterances, errors on 0
LOG (transform-feats[5.5.0~1494-e5a5]:main():transform-feats.cc:158) Overall average [pseudo-]logdet is -28.1793 over 1.77534e+06 frames.
LOG (transform-feats[5.5.0~1494-e5a5]:main():transform-feats.cc:161) Applied transform to 4021 utterances; 0 had errors.
LOG (transform-feats[5.5.0~1494-e5a5]:main():transform-feats.cc:158) Overall average logdet is 2.23883 over 1.77534e+06 frames.
LOG (transform-feats[5.5.0~1494-e5a5]:main():transform-feats.cc:161) Applied transform to 4021 utterances; 0 had errors.
LOG (gmm-est-fmllr[5.5.0~1494-e5a5]:ComputeFmllrMatrixDiagGmmFull():fmllr-diag-gmm.cc:262) fMLLR objf improvement is 0.710943 per frame over 22062 frames.
LOG (gmm-est-fmllr[5.5.0~1494-e5a5]:main():gmm-est-fmllr.cc:143) For speaker M0000000020, auxf-impr from fMLLR is 0.710943, over 22062 frames.
LOG (gmm-est-fmllr[5.5.0~1494-e5a5]:main():gmm-est-fmllr.cc:188) Done 4015 files, 6 with no posts, 0 with other errors.
LOG (gmm-est-fmllr[5.5.0~1494-e5a5]:main():gmm-est-fmllr.cc:190) Overall fMLLR auxf impr per frame is 1.06609 over 1.31252e+06 frames.
# Accounting: time=43 threads=1
# Ended (code 0) at Mon May 17 09:20:58 UTC 2021, elapsed time 43 seconds
