# ali-to-post "ark:gunzip -c exp/tri3b/ali.2.gz|" ark:- | weight-silence-post 0.0 1:2:3:4:5 exp/tri3b/12.mdl ark:- ark:- | gmm-est-fmllr --fmllr-update-type=full --spk2utt=ark:data/train/split4/2/spk2utt exp/tri3b/12.mdl "ark,s,cs:apply-cmvn  --utt2spk=ark:data/train/split4/2/utt2spk scp:data/train/split4/2/cmvn.scp scp:data/train/split4/2/feats.scp ark:- | splice-feats  ark:- ark:- | transform-feats exp/tri2b_ali/final.mat ark:- ark:- | transform-feats --utt2spk=ark:data/train/split4/2/utt2spk ark:exp/tri3b/trans.2 ark:- ark:- |" ark:- ark:exp/tri3b/tmp_trans.2 
# Started at Mon May 17 09:28:18 UTC 2021
#
gmm-est-fmllr --fmllr-update-type=full --spk2utt=ark:data/train/split4/2/spk2utt exp/tri3b/12.mdl 'ark,s,cs:apply-cmvn  --utt2spk=ark:data/train/split4/2/utt2spk scp:data/train/split4/2/cmvn.scp scp:data/train/split4/2/feats.scp ark:- | splice-feats  ark:- ark:- | transform-feats exp/tri2b_ali/final.mat ark:- ark:- | transform-feats --utt2spk=ark:data/train/split4/2/utt2spk ark:exp/tri3b/trans.2 ark:- ark:- |' ark:- ark:exp/tri3b/tmp_trans.2 
ali-to-post 'ark:gunzip -c exp/tri3b/ali.2.gz|' ark:- 
weight-silence-post 0.0 1:2:3:4:5 exp/tri3b/12.mdl ark:- ark:- 
transform-feats exp/tri2b_ali/final.mat ark:- ark:- 
apply-cmvn --utt2spk=ark:data/train/split4/2/utt2spk scp:data/train/split4/2/cmvn.scp scp:data/train/split4/2/feats.scp ark:- 
splice-feats ark:- ark:- 
transform-feats --utt2spk=ark:data/train/split4/2/utt2spk ark:exp/tri3b/trans.2 ark:- ark:- 
LOG (gmm-est-fmllr[5.5.0~1494-e5a5]:ComputeFmllrMatrixDiagGmmFull():fmllr-diag-gmm.cc:262) fMLLR objf improvement is 0.117915 per frame over 30725 frames.
LOG (gmm-est-fmllr[5.5.0~1494-e5a5]:main():gmm-est-fmllr.cc:143) For speaker M0000000021, auxf-impr from fMLLR is 0.117915, over 30725 frames.
LOG (gmm-est-fmllr[5.5.0~1494-e5a5]:ComputeFmllrMatrixDiagGmmFull():fmllr-diag-gmm.cc:262) fMLLR objf improvement is 0.123782 per frame over 18786 frames.
LOG (gmm-est-fmllr[5.5.0~1494-e5a5]:main():gmm-est-fmllr.cc:143) For speaker M0000000022, auxf-impr from fMLLR is 0.123782, over 18786 frames.
LOG (gmm-est-fmllr[5.5.0~1494-e5a5]:ComputeFmllrMatrixDiagGmmFull():fmllr-diag-gmm.cc:262) fMLLR objf improvement is 0.190515 per frame over 20358 frames.
LOG (gmm-est-fmllr[5.5.0~1494-e5a5]:main():gmm-est-fmllr.cc:143) For speaker M0000000023, auxf-impr from fMLLR is 0.190515, over 20358 frames.
LOG (gmm-est-fmllr[5.5.0~1494-e5a5]:ComputeFmllrMatrixDiagGmmFull():fmllr-diag-gmm.cc:262) fMLLR objf improvement is 0.132431 per frame over 20362 frames.
LOG (gmm-est-fmllr[5.5.0~1494-e5a5]:main():gmm-est-fmllr.cc:143) For speaker M0000000024, auxf-impr from fMLLR is 0.132431, over 20362 frames.
LOG (gmm-est-fmllr[5.5.0~1494-e5a5]:ComputeFmllrMatrixDiagGmmFull():fmllr-diag-gmm.cc:262) fMLLR objf improvement is 0.155707 per frame over 18461 frames.
LOG (gmm-est-fmllr[5.5.0~1494-e5a5]:main():gmm-est-fmllr.cc:143) For speaker M0000000025, auxf-impr from fMLLR is 0.155707, over 18461 frames.
LOG (gmm-est-fmllr[5.5.0~1494-e5a5]:ComputeFmllrMatrixDiagGmmFull():fmllr-diag-gmm.cc:262) fMLLR objf improvement is 0.152631 per frame over 27191 frames.
LOG (gmm-est-fmllr[5.5.0~1494-e5a5]:main():gmm-est-fmllr.cc:143) For speaker M0000000026, auxf-impr from fMLLR is 0.152631, over 27191 frames.
LOG (gmm-est-fmllr[5.5.0~1494-e5a5]:ComputeFmllrMatrixDiagGmmFull():fmllr-diag-gmm.cc:262) fMLLR objf improvement is 0.204096 per frame over 23888 frames.
LOG (gmm-est-fmllr[5.5.0~1494-e5a5]:main():gmm-est-fmllr.cc:143) For speaker M0000000027, auxf-impr from fMLLR is 0.204096, over 23888 frames.
LOG (gmm-est-fmllr[5.5.0~1494-e5a5]:ComputeFmllrMatrixDiagGmmFull():fmllr-diag-gmm.cc:262) fMLLR objf improvement is 0.139105 per frame over 18457 frames.
LOG (gmm-est-fmllr[5.5.0~1494-e5a5]:main():gmm-est-fmllr.cc:143) For speaker M0000000028, auxf-impr from fMLLR is 0.139105, over 18457 frames.
LOG (gmm-est-fmllr[5.5.0~1494-e5a5]:ComputeFmllrMatrixDiagGmmFull():fmllr-diag-gmm.cc:262) fMLLR objf improvement is 0.172416 per frame over 12008 frames.
LOG (gmm-est-fmllr[5.5.0~1494-e5a5]:main():gmm-est-fmllr.cc:143) For speaker M0000000029, auxf-impr from fMLLR is 0.172416, over 12008 frames.
LOG (gmm-est-fmllr[5.5.0~1494-e5a5]:ComputeFmllrMatrixDiagGmmFull():fmllr-diag-gmm.cc:262) fMLLR objf improvement is 0.132153 per frame over 17772 frames.
LOG (gmm-est-fmllr[5.5.0~1494-e5a5]:main():gmm-est-fmllr.cc:143) For speaker M0000000030, auxf-impr from fMLLR is 0.132153, over 17772 frames.
LOG (ali-to-post[5.5.0~1494-e5a5]:main():ali-to-post.cc:73) Converted 3952 alignments.
LOG (weight-silence-post[5.5.0~1494-e5a5]:main():weight-silence-post.cc:95) Done 3952 posteriors.
WARNING (gmm-est-fmllr[5.5.0~1494-e5a5]:main():gmm-est-fmllr.cc:118) Did not find posteriors for utterance M0000000031_0043
LOG (gmm-est-fmllr[5.5.0~1494-e5a5]:ComputeFmllrMatrixDiagGmmFull():fmllr-diag-gmm.cc:262) fMLLR objf improvement is 0.172774 per frame over 16953 frames.
LOG (gmm-est-fmllr[5.5.0~1494-e5a5]:main():gmm-est-fmllr.cc:143) For speaker M0000000031, auxf-impr from fMLLR is 0.172774, over 16953 frames.
LOG (gmm-est-fmllr[5.5.0~1494-e5a5]:ComputeFmllrMatrixDiagGmmFull():fmllr-diag-gmm.cc:262) fMLLR objf improvement is 0.147121 per frame over 15491 frames.
LOG (gmm-est-fmllr[5.5.0~1494-e5a5]:main():gmm-est-fmllr.cc:143) For speaker M0000000032, auxf-impr from fMLLR is 0.147121, over 15491 frames.
LOG (gmm-est-fmllr[5.5.0~1494-e5a5]:ComputeFmllrMatrixDiagGmmFull():fmllr-diag-gmm.cc:262) fMLLR objf improvement is 0.140476 per frame over 16840 frames.
LOG (gmm-est-fmllr[5.5.0~1494-e5a5]:main():gmm-est-fmllr.cc:143) For speaker M0000000033, auxf-impr from fMLLR is 0.140476, over 16840 frames.
LOG (gmm-est-fmllr[5.5.0~1494-e5a5]:ComputeFmllrMatrixDiagGmmFull():fmllr-diag-gmm.cc:262) fMLLR objf improvement is 0.160587 per frame over 20557 frames.
LOG (gmm-est-fmllr[5.5.0~1494-e5a5]:main():gmm-est-fmllr.cc:143) For speaker M0000000034, auxf-impr from fMLLR is 0.160587, over 20557 frames.
LOG (gmm-est-fmllr[5.5.0~1494-e5a5]:ComputeFmllrMatrixDiagGmmFull():fmllr-diag-gmm.cc:262) fMLLR objf improvement is 0.152844 per frame over 18764 frames.
LOG (gmm-est-fmllr[5.5.0~1494-e5a5]:main():gmm-est-fmllr.cc:143) For speaker M0000000035, auxf-impr from fMLLR is 0.152844, over 18764 frames.
LOG (gmm-est-fmllr[5.5.0~1494-e5a5]:ComputeFmllrMatrixDiagGmmFull():fmllr-diag-gmm.cc:262) fMLLR objf improvement is 0.157381 per frame over 17267 frames.
LOG (gmm-est-fmllr[5.5.0~1494-e5a5]:main():gmm-est-fmllr.cc:143) For speaker M0000000036, auxf-impr from fMLLR is 0.157381, over 17267 frames.
LOG (gmm-est-fmllr[5.5.0~1494-e5a5]:ComputeFmllrMatrixDiagGmmFull():fmllr-diag-gmm.cc:262) fMLLR objf improvement is 0.210351 per frame over 26325 frames.
LOG (gmm-est-fmllr[5.5.0~1494-e5a5]:main():gmm-est-fmllr.cc:143) For speaker M0000000037, auxf-impr from fMLLR is 0.210351, over 26325 frames.
LOG (gmm-est-fmllr[5.5.0~1494-e5a5]:ComputeFmllrMatrixDiagGmmFull():fmllr-diag-gmm.cc:262) fMLLR objf improvement is 0.191212 per frame over 18084 frames.
LOG (gmm-est-fmllr[5.5.0~1494-e5a5]:main():gmm-est-fmllr.cc:143) For speaker M0000000038, auxf-impr from fMLLR is 0.191212, over 18084 frames.
LOG (gmm-est-fmllr[5.5.0~1494-e5a5]:ComputeFmllrMatrixDiagGmmFull():fmllr-diag-gmm.cc:262) fMLLR objf improvement is 0.240082 per frame over 25453 frames.
LOG (gmm-est-fmllr[5.5.0~1494-e5a5]:main():gmm-est-fmllr.cc:143) For speaker M0000000039, auxf-impr from fMLLR is 0.240082, over 25453 frames.
LOG (gmm-est-fmllr[5.5.0~1494-e5a5]:ComputeFmllrMatrixDiagGmmFull():fmllr-diag-gmm.cc:262) fMLLR objf improvement is 0.1409 per frame over 14550 frames.
LOG (gmm-est-fmllr[5.5.0~1494-e5a5]:main():gmm-est-fmllr.cc:143) For speaker M0000000040, auxf-impr from fMLLR is 0.1409, over 14550 frames.
LOG (gmm-est-fmllr[5.5.0~1494-e5a5]:ComputeFmllrMatrixDiagGmmFull():fmllr-diag-gmm.cc:262) fMLLR objf improvement is 0.147805 per frame over 15849 frames.
LOG (gmm-est-fmllr[5.5.0~1494-e5a5]:main():gmm-est-fmllr.cc:143) For speaker M0000000041, auxf-impr from fMLLR is 0.147805, over 15849 frames.
LOG (gmm-est-fmllr[5.5.0~1494-e5a5]:ComputeFmllrMatrixDiagGmmFull():fmllr-diag-gmm.cc:262) fMLLR objf improvement is 0.13739 per frame over 19405 frames.
LOG (gmm-est-fmllr[5.5.0~1494-e5a5]:main():gmm-est-fmllr.cc:143) For speaker M0000000042, auxf-impr from fMLLR is 0.13739, over 19405 frames.
LOG (gmm-est-fmllr[5.5.0~1494-e5a5]:ComputeFmllrMatrixDiagGmmFull():fmllr-diag-gmm.cc:262) fMLLR objf improvement is 0.134136 per frame over 20797 frames.
LOG (gmm-est-fmllr[5.5.0~1494-e5a5]:main():gmm-est-fmllr.cc:143) For speaker M0000000043, auxf-impr from fMLLR is 0.134136, over 20797 frames.
LOG (gmm-est-fmllr[5.5.0~1494-e5a5]:ComputeFmllrMatrixDiagGmmFull():fmllr-diag-gmm.cc:262) fMLLR objf improvement is 0.157598 per frame over 21750 frames.
LOG (gmm-est-fmllr[5.5.0~1494-e5a5]:main():gmm-est-fmllr.cc:143) For speaker M0000000044, auxf-impr from fMLLR is 0.157598, over 21750 frames.
LOG (gmm-est-fmllr[5.5.0~1494-e5a5]:ComputeFmllrMatrixDiagGmmFull():fmllr-diag-gmm.cc:262) fMLLR objf improvement is 0.115311 per frame over 18440 frames.
LOG (gmm-est-fmllr[5.5.0~1494-e5a5]:main():gmm-est-fmllr.cc:143) For speaker M0000000045, auxf-impr from fMLLR is 0.115311, over 18440 frames.
LOG (gmm-est-fmllr[5.5.0~1494-e5a5]:ComputeFmllrMatrixDiagGmmFull():fmllr-diag-gmm.cc:262) fMLLR objf improvement is 0.242261 per frame over 21049 frames.
LOG (gmm-est-fmllr[5.5.0~1494-e5a5]:main():gmm-est-fmllr.cc:143) For speaker M0000000046, auxf-impr from fMLLR is 0.242261, over 21049 frames.
LOG (gmm-est-fmllr[5.5.0~1494-e5a5]:ComputeFmllrMatrixDiagGmmFull():fmllr-diag-gmm.cc:262) fMLLR objf improvement is 0.118318 per frame over 23128 frames.
LOG (gmm-est-fmllr[5.5.0~1494-e5a5]:main():gmm-est-fmllr.cc:143) For speaker M0000000047, auxf-impr from fMLLR is 0.118318, over 23128 frames.
LOG (gmm-est-fmllr[5.5.0~1494-e5a5]:ComputeFmllrMatrixDiagGmmFull():fmllr-diag-gmm.cc:262) fMLLR objf improvement is 0.13047 per frame over 16829 frames.
LOG (gmm-est-fmllr[5.5.0~1494-e5a5]:main():gmm-est-fmllr.cc:143) For speaker M0000000048, auxf-impr from fMLLR is 0.13047, over 16829 frames.
LOG (gmm-est-fmllr[5.5.0~1494-e5a5]:ComputeFmllrMatrixDiagGmmFull():fmllr-diag-gmm.cc:262) fMLLR objf improvement is 0.216014 per frame over 24641 frames.
LOG (gmm-est-fmllr[5.5.0~1494-e5a5]:main():gmm-est-fmllr.cc:143) For speaker M0000000049, auxf-impr from fMLLR is 0.216014, over 24641 frames.
LOG (gmm-est-fmllr[5.5.0~1494-e5a5]:ComputeFmllrMatrixDiagGmmFull():fmllr-diag-gmm.cc:262) fMLLR objf improvement is 0.147988 per frame over 22035 frames.
LOG (gmm-est-fmllr[5.5.0~1494-e5a5]:main():gmm-est-fmllr.cc:143) For speaker M0000000050, auxf-impr from fMLLR is 0.147988, over 22035 frames.
LOG (gmm-est-fmllr[5.5.0~1494-e5a5]:ComputeFmllrMatrixDiagGmmFull():fmllr-diag-gmm.cc:262) fMLLR objf improvement is 0.138342 per frame over 27608 frames.
LOG (gmm-est-fmllr[5.5.0~1494-e5a5]:main():gmm-est-fmllr.cc:143) For speaker M0000000051, auxf-impr from fMLLR is 0.138342, over 27608 frames.
LOG (gmm-est-fmllr[5.5.0~1494-e5a5]:ComputeFmllrMatrixDiagGmmFull():fmllr-diag-gmm.cc:262) fMLLR objf improvement is 0.149818 per frame over 23616 frames.
LOG (gmm-est-fmllr[5.5.0~1494-e5a5]:main():gmm-est-fmllr.cc:143) For speaker M0000000052, auxf-impr from fMLLR is 0.149818, over 23616 frames.
LOG (gmm-est-fmllr[5.5.0~1494-e5a5]:ComputeFmllrMatrixDiagGmmFull():fmllr-diag-gmm.cc:262) fMLLR objf improvement is 0.170768 per frame over 26035 frames.
LOG (gmm-est-fmllr[5.5.0~1494-e5a5]:main():gmm-est-fmllr.cc:143) For speaker M0000000053, auxf-impr from fMLLR is 0.170768, over 26035 frames.
LOG (gmm-est-fmllr[5.5.0~1494-e5a5]:ComputeFmllrMatrixDiagGmmFull():fmllr-diag-gmm.cc:262) fMLLR objf improvement is 0.106521 per frame over 32359 frames.
LOG (gmm-est-fmllr[5.5.0~1494-e5a5]:main():gmm-est-fmllr.cc:143) For speaker M0000000054, auxf-impr from fMLLR is 0.106521, over 32359 frames.
LOG (gmm-est-fmllr[5.5.0~1494-e5a5]:ComputeFmllrMatrixDiagGmmFull():fmllr-diag-gmm.cc:262) fMLLR objf improvement is 0.162588 per frame over 16329 frames.
LOG (gmm-est-fmllr[5.5.0~1494-e5a5]:main():gmm-est-fmllr.cc:143) For speaker M0000000055, auxf-impr from fMLLR is 0.162588, over 16329 frames.
LOG (gmm-est-fmllr[5.5.0~1494-e5a5]:ComputeFmllrMatrixDiagGmmFull():fmllr-diag-gmm.cc:262) fMLLR objf improvement is 0.115921 per frame over 24303 frames.
LOG (gmm-est-fmllr[5.5.0~1494-e5a5]:main():gmm-est-fmllr.cc:143) For speaker M0000000056, auxf-impr from fMLLR is 0.115921, over 24303 frames.
LOG (gmm-est-fmllr[5.5.0~1494-e5a5]:ComputeFmllrMatrixDiagGmmFull():fmllr-diag-gmm.cc:262) fMLLR objf improvement is 0.126957 per frame over 24018 frames.
LOG (gmm-est-fmllr[5.5.0~1494-e5a5]:main():gmm-est-fmllr.cc:143) For speaker M0000000057, auxf-impr from fMLLR is 0.126957, over 24018 frames.
LOG (apply-cmvn[5.5.0~1494-e5a5]:main():apply-cmvn.cc:162) Applied cepstral mean normalization to 3953 utterances, errors on 0
LOG (transform-feats[5.5.0~1494-e5a5]:main():transform-feats.cc:158) Overall average [pseudo-]logdet is -28.1793 over 1.11647e+06 frames.
LOG (transform-feats[5.5.0~1494-e5a5]:main():transform-feats.cc:161) Applied transform to 3953 utterances; 0 had errors.
LOG (transform-feats[5.5.0~1494-e5a5]:main():transform-feats.cc:158) Overall average logdet is 3.22319 over 1.11647e+06 frames.
LOG (transform-feats[5.5.0~1494-e5a5]:main():transform-feats.cc:161) Applied transform to 3953 utterances; 0 had errors.
LOG (gmm-est-fmllr[5.5.0~1494-e5a5]:ComputeFmllrMatrixDiagGmmFull():fmllr-diag-gmm.cc:262) fMLLR objf improvement is 0.166658 per frame over 15189 frames.
LOG (gmm-est-fmllr[5.5.0~1494-e5a5]:main():gmm-est-fmllr.cc:143) For speaker M0000000058, auxf-impr from fMLLR is 0.166658, over 15189 frames.
LOG (gmm-est-fmllr[5.5.0~1494-e5a5]:main():gmm-est-fmllr.cc:188) Done 3952 files, 1 with no posts, 0 with other errors.
LOG (gmm-est-fmllr[5.5.0~1494-e5a5]:main():gmm-est-fmllr.cc:190) Overall fMLLR auxf impr per frame is 0.155743 over 791672 frames.
# Accounting: time=28 threads=1
# Ended (code 0) at Mon May 17 09:28:46 UTC 2021, elapsed time 28 seconds
