# ali-to-post "ark:gunzip -c exp/tri2b_ali/ali.1.gz|" ark:- | weight-silence-post 0.0 1:2:3:4:5 exp/tri2b_ali/final.mdl ark:- ark:- | gmm-est-fmllr --fmllr-update-type=full --spk2utt=ark:data/train/split4/1/spk2utt exp/tri2b_ali/final.mdl "ark,s,cs:apply-cmvn  --utt2spk=ark:data/train/split4/1/utt2spk scp:data/train/split4/1/cmvn.scp scp:data/train/split4/1/feats.scp ark:- | splice-feats  ark:- ark:- | transform-feats exp/tri2b_ali/final.mat ark:- ark:- |" ark:- ark:exp/tri3b/trans.1 
# Started at Mon May 17 09:18:12 UTC 2021
#
weight-silence-post 0.0 1:2:3:4:5 exp/tri2b_ali/final.mdl ark:- ark:- 
ali-to-post 'ark:gunzip -c exp/tri2b_ali/ali.1.gz|' ark:- 
gmm-est-fmllr --fmllr-update-type=full --spk2utt=ark:data/train/split4/1/spk2utt exp/tri2b_ali/final.mdl 'ark,s,cs:apply-cmvn  --utt2spk=ark:data/train/split4/1/utt2spk scp:data/train/split4/1/cmvn.scp scp:data/train/split4/1/feats.scp ark:- | splice-feats  ark:- ark:- | transform-feats exp/tri2b_ali/final.mat ark:- ark:- |' ark:- ark:exp/tri3b/trans.1 
splice-feats ark:- ark:- 
transform-feats exp/tri2b_ali/final.mat ark:- ark:- 
apply-cmvn --utt2spk=ark:data/train/split4/1/utt2spk scp:data/train/split4/1/cmvn.scp scp:data/train/split4/1/feats.scp ark:- 
LOG (gmm-est-fmllr[5.5.0~1494-e5a5]:ComputeFmllrMatrixDiagGmmFull():fmllr-diag-gmm.cc:262) fMLLR objf improvement is 2.49441 per frame over 18639 frames.
LOG (gmm-est-fmllr[5.5.0~1494-e5a5]:main():gmm-est-fmllr.cc:143) For speaker CCF001, auxf-impr from fMLLR is 2.49441, over 18639 frames.
LOG (gmm-est-fmllr[5.5.0~1494-e5a5]:ComputeFmllrMatrixDiagGmmFull():fmllr-diag-gmm.cc:262) fMLLR objf improvement is 2.6348 per frame over 17405 frames.
LOG (gmm-est-fmllr[5.5.0~1494-e5a5]:main():gmm-est-fmllr.cc:143) For speaker CCF002, auxf-impr from fMLLR is 2.6348, over 17405 frames.
LOG (gmm-est-fmllr[5.5.0~1494-e5a5]:ComputeFmllrMatrixDiagGmmFull():fmllr-diag-gmm.cc:262) fMLLR objf improvement is 1.5687 per frame over 15945 frames.
LOG (gmm-est-fmllr[5.5.0~1494-e5a5]:main():gmm-est-fmllr.cc:143) For speaker CCF004, auxf-impr from fMLLR is 1.5687, over 15945 frames.
LOG (gmm-est-fmllr[5.5.0~1494-e5a5]:ComputeFmllrMatrixDiagGmmFull():fmllr-diag-gmm.cc:262) fMLLR objf improvement is 2.5292 per frame over 18767 frames.
LOG (gmm-est-fmllr[5.5.0~1494-e5a5]:main():gmm-est-fmllr.cc:143) For speaker CCF005, auxf-impr from fMLLR is 2.5292, over 18767 frames.
LOG (gmm-est-fmllr[5.5.0~1494-e5a5]:ComputeFmllrMatrixDiagGmmFull():fmllr-diag-gmm.cc:262) fMLLR objf improvement is 1.96544 per frame over 19626 frames.
LOG (gmm-est-fmllr[5.5.0~1494-e5a5]:main():gmm-est-fmllr.cc:143) For speaker CCF007, auxf-impr from fMLLR is 1.96544, over 19626 frames.
LOG (gmm-est-fmllr[5.5.0~1494-e5a5]:ComputeFmllrMatrixDiagGmmFull():fmllr-diag-gmm.cc:262) fMLLR objf improvement is 3.89719 per frame over 16135 frames.
LOG (gmm-est-fmllr[5.5.0~1494-e5a5]:main():gmm-est-fmllr.cc:143) For speaker CCF008, auxf-impr from fMLLR is 3.89719, over 16135 frames.
LOG (ali-to-post[5.5.0~1494-e5a5]:main():ali-to-post.cc:73) Converted 4015 alignments.
LOG (weight-silence-post[5.5.0~1494-e5a5]:main():weight-silence-post.cc:95) Done 4015 posteriors.
WARNING (gmm-est-fmllr[5.5.0~1494-e5a5]:main():gmm-est-fmllr.cc:118) Did not find posteriors for utterance CCF009_Pa009_018
LOG (gmm-est-fmllr[5.5.0~1494-e5a5]:ComputeFmllrMatrixDiagGmmFull():fmllr-diag-gmm.cc:262) fMLLR objf improvement is 2.74949 per frame over 18178 frames.
LOG (gmm-est-fmllr[5.5.0~1494-e5a5]:main():gmm-est-fmllr.cc:143) For speaker CCF009, auxf-impr from fMLLR is 2.74949, over 18178 frames.
LOG (gmm-est-fmllr[5.5.0~1494-e5a5]:ComputeFmllrMatrixDiagGmmFull():fmllr-diag-gmm.cc:262) fMLLR objf improvement is 1.55068 per frame over 19699 frames.
LOG (gmm-est-fmllr[5.5.0~1494-e5a5]:main():gmm-est-fmllr.cc:143) For speaker CCF011, auxf-impr from fMLLR is 1.55068, over 19699 frames.
LOG (gmm-est-fmllr[5.5.0~1494-e5a5]:ComputeFmllrMatrixDiagGmmFull():fmllr-diag-gmm.cc:262) fMLLR objf improvement is 1.73741 per frame over 19126 frames.
LOG (gmm-est-fmllr[5.5.0~1494-e5a5]:main():gmm-est-fmllr.cc:143) For speaker CCF014, auxf-impr from fMLLR is 1.73741, over 19126 frames.
LOG (gmm-est-fmllr[5.5.0~1494-e5a5]:ComputeFmllrMatrixDiagGmmFull():fmllr-diag-gmm.cc:262) fMLLR objf improvement is 2.95762 per frame over 17343 frames.
LOG (gmm-est-fmllr[5.5.0~1494-e5a5]:main():gmm-est-fmllr.cc:143) For speaker CCF017, auxf-impr from fMLLR is 2.95762, over 17343 frames.
LOG (gmm-est-fmllr[5.5.0~1494-e5a5]:ComputeFmllrMatrixDiagGmmFull():fmllr-diag-gmm.cc:262) fMLLR objf improvement is 2.22833 per frame over 20587 frames.
LOG (gmm-est-fmllr[5.5.0~1494-e5a5]:main():gmm-est-fmllr.cc:143) For speaker CCF020, auxf-impr from fMLLR is 2.22833, over 20587 frames.
LOG (gmm-est-fmllr[5.5.0~1494-e5a5]:ComputeFmllrMatrixDiagGmmFull():fmllr-diag-gmm.cc:262) fMLLR objf improvement is 2.40678 per frame over 15845 frames.
LOG (gmm-est-fmllr[5.5.0~1494-e5a5]:main():gmm-est-fmllr.cc:143) For speaker CCF024, auxf-impr from fMLLR is 2.40678, over 15845 frames.
LOG (gmm-est-fmllr[5.5.0~1494-e5a5]:ComputeFmllrMatrixDiagGmmFull():fmllr-diag-gmm.cc:262) fMLLR objf improvement is 2.92266 per frame over 17017 frames.
LOG (gmm-est-fmllr[5.5.0~1494-e5a5]:main():gmm-est-fmllr.cc:143) For speaker CCM025, auxf-impr from fMLLR is 2.92266, over 17017 frames.
LOG (gmm-est-fmllr[5.5.0~1494-e5a5]:ComputeFmllrMatrixDiagGmmFull():fmllr-diag-gmm.cc:262) fMLLR objf improvement is 2.20266 per frame over 19411 frames.
LOG (gmm-est-fmllr[5.5.0~1494-e5a5]:main():gmm-est-fmllr.cc:143) For speaker CCM027, auxf-impr from fMLLR is 2.20266, over 19411 frames.
LOG (gmm-est-fmllr[5.5.0~1494-e5a5]:ComputeFmllrMatrixDiagGmmFull():fmllr-diag-gmm.cc:262) fMLLR objf improvement is 3.11632 per frame over 17452 frames.
LOG (gmm-est-fmllr[5.5.0~1494-e5a5]:main():gmm-est-fmllr.cc:143) For speaker CCM030, auxf-impr from fMLLR is 3.11632, over 17452 frames.
LOG (gmm-est-fmllr[5.5.0~1494-e5a5]:ComputeFmllrMatrixDiagGmmFull():fmllr-diag-gmm.cc:262) fMLLR objf improvement is 2.97295 per frame over 17069 frames.
LOG (gmm-est-fmllr[5.5.0~1494-e5a5]:main():gmm-est-fmllr.cc:143) For speaker CCM032, auxf-impr from fMLLR is 2.97295, over 17069 frames.
LOG (gmm-est-fmllr[5.5.0~1494-e5a5]:ComputeFmllrMatrixDiagGmmFull():fmllr-diag-gmm.cc:262) fMLLR objf improvement is 3.10673 per frame over 14282 frames.
LOG (gmm-est-fmllr[5.5.0~1494-e5a5]:main():gmm-est-fmllr.cc:143) For speaker CCM034, auxf-impr from fMLLR is 3.10673, over 14282 frames.
LOG (gmm-est-fmllr[5.5.0~1494-e5a5]:ComputeFmllrMatrixDiagGmmFull():fmllr-diag-gmm.cc:262) fMLLR objf improvement is 2.87257 per frame over 18100 frames.
LOG (gmm-est-fmllr[5.5.0~1494-e5a5]:main():gmm-est-fmllr.cc:143) For speaker CCM036, auxf-impr from fMLLR is 2.87257, over 18100 frames.
LOG (gmm-est-fmllr[5.5.0~1494-e5a5]:ComputeFmllrMatrixDiagGmmFull():fmllr-diag-gmm.cc:262) fMLLR objf improvement is 2.18737 per frame over 23182 frames.
LOG (gmm-est-fmllr[5.5.0~1494-e5a5]:main():gmm-est-fmllr.cc:143) For speaker CCM037, auxf-impr from fMLLR is 2.18737, over 23182 frames.
LOG (gmm-est-fmllr[5.5.0~1494-e5a5]:ComputeFmllrMatrixDiagGmmFull():fmllr-diag-gmm.cc:262) fMLLR objf improvement is 2.57092 per frame over 14391 frames.
LOG (gmm-est-fmllr[5.5.0~1494-e5a5]:main():gmm-est-fmllr.cc:143) For speaker CCM040, auxf-impr from fMLLR is 2.57092, over 14391 frames.
WARNING (gmm-est-fmllr[5.5.0~1494-e5a5]:main():gmm-est-fmllr.cc:118) Did not find posteriors for utterance CCM043_Pa043_031
LOG (gmm-est-fmllr[5.5.0~1494-e5a5]:ComputeFmllrMatrixDiagGmmFull():fmllr-diag-gmm.cc:262) fMLLR objf improvement is 3.41635 per frame over 15229 frames.
LOG (gmm-est-fmllr[5.5.0~1494-e5a5]:main():gmm-est-fmllr.cc:143) For speaker CCM043, auxf-impr from fMLLR is 3.41635, over 15229 frames.
LOG (gmm-est-fmllr[5.5.0~1494-e5a5]:ComputeFmllrMatrixDiagGmmFull():fmllr-diag-gmm.cc:262) fMLLR objf improvement is 3.14542 per frame over 13340 frames.
LOG (gmm-est-fmllr[5.5.0~1494-e5a5]:main():gmm-est-fmllr.cc:143) For speaker CCM044, auxf-impr from fMLLR is 3.14542, over 13340 frames.
LOG (gmm-est-fmllr[5.5.0~1494-e5a5]:ComputeFmllrMatrixDiagGmmFull():fmllr-diag-gmm.cc:262) fMLLR objf improvement is 2.67389 per frame over 16390 frames.
LOG (gmm-est-fmllr[5.5.0~1494-e5a5]:main():gmm-est-fmllr.cc:143) For speaker CCM046, auxf-impr from fMLLR is 2.67389, over 16390 frames.
LOG (gmm-est-fmllr[5.5.0~1494-e5a5]:ComputeFmllrMatrixDiagGmmFull():fmllr-diag-gmm.cc:262) fMLLR objf improvement is 3.00189 per frame over 17793 frames.
LOG (gmm-est-fmllr[5.5.0~1494-e5a5]:main():gmm-est-fmllr.cc:143) For speaker CCM047, auxf-impr from fMLLR is 3.00189, over 17793 frames.
LOG (gmm-est-fmllr[5.5.0~1494-e5a5]:ComputeFmllrMatrixDiagGmmFull():fmllr-diag-gmm.cc:262) fMLLR objf improvement is 2.07688 per frame over 16514 frames.
LOG (gmm-est-fmllr[5.5.0~1494-e5a5]:main():gmm-est-fmllr.cc:143) For speaker COF001, auxf-impr from fMLLR is 2.07688, over 16514 frames.
LOG (gmm-est-fmllr[5.5.0~1494-e5a5]:ComputeFmllrMatrixDiagGmmFull():fmllr-diag-gmm.cc:262) fMLLR objf improvement is 2.30802 per frame over 15364 frames.
LOG (gmm-est-fmllr[5.5.0~1494-e5a5]:main():gmm-est-fmllr.cc:143) For speaker COF002, auxf-impr from fMLLR is 2.30802, over 15364 frames.
LOG (gmm-est-fmllr[5.5.0~1494-e5a5]:ComputeFmllrMatrixDiagGmmFull():fmllr-diag-gmm.cc:262) fMLLR objf improvement is 1.99642 per frame over 16940 frames.
LOG (gmm-est-fmllr[5.5.0~1494-e5a5]:main():gmm-est-fmllr.cc:143) For speaker COF004, auxf-impr from fMLLR is 1.99642, over 16940 frames.
LOG (gmm-est-fmllr[5.5.0~1494-e5a5]:ComputeFmllrMatrixDiagGmmFull():fmllr-diag-gmm.cc:262) fMLLR objf improvement is 1.78791 per frame over 18089 frames.
LOG (gmm-est-fmllr[5.5.0~1494-e5a5]:main():gmm-est-fmllr.cc:143) For speaker COF005, auxf-impr from fMLLR is 1.78791, over 18089 frames.
LOG (gmm-est-fmllr[5.5.0~1494-e5a5]:ComputeFmllrMatrixDiagGmmFull():fmllr-diag-gmm.cc:262) fMLLR objf improvement is 2.42632 per frame over 18136 frames.
LOG (gmm-est-fmllr[5.5.0~1494-e5a5]:main():gmm-est-fmllr.cc:143) For speaker COF007, auxf-impr from fMLLR is 2.42632, over 18136 frames.
LOG (gmm-est-fmllr[5.5.0~1494-e5a5]:ComputeFmllrMatrixDiagGmmFull():fmllr-diag-gmm.cc:262) fMLLR objf improvement is 2.17047 per frame over 16145 frames.
LOG (gmm-est-fmllr[5.5.0~1494-e5a5]:main():gmm-est-fmllr.cc:143) For speaker COF008, auxf-impr from fMLLR is 2.17047, over 16145 frames.
WARNING (gmm-est-fmllr[5.5.0~1494-e5a5]:main():gmm-est-fmllr.cc:118) Did not find posteriors for utterance COF009_Pa009_018
LOG (gmm-est-fmllr[5.5.0~1494-e5a5]:ComputeFmllrMatrixDiagGmmFull():fmllr-diag-gmm.cc:262) fMLLR objf improvement is 2.91193 per frame over 18409 frames.
LOG (gmm-est-fmllr[5.5.0~1494-e5a5]:main():gmm-est-fmllr.cc:143) For speaker COF009, auxf-impr from fMLLR is 2.91193, over 18409 frames.
LOG (gmm-est-fmllr[5.5.0~1494-e5a5]:ComputeFmllrMatrixDiagGmmFull():fmllr-diag-gmm.cc:262) fMLLR objf improvement is 1.98214 per frame over 18761 frames.
LOG (gmm-est-fmllr[5.5.0~1494-e5a5]:main():gmm-est-fmllr.cc:143) For speaker COF011, auxf-impr from fMLLR is 1.98214, over 18761 frames.
LOG (gmm-est-fmllr[5.5.0~1494-e5a5]:ComputeFmllrMatrixDiagGmmFull():fmllr-diag-gmm.cc:262) fMLLR objf improvement is 1.9415 per frame over 19413 frames.
LOG (gmm-est-fmllr[5.5.0~1494-e5a5]:main():gmm-est-fmllr.cc:143) For speaker COF014, auxf-impr from fMLLR is 1.9415, over 19413 frames.
LOG (gmm-est-fmllr[5.5.0~1494-e5a5]:ComputeFmllrMatrixDiagGmmFull():fmllr-diag-gmm.cc:262) fMLLR objf improvement is 3.12111 per frame over 18013 frames.
LOG (gmm-est-fmllr[5.5.0~1494-e5a5]:main():gmm-est-fmllr.cc:143) For speaker COF017, auxf-impr from fMLLR is 3.12111, over 18013 frames.
LOG (gmm-est-fmllr[5.5.0~1494-e5a5]:ComputeFmllrMatrixDiagGmmFull():fmllr-diag-gmm.cc:262) fMLLR objf improvement is 2.57712 per frame over 19987 frames.
LOG (gmm-est-fmllr[5.5.0~1494-e5a5]:main():gmm-est-fmllr.cc:143) For speaker COF020, auxf-impr from fMLLR is 2.57712, over 19987 frames.
LOG (gmm-est-fmllr[5.5.0~1494-e5a5]:ComputeFmllrMatrixDiagGmmFull():fmllr-diag-gmm.cc:262) fMLLR objf improvement is 2.51741 per frame over 15500 frames.
LOG (gmm-est-fmllr[5.5.0~1494-e5a5]:main():gmm-est-fmllr.cc:143) For speaker COF024, auxf-impr from fMLLR is 2.51741, over 15500 frames.
LOG (gmm-est-fmllr[5.5.0~1494-e5a5]:ComputeFmllrMatrixDiagGmmFull():fmllr-diag-gmm.cc:262) fMLLR objf improvement is 3.13592 per frame over 16060 frames.
LOG (gmm-est-fmllr[5.5.0~1494-e5a5]:main():gmm-est-fmllr.cc:143) For speaker COM025, auxf-impr from fMLLR is 3.13592, over 16060 frames.
LOG (gmm-est-fmllr[5.5.0~1494-e5a5]:ComputeFmllrMatrixDiagGmmFull():fmllr-diag-gmm.cc:262) fMLLR objf improvement is 2.21454 per frame over 17543 frames.
LOG (gmm-est-fmllr[5.5.0~1494-e5a5]:main():gmm-est-fmllr.cc:143) For speaker COM027, auxf-impr from fMLLR is 2.21454, over 17543 frames.
LOG (gmm-est-fmllr[5.5.0~1494-e5a5]:ComputeFmllrMatrixDiagGmmFull():fmllr-diag-gmm.cc:262) fMLLR objf improvement is 3.26204 per frame over 16622 frames.
LOG (gmm-est-fmllr[5.5.0~1494-e5a5]:main():gmm-est-fmllr.cc:143) For speaker COM030, auxf-impr from fMLLR is 3.26204, over 16622 frames.
LOG (gmm-est-fmllr[5.5.0~1494-e5a5]:ComputeFmllrMatrixDiagGmmFull():fmllr-diag-gmm.cc:262) fMLLR objf improvement is 3.5337 per frame over 16107 frames.
LOG (gmm-est-fmllr[5.5.0~1494-e5a5]:main():gmm-est-fmllr.cc:143) For speaker COM032, auxf-impr from fMLLR is 3.5337, over 16107 frames.
LOG (gmm-est-fmllr[5.5.0~1494-e5a5]:ComputeFmllrMatrixDiagGmmFull():fmllr-diag-gmm.cc:262) fMLLR objf improvement is 2.45929 per frame over 14505 frames.
LOG (gmm-est-fmllr[5.5.0~1494-e5a5]:main():gmm-est-fmllr.cc:143) For speaker COM034, auxf-impr from fMLLR is 2.45929, over 14505 frames.
LOG (gmm-est-fmllr[5.5.0~1494-e5a5]:ComputeFmllrMatrixDiagGmmFull():fmllr-diag-gmm.cc:262) fMLLR objf improvement is 2.09848 per frame over 18395 frames.
LOG (gmm-est-fmllr[5.5.0~1494-e5a5]:main():gmm-est-fmllr.cc:143) For speaker COM036, auxf-impr from fMLLR is 2.09848, over 18395 frames.
LOG (gmm-est-fmllr[5.5.0~1494-e5a5]:ComputeFmllrMatrixDiagGmmFull():fmllr-diag-gmm.cc:262) fMLLR objf improvement is 2.32144 per frame over 23132 frames.
LOG (gmm-est-fmllr[5.5.0~1494-e5a5]:main():gmm-est-fmllr.cc:143) For speaker COM037, auxf-impr from fMLLR is 2.32144, over 23132 frames.
LOG (gmm-est-fmllr[5.5.0~1494-e5a5]:ComputeFmllrMatrixDiagGmmFull():fmllr-diag-gmm.cc:262) fMLLR objf improvement is 2.75282 per frame over 13380 frames.
LOG (gmm-est-fmllr[5.5.0~1494-e5a5]:main():gmm-est-fmllr.cc:143) For speaker COM040, auxf-impr from fMLLR is 2.75282, over 13380 frames.
WARNING (gmm-est-fmllr[5.5.0~1494-e5a5]:main():gmm-est-fmllr.cc:118) Did not find posteriors for utterance COM043_Pa043_031
LOG (gmm-est-fmllr[5.5.0~1494-e5a5]:ComputeFmllrMatrixDiagGmmFull():fmllr-diag-gmm.cc:262) fMLLR objf improvement is 2.51796 per frame over 15653 frames.
LOG (gmm-est-fmllr[5.5.0~1494-e5a5]:main():gmm-est-fmllr.cc:143) For speaker COM043, auxf-impr from fMLLR is 2.51796, over 15653 frames.
LOG (gmm-est-fmllr[5.5.0~1494-e5a5]:ComputeFmllrMatrixDiagGmmFull():fmllr-diag-gmm.cc:262) fMLLR objf improvement is 2.59259 per frame over 13533 frames.
LOG (gmm-est-fmllr[5.5.0~1494-e5a5]:main():gmm-est-fmllr.cc:143) For speaker COM044, auxf-impr from fMLLR is 2.59259, over 13533 frames.
LOG (gmm-est-fmllr[5.5.0~1494-e5a5]:ComputeFmllrMatrixDiagGmmFull():fmllr-diag-gmm.cc:262) fMLLR objf improvement is 3.24107 per frame over 15257 frames.
LOG (gmm-est-fmllr[5.5.0~1494-e5a5]:main():gmm-est-fmllr.cc:143) For speaker COM046, auxf-impr from fMLLR is 3.24107, over 15257 frames.
LOG (gmm-est-fmllr[5.5.0~1494-e5a5]:ComputeFmllrMatrixDiagGmmFull():fmllr-diag-gmm.cc:262) fMLLR objf improvement is 2.78285 per frame over 16788 frames.
LOG (gmm-est-fmllr[5.5.0~1494-e5a5]:main():gmm-est-fmllr.cc:143) For speaker COM047, auxf-impr from fMLLR is 2.78285, over 16788 frames.
LOG (gmm-est-fmllr[5.5.0~1494-e5a5]:ComputeFmllrMatrixDiagGmmFull():fmllr-diag-gmm.cc:262) fMLLR objf improvement is 2.81878 per frame over 27580 frames.
LOG (gmm-est-fmllr[5.5.0~1494-e5a5]:main():gmm-est-fmllr.cc:143) For speaker F0000000006, auxf-impr from fMLLR is 2.81878, over 27580 frames.
LOG (gmm-est-fmllr[5.5.0~1494-e5a5]:ComputeFmllrMatrixDiagGmmFull():fmllr-diag-gmm.cc:262) fMLLR objf improvement is 3.20902 per frame over 16828 frames.
LOG (gmm-est-fmllr[5.5.0~1494-e5a5]:main():gmm-est-fmllr.cc:143) For speaker F0000000007, auxf-impr from fMLLR is 3.20902, over 16828 frames.
LOG (gmm-est-fmllr[5.5.0~1494-e5a5]:ComputeFmllrMatrixDiagGmmFull():fmllr-diag-gmm.cc:262) fMLLR objf improvement is 3.87225 per frame over 16271 frames.
LOG (gmm-est-fmllr[5.5.0~1494-e5a5]:main():gmm-est-fmllr.cc:143) For speaker F0000000008, auxf-impr from fMLLR is 3.87225, over 16271 frames.
LOG (gmm-est-fmllr[5.5.0~1494-e5a5]:ComputeFmllrMatrixDiagGmmFull():fmllr-diag-gmm.cc:262) fMLLR objf improvement is 3.53965 per frame over 21589 frames.
LOG (gmm-est-fmllr[5.5.0~1494-e5a5]:main():gmm-est-fmllr.cc:143) For speaker F0000000009, auxf-impr from fMLLR is 3.53965, over 21589 frames.
LOG (gmm-est-fmllr[5.5.0~1494-e5a5]:ComputeFmllrMatrixDiagGmmFull():fmllr-diag-gmm.cc:262) fMLLR objf improvement is 3.42061 per frame over 20034 frames.
LOG (gmm-est-fmllr[5.5.0~1494-e5a5]:main():gmm-est-fmllr.cc:143) For speaker F0000000010, auxf-impr from fMLLR is 3.42061, over 20034 frames.
LOG (gmm-est-fmllr[5.5.0~1494-e5a5]:ComputeFmllrMatrixDiagGmmFull():fmllr-diag-gmm.cc:262) fMLLR objf improvement is 2.91197 per frame over 24217 frames.
LOG (gmm-est-fmllr[5.5.0~1494-e5a5]:main():gmm-est-fmllr.cc:143) For speaker F0000000011, auxf-impr from fMLLR is 2.91197, over 24217 frames.
LOG (gmm-est-fmllr[5.5.0~1494-e5a5]:ComputeFmllrMatrixDiagGmmFull():fmllr-diag-gmm.cc:262) fMLLR objf improvement is 2.56123 per frame over 23277 frames.
LOG (gmm-est-fmllr[5.5.0~1494-e5a5]:main():gmm-est-fmllr.cc:143) For speaker F0000000012, auxf-impr from fMLLR is 2.56123, over 23277 frames.
LOG (gmm-est-fmllr[5.5.0~1494-e5a5]:ComputeFmllrMatrixDiagGmmFull():fmllr-diag-gmm.cc:262) fMLLR objf improvement is 3.27193 per frame over 19632 frames.
LOG (gmm-est-fmllr[5.5.0~1494-e5a5]:main():gmm-est-fmllr.cc:143) For speaker F0000000013, auxf-impr from fMLLR is 3.27193, over 19632 frames.
LOG (gmm-est-fmllr[5.5.0~1494-e5a5]:ComputeFmllrMatrixDiagGmmFull():fmllr-diag-gmm.cc:262) fMLLR objf improvement is 4.20089 per frame over 25851 frames.
LOG (gmm-est-fmllr[5.5.0~1494-e5a5]:main():gmm-est-fmllr.cc:143) For speaker F0000000014, auxf-impr from fMLLR is 4.20089, over 25851 frames.
LOG (gmm-est-fmllr[5.5.0~1494-e5a5]:ComputeFmllrMatrixDiagGmmFull():fmllr-diag-gmm.cc:262) fMLLR objf improvement is 2.51916 per frame over 25317 frames.
LOG (gmm-est-fmllr[5.5.0~1494-e5a5]:main():gmm-est-fmllr.cc:143) For speaker F0000000015, auxf-impr from fMLLR is 2.51916, over 25317 frames.
LOG (gmm-est-fmllr[5.5.0~1494-e5a5]:ComputeFmllrMatrixDiagGmmFull():fmllr-diag-gmm.cc:262) fMLLR objf improvement is 2.46361 per frame over 28252 frames.
LOG (gmm-est-fmllr[5.5.0~1494-e5a5]:main():gmm-est-fmllr.cc:143) For speaker F0000000016, auxf-impr from fMLLR is 2.46361, over 28252 frames.
LOG (gmm-est-fmllr[5.5.0~1494-e5a5]:ComputeFmllrMatrixDiagGmmFull():fmllr-diag-gmm.cc:262) fMLLR objf improvement is 6.2745 per frame over 18119 frames.
LOG (gmm-est-fmllr[5.5.0~1494-e5a5]:main():gmm-est-fmllr.cc:143) For speaker F0000000077, auxf-impr from fMLLR is 6.2745, over 18119 frames.
WARNING (gmm-est-fmllr[5.5.0~1494-e5a5]:main():gmm-est-fmllr.cc:118) Did not find posteriors for utterance F0000000080_0005
WARNING (gmm-est-fmllr[5.5.0~1494-e5a5]:main():gmm-est-fmllr.cc:118) Did not find posteriors for utterance F0000000080_0008
LOG (gmm-est-fmllr[5.5.0~1494-e5a5]:ComputeFmllrMatrixDiagGmmFull():fmllr-diag-gmm.cc:262) fMLLR objf improvement is 3.27174 per frame over 23560 frames.
LOG (gmm-est-fmllr[5.5.0~1494-e5a5]:main():gmm-est-fmllr.cc:143) For speaker F0000000080, auxf-impr from fMLLR is 3.27174, over 23560 frames.
LOG (gmm-est-fmllr[5.5.0~1494-e5a5]:ComputeFmllrMatrixDiagGmmFull():fmllr-diag-gmm.cc:262) fMLLR objf improvement is 1.59408 per frame over 27103 frames.
LOG (gmm-est-fmllr[5.5.0~1494-e5a5]:main():gmm-est-fmllr.cc:143) For speaker F0000000082, auxf-impr from fMLLR is 1.59408, over 27103 frames.
LOG (gmm-est-fmllr[5.5.0~1494-e5a5]:ComputeFmllrMatrixDiagGmmFull():fmllr-diag-gmm.cc:262) fMLLR objf improvement is 4.77155 per frame over 14459 frames.
LOG (gmm-est-fmllr[5.5.0~1494-e5a5]:main():gmm-est-fmllr.cc:143) For speaker F0000000088, auxf-impr from fMLLR is 4.77155, over 14459 frames.
LOG (gmm-est-fmllr[5.5.0~1494-e5a5]:ComputeFmllrMatrixDiagGmmFull():fmllr-diag-gmm.cc:262) fMLLR objf improvement is 3.77448 per frame over 15024 frames.
LOG (gmm-est-fmllr[5.5.0~1494-e5a5]:main():gmm-est-fmllr.cc:143) For speaker F0000000089, auxf-impr from fMLLR is 3.77448, over 15024 frames.
LOG (gmm-est-fmllr[5.5.0~1494-e5a5]:ComputeFmllrMatrixDiagGmmFull():fmllr-diag-gmm.cc:262) fMLLR objf improvement is 3.12299 per frame over 19487 frames.
LOG (gmm-est-fmllr[5.5.0~1494-e5a5]:main():gmm-est-fmllr.cc:143) For speaker F0000000100, auxf-impr from fMLLR is 3.12299, over 19487 frames.
LOG (gmm-est-fmllr[5.5.0~1494-e5a5]:ComputeFmllrMatrixDiagGmmFull():fmllr-diag-gmm.cc:262) fMLLR objf improvement is 3.09972 per frame over 14886 frames.
LOG (gmm-est-fmllr[5.5.0~1494-e5a5]:main():gmm-est-fmllr.cc:143) For speaker F0000000108, auxf-impr from fMLLR is 3.09972, over 14886 frames.
LOG (gmm-est-fmllr[5.5.0~1494-e5a5]:ComputeFmllrMatrixDiagGmmFull():fmllr-diag-gmm.cc:262) fMLLR objf improvement is 2.34184 per frame over 13791 frames.
LOG (gmm-est-fmllr[5.5.0~1494-e5a5]:main():gmm-est-fmllr.cc:143) For speaker F0000000120, auxf-impr from fMLLR is 2.34184, over 13791 frames.
LOG (gmm-est-fmllr[5.5.0~1494-e5a5]:ComputeFmllrMatrixDiagGmmFull():fmllr-diag-gmm.cc:262) fMLLR objf improvement is 2.14029 per frame over 17100 frames.
LOG (gmm-est-fmllr[5.5.0~1494-e5a5]:main():gmm-est-fmllr.cc:143) For speaker M0000000017, auxf-impr from fMLLR is 2.14029, over 17100 frames.
LOG (gmm-est-fmllr[5.5.0~1494-e5a5]:ComputeFmllrMatrixDiagGmmFull():fmllr-diag-gmm.cc:262) fMLLR objf improvement is 4.32618 per frame over 25034 frames.
LOG (gmm-est-fmllr[5.5.0~1494-e5a5]:main():gmm-est-fmllr.cc:143) For speaker M0000000018, auxf-impr from fMLLR is 4.32618, over 25034 frames.
LOG (gmm-est-fmllr[5.5.0~1494-e5a5]:ComputeFmllrMatrixDiagGmmFull():fmllr-diag-gmm.cc:262) fMLLR objf improvement is 3.05051 per frame over 23854 frames.
LOG (gmm-est-fmllr[5.5.0~1494-e5a5]:main():gmm-est-fmllr.cc:143) For speaker M0000000019, auxf-impr from fMLLR is 3.05051, over 23854 frames.
LOG (apply-cmvn[5.5.0~1494-e5a5]:main():apply-cmvn.cc:162) Applied cepstral mean normalization to 4021 utterances, errors on 0
LOG (transform-feats[5.5.0~1494-e5a5]:main():transform-feats.cc:158) Overall average [pseudo-]logdet is -28.1793 over 1.77534e+06 frames.
LOG (transform-feats[5.5.0~1494-e5a5]:main():transform-feats.cc:161) Applied transform to 4021 utterances; 0 had errors.
LOG (gmm-est-fmllr[5.5.0~1494-e5a5]:ComputeFmllrMatrixDiagGmmFull():fmllr-diag-gmm.cc:262) fMLLR objf improvement is 2.7384 per frame over 22062 frames.
LOG (gmm-est-fmllr[5.5.0~1494-e5a5]:main():gmm-est-fmllr.cc:143) For speaker M0000000020, auxf-impr from fMLLR is 2.7384, over 22062 frames.
LOG (gmm-est-fmllr[5.5.0~1494-e5a5]:main():gmm-est-fmllr.cc:188) Done 4015 files, 6 with no posts, 0 with other errors.
LOG (gmm-est-fmllr[5.5.0~1494-e5a5]:main():gmm-est-fmllr.cc:190) Overall fMLLR auxf impr per frame is 2.79414 over 1.31252e+06 frames.
# Accounting: time=44 threads=1
# Ended (code 0) at Mon May 17 09:18:56 UTC 2021, elapsed time 44 seconds
