# gmm-est --power=0.2 --write-occs=exp/tri3b/15.occs --mix-up=58160 exp/tri3b/14.mdl "gmm-sum-accs - exp/tri3b/14.*.acc |" exp/tri3b/15.mdl 
# Started at Mon May 17 09:30:53 UTC 2021
#
gmm-est --power=0.2 --write-occs=exp/tri3b/15.occs --mix-up=58160 exp/tri3b/14.mdl 'gmm-sum-accs - exp/tri3b/14.*.acc |' exp/tri3b/15.mdl 
gmm-sum-accs - exp/tri3b/14.1.acc exp/tri3b/14.2.acc exp/tri3b/14.3.acc exp/tri3b/14.4.acc 
LOG (gmm-sum-accs[5.5.0~1494-e5a5]:main():gmm-sum-accs.cc:63) Summed 4 stats, total count 5.63946e+06, avg like/frame -43.5915
LOG (gmm-sum-accs[5.5.0~1494-e5a5]:main():gmm-sum-accs.cc:66) Total count of stats is 5.63946e+06
LOG (gmm-sum-accs[5.5.0~1494-e5a5]:main():gmm-sum-accs.cc:67) Written stats to -
LOG (gmm-est[5.5.0~1494-e5a5]:MleUpdate():transition-model.cc:528) TransitionModel::Update, objf change is -1.0305e-11 per frame over 5.63946e+06 frames. 
LOG (gmm-est[5.5.0~1494-e5a5]:MleUpdate():transition-model.cc:531) 284 probabilities floored, 9912 out of 14249 transition-states skipped due to insuffient data (it is normal to have some skipped.)
LOG (gmm-est[5.5.0~1494-e5a5]:main():gmm-est.cc:102) Transition model update: Overall -1.0305e-11 log-like improvement per frame over 5.63946e+06 frames.
WARNING (gmm-est[5.5.0~1494-e5a5]:MleDiagGmmUpdate():mle-diag-gmm.cc:359) Too little data - removing Gaussian (weight 0.014499, occupation count 9.047672, vector size 40)
WARNING (gmm-est[5.5.0~1494-e5a5]:MleDiagGmmUpdate():mle-diag-gmm.cc:359) Too little data - removing Gaussian (weight 0.019569, occupation count 8.884232, vector size 40)
WARNING (gmm-est[5.5.0~1494-e5a5]:MleDiagGmmUpdate():mle-diag-gmm.cc:359) Too little data - removing Gaussian (weight 0.021368, occupation count 10.000000, vector size 40)
WARNING (gmm-est[5.5.0~1494-e5a5]:MleDiagGmmUpdate():mle-diag-gmm.cc:359) Too little data - removing Gaussian (weight 0.018328, occupation count 7.551055, vector size 40)
WARNING (gmm-est[5.5.0~1494-e5a5]:MleDiagGmmUpdate():mle-diag-gmm.cc:359) Too little data - removing Gaussian (weight 0.010085, occupation count 9.802753, vector size 40)
LOG (gmm-est[5.5.0~1494-e5a5]:MleAmDiagGmmUpdate():mle-am-diag-gmm.cc:225) 0 variance elements floored in 0 Gaussians, out of 53835
LOG (gmm-est[5.5.0~1494-e5a5]:MleAmDiagGmmUpdate():mle-am-diag-gmm.cc:229) Removed 5 Gaussians due to counts < --min-gaussian-occupancy=10 and --remove-low-count-gaussians=true
LOG (gmm-est[5.5.0~1494-e5a5]:main():gmm-est.cc:113) GMM update: Overall 0.148503 objective function improvement per frame over 5.63946e+06 frames
LOG (gmm-est[5.5.0~1494-e5a5]:main():gmm-est.cc:116) GMM update: Overall avg like per frame = -43.5915 over 5.63946e+06 frames.
LOG (gmm-est[5.5.0~1494-e5a5]:SplitByCount():am-diag-gmm.cc:116) Split 1584 states with target = 58160, power = 0.2, perturb_factor = 0.01 and min_count = 20, split #Gauss from 53835 to 58160
LOG (gmm-est[5.5.0~1494-e5a5]:main():gmm-est.cc:146) Written model to exp/tri3b/15.mdl
# Accounting: time=0 threads=1
# Ended (code 0) at Mon May 17 09:30:53 UTC 2021, elapsed time 0 seconds
