# gmm-est --power=0.2 --write-occs=exp/tri3b/23.occs --mix-up=92720 exp/tri3b/22.mdl "gmm-sum-accs - exp/tri3b/22.*.acc |" exp/tri3b/23.mdl 
# Started at Mon May 17 09:37:36 UTC 2021
#
gmm-est --power=0.2 --write-occs=exp/tri3b/23.occs --mix-up=92720 exp/tri3b/22.mdl 'gmm-sum-accs - exp/tri3b/22.*.acc |' exp/tri3b/23.mdl 
gmm-sum-accs - exp/tri3b/22.1.acc exp/tri3b/22.2.acc exp/tri3b/22.3.acc exp/tri3b/22.4.acc 
LOG (gmm-sum-accs[5.5.0~1494-e5a5]:main():gmm-sum-accs.cc:63) Summed 4 stats, total count 5.63976e+06, avg like/frame -41.8344
LOG (gmm-sum-accs[5.5.0~1494-e5a5]:main():gmm-sum-accs.cc:66) Total count of stats is 5.63976e+06
LOG (gmm-sum-accs[5.5.0~1494-e5a5]:main():gmm-sum-accs.cc:67) Written stats to -
LOG (gmm-est[5.5.0~1494-e5a5]:MleUpdate():transition-model.cc:528) TransitionModel::Update, objf change is -2.85353e-12 per frame over 5.63976e+06 frames. 
LOG (gmm-est[5.5.0~1494-e5a5]:MleUpdate():transition-model.cc:531) 277 probabilities floored, 9909 out of 14249 transition-states skipped due to insuffient data (it is normal to have some skipped.)
LOG (gmm-est[5.5.0~1494-e5a5]:main():gmm-est.cc:102) Transition model update: Overall -2.85353e-12 log-like improvement per frame over 5.63976e+06 frames.
WARNING (gmm-est[5.5.0~1494-e5a5]:MleDiagGmmUpdate():mle-diag-gmm.cc:359) Too little data - removing Gaussian (weight 0.010929, occupation count 10.000000, vector size 40)
WARNING (gmm-est[5.5.0~1494-e5a5]:MleDiagGmmUpdate():mle-diag-gmm.cc:359) Too little data - removing Gaussian (weight 0.008439, occupation count 9.282386, vector size 40)
WARNING (gmm-est[5.5.0~1494-e5a5]:MleDiagGmmUpdate():mle-diag-gmm.cc:359) Too little data - removing Gaussian (weight 0.011861, occupation count 9.097237, vector size 40)
WARNING (gmm-est[5.5.0~1494-e5a5]:MleDiagGmmUpdate():mle-diag-gmm.cc:359) Too little data - removing Gaussian (weight 0.009380, occupation count 8.788761, vector size 40)
WARNING (gmm-est[5.5.0~1494-e5a5]:MleDiagGmmUpdate():mle-diag-gmm.cc:359) Too little data - removing Gaussian (weight 0.012030, occupation count 8.986698, vector size 40)
WARNING (gmm-est[5.5.0~1494-e5a5]:MleDiagGmmUpdate():mle-diag-gmm.cc:359) Too little data - removing Gaussian (weight 0.016254, occupation count 8.955740, vector size 40)
WARNING (gmm-est[5.5.0~1494-e5a5]:MleDiagGmmUpdate():mle-diag-gmm.cc:359) Too little data - removing Gaussian (weight 0.011067, occupation count 9.252241, vector size 40)
WARNING (gmm-est[5.5.0~1494-e5a5]:MleDiagGmmUpdate():mle-diag-gmm.cc:359) Too little data - removing Gaussian (weight 0.010060, occupation count 9.808044, vector size 40)
WARNING (gmm-est[5.5.0~1494-e5a5]:MleDiagGmmUpdate():mle-diag-gmm.cc:359) Too little data - removing Gaussian (weight 0.010450, occupation count 9.760183, vector size 40)
WARNING (gmm-est[5.5.0~1494-e5a5]:MleDiagGmmUpdate():mle-diag-gmm.cc:359) Too little data - removing Gaussian (weight 0.009920, occupation count 9.315058, vector size 40)
WARNING (gmm-est[5.5.0~1494-e5a5]:MleDiagGmmUpdate():mle-diag-gmm.cc:359) Too little data - removing Gaussian (weight 0.008636, occupation count 9.913795, vector size 40)
WARNING (gmm-est[5.5.0~1494-e5a5]:MleDiagGmmUpdate():mle-diag-gmm.cc:359) Too little data - removing Gaussian (weight 0.009794, occupation count 9.999893, vector size 40)
WARNING (gmm-est[5.5.0~1494-e5a5]:MleDiagGmmUpdate():mle-diag-gmm.cc:359) Too little data - removing Gaussian (weight 0.011054, occupation count 9.263112, vector size 40)
WARNING (gmm-est[5.5.0~1494-e5a5]:MleDiagGmmUpdate():mle-diag-gmm.cc:359) Too little data - removing Gaussian (weight 0.011655, occupation count 9.650269, vector size 40)
WARNING (gmm-est[5.5.0~1494-e5a5]:MleDiagGmmUpdate():mle-diag-gmm.cc:359) Too little data - removing Gaussian (weight 0.012316, occupation count 9.015303, vector size 40)
WARNING (gmm-est[5.5.0~1494-e5a5]:MleDiagGmmUpdate():mle-diag-gmm.cc:359) Too little data - removing Gaussian (weight 0.010706, occupation count 8.350351, vector size 40)
WARNING (gmm-est[5.5.0~1494-e5a5]:MleDiagGmmUpdate():mle-diag-gmm.cc:359) Too little data - removing Gaussian (weight 0.006701, occupation count 9.408271, vector size 40)
WARNING (gmm-est[5.5.0~1494-e5a5]:MleDiagGmmUpdate():mle-diag-gmm.cc:359) Too little data - removing Gaussian (weight 0.008634, occupation count 9.471534, vector size 40)
WARNING (gmm-est[5.5.0~1494-e5a5]:MleDiagGmmUpdate():mle-diag-gmm.cc:359) Too little data - removing Gaussian (weight 0.010508, occupation count 9.383839, vector size 40)
WARNING (gmm-est[5.5.0~1494-e5a5]:MleDiagGmmUpdate():mle-diag-gmm.cc:359) Too little data - removing Gaussian (weight 0.006307, occupation count 9.642649, vector size 40)
WARNING (gmm-est[5.5.0~1494-e5a5]:MleDiagGmmUpdate():mle-diag-gmm.cc:359) Too little data - removing Gaussian (weight 0.012469, occupation count 9.999996, vector size 40)
WARNING (gmm-est[5.5.0~1494-e5a5]:MleDiagGmmUpdate():mle-diag-gmm.cc:359) Too little data - removing Gaussian (weight 0.008737, occupation count 9.147354, vector size 40)
WARNING (gmm-est[5.5.0~1494-e5a5]:MleDiagGmmUpdate():mle-diag-gmm.cc:359) Too little data - removing Gaussian (weight 0.008264, occupation count 9.544828, vector size 40)
WARNING (gmm-est[5.5.0~1494-e5a5]:MleDiagGmmUpdate():mle-diag-gmm.cc:359) Too little data - removing Gaussian (weight 0.009916, occupation count 9.331173, vector size 40)
WARNING (gmm-est[5.5.0~1494-e5a5]:MleDiagGmmUpdate():mle-diag-gmm.cc:359) Too little data - removing Gaussian (weight 0.007230, occupation count 7.757449, vector size 40)
WARNING (gmm-est[5.5.0~1494-e5a5]:MleDiagGmmUpdate():mle-diag-gmm.cc:359) Too little data - removing Gaussian (weight 0.014429, occupation count 9.999580, vector size 40)
WARNING (gmm-est[5.5.0~1494-e5a5]:MleDiagGmmUpdate():mle-diag-gmm.cc:359) Too little data - removing Gaussian (weight 0.009410, occupation count 8.441105, vector size 40)
LOG (gmm-est[5.5.0~1494-e5a5]:MleAmDiagGmmUpdate():mle-am-diag-gmm.cc:225) 8 variance elements floored in 6 Gaussians, out of 88375
LOG (gmm-est[5.5.0~1494-e5a5]:MleAmDiagGmmUpdate():mle-am-diag-gmm.cc:229) Removed 27 Gaussians due to counts < --min-gaussian-occupancy=10 and --remove-low-count-gaussians=true
LOG (gmm-est[5.5.0~1494-e5a5]:main():gmm-est.cc:113) GMM update: Overall 0.0912012 objective function improvement per frame over 5.63976e+06 frames
LOG (gmm-est[5.5.0~1494-e5a5]:main():gmm-est.cc:116) GMM update: Overall avg like per frame = -41.8344 over 5.63976e+06 frames.
LOG (gmm-est[5.5.0~1494-e5a5]:SplitByCount():am-diag-gmm.cc:116) Split 1584 states with target = 92720, power = 0.2, perturb_factor = 0.01 and min_count = 20, split #Gauss from 88375 to 92722
LOG (gmm-est[5.5.0~1494-e5a5]:main():gmm-est.cc:146) Written model to exp/tri3b/23.mdl
# Accounting: time=1 threads=1
# Ended (code 0) at Mon May 17 09:37:37 UTC 2021, elapsed time 1 seconds
