# gmm-init-model --write-occs=exp/tri1/1.occs exp/tri1/tree exp/tri1/treeacc data/lang/topo exp/tri1/1.mdl 
# Started at Fri Oct 16 17:40:54 UTC 2020
#
gmm-init-model --write-occs=exp/tri1/1.occs exp/tri1/tree exp/tri1/treeacc data/lang/topo exp/tri1/1.mdl 
LOG (gmm-init-model[5.5.0~1494-e5a5]:main():gmm-init-model.cc:271) Number of separate statistics is 95
WARNING (gmm-init-model[5.5.0~1494-e5a5]:InitAmGmm():gmm-init-model.cc:83) Very small count for state 0: 76; corresponding phone list: 1 2 3 4 5 
WARNING (gmm-init-model[5.5.0~1494-e5a5]:InitAmGmm():gmm-init-model.cc:83) Very small count for state 1: 14; corresponding phone list: 6 7 8 9 
WARNING (gmm-init-model[5.5.0~1494-e5a5]:InitAmGmm():gmm-init-model.cc:83) Very small count for state 2: 17; corresponding phone list: 10 11 12 13 
WARNING (gmm-init-model[5.5.0~1494-e5a5]:InitAmGmm():gmm-init-model.cc:83) Very small count for state 3: 43; corresponding phone list: 14 15 16 17 
WARNING (gmm-init-model[5.5.0~1494-e5a5]:InitAmGmm():gmm-init-model.cc:83) Very small count for state 4: 42; corresponding phone list: 18 19 20 21 
WARNING (gmm-init-model[5.5.0~1494-e5a5]:InitAmGmm():gmm-init-model.cc:83) Very small count for state 5: 29; corresponding phone list: 22 23 24 25 
WARNING (gmm-init-model[5.5.0~1494-e5a5]:InitAmGmm():gmm-init-model.cc:83) Very small count for state 6: 25; corresponding phone list: 26 27 28 29 
WARNING (gmm-init-model[5.5.0~1494-e5a5]:InitAmGmm():gmm-init-model.cc:83) Very small count for state 7: 63; corresponding phone list: 30 31 32 33 
WARNING (gmm-init-model[5.5.0~1494-e5a5]:InitAmGmm():gmm-init-model.cc:83) Very small count for state 8: 32; corresponding phone list: 34 35 36 37 
WARNING (gmm-init-model[5.5.0~1494-e5a5]:InitAmGmm():gmm-init-model.cc:83) Very small count for state 9: 29; corresponding phone list: 38 39 40 41 
WARNING (gmm-init-model[5.5.0~1494-e5a5]:InitAmGmm():gmm-init-model.cc:83) Very small count for state 10: 21; corresponding phone list: 42 43 44 45 
WARNING (gmm-init-model[5.5.0~1494-e5a5]:InitAmGmm():gmm-init-model.cc:83) Very small count for state 11: 41; corresponding phone list: 46 47 48 49 
WARNING (gmm-init-model[5.5.0~1494-e5a5]:InitAmGmm():gmm-init-model.cc:83) Very small count for state 12: 3; corresponding phone list: 50 51 52 53 
WARNING (gmm-init-model[5.5.0~1494-e5a5]:InitAmGmm():gmm-init-model.cc:83) Very small count for state 13: 44; corresponding phone list: 54 55 56 57 
WARNING (gmm-init-model[5.5.0~1494-e5a5]:InitAmGmm():gmm-init-model.cc:83) Very small count for state 15: 34; corresponding phone list: 62 63 64 65 
WARNING (gmm-init-model[5.5.0~1494-e5a5]:InitAmGmm():gmm-init-model.cc:83) Very small count for state 20: 56; corresponding phone list: 14 15 16 17 
WARNING (gmm-init-model[5.5.0~1494-e5a5]:InitAmGmm():gmm-init-model.cc:83) Very small count for state 21: 34; corresponding phone list: 54 55 56 57 
WARNING (gmm-init-model[5.5.0~1494-e5a5]:InitAmGmm():gmm-init-model.cc:83) Very small count for state 22: 37; corresponding phone list: 10 11 12 13 
WARNING (gmm-init-model[5.5.0~1494-e5a5]:InitAmGmm():gmm-init-model.cc:83) Very small count for state 23: 57; corresponding phone list: 46 47 48 49 
WARNING (gmm-init-model[5.5.0~1494-e5a5]:InitAmGmm():gmm-init-model.cc:83) Very small count for state 24: 9; corresponding phone list: 18 19 20 21 
WARNING (gmm-init-model[5.5.0~1494-e5a5]:InitAmGmm():gmm-init-model.cc:83) Very small count for state 25: 46; corresponding phone list: 1 2 3 4 5 
WARNING (gmm-init-model[5.5.0~1494-e5a5]:InitAmGmm():gmm-init-model.cc:83) Very small count for state 26: 76; corresponding phone list: 26 27 28 29 
WARNING (gmm-init-model[5.5.0~1494-e5a5]:InitAmGmm():gmm-init-model.cc:83) Very small count for state 27: 76; corresponding phone list: 42 43 44 45 
WARNING (gmm-init-model[5.5.0~1494-e5a5]:InitAmGmm():gmm-init-model.cc:83) Very small count for state 28: 28; corresponding phone list: 34 35 36 37 
WARNING (gmm-init-model[5.5.0~1494-e5a5]:InitAmGmm():gmm-init-model.cc:83) Very small count for state 29: 21; corresponding phone list: 22 23 24 25 
WARNING (gmm-init-model[5.5.0~1494-e5a5]:InitAmGmm():gmm-init-model.cc:83) Very small count for state 30: 25; corresponding phone list: 6 7 8 9 
WARNING (gmm-init-model[5.5.0~1494-e5a5]:InitAmGmm():gmm-init-model.cc:83) Very small count for state 31: 54; corresponding phone list: 10 11 12 13 
LOG (gmm-init-model[5.5.0~1494-e5a5]:main():gmm-init-model.cc:306) Wrote model.
# Accounting: time=0 threads=1
# Ended (code 0) at Fri Oct 16 17:40:54 UTC 2020, elapsed time 0 seconds
