# lattice-scale --inv-acoustic-scale=12 "ark:gunzip -c exp/mono/decode/lat.*.gz|" ark:- | lattice-add-penalty --word-ins-penalty=0.0 ark:- ark:- | lattice-best-path --word-symbol-table=exp/mono/graph/words.txt ark:- ark,t:- | utils/int2sym.pl -f 2- exp/mono/graph/words.txt | cat > exp/mono/decode/scoring_kaldi/penalty_0.0/12.txt 
# Started at Thu Oct 29 18:11:05 UTC 2020
#
lattice-scale --inv-acoustic-scale=12 'ark:gunzip -c exp/mono/decode/lat.*.gz|' ark:- 
lattice-add-penalty --word-ins-penalty=0.0 ark:- ark:- 
lattice-best-path --word-symbol-table=exp/mono/graph/words.txt ark:- ark,t:- 
LOG (lattice-best-path[5.5.0~1494-e5a5]:main():lattice-best-path.cc:99) For utterance uid41, best cost 65.259 + 7270.82 = 7336.08 over 1262 frames.
uid41 กบ ไก่ กา ไก่ กา กา ไก่ กระต่าย กา 
LOG (lattice-best-path[5.5.0~1494-e5a5]:main():lattice-best-path.cc:99) For utterance uid42, best cost 65.9504 + 7482.57 = 7548.52 over 1268 frames.
uid42 กบ กา กา กบ ไก่ กา ไก่ กระต่าย กา 
LOG (lattice-best-path[5.5.0~1494-e5a5]:main():lattice-best-path.cc:99) For utterance uid43, best cost 69.5706 + 7554.61 = 7624.18 over 1312 frames.
uid43 กบ กา กา กบ ไก่ กา ไก่ กระต่าย กา กา 
LOG (lattice-best-path[5.5.0~1494-e5a5]:main():lattice-best-path.cc:99) For utterance uid44, best cost 78.1757 + 7474.28 = 7552.46 over 1256 frames.
uid44 กบ กบ กา กบ กบ กา ไก่ กบ กระต่าย ไก่ 
LOG (lattice-best-path[5.5.0~1494-e5a5]:main():lattice-best-path.cc:99) For utterance uid45, best cost 79.7111 + 8229.15 = 8308.87 over 1308 frames.
uid45 กา กระต่าย กา กา กบ กา กา กา ไก่ กระต่าย กา 
LOG (lattice-best-path[5.5.0~1494-e5a5]:main():lattice-best-path.cc:99) For utterance uid46, best cost 84.2002 + 7194.05 = 7278.25 over 1165 frames.
uid46 กบ กา กา ไก่ กา ไก่ กา ไก่ ไก่ กา กระต่าย 
LOG (lattice-best-path[5.5.0~1494-e5a5]:main():lattice-best-path.cc:99) For utterance uid47, best cost 90.8347 + 7965.79 = 8056.62 over 1310 frames.
uid47 ไก่ กบ กบ กา กา กา กบ ไก่ ไก่ กา ไก่ กา ไก่ กระต่าย 
LOG (lattice-best-path[5.5.0~1494-e5a5]:main():lattice-best-path.cc:99) For utterance uid48, best cost 80.0298 + 7488.11 = 7568.14 over 1253 frames.
uid48 กบ กา กา ไก่ กา กา กา กา กบ กา กระต่าย 
LOG (lattice-best-path[5.5.0~1494-e5a5]:main():lattice-best-path.cc:99) For utterance uid49, best cost 80.6406 + 7708.78 = 7789.42 over 1303 frames.
LOG (lattice-scale[5.5.0~1494-e5a5]:main():lattice-scale.cc:107) Done 16 lattices.
uid49 ไก่ กา กา ไก่ ไก่ ไก่ กา ไก่ ไก่ กา กา กระต่าย 
LOG (lattice-best-path[5.5.0~1494-e5a5]:main():lattice-best-path.cc:99) For utterance uid50, best cost 82.6789 + 7216.41 = 7299.08 over 1214 frames.
uid50 ไก่ กา กา กา กบ ไก่ กบ ไก่ กา ไก่ ไก่ กา 
LOG (lattice-best-path[5.5.0~1494-e5a5]:main():lattice-best-path.cc:99) For utterance uid51, best cost 13.1815 + 2580.92 = 2594.1 over 316 frames.
uid51 กา 
LOG (lattice-best-path[5.5.0~1494-e5a5]:main():lattice-best-path.cc:99) For utterance uid52, best cost 14.4064 + 2101.25 = 2115.66 over 269 frames.
uid52 กบ 
LOG (lattice-best-path[5.5.0~1494-e5a5]:main():lattice-best-path.cc:99) For utterance uid53, best cost 16.6855 + 1425.75 = 1442.43 over 201 frames.
uid53 กบ 
LOG (lattice-add-penalty[5.5.0~1494-e5a5]:main():lattice-add-penalty.cc:62) Done adding word insertion penalty to 16 lattices.
LOG (lattice-best-path[5.5.0~1494-e5a5]:main():lattice-best-path.cc:99) For utterance uid54, best cost 12.877 + 1546.67 = 1559.55 over 237 frames.
uid54 กา กา 
LOG (lattice-best-path[5.5.0~1494-e5a5]:main():lattice-best-path.cc:99) For utterance uid55, best cost 15.8868 + 2009.02 = 2024.91 over 313 frames.
uid55 กา กา 
LOG (lattice-best-path[5.5.0~1494-e5a5]:main():lattice-best-path.cc:99) For utterance uid56, best cost 13.4989 + 1987.12 = 2000.62 over 297 frames.
uid56 กา กระต่าย 
LOG (lattice-best-path[5.5.0~1494-e5a5]:main():lattice-best-path.cc:124) Overall cost per frame is 6.16766 = 0.0604584 [graph] + 6.1072 [acoustic] over 14284 frames.
LOG (lattice-best-path[5.5.0~1494-e5a5]:main():lattice-best-path.cc:128) Done 16 lattices, failed for 0
# Accounting: time=1 threads=1
# Ended (code 0) at Thu Oct 29 18:11:06 UTC 2020, elapsed time 1 seconds
