# lattice-scale --inv-acoustic-scale=11 "ark:gunzip -c exp/mono/decode/lat.*.gz|" ark:- | lattice-add-penalty --word-ins-penalty=0.0 ark:- ark:- | lattice-best-path --word-symbol-table=exp/mono/graph/words.txt ark:- ark,t:- | utils/int2sym.pl -f 2- exp/mono/graph/words.txt | cat > exp/mono/decode/scoring_kaldi/penalty_0.0/11.txt 
# Started at Thu Oct 29 18:11:05 UTC 2020
#
lattice-best-path --word-symbol-table=exp/mono/graph/words.txt ark:- ark,t:- 
lattice-scale --inv-acoustic-scale=11 'ark:gunzip -c exp/mono/decode/lat.*.gz|' ark:- 
lattice-add-penalty --word-ins-penalty=0.0 ark:- ark:- 
LOG (lattice-best-path[5.5.0~1494-e5a5]:main():lattice-best-path.cc:99) For utterance uid41, best cost 65.259 + 7931.8 = 7997.06 over 1262 frames.
uid41 กบ ไก่ กา ไก่ กา กา ไก่ กระต่าย กา 
LOG (lattice-best-path[5.5.0~1494-e5a5]:main():lattice-best-path.cc:99) For utterance uid42, best cost 65.9504 + 8162.81 = 8228.76 over 1268 frames.
uid42 กบ กา กา กบ ไก่ กา ไก่ กระต่าย กา 
LOG (lattice-best-path[5.5.0~1494-e5a5]:main():lattice-best-path.cc:99) For utterance uid43, best cost 70.3172 + 8240.59 = 8310.91 over 1312 frames.
uid43 กบ กา กา กบ ไก่ กา ไก่ กระต่าย กา ไก่ 
LOG (lattice-best-path[5.5.0~1494-e5a5]:main():lattice-best-path.cc:99) For utterance uid44, best cost 78.1757 + 8153.76 = 8231.94 over 1256 frames.
uid44 กบ กบ กา กบ กบ กา ไก่ กบ กระต่าย ไก่ 
LOG (lattice-best-path[5.5.0~1494-e5a5]:main():lattice-best-path.cc:99) For utterance uid45, best cost 79.7111 + 8977.26 = 9056.97 over 1308 frames.
uid45 กา กระต่าย กา กา กบ กา กา กา ไก่ กระต่าย กา 
LOG (lattice-best-path[5.5.0~1494-e5a5]:main():lattice-best-path.cc:99) For utterance uid46, best cost 87.8943 + 7844.06 = 7931.96 over 1165 frames.
uid46 กบ กา กา กา ไก่ กา ไก่ กา ไก่ ไก่ กา กระต่าย 
LOG (lattice-best-path[5.5.0~1494-e5a5]:main():lattice-best-path.cc:99) For utterance uid47, best cost 90.8347 + 8689.95 = 8780.78 over 1310 frames.
uid47 ไก่ กบ กบ กา กา กา กบ ไก่ ไก่ กา ไก่ กา ไก่ กระต่าย 
LOG (lattice-best-path[5.5.0~1494-e5a5]:main():lattice-best-path.cc:99) For utterance uid48, best cost 80.0298 + 8168.84 = 8248.88 over 1253 frames.
uid48 กบ กา กา ไก่ กา กา กา กา กบ กา กระต่าย 
LOG (lattice-scale[5.5.0~1494-e5a5]:main():lattice-scale.cc:107) Done 16 lattices.
LOG (lattice-best-path[5.5.0~1494-e5a5]:main():lattice-best-path.cc:99) For utterance uid49, best cost 84.2442 + 8405.8 = 8490.05 over 1303 frames.
uid49 ไก่ กา กา กา กบ ไก่ ไก่ กา ไก่ ไก่ กา กา กระต่าย 
LOG (lattice-best-path[5.5.0~1494-e5a5]:main():lattice-best-path.cc:99) For utterance uid50, best cost 82.6789 + 7872.44 = 7955.12 over 1214 frames.
LOG (lattice-add-penalty[5.5.0~1494-e5a5]:main():lattice-add-penalty.cc:62) Done adding word insertion penalty to 16 lattices.
uid50 ไก่ กา กา กา กบ ไก่ กบ ไก่ กา ไก่ ไก่ กา 
LOG (lattice-best-path[5.5.0~1494-e5a5]:main():lattice-best-path.cc:99) For utterance uid51, best cost 13.1815 + 2815.55 = 2828.73 over 316 frames.
uid51 กา 
LOG (lattice-best-path[5.5.0~1494-e5a5]:main():lattice-best-path.cc:99) For utterance uid52, best cost 14.4064 + 2292.27 = 2306.68 over 269 frames.
uid52 กบ 
LOG (lattice-best-path[5.5.0~1494-e5a5]:main():lattice-best-path.cc:99) For utterance uid53, best cost 16.6855 + 1555.36 = 1572.04 over 201 frames.
uid53 กบ 
LOG (lattice-best-path[5.5.0~1494-e5a5]:main():lattice-best-path.cc:99) For utterance uid54, best cost 12.877 + 1687.28 = 1700.16 over 237 frames.
uid54 กา กา 
LOG (lattice-best-path[5.5.0~1494-e5a5]:main():lattice-best-path.cc:99) For utterance uid55, best cost 15.8868 + 2191.66 = 2207.54 over 313 frames.
uid55 กา กา 
LOG (lattice-best-path[5.5.0~1494-e5a5]:main():lattice-best-path.cc:99) For utterance uid56, best cost 13.4989 + 2167.77 = 2181.27 over 297 frames.
uid56 กา กระต่าย 
LOG (lattice-best-path[5.5.0~1494-e5a5]:main():lattice-best-path.cc:124) Overall cost per frame is 6.72283 = 0.0610215 [graph] + 6.6618 [acoustic] over 14284 frames.
LOG (lattice-best-path[5.5.0~1494-e5a5]:main():lattice-best-path.cc:128) Done 16 lattices, failed for 0
# Accounting: time=1 threads=1
# Ended (code 0) at Thu Oct 29 18:11:06 UTC 2020, elapsed time 1 seconds
