# lattice-scale --inv-acoustic-scale=8 "ark:gunzip -c exp/mono/decode/lat.*.gz|" ark:- | lattice-add-penalty --word-ins-penalty=0.0 ark:- ark:- | lattice-best-path --word-symbol-table=exp/mono/graph/words.txt ark:- ark,t:- | utils/int2sym.pl -f 2- exp/mono/graph/words.txt | cat > exp/mono/decode/scoring_kaldi/penalty_0.0/8.txt 
# Started at Thu Oct 29 18:11:04 UTC 2020
#
lattice-add-penalty --word-ins-penalty=0.0 ark:- ark:- 
lattice-best-path --word-symbol-table=exp/mono/graph/words.txt ark:- ark,t:- 
lattice-scale --inv-acoustic-scale=8 'ark:gunzip -c exp/mono/decode/lat.*.gz|' ark:- 
LOG (lattice-best-path[5.5.0~1494-e5a5]:main():lattice-best-path.cc:99) For utterance uid41, best cost 65.259 + 10906.2 = 10971.5 over 1262 frames.
uid41 กบ ไก่ กา ไก่ กา กา ไก่ กระต่าย กา 
LOG (lattice-best-path[5.5.0~1494-e5a5]:main():lattice-best-path.cc:99) For utterance uid42, best cost 67.1929 + 11222.3 = 11289.5 over 1268 frames.
uid42 กบ กา กา กบ กา กา ไก่ กระต่าย กา 
LOG (lattice-best-path[5.5.0~1494-e5a5]:main():lattice-best-path.cc:99) For utterance uid43, best cost 70.3172 + 11330.8 = 11401.1 over 1312 frames.
uid43 กบ กา กา กบ ไก่ กา ไก่ กระต่าย กา ไก่ 
LOG (lattice-best-path[5.5.0~1494-e5a5]:main():lattice-best-path.cc:99) For utterance uid44, best cost 78.1757 + 11211.4 = 11289.6 over 1256 frames.
uid44 กบ กบ กา กบ กบ กา ไก่ กบ กระต่าย ไก่ 
LOG (lattice-best-path[5.5.0~1494-e5a5]:main():lattice-best-path.cc:99) For utterance uid45, best cost 90.7779 + 12331.7 = 12422.5 over 1308 frames.
uid45 กา กระต่าย กา กา กบ กา กา กา ไก่ ไก่ กระต่าย ไก่ กา 
LOG (lattice-best-path[5.5.0~1494-e5a5]:main():lattice-best-path.cc:99) For utterance uid46, best cost 91.6671 + 10780.5 = 10872.1 over 1165 frames.
uid46 กบ กา กา กา ไก่ กา ไก่ กา ไก่ ไก่ กา กระต่าย กา 
LOG (lattice-best-path[5.5.0~1494-e5a5]:main():lattice-best-path.cc:99) For utterance uid47, best cost 92.3386 + 11946.8 = 12039.1 over 1310 frames.
uid47 ไก่ กบ กบ กา กา กา กบ ไก่ กา กา ไก่ กา ไก่ กระต่าย 
LOG (lattice-best-path[5.5.0~1494-e5a5]:main():lattice-best-path.cc:99) For utterance uid48, best cost 80.5383 + 11231.5 = 11312 over 1253 frames.
uid48 กบ ไก่ กา ไก่ กา กา กา กา กบ กา กระต่าย 
LOG (lattice-scale[5.5.0~1494-e5a5]:main():lattice-scale.cc:107) Done 16 lattices.
LOG (lattice-best-path[5.5.0~1494-e5a5]:main():lattice-best-path.cc:99) For utterance uid49, best cost 84.2442 + 11558 = 11642.2 over 1303 frames.
uid49 ไก่ กา กา กา กบ ไก่ ไก่ กา ไก่ ไก่ กา กา กระต่าย 
LOG (lattice-best-path[5.5.0~1494-e5a5]:main():lattice-best-path.cc:99) For utterance uid50, best cost 82.6789 + 10824.6 = 10907.3 over 1214 frames.
LOG (lattice-add-penalty[5.5.0~1494-e5a5]:main():lattice-add-penalty.cc:62) Done adding word insertion penalty to 16 lattices.
uid50 ไก่ กา กา กา กบ ไก่ กบ ไก่ กา ไก่ ไก่ กา 
LOG (lattice-best-path[5.5.0~1494-e5a5]:main():lattice-best-path.cc:99) For utterance uid51, best cost 19.9961 + 3862.73 = 3882.73 over 316 frames.
uid51 กา กา 
LOG (lattice-best-path[5.5.0~1494-e5a5]:main():lattice-best-path.cc:99) For utterance uid52, best cost 18.2005 + 3147.98 = 3166.18 over 269 frames.
uid52 กา กบ 
LOG (lattice-best-path[5.5.0~1494-e5a5]:main():lattice-best-path.cc:99) For utterance uid53, best cost 16.6855 + 2138.62 = 2155.3 over 201 frames.
uid53 กบ 
LOG (lattice-best-path[5.5.0~1494-e5a5]:main():lattice-best-path.cc:99) For utterance uid54, best cost 12.877 + 2320.01 = 2332.89 over 237 frames.
uid54 กา กา 
LOG (lattice-best-path[5.5.0~1494-e5a5]:main():lattice-best-path.cc:99) For utterance uid55, best cost 15.8868 + 3013.53 = 3029.42 over 313 frames.
uid55 กา กา 
LOG (lattice-best-path[5.5.0~1494-e5a5]:main():lattice-best-path.cc:99) For utterance uid56, best cost 13.4989 + 2980.69 = 2994.18 over 297 frames.
uid56 กา กระต่าย 
LOG (lattice-best-path[5.5.0~1494-e5a5]:main():lattice-best-path.cc:124) Overall cost per frame is 9.22064 = 0.063031 [graph] + 9.15761 [acoustic] over 14284 frames.
LOG (lattice-best-path[5.5.0~1494-e5a5]:main():lattice-best-path.cc:128) Done 16 lattices, failed for 0
# Accounting: time=1 threads=1
# Ended (code 0) at Thu Oct 29 18:11:05 UTC 2020, elapsed time 1 seconds
