# lattice-scale --inv-acoustic-scale=10 "ark:gunzip -c exp/tri1/decode/lat.*.gz|" ark:- | lattice-add-penalty --word-ins-penalty=1.0 ark:- ark:- | lattice-best-path --word-symbol-table=exp/tri1/graph/words.txt ark:- ark,t:- | utils/int2sym.pl -f 2- exp/tri1/graph/words.txt | cat > exp/tri1/decode/scoring_kaldi/penalty_1.0/10.txt 
# Started at Mon Oct 12 02:53:30 UTC 2020
#
lattice-best-path --word-symbol-table=exp/tri1/graph/words.txt ark:- ark,t:- 
lattice-add-penalty --word-ins-penalty=1.0 ark:- ark:- 
lattice-scale --inv-acoustic-scale=10 'ark:gunzip -c exp/tri1/decode/lat.*.gz|' ark:- 
LOG (lattice-best-path[5.5.0~1494-e5a5]:main():lattice-best-path.cc:99) For utterance uid11, best cost 29.915 + 2623.27 = 2653.18 over 342 frames.
uid11 มี ประชุม วันนี้ 
LOG (lattice-best-path[5.5.0~1494-e5a5]:main():lattice-best-path.cc:99) For utterance uid12, best cost 46.0791 + 2730.3 = 2776.38 over 357 frames.
uid12 นั่ง ทำงาน มี นัด ดี 
LOG (lattice-best-path[5.5.0~1494-e5a5]:main():lattice-best-path.cc:99) For utterance uid13, best cost 34.7528 + 2992.29 = 3027.04 over 387 frames.
uid13 ขั้น ตอน ถัด ไป 
LOG (lattice-best-path[5.5.0~1494-e5a5]:main():lattice-best-path.cc:99) For utterance uid14, best cost 36.01 + 2466.75 = 2502.76 over 316 frames.
uid14 พรุ่งนี้ หยุด งาน 
LOG (lattice-best-path[5.5.0~1494-e5a5]:main():lattice-best-path.cc:99) For utterance uid15, best cost 43.5489 + 2775.2 = 2818.75 over 372 frames.
uid15 อาหาร ไทย ร้าน ดี 
LOG (lattice-best-path[5.5.0~1494-e5a5]:main():lattice-best-path.cc:99) For utterance uid16, best cost 48.1026 + 2603.79 = 2651.89 over 345 frames.
uid16 เรา มี นัด กี่ โมง 
LOG (lattice-best-path[5.5.0~1494-e5a5]:main():lattice-best-path.cc:99) For utterance uid17, best cost 41.0134 + 2408.61 = 2449.63 over 320 frames.
uid17 ถาม ตาราง นัด 
LOG (lattice-best-path[5.5.0~1494-e5a5]:main():lattice-best-path.cc:99) For utterance uid18, best cost 42.2934 + 3031.02 = 3073.31 over 380 frames.
uid18 ร้าน อร่อย ใน จุฬา 
LOG (lattice-best-path[5.5.0~1494-e5a5]:main():lattice-best-path.cc:99) For utterance uid19, best cost 72.4693 + 2999.92 = 3072.39 over 335 frames.
uid19 ร้าน ใน ตอน ถัด ร้าน ถอย หลัง ถอย 
LOG (lattice-scale[5.5.0~1494-e5a5]:main():lattice-scale.cc:107) Done 10 lattices.
LOG (lattice-best-path[5.5.0~1494-e5a5]:main():lattice-best-path.cc:99) For utterance uid20, best cost 27.9861 + 4474.77 = 4502.75 over 573 frames.
uid20 วันนี้ ถัด 
LOG (lattice-add-penalty[5.5.0~1494-e5a5]:main():lattice-add-penalty.cc:62) Done adding word insertion penalty to 10 lattices.
LOG (lattice-best-path[5.5.0~1494-e5a5]:main():lattice-best-path.cc:124) Overall cost per frame is 7.92275 = 0.113274 [graph] + 7.80948 [acoustic] over 3727 frames.
LOG (lattice-best-path[5.5.0~1494-e5a5]:main():lattice-best-path.cc:128) Done 10 lattices, failed for 0
# Accounting: time=0 threads=1
# Ended (code 0) at Mon Oct 12 02:53:30 UTC 2020, elapsed time 0 seconds
