# build-tree --verbose=1 --max-leaves=2000 --cluster-thresh=-1 exp/tri1/treeacc data/lang/phones/roots.int exp/tri1/questions.qst data/lang/topo exp/tri1/tree 
# Started at Sun Oct 18 14:34:31 UTC 2020
#
build-tree --verbose=1 --max-leaves=2000 --cluster-thresh=-1 exp/tri1/treeacc data/lang/phones/roots.int exp/tri1/questions.qst data/lang/topo exp/tri1/tree 
LOG (build-tree[5.5.0~1494-e5a5]:main():build-tree.cc:104) Number of separate statistics is 95
LOG (build-tree[5.5.0~1494-e5a5]:BuildTree():build-tree.cc:161) BuildTree: before building trees, map has 16 leaves.
LOG (build-tree[5.5.0~1494-e5a5]:SplitDecisionTree():build-tree-utils.cc:577) DoDecisionTreeSplit: split 17 times, #leaves now 33
LOG (build-tree[5.5.0~1494-e5a5]:BuildTree():build-tree.cc:187) Setting clustering threshold to smallest split 301.747
VLOG[1] (build-tree[5.5.0~1494-e5a5]:BuildTree():build-tree.cc:196) After decision tree split, num-leaves = 33, like-impr = 6.85749 per frame over 2816 frames.
VLOG[1] (build-tree[5.5.0~1494-e5a5]:BuildTree():build-tree.cc:200) Including just phones that were split, improvement is 6.85749 per frame over 2816 frames.
LOG (build-tree[5.5.0~1494-e5a5]:BuildTree():build-tree.cc:215) BuildTree: removed 1 leaves.
VLOG[1] (build-tree[5.5.0~1494-e5a5]:ClusterEventMapToNClustersRestrictedByMap():build-tree-utils.cc:914) Number of non-empty clusters in map = 16
VLOG[1] (build-tree[5.5.0~1494-e5a5]:ClusterEventMapToNClustersRestrictedByMap():build-tree-utils.cc:915) Number of non-empty clusters = 32
VLOG[1] (build-tree[5.5.0~1494-e5a5]:BuildTree():build-tree.cc:256) Objf change due to clustering -0.107156 per frame.
VLOG[1] (build-tree[5.5.0~1494-e5a5]:BuildTree():build-tree.cc:259) Normalizing over only split phones, this is: -0.107156 per frame.
VLOG[1] (build-tree[5.5.0~1494-e5a5]:BuildTree():build-tree.cc:262) Num-leaves is now 32
VLOG[1] (build-tree[5.5.0~1494-e5a5]:main():build-tree.cc:143) For pdf-id 0, low count 76
VLOG[1] (build-tree[5.5.0~1494-e5a5]:main():build-tree.cc:143) For pdf-id 1, low count 14
VLOG[1] (build-tree[5.5.0~1494-e5a5]:main():build-tree.cc:143) For pdf-id 2, low count 17
VLOG[1] (build-tree[5.5.0~1494-e5a5]:main():build-tree.cc:143) For pdf-id 3, low count 43
VLOG[1] (build-tree[5.5.0~1494-e5a5]:main():build-tree.cc:143) For pdf-id 4, low count 42
VLOG[1] (build-tree[5.5.0~1494-e5a5]:main():build-tree.cc:143) For pdf-id 5, low count 29
VLOG[1] (build-tree[5.5.0~1494-e5a5]:main():build-tree.cc:143) For pdf-id 6, low count 25
VLOG[1] (build-tree[5.5.0~1494-e5a5]:main():build-tree.cc:143) For pdf-id 7, low count 63
VLOG[1] (build-tree[5.5.0~1494-e5a5]:main():build-tree.cc:143) For pdf-id 8, low count 32
VLOG[1] (build-tree[5.5.0~1494-e5a5]:main():build-tree.cc:143) For pdf-id 9, low count 29
VLOG[1] (build-tree[5.5.0~1494-e5a5]:main():build-tree.cc:143) For pdf-id 10, low count 21
VLOG[1] (build-tree[5.5.0~1494-e5a5]:main():build-tree.cc:143) For pdf-id 11, low count 41
VLOG[1] (build-tree[5.5.0~1494-e5a5]:main():build-tree.cc:143) For pdf-id 12, low count 3
VLOG[1] (build-tree[5.5.0~1494-e5a5]:main():build-tree.cc:143) For pdf-id 13, low count 44
VLOG[1] (build-tree[5.5.0~1494-e5a5]:main():build-tree.cc:143) For pdf-id 15, low count 34
VLOG[1] (build-tree[5.5.0~1494-e5a5]:main():build-tree.cc:143) For pdf-id 20, low count 56
VLOG[1] (build-tree[5.5.0~1494-e5a5]:main():build-tree.cc:143) For pdf-id 21, low count 34
VLOG[1] (build-tree[5.5.0~1494-e5a5]:main():build-tree.cc:143) For pdf-id 22, low count 37
VLOG[1] (build-tree[5.5.0~1494-e5a5]:main():build-tree.cc:143) For pdf-id 23, low count 57
VLOG[1] (build-tree[5.5.0~1494-e5a5]:main():build-tree.cc:143) For pdf-id 24, low count 9
VLOG[1] (build-tree[5.5.0~1494-e5a5]:main():build-tree.cc:143) For pdf-id 25, low count 46
VLOG[1] (build-tree[5.5.0~1494-e5a5]:main():build-tree.cc:143) For pdf-id 26, low count 76
VLOG[1] (build-tree[5.5.0~1494-e5a5]:main():build-tree.cc:143) For pdf-id 27, low count 76
VLOG[1] (build-tree[5.5.0~1494-e5a5]:main():build-tree.cc:143) For pdf-id 28, low count 28
VLOG[1] (build-tree[5.5.0~1494-e5a5]:main():build-tree.cc:143) For pdf-id 29, low count 21
VLOG[1] (build-tree[5.5.0~1494-e5a5]:main():build-tree.cc:143) For pdf-id 30, low count 25
VLOG[1] (build-tree[5.5.0~1494-e5a5]:main():build-tree.cc:143) For pdf-id 31, low count 54
WARNING (build-tree[5.5.0~1494-e5a5]:main():build-tree.cc:185) Saw no stats for following phones: 2 3 4 5 6 7 9 10 11 13 14 15 17 18 19 21 22 24 25 26 27 29 31 32 33 34 35 37 38 40 41 42 45 46 49 50 51 53 54 56 57 58 59 61 62 63 65 
LOG (build-tree[5.5.0~1494-e5a5]:main():build-tree.cc:189) Wrote tree
# Accounting: time=0 threads=1
# Ended (code 0) at Sun Oct 18 14:34:31 UTC 2020, elapsed time 0 seconds
